<?xml version="1.0" encoding="UTF-8"?>
<testsuite name="uk.ac.sheffield.com1003.cafe.TestCafeTask4" tests="5" skipped="0" failures="0" errors="0" timestamp="2024-03-18T23:12:12" hostname="Ruizhens-MacBook-Pro.local" time="0.002">
  <properties/>
  <testcase name="printPendingOrderSingle" classname="uk.ac.sheffield.com1003.cafe.TestCafeTask4" time="0.0"/>
  <testcase name="printPendingOrdersEmpty" classname="uk.ac.sheffield.com1003.cafe.TestCafeTask4" time="0.0"/>
  <testcase name="printPendingOrdersMultiple" classname="uk.ac.sheffield.com1003.cafe.TestCafeTask4" time="0.001"/>
  <testcase name="printPendingOrdersAfterServing" classname="uk.ac.sheffield.com1003.cafe.TestCafeTask4" time="0.0"/>
  <testcase name="printPendingOrderSingleRelaxed" classname="uk.ac.sheffield.com1003.cafe.TestCafeTask4" time="0.001"/>
  <system-out><![CDATA[]]></system-out>
  <system-err><![CDATA[]]></system-err>
</testsuite>
