<?xml version="1.0" encoding="UTF-8"?>
<testsuite name="uk.ac.sheffield.com1003.cafe.TestWaterConstructor" tests="1" skipped="0" failures="1" errors="0" timestamp="2024-03-18T21:55:50" hostname="Ruizhens-MacBook-Pro.local" time="0.004">
  <properties/>
  <testcase name="testWaterConstructor" classname="uk.ac.sheffield.com1003.cafe.TestWaterConstructor" time="0.004">
    <failure message="java.lang.StackOverflowError" type="java.lang.StackOverflowError">java.lang.StackOverflowError
	at uk.ac.sheffield.com1003.cafe.ingredients.Water.&lt;init&gt;(Water.java:9)
	at uk.ac.sheffield.com1003.cafe.ingredients.Water.&lt;init&gt;(Water.java:9)
	at uk.ac.sheffield.com1003.cafe.ingredients.Water.&lt;init&gt;(Water.java:9)
	at uk.ac.sheffield.com1003.cafe.ingredients.Water.&lt;init&gt;(Water.java:9)
	at uk.ac.sheffield.com1003.cafe.ingredients.Water.&lt;init&gt;(Water.java:9)
	at uk.ac.sheffield.com1003.cafe.ingredients.Water.&lt;init&gt;(Water.java:9)
	at uk.ac.sheffield.com1003.cafe.ingredients.Water.&lt;init&gt;(Water.java:9)
	at uk.ac.sheffield.com1003.cafe.ingredients.Water.&lt;init&gt;(Water.java:9)
	at uk.ac.sheffield.com1003.cafe.ingredients.Water.&lt;init&gt;(Water.java:9)
	at uk.ac.sheffield.com1003.cafe.ingredients.Water.&lt;init&gt;(Water.java:9)
	at uk.ac.sheffield.com1003.cafe.ingredients.Water.&lt;init&gt;(Water.java:9)
	at uk.ac.sheffield.com1003.cafe.ingredients.Water.&lt;init&gt;(Water.java:9)
	at uk.ac.sheffield.com1003.cafe.ingredients.Water.&lt;init&gt;(Water.java:9)
	at uk.ac.sheffield.com1003.cafe.ingredients.Water.&lt;init&gt;(Water.java:9)
	at uk.ac.sheffield.com1003.cafe.ingredients.Water.&lt;init&gt;(Water.java:9)
	at uk.ac.sheffield.com1003.cafe.ingredients.Water.&lt;init&gt;(Water.java:9)
	at uk.ac.sheffield.com1003.cafe.ingredients.Water.&lt;init&gt;(Water.java:9)
	at uk.ac.sheffield.com1003.cafe.ingredients.Water.&lt;init&gt;(Water.java:9)
	at uk.ac.sheffield.com1003.cafe.ingredients.Water.&lt;init&gt;(Water.java:9)
	at uk.ac.sheffield.com1003.cafe.ingredients.Water.&lt;init&gt;(Water.java:9)
	at uk.ac.sheffield.com1003.cafe.ingredients.Water.&lt;init&gt;(Water.java:9)
	at uk.ac.sheffield.com1003.cafe.ingredients.Water.&lt;init&gt;(Water.java:9)
	at uk.ac.sheffield.com1003.cafe.ingredients.Water.&lt;init&gt;(Water.java:9)
	at uk.ac.sheffield.com1003.cafe.ingredients.Water.&lt;init&gt;(Water.java:9)
	at uk.ac.sheffield.com1003.cafe.ingredients.Water.&lt;init&gt;(Water.java:9)
	at uk.ac.sheffield.com1003.cafe.ingredients.Water.&lt;init&gt;(Water.java:9)
	at uk.ac.sheffield.com1003.cafe.ingredients.Water.&lt;init&gt;(Water.java:9)
	at uk.ac.sheffield.com1003.cafe.ingredients.Water.&lt;init&gt;(Water.java:9)
	at uk.ac.sheffield.com1003.cafe.ingredients.Water.&lt;init&gt;(Water.java:9)
	at uk.ac.sheffield.com1003.cafe.ingredients.Water.&lt;init&gt;(Water.java:9)
	at uk.ac.sheffield.com1003.cafe.ingredients.Water.&lt;init&gt;(Water.java:9)
	at uk.ac.sheffield.com1003.cafe.ingredients.Water.&lt;init&gt;(Water.java:9)
	at uk.ac.sheffield.com1003.cafe.ingredients.Water.&lt;init&gt;(Water.java:9)
	at uk.ac.sheffield.com1003.cafe.ingredients.Water.&lt;init&gt;(Water.java:9)
	at uk.ac.sheffield.com1003.cafe.ingredients.Water.&lt;init&gt;(Water.java:9)
	at uk.ac.sheffield.com1003.cafe.ingredients.Water.&lt;init&gt;(Water.java:9)
	at uk.ac.sheffield.com1003.cafe.ingredients.Water.&lt;init&gt;(Water.java:9)
	at uk.ac.sheffield.com1003.cafe.ingredients.Water.&lt;init&gt;(Water.java:9)
	at uk.ac.sheffield.com1003.cafe.ingredients.Water.&lt;init&gt;(Water.java:9)
	at uk.ac.sheffield.com1003.cafe.ingredients.Water.&lt;init&gt;(Water.java:9)
	at uk.ac.sheffield.com1003.cafe.ingredients.Water.&lt;init&gt;(Water.java:9)
	at uk.ac.sheffield.com1003.cafe.ingredients.Water.&lt;init&gt;(Water.java:9)
	at uk.ac.sheffield.com1003.cafe.ingredients.Water.&lt;init&gt;(Water.java:9)
	at uk.ac.sheffield.com1003.cafe.ingredients.Water.&lt;init&gt;(Water.java:9)
	at uk.ac.sheffield.com1003.cafe.ingredients.Water.&lt;init&gt;(Water.java:9)
	at uk.ac.sheffield.com1003.cafe.ingredients.Water.&lt;init&gt;(Water.java:9)
	at uk.ac.sheffield.com1003.cafe.ingredients.Water.&lt;init&gt;(Water.java:9)
	at uk.ac.sheffield.com1003.cafe.ingredients.Water.&lt;init&gt;(Water.java:9)
	at uk.ac.sheffield.com1003.cafe.ingredients.Water.&lt;init&gt;(Water.java:9)
	at uk.ac.sheffield.com1003.cafe.ingredients.Water.&lt;init&gt;(Water.java:9)
	at uk.ac.sheffield.com1003.cafe.ingredients.Water.&lt;init&gt;(Water.java:9)
	at uk.ac.sheffield.com1003.cafe.ingredients.Water.&lt;init&gt;(Water.java:9)
	at uk.ac.sheffield.com1003.cafe.ingredients.Water.&lt;init&gt;(Water.java:9)
	at uk.ac.sheffield.com1003.cafe.ingredients.Water.&lt;init&gt;(Water.java:9)
	at uk.ac.sheffield.com1003.cafe.ingredients.Water.&lt;init&gt;(Water.java:9)
	at uk.ac.sheffield.com1003.cafe.ingredients.Water.&lt;init&gt;(Water.java:9)
	at uk.ac.sheffield.com1003.cafe.ingredients.Water.&lt;init&gt;(Water.java:9)
	at uk.ac.sheffield.com1003.cafe.ingredients.Water.&lt;init&gt;(Water.java:9)
	at uk.ac.sheffield.com1003.cafe.ingredients.Water.&lt;init&gt;(Water.java:9)
	at uk.ac.sheffield.com1003.cafe.ingredients.Water.&lt;init&gt;(Water.java:9)
	at uk.ac.sheffield.com1003.cafe.ingredients.Water.&lt;init&gt;(Water.java:9)
	at uk.ac.sheffield.com1003.cafe.ingredients.Water.&lt;init&gt;(Water.java:9)
	at uk.ac.sheffield.com1003.cafe.ingredients.Water.&lt;init&gt;(Water.java:9)
	at uk.ac.sheffield.com1003.cafe.ingredients.Water.&lt;init&gt;(Water.java:9)
	at uk.ac.sheffield.com1003.cafe.ingredients.Water.&lt;init&gt;(Water.java:9)
	at uk.ac.sheffield.com1003.cafe.ingredients.Water.&lt;init&gt;(Water.java:9)
	at uk.ac.sheffield.com1003.cafe.ingredients.Water.&lt;init&gt;(Water.java:9)
	at uk.ac.sheffield.com1003.cafe.ingredients.Water.&lt;init&gt;(Water.java:9)
	at uk.ac.sheffield.com1003.cafe.ingredients.Water.&lt;init&gt;(Water.java:9)
	at uk.ac.sheffield.com1003.cafe.ingredients.Water.&lt;init&gt;(Water.java:9)
	at uk.ac.sheffield.com1003.cafe.ingredients.Water.&lt;init&gt;(Water.java:9)
	at uk.ac.sheffield.com1003.cafe.ingredients.Water.&lt;init&gt;(Water.java:9)
	at uk.ac.sheffield.com1003.cafe.ingredients.Water.&lt;init&gt;(Water.java:9)
	at uk.ac.sheffield.com1003.cafe.ingredients.Water.&lt;init&gt;(Water.java:9)
	at uk.ac.sheffield.com1003.cafe.ingredients.Water.&lt;init&gt;(Water.java:9)
	at uk.ac.sheffield.com1003.cafe.ingredients.Water.&lt;init&gt;(Water.java:9)
	at uk.ac.sheffield.com1003.cafe.ingredients.Water.&lt;init&gt;(Water.java:9)
	at uk.ac.sheffield.com1003.cafe.ingredients.Water.&lt;init&gt;(Water.java:9)
	at uk.ac.sheffield.com1003.cafe.ingredients.Water.&lt;init&gt;(Water.java:9)
	at uk.ac.sheffield.com1003.cafe.ingredients.Water.&lt;init&gt;(Water.java:9)
	at uk.ac.sheffield.com1003.cafe.ingredients.Water.&lt;init&gt;(Water.java:9)
	at uk.ac.sheffield.com1003.cafe.ingredients.Water.&lt;init&gt;(Water.java:9)
	at uk.ac.sheffield.com1003.cafe.ingredients.Water.&lt;init&gt;(Water.java:9)
	at uk.ac.sheffield.com1003.cafe.ingredients.Water.&lt;init&gt;(Water.java:9)
	at uk.ac.sheffield.com1003.cafe.ingredients.Water.&lt;init&gt;(Water.java:9)
	at uk.ac.sheffield.com1003.cafe.ingredients.Water.&lt;init&gt;(Water.java:9)
	at uk.ac.sheffield.com1003.cafe.ingredients.Water.&lt;init&gt;(Water.java:9)
	at uk.ac.sheffield.com1003.cafe.ingredients.Water.&lt;init&gt;(Water.java:9)
	at uk.ac.sheffield.com1003.cafe.ingredients.Water.&lt;init&gt;(Water.java:9)
	at uk.ac.sheffield.com1003.cafe.ingredients.Water.&lt;init&gt;(Water.java:9)
	at uk.ac.sheffield.com1003.cafe.ingredients.Water.&lt;init&gt;(Water.java:9)
	at uk.ac.sheffield.com1003.cafe.ingredients.Water.&lt;init&gt;(Water.java:9)
	at uk.ac.sheffield.com1003.cafe.ingredients.Water.&lt;init&gt;(Water.java:9)
	at uk.ac.sheffield.com1003.cafe.ingredients.Water.&lt;init&gt;(Water.java:9)
	at uk.ac.sheffield.com1003.cafe.ingredients.Water.&lt;init&gt;(Water.java:9)
	at uk.ac.sheffield.com1003.cafe.ingredients.Water.&lt;init&gt;(Water.java:9)
	at uk.ac.sheffield.com1003.cafe.ingredients.Water.&lt;init&gt;(Water.java:9)
	at uk.ac.sheffield.com1003.cafe.ingredients.Water.&lt;init&gt;(Water.java:9)
	at uk.ac.sheffield.com1003.cafe.ingredients.Water.&lt;init&gt;(Water.java:9)
	at uk.ac.sheffield.com1003.cafe.ingredients.Water.&lt;init&gt;(Water.java:9)
	at uk.ac.sheffield.com1003.cafe.ingredients.Water.&lt;init&gt;(Water.java:9)
	at uk.ac.sheffield.com1003.cafe.ingredients.Water.&lt;init&gt;(Water.java:9)
	at uk.ac.sheffield.com1003.cafe.ingredients.Water.&lt;init&gt;(Water.java:9)
	at uk.ac.sheffield.com1003.cafe.ingredients.Water.&lt;init&gt;(Water.java:9)
	at uk.ac.sheffield.com1003.cafe.ingredients.Water.&lt;init&gt;(Water.java:9)
	at uk.ac.sheffield.com1003.cafe.ingredients.Water.&lt;init&gt;(Water.java:9)
	at uk.ac.sheffield.com1003.cafe.ingredients.Water.&lt;init&gt;(Water.java:9)
	at uk.ac.sheffield.com1003.cafe.ingredients.Water.&lt;init&gt;(Water.java:9)
	at uk.ac.sheffield.com1003.cafe.ingredients.Water.&lt;init&gt;(Water.java:9)
	at uk.ac.sheffield.com1003.cafe.ingredients.Water.&lt;init&gt;(Water.java:9)
	at uk.ac.sheffield.com1003.cafe.ingredients.Water.&lt;init&gt;(Water.java:9)
	at uk.ac.sheffield.com1003.cafe.ingredients.Water.&lt;init&gt;(Water.java:9)
	at uk.ac.sheffield.com1003.cafe.ingredients.Water.&lt;init&gt;(Water.java:9)
	at uk.ac.sheffield.com1003.cafe.ingredients.Water.&lt;init&gt;(Water.java:9)
	at uk.ac.sheffield.com1003.cafe.ingredients.Water.&lt;init&gt;(Water.java:9)
	at uk.ac.sheffield.com1003.cafe.ingredients.Water.&lt;init&gt;(Water.java:9)
	at uk.ac.sheffield.com1003.cafe.ingredients.Water.&lt;init&gt;(Water.java:9)
	at uk.ac.sheffield.com1003.cafe.ingredients.Water.&lt;init&gt;(Water.java:9)
	at uk.ac.sheffield.com1003.cafe.ingredients.Water.&lt;init&gt;(Water.java:9)
	at uk.ac.sheffield.com1003.cafe.ingredients.Water.&lt;init&gt;(Water.java:9)
	at uk.ac.sheffield.com1003.cafe.ingredients.Water.&lt;init&gt;(Water.java:9)
	at uk.ac.sheffield.com1003.cafe.ingredients.Water.&lt;init&gt;(Water.java:9)
	at uk.ac.sheffield.com1003.cafe.ingredients.Water.&lt;init&gt;(Water.java:9)
	at uk.ac.sheffield.com1003.cafe.ingredients.Water.&lt;init&gt;(Water.java:9)
	at uk.ac.sheffield.com1003.cafe.ingredients.Water.&lt;init&gt;(Water.java:9)
	at uk.ac.sheffield.com1003.cafe.ingredients.Water.&lt;init&gt;(Water.java:9)
	at uk.ac.sheffield.com1003.cafe.ingredients.Water.&lt;init&gt;(Water.java:9)
	at uk.ac.sheffield.com1003.cafe.ingredients.Water.&lt;init&gt;(Water.java:9)
	at uk.ac.sheffield.com1003.cafe.ingredients.Water.&lt;init&gt;(Water.java:9)
	at uk.ac.sheffield.com1003.cafe.ingredients.Water.&lt;init&gt;(Water.java:9)
	at uk.ac.sheffield.com1003.cafe.ingredients.Water.&lt;init&gt;(Water.java:9)
	at uk.ac.sheffield.com1003.cafe.ingredients.Water.&lt;init&gt;(Water.java:9)
	at uk.ac.sheffield.com1003.cafe.ingredients.Water.&lt;init&gt;(Water.java:9)
	at uk.ac.sheffield.com1003.cafe.ingredients.Water.&lt;init&gt;(Water.java:9)
	at uk.ac.sheffield.com1003.cafe.ingredients.Water.&lt;init&gt;(Water.java:9)
	at uk.ac.sheffield.com1003.cafe.ingredients.Water.&lt;init&gt;(Water.java:9)
	at uk.ac.sheffield.com1003.cafe.ingredients.Water.&lt;init&gt;(Water.java:9)
	at uk.ac.sheffield.com1003.cafe.ingredients.Water.&lt;init&gt;(Water.java:9)
	at uk.ac.sheffield.com1003.cafe.ingredients.Water.&lt;init&gt;(Water.java:9)
	at uk.ac.sheffield.com1003.cafe.ingredients.Water.&lt;init&gt;(Water.java:9)
	at uk.ac.sheffield.com1003.cafe.ingredients.Water.&lt;init&gt;(Water.java:9)
	at uk.ac.sheffield.com1003.cafe.ingredients.Water.&lt;init&gt;(Water.java:9)
	at uk.ac.sheffield.com1003.cafe.ingredients.Water.&lt;init&gt;(Water.java:9)
	at uk.ac.sheffield.com1003.cafe.ingredients.Water.&lt;init&gt;(Water.java:9)
	at uk.ac.sheffield.com1003.cafe.ingredients.Water.&lt;init&gt;(Water.java:9)
	at uk.ac.sheffield.com1003.cafe.ingredients.Water.&lt;init&gt;(Water.java:9)
	at uk.ac.sheffield.com1003.cafe.ingredients.Water.&lt;init&gt;(Water.java:9)
	at uk.ac.sheffield.com1003.cafe.ingredients.Water.&lt;init&gt;(Water.java:9)
	at uk.ac.sheffield.com1003.cafe.ingredients.Water.&lt;init&gt;(Water.java:9)
	at uk.ac.sheffield.com1003.cafe.ingredients.Water.&lt;init&gt;(Water.java:9)
	at uk.ac.sheffield.com1003.cafe.ingredients.Water.&lt;init&gt;(Water.java:9)
	at uk.ac.sheffield.com1003.cafe.ingredients.Water.&lt;init&gt;(Water.java:9)
	at uk.ac.sheffield.com1003.cafe.ingredients.Water.&lt;init&gt;(Water.java:9)
	at uk.ac.sheffield.com1003.cafe.ingredients.Water.&lt;init&gt;(Water.java:9)
	at uk.ac.sheffield.com1003.cafe.ingredients.Water.&lt;init&gt;(Water.java:9)
	at uk.ac.sheffield.com1003.cafe.ingredients.Water.&lt;init&gt;(Water.java:9)
	at uk.ac.sheffield.com1003.cafe.ingredients.Water.&lt;init&gt;(Water.java:9)
	at uk.ac.sheffield.com1003.cafe.ingredients.Water.&lt;init&gt;(Water.java:9)
	at uk.ac.sheffield.com1003.cafe.ingredients.Water.&lt;init&gt;(Water.java:9)
	at uk.ac.sheffield.com1003.cafe.ingredients.Water.&lt;init&gt;(Water.java:9)
	at uk.ac.sheffield.com1003.cafe.ingredients.Water.&lt;init&gt;(Water.java:9)
	at uk.ac.sheffield.com1003.cafe.ingredients.Water.&lt;init&gt;(Water.java:9)
	at uk.ac.sheffield.com1003.cafe.ingredients.Water.&lt;init&gt;(Water.java:9)
	at uk.ac.sheffield.com1003.cafe.ingredients.Water.&lt;init&gt;(Water.java:9)
	at uk.ac.sheffield.com1003.cafe.ingredients.Water.&lt;init&gt;(Water.java:9)
	at uk.ac.sheffield.com1003.cafe.ingredients.Water.&lt;init&gt;(Water.java:9)
	at uk.ac.sheffield.com1003.cafe.ingredients.Water.&lt;init&gt;(Water.java:9)
	at uk.ac.sheffield.com1003.cafe.ingredients.Water.&lt;init&gt;(Water.java:9)
	at uk.ac.sheffield.com1003.cafe.ingredients.Water.&lt;init&gt;(Water.java:9)
	at uk.ac.sheffield.com1003.cafe.ingredients.Water.&lt;init&gt;(Water.java:9)
	at uk.ac.sheffield.com1003.cafe.ingredients.Water.&lt;init&gt;(Water.java:9)
	at uk.ac.sheffield.com1003.cafe.ingredients.Water.&lt;init&gt;(Water.java:9)
	at uk.ac.sheffield.com1003.cafe.ingredients.Water.&lt;init&gt;(Water.java:9)
	at uk.ac.sheffield.com1003.cafe.ingredients.Water.&lt;init&gt;(Water.java:9)
	at uk.ac.sheffield.com1003.cafe.ingredients.Water.&lt;init&gt;(Water.java:9)
	at uk.ac.sheffield.com1003.cafe.ingredients.Water.&lt;init&gt;(Water.java:9)
	at uk.ac.sheffield.com1003.cafe.ingredients.Water.&lt;init&gt;(Water.java:9)
	at uk.ac.sheffield.com1003.cafe.ingredients.Water.&lt;init&gt;(Water.java:9)
	at uk.ac.sheffield.com1003.cafe.ingredients.Water.&lt;init&gt;(Water.java:9)
	at uk.ac.sheffield.com1003.cafe.ingredients.Water.&lt;init&gt;(Water.java:9)
	at uk.ac.sheffield.com1003.cafe.ingredients.Water.&lt;init&gt;(Water.java:9)
	at uk.ac.sheffield.com1003.cafe.ingredients.Water.&lt;init&gt;(Water.java:9)
	at uk.ac.sheffield.com1003.cafe.ingredients.Water.&lt;init&gt;(Water.java:9)
	at uk.ac.sheffield.com1003.cafe.ingredients.Water.&lt;init&gt;(Water.java:9)
	at uk.ac.sheffield.com1003.cafe.ingredients.Water.&lt;init&gt;(Water.java:9)
	at uk.ac.sheffield.com1003.cafe.ingredients.Water.&lt;init&gt;(Water.java:9)
	at uk.ac.sheffield.com1003.cafe.ingredients.Water.&lt;init&gt;(Water.java:9)
	at uk.ac.sheffield.com1003.cafe.ingredients.Water.&lt;init&gt;(Water.java:9)
	at uk.ac.sheffield.com1003.cafe.ingredients.Water.&lt;init&gt;(Water.java:9)
	at uk.ac.sheffield.com1003.cafe.ingredients.Water.&lt;init&gt;(Water.java:9)
	at uk.ac.sheffield.com1003.cafe.ingredients.Water.&lt;init&gt;(Water.java:9)
	at uk.ac.sheffield.com1003.cafe.ingredients.Water.&lt;init&gt;(Water.java:9)
	at uk.ac.sheffield.com1003.cafe.ingredients.Water.&lt;init&gt;(Water.java:9)
	at uk.ac.sheffield.com1003.cafe.ingredients.Water.&lt;init&gt;(Water.java:9)
	at uk.ac.sheffield.com1003.cafe.ingredients.Water.&lt;init&gt;(Water.java:9)
	at uk.ac.sheffield.com1003.cafe.ingredients.Water.&lt;init&gt;(Water.java:9)
	at uk.ac.sheffield.com1003.cafe.ingredients.Water.&lt;init&gt;(Water.java:9)
	at uk.ac.sheffield.com1003.cafe.ingredients.Water.&lt;init&gt;(Water.java:9)
	at uk.ac.sheffield.com1003.cafe.ingredients.Water.&lt;init&gt;(Water.java:9)
	at uk.ac.sheffield.com1003.cafe.ingredients.Water.&lt;init&gt;(Water.java:9)
	at uk.ac.sheffield.com1003.cafe.ingredients.Water.&lt;init&gt;(Water.java:9)
	at uk.ac.sheffield.com1003.cafe.ingredients.Water.&lt;init&gt;(Water.java:9)
	at uk.ac.sheffield.com1003.cafe.ingredients.Water.&lt;init&gt;(Water.java:9)
	at uk.ac.sheffield.com1003.cafe.ingredients.Water.&lt;init&gt;(Water.java:9)
	at uk.ac.sheffield.com1003.cafe.ingredients.Water.&lt;init&gt;(Water.java:9)
	at uk.ac.sheffield.com1003.cafe.ingredients.Water.&lt;init&gt;(Water.java:9)
	at uk.ac.sheffield.com1003.cafe.ingredients.Water.&lt;init&gt;(Water.java:9)
	at uk.ac.sheffield.com1003.cafe.ingredients.Water.&lt;init&gt;(Water.java:9)
	at uk.ac.sheffield.com1003.cafe.ingredients.Water.&lt;init&gt;(Water.java:9)
	at uk.ac.sheffield.com1003.cafe.ingredients.Water.&lt;init&gt;(Water.java:9)
	at uk.ac.sheffield.com1003.cafe.ingredients.Water.&lt;init&gt;(Water.java:9)
	at uk.ac.sheffield.com1003.cafe.ingredients.Water.&lt;init&gt;(Water.java:9)
	at uk.ac.sheffield.com1003.cafe.ingredients.Water.&lt;init&gt;(Water.java:9)
	at uk.ac.sheffield.com1003.cafe.ingredients.Water.&lt;init&gt;(Water.java:9)
	at uk.ac.sheffield.com1003.cafe.ingredients.Water.&lt;init&gt;(Water.java:9)
	at uk.ac.sheffield.com1003.cafe.ingredients.Water.&lt;init&gt;(Water.java:9)
	at uk.ac.sheffield.com1003.cafe.ingredients.Water.&lt;init&gt;(Water.java:9)
	at uk.ac.sheffield.com1003.cafe.ingredients.Water.&lt;init&gt;(Water.java:9)
	at uk.ac.sheffield.com1003.cafe.ingredients.Water.&lt;init&gt;(Water.java:9)
	at uk.ac.sheffield.com1003.cafe.ingredients.Water.&lt;init&gt;(Water.java:9)
	at uk.ac.sheffield.com1003.cafe.ingredients.Water.&lt;init&gt;(Water.java:9)
	at uk.ac.sheffield.com1003.cafe.ingredients.Water.&lt;init&gt;(Water.java:9)
	at uk.ac.sheffield.com1003.cafe.ingredients.Water.&lt;init&gt;(Water.java:9)
	at uk.ac.sheffield.com1003.cafe.ingredients.Water.&lt;init&gt;(Water.java:9)
	at uk.ac.sheffield.com1003.cafe.ingredients.Water.&lt;init&gt;(Water.java:9)
	at uk.ac.sheffield.com1003.cafe.ingredients.Water.&lt;init&gt;(Water.java:9)
	at uk.ac.sheffield.com1003.cafe.ingredients.Water.&lt;init&gt;(Water.java:9)
	at uk.ac.sheffield.com1003.cafe.ingredients.Water.&lt;init&gt;(Water.java:9)
	at uk.ac.sheffield.com1003.cafe.ingredients.Water.&lt;init&gt;(Water.java:9)
	at uk.ac.sheffield.com1003.cafe.ingredients.Water.&lt;init&gt;(Water.java:9)
	at uk.ac.sheffield.com1003.cafe.ingredients.Water.&lt;init&gt;(Water.java:9)
	at uk.ac.sheffield.com1003.cafe.ingredients.Water.&lt;init&gt;(Water.java:9)
	at uk.ac.sheffield.com1003.cafe.ingredients.Water.&lt;init&gt;(Water.java:9)
	at uk.ac.sheffield.com1003.cafe.ingredients.Water.&lt;init&gt;(Water.java:9)
	at uk.ac.sheffield.com1003.cafe.ingredients.Water.&lt;init&gt;(Water.java:9)
	at uk.ac.sheffield.com1003.cafe.ingredients.Water.&lt;init&gt;(Water.java:9)
	at uk.ac.sheffield.com1003.cafe.ingredients.Water.&lt;init&gt;(Water.java:9)
	at uk.ac.sheffield.com1003.cafe.ingredients.Water.&lt;init&gt;(Water.java:9)
	at uk.ac.sheffield.com1003.cafe.ingredients.Water.&lt;init&gt;(Water.java:9)
	at uk.ac.sheffield.com1003.cafe.ingredients.Water.&lt;init&gt;(Water.java:9)
	at uk.ac.sheffield.com1003.cafe.ingredients.Water.&lt;init&gt;(Water.java:9)
	at uk.ac.sheffield.com1003.cafe.ingredients.Water.&lt;init&gt;(Water.java:9)
	at uk.ac.sheffield.com1003.cafe.ingredients.Water.&lt;init&gt;(Water.java:9)
	at uk.ac.sheffield.com1003.cafe.ingredients.Water.&lt;init&gt;(Water.java:9)
	at uk.ac.sheffield.com1003.cafe.ingredients.Water.&lt;init&gt;(Water.java:9)
	at uk.ac.sheffield.com1003.cafe.ingredients.Water.&lt;init&gt;(Water.java:9)
	at uk.ac.sheffield.com1003.cafe.ingredients.Water.&lt;init&gt;(Water.java:9)
	at uk.ac.sheffield.com1003.cafe.ingredients.Water.&lt;init&gt;(Water.java:9)
	at uk.ac.sheffield.com1003.cafe.ingredients.Water.&lt;init&gt;(Water.java:9)
	at uk.ac.sheffield.com1003.cafe.ingredients.Water.&lt;init&gt;(Water.java:9)
	at uk.ac.sheffield.com1003.cafe.ingredients.Water.&lt;init&gt;(Water.java:9)
	at uk.ac.sheffield.com1003.cafe.ingredients.Water.&lt;init&gt;(Water.java:9)
	at uk.ac.sheffield.com1003.cafe.ingredients.Water.&lt;init&gt;(Water.java:9)
	at uk.ac.sheffield.com1003.cafe.ingredients.Water.&lt;init&gt;(Water.java:9)
	at uk.ac.sheffield.com1003.cafe.ingredients.Water.&lt;init&gt;(Water.java:9)
	at uk.ac.sheffield.com1003.cafe.ingredients.Water.&lt;init&gt;(Water.java:9)
	at uk.ac.sheffield.com1003.cafe.ingredients.Water.&lt;init&gt;(Water.java:9)
	at uk.ac.sheffield.com1003.cafe.ingredients.Water.&lt;init&gt;(Water.java:9)
	at uk.ac.sheffield.com1003.cafe.ingredients.Water.&lt;init&gt;(Water.java:9)
	at uk.ac.sheffield.com1003.cafe.ingredients.Water.&lt;init&gt;(Water.java:9)
	at uk.ac.sheffield.com1003.cafe.ingredients.Water.&lt;init&gt;(Water.java:9)
	at uk.ac.sheffield.com1003.cafe.ingredients.Water.&lt;init&gt;(Water.java:9)
	at uk.ac.sheffield.com1003.cafe.ingredients.Water.&lt;init&gt;(Water.java:9)
	at uk.ac.sheffield.com1003.cafe.ingredients.Water.&lt;init&gt;(Water.java:9)
	at uk.ac.sheffield.com1003.cafe.ingredients.Water.&lt;init&gt;(Water.java:9)
	at uk.ac.sheffield.com1003.cafe.ingredients.Water.&lt;init&gt;(Water.java:9)
	at uk.ac.sheffield.com1003.cafe.ingredients.Water.&lt;init&gt;(Water.java:9)
	at uk.ac.sheffield.com1003.cafe.ingredients.Water.&lt;init&gt;(Water.java:9)
	at uk.ac.sheffield.com1003.cafe.ingredients.Water.&lt;init&gt;(Water.java:9)
	at uk.ac.sheffield.com1003.cafe.ingredients.Water.&lt;init&gt;(Water.java:9)
	at uk.ac.sheffield.com1003.cafe.ingredients.Water.&lt;init&gt;(Water.java:9)
	at uk.ac.sheffield.com1003.cafe.ingredients.Water.&lt;init&gt;(Water.java:9)
	at uk.ac.sheffield.com1003.cafe.ingredients.Water.&lt;init&gt;(Water.java:9)
	at uk.ac.sheffield.com1003.cafe.ingredients.Water.&lt;init&gt;(Water.java:9)
	at uk.ac.sheffield.com1003.cafe.ingredients.Water.&lt;init&gt;(Water.java:9)
	at uk.ac.sheffield.com1003.cafe.ingredients.Water.&lt;init&gt;(Water.java:9)
	at uk.ac.sheffield.com1003.cafe.ingredients.Water.&lt;init&gt;(Water.java:9)
	at uk.ac.sheffield.com1003.cafe.ingredients.Water.&lt;init&gt;(Water.java:9)
	at uk.ac.sheffield.com1003.cafe.ingredients.Water.&lt;init&gt;(Water.java:9)
	at uk.ac.sheffield.com1003.cafe.ingredients.Water.&lt;init&gt;(Water.java:9)
	at uk.ac.sheffield.com1003.cafe.ingredients.Water.&lt;init&gt;(Water.java:9)
	at uk.ac.sheffield.com1003.cafe.ingredients.Water.&lt;init&gt;(Water.java:9)
	at uk.ac.sheffield.com1003.cafe.ingredients.Water.&lt;init&gt;(Water.java:9)
	at uk.ac.sheffield.com1003.cafe.ingredients.Water.&lt;init&gt;(Water.java:9)
	at uk.ac.sheffield.com1003.cafe.ingredients.Water.&lt;init&gt;(Water.java:9)
	at uk.ac.sheffield.com1003.cafe.ingredients.Water.&lt;init&gt;(Water.java:9)
	at uk.ac.sheffield.com1003.cafe.ingredients.Water.&lt;init&gt;(Water.java:9)
	at uk.ac.sheffield.com1003.cafe.ingredients.Water.&lt;init&gt;(Water.java:9)
	at uk.ac.sheffield.com1003.cafe.ingredients.Water.&lt;init&gt;(Water.java:9)
	at uk.ac.sheffield.com1003.cafe.ingredients.Water.&lt;init&gt;(Water.java:9)
	at uk.ac.sheffield.com1003.cafe.ingredients.Water.&lt;init&gt;(Water.java:9)
	at uk.ac.sheffield.com1003.cafe.ingredients.Water.&lt;init&gt;(Water.java:9)
	at uk.ac.sheffield.com1003.cafe.ingredients.Water.&lt;init&gt;(Water.java:9)
	at uk.ac.sheffield.com1003.cafe.ingredients.Water.&lt;init&gt;(Water.java:9)
	at uk.ac.sheffield.com1003.cafe.ingredients.Water.&lt;init&gt;(Water.java:9)
	at uk.ac.sheffield.com1003.cafe.ingredients.Water.&lt;init&gt;(Water.java:9)
	at uk.ac.sheffield.com1003.cafe.ingredients.Water.&lt;init&gt;(Water.java:9)
	at uk.ac.sheffield.com1003.cafe.ingredients.Water.&lt;init&gt;(Water.java:9)
	at uk.ac.sheffield.com1003.cafe.ingredients.Water.&lt;init&gt;(Water.java:9)
	at uk.ac.sheffield.com1003.cafe.ingredients.Water.&lt;init&gt;(Water.java:9)
	at uk.ac.sheffield.com1003.cafe.ingredients.Water.&lt;init&gt;(Water.java:9)
	at uk.ac.sheffield.com1003.cafe.ingredients.Water.&lt;init&gt;(Water.java:9)
	at uk.ac.sheffield.com1003.cafe.ingredients.Water.&lt;init&gt;(Water.java:9)
	at uk.ac.sheffield.com1003.cafe.ingredients.Water.&lt;init&gt;(Water.java:9)
	at uk.ac.sheffield.com1003.cafe.ingredients.Water.&lt;init&gt;(Water.java:9)
	at uk.ac.sheffield.com1003.cafe.ingredients.Water.&lt;init&gt;(Water.java:9)
	at uk.ac.sheffield.com1003.cafe.ingredients.Water.&lt;init&gt;(Water.java:9)
	at uk.ac.sheffield.com1003.cafe.ingredients.Water.&lt;init&gt;(Water.java:9)
	at uk.ac.sheffield.com1003.cafe.ingredients.Water.&lt;init&gt;(Water.java:9)
	at uk.ac.sheffield.com1003.cafe.ingredients.Water.&lt;init&gt;(Water.java:9)
	at uk.ac.sheffield.com1003.cafe.ingredients.Water.&lt;init&gt;(Water.java:9)
	at uk.ac.sheffield.com1003.cafe.ingredients.Water.&lt;init&gt;(Water.java:9)
	at uk.ac.sheffield.com1003.cafe.ingredients.Water.&lt;init&gt;(Water.java:9)
	at uk.ac.sheffield.com1003.cafe.ingredients.Water.&lt;init&gt;(Water.java:9)
	at uk.ac.sheffield.com1003.cafe.ingredients.Water.&lt;init&gt;(Water.java:9)
	at uk.ac.sheffield.com1003.cafe.ingredients.Water.&lt;init&gt;(Water.java:9)
	at uk.ac.sheffield.com1003.cafe.ingredients.Water.&lt;init&gt;(Water.java:9)
	at uk.ac.sheffield.com1003.cafe.ingredients.Water.&lt;init&gt;(Water.java:9)
	at uk.ac.sheffield.com1003.cafe.ingredients.Water.&lt;init&gt;(Water.java:9)
	at uk.ac.sheffield.com1003.cafe.ingredients.Water.&lt;init&gt;(Water.java:9)
	at uk.ac.sheffield.com1003.cafe.ingredients.Water.&lt;init&gt;(Water.java:9)
	at uk.ac.sheffield.com1003.cafe.ingredients.Water.&lt;init&gt;(Water.java:9)
	at uk.ac.sheffield.com1003.cafe.ingredients.Water.&lt;init&gt;(Water.java:9)
	at uk.ac.sheffield.com1003.cafe.ingredients.Water.&lt;init&gt;(Water.java:9)
	at uk.ac.sheffield.com1003.cafe.ingredients.Water.&lt;init&gt;(Water.java:9)
	at uk.ac.sheffield.com1003.cafe.ingredients.Water.&lt;init&gt;(Water.java:9)
	at uk.ac.sheffield.com1003.cafe.ingredients.Water.&lt;init&gt;(Water.java:9)
	at uk.ac.sheffield.com1003.cafe.ingredients.Water.&lt;init&gt;(Water.java:9)
	at uk.ac.sheffield.com1003.cafe.ingredients.Water.&lt;init&gt;(Water.java:9)
	at uk.ac.sheffield.com1003.cafe.ingredients.Water.&lt;init&gt;(Water.java:9)
	at uk.ac.sheffield.com1003.cafe.ingredients.Water.&lt;init&gt;(Water.java:9)
	at uk.ac.sheffield.com1003.cafe.ingredients.Water.&lt;init&gt;(Water.java:9)
	at uk.ac.sheffield.com1003.cafe.ingredients.Water.&lt;init&gt;(Water.java:9)
	at uk.ac.sheffield.com1003.cafe.ingredients.Water.&lt;init&gt;(Water.java:9)
	at uk.ac.sheffield.com1003.cafe.ingredients.Water.&lt;init&gt;(Water.java:9)
	at uk.ac.sheffield.com1003.cafe.ingredients.Water.&lt;init&gt;(Water.java:9)
	at uk.ac.sheffield.com1003.cafe.ingredients.Water.&lt;init&gt;(Water.java:9)
	at uk.ac.sheffield.com1003.cafe.ingredients.Water.&lt;init&gt;(Water.java:9)
	at uk.ac.sheffield.com1003.cafe.ingredients.Water.&lt;init&gt;(Water.java:9)
	at uk.ac.sheffield.com1003.cafe.ingredients.Water.&lt;init&gt;(Water.java:9)
	at uk.ac.sheffield.com1003.cafe.ingredients.Water.&lt;init&gt;(Water.java:9)
	at uk.ac.sheffield.com1003.cafe.ingredients.Water.&lt;init&gt;(Water.java:9)
	at uk.ac.sheffield.com1003.cafe.ingredients.Water.&lt;init&gt;(Water.java:9)
	at uk.ac.sheffield.com1003.cafe.ingredients.Water.&lt;init&gt;(Water.java:9)
	at uk.ac.sheffield.com1003.cafe.ingredients.Water.&lt;init&gt;(Water.java:9)
	at uk.ac.sheffield.com1003.cafe.ingredients.Water.&lt;init&gt;(Water.java:9)
	at uk.ac.sheffield.com1003.cafe.ingredients.Water.&lt;init&gt;(Water.java:9)
	at uk.ac.sheffield.com1003.cafe.ingredients.Water.&lt;init&gt;(Water.java:9)
	at uk.ac.sheffield.com1003.cafe.ingredients.Water.&lt;init&gt;(Water.java:9)
	at uk.ac.sheffield.com1003.cafe.ingredients.Water.&lt;init&gt;(Water.java:9)
	at uk.ac.sheffield.com1003.cafe.ingredients.Water.&lt;init&gt;(Water.java:9)
	at uk.ac.sheffield.com1003.cafe.ingredients.Water.&lt;init&gt;(Water.java:9)
	at uk.ac.sheffield.com1003.cafe.ingredients.Water.&lt;init&gt;(Water.java:9)
	at uk.ac.sheffield.com1003.cafe.ingredients.Water.&lt;init&gt;(Water.java:9)
	at uk.ac.sheffield.com1003.cafe.ingredients.Water.&lt;init&gt;(Water.java:9)
	at uk.ac.sheffield.com1003.cafe.ingredients.Water.&lt;init&gt;(Water.java:9)
	at uk.ac.sheffield.com1003.cafe.ingredients.Water.&lt;init&gt;(Water.java:9)
	at uk.ac.sheffield.com1003.cafe.ingredients.Water.&lt;init&gt;(Water.java:9)
	at uk.ac.sheffield.com1003.cafe.ingredients.Water.&lt;init&gt;(Water.java:9)
	at uk.ac.sheffield.com1003.cafe.ingredients.Water.&lt;init&gt;(Water.java:9)
	at uk.ac.sheffield.com1003.cafe.ingredients.Water.&lt;init&gt;(Water.java:9)
	at uk.ac.sheffield.com1003.cafe.ingredients.Water.&lt;init&gt;(Water.java:9)
	at uk.ac.sheffield.com1003.cafe.ingredients.Water.&lt;init&gt;(Water.java:9)
	at uk.ac.sheffield.com1003.cafe.ingredients.Water.&lt;init&gt;(Water.java:9)
	at uk.ac.sheffield.com1003.cafe.ingredients.Water.&lt;init&gt;(Water.java:9)
	at uk.ac.sheffield.com1003.cafe.ingredients.Water.&lt;init&gt;(Water.java:9)
	at uk.ac.sheffield.com1003.cafe.ingredients.Water.&lt;init&gt;(Water.java:9)
	at uk.ac.sheffield.com1003.cafe.ingredients.Water.&lt;init&gt;(Water.java:9)
	at uk.ac.sheffield.com1003.cafe.ingredients.Water.&lt;init&gt;(Water.java:9)
	at uk.ac.sheffield.com1003.cafe.ingredients.Water.&lt;init&gt;(Water.java:9)
	at uk.ac.sheffield.com1003.cafe.ingredients.Water.&lt;init&gt;(Water.java:9)
	at uk.ac.sheffield.com1003.cafe.ingredients.Water.&lt;init&gt;(Water.java:9)
	at uk.ac.sheffield.com1003.cafe.ingredients.Water.&lt;init&gt;(Water.java:9)
	at uk.ac.sheffield.com1003.cafe.ingredients.Water.&lt;init&gt;(Water.java:9)
	at uk.ac.sheffield.com1003.cafe.ingredients.Water.&lt;init&gt;(Water.java:9)
	at uk.ac.sheffield.com1003.cafe.ingredients.Water.&lt;init&gt;(Water.java:9)
	at uk.ac.sheffield.com1003.cafe.ingredients.Water.&lt;init&gt;(Water.java:9)
	at uk.ac.sheffield.com1003.cafe.ingredients.Water.&lt;init&gt;(Water.java:9)
	at uk.ac.sheffield.com1003.cafe.ingredients.Water.&lt;init&gt;(Water.java:9)
	at uk.ac.sheffield.com1003.cafe.ingredients.Water.&lt;init&gt;(Water.java:9)
	at uk.ac.sheffield.com1003.cafe.ingredients.Water.&lt;init&gt;(Water.java:9)
	at uk.ac.sheffield.com1003.cafe.ingredients.Water.&lt;init&gt;(Water.java:9)
	at uk.ac.sheffield.com1003.cafe.ingredients.Water.&lt;init&gt;(Water.java:9)
	at uk.ac.sheffield.com1003.cafe.ingredients.Water.&lt;init&gt;(Water.java:9)
	at uk.ac.sheffield.com1003.cafe.ingredients.Water.&lt;init&gt;(Water.java:9)
	at uk.ac.sheffield.com1003.cafe.ingredients.Water.&lt;init&gt;(Water.java:9)
	at uk.ac.sheffield.com1003.cafe.ingredients.Water.&lt;init&gt;(Water.java:9)
	at uk.ac.sheffield.com1003.cafe.ingredients.Water.&lt;init&gt;(Water.java:9)
	at uk.ac.sheffield.com1003.cafe.ingredients.Water.&lt;init&gt;(Water.java:9)
	at uk.ac.sheffield.com1003.cafe.ingredients.Water.&lt;init&gt;(Water.java:9)
	at uk.ac.sheffield.com1003.cafe.ingredients.Water.&lt;init&gt;(Water.java:9)
	at uk.ac.sheffield.com1003.cafe.ingredients.Water.&lt;init&gt;(Water.java:9)
	at uk.ac.sheffield.com1003.cafe.ingredients.Water.&lt;init&gt;(Water.java:9)
	at uk.ac.sheffield.com1003.cafe.ingredients.Water.&lt;init&gt;(Water.java:9)
	at uk.ac.sheffield.com1003.cafe.ingredients.Water.&lt;init&gt;(Water.java:9)
	at uk.ac.sheffield.com1003.cafe.ingredients.Water.&lt;init&gt;(Water.java:9)
	at uk.ac.sheffield.com1003.cafe.ingredients.Water.&lt;init&gt;(Water.java:9)
	at uk.ac.sheffield.com1003.cafe.ingredients.Water.&lt;init&gt;(Water.java:9)
	at uk.ac.sheffield.com1003.cafe.ingredients.Water.&lt;init&gt;(Water.java:9)
	at uk.ac.sheffield.com1003.cafe.ingredients.Water.&lt;init&gt;(Water.java:9)
	at uk.ac.sheffield.com1003.cafe.ingredients.Water.&lt;init&gt;(Water.java:9)
	at uk.ac.sheffield.com1003.cafe.ingredients.Water.&lt;init&gt;(Water.java:9)
	at uk.ac.sheffield.com1003.cafe.ingredients.Water.&lt;init&gt;(Water.java:9)
	at uk.ac.sheffield.com1003.cafe.ingredients.Water.&lt;init&gt;(Water.java:9)
	at uk.ac.sheffield.com1003.cafe.ingredients.Water.&lt;init&gt;(Water.java:9)
	at uk.ac.sheffield.com1003.cafe.ingredients.Water.&lt;init&gt;(Water.java:9)
	at uk.ac.sheffield.com1003.cafe.ingredients.Water.&lt;init&gt;(Water.java:9)
	at uk.ac.sheffield.com1003.cafe.ingredients.Water.&lt;init&gt;(Water.java:9)
	at uk.ac.sheffield.com1003.cafe.ingredients.Water.&lt;init&gt;(Water.java:9)
	at uk.ac.sheffield.com1003.cafe.ingredients.Water.&lt;init&gt;(Water.java:9)
	at uk.ac.sheffield.com1003.cafe.ingredients.Water.&lt;init&gt;(Water.java:9)
	at uk.ac.sheffield.com1003.cafe.ingredients.Water.&lt;init&gt;(Water.java:9)
	at uk.ac.sheffield.com1003.cafe.ingredients.Water.&lt;init&gt;(Water.java:9)
	at uk.ac.sheffield.com1003.cafe.ingredients.Water.&lt;init&gt;(Water.java:9)
	at uk.ac.sheffield.com1003.cafe.ingredients.Water.&lt;init&gt;(Water.java:9)
	at uk.ac.sheffield.com1003.cafe.ingredients.Water.&lt;init&gt;(Water.java:9)
	at uk.ac.sheffield.com1003.cafe.ingredients.Water.&lt;init&gt;(Water.java:9)
	at uk.ac.sheffield.com1003.cafe.ingredients.Water.&lt;init&gt;(Water.java:9)
	at uk.ac.sheffield.com1003.cafe.ingredients.Water.&lt;init&gt;(Water.java:9)
	at uk.ac.sheffield.com1003.cafe.ingredients.Water.&lt;init&gt;(Water.java:9)
	at uk.ac.sheffield.com1003.cafe.ingredients.Water.&lt;init&gt;(Water.java:9)
	at uk.ac.sheffield.com1003.cafe.ingredients.Water.&lt;init&gt;(Water.java:9)
	at uk.ac.sheffield.com1003.cafe.ingredients.Water.&lt;init&gt;(Water.java:9)
	at uk.ac.sheffield.com1003.cafe.ingredients.Water.&lt;init&gt;(Water.java:9)
	at uk.ac.sheffield.com1003.cafe.ingredients.Water.&lt;init&gt;(Water.java:9)
	at uk.ac.sheffield.com1003.cafe.ingredients.Water.&lt;init&gt;(Water.java:9)
	at uk.ac.sheffield.com1003.cafe.ingredients.Water.&lt;init&gt;(Water.java:9)
	at uk.ac.sheffield.com1003.cafe.ingredients.Water.&lt;init&gt;(Water.java:9)
	at uk.ac.sheffield.com1003.cafe.ingredients.Water.&lt;init&gt;(Water.java:9)
	at uk.ac.sheffield.com1003.cafe.ingredients.Water.&lt;init&gt;(Water.java:9)
	at uk.ac.sheffield.com1003.cafe.ingredients.Water.&lt;init&gt;(Water.java:9)
	at uk.ac.sheffield.com1003.cafe.ingredients.Water.&lt;init&gt;(Water.java:9)
	at uk.ac.sheffield.com1003.cafe.ingredients.Water.&lt;init&gt;(Water.java:9)
	at uk.ac.sheffield.com1003.cafe.ingredients.Water.&lt;init&gt;(Water.java:9)
	at uk.ac.sheffield.com1003.cafe.ingredients.Water.&lt;init&gt;(Water.java:9)
	at uk.ac.sheffield.com1003.cafe.ingredients.Water.&lt;init&gt;(Water.java:9)
	at uk.ac.sheffield.com1003.cafe.ingredients.Water.&lt;init&gt;(Water.java:9)
	at uk.ac.sheffield.com1003.cafe.ingredients.Water.&lt;init&gt;(Water.java:9)
	at uk.ac.sheffield.com1003.cafe.ingredients.Water.&lt;init&gt;(Water.java:9)
	at uk.ac.sheffield.com1003.cafe.ingredients.Water.&lt;init&gt;(Water.java:9)
	at uk.ac.sheffield.com1003.cafe.ingredients.Water.&lt;init&gt;(Water.java:9)
	at uk.ac.sheffield.com1003.cafe.ingredients.Water.&lt;init&gt;(Water.java:9)
	at uk.ac.sheffield.com1003.cafe.ingredients.Water.&lt;init&gt;(Water.java:9)
	at uk.ac.sheffield.com1003.cafe.ingredients.Water.&lt;init&gt;(Water.java:9)
	at uk.ac.sheffield.com1003.cafe.ingredients.Water.&lt;init&gt;(Water.java:9)
	at uk.ac.sheffield.com1003.cafe.ingredients.Water.&lt;init&gt;(Water.java:9)
	at uk.ac.sheffield.com1003.cafe.ingredients.Water.&lt;init&gt;(Water.java:9)
	at uk.ac.sheffield.com1003.cafe.ingredients.Water.&lt;init&gt;(Water.java:9)
	at uk.ac.sheffield.com1003.cafe.ingredients.Water.&lt;init&gt;(Water.java:9)
	at uk.ac.sheffield.com1003.cafe.ingredients.Water.&lt;init&gt;(Water.java:9)
	at uk.ac.sheffield.com1003.cafe.ingredients.Water.&lt;init&gt;(Water.java:9)
	at uk.ac.sheffield.com1003.cafe.ingredients.Water.&lt;init&gt;(Water.java:9)
	at uk.ac.sheffield.com1003.cafe.ingredients.Water.&lt;init&gt;(Water.java:9)
	at uk.ac.sheffield.com1003.cafe.ingredients.Water.&lt;init&gt;(Water.java:9)
	at uk.ac.sheffield.com1003.cafe.ingredients.Water.&lt;init&gt;(Water.java:9)
	at uk.ac.sheffield.com1003.cafe.ingredients.Water.&lt;init&gt;(Water.java:9)
	at uk.ac.sheffield.com1003.cafe.ingredients.Water.&lt;init&gt;(Water.java:9)
	at uk.ac.sheffield.com1003.cafe.ingredients.Water.&lt;init&gt;(Water.java:9)
	at uk.ac.sheffield.com1003.cafe.ingredients.Water.&lt;init&gt;(Water.java:9)
	at uk.ac.sheffield.com1003.cafe.ingredients.Water.&lt;init&gt;(Water.java:9)
	at uk.ac.sheffield.com1003.cafe.ingredients.Water.&lt;init&gt;(Water.java:9)
	at uk.ac.sheffield.com1003.cafe.ingredients.Water.&lt;init&gt;(Water.java:9)
	at uk.ac.sheffield.com1003.cafe.ingredients.Water.&lt;init&gt;(Water.java:9)
	at uk.ac.sheffield.com1003.cafe.ingredients.Water.&lt;init&gt;(Water.java:9)
	at uk.ac.sheffield.com1003.cafe.ingredients.Water.&lt;init&gt;(Water.java:9)
	at uk.ac.sheffield.com1003.cafe.ingredients.Water.&lt;init&gt;(Water.java:9)
	at uk.ac.sheffield.com1003.cafe.ingredients.Water.&lt;init&gt;(Water.java:9)
	at uk.ac.sheffield.com1003.cafe.ingredients.Water.&lt;init&gt;(Water.java:9)
	at uk.ac.sheffield.com1003.cafe.ingredients.Water.&lt;init&gt;(Water.java:9)
	at uk.ac.sheffield.com1003.cafe.ingredients.Water.&lt;init&gt;(Water.java:9)
	at uk.ac.sheffield.com1003.cafe.ingredients.Water.&lt;init&gt;(Water.java:9)
	at uk.ac.sheffield.com1003.cafe.ingredients.Water.&lt;init&gt;(Water.java:9)
	at uk.ac.sheffield.com1003.cafe.ingredients.Water.&lt;init&gt;(Water.java:9)
	at uk.ac.sheffield.com1003.cafe.ingredients.Water.&lt;init&gt;(Water.java:9)
	at uk.ac.sheffield.com1003.cafe.ingredients.Water.&lt;init&gt;(Water.java:9)
	at uk.ac.sheffield.com1003.cafe.ingredients.Water.&lt;init&gt;(Water.java:9)
	at uk.ac.sheffield.com1003.cafe.ingredients.Water.&lt;init&gt;(Water.java:9)
	at uk.ac.sheffield.com1003.cafe.ingredients.Water.&lt;init&gt;(Water.java:9)
	at uk.ac.sheffield.com1003.cafe.ingredients.Water.&lt;init&gt;(Water.java:9)
	at uk.ac.sheffield.com1003.cafe.ingredients.Water.&lt;init&gt;(Water.java:9)
	at uk.ac.sheffield.com1003.cafe.ingredients.Water.&lt;init&gt;(Water.java:9)
	at uk.ac.sheffield.com1003.cafe.ingredients.Water.&lt;init&gt;(Water.java:9)
	at uk.ac.sheffield.com1003.cafe.ingredients.Water.&lt;init&gt;(Water.java:9)
	at uk.ac.sheffield.com1003.cafe.ingredients.Water.&lt;init&gt;(Water.java:9)
	at uk.ac.sheffield.com1003.cafe.ingredients.Water.&lt;init&gt;(Water.java:9)
	at uk.ac.sheffield.com1003.cafe.ingredients.Water.&lt;init&gt;(Water.java:9)
	at uk.ac.sheffield.com1003.cafe.ingredients.Water.&lt;init&gt;(Water.java:9)
	at uk.ac.sheffield.com1003.cafe.ingredients.Water.&lt;init&gt;(Water.java:9)
	at uk.ac.sheffield.com1003.cafe.ingredients.Water.&lt;init&gt;(Water.java:9)
	at uk.ac.sheffield.com1003.cafe.ingredients.Water.&lt;init&gt;(Water.java:9)
	at uk.ac.sheffield.com1003.cafe.ingredients.Water.&lt;init&gt;(Water.java:9)
	at uk.ac.sheffield.com1003.cafe.ingredients.Water.&lt;init&gt;(Water.java:9)
	at uk.ac.sheffield.com1003.cafe.ingredients.Water.&lt;init&gt;(Water.java:9)
	at uk.ac.sheffield.com1003.cafe.ingredients.Water.&lt;init&gt;(Water.java:9)
	at uk.ac.sheffield.com1003.cafe.ingredients.Water.&lt;init&gt;(Water.java:9)
	at uk.ac.sheffield.com1003.cafe.ingredients.Water.&lt;init&gt;(Water.java:9)
	at uk.ac.sheffield.com1003.cafe.ingredients.Water.&lt;init&gt;(Water.java:9)
	at uk.ac.sheffield.com1003.cafe.ingredients.Water.&lt;init&gt;(Water.java:9)
	at uk.ac.sheffield.com1003.cafe.ingredients.Water.&lt;init&gt;(Water.java:9)
	at uk.ac.sheffield.com1003.cafe.ingredients.Water.&lt;init&gt;(Water.java:9)
	at uk.ac.sheffield.com1003.cafe.ingredients.Water.&lt;init&gt;(Water.java:9)
	at uk.ac.sheffield.com1003.cafe.ingredients.Water.&lt;init&gt;(Water.java:9)
	at uk.ac.sheffield.com1003.cafe.ingredients.Water.&lt;init&gt;(Water.java:9)
	at uk.ac.sheffield.com1003.cafe.ingredients.Water.&lt;init&gt;(Water.java:9)
	at uk.ac.sheffield.com1003.cafe.ingredients.Water.&lt;init&gt;(Water.java:9)
	at uk.ac.sheffield.com1003.cafe.ingredients.Water.&lt;init&gt;(Water.java:9)
	at uk.ac.sheffield.com1003.cafe.ingredients.Water.&lt;init&gt;(Water.java:9)
	at uk.ac.sheffield.com1003.cafe.ingredients.Water.&lt;init&gt;(Water.java:9)
	at uk.ac.sheffield.com1003.cafe.ingredients.Water.&lt;init&gt;(Water.java:9)
	at uk.ac.sheffield.com1003.cafe.ingredients.Water.&lt;init&gt;(Water.java:9)
	at uk.ac.sheffield.com1003.cafe.ingredients.Water.&lt;init&gt;(Water.java:9)
	at uk.ac.sheffield.com1003.cafe.ingredients.Water.&lt;init&gt;(Water.java:9)
	at uk.ac.sheffield.com1003.cafe.ingredients.Water.&lt;init&gt;(Water.java:9)
	at uk.ac.sheffield.com1003.cafe.ingredients.Water.&lt;init&gt;(Water.java:9)
	at uk.ac.sheffield.com1003.cafe.ingredients.Water.&lt;init&gt;(Water.java:9)
	at uk.ac.sheffield.com1003.cafe.ingredients.Water.&lt;init&gt;(Water.java:9)
	at uk.ac.sheffield.com1003.cafe.ingredients.Water.&lt;init&gt;(Water.java:9)
	at uk.ac.sheffield.com1003.cafe.ingredients.Water.&lt;init&gt;(Water.java:9)
	at uk.ac.sheffield.com1003.cafe.ingredients.Water.&lt;init&gt;(Water.java:9)
	at uk.ac.sheffield.com1003.cafe.ingredients.Water.&lt;init&gt;(Water.java:9)
	at uk.ac.sheffield.com1003.cafe.ingredients.Water.&lt;init&gt;(Water.java:9)
	at uk.ac.sheffield.com1003.cafe.ingredients.Water.&lt;init&gt;(Water.java:9)
	at uk.ac.sheffield.com1003.cafe.ingredients.Water.&lt;init&gt;(Water.java:9)
	at uk.ac.sheffield.com1003.cafe.ingredients.Water.&lt;init&gt;(Water.java:9)
	at uk.ac.sheffield.com1003.cafe.ingredients.Water.&lt;init&gt;(Water.java:9)
	at uk.ac.sheffield.com1003.cafe.ingredients.Water.&lt;init&gt;(Water.java:9)
	at uk.ac.sheffield.com1003.cafe.ingredients.Water.&lt;init&gt;(Water.java:9)
	at uk.ac.sheffield.com1003.cafe.ingredients.Water.&lt;init&gt;(Water.java:9)
	at uk.ac.sheffield.com1003.cafe.ingredients.Water.&lt;init&gt;(Water.java:9)
	at uk.ac.sheffield.com1003.cafe.ingredients.Water.&lt;init&gt;(Water.java:9)
	at uk.ac.sheffield.com1003.cafe.ingredients.Water.&lt;init&gt;(Water.java:9)
	at uk.ac.sheffield.com1003.cafe.ingredients.Water.&lt;init&gt;(Water.java:9)
	at uk.ac.sheffield.com1003.cafe.ingredients.Water.&lt;init&gt;(Water.java:9)
	at uk.ac.sheffield.com1003.cafe.ingredients.Water.&lt;init&gt;(Water.java:9)
	at uk.ac.sheffield.com1003.cafe.ingredients.Water.&lt;init&gt;(Water.java:9)
	at uk.ac.sheffield.com1003.cafe.ingredients.Water.&lt;init&gt;(Water.java:9)
	at uk.ac.sheffield.com1003.cafe.ingredients.Water.&lt;init&gt;(Water.java:9)
	at uk.ac.sheffield.com1003.cafe.ingredients.Water.&lt;init&gt;(Water.java:9)
	at uk.ac.sheffield.com1003.cafe.ingredients.Water.&lt;init&gt;(Water.java:9)
	at uk.ac.sheffield.com1003.cafe.ingredients.Water.&lt;init&gt;(Water.java:9)
	at uk.ac.sheffield.com1003.cafe.ingredients.Water.&lt;init&gt;(Water.java:9)
	at uk.ac.sheffield.com1003.cafe.ingredients.Water.&lt;init&gt;(Water.java:9)
	at uk.ac.sheffield.com1003.cafe.ingredients.Water.&lt;init&gt;(Water.java:9)
	at uk.ac.sheffield.com1003.cafe.ingredients.Water.&lt;init&gt;(Water.java:9)
	at uk.ac.sheffield.com1003.cafe.ingredients.Water.&lt;init&gt;(Water.java:9)
	at uk.ac.sheffield.com1003.cafe.ingredients.Water.&lt;init&gt;(Water.java:9)
	at uk.ac.sheffield.com1003.cafe.ingredients.Water.&lt;init&gt;(Water.java:9)
	at uk.ac.sheffield.com1003.cafe.ingredients.Water.&lt;init&gt;(Water.java:9)
	at uk.ac.sheffield.com1003.cafe.ingredients.Water.&lt;init&gt;(Water.java:9)
	at uk.ac.sheffield.com1003.cafe.ingredients.Water.&lt;init&gt;(Water.java:9)
	at uk.ac.sheffield.com1003.cafe.ingredients.Water.&lt;init&gt;(Water.java:9)
	at uk.ac.sheffield.com1003.cafe.ingredients.Water.&lt;init&gt;(Water.java:9)
	at uk.ac.sheffield.com1003.cafe.ingredients.Water.&lt;init&gt;(Water.java:9)
	at uk.ac.sheffield.com1003.cafe.ingredients.Water.&lt;init&gt;(Water.java:9)
	at uk.ac.sheffield.com1003.cafe.ingredients.Water.&lt;init&gt;(Water.java:9)
	at uk.ac.sheffield.com1003.cafe.ingredients.Water.&lt;init&gt;(Water.java:9)
	at uk.ac.sheffield.com1003.cafe.ingredients.Water.&lt;init&gt;(Water.java:9)
	at uk.ac.sheffield.com1003.cafe.ingredients.Water.&lt;init&gt;(Water.java:9)
	at uk.ac.sheffield.com1003.cafe.ingredients.Water.&lt;init&gt;(Water.java:9)
	at uk.ac.sheffield.com1003.cafe.ingredients.Water.&lt;init&gt;(Water.java:9)
	at uk.ac.sheffield.com1003.cafe.ingredients.Water.&lt;init&gt;(Water.java:9)
	at uk.ac.sheffield.com1003.cafe.ingredients.Water.&lt;init&gt;(Water.java:9)
	at uk.ac.sheffield.com1003.cafe.ingredients.Water.&lt;init&gt;(Water.java:9)
	at uk.ac.sheffield.com1003.cafe.ingredients.Water.&lt;init&gt;(Water.java:9)
	at uk.ac.sheffield.com1003.cafe.ingredients.Water.&lt;init&gt;(Water.java:9)
	at uk.ac.sheffield.com1003.cafe.ingredients.Water.&lt;init&gt;(Water.java:9)
	at uk.ac.sheffield.com1003.cafe.ingredients.Water.&lt;init&gt;(Water.java:9)
	at uk.ac.sheffield.com1003.cafe.ingredients.Water.&lt;init&gt;(Water.java:9)
	at uk.ac.sheffield.com1003.cafe.ingredients.Water.&lt;init&gt;(Water.java:9)
	at uk.ac.sheffield.com1003.cafe.ingredients.Water.&lt;init&gt;(Water.java:9)
	at uk.ac.sheffield.com1003.cafe.ingredients.Water.&lt;init&gt;(Water.java:9)
	at uk.ac.sheffield.com1003.cafe.ingredients.Water.&lt;init&gt;(Water.java:9)
	at uk.ac.sheffield.com1003.cafe.ingredients.Water.&lt;init&gt;(Water.java:9)
	at uk.ac.sheffield.com1003.cafe.ingredients.Water.&lt;init&gt;(Water.java:9)
	at uk.ac.sheffield.com1003.cafe.ingredients.Water.&lt;init&gt;(Water.java:9)
	at uk.ac.sheffield.com1003.cafe.ingredients.Water.&lt;init&gt;(Water.java:9)
	at uk.ac.sheffield.com1003.cafe.ingredients.Water.&lt;init&gt;(Water.java:9)
	at uk.ac.sheffield.com1003.cafe.ingredients.Water.&lt;init&gt;(Water.java:9)
	at uk.ac.sheffield.com1003.cafe.ingredients.Water.&lt;init&gt;(Water.java:9)
	at uk.ac.sheffield.com1003.cafe.ingredients.Water.&lt;init&gt;(Water.java:9)
	at uk.ac.sheffield.com1003.cafe.ingredients.Water.&lt;init&gt;(Water.java:9)
	at uk.ac.sheffield.com1003.cafe.ingredients.Water.&lt;init&gt;(Water.java:9)
	at uk.ac.sheffield.com1003.cafe.ingredients.Water.&lt;init&gt;(Water.java:9)
	at uk.ac.sheffield.com1003.cafe.ingredients.Water.&lt;init&gt;(Water.java:9)
	at uk.ac.sheffield.com1003.cafe.ingredients.Water.&lt;init&gt;(Water.java:9)
	at uk.ac.sheffield.com1003.cafe.ingredients.Water.&lt;init&gt;(Water.java:9)
	at uk.ac.sheffield.com1003.cafe.ingredients.Water.&lt;init&gt;(Water.java:9)
	at uk.ac.sheffield.com1003.cafe.ingredients.Water.&lt;init&gt;(Water.java:9)
	at uk.ac.sheffield.com1003.cafe.ingredients.Water.&lt;init&gt;(Water.java:9)
	at uk.ac.sheffield.com1003.cafe.ingredients.Water.&lt;init&gt;(Water.java:9)
	at uk.ac.sheffield.com1003.cafe.ingredients.Water.&lt;init&gt;(Water.java:9)
	at uk.ac.sheffield.com1003.cafe.ingredients.Water.&lt;init&gt;(Water.java:9)
	at uk.ac.sheffield.com1003.cafe.ingredients.Water.&lt;init&gt;(Water.java:9)
	at uk.ac.sheffield.com1003.cafe.ingredients.Water.&lt;init&gt;(Water.java:9)
	at uk.ac.sheffield.com1003.cafe.ingredients.Water.&lt;init&gt;(Water.java:9)
	at uk.ac.sheffield.com1003.cafe.ingredients.Water.&lt;init&gt;(Water.java:9)
	at uk.ac.sheffield.com1003.cafe.ingredients.Water.&lt;init&gt;(Water.java:9)
	at uk.ac.sheffield.com1003.cafe.ingredients.Water.&lt;init&gt;(Water.java:9)
	at uk.ac.sheffield.com1003.cafe.ingredients.Water.&lt;init&gt;(Water.java:9)
	at uk.ac.sheffield.com1003.cafe.ingredients.Water.&lt;init&gt;(Water.java:9)
	at uk.ac.sheffield.com1003.cafe.ingredients.Water.&lt;init&gt;(Water.java:9)
	at uk.ac.sheffield.com1003.cafe.ingredients.Water.&lt;init&gt;(Water.java:9)
	at uk.ac.sheffield.com1003.cafe.ingredients.Water.&lt;init&gt;(Water.java:9)
	at uk.ac.sheffield.com1003.cafe.ingredients.Water.&lt;init&gt;(Water.java:9)
	at uk.ac.sheffield.com1003.cafe.ingredients.Water.&lt;init&gt;(Water.java:9)
	at uk.ac.sheffield.com1003.cafe.ingredients.Water.&lt;init&gt;(Water.java:9)
	at uk.ac.sheffield.com1003.cafe.ingredients.Water.&lt;init&gt;(Water.java:9)
	at uk.ac.sheffield.com1003.cafe.ingredients.Water.&lt;init&gt;(Water.java:9)
	at uk.ac.sheffield.com1003.cafe.ingredients.Water.&lt;init&gt;(Water.java:9)
	at uk.ac.sheffield.com1003.cafe.ingredients.Water.&lt;init&gt;(Water.java:9)
	at uk.ac.sheffield.com1003.cafe.ingredients.Water.&lt;init&gt;(Water.java:9)
	at uk.ac.sheffield.com1003.cafe.ingredients.Water.&lt;init&gt;(Water.java:9)
	at uk.ac.sheffield.com1003.cafe.ingredients.Water.&lt;init&gt;(Water.java:9)
	at uk.ac.sheffield.com1003.cafe.ingredients.Water.&lt;init&gt;(Water.java:9)
	at uk.ac.sheffield.com1003.cafe.ingredients.Water.&lt;init&gt;(Water.java:9)
	at uk.ac.sheffield.com1003.cafe.ingredients.Water.&lt;init&gt;(Water.java:9)
	at uk.ac.sheffield.com1003.cafe.ingredients.Water.&lt;init&gt;(Water.java:9)
	at uk.ac.sheffield.com1003.cafe.ingredients.Water.&lt;init&gt;(Water.java:9)
	at uk.ac.sheffield.com1003.cafe.ingredients.Water.&lt;init&gt;(Water.java:9)
	at uk.ac.sheffield.com1003.cafe.ingredients.Water.&lt;init&gt;(Water.java:9)
	at uk.ac.sheffield.com1003.cafe.ingredients.Water.&lt;init&gt;(Water.java:9)
	at uk.ac.sheffield.com1003.cafe.ingredients.Water.&lt;init&gt;(Water.java:9)
	at uk.ac.sheffield.com1003.cafe.ingredients.Water.&lt;init&gt;(Water.java:9)
	at uk.ac.sheffield.com1003.cafe.ingredients.Water.&lt;init&gt;(Water.java:9)
	at uk.ac.sheffield.com1003.cafe.ingredients.Water.&lt;init&gt;(Water.java:9)
	at uk.ac.sheffield.com1003.cafe.ingredients.Water.&lt;init&gt;(Water.java:9)
	at uk.ac.sheffield.com1003.cafe.ingredients.Water.&lt;init&gt;(Water.java:9)
	at uk.ac.sheffield.com1003.cafe.ingredients.Water.&lt;init&gt;(Water.java:9)
	at uk.ac.sheffield.com1003.cafe.ingredients.Water.&lt;init&gt;(Water.java:9)
	at uk.ac.sheffield.com1003.cafe.ingredients.Water.&lt;init&gt;(Water.java:9)
	at uk.ac.sheffield.com1003.cafe.ingredients.Water.&lt;init&gt;(Water.java:9)
	at uk.ac.sheffield.com1003.cafe.ingredients.Water.&lt;init&gt;(Water.java:9)
	at uk.ac.sheffield.com1003.cafe.ingredients.Water.&lt;init&gt;(Water.java:9)
	at uk.ac.sheffield.com1003.cafe.ingredients.Water.&lt;init&gt;(Water.java:9)
	at uk.ac.sheffield.com1003.cafe.ingredients.Water.&lt;init&gt;(Water.java:9)
	at uk.ac.sheffield.com1003.cafe.ingredients.Water.&lt;init&gt;(Water.java:9)
	at uk.ac.sheffield.com1003.cafe.ingredients.Water.&lt;init&gt;(Water.java:9)
	at uk.ac.sheffield.com1003.cafe.ingredients.Water.&lt;init&gt;(Water.java:9)
	at uk.ac.sheffield.com1003.cafe.ingredients.Water.&lt;init&gt;(Water.java:9)
	at uk.ac.sheffield.com1003.cafe.ingredients.Water.&lt;init&gt;(Water.java:9)
	at uk.ac.sheffield.com1003.cafe.ingredients.Water.&lt;init&gt;(Water.java:9)
	at uk.ac.sheffield.com1003.cafe.ingredients.Water.&lt;init&gt;(Water.java:9)
	at uk.ac.sheffield.com1003.cafe.ingredients.Water.&lt;init&gt;(Water.java:9)
	at uk.ac.sheffield.com1003.cafe.ingredients.Water.&lt;init&gt;(Water.java:9)
	at uk.ac.sheffield.com1003.cafe.ingredients.Water.&lt;init&gt;(Water.java:9)
	at uk.ac.sheffield.com1003.cafe.ingredients.Water.&lt;init&gt;(Water.java:9)
	at uk.ac.sheffield.com1003.cafe.ingredients.Water.&lt;init&gt;(Water.java:9)
	at uk.ac.sheffield.com1003.cafe.ingredients.Water.&lt;init&gt;(Water.java:9)
	at uk.ac.sheffield.com1003.cafe.ingredients.Water.&lt;init&gt;(Water.java:9)
	at uk.ac.sheffield.com1003.cafe.ingredients.Water.&lt;init&gt;(Water.java:9)
	at uk.ac.sheffield.com1003.cafe.ingredients.Water.&lt;init&gt;(Water.java:9)
	at uk.ac.sheffield.com1003.cafe.ingredients.Water.&lt;init&gt;(Water.java:9)
	at uk.ac.sheffield.com1003.cafe.ingredients.Water.&lt;init&gt;(Water.java:9)
	at uk.ac.sheffield.com1003.cafe.ingredients.Water.&lt;init&gt;(Water.java:9)
	at uk.ac.sheffield.com1003.cafe.ingredients.Water.&lt;init&gt;(Water.java:9)
	at uk.ac.sheffield.com1003.cafe.ingredients.Water.&lt;init&gt;(Water.java:9)
	at uk.ac.sheffield.com1003.cafe.ingredients.Water.&lt;init&gt;(Water.java:9)
	at uk.ac.sheffield.com1003.cafe.ingredients.Water.&lt;init&gt;(Water.java:9)
	at uk.ac.sheffield.com1003.cafe.ingredients.Water.&lt;init&gt;(Water.java:9)
	at uk.ac.sheffield.com1003.cafe.ingredients.Water.&lt;init&gt;(Water.java:9)
	at uk.ac.sheffield.com1003.cafe.ingredients.Water.&lt;init&gt;(Water.java:9)
	at uk.ac.sheffield.com1003.cafe.ingredients.Water.&lt;init&gt;(Water.java:9)
	at uk.ac.sheffield.com1003.cafe.ingredients.Water.&lt;init&gt;(Water.java:9)
	at uk.ac.sheffield.com1003.cafe.ingredients.Water.&lt;init&gt;(Water.java:9)
	at uk.ac.sheffield.com1003.cafe.ingredients.Water.&lt;init&gt;(Water.java:9)
	at uk.ac.sheffield.com1003.cafe.ingredients.Water.&lt;init&gt;(Water.java:9)
	at uk.ac.sheffield.com1003.cafe.ingredients.Water.&lt;init&gt;(Water.java:9)
	at uk.ac.sheffield.com1003.cafe.ingredients.Water.&lt;init&gt;(Water.java:9)
	at uk.ac.sheffield.com1003.cafe.ingredients.Water.&lt;init&gt;(Water.java:9)
	at uk.ac.sheffield.com1003.cafe.ingredients.Water.&lt;init&gt;(Water.java:9)
	at uk.ac.sheffield.com1003.cafe.ingredients.Water.&lt;init&gt;(Water.java:9)
	at uk.ac.sheffield.com1003.cafe.ingredients.Water.&lt;init&gt;(Water.java:9)
	at uk.ac.sheffield.com1003.cafe.ingredients.Water.&lt;init&gt;(Water.java:9)
	at uk.ac.sheffield.com1003.cafe.ingredients.Water.&lt;init&gt;(Water.java:9)
	at uk.ac.sheffield.com1003.cafe.ingredients.Water.&lt;init&gt;(Water.java:9)
	at uk.ac.sheffield.com1003.cafe.ingredients.Water.&lt;init&gt;(Water.java:9)
	at uk.ac.sheffield.com1003.cafe.ingredients.Water.&lt;init&gt;(Water.java:9)
	at uk.ac.sheffield.com1003.cafe.ingredients.Water.&lt;init&gt;(Water.java:9)
	at uk.ac.sheffield.com1003.cafe.ingredients.Water.&lt;init&gt;(Water.java:9)
	at uk.ac.sheffield.com1003.cafe.ingredients.Water.&lt;init&gt;(Water.java:9)
	at uk.ac.sheffield.com1003.cafe.ingredients.Water.&lt;init&gt;(Water.java:9)
	at uk.ac.sheffield.com1003.cafe.ingredients.Water.&lt;init&gt;(Water.java:9)
	at uk.ac.sheffield.com1003.cafe.ingredients.Water.&lt;init&gt;(Water.java:9)
	at uk.ac.sheffield.com1003.cafe.ingredients.Water.&lt;init&gt;(Water.java:9)
	at uk.ac.sheffield.com1003.cafe.ingredients.Water.&lt;init&gt;(Water.java:9)
	at uk.ac.sheffield.com1003.cafe.ingredients.Water.&lt;init&gt;(Water.java:9)
	at uk.ac.sheffield.com1003.cafe.ingredients.Water.&lt;init&gt;(Water.java:9)
	at uk.ac.sheffield.com1003.cafe.ingredients.Water.&lt;init&gt;(Water.java:9)
	at uk.ac.sheffield.com1003.cafe.ingredients.Water.&lt;init&gt;(Water.java:9)
	at uk.ac.sheffield.com1003.cafe.ingredients.Water.&lt;init&gt;(Water.java:9)
	at uk.ac.sheffield.com1003.cafe.ingredients.Water.&lt;init&gt;(Water.java:9)
	at uk.ac.sheffield.com1003.cafe.ingredients.Water.&lt;init&gt;(Water.java:9)
	at uk.ac.sheffield.com1003.cafe.ingredients.Water.&lt;init&gt;(Water.java:9)
	at uk.ac.sheffield.com1003.cafe.ingredients.Water.&lt;init&gt;(Water.java:9)
	at uk.ac.sheffield.com1003.cafe.ingredients.Water.&lt;init&gt;(Water.java:9)
	at uk.ac.sheffield.com1003.cafe.ingredients.Water.&lt;init&gt;(Water.java:9)
	at uk.ac.sheffield.com1003.cafe.ingredients.Water.&lt;init&gt;(Water.java:9)
	at uk.ac.sheffield.com1003.cafe.ingredients.Water.&lt;init&gt;(Water.java:9)
	at uk.ac.sheffield.com1003.cafe.ingredients.Water.&lt;init&gt;(Water.java:9)
	at uk.ac.sheffield.com1003.cafe.ingredients.Water.&lt;init&gt;(Water.java:9)
	at uk.ac.sheffield.com1003.cafe.ingredients.Water.&lt;init&gt;(Water.java:9)
	at uk.ac.sheffield.com1003.cafe.ingredients.Water.&lt;init&gt;(Water.java:9)
	at uk.ac.sheffield.com1003.cafe.ingredients.Water.&lt;init&gt;(Water.java:9)
	at uk.ac.sheffield.com1003.cafe.ingredients.Water.&lt;init&gt;(Water.java:9)
	at uk.ac.sheffield.com1003.cafe.ingredients.Water.&lt;init&gt;(Water.java:9)
	at uk.ac.sheffield.com1003.cafe.ingredients.Water.&lt;init&gt;(Water.java:9)
	at uk.ac.sheffield.com1003.cafe.ingredients.Water.&lt;init&gt;(Water.java:9)
	at uk.ac.sheffield.com1003.cafe.ingredients.Water.&lt;init&gt;(Water.java:9)
	at uk.ac.sheffield.com1003.cafe.ingredients.Water.&lt;init&gt;(Water.java:9)
	at uk.ac.sheffield.com1003.cafe.ingredients.Water.&lt;init&gt;(Water.java:9)
	at uk.ac.sheffield.com1003.cafe.ingredients.Water.&lt;init&gt;(Water.java:9)
	at uk.ac.sheffield.com1003.cafe.ingredients.Water.&lt;init&gt;(Water.java:9)
	at uk.ac.sheffield.com1003.cafe.ingredients.Water.&lt;init&gt;(Water.java:9)
	at uk.ac.sheffield.com1003.cafe.ingredients.Water.&lt;init&gt;(Water.java:9)
	at uk.ac.sheffield.com1003.cafe.ingredients.Water.&lt;init&gt;(Water.java:9)
	at uk.ac.sheffield.com1003.cafe.ingredients.Water.&lt;init&gt;(Water.java:9)
	at uk.ac.sheffield.com1003.cafe.ingredients.Water.&lt;init&gt;(Water.java:9)
	at uk.ac.sheffield.com1003.cafe.ingredients.Water.&lt;init&gt;(Water.java:9)
	at uk.ac.sheffield.com1003.cafe.ingredients.Water.&lt;init&gt;(Water.java:9)
	at uk.ac.sheffield.com1003.cafe.ingredients.Water.&lt;init&gt;(Water.java:9)
	at uk.ac.sheffield.com1003.cafe.ingredients.Water.&lt;init&gt;(Water.java:9)
	at uk.ac.sheffield.com1003.cafe.ingredients.Water.&lt;init&gt;(Water.java:9)
	at uk.ac.sheffield.com1003.cafe.ingredients.Water.&lt;init&gt;(Water.java:9)
	at uk.ac.sheffield.com1003.cafe.ingredients.Water.&lt;init&gt;(Water.java:9)
	at uk.ac.sheffield.com1003.cafe.ingredients.Water.&lt;init&gt;(Water.java:9)
	at uk.ac.sheffield.com1003.cafe.ingredients.Water.&lt;init&gt;(Water.java:9)
	at uk.ac.sheffield.com1003.cafe.ingredients.Water.&lt;init&gt;(Water.java:9)
	at uk.ac.sheffield.com1003.cafe.ingredients.Water.&lt;init&gt;(Water.java:9)
	at uk.ac.sheffield.com1003.cafe.ingredients.Water.&lt;init&gt;(Water.java:9)
	at uk.ac.sheffield.com1003.cafe.ingredients.Water.&lt;init&gt;(Water.java:9)
	at uk.ac.sheffield.com1003.cafe.ingredients.Water.&lt;init&gt;(Water.java:9)
	at uk.ac.sheffield.com1003.cafe.ingredients.Water.&lt;init&gt;(Water.java:9)
	at uk.ac.sheffield.com1003.cafe.ingredients.Water.&lt;init&gt;(Water.java:9)
	at uk.ac.sheffield.com1003.cafe.ingredients.Water.&lt;init&gt;(Water.java:9)
	at uk.ac.sheffield.com1003.cafe.ingredients.Water.&lt;init&gt;(Water.java:9)
	at uk.ac.sheffield.com1003.cafe.ingredients.Water.&lt;init&gt;(Water.java:9)
	at uk.ac.sheffield.com1003.cafe.ingredients.Water.&lt;init&gt;(Water.java:9)
	at uk.ac.sheffield.com1003.cafe.ingredients.Water.&lt;init&gt;(Water.java:9)
	at uk.ac.sheffield.com1003.cafe.ingredients.Water.&lt;init&gt;(Water.java:9)
	at uk.ac.sheffield.com1003.cafe.ingredients.Water.&lt;init&gt;(Water.java:9)
	at uk.ac.sheffield.com1003.cafe.ingredients.Water.&lt;init&gt;(Water.java:9)
	at uk.ac.sheffield.com1003.cafe.ingredients.Water.&lt;init&gt;(Water.java:9)
	at uk.ac.sheffield.com1003.cafe.ingredients.Water.&lt;init&gt;(Water.java:9)
	at uk.ac.sheffield.com1003.cafe.ingredients.Water.&lt;init&gt;(Water.java:9)
	at uk.ac.sheffield.com1003.cafe.ingredients.Water.&lt;init&gt;(Water.java:9)
	at uk.ac.sheffield.com1003.cafe.ingredients.Water.&lt;init&gt;(Water.java:9)
	at uk.ac.sheffield.com1003.cafe.ingredients.Water.&lt;init&gt;(Water.java:9)
	at uk.ac.sheffield.com1003.cafe.ingredients.Water.&lt;init&gt;(Water.java:9)
	at uk.ac.sheffield.com1003.cafe.ingredients.Water.&lt;init&gt;(Water.java:9)
	at uk.ac.sheffield.com1003.cafe.ingredients.Water.&lt;init&gt;(Water.java:9)
	at uk.ac.sheffield.com1003.cafe.ingredients.Water.&lt;init&gt;(Water.java:9)
	at uk.ac.sheffield.com1003.cafe.ingredients.Water.&lt;init&gt;(Water.java:9)
	at uk.ac.sheffield.com1003.cafe.ingredients.Water.&lt;init&gt;(Water.java:9)
	at uk.ac.sheffield.com1003.cafe.ingredients.Water.&lt;init&gt;(Water.java:9)
	at uk.ac.sheffield.com1003.cafe.ingredients.Water.&lt;init&gt;(Water.java:9)
	at uk.ac.sheffield.com1003.cafe.ingredients.Water.&lt;init&gt;(Water.java:9)
	at uk.ac.sheffield.com1003.cafe.ingredients.Water.&lt;init&gt;(Water.java:9)
	at uk.ac.sheffield.com1003.cafe.ingredients.Water.&lt;init&gt;(Water.java:9)
	at uk.ac.sheffield.com1003.cafe.ingredients.Water.&lt;init&gt;(Water.java:9)
	at uk.ac.sheffield.com1003.cafe.ingredients.Water.&lt;init&gt;(Water.java:9)
	at uk.ac.sheffield.com1003.cafe.ingredients.Water.&lt;init&gt;(Water.java:9)
	at uk.ac.sheffield.com1003.cafe.ingredients.Water.&lt;init&gt;(Water.java:9)
	at uk.ac.sheffield.com1003.cafe.ingredients.Water.&lt;init&gt;(Water.java:9)
	at uk.ac.sheffield.com1003.cafe.ingredients.Water.&lt;init&gt;(Water.java:9)
	at uk.ac.sheffield.com1003.cafe.ingredients.Water.&lt;init&gt;(Water.java:9)
	at uk.ac.sheffield.com1003.cafe.ingredients.Water.&lt;init&gt;(Water.java:9)
	at uk.ac.sheffield.com1003.cafe.ingredients.Water.&lt;init&gt;(Water.java:9)
	at uk.ac.sheffield.com1003.cafe.ingredients.Water.&lt;init&gt;(Water.java:9)
	at uk.ac.sheffield.com1003.cafe.ingredients.Water.&lt;init&gt;(Water.java:9)
	at uk.ac.sheffield.com1003.cafe.ingredients.Water.&lt;init&gt;(Water.java:9)
	at uk.ac.sheffield.com1003.cafe.ingredients.Water.&lt;init&gt;(Water.java:9)
	at uk.ac.sheffield.com1003.cafe.ingredients.Water.&lt;init&gt;(Water.java:9)
	at uk.ac.sheffield.com1003.cafe.ingredients.Water.&lt;init&gt;(Water.java:9)
	at uk.ac.sheffield.com1003.cafe.ingredients.Water.&lt;init&gt;(Water.java:9)
	at uk.ac.sheffield.com1003.cafe.ingredients.Water.&lt;init&gt;(Water.java:9)
	at uk.ac.sheffield.com1003.cafe.ingredients.Water.&lt;init&gt;(Water.java:9)
	at uk.ac.sheffield.com1003.cafe.ingredients.Water.&lt;init&gt;(Water.java:9)
	at uk.ac.sheffield.com1003.cafe.ingredients.Water.&lt;init&gt;(Water.java:9)
	at uk.ac.sheffield.com1003.cafe.ingredients.Water.&lt;init&gt;(Water.java:9)
	at uk.ac.sheffield.com1003.cafe.ingredients.Water.&lt;init&gt;(Water.java:9)
	at uk.ac.sheffield.com1003.cafe.ingredients.Water.&lt;init&gt;(Water.java:9)
	at uk.ac.sheffield.com1003.cafe.ingredients.Water.&lt;init&gt;(Water.java:9)
	at uk.ac.sheffield.com1003.cafe.ingredients.Water.&lt;init&gt;(Water.java:9)
	at uk.ac.sheffield.com1003.cafe.ingredients.Water.&lt;init&gt;(Water.java:9)
	at uk.ac.sheffield.com1003.cafe.ingredients.Water.&lt;init&gt;(Water.java:9)
	at uk.ac.sheffield.com1003.cafe.ingredients.Water.&lt;init&gt;(Water.java:9)
	at uk.ac.sheffield.com1003.cafe.ingredients.Water.&lt;init&gt;(Water.java:9)
	at uk.ac.sheffield.com1003.cafe.ingredients.Water.&lt;init&gt;(Water.java:9)
	at uk.ac.sheffield.com1003.cafe.ingredients.Water.&lt;init&gt;(Water.java:9)
	at uk.ac.sheffield.com1003.cafe.ingredients.Water.&lt;init&gt;(Water.java:9)
	at uk.ac.sheffield.com1003.cafe.ingredients.Water.&lt;init&gt;(Water.java:9)
	at uk.ac.sheffield.com1003.cafe.ingredients.Water.&lt;init&gt;(Water.java:9)
	at uk.ac.sheffield.com1003.cafe.ingredients.Water.&lt;init&gt;(Water.java:9)
	at uk.ac.sheffield.com1003.cafe.ingredients.Water.&lt;init&gt;(Water.java:9)
	at uk.ac.sheffield.com1003.cafe.ingredients.Water.&lt;init&gt;(Water.java:9)
	at uk.ac.sheffield.com1003.cafe.ingredients.Water.&lt;init&gt;(Water.java:9)
	at uk.ac.sheffield.com1003.cafe.ingredients.Water.&lt;init&gt;(Water.java:9)
	at uk.ac.sheffield.com1003.cafe.ingredients.Water.&lt;init&gt;(Water.java:9)
	at uk.ac.sheffield.com1003.cafe.ingredients.Water.&lt;init&gt;(Water.java:9)
	at uk.ac.sheffield.com1003.cafe.ingredients.Water.&lt;init&gt;(Water.java:9)
	at uk.ac.sheffield.com1003.cafe.ingredients.Water.&lt;init&gt;(Water.java:9)
	at uk.ac.sheffield.com1003.cafe.ingredients.Water.&lt;init&gt;(Water.java:9)
	at uk.ac.sheffield.com1003.cafe.ingredients.Water.&lt;init&gt;(Water.java:9)
	at uk.ac.sheffield.com1003.cafe.ingredients.Water.&lt;init&gt;(Water.java:9)
	at uk.ac.sheffield.com1003.cafe.ingredients.Water.&lt;init&gt;(Water.java:9)
	at uk.ac.sheffield.com1003.cafe.ingredients.Water.&lt;init&gt;(Water.java:9)
	at uk.ac.sheffield.com1003.cafe.ingredients.Water.&lt;init&gt;(Water.java:9)
	at uk.ac.sheffield.com1003.cafe.ingredients.Water.&lt;init&gt;(Water.java:9)
	at uk.ac.sheffield.com1003.cafe.ingredients.Water.&lt;init&gt;(Water.java:9)
	at uk.ac.sheffield.com1003.cafe.ingredients.Water.&lt;init&gt;(Water.java:9)
	at uk.ac.sheffield.com1003.cafe.ingredients.Water.&lt;init&gt;(Water.java:9)
	at uk.ac.sheffield.com1003.cafe.ingredients.Water.&lt;init&gt;(Water.java:9)
	at uk.ac.sheffield.com1003.cafe.ingredients.Water.&lt;init&gt;(Water.java:9)
	at uk.ac.sheffield.com1003.cafe.ingredients.Water.&lt;init&gt;(Water.java:9)
	at uk.ac.sheffield.com1003.cafe.ingredients.Water.&lt;init&gt;(Water.java:9)
	at uk.ac.sheffield.com1003.cafe.ingredients.Water.&lt;init&gt;(Water.java:9)
	at uk.ac.sheffield.com1003.cafe.ingredients.Water.&lt;init&gt;(Water.java:9)
	at uk.ac.sheffield.com1003.cafe.ingredients.Water.&lt;init&gt;(Water.java:9)
	at uk.ac.sheffield.com1003.cafe.ingredients.Water.&lt;init&gt;(Water.java:9)
	at uk.ac.sheffield.com1003.cafe.ingredients.Water.&lt;init&gt;(Water.java:9)
	at uk.ac.sheffield.com1003.cafe.ingredients.Water.&lt;init&gt;(Water.java:9)
	at uk.ac.sheffield.com1003.cafe.ingredients.Water.&lt;init&gt;(Water.java:9)
	at uk.ac.sheffield.com1003.cafe.ingredients.Water.&lt;init&gt;(Water.java:9)
	at uk.ac.sheffield.com1003.cafe.ingredients.Water.&lt;init&gt;(Water.java:9)
	at uk.ac.sheffield.com1003.cafe.ingredients.Water.&lt;init&gt;(Water.java:9)
	at uk.ac.sheffield.com1003.cafe.ingredients.Water.&lt;init&gt;(Water.java:9)
	at uk.ac.sheffield.com1003.cafe.ingredients.Water.&lt;init&gt;(Water.java:9)
	at uk.ac.sheffield.com1003.cafe.ingredients.Water.&lt;init&gt;(Water.java:9)
	at uk.ac.sheffield.com1003.cafe.ingredients.Water.&lt;init&gt;(Water.java:9)
	at uk.ac.sheffield.com1003.cafe.ingredients.Water.&lt;init&gt;(Water.java:9)
	at uk.ac.sheffield.com1003.cafe.ingredients.Water.&lt;init&gt;(Water.java:9)
	at uk.ac.sheffield.com1003.cafe.ingredients.Water.&lt;init&gt;(Water.java:9)
	at uk.ac.sheffield.com1003.cafe.ingredients.Water.&lt;init&gt;(Water.java:9)
	at uk.ac.sheffield.com1003.cafe.ingredients.Water.&lt;init&gt;(Water.java:9)
	at uk.ac.sheffield.com1003.cafe.ingredients.Water.&lt;init&gt;(Water.java:9)
	at uk.ac.sheffield.com1003.cafe.ingredients.Water.&lt;init&gt;(Water.java:9)
	at uk.ac.sheffield.com1003.cafe.ingredients.Water.&lt;init&gt;(Water.java:9)
	at uk.ac.sheffield.com1003.cafe.ingredients.Water.&lt;init&gt;(Water.java:9)
	at uk.ac.sheffield.com1003.cafe.ingredients.Water.&lt;init&gt;(Water.java:9)
	at uk.ac.sheffield.com1003.cafe.ingredients.Water.&lt;init&gt;(Water.java:9)
	at uk.ac.sheffield.com1003.cafe.ingredients.Water.&lt;init&gt;(Water.java:9)
	at uk.ac.sheffield.com1003.cafe.ingredients.Water.&lt;init&gt;(Water.java:9)
	at uk.ac.sheffield.com1003.cafe.ingredients.Water.&lt;init&gt;(Water.java:9)
	at uk.ac.sheffield.com1003.cafe.ingredients.Water.&lt;init&gt;(Water.java:9)
	at uk.ac.sheffield.com1003.cafe.ingredients.Water.&lt;init&gt;(Water.java:9)
	at uk.ac.sheffield.com1003.cafe.ingredients.Water.&lt;init&gt;(Water.java:9)
	at uk.ac.sheffield.com1003.cafe.ingredients.Water.&lt;init&gt;(Water.java:9)
	at uk.ac.sheffield.com1003.cafe.ingredients.Water.&lt;init&gt;(Water.java:9)
	at uk.ac.sheffield.com1003.cafe.ingredients.Water.&lt;init&gt;(Water.java:9)
	at uk.ac.sheffield.com1003.cafe.ingredients.Water.&lt;init&gt;(Water.java:9)
	at uk.ac.sheffield.com1003.cafe.ingredients.Water.&lt;init&gt;(Water.java:9)
	at uk.ac.sheffield.com1003.cafe.ingredients.Water.&lt;init&gt;(Water.java:9)
	at uk.ac.sheffield.com1003.cafe.ingredients.Water.&lt;init&gt;(Water.java:9)
	at uk.ac.sheffield.com1003.cafe.ingredients.Water.&lt;init&gt;(Water.java:9)
	at uk.ac.sheffield.com1003.cafe.ingredients.Water.&lt;init&gt;(Water.java:9)
	at uk.ac.sheffield.com1003.cafe.ingredients.Water.&lt;init&gt;(Water.java:9)
	at uk.ac.sheffield.com1003.cafe.ingredients.Water.&lt;init&gt;(Water.java:9)
	at uk.ac.sheffield.com1003.cafe.ingredients.Water.&lt;init&gt;(Water.java:9)
	at uk.ac.sheffield.com1003.cafe.ingredients.Water.&lt;init&gt;(Water.java:9)
	at uk.ac.sheffield.com1003.cafe.ingredients.Water.&lt;init&gt;(Water.java:9)
	at uk.ac.sheffield.com1003.cafe.ingredients.Water.&lt;init&gt;(Water.java:9)
	at uk.ac.sheffield.com1003.cafe.ingredients.Water.&lt;init&gt;(Water.java:9)
	at uk.ac.sheffield.com1003.cafe.ingredients.Water.&lt;init&gt;(Water.java:9)
	at uk.ac.sheffield.com1003.cafe.ingredients.Water.&lt;init&gt;(Water.java:9)
	at uk.ac.sheffield.com1003.cafe.ingredients.Water.&lt;init&gt;(Water.java:9)
	at uk.ac.sheffield.com1003.cafe.ingredients.Water.&lt;init&gt;(Water.java:9)
	at uk.ac.sheffield.com1003.cafe.ingredients.Water.&lt;init&gt;(Water.java:9)
	at uk.ac.sheffield.com1003.cafe.ingredients.Water.&lt;init&gt;(Water.java:9)
	at uk.ac.sheffield.com1003.cafe.ingredients.Water.&lt;init&gt;(Water.java:9)
	at uk.ac.sheffield.com1003.cafe.ingredients.Water.&lt;init&gt;(Water.java:9)
	at uk.ac.sheffield.com1003.cafe.ingredients.Water.&lt;init&gt;(Water.java:9)
	at uk.ac.sheffield.com1003.cafe.ingredients.Water.&lt;init&gt;(Water.java:9)
	at uk.ac.sheffield.com1003.cafe.ingredients.Water.&lt;init&gt;(Water.java:9)
	at uk.ac.sheffield.com1003.cafe.ingredients.Water.&lt;init&gt;(Water.java:9)
	at uk.ac.sheffield.com1003.cafe.ingredients.Water.&lt;init&gt;(Water.java:9)
	at uk.ac.sheffield.com1003.cafe.ingredients.Water.&lt;init&gt;(Water.java:9)
	at uk.ac.sheffield.com1003.cafe.ingredients.Water.&lt;init&gt;(Water.java:9)
	at uk.ac.sheffield.com1003.cafe.ingredients.Water.&lt;init&gt;(Water.java:9)
	at uk.ac.sheffield.com1003.cafe.ingredients.Water.&lt;init&gt;(Water.java:9)
	at uk.ac.sheffield.com1003.cafe.ingredients.Water.&lt;init&gt;(Water.java:9)
	at uk.ac.sheffield.com1003.cafe.ingredients.Water.&lt;init&gt;(Water.java:9)
	at uk.ac.sheffield.com1003.cafe.ingredients.Water.&lt;init&gt;(Water.java:9)
	at uk.ac.sheffield.com1003.cafe.ingredients.Water.&lt;init&gt;(Water.java:9)
	at uk.ac.sheffield.com1003.cafe.ingredients.Water.&lt;init&gt;(Water.java:9)
	at uk.ac.sheffield.com1003.cafe.ingredients.Water.&lt;init&gt;(Water.java:9)
	at uk.ac.sheffield.com1003.cafe.ingredients.Water.&lt;init&gt;(Water.java:9)
	at uk.ac.sheffield.com1003.cafe.ingredients.Water.&lt;init&gt;(Water.java:9)
	at uk.ac.sheffield.com1003.cafe.ingredients.Water.&lt;init&gt;(Water.java:9)
	at uk.ac.sheffield.com1003.cafe.ingredients.Water.&lt;init&gt;(Water.java:9)
	at uk.ac.sheffield.com1003.cafe.ingredients.Water.&lt;init&gt;(Water.java:9)
	at uk.ac.sheffield.com1003.cafe.ingredients.Water.&lt;init&gt;(Water.java:9)
	at uk.ac.sheffield.com1003.cafe.ingredients.Water.&lt;init&gt;(Water.java:9)
	at uk.ac.sheffield.com1003.cafe.ingredients.Water.&lt;init&gt;(Water.java:9)
	at uk.ac.sheffield.com1003.cafe.ingredients.Water.&lt;init&gt;(Water.java:9)
	at uk.ac.sheffield.com1003.cafe.ingredients.Water.&lt;init&gt;(Water.java:9)
	at uk.ac.sheffield.com1003.cafe.ingredients.Water.&lt;init&gt;(Water.java:9)
	at uk.ac.sheffield.com1003.cafe.ingredients.Water.&lt;init&gt;(Water.java:9)
	at uk.ac.sheffield.com1003.cafe.ingredients.Water.&lt;init&gt;(Water.java:9)
	at uk.ac.sheffield.com1003.cafe.ingredients.Water.&lt;init&gt;(Water.java:9)
	at uk.ac.sheffield.com1003.cafe.ingredients.Water.&lt;init&gt;(Water.java:9)
	at uk.ac.sheffield.com1003.cafe.ingredients.Water.&lt;init&gt;(Water.java:9)
	at uk.ac.sheffield.com1003.cafe.ingredients.Water.&lt;init&gt;(Water.java:9)
	at uk.ac.sheffield.com1003.cafe.ingredients.Water.&lt;init&gt;(Water.java:9)
	at uk.ac.sheffield.com1003.cafe.ingredients.Water.&lt;init&gt;(Water.java:9)
	at uk.ac.sheffield.com1003.cafe.ingredients.Water.&lt;init&gt;(Water.java:9)
	at uk.ac.sheffield.com1003.cafe.ingredients.Water.&lt;init&gt;(Water.java:9)
	at uk.ac.sheffield.com1003.cafe.ingredients.Water.&lt;init&gt;(Water.java:9)
	at uk.ac.sheffield.com1003.cafe.ingredients.Water.&lt;init&gt;(Water.java:9)
	at uk.ac.sheffield.com1003.cafe.ingredients.Water.&lt;init&gt;(Water.java:9)
	at uk.ac.sheffield.com1003.cafe.ingredients.Water.&lt;init&gt;(Water.java:9)
	at uk.ac.sheffield.com1003.cafe.ingredients.Water.&lt;init&gt;(Water.java:9)
	at uk.ac.sheffield.com1003.cafe.ingredients.Water.&lt;init&gt;(Water.java:9)
	at uk.ac.sheffield.com1003.cafe.ingredients.Water.&lt;init&gt;(Water.java:9)
	at uk.ac.sheffield.com1003.cafe.ingredients.Water.&lt;init&gt;(Water.java:9)
	at uk.ac.sheffield.com1003.cafe.ingredients.Water.&lt;init&gt;(Water.java:9)
	at uk.ac.sheffield.com1003.cafe.ingredients.Water.&lt;init&gt;(Water.java:9)
	at uk.ac.sheffield.com1003.cafe.ingredients.Water.&lt;init&gt;(Water.java:9)
	at uk.ac.sheffield.com1003.cafe.ingredients.Water.&lt;init&gt;(Water.java:9)
	at uk.ac.sheffield.com1003.cafe.ingredients.Water.&lt;init&gt;(Water.java:9)
	at uk.ac.sheffield.com1003.cafe.ingredients.Water.&lt;init&gt;(Water.java:9)
	at uk.ac.sheffield.com1003.cafe.ingredients.Water.&lt;init&gt;(Water.java:9)
	at uk.ac.sheffield.com1003.cafe.ingredients.Water.&lt;init&gt;(Water.java:9)
	at uk.ac.sheffield.com1003.cafe.ingredients.Water.&lt;init&gt;(Water.java:9)
	at uk.ac.sheffield.com1003.cafe.ingredients.Water.&lt;init&gt;(Water.java:9)
	at uk.ac.sheffield.com1003.cafe.ingredients.Water.&lt;init&gt;(Water.java:9)
	at uk.ac.sheffield.com1003.cafe.ingredients.Water.&lt;init&gt;(Water.java:9)
	at uk.ac.sheffield.com1003.cafe.ingredients.Water.&lt;init&gt;(Water.java:9)
	at uk.ac.sheffield.com1003.cafe.ingredients.Water.&lt;init&gt;(Water.java:9)
	at uk.ac.sheffield.com1003.cafe.ingredients.Water.&lt;init&gt;(Water.java:9)
	at uk.ac.sheffield.com1003.cafe.ingredients.Water.&lt;init&gt;(Water.java:9)
	at uk.ac.sheffield.com1003.cafe.ingredients.Water.&lt;init&gt;(Water.java:9)
	at uk.ac.sheffield.com1003.cafe.ingredients.Water.&lt;init&gt;(Water.java:9)
	at uk.ac.sheffield.com1003.cafe.ingredients.Water.&lt;init&gt;(Water.java:9)
	at uk.ac.sheffield.com1003.cafe.ingredients.Water.&lt;init&gt;(Water.java:9)
	at uk.ac.sheffield.com1003.cafe.ingredients.Water.&lt;init&gt;(Water.java:9)
	at uk.ac.sheffield.com1003.cafe.ingredients.Water.&lt;init&gt;(Water.java:9)
	at uk.ac.sheffield.com1003.cafe.ingredients.Water.&lt;init&gt;(Water.java:9)
	at uk.ac.sheffield.com1003.cafe.ingredients.Water.&lt;init&gt;(Water.java:9)
	at uk.ac.sheffield.com1003.cafe.ingredients.Water.&lt;init&gt;(Water.java:9)
	at uk.ac.sheffield.com1003.cafe.ingredients.Water.&lt;init&gt;(Water.java:9)
	at uk.ac.sheffield.com1003.cafe.ingredients.Water.&lt;init&gt;(Water.java:9)
	at uk.ac.sheffield.com1003.cafe.ingredients.Water.&lt;init&gt;(Water.java:9)
	at uk.ac.sheffield.com1003.cafe.ingredients.Water.&lt;init&gt;(Water.java:9)
	at uk.ac.sheffield.com1003.cafe.ingredients.Water.&lt;init&gt;(Water.java:9)
	at uk.ac.sheffield.com1003.cafe.ingredients.Water.&lt;init&gt;(Water.java:9)
	at uk.ac.sheffield.com1003.cafe.ingredients.Water.&lt;init&gt;(Water.java:9)
	at uk.ac.sheffield.com1003.cafe.ingredients.Water.&lt;init&gt;(Water.java:9)
	at uk.ac.sheffield.com1003.cafe.ingredients.Water.&lt;init&gt;(Water.java:9)
	at uk.ac.sheffield.com1003.cafe.ingredients.Water.&lt;init&gt;(Water.java:9)
	at uk.ac.sheffield.com1003.cafe.ingredients.Water.&lt;init&gt;(Water.java:9)
	at uk.ac.sheffield.com1003.cafe.ingredients.Water.&lt;init&gt;(Water.java:9)
	at uk.ac.sheffield.com1003.cafe.ingredients.Water.&lt;init&gt;(Water.java:9)
	at uk.ac.sheffield.com1003.cafe.ingredients.Water.&lt;init&gt;(Water.java:9)
	at uk.ac.sheffield.com1003.cafe.ingredients.Water.&lt;init&gt;(Water.java:9)
	at uk.ac.sheffield.com1003.cafe.ingredients.Water.&lt;init&gt;(Water.java:9)
	at uk.ac.sheffield.com1003.cafe.ingredients.Water.&lt;init&gt;(Water.java:9)
	at uk.ac.sheffield.com1003.cafe.ingredients.Water.&lt;init&gt;(Water.java:9)
	at uk.ac.sheffield.com1003.cafe.ingredients.Water.&lt;init&gt;(Water.java:9)
	at uk.ac.sheffield.com1003.cafe.ingredients.Water.&lt;init&gt;(Water.java:9)
	at uk.ac.sheffield.com1003.cafe.ingredients.Water.&lt;init&gt;(Water.java:9)
	at uk.ac.sheffield.com1003.cafe.ingredients.Water.&lt;init&gt;(Water.java:9)
	at uk.ac.sheffield.com1003.cafe.ingredients.Water.&lt;init&gt;(Water.java:9)
	at uk.ac.sheffield.com1003.cafe.ingredients.Water.&lt;init&gt;(Water.java:9)
	at uk.ac.sheffield.com1003.cafe.ingredients.Water.&lt;init&gt;(Water.java:9)
	at uk.ac.sheffield.com1003.cafe.ingredients.Water.&lt;init&gt;(Water.java:9)
	at uk.ac.sheffield.com1003.cafe.ingredients.Water.&lt;init&gt;(Water.java:9)
	at uk.ac.sheffield.com1003.cafe.ingredients.Water.&lt;init&gt;(Water.java:9)
	at uk.ac.sheffield.com1003.cafe.ingredients.Water.&lt;init&gt;(Water.java:9)
	at uk.ac.sheffield.com1003.cafe.ingredients.Water.&lt;init&gt;(Water.java:9)
	at uk.ac.sheffield.com1003.cafe.ingredients.Water.&lt;init&gt;(Water.java:9)
	at uk.ac.sheffield.com1003.cafe.ingredients.Water.&lt;init&gt;(Water.java:9)
	at uk.ac.sheffield.com1003.cafe.ingredients.Water.&lt;init&gt;(Water.java:9)
	at uk.ac.sheffield.com1003.cafe.ingredients.Water.&lt;init&gt;(Water.java:9)
	at uk.ac.sheffield.com1003.cafe.ingredients.Water.&lt;init&gt;(Water.java:9)
	at uk.ac.sheffield.com1003.cafe.ingredients.Water.&lt;init&gt;(Water.java:9)
	at uk.ac.sheffield.com1003.cafe.ingredients.Water.&lt;init&gt;(Water.java:9)
	at uk.ac.sheffield.com1003.cafe.ingredients.Water.&lt;init&gt;(Water.java:9)
	at uk.ac.sheffield.com1003.cafe.ingredients.Water.&lt;init&gt;(Water.java:9)
	at uk.ac.sheffield.com1003.cafe.ingredients.Water.&lt;init&gt;(Water.java:9)
	at uk.ac.sheffield.com1003.cafe.ingredients.Water.&lt;init&gt;(Water.java:9)
	at uk.ac.sheffield.com1003.cafe.ingredients.Water.&lt;init&gt;(Water.java:9)
	at uk.ac.sheffield.com1003.cafe.ingredients.Water.&lt;init&gt;(Water.java:9)
	at uk.ac.sheffield.com1003.cafe.ingredients.Water.&lt;init&gt;(Water.java:9)
	at uk.ac.sheffield.com1003.cafe.ingredients.Water.&lt;init&gt;(Water.java:9)
	at uk.ac.sheffield.com1003.cafe.ingredients.Water.&lt;init&gt;(Water.java:9)
	at uk.ac.sheffield.com1003.cafe.ingredients.Water.&lt;init&gt;(Water.java:9)
	at uk.ac.sheffield.com1003.cafe.ingredients.Water.&lt;init&gt;(Water.java:9)
	at uk.ac.sheffield.com1003.cafe.ingredients.Water.&lt;init&gt;(Water.java:9)
	at uk.ac.sheffield.com1003.cafe.ingredients.Water.&lt;init&gt;(Water.java:9)
	at uk.ac.sheffield.com1003.cafe.ingredients.Water.&lt;init&gt;(Water.java:9)
	at uk.ac.sheffield.com1003.cafe.ingredients.Water.&lt;init&gt;(Water.java:9)
	at uk.ac.sheffield.com1003.cafe.ingredients.Water.&lt;init&gt;(Water.java:9)
	at uk.ac.sheffield.com1003.cafe.ingredients.Water.&lt;init&gt;(Water.java:9)
	at uk.ac.sheffield.com1003.cafe.ingredients.Water.&lt;init&gt;(Water.java:9)
	at uk.ac.sheffield.com1003.cafe.ingredients.Water.&lt;init&gt;(Water.java:9)
	at uk.ac.sheffield.com1003.cafe.ingredients.Water.&lt;init&gt;(Water.java:9)
	at uk.ac.sheffield.com1003.cafe.ingredients.Water.&lt;init&gt;(Water.java:9)
	at uk.ac.sheffield.com1003.cafe.ingredients.Water.&lt;init&gt;(Water.java:9)
	at uk.ac.sheffield.com1003.cafe.ingredients.Water.&lt;init&gt;(Water.java:9)
	at uk.ac.sheffield.com1003.cafe.ingredients.Water.&lt;init&gt;(Water.java:9)
	at uk.ac.sheffield.com1003.cafe.ingredients.Water.&lt;init&gt;(Water.java:9)
	at uk.ac.sheffield.com1003.cafe.ingredients.Water.&lt;init&gt;(Water.java:9)
	at uk.ac.sheffield.com1003.cafe.ingredients.Water.&lt;init&gt;(Water.java:9)
	at uk.ac.sheffield.com1003.cafe.ingredients.Water.&lt;init&gt;(Water.java:9)
	at uk.ac.sheffield.com1003.cafe.ingredients.Water.&lt;init&gt;(Water.java:9)
	at uk.ac.sheffield.com1003.cafe.ingredients.Water.&lt;init&gt;(Water.java:9)
	at uk.ac.sheffield.com1003.cafe.ingredients.Water.&lt;init&gt;(Water.java:9)
	at uk.ac.sheffield.com1003.cafe.ingredients.Water.&lt;init&gt;(Water.java:9)
	at uk.ac.sheffield.com1003.cafe.ingredients.Water.&lt;init&gt;(Water.java:9)
	at uk.ac.sheffield.com1003.cafe.ingredients.Water.&lt;init&gt;(Water.java:9)
	at uk.ac.sheffield.com1003.cafe.ingredients.Water.&lt;init&gt;(Water.java:9)
	at uk.ac.sheffield.com1003.cafe.ingredients.Water.&lt;init&gt;(Water.java:9)
	at uk.ac.sheffield.com1003.cafe.ingredients.Water.&lt;init&gt;(Water.java:9)
	at uk.ac.sheffield.com1003.cafe.ingredients.Water.&lt;init&gt;(Water.java:9)
	at uk.ac.sheffield.com1003.cafe.ingredients.Water.&lt;init&gt;(Water.java:9)
	at uk.ac.sheffield.com1003.cafe.ingredients.Water.&lt;init&gt;(Water.java:9)
	at uk.ac.sheffield.com1003.cafe.ingredients.Water.&lt;init&gt;(Water.java:9)
	at uk.ac.sheffield.com1003.cafe.ingredients.Water.&lt;init&gt;(Water.java:9)
	at uk.ac.sheffield.com1003.cafe.ingredients.Water.&lt;init&gt;(Water.java:9)
	at uk.ac.sheffield.com1003.cafe.ingredients.Water.&lt;init&gt;(Water.java:9)
	at uk.ac.sheffield.com1003.cafe.ingredients.Water.&lt;init&gt;(Water.java:9)
	at uk.ac.sheffield.com1003.cafe.ingredients.Water.&lt;init&gt;(Water.java:9)
	at uk.ac.sheffield.com1003.cafe.ingredients.Water.&lt;init&gt;(Water.java:9)
	at uk.ac.sheffield.com1003.cafe.ingredients.Water.&lt;init&gt;(Water.java:9)
</failure>
  </testcase>
  <system-out><![CDATA[]]></system-out>
  <system-err><![CDATA[]]></system-err>
</testsuite>
