<?xml version="1.0" encoding="UTF-8"?>
<testsuite name="uk.ac.sheffield.com1003.cafe.TestRecipeEqualsNull" tests="1" skipped="0" failures="0" errors="0" timestamp="2024-03-13T13:41:09" hostname="dyn098145.shef.ac.uk" time="0.001">
  <properties/>
  <testcase name="testRecipeEqualsNull" classname="uk.ac.sheffield.com1003.cafe.TestRecipeEqualsNull" time="0.001"/>
  <system-out><![CDATA[]]></system-out>
  <system-err><![CDATA[]]></system-err>
</testsuite>
