<?xml version="1.0" encoding="UTF-8"?>
<testsuite name="uk.ac.sheffield.com1003.cafe.TestCafeTask6" tests="8" skipped="0" failures="0" errors="0" timestamp="2024-03-14T17:06:18" hostname="dyn098145.shef.ac.uk" time="0.006">
  <properties/>
  <testcase name="testSyrupDefaultConstructorSetsUnit" classname="uk.ac.sheffield.com1003.cafe.TestCafeTask6" time="0.001"/>
  <testcase name="testSyrupToString" classname="uk.ac.sheffield.com1003.cafe.TestCafeTask6" time="0.002"/>
  <testcase name="testSyrupDefaultConstructor" classname="uk.ac.sheffield.com1003.cafe.TestCafeTask6" time="0.0"/>
  <testcase name="testSyrupToStringRelaxed" classname="uk.ac.sheffield.com1003.cafe.TestCafeTask6" time="0.0"/>
  <testcase name="testSyrupOverloadedConstructorSetsUnit" classname="uk.ac.sheffield.com1003.cafe.TestCafeTask6" time="0.001"/>
  <testcase name="testSyrupExists" classname="uk.ac.sheffield.com1003.cafe.TestCafeTask6" time="0.0"/>
  <testcase name="testSyrupOverloadedConstructor" classname="uk.ac.sheffield.com1003.cafe.TestCafeTask6" time="0.001"/>
  <testcase name="testSyrupContainsFlavourField" classname="uk.ac.sheffield.com1003.cafe.TestCafeTask6" time="0.0"/>
  <system-out><![CDATA[]]></system-out>
  <system-err><![CDATA[]]></system-err>
</testsuite>
