<?xml version="1.0" encoding="UTF-8"?>
<testsuite name="uk.ac.sheffield.com1003.cafe.TestPlaceOrder" tests="1" skipped="0" failures="0" errors="0" timestamp="2024-03-14T20:12:07" hostname="dyn098145.shef.ac.uk" time="0.0">
  <properties/>
  <testcase name="placeOrder" classname="uk.ac.sheffield.com1003.cafe.TestPlaceOrder" time="0.0"/>
  <system-out><![CDATA[]]></system-out>
  <system-err><![CDATA[]]></system-err>
</testsuite>
