<?xml version="1.0" encoding="UTF-8"?>
<testsuite name="uk.ac.sheffield.com1003.cafe.TestRemoveRecipe" tests="1" skipped="0" failures="0" errors="0" timestamp="2024-03-18T21:38:30" hostname="Ruizhens-MacBook-Pro.local" time="0.001">
  <properties/>
  <testcase name="testRemoveRecipe" classname="uk.ac.sheffield.com1003.cafe.TestRemoveRecipe" time="0.001"/>
  <system-out><![CDATA[]]></system-out>
  <system-err><![CDATA[]]></system-err>
</testsuite>
