<?xml version="1.0" encoding="UTF-8"?>
<testsuite name="uk.ac.sheffield.com1003.cafe.TestAddRecipeAndMenuSize" tests="1" skipped="0" failures="0" errors="0" timestamp="2024-03-18T21:58:13" hostname="Ruizhens-MacBook-Pro.local" time="0.004">
  <properties/>
  <testcase name="testAddRecipeAndMenuSize" classname="uk.ac.sheffield.com1003.cafe.TestAddRecipeAndMenuSize" time="0.004"/>
  <system-out><![CDATA[]]></system-out>
  <system-err><![CDATA[]]></system-err>
</testsuite>
