<?xml version="1.0" encoding="UTF-8"?>
<testsuite name="uk.ac.sheffield.com1003.cafe.TestCoffeeConstructorOverloaded" tests="1" skipped="0" failures="0" errors="0" timestamp="2024-03-18T23:21:10" hostname="Ruizhens-MacBook-Pro.local" time="0.0">
  <properties/>
  <testcase name="testCoffeeConstructorOverloaded" classname="uk.ac.sheffield.com1003.cafe.TestCoffeeConstructorOverloaded" time="0.0"/>
  <system-out><![CDATA[]]></system-out>
  <system-err><![CDATA[]]></system-err>
</testsuite>
