<?xml version="1.0" encoding="UTF-8"?>
<testsuite name="uk.ac.sheffield.com1003.cafe.TestCafeTask5" tests="15" skipped="0" failures="0" errors="0" timestamp="2024-03-18T21:30:28" hostname="Ruizhens-MacBook-Pro.local" time="0.003">
  <properties/>
  <testcase name="testRecipeMultipleIngredientsDifferentMilkType" classname="uk.ac.sheffield.com1003.cafe.TestCafeTask5" time="0.0"/>
  <testcase name="testRecipeEqualsNoIngredients" classname="uk.ac.sheffield.com1003.cafe.TestCafeTask5" time="0.0"/>
  <testcase name="testRecipeEqualsItself" classname="uk.ac.sheffield.com1003.cafe.TestCafeTask5" time="0.0"/>
  <testcase name="testRecipeNotEqualsNotReady" classname="uk.ac.sheffield.com1003.cafe.TestCafeTask5" time="0.0"/>
  <testcase name="testRecipeNotEqualsSize" classname="uk.ac.sheffield.com1003.cafe.TestCafeTask5" time="0.0"/>
  <testcase name="testRecipeMultipleIngredientsDifferentCoffeeType" classname="uk.ac.sheffield.com1003.cafe.TestCafeTask5" time="0.0"/>
  <testcase name="testRecipeMultipleIngredients" classname="uk.ac.sheffield.com1003.cafe.TestCafeTask5" time="0.0"/>
  <testcase name="testRecipeEqualsDifferentOrderOfSameIngredients" classname="uk.ac.sheffield.com1003.cafe.TestCafeTask5" time="0.0"/>
  <testcase name="testRecipeNotEqualsPrice" classname="uk.ac.sheffield.com1003.cafe.TestCafeTask5" time="0.0"/>
  <testcase name="testRecipeMultipleIngredientsDifferentCoffeeAmount" classname="uk.ac.sheffield.com1003.cafe.TestCafeTask5" time="0.0"/>
  <testcase name="testRecipeMultipleIngredientsDifferentName" classname="uk.ac.sheffield.com1003.cafe.TestCafeTask5" time="0.0"/>
  <testcase name="testRecipeEqualsIncompleteRecipe" classname="uk.ac.sheffield.com1003.cafe.TestCafeTask5" time="0.0"/>
  <testcase name="testRecipeMultipleIngredientsDifferentMilkAmount" classname="uk.ac.sheffield.com1003.cafe.TestCafeTask5" time="0.0"/>
  <testcase name="testRecipeMultipleIngredientsDifferentAmmounts" classname="uk.ac.sheffield.com1003.cafe.TestCafeTask5" time="0.0"/>
  <testcase name="testRecipeEqualsNull" classname="uk.ac.sheffield.com1003.cafe.TestCafeTask5" time="0.0"/>
  <system-out><![CDATA[]]></system-out>
  <system-err><![CDATA[]]></system-err>
</testsuite>
