<?xml version="1.0" encoding="UTF-8"?>
<testsuite name="uk.ac.sheffield.com1003.cafe.TestCafeTask1" tests="10" skipped="0" failures="0" errors="0" timestamp="2024-03-18T23:03:47" hostname="Ruizhens-MacBook-Pro.local" time="0.007">
  <properties/>
  <testcase name="testWaterConstructor" classname="uk.ac.sheffield.com1003.cafe.TestCafeTask1" time="0.0"/>
  <testcase name="testAddRecipeExceedingMenuSize" classname="uk.ac.sheffield.com1003.cafe.TestCafeTask1" time="0.0"/>
  <testcase name="testAddRecipeAndMenuSize" classname="uk.ac.sheffield.com1003.cafe.TestCafeTask1" time="0.0"/>
  <testcase name="testTooManyIngredients" classname="uk.ac.sheffield.com1003.cafe.TestCafeTask1" time="0.0"/>
  <testcase name="testAppClassExists" classname="uk.ac.sheffield.com1003.cafe.TestCafeTask1" time="0.0"/>
  <testcase name="testCoffeeConstructorOverloaded" classname="uk.ac.sheffield.com1003.cafe.TestCafeTask1" time="0.005"/>
  <testcase name="testSoyMilkOptionExists" classname="uk.ac.sheffield.com1003.cafe.TestCafeTask1" time="0.001"/>
  <testcase name="testWaterConstructorOverloaded" classname="uk.ac.sheffield.com1003.cafe.TestCafeTask1" time="0.0"/>
  <testcase name="testAddRecipeMenuSizeZero" classname="uk.ac.sheffield.com1003.cafe.TestCafeTask1" time="0.0"/>
  <testcase name="testCoffeeConstructor" classname="uk.ac.sheffield.com1003.cafe.TestCafeTask1" time="0.0"/>
  <system-out><![CDATA[]]></system-out>
  <system-err><![CDATA[]]></system-err>
</testsuite>
