<?xml version="1.0" encoding="UTF-8"?>
<testsuite name="uk.ac.sheffield.com1003.cafe.TestCafeTask5" tests="15" skipped="0" failures="11" errors="0" timestamp="2024-03-18T21:55:59" hostname="Ruizhens-MacBook-Pro.local" time="0.049">
  <properties/>
  <testcase name="testRecipeMultipleIngredientsDifferentMilkType" classname="uk.ac.sheffield.com1003.cafe.TestCafeTask5" time="0.004">
    <failure message="java.lang.StackOverflowError" type="java.lang.StackOverflowError">java.lang.StackOverflowError
	at uk.ac.sheffield.com1003.cafe.ingredients.Coffee.&lt;init&gt;(Coffee.java:10)
	at uk.ac.sheffield.com1003.cafe.ingredients.Coffee.&lt;init&gt;(Coffee.java:10)
	at uk.ac.sheffield.com1003.cafe.ingredients.Coffee.&lt;init&gt;(Coffee.java:10)
	at uk.ac.sheffield.com1003.cafe.ingredients.Coffee.&lt;init&gt;(Coffee.java:10)
	at uk.ac.sheffield.com1003.cafe.ingredients.Coffee.&lt;init&gt;(Coffee.java:10)
	at uk.ac.sheffield.com1003.cafe.ingredients.Coffee.&lt;init&gt;(Coffee.java:10)
	at uk.ac.sheffield.com1003.cafe.ingredients.Coffee.&lt;init&gt;(Coffee.java:10)
	at uk.ac.sheffield.com1003.cafe.ingredients.Coffee.&lt;init&gt;(Coffee.java:10)
	at uk.ac.sheffield.com1003.cafe.ingredients.Coffee.&lt;init&gt;(Coffee.java:10)
	at uk.ac.sheffield.com1003.cafe.ingredients.Coffee.&lt;init&gt;(Coffee.java:10)
	at uk.ac.sheffield.com1003.cafe.ingredients.Coffee.&lt;init&gt;(Coffee.java:10)
	at uk.ac.sheffield.com1003.cafe.ingredients.Coffee.&lt;init&gt;(Coffee.java:10)
	at uk.ac.sheffield.com1003.cafe.ingredients.Coffee.&lt;init&gt;(Coffee.java:10)
	at uk.ac.sheffield.com1003.cafe.ingredients.Coffee.&lt;init&gt;(Coffee.java:10)
	at uk.ac.sheffield.com1003.cafe.ingredients.Coffee.&lt;init&gt;(Coffee.java:10)
	at uk.ac.sheffield.com1003.cafe.ingredients.Coffee.&lt;init&gt;(Coffee.java:10)
	at uk.ac.sheffield.com1003.cafe.ingredients.Coffee.&lt;init&gt;(Coffee.java:10)
	at uk.ac.sheffield.com1003.cafe.ingredients.Coffee.&lt;init&gt;(Coffee.java:10)
	at uk.ac.sheffield.com1003.cafe.ingredients.Coffee.&lt;init&gt;(Coffee.java:10)
	at uk.ac.sheffield.com1003.cafe.ingredients.Coffee.&lt;init&gt;(Coffee.java:10)
	at uk.ac.sheffield.com1003.cafe.ingredients.Coffee.&lt;init&gt;(Coffee.java:10)
	at uk.ac.sheffield.com1003.cafe.ingredients.Coffee.&lt;init&gt;(Coffee.java:10)
	at uk.ac.sheffield.com1003.cafe.ingredients.Coffee.&lt;init&gt;(Coffee.java:10)
	at uk.ac.sheffield.com1003.cafe.ingredients.Coffee.&lt;init&gt;(Coffee.java:10)
	at uk.ac.sheffield.com1003.cafe.ingredients.Coffee.&lt;init&gt;(Coffee.java:10)
	at uk.ac.sheffield.com1003.cafe.ingredients.Coffee.&lt;init&gt;(Coffee.java:10)
	at uk.ac.sheffield.com1003.cafe.ingredients.Coffee.&lt;init&gt;(Coffee.java:10)
	at uk.ac.sheffield.com1003.cafe.ingredients.Coffee.&lt;init&gt;(Coffee.java:10)
	at uk.ac.sheffield.com1003.cafe.ingredients.Coffee.&lt;init&gt;(Coffee.java:10)
	at uk.ac.sheffield.com1003.cafe.ingredients.Coffee.&lt;init&gt;(Coffee.java:10)
	at uk.ac.sheffield.com1003.cafe.ingredients.Coffee.&lt;init&gt;(Coffee.java:10)
	at uk.ac.sheffield.com1003.cafe.ingredients.Coffee.&lt;init&gt;(Coffee.java:10)
	at uk.ac.sheffield.com1003.cafe.ingredients.Coffee.&lt;init&gt;(Coffee.java:10)
	at uk.ac.sheffield.com1003.cafe.ingredients.Coffee.&lt;init&gt;(Coffee.java:10)
	at uk.ac.sheffield.com1003.cafe.ingredients.Coffee.&lt;init&gt;(Coffee.java:10)
	at uk.ac.sheffield.com1003.cafe.ingredients.Coffee.&lt;init&gt;(Coffee.java:10)
	at uk.ac.sheffield.com1003.cafe.ingredients.Coffee.&lt;init&gt;(Coffee.java:10)
	at uk.ac.sheffield.com1003.cafe.ingredients.Coffee.&lt;init&gt;(Coffee.java:10)
	at uk.ac.sheffield.com1003.cafe.ingredients.Coffee.&lt;init&gt;(Coffee.java:10)
	at uk.ac.sheffield.com1003.cafe.ingredients.Coffee.&lt;init&gt;(Coffee.java:10)
	at uk.ac.sheffield.com1003.cafe.ingredients.Coffee.&lt;init&gt;(Coffee.java:10)
	at uk.ac.sheffield.com1003.cafe.ingredients.Coffee.&lt;init&gt;(Coffee.java:10)
	at uk.ac.sheffield.com1003.cafe.ingredients.Coffee.&lt;init&gt;(Coffee.java:10)
	at uk.ac.sheffield.com1003.cafe.ingredients.Coffee.&lt;init&gt;(Coffee.java:10)
	at uk.ac.sheffield.com1003.cafe.ingredients.Coffee.&lt;init&gt;(Coffee.java:10)
	at uk.ac.sheffield.com1003.cafe.ingredients.Coffee.&lt;init&gt;(Coffee.java:10)
	at uk.ac.sheffield.com1003.cafe.ingredients.Coffee.&lt;init&gt;(Coffee.java:10)
	at uk.ac.sheffield.com1003.cafe.ingredients.Coffee.&lt;init&gt;(Coffee.java:10)
	at uk.ac.sheffield.com1003.cafe.ingredients.Coffee.&lt;init&gt;(Coffee.java:10)
	at uk.ac.sheffield.com1003.cafe.ingredients.Coffee.&lt;init&gt;(Coffee.java:10)
	at uk.ac.sheffield.com1003.cafe.ingredients.Coffee.&lt;init&gt;(Coffee.java:10)
	at uk.ac.sheffield.com1003.cafe.ingredients.Coffee.&lt;init&gt;(Coffee.java:10)
	at uk.ac.sheffield.com1003.cafe.ingredients.Coffee.&lt;init&gt;(Coffee.java:10)
	at uk.ac.sheffield.com1003.cafe.ingredients.Coffee.&lt;init&gt;(Coffee.java:10)
	at uk.ac.sheffield.com1003.cafe.ingredients.Coffee.&lt;init&gt;(Coffee.java:10)
	at uk.ac.sheffield.com1003.cafe.ingredients.Coffee.&lt;init&gt;(Coffee.java:10)
	at uk.ac.sheffield.com1003.cafe.ingredients.Coffee.&lt;init&gt;(Coffee.java:10)
	at uk.ac.sheffield.com1003.cafe.ingredients.Coffee.&lt;init&gt;(Coffee.java:10)
	at uk.ac.sheffield.com1003.cafe.ingredients.Coffee.&lt;init&gt;(Coffee.java:10)
	at uk.ac.sheffield.com1003.cafe.ingredients.Coffee.&lt;init&gt;(Coffee.java:10)
	at uk.ac.sheffield.com1003.cafe.ingredients.Coffee.&lt;init&gt;(Coffee.java:10)
	at uk.ac.sheffield.com1003.cafe.ingredients.Coffee.&lt;init&gt;(Coffee.java:10)
	at uk.ac.sheffield.com1003.cafe.ingredients.Coffee.&lt;init&gt;(Coffee.java:10)
	at uk.ac.sheffield.com1003.cafe.ingredients.Coffee.&lt;init&gt;(Coffee.java:10)
	at uk.ac.sheffield.com1003.cafe.ingredients.Coffee.&lt;init&gt;(Coffee.java:10)
	at uk.ac.sheffield.com1003.cafe.ingredients.Coffee.&lt;init&gt;(Coffee.java:10)
	at uk.ac.sheffield.com1003.cafe.ingredients.Coffee.&lt;init&gt;(Coffee.java:10)
	at uk.ac.sheffield.com1003.cafe.ingredients.Coffee.&lt;init&gt;(Coffee.java:10)
	at uk.ac.sheffield.com1003.cafe.ingredients.Coffee.&lt;init&gt;(Coffee.java:10)
	at uk.ac.sheffield.com1003.cafe.ingredients.Coffee.&lt;init&gt;(Coffee.java:10)
	at uk.ac.sheffield.com1003.cafe.ingredients.Coffee.&lt;init&gt;(Coffee.java:10)
	at uk.ac.sheffield.com1003.cafe.ingredients.Coffee.&lt;init&gt;(Coffee.java:10)
	at uk.ac.sheffield.com1003.cafe.ingredients.Coffee.&lt;init&gt;(Coffee.java:10)
	at uk.ac.sheffield.com1003.cafe.ingredients.Coffee.&lt;init&gt;(Coffee.java:10)
	at uk.ac.sheffield.com1003.cafe.ingredients.Coffee.&lt;init&gt;(Coffee.java:10)
	at uk.ac.sheffield.com1003.cafe.ingredients.Coffee.&lt;init&gt;(Coffee.java:10)
	at uk.ac.sheffield.com1003.cafe.ingredients.Coffee.&lt;init&gt;(Coffee.java:10)
	at uk.ac.sheffield.com1003.cafe.ingredients.Coffee.&lt;init&gt;(Coffee.java:10)
	at uk.ac.sheffield.com1003.cafe.ingredients.Coffee.&lt;init&gt;(Coffee.java:10)
	at uk.ac.sheffield.com1003.cafe.ingredients.Coffee.&lt;init&gt;(Coffee.java:10)
	at uk.ac.sheffield.com1003.cafe.ingredients.Coffee.&lt;init&gt;(Coffee.java:10)
	at uk.ac.sheffield.com1003.cafe.ingredients.Coffee.&lt;init&gt;(Coffee.java:10)
	at uk.ac.sheffield.com1003.cafe.ingredients.Coffee.&lt;init&gt;(Coffee.java:10)
	at uk.ac.sheffield.com1003.cafe.ingredients.Coffee.&lt;init&gt;(Coffee.java:10)
	at uk.ac.sheffield.com1003.cafe.ingredients.Coffee.&lt;init&gt;(Coffee.java:10)
	at uk.ac.sheffield.com1003.cafe.ingredients.Coffee.&lt;init&gt;(Coffee.java:10)
	at uk.ac.sheffield.com1003.cafe.ingredients.Coffee.&lt;init&gt;(Coffee.java:10)
	at uk.ac.sheffield.com1003.cafe.ingredients.Coffee.&lt;init&gt;(Coffee.java:10)
	at uk.ac.sheffield.com1003.cafe.ingredients.Coffee.&lt;init&gt;(Coffee.java:10)
	at uk.ac.sheffield.com1003.cafe.ingredients.Coffee.&lt;init&gt;(Coffee.java:10)
	at uk.ac.sheffield.com1003.cafe.ingredients.Coffee.&lt;init&gt;(Coffee.java:10)
	at uk.ac.sheffield.com1003.cafe.ingredients.Coffee.&lt;init&gt;(Coffee.java:10)
	at uk.ac.sheffield.com1003.cafe.ingredients.Coffee.&lt;init&gt;(Coffee.java:10)
	at uk.ac.sheffield.com1003.cafe.ingredients.Coffee.&lt;init&gt;(Coffee.java:10)
	at uk.ac.sheffield.com1003.cafe.ingredients.Coffee.&lt;init&gt;(Coffee.java:10)
	at uk.ac.sheffield.com1003.cafe.ingredients.Coffee.&lt;init&gt;(Coffee.java:10)
	at uk.ac.sheffield.com1003.cafe.ingredients.Coffee.&lt;init&gt;(Coffee.java:10)
	at uk.ac.sheffield.com1003.cafe.ingredients.Coffee.&lt;init&gt;(Coffee.java:10)
	at uk.ac.sheffield.com1003.cafe.ingredients.Coffee.&lt;init&gt;(Coffee.java:10)
	at uk.ac.sheffield.com1003.cafe.ingredients.Coffee.&lt;init&gt;(Coffee.java:10)
	at uk.ac.sheffield.com1003.cafe.ingredients.Coffee.&lt;init&gt;(Coffee.java:10)
	at uk.ac.sheffield.com1003.cafe.ingredients.Coffee.&lt;init&gt;(Coffee.java:10)
	at uk.ac.sheffield.com1003.cafe.ingredients.Coffee.&lt;init&gt;(Coffee.java:10)
	at uk.ac.sheffield.com1003.cafe.ingredients.Coffee.&lt;init&gt;(Coffee.java:10)
	at uk.ac.sheffield.com1003.cafe.ingredients.Coffee.&lt;init&gt;(Coffee.java:10)
	at uk.ac.sheffield.com1003.cafe.ingredients.Coffee.&lt;init&gt;(Coffee.java:10)
	at uk.ac.sheffield.com1003.cafe.ingredients.Coffee.&lt;init&gt;(Coffee.java:10)
	at uk.ac.sheffield.com1003.cafe.ingredients.Coffee.&lt;init&gt;(Coffee.java:10)
	at uk.ac.sheffield.com1003.cafe.ingredients.Coffee.&lt;init&gt;(Coffee.java:10)
	at uk.ac.sheffield.com1003.cafe.ingredients.Coffee.&lt;init&gt;(Coffee.java:10)
	at uk.ac.sheffield.com1003.cafe.ingredients.Coffee.&lt;init&gt;(Coffee.java:10)
	at uk.ac.sheffield.com1003.cafe.ingredients.Coffee.&lt;init&gt;(Coffee.java:10)
	at uk.ac.sheffield.com1003.cafe.ingredients.Coffee.&lt;init&gt;(Coffee.java:10)
	at uk.ac.sheffield.com1003.cafe.ingredients.Coffee.&lt;init&gt;(Coffee.java:10)
	at uk.ac.sheffield.com1003.cafe.ingredients.Coffee.&lt;init&gt;(Coffee.java:10)
	at uk.ac.sheffield.com1003.cafe.ingredients.Coffee.&lt;init&gt;(Coffee.java:10)
	at uk.ac.sheffield.com1003.cafe.ingredients.Coffee.&lt;init&gt;(Coffee.java:10)
	at uk.ac.sheffield.com1003.cafe.ingredients.Coffee.&lt;init&gt;(Coffee.java:10)
	at uk.ac.sheffield.com1003.cafe.ingredients.Coffee.&lt;init&gt;(Coffee.java:10)
	at uk.ac.sheffield.com1003.cafe.ingredients.Coffee.&lt;init&gt;(Coffee.java:10)
	at uk.ac.sheffield.com1003.cafe.ingredients.Coffee.&lt;init&gt;(Coffee.java:10)
	at uk.ac.sheffield.com1003.cafe.ingredients.Coffee.&lt;init&gt;(Coffee.java:10)
	at uk.ac.sheffield.com1003.cafe.ingredients.Coffee.&lt;init&gt;(Coffee.java:10)
	at uk.ac.sheffield.com1003.cafe.ingredients.Coffee.&lt;init&gt;(Coffee.java:10)
	at uk.ac.sheffield.com1003.cafe.ingredients.Coffee.&lt;init&gt;(Coffee.java:10)
	at uk.ac.sheffield.com1003.cafe.ingredients.Coffee.&lt;init&gt;(Coffee.java:10)
	at uk.ac.sheffield.com1003.cafe.ingredients.Coffee.&lt;init&gt;(Coffee.java:10)
	at uk.ac.sheffield.com1003.cafe.ingredients.Coffee.&lt;init&gt;(Coffee.java:10)
	at uk.ac.sheffield.com1003.cafe.ingredients.Coffee.&lt;init&gt;(Coffee.java:10)
	at uk.ac.sheffield.com1003.cafe.ingredients.Coffee.&lt;init&gt;(Coffee.java:10)
	at uk.ac.sheffield.com1003.cafe.ingredients.Coffee.&lt;init&gt;(Coffee.java:10)
	at uk.ac.sheffield.com1003.cafe.ingredients.Coffee.&lt;init&gt;(Coffee.java:10)
	at uk.ac.sheffield.com1003.cafe.ingredients.Coffee.&lt;init&gt;(Coffee.java:10)
	at uk.ac.sheffield.com1003.cafe.ingredients.Coffee.&lt;init&gt;(Coffee.java:10)
	at uk.ac.sheffield.com1003.cafe.ingredients.Coffee.&lt;init&gt;(Coffee.java:10)
	at uk.ac.sheffield.com1003.cafe.ingredients.Coffee.&lt;init&gt;(Coffee.java:10)
	at uk.ac.sheffield.com1003.cafe.ingredients.Coffee.&lt;init&gt;(Coffee.java:10)
	at uk.ac.sheffield.com1003.cafe.ingredients.Coffee.&lt;init&gt;(Coffee.java:10)
	at uk.ac.sheffield.com1003.cafe.ingredients.Coffee.&lt;init&gt;(Coffee.java:10)
	at uk.ac.sheffield.com1003.cafe.ingredients.Coffee.&lt;init&gt;(Coffee.java:10)
	at uk.ac.sheffield.com1003.cafe.ingredients.Coffee.&lt;init&gt;(Coffee.java:10)
	at uk.ac.sheffield.com1003.cafe.ingredients.Coffee.&lt;init&gt;(Coffee.java:10)
	at uk.ac.sheffield.com1003.cafe.ingredients.Coffee.&lt;init&gt;(Coffee.java:10)
	at uk.ac.sheffield.com1003.cafe.ingredients.Coffee.&lt;init&gt;(Coffee.java:10)
	at uk.ac.sheffield.com1003.cafe.ingredients.Coffee.&lt;init&gt;(Coffee.java:10)
	at uk.ac.sheffield.com1003.cafe.ingredients.Coffee.&lt;init&gt;(Coffee.java:10)
	at uk.ac.sheffield.com1003.cafe.ingredients.Coffee.&lt;init&gt;(Coffee.java:10)
	at uk.ac.sheffield.com1003.cafe.ingredients.Coffee.&lt;init&gt;(Coffee.java:10)
	at uk.ac.sheffield.com1003.cafe.ingredients.Coffee.&lt;init&gt;(Coffee.java:10)
	at uk.ac.sheffield.com1003.cafe.ingredients.Coffee.&lt;init&gt;(Coffee.java:10)
	at uk.ac.sheffield.com1003.cafe.ingredients.Coffee.&lt;init&gt;(Coffee.java:10)
	at uk.ac.sheffield.com1003.cafe.ingredients.Coffee.&lt;init&gt;(Coffee.java:10)
	at uk.ac.sheffield.com1003.cafe.ingredients.Coffee.&lt;init&gt;(Coffee.java:10)
	at uk.ac.sheffield.com1003.cafe.ingredients.Coffee.&lt;init&gt;(Coffee.java:10)
	at uk.ac.sheffield.com1003.cafe.ingredients.Coffee.&lt;init&gt;(Coffee.java:10)
	at uk.ac.sheffield.com1003.cafe.ingredients.Coffee.&lt;init&gt;(Coffee.java:10)
	at uk.ac.sheffield.com1003.cafe.ingredients.Coffee.&lt;init&gt;(Coffee.java:10)
	at uk.ac.sheffield.com1003.cafe.ingredients.Coffee.&lt;init&gt;(Coffee.java:10)
	at uk.ac.sheffield.com1003.cafe.ingredients.Coffee.&lt;init&gt;(Coffee.java:10)
	at uk.ac.sheffield.com1003.cafe.ingredients.Coffee.&lt;init&gt;(Coffee.java:10)
	at uk.ac.sheffield.com1003.cafe.ingredients.Coffee.&lt;init&gt;(Coffee.java:10)
	at uk.ac.sheffield.com1003.cafe.ingredients.Coffee.&lt;init&gt;(Coffee.java:10)
	at uk.ac.sheffield.com1003.cafe.ingredients.Coffee.&lt;init&gt;(Coffee.java:10)
	at uk.ac.sheffield.com1003.cafe.ingredients.Coffee.&lt;init&gt;(Coffee.java:10)
	at uk.ac.sheffield.com1003.cafe.ingredients.Coffee.&lt;init&gt;(Coffee.java:10)
	at uk.ac.sheffield.com1003.cafe.ingredients.Coffee.&lt;init&gt;(Coffee.java:10)
	at uk.ac.sheffield.com1003.cafe.ingredients.Coffee.&lt;init&gt;(Coffee.java:10)
	at uk.ac.sheffield.com1003.cafe.ingredients.Coffee.&lt;init&gt;(Coffee.java:10)
	at uk.ac.sheffield.com1003.cafe.ingredients.Coffee.&lt;init&gt;(Coffee.java:10)
	at uk.ac.sheffield.com1003.cafe.ingredients.Coffee.&lt;init&gt;(Coffee.java:10)
	at uk.ac.sheffield.com1003.cafe.ingredients.Coffee.&lt;init&gt;(Coffee.java:10)
	at uk.ac.sheffield.com1003.cafe.ingredients.Coffee.&lt;init&gt;(Coffee.java:10)
	at uk.ac.sheffield.com1003.cafe.ingredients.Coffee.&lt;init&gt;(Coffee.java:10)
	at uk.ac.sheffield.com1003.cafe.ingredients.Coffee.&lt;init&gt;(Coffee.java:10)
	at uk.ac.sheffield.com1003.cafe.ingredients.Coffee.&lt;init&gt;(Coffee.java:10)
	at uk.ac.sheffield.com1003.cafe.ingredients.Coffee.&lt;init&gt;(Coffee.java:10)
	at uk.ac.sheffield.com1003.cafe.ingredients.Coffee.&lt;init&gt;(Coffee.java:10)
	at uk.ac.sheffield.com1003.cafe.ingredients.Coffee.&lt;init&gt;(Coffee.java:10)
	at uk.ac.sheffield.com1003.cafe.ingredients.Coffee.&lt;init&gt;(Coffee.java:10)
	at uk.ac.sheffield.com1003.cafe.ingredients.Coffee.&lt;init&gt;(Coffee.java:10)
	at uk.ac.sheffield.com1003.cafe.ingredients.Coffee.&lt;init&gt;(Coffee.java:10)
	at uk.ac.sheffield.com1003.cafe.ingredients.Coffee.&lt;init&gt;(Coffee.java:10)
	at uk.ac.sheffield.com1003.cafe.ingredients.Coffee.&lt;init&gt;(Coffee.java:10)
	at uk.ac.sheffield.com1003.cafe.ingredients.Coffee.&lt;init&gt;(Coffee.java:10)
	at uk.ac.sheffield.com1003.cafe.ingredients.Coffee.&lt;init&gt;(Coffee.java:10)
	at uk.ac.sheffield.com1003.cafe.ingredients.Coffee.&lt;init&gt;(Coffee.java:10)
	at uk.ac.sheffield.com1003.cafe.ingredients.Coffee.&lt;init&gt;(Coffee.java:10)
	at uk.ac.sheffield.com1003.cafe.ingredients.Coffee.&lt;init&gt;(Coffee.java:10)
	at uk.ac.sheffield.com1003.cafe.ingredients.Coffee.&lt;init&gt;(Coffee.java:10)
	at uk.ac.sheffield.com1003.cafe.ingredients.Coffee.&lt;init&gt;(Coffee.java:10)
	at uk.ac.sheffield.com1003.cafe.ingredients.Coffee.&lt;init&gt;(Coffee.java:10)
	at uk.ac.sheffield.com1003.cafe.ingredients.Coffee.&lt;init&gt;(Coffee.java:10)
	at uk.ac.sheffield.com1003.cafe.ingredients.Coffee.&lt;init&gt;(Coffee.java:10)
	at uk.ac.sheffield.com1003.cafe.ingredients.Coffee.&lt;init&gt;(Coffee.java:10)
	at uk.ac.sheffield.com1003.cafe.ingredients.Coffee.&lt;init&gt;(Coffee.java:10)
	at uk.ac.sheffield.com1003.cafe.ingredients.Coffee.&lt;init&gt;(Coffee.java:10)
	at uk.ac.sheffield.com1003.cafe.ingredients.Coffee.&lt;init&gt;(Coffee.java:10)
	at uk.ac.sheffield.com1003.cafe.ingredients.Coffee.&lt;init&gt;(Coffee.java:10)
	at uk.ac.sheffield.com1003.cafe.ingredients.Coffee.&lt;init&gt;(Coffee.java:10)
	at uk.ac.sheffield.com1003.cafe.ingredients.Coffee.&lt;init&gt;(Coffee.java:10)
	at uk.ac.sheffield.com1003.cafe.ingredients.Coffee.&lt;init&gt;(Coffee.java:10)
	at uk.ac.sheffield.com1003.cafe.ingredients.Coffee.&lt;init&gt;(Coffee.java:10)
	at uk.ac.sheffield.com1003.cafe.ingredients.Coffee.&lt;init&gt;(Coffee.java:10)
	at uk.ac.sheffield.com1003.cafe.ingredients.Coffee.&lt;init&gt;(Coffee.java:10)
	at uk.ac.sheffield.com1003.cafe.ingredients.Coffee.&lt;init&gt;(Coffee.java:10)
	at uk.ac.sheffield.com1003.cafe.ingredients.Coffee.&lt;init&gt;(Coffee.java:10)
	at uk.ac.sheffield.com1003.cafe.ingredients.Coffee.&lt;init&gt;(Coffee.java:10)
	at uk.ac.sheffield.com1003.cafe.ingredients.Coffee.&lt;init&gt;(Coffee.java:10)
	at uk.ac.sheffield.com1003.cafe.ingredients.Coffee.&lt;init&gt;(Coffee.java:10)
	at uk.ac.sheffield.com1003.cafe.ingredients.Coffee.&lt;init&gt;(Coffee.java:10)
	at uk.ac.sheffield.com1003.cafe.ingredients.Coffee.&lt;init&gt;(Coffee.java:10)
	at uk.ac.sheffield.com1003.cafe.ingredients.Coffee.&lt;init&gt;(Coffee.java:10)
	at uk.ac.sheffield.com1003.cafe.ingredients.Coffee.&lt;init&gt;(Coffee.java:10)
	at uk.ac.sheffield.com1003.cafe.ingredients.Coffee.&lt;init&gt;(Coffee.java:10)
	at uk.ac.sheffield.com1003.cafe.ingredients.Coffee.&lt;init&gt;(Coffee.java:10)
	at uk.ac.sheffield.com1003.cafe.ingredients.Coffee.&lt;init&gt;(Coffee.java:10)
	at uk.ac.sheffield.com1003.cafe.ingredients.Coffee.&lt;init&gt;(Coffee.java:10)
	at uk.ac.sheffield.com1003.cafe.ingredients.Coffee.&lt;init&gt;(Coffee.java:10)
	at uk.ac.sheffield.com1003.cafe.ingredients.Coffee.&lt;init&gt;(Coffee.java:10)
	at uk.ac.sheffield.com1003.cafe.ingredients.Coffee.&lt;init&gt;(Coffee.java:10)
	at uk.ac.sheffield.com1003.cafe.ingredients.Coffee.&lt;init&gt;(Coffee.java:10)
	at uk.ac.sheffield.com1003.cafe.ingredients.Coffee.&lt;init&gt;(Coffee.java:10)
	at uk.ac.sheffield.com1003.cafe.ingredients.Coffee.&lt;init&gt;(Coffee.java:10)
	at uk.ac.sheffield.com1003.cafe.ingredients.Coffee.&lt;init&gt;(Coffee.java:10)
	at uk.ac.sheffield.com1003.cafe.ingredients.Coffee.&lt;init&gt;(Coffee.java:10)
	at uk.ac.sheffield.com1003.cafe.ingredients.Coffee.&lt;init&gt;(Coffee.java:10)
	at uk.ac.sheffield.com1003.cafe.ingredients.Coffee.&lt;init&gt;(Coffee.java:10)
	at uk.ac.sheffield.com1003.cafe.ingredients.Coffee.&lt;init&gt;(Coffee.java:10)
	at uk.ac.sheffield.com1003.cafe.ingredients.Coffee.&lt;init&gt;(Coffee.java:10)
	at uk.ac.sheffield.com1003.cafe.ingredients.Coffee.&lt;init&gt;(Coffee.java:10)
	at uk.ac.sheffield.com1003.cafe.ingredients.Coffee.&lt;init&gt;(Coffee.java:10)
	at uk.ac.sheffield.com1003.cafe.ingredients.Coffee.&lt;init&gt;(Coffee.java:10)
	at uk.ac.sheffield.com1003.cafe.ingredients.Coffee.&lt;init&gt;(Coffee.java:10)
	at uk.ac.sheffield.com1003.cafe.ingredients.Coffee.&lt;init&gt;(Coffee.java:10)
	at uk.ac.sheffield.com1003.cafe.ingredients.Coffee.&lt;init&gt;(Coffee.java:10)
	at uk.ac.sheffield.com1003.cafe.ingredients.Coffee.&lt;init&gt;(Coffee.java:10)
	at uk.ac.sheffield.com1003.cafe.ingredients.Coffee.&lt;init&gt;(Coffee.java:10)
	at uk.ac.sheffield.com1003.cafe.ingredients.Coffee.&lt;init&gt;(Coffee.java:10)
	at uk.ac.sheffield.com1003.cafe.ingredients.Coffee.&lt;init&gt;(Coffee.java:10)
	at uk.ac.sheffield.com1003.cafe.ingredients.Coffee.&lt;init&gt;(Coffee.java:10)
	at uk.ac.sheffield.com1003.cafe.ingredients.Coffee.&lt;init&gt;(Coffee.java:10)
	at uk.ac.sheffield.com1003.cafe.ingredients.Coffee.&lt;init&gt;(Coffee.java:10)
	at uk.ac.sheffield.com1003.cafe.ingredients.Coffee.&lt;init&gt;(Coffee.java:10)
	at uk.ac.sheffield.com1003.cafe.ingredients.Coffee.&lt;init&gt;(Coffee.java:10)
	at uk.ac.sheffield.com1003.cafe.ingredients.Coffee.&lt;init&gt;(Coffee.java:10)
	at uk.ac.sheffield.com1003.cafe.ingredients.Coffee.&lt;init&gt;(Coffee.java:10)
	at uk.ac.sheffield.com1003.cafe.ingredients.Coffee.&lt;init&gt;(Coffee.java:10)
	at uk.ac.sheffield.com1003.cafe.ingredients.Coffee.&lt;init&gt;(Coffee.java:10)
	at uk.ac.sheffield.com1003.cafe.ingredients.Coffee.&lt;init&gt;(Coffee.java:10)
	at uk.ac.sheffield.com1003.cafe.ingredients.Coffee.&lt;init&gt;(Coffee.java:10)
	at uk.ac.sheffield.com1003.cafe.ingredients.Coffee.&lt;init&gt;(Coffee.java:10)
	at uk.ac.sheffield.com1003.cafe.ingredients.Coffee.&lt;init&gt;(Coffee.java:10)
	at uk.ac.sheffield.com1003.cafe.ingredients.Coffee.&lt;init&gt;(Coffee.java:10)
	at uk.ac.sheffield.com1003.cafe.ingredients.Coffee.&lt;init&gt;(Coffee.java:10)
	at uk.ac.sheffield.com1003.cafe.ingredients.Coffee.&lt;init&gt;(Coffee.java:10)
	at uk.ac.sheffield.com1003.cafe.ingredients.Coffee.&lt;init&gt;(Coffee.java:10)
	at uk.ac.sheffield.com1003.cafe.ingredients.Coffee.&lt;init&gt;(Coffee.java:10)
	at uk.ac.sheffield.com1003.cafe.ingredients.Coffee.&lt;init&gt;(Coffee.java:10)
	at uk.ac.sheffield.com1003.cafe.ingredients.Coffee.&lt;init&gt;(Coffee.java:10)
	at uk.ac.sheffield.com1003.cafe.ingredients.Coffee.&lt;init&gt;(Coffee.java:10)
	at uk.ac.sheffield.com1003.cafe.ingredients.Coffee.&lt;init&gt;(Coffee.java:10)
	at uk.ac.sheffield.com1003.cafe.ingredients.Coffee.&lt;init&gt;(Coffee.java:10)
	at uk.ac.sheffield.com1003.cafe.ingredients.Coffee.&lt;init&gt;(Coffee.java:10)
	at uk.ac.sheffield.com1003.cafe.ingredients.Coffee.&lt;init&gt;(Coffee.java:10)
	at uk.ac.sheffield.com1003.cafe.ingredients.Coffee.&lt;init&gt;(Coffee.java:10)
	at uk.ac.sheffield.com1003.cafe.ingredients.Coffee.&lt;init&gt;(Coffee.java:10)
	at uk.ac.sheffield.com1003.cafe.ingredients.Coffee.&lt;init&gt;(Coffee.java:10)
	at uk.ac.sheffield.com1003.cafe.ingredients.Coffee.&lt;init&gt;(Coffee.java:10)
	at uk.ac.sheffield.com1003.cafe.ingredients.Coffee.&lt;init&gt;(Coffee.java:10)
	at uk.ac.sheffield.com1003.cafe.ingredients.Coffee.&lt;init&gt;(Coffee.java:10)
	at uk.ac.sheffield.com1003.cafe.ingredients.Coffee.&lt;init&gt;(Coffee.java:10)
	at uk.ac.sheffield.com1003.cafe.ingredients.Coffee.&lt;init&gt;(Coffee.java:10)
	at uk.ac.sheffield.com1003.cafe.ingredients.Coffee.&lt;init&gt;(Coffee.java:10)
	at uk.ac.sheffield.com1003.cafe.ingredients.Coffee.&lt;init&gt;(Coffee.java:10)
	at uk.ac.sheffield.com1003.cafe.ingredients.Coffee.&lt;init&gt;(Coffee.java:10)
	at uk.ac.sheffield.com1003.cafe.ingredients.Coffee.&lt;init&gt;(Coffee.java:10)
	at uk.ac.sheffield.com1003.cafe.ingredients.Coffee.&lt;init&gt;(Coffee.java:10)
	at uk.ac.sheffield.com1003.cafe.ingredients.Coffee.&lt;init&gt;(Coffee.java:10)
	at uk.ac.sheffield.com1003.cafe.ingredients.Coffee.&lt;init&gt;(Coffee.java:10)
	at uk.ac.sheffield.com1003.cafe.ingredients.Coffee.&lt;init&gt;(Coffee.java:10)
	at uk.ac.sheffield.com1003.cafe.ingredients.Coffee.&lt;init&gt;(Coffee.java:10)
	at uk.ac.sheffield.com1003.cafe.ingredients.Coffee.&lt;init&gt;(Coffee.java:10)
	at uk.ac.sheffield.com1003.cafe.ingredients.Coffee.&lt;init&gt;(Coffee.java:10)
	at uk.ac.sheffield.com1003.cafe.ingredients.Coffee.&lt;init&gt;(Coffee.java:10)
	at uk.ac.sheffield.com1003.cafe.ingredients.Coffee.&lt;init&gt;(Coffee.java:10)
	at uk.ac.sheffield.com1003.cafe.ingredients.Coffee.&lt;init&gt;(Coffee.java:10)
	at uk.ac.sheffield.com1003.cafe.ingredients.Coffee.&lt;init&gt;(Coffee.java:10)
	at uk.ac.sheffield.com1003.cafe.ingredients.Coffee.&lt;init&gt;(Coffee.java:10)
	at uk.ac.sheffield.com1003.cafe.ingredients.Coffee.&lt;init&gt;(Coffee.java:10)
	at uk.ac.sheffield.com1003.cafe.ingredients.Coffee.&lt;init&gt;(Coffee.java:10)
	at uk.ac.sheffield.com1003.cafe.ingredients.Coffee.&lt;init&gt;(Coffee.java:10)
	at uk.ac.sheffield.com1003.cafe.ingredients.Coffee.&lt;init&gt;(Coffee.java:10)
	at uk.ac.sheffield.com1003.cafe.ingredients.Coffee.&lt;init&gt;(Coffee.java:10)
	at uk.ac.sheffield.com1003.cafe.ingredients.Coffee.&lt;init&gt;(Coffee.java:10)
	at uk.ac.sheffield.com1003.cafe.ingredients.Coffee.&lt;init&gt;(Coffee.java:10)
	at uk.ac.sheffield.com1003.cafe.ingredients.Coffee.&lt;init&gt;(Coffee.java:10)
	at uk.ac.sheffield.com1003.cafe.ingredients.Coffee.&lt;init&gt;(Coffee.java:10)
	at uk.ac.sheffield.com1003.cafe.ingredients.Coffee.&lt;init&gt;(Coffee.java:10)
	at uk.ac.sheffield.com1003.cafe.ingredients.Coffee.&lt;init&gt;(Coffee.java:10)
	at uk.ac.sheffield.com1003.cafe.ingredients.Coffee.&lt;init&gt;(Coffee.java:10)
	at uk.ac.sheffield.com1003.cafe.ingredients.Coffee.&lt;init&gt;(Coffee.java:10)
	at uk.ac.sheffield.com1003.cafe.ingredients.Coffee.&lt;init&gt;(Coffee.java:10)
	at uk.ac.sheffield.com1003.cafe.ingredients.Coffee.&lt;init&gt;(Coffee.java:10)
	at uk.ac.sheffield.com1003.cafe.ingredients.Coffee.&lt;init&gt;(Coffee.java:10)
	at uk.ac.sheffield.com1003.cafe.ingredients.Coffee.&lt;init&gt;(Coffee.java:10)
	at uk.ac.sheffield.com1003.cafe.ingredients.Coffee.&lt;init&gt;(Coffee.java:10)
	at uk.ac.sheffield.com1003.cafe.ingredients.Coffee.&lt;init&gt;(Coffee.java:10)
	at uk.ac.sheffield.com1003.cafe.ingredients.Coffee.&lt;init&gt;(Coffee.java:10)
	at uk.ac.sheffield.com1003.cafe.ingredients.Coffee.&lt;init&gt;(Coffee.java:10)
	at uk.ac.sheffield.com1003.cafe.ingredients.Coffee.&lt;init&gt;(Coffee.java:10)
	at uk.ac.sheffield.com1003.cafe.ingredients.Coffee.&lt;init&gt;(Coffee.java:10)
	at uk.ac.sheffield.com1003.cafe.ingredients.Coffee.&lt;init&gt;(Coffee.java:10)
	at uk.ac.sheffield.com1003.cafe.ingredients.Coffee.&lt;init&gt;(Coffee.java:10)
	at uk.ac.sheffield.com1003.cafe.ingredients.Coffee.&lt;init&gt;(Coffee.java:10)
	at uk.ac.sheffield.com1003.cafe.ingredients.Coffee.&lt;init&gt;(Coffee.java:10)
	at uk.ac.sheffield.com1003.cafe.ingredients.Coffee.&lt;init&gt;(Coffee.java:10)
	at uk.ac.sheffield.com1003.cafe.ingredients.Coffee.&lt;init&gt;(Coffee.java:10)
	at uk.ac.sheffield.com1003.cafe.ingredients.Coffee.&lt;init&gt;(Coffee.java:10)
	at uk.ac.sheffield.com1003.cafe.ingredients.Coffee.&lt;init&gt;(Coffee.java:10)
	at uk.ac.sheffield.com1003.cafe.ingredients.Coffee.&lt;init&gt;(Coffee.java:10)
	at uk.ac.sheffield.com1003.cafe.ingredients.Coffee.&lt;init&gt;(Coffee.java:10)
	at uk.ac.sheffield.com1003.cafe.ingredients.Coffee.&lt;init&gt;(Coffee.java:10)
	at uk.ac.sheffield.com1003.cafe.ingredients.Coffee.&lt;init&gt;(Coffee.java:10)
	at uk.ac.sheffield.com1003.cafe.ingredients.Coffee.&lt;init&gt;(Coffee.java:10)
	at uk.ac.sheffield.com1003.cafe.ingredients.Coffee.&lt;init&gt;(Coffee.java:10)
	at uk.ac.sheffield.com1003.cafe.ingredients.Coffee.&lt;init&gt;(Coffee.java:10)
	at uk.ac.sheffield.com1003.cafe.ingredients.Coffee.&lt;init&gt;(Coffee.java:10)
	at uk.ac.sheffield.com1003.cafe.ingredients.Coffee.&lt;init&gt;(Coffee.java:10)
	at uk.ac.sheffield.com1003.cafe.ingredients.Coffee.&lt;init&gt;(Coffee.java:10)
	at uk.ac.sheffield.com1003.cafe.ingredients.Coffee.&lt;init&gt;(Coffee.java:10)
	at uk.ac.sheffield.com1003.cafe.ingredients.Coffee.&lt;init&gt;(Coffee.java:10)
	at uk.ac.sheffield.com1003.cafe.ingredients.Coffee.&lt;init&gt;(Coffee.java:10)
	at uk.ac.sheffield.com1003.cafe.ingredients.Coffee.&lt;init&gt;(Coffee.java:10)
	at uk.ac.sheffield.com1003.cafe.ingredients.Coffee.&lt;init&gt;(Coffee.java:10)
	at uk.ac.sheffield.com1003.cafe.ingredients.Coffee.&lt;init&gt;(Coffee.java:10)
	at uk.ac.sheffield.com1003.cafe.ingredients.Coffee.&lt;init&gt;(Coffee.java:10)
	at uk.ac.sheffield.com1003.cafe.ingredients.Coffee.&lt;init&gt;(Coffee.java:10)
	at uk.ac.sheffield.com1003.cafe.ingredients.Coffee.&lt;init&gt;(Coffee.java:10)
	at uk.ac.sheffield.com1003.cafe.ingredients.Coffee.&lt;init&gt;(Coffee.java:10)
	at uk.ac.sheffield.com1003.cafe.ingredients.Coffee.&lt;init&gt;(Coffee.java:10)
	at uk.ac.sheffield.com1003.cafe.ingredients.Coffee.&lt;init&gt;(Coffee.java:10)
	at uk.ac.sheffield.com1003.cafe.ingredients.Coffee.&lt;init&gt;(Coffee.java:10)
	at uk.ac.sheffield.com1003.cafe.ingredients.Coffee.&lt;init&gt;(Coffee.java:10)
	at uk.ac.sheffield.com1003.cafe.ingredients.Coffee.&lt;init&gt;(Coffee.java:10)
	at uk.ac.sheffield.com1003.cafe.ingredients.Coffee.&lt;init&gt;(Coffee.java:10)
	at uk.ac.sheffield.com1003.cafe.ingredients.Coffee.&lt;init&gt;(Coffee.java:10)
	at uk.ac.sheffield.com1003.cafe.ingredients.Coffee.&lt;init&gt;(Coffee.java:10)
	at uk.ac.sheffield.com1003.cafe.ingredients.Coffee.&lt;init&gt;(Coffee.java:10)
	at uk.ac.sheffield.com1003.cafe.ingredients.Coffee.&lt;init&gt;(Coffee.java:10)
	at uk.ac.sheffield.com1003.cafe.ingredients.Coffee.&lt;init&gt;(Coffee.java:10)
	at uk.ac.sheffield.com1003.cafe.ingredients.Coffee.&lt;init&gt;(Coffee.java:10)
	at uk.ac.sheffield.com1003.cafe.ingredients.Coffee.&lt;init&gt;(Coffee.java:10)
	at uk.ac.sheffield.com1003.cafe.ingredients.Coffee.&lt;init&gt;(Coffee.java:10)
	at uk.ac.sheffield.com1003.cafe.ingredients.Coffee.&lt;init&gt;(Coffee.java:10)
	at uk.ac.sheffield.com1003.cafe.ingredients.Coffee.&lt;init&gt;(Coffee.java:10)
	at uk.ac.sheffield.com1003.cafe.ingredients.Coffee.&lt;init&gt;(Coffee.java:10)
	at uk.ac.sheffield.com1003.cafe.ingredients.Coffee.&lt;init&gt;(Coffee.java:10)
	at uk.ac.sheffield.com1003.cafe.ingredients.Coffee.&lt;init&gt;(Coffee.java:10)
	at uk.ac.sheffield.com1003.cafe.ingredients.Coffee.&lt;init&gt;(Coffee.java:10)
	at uk.ac.sheffield.com1003.cafe.ingredients.Coffee.&lt;init&gt;(Coffee.java:10)
	at uk.ac.sheffield.com1003.cafe.ingredients.Coffee.&lt;init&gt;(Coffee.java:10)
	at uk.ac.sheffield.com1003.cafe.ingredients.Coffee.&lt;init&gt;(Coffee.java:10)
	at uk.ac.sheffield.com1003.cafe.ingredients.Coffee.&lt;init&gt;(Coffee.java:10)
	at uk.ac.sheffield.com1003.cafe.ingredients.Coffee.&lt;init&gt;(Coffee.java:10)
	at uk.ac.sheffield.com1003.cafe.ingredients.Coffee.&lt;init&gt;(Coffee.java:10)
	at uk.ac.sheffield.com1003.cafe.ingredients.Coffee.&lt;init&gt;(Coffee.java:10)
	at uk.ac.sheffield.com1003.cafe.ingredients.Coffee.&lt;init&gt;(Coffee.java:10)
	at uk.ac.sheffield.com1003.cafe.ingredients.Coffee.&lt;init&gt;(Coffee.java:10)
	at uk.ac.sheffield.com1003.cafe.ingredients.Coffee.&lt;init&gt;(Coffee.java:10)
	at uk.ac.sheffield.com1003.cafe.ingredients.Coffee.&lt;init&gt;(Coffee.java:10)
	at uk.ac.sheffield.com1003.cafe.ingredients.Coffee.&lt;init&gt;(Coffee.java:10)
	at uk.ac.sheffield.com1003.cafe.ingredients.Coffee.&lt;init&gt;(Coffee.java:10)
	at uk.ac.sheffield.com1003.cafe.ingredients.Coffee.&lt;init&gt;(Coffee.java:10)
	at uk.ac.sheffield.com1003.cafe.ingredients.Coffee.&lt;init&gt;(Coffee.java:10)
	at uk.ac.sheffield.com1003.cafe.ingredients.Coffee.&lt;init&gt;(Coffee.java:10)
	at uk.ac.sheffield.com1003.cafe.ingredients.Coffee.&lt;init&gt;(Coffee.java:10)
	at uk.ac.sheffield.com1003.cafe.ingredients.Coffee.&lt;init&gt;(Coffee.java:10)
	at uk.ac.sheffield.com1003.cafe.ingredients.Coffee.&lt;init&gt;(Coffee.java:10)
	at uk.ac.sheffield.com1003.cafe.ingredients.Coffee.&lt;init&gt;(Coffee.java:10)
	at uk.ac.sheffield.com1003.cafe.ingredients.Coffee.&lt;init&gt;(Coffee.java:10)
	at uk.ac.sheffield.com1003.cafe.ingredients.Coffee.&lt;init&gt;(Coffee.java:10)
	at uk.ac.sheffield.com1003.cafe.ingredients.Coffee.&lt;init&gt;(Coffee.java:10)
	at uk.ac.sheffield.com1003.cafe.ingredients.Coffee.&lt;init&gt;(Coffee.java:10)
	at uk.ac.sheffield.com1003.cafe.ingredients.Coffee.&lt;init&gt;(Coffee.java:10)
	at uk.ac.sheffield.com1003.cafe.ingredients.Coffee.&lt;init&gt;(Coffee.java:10)
	at uk.ac.sheffield.com1003.cafe.ingredients.Coffee.&lt;init&gt;(Coffee.java:10)
	at uk.ac.sheffield.com1003.cafe.ingredients.Coffee.&lt;init&gt;(Coffee.java:10)
	at uk.ac.sheffield.com1003.cafe.ingredients.Coffee.&lt;init&gt;(Coffee.java:10)
	at uk.ac.sheffield.com1003.cafe.ingredients.Coffee.&lt;init&gt;(Coffee.java:10)
	at uk.ac.sheffield.com1003.cafe.ingredients.Coffee.&lt;init&gt;(Coffee.java:10)
	at uk.ac.sheffield.com1003.cafe.ingredients.Coffee.&lt;init&gt;(Coffee.java:10)
	at uk.ac.sheffield.com1003.cafe.ingredients.Coffee.&lt;init&gt;(Coffee.java:10)
	at uk.ac.sheffield.com1003.cafe.ingredients.Coffee.&lt;init&gt;(Coffee.java:10)
	at uk.ac.sheffield.com1003.cafe.ingredients.Coffee.&lt;init&gt;(Coffee.java:10)
	at uk.ac.sheffield.com1003.cafe.ingredients.Coffee.&lt;init&gt;(Coffee.java:10)
	at uk.ac.sheffield.com1003.cafe.ingredients.Coffee.&lt;init&gt;(Coffee.java:10)
	at uk.ac.sheffield.com1003.cafe.ingredients.Coffee.&lt;init&gt;(Coffee.java:10)
	at uk.ac.sheffield.com1003.cafe.ingredients.Coffee.&lt;init&gt;(Coffee.java:10)
	at uk.ac.sheffield.com1003.cafe.ingredients.Coffee.&lt;init&gt;(Coffee.java:10)
	at uk.ac.sheffield.com1003.cafe.ingredients.Coffee.&lt;init&gt;(Coffee.java:10)
	at uk.ac.sheffield.com1003.cafe.ingredients.Coffee.&lt;init&gt;(Coffee.java:10)
	at uk.ac.sheffield.com1003.cafe.ingredients.Coffee.&lt;init&gt;(Coffee.java:10)
	at uk.ac.sheffield.com1003.cafe.ingredients.Coffee.&lt;init&gt;(Coffee.java:10)
	at uk.ac.sheffield.com1003.cafe.ingredients.Coffee.&lt;init&gt;(Coffee.java:10)
	at uk.ac.sheffield.com1003.cafe.ingredients.Coffee.&lt;init&gt;(Coffee.java:10)
	at uk.ac.sheffield.com1003.cafe.ingredients.Coffee.&lt;init&gt;(Coffee.java:10)
	at uk.ac.sheffield.com1003.cafe.ingredients.Coffee.&lt;init&gt;(Coffee.java:10)
	at uk.ac.sheffield.com1003.cafe.ingredients.Coffee.&lt;init&gt;(Coffee.java:10)
	at uk.ac.sheffield.com1003.cafe.ingredients.Coffee.&lt;init&gt;(Coffee.java:10)
	at uk.ac.sheffield.com1003.cafe.ingredients.Coffee.&lt;init&gt;(Coffee.java:10)
	at uk.ac.sheffield.com1003.cafe.ingredients.Coffee.&lt;init&gt;(Coffee.java:10)
	at uk.ac.sheffield.com1003.cafe.ingredients.Coffee.&lt;init&gt;(Coffee.java:10)
	at uk.ac.sheffield.com1003.cafe.ingredients.Coffee.&lt;init&gt;(Coffee.java:10)
	at uk.ac.sheffield.com1003.cafe.ingredients.Coffee.&lt;init&gt;(Coffee.java:10)
	at uk.ac.sheffield.com1003.cafe.ingredients.Coffee.&lt;init&gt;(Coffee.java:10)
	at uk.ac.sheffield.com1003.cafe.ingredients.Coffee.&lt;init&gt;(Coffee.java:10)
	at uk.ac.sheffield.com1003.cafe.ingredients.Coffee.&lt;init&gt;(Coffee.java:10)
	at uk.ac.sheffield.com1003.cafe.ingredients.Coffee.&lt;init&gt;(Coffee.java:10)
	at uk.ac.sheffield.com1003.cafe.ingredients.Coffee.&lt;init&gt;(Coffee.java:10)
	at uk.ac.sheffield.com1003.cafe.ingredients.Coffee.&lt;init&gt;(Coffee.java:10)
	at uk.ac.sheffield.com1003.cafe.ingredients.Coffee.&lt;init&gt;(Coffee.java:10)
	at uk.ac.sheffield.com1003.cafe.ingredients.Coffee.&lt;init&gt;(Coffee.java:10)
	at uk.ac.sheffield.com1003.cafe.ingredients.Coffee.&lt;init&gt;(Coffee.java:10)
	at uk.ac.sheffield.com1003.cafe.ingredients.Coffee.&lt;init&gt;(Coffee.java:10)
	at uk.ac.sheffield.com1003.cafe.ingredients.Coffee.&lt;init&gt;(Coffee.java:10)
	at uk.ac.sheffield.com1003.cafe.ingredients.Coffee.&lt;init&gt;(Coffee.java:10)
	at uk.ac.sheffield.com1003.cafe.ingredients.Coffee.&lt;init&gt;(Coffee.java:10)
	at uk.ac.sheffield.com1003.cafe.ingredients.Coffee.&lt;init&gt;(Coffee.java:10)
	at uk.ac.sheffield.com1003.cafe.ingredients.Coffee.&lt;init&gt;(Coffee.java:10)
	at uk.ac.sheffield.com1003.cafe.ingredients.Coffee.&lt;init&gt;(Coffee.java:10)
	at uk.ac.sheffield.com1003.cafe.ingredients.Coffee.&lt;init&gt;(Coffee.java:10)
	at uk.ac.sheffield.com1003.cafe.ingredients.Coffee.&lt;init&gt;(Coffee.java:10)
	at uk.ac.sheffield.com1003.cafe.ingredients.Coffee.&lt;init&gt;(Coffee.java:10)
	at uk.ac.sheffield.com1003.cafe.ingredients.Coffee.&lt;init&gt;(Coffee.java:10)
	at uk.ac.sheffield.com1003.cafe.ingredients.Coffee.&lt;init&gt;(Coffee.java:10)
	at uk.ac.sheffield.com1003.cafe.ingredients.Coffee.&lt;init&gt;(Coffee.java:10)
	at uk.ac.sheffield.com1003.cafe.ingredients.Coffee.&lt;init&gt;(Coffee.java:10)
	at uk.ac.sheffield.com1003.cafe.ingredients.Coffee.&lt;init&gt;(Coffee.java:10)
	at uk.ac.sheffield.com1003.cafe.ingredients.Coffee.&lt;init&gt;(Coffee.java:10)
	at uk.ac.sheffield.com1003.cafe.ingredients.Coffee.&lt;init&gt;(Coffee.java:10)
	at uk.ac.sheffield.com1003.cafe.ingredients.Coffee.&lt;init&gt;(Coffee.java:10)
	at uk.ac.sheffield.com1003.cafe.ingredients.Coffee.&lt;init&gt;(Coffee.java:10)
	at uk.ac.sheffield.com1003.cafe.ingredients.Coffee.&lt;init&gt;(Coffee.java:10)
	at uk.ac.sheffield.com1003.cafe.ingredients.Coffee.&lt;init&gt;(Coffee.java:10)
	at uk.ac.sheffield.com1003.cafe.ingredients.Coffee.&lt;init&gt;(Coffee.java:10)
	at uk.ac.sheffield.com1003.cafe.ingredients.Coffee.&lt;init&gt;(Coffee.java:10)
	at uk.ac.sheffield.com1003.cafe.ingredients.Coffee.&lt;init&gt;(Coffee.java:10)
	at uk.ac.sheffield.com1003.cafe.ingredients.Coffee.&lt;init&gt;(Coffee.java:10)
	at uk.ac.sheffield.com1003.cafe.ingredients.Coffee.&lt;init&gt;(Coffee.java:10)
	at uk.ac.sheffield.com1003.cafe.ingredients.Coffee.&lt;init&gt;(Coffee.java:10)
	at uk.ac.sheffield.com1003.cafe.ingredients.Coffee.&lt;init&gt;(Coffee.java:10)
	at uk.ac.sheffield.com1003.cafe.ingredients.Coffee.&lt;init&gt;(Coffee.java:10)
	at uk.ac.sheffield.com1003.cafe.ingredients.Coffee.&lt;init&gt;(Coffee.java:10)
	at uk.ac.sheffield.com1003.cafe.ingredients.Coffee.&lt;init&gt;(Coffee.java:10)
	at uk.ac.sheffield.com1003.cafe.ingredients.Coffee.&lt;init&gt;(Coffee.java:10)
	at uk.ac.sheffield.com1003.cafe.ingredients.Coffee.&lt;init&gt;(Coffee.java:10)
	at uk.ac.sheffield.com1003.cafe.ingredients.Coffee.&lt;init&gt;(Coffee.java:10)
	at uk.ac.sheffield.com1003.cafe.ingredients.Coffee.&lt;init&gt;(Coffee.java:10)
	at uk.ac.sheffield.com1003.cafe.ingredients.Coffee.&lt;init&gt;(Coffee.java:10)
	at uk.ac.sheffield.com1003.cafe.ingredients.Coffee.&lt;init&gt;(Coffee.java:10)
	at uk.ac.sheffield.com1003.cafe.ingredients.Coffee.&lt;init&gt;(Coffee.java:10)
	at uk.ac.sheffield.com1003.cafe.ingredients.Coffee.&lt;init&gt;(Coffee.java:10)
	at uk.ac.sheffield.com1003.cafe.ingredients.Coffee.&lt;init&gt;(Coffee.java:10)
	at uk.ac.sheffield.com1003.cafe.ingredients.Coffee.&lt;init&gt;(Coffee.java:10)
	at uk.ac.sheffield.com1003.cafe.ingredients.Coffee.&lt;init&gt;(Coffee.java:10)
	at uk.ac.sheffield.com1003.cafe.ingredients.Coffee.&lt;init&gt;(Coffee.java:10)
	at uk.ac.sheffield.com1003.cafe.ingredients.Coffee.&lt;init&gt;(Coffee.java:10)
	at uk.ac.sheffield.com1003.cafe.ingredients.Coffee.&lt;init&gt;(Coffee.java:10)
	at uk.ac.sheffield.com1003.cafe.ingredients.Coffee.&lt;init&gt;(Coffee.java:10)
	at uk.ac.sheffield.com1003.cafe.ingredients.Coffee.&lt;init&gt;(Coffee.java:10)
	at uk.ac.sheffield.com1003.cafe.ingredients.Coffee.&lt;init&gt;(Coffee.java:10)
	at uk.ac.sheffield.com1003.cafe.ingredients.Coffee.&lt;init&gt;(Coffee.java:10)
	at uk.ac.sheffield.com1003.cafe.ingredients.Coffee.&lt;init&gt;(Coffee.java:10)
	at uk.ac.sheffield.com1003.cafe.ingredients.Coffee.&lt;init&gt;(Coffee.java:10)
	at uk.ac.sheffield.com1003.cafe.ingredients.Coffee.&lt;init&gt;(Coffee.java:10)
	at uk.ac.sheffield.com1003.cafe.ingredients.Coffee.&lt;init&gt;(Coffee.java:10)
	at uk.ac.sheffield.com1003.cafe.ingredients.Coffee.&lt;init&gt;(Coffee.java:10)
	at uk.ac.sheffield.com1003.cafe.ingredients.Coffee.&lt;init&gt;(Coffee.java:10)
	at uk.ac.sheffield.com1003.cafe.ingredients.Coffee.&lt;init&gt;(Coffee.java:10)
	at uk.ac.sheffield.com1003.cafe.ingredients.Coffee.&lt;init&gt;(Coffee.java:10)
	at uk.ac.sheffield.com1003.cafe.ingredients.Coffee.&lt;init&gt;(Coffee.java:10)
	at uk.ac.sheffield.com1003.cafe.ingredients.Coffee.&lt;init&gt;(Coffee.java:10)
	at uk.ac.sheffield.com1003.cafe.ingredients.Coffee.&lt;init&gt;(Coffee.java:10)
	at uk.ac.sheffield.com1003.cafe.ingredients.Coffee.&lt;init&gt;(Coffee.java:10)
	at uk.ac.sheffield.com1003.cafe.ingredients.Coffee.&lt;init&gt;(Coffee.java:10)
	at uk.ac.sheffield.com1003.cafe.ingredients.Coffee.&lt;init&gt;(Coffee.java:10)
	at uk.ac.sheffield.com1003.cafe.ingredients.Coffee.&lt;init&gt;(Coffee.java:10)
	at uk.ac.sheffield.com1003.cafe.ingredients.Coffee.&lt;init&gt;(Coffee.java:10)
	at uk.ac.sheffield.com1003.cafe.ingredients.Coffee.&lt;init&gt;(Coffee.java:10)
	at uk.ac.sheffield.com1003.cafe.ingredients.Coffee.&lt;init&gt;(Coffee.java:10)
	at uk.ac.sheffield.com1003.cafe.ingredients.Coffee.&lt;init&gt;(Coffee.java:10)
	at uk.ac.sheffield.com1003.cafe.ingredients.Coffee.&lt;init&gt;(Coffee.java:10)
	at uk.ac.sheffield.com1003.cafe.ingredients.Coffee.&lt;init&gt;(Coffee.java:10)
	at uk.ac.sheffield.com1003.cafe.ingredients.Coffee.&lt;init&gt;(Coffee.java:10)
	at uk.ac.sheffield.com1003.cafe.ingredients.Coffee.&lt;init&gt;(Coffee.java:10)
	at uk.ac.sheffield.com1003.cafe.ingredients.Coffee.&lt;init&gt;(Coffee.java:10)
	at uk.ac.sheffield.com1003.cafe.ingredients.Coffee.&lt;init&gt;(Coffee.java:10)
	at uk.ac.sheffield.com1003.cafe.ingredients.Coffee.&lt;init&gt;(Coffee.java:10)
	at uk.ac.sheffield.com1003.cafe.ingredients.Coffee.&lt;init&gt;(Coffee.java:10)
	at uk.ac.sheffield.com1003.cafe.ingredients.Coffee.&lt;init&gt;(Coffee.java:10)
	at uk.ac.sheffield.com1003.cafe.ingredients.Coffee.&lt;init&gt;(Coffee.java:10)
	at uk.ac.sheffield.com1003.cafe.ingredients.Coffee.&lt;init&gt;(Coffee.java:10)
	at uk.ac.sheffield.com1003.cafe.ingredients.Coffee.&lt;init&gt;(Coffee.java:10)
	at uk.ac.sheffield.com1003.cafe.ingredients.Coffee.&lt;init&gt;(Coffee.java:10)
	at uk.ac.sheffield.com1003.cafe.ingredients.Coffee.&lt;init&gt;(Coffee.java:10)
	at uk.ac.sheffield.com1003.cafe.ingredients.Coffee.&lt;init&gt;(Coffee.java:10)
	at uk.ac.sheffield.com1003.cafe.ingredients.Coffee.&lt;init&gt;(Coffee.java:10)
	at uk.ac.sheffield.com1003.cafe.ingredients.Coffee.&lt;init&gt;(Coffee.java:10)
	at uk.ac.sheffield.com1003.cafe.ingredients.Coffee.&lt;init&gt;(Coffee.java:10)
	at uk.ac.sheffield.com1003.cafe.ingredients.Coffee.&lt;init&gt;(Coffee.java:10)
	at uk.ac.sheffield.com1003.cafe.ingredients.Coffee.&lt;init&gt;(Coffee.java:10)
	at uk.ac.sheffield.com1003.cafe.ingredients.Coffee.&lt;init&gt;(Coffee.java:10)
	at uk.ac.sheffield.com1003.cafe.ingredients.Coffee.&lt;init&gt;(Coffee.java:10)
	at uk.ac.sheffield.com1003.cafe.ingredients.Coffee.&lt;init&gt;(Coffee.java:10)
	at uk.ac.sheffield.com1003.cafe.ingredients.Coffee.&lt;init&gt;(Coffee.java:10)
	at uk.ac.sheffield.com1003.cafe.ingredients.Coffee.&lt;init&gt;(Coffee.java:10)
	at uk.ac.sheffield.com1003.cafe.ingredients.Coffee.&lt;init&gt;(Coffee.java:10)
	at uk.ac.sheffield.com1003.cafe.ingredients.Coffee.&lt;init&gt;(Coffee.java:10)
	at uk.ac.sheffield.com1003.cafe.ingredients.Coffee.&lt;init&gt;(Coffee.java:10)
	at uk.ac.sheffield.com1003.cafe.ingredients.Coffee.&lt;init&gt;(Coffee.java:10)
	at uk.ac.sheffield.com1003.cafe.ingredients.Coffee.&lt;init&gt;(Coffee.java:10)
	at uk.ac.sheffield.com1003.cafe.ingredients.Coffee.&lt;init&gt;(Coffee.java:10)
	at uk.ac.sheffield.com1003.cafe.ingredients.Coffee.&lt;init&gt;(Coffee.java:10)
	at uk.ac.sheffield.com1003.cafe.ingredients.Coffee.&lt;init&gt;(Coffee.java:10)
	at uk.ac.sheffield.com1003.cafe.ingredients.Coffee.&lt;init&gt;(Coffee.java:10)
	at uk.ac.sheffield.com1003.cafe.ingredients.Coffee.&lt;init&gt;(Coffee.java:10)
	at uk.ac.sheffield.com1003.cafe.ingredients.Coffee.&lt;init&gt;(Coffee.java:10)
	at uk.ac.sheffield.com1003.cafe.ingredients.Coffee.&lt;init&gt;(Coffee.java:10)
	at uk.ac.sheffield.com1003.cafe.ingredients.Coffee.&lt;init&gt;(Coffee.java:10)
	at uk.ac.sheffield.com1003.cafe.ingredients.Coffee.&lt;init&gt;(Coffee.java:10)
	at uk.ac.sheffield.com1003.cafe.ingredients.Coffee.&lt;init&gt;(Coffee.java:10)
	at uk.ac.sheffield.com1003.cafe.ingredients.Coffee.&lt;init&gt;(Coffee.java:10)
	at uk.ac.sheffield.com1003.cafe.ingredients.Coffee.&lt;init&gt;(Coffee.java:10)
	at uk.ac.sheffield.com1003.cafe.ingredients.Coffee.&lt;init&gt;(Coffee.java:10)
	at uk.ac.sheffield.com1003.cafe.ingredients.Coffee.&lt;init&gt;(Coffee.java:10)
	at uk.ac.sheffield.com1003.cafe.ingredients.Coffee.&lt;init&gt;(Coffee.java:10)
	at uk.ac.sheffield.com1003.cafe.ingredients.Coffee.&lt;init&gt;(Coffee.java:10)
	at uk.ac.sheffield.com1003.cafe.ingredients.Coffee.&lt;init&gt;(Coffee.java:10)
	at uk.ac.sheffield.com1003.cafe.ingredients.Coffee.&lt;init&gt;(Coffee.java:10)
	at uk.ac.sheffield.com1003.cafe.ingredients.Coffee.&lt;init&gt;(Coffee.java:10)
	at uk.ac.sheffield.com1003.cafe.ingredients.Coffee.&lt;init&gt;(Coffee.java:10)
	at uk.ac.sheffield.com1003.cafe.ingredients.Coffee.&lt;init&gt;(Coffee.java:10)
	at uk.ac.sheffield.com1003.cafe.ingredients.Coffee.&lt;init&gt;(Coffee.java:10)
	at uk.ac.sheffield.com1003.cafe.ingredients.Coffee.&lt;init&gt;(Coffee.java:10)
	at uk.ac.sheffield.com1003.cafe.ingredients.Coffee.&lt;init&gt;(Coffee.java:10)
	at uk.ac.sheffield.com1003.cafe.ingredients.Coffee.&lt;init&gt;(Coffee.java:10)
	at uk.ac.sheffield.com1003.cafe.ingredients.Coffee.&lt;init&gt;(Coffee.java:10)
	at uk.ac.sheffield.com1003.cafe.ingredients.Coffee.&lt;init&gt;(Coffee.java:10)
	at uk.ac.sheffield.com1003.cafe.ingredients.Coffee.&lt;init&gt;(Coffee.java:10)
	at uk.ac.sheffield.com1003.cafe.ingredients.Coffee.&lt;init&gt;(Coffee.java:10)
	at uk.ac.sheffield.com1003.cafe.ingredients.Coffee.&lt;init&gt;(Coffee.java:10)
	at uk.ac.sheffield.com1003.cafe.ingredients.Coffee.&lt;init&gt;(Coffee.java:10)
	at uk.ac.sheffield.com1003.cafe.ingredients.Coffee.&lt;init&gt;(Coffee.java:10)
	at uk.ac.sheffield.com1003.cafe.ingredients.Coffee.&lt;init&gt;(Coffee.java:10)
	at uk.ac.sheffield.com1003.cafe.ingredients.Coffee.&lt;init&gt;(Coffee.java:10)
	at uk.ac.sheffield.com1003.cafe.ingredients.Coffee.&lt;init&gt;(Coffee.java:10)
	at uk.ac.sheffield.com1003.cafe.ingredients.Coffee.&lt;init&gt;(Coffee.java:10)
	at uk.ac.sheffield.com1003.cafe.ingredients.Coffee.&lt;init&gt;(Coffee.java:10)
	at uk.ac.sheffield.com1003.cafe.ingredients.Coffee.&lt;init&gt;(Coffee.java:10)
	at uk.ac.sheffield.com1003.cafe.ingredients.Coffee.&lt;init&gt;(Coffee.java:10)
	at uk.ac.sheffield.com1003.cafe.ingredients.Coffee.&lt;init&gt;(Coffee.java:10)
	at uk.ac.sheffield.com1003.cafe.ingredients.Coffee.&lt;init&gt;(Coffee.java:10)
	at uk.ac.sheffield.com1003.cafe.ingredients.Coffee.&lt;init&gt;(Coffee.java:10)
	at uk.ac.sheffield.com1003.cafe.ingredients.Coffee.&lt;init&gt;(Coffee.java:10)
	at uk.ac.sheffield.com1003.cafe.ingredients.Coffee.&lt;init&gt;(Coffee.java:10)
	at uk.ac.sheffield.com1003.cafe.ingredients.Coffee.&lt;init&gt;(Coffee.java:10)
	at uk.ac.sheffield.com1003.cafe.ingredients.Coffee.&lt;init&gt;(Coffee.java:10)
	at uk.ac.sheffield.com1003.cafe.ingredients.Coffee.&lt;init&gt;(Coffee.java:10)
	at uk.ac.sheffield.com1003.cafe.ingredients.Coffee.&lt;init&gt;(Coffee.java:10)
	at uk.ac.sheffield.com1003.cafe.ingredients.Coffee.&lt;init&gt;(Coffee.java:10)
	at uk.ac.sheffield.com1003.cafe.ingredients.Coffee.&lt;init&gt;(Coffee.java:10)
	at uk.ac.sheffield.com1003.cafe.ingredients.Coffee.&lt;init&gt;(Coffee.java:10)
	at uk.ac.sheffield.com1003.cafe.ingredients.Coffee.&lt;init&gt;(Coffee.java:10)
	at uk.ac.sheffield.com1003.cafe.ingredients.Coffee.&lt;init&gt;(Coffee.java:10)
	at uk.ac.sheffield.com1003.cafe.ingredients.Coffee.&lt;init&gt;(Coffee.java:10)
	at uk.ac.sheffield.com1003.cafe.ingredients.Coffee.&lt;init&gt;(Coffee.java:10)
	at uk.ac.sheffield.com1003.cafe.ingredients.Coffee.&lt;init&gt;(Coffee.java:10)
	at uk.ac.sheffield.com1003.cafe.ingredients.Coffee.&lt;init&gt;(Coffee.java:10)
	at uk.ac.sheffield.com1003.cafe.ingredients.Coffee.&lt;init&gt;(Coffee.java:10)
	at uk.ac.sheffield.com1003.cafe.ingredients.Coffee.&lt;init&gt;(Coffee.java:10)
	at uk.ac.sheffield.com1003.cafe.ingredients.Coffee.&lt;init&gt;(Coffee.java:10)
	at uk.ac.sheffield.com1003.cafe.ingredients.Coffee.&lt;init&gt;(Coffee.java:10)
	at uk.ac.sheffield.com1003.cafe.ingredients.Coffee.&lt;init&gt;(Coffee.java:10)
	at uk.ac.sheffield.com1003.cafe.ingredients.Coffee.&lt;init&gt;(Coffee.java:10)
	at uk.ac.sheffield.com1003.cafe.ingredients.Coffee.&lt;init&gt;(Coffee.java:10)
	at uk.ac.sheffield.com1003.cafe.ingredients.Coffee.&lt;init&gt;(Coffee.java:10)
	at uk.ac.sheffield.com1003.cafe.ingredients.Coffee.&lt;init&gt;(Coffee.java:10)
	at uk.ac.sheffield.com1003.cafe.ingredients.Coffee.&lt;init&gt;(Coffee.java:10)
	at uk.ac.sheffield.com1003.cafe.ingredients.Coffee.&lt;init&gt;(Coffee.java:10)
	at uk.ac.sheffield.com1003.cafe.ingredients.Coffee.&lt;init&gt;(Coffee.java:10)
	at uk.ac.sheffield.com1003.cafe.ingredients.Coffee.&lt;init&gt;(Coffee.java:10)
	at uk.ac.sheffield.com1003.cafe.ingredients.Coffee.&lt;init&gt;(Coffee.java:10)
	at uk.ac.sheffield.com1003.cafe.ingredients.Coffee.&lt;init&gt;(Coffee.java:10)
	at uk.ac.sheffield.com1003.cafe.ingredients.Coffee.&lt;init&gt;(Coffee.java:10)
	at uk.ac.sheffield.com1003.cafe.ingredients.Coffee.&lt;init&gt;(Coffee.java:10)
	at uk.ac.sheffield.com1003.cafe.ingredients.Coffee.&lt;init&gt;(Coffee.java:10)
	at uk.ac.sheffield.com1003.cafe.ingredients.Coffee.&lt;init&gt;(Coffee.java:10)
	at uk.ac.sheffield.com1003.cafe.ingredients.Coffee.&lt;init&gt;(Coffee.java:10)
	at uk.ac.sheffield.com1003.cafe.ingredients.Coffee.&lt;init&gt;(Coffee.java:10)
	at uk.ac.sheffield.com1003.cafe.ingredients.Coffee.&lt;init&gt;(Coffee.java:10)
	at uk.ac.sheffield.com1003.cafe.ingredients.Coffee.&lt;init&gt;(Coffee.java:10)
	at uk.ac.sheffield.com1003.cafe.ingredients.Coffee.&lt;init&gt;(Coffee.java:10)
	at uk.ac.sheffield.com1003.cafe.ingredients.Coffee.&lt;init&gt;(Coffee.java:10)
	at uk.ac.sheffield.com1003.cafe.ingredients.Coffee.&lt;init&gt;(Coffee.java:10)
	at uk.ac.sheffield.com1003.cafe.ingredients.Coffee.&lt;init&gt;(Coffee.java:10)
	at uk.ac.sheffield.com1003.cafe.ingredients.Coffee.&lt;init&gt;(Coffee.java:10)
	at uk.ac.sheffield.com1003.cafe.ingredients.Coffee.&lt;init&gt;(Coffee.java:10)
	at uk.ac.sheffield.com1003.cafe.ingredients.Coffee.&lt;init&gt;(Coffee.java:10)
	at uk.ac.sheffield.com1003.cafe.ingredients.Coffee.&lt;init&gt;(Coffee.java:10)
	at uk.ac.sheffield.com1003.cafe.ingredients.Coffee.&lt;init&gt;(Coffee.java:10)
	at uk.ac.sheffield.com1003.cafe.ingredients.Coffee.&lt;init&gt;(Coffee.java:10)
	at uk.ac.sheffield.com1003.cafe.ingredients.Coffee.&lt;init&gt;(Coffee.java:10)
	at uk.ac.sheffield.com1003.cafe.ingredients.Coffee.&lt;init&gt;(Coffee.java:10)
	at uk.ac.sheffield.com1003.cafe.ingredients.Coffee.&lt;init&gt;(Coffee.java:10)
	at uk.ac.sheffield.com1003.cafe.ingredients.Coffee.&lt;init&gt;(Coffee.java:10)
	at uk.ac.sheffield.com1003.cafe.ingredients.Coffee.&lt;init&gt;(Coffee.java:10)
	at uk.ac.sheffield.com1003.cafe.ingredients.Coffee.&lt;init&gt;(Coffee.java:10)
	at uk.ac.sheffield.com1003.cafe.ingredients.Coffee.&lt;init&gt;(Coffee.java:10)
	at uk.ac.sheffield.com1003.cafe.ingredients.Coffee.&lt;init&gt;(Coffee.java:10)
	at uk.ac.sheffield.com1003.cafe.ingredients.Coffee.&lt;init&gt;(Coffee.java:10)
	at uk.ac.sheffield.com1003.cafe.ingredients.Coffee.&lt;init&gt;(Coffee.java:10)
	at uk.ac.sheffield.com1003.cafe.ingredients.Coffee.&lt;init&gt;(Coffee.java:10)
	at uk.ac.sheffield.com1003.cafe.ingredients.Coffee.&lt;init&gt;(Coffee.java:10)
	at uk.ac.sheffield.com1003.cafe.ingredients.Coffee.&lt;init&gt;(Coffee.java:10)
	at uk.ac.sheffield.com1003.cafe.ingredients.Coffee.&lt;init&gt;(Coffee.java:10)
	at uk.ac.sheffield.com1003.cafe.ingredients.Coffee.&lt;init&gt;(Coffee.java:10)
	at uk.ac.sheffield.com1003.cafe.ingredients.Coffee.&lt;init&gt;(Coffee.java:10)
	at uk.ac.sheffield.com1003.cafe.ingredients.Coffee.&lt;init&gt;(Coffee.java:10)
	at uk.ac.sheffield.com1003.cafe.ingredients.Coffee.&lt;init&gt;(Coffee.java:10)
	at uk.ac.sheffield.com1003.cafe.ingredients.Coffee.&lt;init&gt;(Coffee.java:10)
	at uk.ac.sheffield.com1003.cafe.ingredients.Coffee.&lt;init&gt;(Coffee.java:10)
	at uk.ac.sheffield.com1003.cafe.ingredients.Coffee.&lt;init&gt;(Coffee.java:10)
	at uk.ac.sheffield.com1003.cafe.ingredients.Coffee.&lt;init&gt;(Coffee.java:10)
	at uk.ac.sheffield.com1003.cafe.ingredients.Coffee.&lt;init&gt;(Coffee.java:10)
	at uk.ac.sheffield.com1003.cafe.ingredients.Coffee.&lt;init&gt;(Coffee.java:10)
	at uk.ac.sheffield.com1003.cafe.ingredients.Coffee.&lt;init&gt;(Coffee.java:10)
	at uk.ac.sheffield.com1003.cafe.ingredients.Coffee.&lt;init&gt;(Coffee.java:10)
	at uk.ac.sheffield.com1003.cafe.ingredients.Coffee.&lt;init&gt;(Coffee.java:10)
	at uk.ac.sheffield.com1003.cafe.ingredients.Coffee.&lt;init&gt;(Coffee.java:10)
	at uk.ac.sheffield.com1003.cafe.ingredients.Coffee.&lt;init&gt;(Coffee.java:10)
	at uk.ac.sheffield.com1003.cafe.ingredients.Coffee.&lt;init&gt;(Coffee.java:10)
	at uk.ac.sheffield.com1003.cafe.ingredients.Coffee.&lt;init&gt;(Coffee.java:10)
	at uk.ac.sheffield.com1003.cafe.ingredients.Coffee.&lt;init&gt;(Coffee.java:10)
	at uk.ac.sheffield.com1003.cafe.ingredients.Coffee.&lt;init&gt;(Coffee.java:10)
	at uk.ac.sheffield.com1003.cafe.ingredients.Coffee.&lt;init&gt;(Coffee.java:10)
	at uk.ac.sheffield.com1003.cafe.ingredients.Coffee.&lt;init&gt;(Coffee.java:10)
	at uk.ac.sheffield.com1003.cafe.ingredients.Coffee.&lt;init&gt;(Coffee.java:10)
	at uk.ac.sheffield.com1003.cafe.ingredients.Coffee.&lt;init&gt;(Coffee.java:10)
	at uk.ac.sheffield.com1003.cafe.ingredients.Coffee.&lt;init&gt;(Coffee.java:10)
	at uk.ac.sheffield.com1003.cafe.ingredients.Coffee.&lt;init&gt;(Coffee.java:10)
	at uk.ac.sheffield.com1003.cafe.ingredients.Coffee.&lt;init&gt;(Coffee.java:10)
	at uk.ac.sheffield.com1003.cafe.ingredients.Coffee.&lt;init&gt;(Coffee.java:10)
	at uk.ac.sheffield.com1003.cafe.ingredients.Coffee.&lt;init&gt;(Coffee.java:10)
	at uk.ac.sheffield.com1003.cafe.ingredients.Coffee.&lt;init&gt;(Coffee.java:10)
	at uk.ac.sheffield.com1003.cafe.ingredients.Coffee.&lt;init&gt;(Coffee.java:10)
	at uk.ac.sheffield.com1003.cafe.ingredients.Coffee.&lt;init&gt;(Coffee.java:10)
	at uk.ac.sheffield.com1003.cafe.ingredients.Coffee.&lt;init&gt;(Coffee.java:10)
	at uk.ac.sheffield.com1003.cafe.ingredients.Coffee.&lt;init&gt;(Coffee.java:10)
	at uk.ac.sheffield.com1003.cafe.ingredients.Coffee.&lt;init&gt;(Coffee.java:10)
	at uk.ac.sheffield.com1003.cafe.ingredients.Coffee.&lt;init&gt;(Coffee.java:10)
	at uk.ac.sheffield.com1003.cafe.ingredients.Coffee.&lt;init&gt;(Coffee.java:10)
	at uk.ac.sheffield.com1003.cafe.ingredients.Coffee.&lt;init&gt;(Coffee.java:10)
	at uk.ac.sheffield.com1003.cafe.ingredients.Coffee.&lt;init&gt;(Coffee.java:10)
	at uk.ac.sheffield.com1003.cafe.ingredients.Coffee.&lt;init&gt;(Coffee.java:10)
	at uk.ac.sheffield.com1003.cafe.ingredients.Coffee.&lt;init&gt;(Coffee.java:10)
	at uk.ac.sheffield.com1003.cafe.ingredients.Coffee.&lt;init&gt;(Coffee.java:10)
	at uk.ac.sheffield.com1003.cafe.ingredients.Coffee.&lt;init&gt;(Coffee.java:10)
	at uk.ac.sheffield.com1003.cafe.ingredients.Coffee.&lt;init&gt;(Coffee.java:10)
	at uk.ac.sheffield.com1003.cafe.ingredients.Coffee.&lt;init&gt;(Coffee.java:10)
	at uk.ac.sheffield.com1003.cafe.ingredients.Coffee.&lt;init&gt;(Coffee.java:10)
	at uk.ac.sheffield.com1003.cafe.ingredients.Coffee.&lt;init&gt;(Coffee.java:10)
	at uk.ac.sheffield.com1003.cafe.ingredients.Coffee.&lt;init&gt;(Coffee.java:10)
	at uk.ac.sheffield.com1003.cafe.ingredients.Coffee.&lt;init&gt;(Coffee.java:10)
	at uk.ac.sheffield.com1003.cafe.ingredients.Coffee.&lt;init&gt;(Coffee.java:10)
	at uk.ac.sheffield.com1003.cafe.ingredients.Coffee.&lt;init&gt;(Coffee.java:10)
	at uk.ac.sheffield.com1003.cafe.ingredients.Coffee.&lt;init&gt;(Coffee.java:10)
	at uk.ac.sheffield.com1003.cafe.ingredients.Coffee.&lt;init&gt;(Coffee.java:10)
	at uk.ac.sheffield.com1003.cafe.ingredients.Coffee.&lt;init&gt;(Coffee.java:10)
	at uk.ac.sheffield.com1003.cafe.ingredients.Coffee.&lt;init&gt;(Coffee.java:10)
	at uk.ac.sheffield.com1003.cafe.ingredients.Coffee.&lt;init&gt;(Coffee.java:10)
	at uk.ac.sheffield.com1003.cafe.ingredients.Coffee.&lt;init&gt;(Coffee.java:10)
	at uk.ac.sheffield.com1003.cafe.ingredients.Coffee.&lt;init&gt;(Coffee.java:10)
	at uk.ac.sheffield.com1003.cafe.ingredients.Coffee.&lt;init&gt;(Coffee.java:10)
	at uk.ac.sheffield.com1003.cafe.ingredients.Coffee.&lt;init&gt;(Coffee.java:10)
	at uk.ac.sheffield.com1003.cafe.ingredients.Coffee.&lt;init&gt;(Coffee.java:10)
	at uk.ac.sheffield.com1003.cafe.ingredients.Coffee.&lt;init&gt;(Coffee.java:10)
	at uk.ac.sheffield.com1003.cafe.ingredients.Coffee.&lt;init&gt;(Coffee.java:10)
	at uk.ac.sheffield.com1003.cafe.ingredients.Coffee.&lt;init&gt;(Coffee.java:10)
	at uk.ac.sheffield.com1003.cafe.ingredients.Coffee.&lt;init&gt;(Coffee.java:10)
	at uk.ac.sheffield.com1003.cafe.ingredients.Coffee.&lt;init&gt;(Coffee.java:10)
	at uk.ac.sheffield.com1003.cafe.ingredients.Coffee.&lt;init&gt;(Coffee.java:10)
	at uk.ac.sheffield.com1003.cafe.ingredients.Coffee.&lt;init&gt;(Coffee.java:10)
	at uk.ac.sheffield.com1003.cafe.ingredients.Coffee.&lt;init&gt;(Coffee.java:10)
	at uk.ac.sheffield.com1003.cafe.ingredients.Coffee.&lt;init&gt;(Coffee.java:10)
	at uk.ac.sheffield.com1003.cafe.ingredients.Coffee.&lt;init&gt;(Coffee.java:10)
	at uk.ac.sheffield.com1003.cafe.ingredients.Coffee.&lt;init&gt;(Coffee.java:10)
	at uk.ac.sheffield.com1003.cafe.ingredients.Coffee.&lt;init&gt;(Coffee.java:10)
	at uk.ac.sheffield.com1003.cafe.ingredients.Coffee.&lt;init&gt;(Coffee.java:10)
	at uk.ac.sheffield.com1003.cafe.ingredients.Coffee.&lt;init&gt;(Coffee.java:10)
	at uk.ac.sheffield.com1003.cafe.ingredients.Coffee.&lt;init&gt;(Coffee.java:10)
	at uk.ac.sheffield.com1003.cafe.ingredients.Coffee.&lt;init&gt;(Coffee.java:10)
	at uk.ac.sheffield.com1003.cafe.ingredients.Coffee.&lt;init&gt;(Coffee.java:10)
	at uk.ac.sheffield.com1003.cafe.ingredients.Coffee.&lt;init&gt;(Coffee.java:10)
	at uk.ac.sheffield.com1003.cafe.ingredients.Coffee.&lt;init&gt;(Coffee.java:10)
	at uk.ac.sheffield.com1003.cafe.ingredients.Coffee.&lt;init&gt;(Coffee.java:10)
	at uk.ac.sheffield.com1003.cafe.ingredients.Coffee.&lt;init&gt;(Coffee.java:10)
	at uk.ac.sheffield.com1003.cafe.ingredients.Coffee.&lt;init&gt;(Coffee.java:10)
	at uk.ac.sheffield.com1003.cafe.ingredients.Coffee.&lt;init&gt;(Coffee.java:10)
	at uk.ac.sheffield.com1003.cafe.ingredients.Coffee.&lt;init&gt;(Coffee.java:10)
	at uk.ac.sheffield.com1003.cafe.ingredients.Coffee.&lt;init&gt;(Coffee.java:10)
	at uk.ac.sheffield.com1003.cafe.ingredients.Coffee.&lt;init&gt;(Coffee.java:10)
	at uk.ac.sheffield.com1003.cafe.ingredients.Coffee.&lt;init&gt;(Coffee.java:10)
	at uk.ac.sheffield.com1003.cafe.ingredients.Coffee.&lt;init&gt;(Coffee.java:10)
	at uk.ac.sheffield.com1003.cafe.ingredients.Coffee.&lt;init&gt;(Coffee.java:10)
	at uk.ac.sheffield.com1003.cafe.ingredients.Coffee.&lt;init&gt;(Coffee.java:10)
	at uk.ac.sheffield.com1003.cafe.ingredients.Coffee.&lt;init&gt;(Coffee.java:10)
	at uk.ac.sheffield.com1003.cafe.ingredients.Coffee.&lt;init&gt;(Coffee.java:10)
	at uk.ac.sheffield.com1003.cafe.ingredients.Coffee.&lt;init&gt;(Coffee.java:10)
	at uk.ac.sheffield.com1003.cafe.ingredients.Coffee.&lt;init&gt;(Coffee.java:10)
	at uk.ac.sheffield.com1003.cafe.ingredients.Coffee.&lt;init&gt;(Coffee.java:10)
	at uk.ac.sheffield.com1003.cafe.ingredients.Coffee.&lt;init&gt;(Coffee.java:10)
	at uk.ac.sheffield.com1003.cafe.ingredients.Coffee.&lt;init&gt;(Coffee.java:10)
	at uk.ac.sheffield.com1003.cafe.ingredients.Coffee.&lt;init&gt;(Coffee.java:10)
	at uk.ac.sheffield.com1003.cafe.ingredients.Coffee.&lt;init&gt;(Coffee.java:10)
	at uk.ac.sheffield.com1003.cafe.ingredients.Coffee.&lt;init&gt;(Coffee.java:10)
	at uk.ac.sheffield.com1003.cafe.ingredients.Coffee.&lt;init&gt;(Coffee.java:10)
	at uk.ac.sheffield.com1003.cafe.ingredients.Coffee.&lt;init&gt;(Coffee.java:10)
	at uk.ac.sheffield.com1003.cafe.ingredients.Coffee.&lt;init&gt;(Coffee.java:10)
	at uk.ac.sheffield.com1003.cafe.ingredients.Coffee.&lt;init&gt;(Coffee.java:10)
	at uk.ac.sheffield.com1003.cafe.ingredients.Coffee.&lt;init&gt;(Coffee.java:10)
	at uk.ac.sheffield.com1003.cafe.ingredients.Coffee.&lt;init&gt;(Coffee.java:10)
	at uk.ac.sheffield.com1003.cafe.ingredients.Coffee.&lt;init&gt;(Coffee.java:10)
	at uk.ac.sheffield.com1003.cafe.ingredients.Coffee.&lt;init&gt;(Coffee.java:10)
	at uk.ac.sheffield.com1003.cafe.ingredients.Coffee.&lt;init&gt;(Coffee.java:10)
	at uk.ac.sheffield.com1003.cafe.ingredients.Coffee.&lt;init&gt;(Coffee.java:10)
	at uk.ac.sheffield.com1003.cafe.ingredients.Coffee.&lt;init&gt;(Coffee.java:10)
	at uk.ac.sheffield.com1003.cafe.ingredients.Coffee.&lt;init&gt;(Coffee.java:10)
	at uk.ac.sheffield.com1003.cafe.ingredients.Coffee.&lt;init&gt;(Coffee.java:10)
	at uk.ac.sheffield.com1003.cafe.ingredients.Coffee.&lt;init&gt;(Coffee.java:10)
	at uk.ac.sheffield.com1003.cafe.ingredients.Coffee.&lt;init&gt;(Coffee.java:10)
	at uk.ac.sheffield.com1003.cafe.ingredients.Coffee.&lt;init&gt;(Coffee.java:10)
	at uk.ac.sheffield.com1003.cafe.ingredients.Coffee.&lt;init&gt;(Coffee.java:10)
	at uk.ac.sheffield.com1003.cafe.ingredients.Coffee.&lt;init&gt;(Coffee.java:10)
	at uk.ac.sheffield.com1003.cafe.ingredients.Coffee.&lt;init&gt;(Coffee.java:10)
	at uk.ac.sheffield.com1003.cafe.ingredients.Coffee.&lt;init&gt;(Coffee.java:10)
	at uk.ac.sheffield.com1003.cafe.ingredients.Coffee.&lt;init&gt;(Coffee.java:10)
	at uk.ac.sheffield.com1003.cafe.ingredients.Coffee.&lt;init&gt;(Coffee.java:10)
	at uk.ac.sheffield.com1003.cafe.ingredients.Coffee.&lt;init&gt;(Coffee.java:10)
	at uk.ac.sheffield.com1003.cafe.ingredients.Coffee.&lt;init&gt;(Coffee.java:10)
	at uk.ac.sheffield.com1003.cafe.ingredients.Coffee.&lt;init&gt;(Coffee.java:10)
	at uk.ac.sheffield.com1003.cafe.ingredients.Coffee.&lt;init&gt;(Coffee.java:10)
	at uk.ac.sheffield.com1003.cafe.ingredients.Coffee.&lt;init&gt;(Coffee.java:10)
	at uk.ac.sheffield.com1003.cafe.ingredients.Coffee.&lt;init&gt;(Coffee.java:10)
	at uk.ac.sheffield.com1003.cafe.ingredients.Coffee.&lt;init&gt;(Coffee.java:10)
	at uk.ac.sheffield.com1003.cafe.ingredients.Coffee.&lt;init&gt;(Coffee.java:10)
	at uk.ac.sheffield.com1003.cafe.ingredients.Coffee.&lt;init&gt;(Coffee.java:10)
	at uk.ac.sheffield.com1003.cafe.ingredients.Coffee.&lt;init&gt;(Coffee.java:10)
	at uk.ac.sheffield.com1003.cafe.ingredients.Coffee.&lt;init&gt;(Coffee.java:10)
	at uk.ac.sheffield.com1003.cafe.ingredients.Coffee.&lt;init&gt;(Coffee.java:10)
	at uk.ac.sheffield.com1003.cafe.ingredients.Coffee.&lt;init&gt;(Coffee.java:10)
	at uk.ac.sheffield.com1003.cafe.ingredients.Coffee.&lt;init&gt;(Coffee.java:10)
	at uk.ac.sheffield.com1003.cafe.ingredients.Coffee.&lt;init&gt;(Coffee.java:10)
	at uk.ac.sheffield.com1003.cafe.ingredients.Coffee.&lt;init&gt;(Coffee.java:10)
	at uk.ac.sheffield.com1003.cafe.ingredients.Coffee.&lt;init&gt;(Coffee.java:10)
	at uk.ac.sheffield.com1003.cafe.ingredients.Coffee.&lt;init&gt;(Coffee.java:10)
	at uk.ac.sheffield.com1003.cafe.ingredients.Coffee.&lt;init&gt;(Coffee.java:10)
	at uk.ac.sheffield.com1003.cafe.ingredients.Coffee.&lt;init&gt;(Coffee.java:10)
	at uk.ac.sheffield.com1003.cafe.ingredients.Coffee.&lt;init&gt;(Coffee.java:10)
	at uk.ac.sheffield.com1003.cafe.ingredients.Coffee.&lt;init&gt;(Coffee.java:10)
	at uk.ac.sheffield.com1003.cafe.ingredients.Coffee.&lt;init&gt;(Coffee.java:10)
	at uk.ac.sheffield.com1003.cafe.ingredients.Coffee.&lt;init&gt;(Coffee.java:10)
	at uk.ac.sheffield.com1003.cafe.ingredients.Coffee.&lt;init&gt;(Coffee.java:10)
	at uk.ac.sheffield.com1003.cafe.ingredients.Coffee.&lt;init&gt;(Coffee.java:10)
	at uk.ac.sheffield.com1003.cafe.ingredients.Coffee.&lt;init&gt;(Coffee.java:10)
	at uk.ac.sheffield.com1003.cafe.ingredients.Coffee.&lt;init&gt;(Coffee.java:10)
	at uk.ac.sheffield.com1003.cafe.ingredients.Coffee.&lt;init&gt;(Coffee.java:10)
	at uk.ac.sheffield.com1003.cafe.ingredients.Coffee.&lt;init&gt;(Coffee.java:10)
	at uk.ac.sheffield.com1003.cafe.ingredients.Coffee.&lt;init&gt;(Coffee.java:10)
	at uk.ac.sheffield.com1003.cafe.ingredients.Coffee.&lt;init&gt;(Coffee.java:10)
	at uk.ac.sheffield.com1003.cafe.ingredients.Coffee.&lt;init&gt;(Coffee.java:10)
	at uk.ac.sheffield.com1003.cafe.ingredients.Coffee.&lt;init&gt;(Coffee.java:10)
	at uk.ac.sheffield.com1003.cafe.ingredients.Coffee.&lt;init&gt;(Coffee.java:10)
	at uk.ac.sheffield.com1003.cafe.ingredients.Coffee.&lt;init&gt;(Coffee.java:10)
	at uk.ac.sheffield.com1003.cafe.ingredients.Coffee.&lt;init&gt;(Coffee.java:10)
	at uk.ac.sheffield.com1003.cafe.ingredients.Coffee.&lt;init&gt;(Coffee.java:10)
	at uk.ac.sheffield.com1003.cafe.ingredients.Coffee.&lt;init&gt;(Coffee.java:10)
	at uk.ac.sheffield.com1003.cafe.ingredients.Coffee.&lt;init&gt;(Coffee.java:10)
	at uk.ac.sheffield.com1003.cafe.ingredients.Coffee.&lt;init&gt;(Coffee.java:10)
	at uk.ac.sheffield.com1003.cafe.ingredients.Coffee.&lt;init&gt;(Coffee.java:10)
	at uk.ac.sheffield.com1003.cafe.ingredients.Coffee.&lt;init&gt;(Coffee.java:10)
	at uk.ac.sheffield.com1003.cafe.ingredients.Coffee.&lt;init&gt;(Coffee.java:10)
	at uk.ac.sheffield.com1003.cafe.ingredients.Coffee.&lt;init&gt;(Coffee.java:10)
	at uk.ac.sheffield.com1003.cafe.ingredients.Coffee.&lt;init&gt;(Coffee.java:10)
	at uk.ac.sheffield.com1003.cafe.ingredients.Coffee.&lt;init&gt;(Coffee.java:10)
	at uk.ac.sheffield.com1003.cafe.ingredients.Coffee.&lt;init&gt;(Coffee.java:10)
	at uk.ac.sheffield.com1003.cafe.ingredients.Coffee.&lt;init&gt;(Coffee.java:10)
	at uk.ac.sheffield.com1003.cafe.ingredients.Coffee.&lt;init&gt;(Coffee.java:10)
	at uk.ac.sheffield.com1003.cafe.ingredients.Coffee.&lt;init&gt;(Coffee.java:10)
	at uk.ac.sheffield.com1003.cafe.ingredients.Coffee.&lt;init&gt;(Coffee.java:10)
	at uk.ac.sheffield.com1003.cafe.ingredients.Coffee.&lt;init&gt;(Coffee.java:10)
	at uk.ac.sheffield.com1003.cafe.ingredients.Coffee.&lt;init&gt;(Coffee.java:10)
	at uk.ac.sheffield.com1003.cafe.ingredients.Coffee.&lt;init&gt;(Coffee.java:10)
	at uk.ac.sheffield.com1003.cafe.ingredients.Coffee.&lt;init&gt;(Coffee.java:10)
	at uk.ac.sheffield.com1003.cafe.ingredients.Coffee.&lt;init&gt;(Coffee.java:10)
	at uk.ac.sheffield.com1003.cafe.ingredients.Coffee.&lt;init&gt;(Coffee.java:10)
	at uk.ac.sheffield.com1003.cafe.ingredients.Coffee.&lt;init&gt;(Coffee.java:10)
	at uk.ac.sheffield.com1003.cafe.ingredients.Coffee.&lt;init&gt;(Coffee.java:10)
	at uk.ac.sheffield.com1003.cafe.ingredients.Coffee.&lt;init&gt;(Coffee.java:10)
	at uk.ac.sheffield.com1003.cafe.ingredients.Coffee.&lt;init&gt;(Coffee.java:10)
	at uk.ac.sheffield.com1003.cafe.ingredients.Coffee.&lt;init&gt;(Coffee.java:10)
	at uk.ac.sheffield.com1003.cafe.ingredients.Coffee.&lt;init&gt;(Coffee.java:10)
	at uk.ac.sheffield.com1003.cafe.ingredients.Coffee.&lt;init&gt;(Coffee.java:10)
	at uk.ac.sheffield.com1003.cafe.ingredients.Coffee.&lt;init&gt;(Coffee.java:10)
	at uk.ac.sheffield.com1003.cafe.ingredients.Coffee.&lt;init&gt;(Coffee.java:10)
	at uk.ac.sheffield.com1003.cafe.ingredients.Coffee.&lt;init&gt;(Coffee.java:10)
	at uk.ac.sheffield.com1003.cafe.ingredients.Coffee.&lt;init&gt;(Coffee.java:10)
	at uk.ac.sheffield.com1003.cafe.ingredients.Coffee.&lt;init&gt;(Coffee.java:10)
	at uk.ac.sheffield.com1003.cafe.ingredients.Coffee.&lt;init&gt;(Coffee.java:10)
	at uk.ac.sheffield.com1003.cafe.ingredients.Coffee.&lt;init&gt;(Coffee.java:10)
	at uk.ac.sheffield.com1003.cafe.ingredients.Coffee.&lt;init&gt;(Coffee.java:10)
	at uk.ac.sheffield.com1003.cafe.ingredients.Coffee.&lt;init&gt;(Coffee.java:10)
	at uk.ac.sheffield.com1003.cafe.ingredients.Coffee.&lt;init&gt;(Coffee.java:10)
	at uk.ac.sheffield.com1003.cafe.ingredients.Coffee.&lt;init&gt;(Coffee.java:10)
	at uk.ac.sheffield.com1003.cafe.ingredients.Coffee.&lt;init&gt;(Coffee.java:10)
	at uk.ac.sheffield.com1003.cafe.ingredients.Coffee.&lt;init&gt;(Coffee.java:10)
	at uk.ac.sheffield.com1003.cafe.ingredients.Coffee.&lt;init&gt;(Coffee.java:10)
	at uk.ac.sheffield.com1003.cafe.ingredients.Coffee.&lt;init&gt;(Coffee.java:10)
	at uk.ac.sheffield.com1003.cafe.ingredients.Coffee.&lt;init&gt;(Coffee.java:10)
	at uk.ac.sheffield.com1003.cafe.ingredients.Coffee.&lt;init&gt;(Coffee.java:10)
	at uk.ac.sheffield.com1003.cafe.ingredients.Coffee.&lt;init&gt;(Coffee.java:10)
	at uk.ac.sheffield.com1003.cafe.ingredients.Coffee.&lt;init&gt;(Coffee.java:10)
	at uk.ac.sheffield.com1003.cafe.ingredients.Coffee.&lt;init&gt;(Coffee.java:10)
	at uk.ac.sheffield.com1003.cafe.ingredients.Coffee.&lt;init&gt;(Coffee.java:10)
	at uk.ac.sheffield.com1003.cafe.ingredients.Coffee.&lt;init&gt;(Coffee.java:10)
	at uk.ac.sheffield.com1003.cafe.ingredients.Coffee.&lt;init&gt;(Coffee.java:10)
	at uk.ac.sheffield.com1003.cafe.ingredients.Coffee.&lt;init&gt;(Coffee.java:10)
	at uk.ac.sheffield.com1003.cafe.ingredients.Coffee.&lt;init&gt;(Coffee.java:10)
	at uk.ac.sheffield.com1003.cafe.ingredients.Coffee.&lt;init&gt;(Coffee.java:10)
	at uk.ac.sheffield.com1003.cafe.ingredients.Coffee.&lt;init&gt;(Coffee.java:10)
	at uk.ac.sheffield.com1003.cafe.ingredients.Coffee.&lt;init&gt;(Coffee.java:10)
	at uk.ac.sheffield.com1003.cafe.ingredients.Coffee.&lt;init&gt;(Coffee.java:10)
	at uk.ac.sheffield.com1003.cafe.ingredients.Coffee.&lt;init&gt;(Coffee.java:10)
	at uk.ac.sheffield.com1003.cafe.ingredients.Coffee.&lt;init&gt;(Coffee.java:10)
	at uk.ac.sheffield.com1003.cafe.ingredients.Coffee.&lt;init&gt;(Coffee.java:10)
	at uk.ac.sheffield.com1003.cafe.ingredients.Coffee.&lt;init&gt;(Coffee.java:10)
	at uk.ac.sheffield.com1003.cafe.ingredients.Coffee.&lt;init&gt;(Coffee.java:10)
	at uk.ac.sheffield.com1003.cafe.ingredients.Coffee.&lt;init&gt;(Coffee.java:10)
	at uk.ac.sheffield.com1003.cafe.ingredients.Coffee.&lt;init&gt;(Coffee.java:10)
	at uk.ac.sheffield.com1003.cafe.ingredients.Coffee.&lt;init&gt;(Coffee.java:10)
	at uk.ac.sheffield.com1003.cafe.ingredients.Coffee.&lt;init&gt;(Coffee.java:10)
	at uk.ac.sheffield.com1003.cafe.ingredients.Coffee.&lt;init&gt;(Coffee.java:10)
	at uk.ac.sheffield.com1003.cafe.ingredients.Coffee.&lt;init&gt;(Coffee.java:10)
	at uk.ac.sheffield.com1003.cafe.ingredients.Coffee.&lt;init&gt;(Coffee.java:10)
	at uk.ac.sheffield.com1003.cafe.ingredients.Coffee.&lt;init&gt;(Coffee.java:10)
	at uk.ac.sheffield.com1003.cafe.ingredients.Coffee.&lt;init&gt;(Coffee.java:10)
	at uk.ac.sheffield.com1003.cafe.ingredients.Coffee.&lt;init&gt;(Coffee.java:10)
	at uk.ac.sheffield.com1003.cafe.ingredients.Coffee.&lt;init&gt;(Coffee.java:10)
	at uk.ac.sheffield.com1003.cafe.ingredients.Coffee.&lt;init&gt;(Coffee.java:10)
	at uk.ac.sheffield.com1003.cafe.ingredients.Coffee.&lt;init&gt;(Coffee.java:10)
	at uk.ac.sheffield.com1003.cafe.ingredients.Coffee.&lt;init&gt;(Coffee.java:10)
	at uk.ac.sheffield.com1003.cafe.ingredients.Coffee.&lt;init&gt;(Coffee.java:10)
	at uk.ac.sheffield.com1003.cafe.ingredients.Coffee.&lt;init&gt;(Coffee.java:10)
	at uk.ac.sheffield.com1003.cafe.ingredients.Coffee.&lt;init&gt;(Coffee.java:10)
	at uk.ac.sheffield.com1003.cafe.ingredients.Coffee.&lt;init&gt;(Coffee.java:10)
	at uk.ac.sheffield.com1003.cafe.ingredients.Coffee.&lt;init&gt;(Coffee.java:10)
	at uk.ac.sheffield.com1003.cafe.ingredients.Coffee.&lt;init&gt;(Coffee.java:10)
	at uk.ac.sheffield.com1003.cafe.ingredients.Coffee.&lt;init&gt;(Coffee.java:10)
	at uk.ac.sheffield.com1003.cafe.ingredients.Coffee.&lt;init&gt;(Coffee.java:10)
	at uk.ac.sheffield.com1003.cafe.ingredients.Coffee.&lt;init&gt;(Coffee.java:10)
	at uk.ac.sheffield.com1003.cafe.ingredients.Coffee.&lt;init&gt;(Coffee.java:10)
	at uk.ac.sheffield.com1003.cafe.ingredients.Coffee.&lt;init&gt;(Coffee.java:10)
	at uk.ac.sheffield.com1003.cafe.ingredients.Coffee.&lt;init&gt;(Coffee.java:10)
	at uk.ac.sheffield.com1003.cafe.ingredients.Coffee.&lt;init&gt;(Coffee.java:10)
	at uk.ac.sheffield.com1003.cafe.ingredients.Coffee.&lt;init&gt;(Coffee.java:10)
	at uk.ac.sheffield.com1003.cafe.ingredients.Coffee.&lt;init&gt;(Coffee.java:10)
	at uk.ac.sheffield.com1003.cafe.ingredients.Coffee.&lt;init&gt;(Coffee.java:10)
	at uk.ac.sheffield.com1003.cafe.ingredients.Coffee.&lt;init&gt;(Coffee.java:10)
	at uk.ac.sheffield.com1003.cafe.ingredients.Coffee.&lt;init&gt;(Coffee.java:10)
	at uk.ac.sheffield.com1003.cafe.ingredients.Coffee.&lt;init&gt;(Coffee.java:10)
	at uk.ac.sheffield.com1003.cafe.ingredients.Coffee.&lt;init&gt;(Coffee.java:10)
	at uk.ac.sheffield.com1003.cafe.ingredients.Coffee.&lt;init&gt;(Coffee.java:10)
	at uk.ac.sheffield.com1003.cafe.ingredients.Coffee.&lt;init&gt;(Coffee.java:10)
	at uk.ac.sheffield.com1003.cafe.ingredients.Coffee.&lt;init&gt;(Coffee.java:10)
	at uk.ac.sheffield.com1003.cafe.ingredients.Coffee.&lt;init&gt;(Coffee.java:10)
	at uk.ac.sheffield.com1003.cafe.ingredients.Coffee.&lt;init&gt;(Coffee.java:10)
	at uk.ac.sheffield.com1003.cafe.ingredients.Coffee.&lt;init&gt;(Coffee.java:10)
	at uk.ac.sheffield.com1003.cafe.ingredients.Coffee.&lt;init&gt;(Coffee.java:10)
	at uk.ac.sheffield.com1003.cafe.ingredients.Coffee.&lt;init&gt;(Coffee.java:10)
	at uk.ac.sheffield.com1003.cafe.ingredients.Coffee.&lt;init&gt;(Coffee.java:10)
	at uk.ac.sheffield.com1003.cafe.ingredients.Coffee.&lt;init&gt;(Coffee.java:10)
	at uk.ac.sheffield.com1003.cafe.ingredients.Coffee.&lt;init&gt;(Coffee.java:10)
	at uk.ac.sheffield.com1003.cafe.ingredients.Coffee.&lt;init&gt;(Coffee.java:10)
	at uk.ac.sheffield.com1003.cafe.ingredients.Coffee.&lt;init&gt;(Coffee.java:10)
	at uk.ac.sheffield.com1003.cafe.ingredients.Coffee.&lt;init&gt;(Coffee.java:10)
	at uk.ac.sheffield.com1003.cafe.ingredients.Coffee.&lt;init&gt;(Coffee.java:10)
	at uk.ac.sheffield.com1003.cafe.ingredients.Coffee.&lt;init&gt;(Coffee.java:10)
	at uk.ac.sheffield.com1003.cafe.ingredients.Coffee.&lt;init&gt;(Coffee.java:10)
	at uk.ac.sheffield.com1003.cafe.ingredients.Coffee.&lt;init&gt;(Coffee.java:10)
	at uk.ac.sheffield.com1003.cafe.ingredients.Coffee.&lt;init&gt;(Coffee.java:10)
	at uk.ac.sheffield.com1003.cafe.ingredients.Coffee.&lt;init&gt;(Coffee.java:10)
	at uk.ac.sheffield.com1003.cafe.ingredients.Coffee.&lt;init&gt;(Coffee.java:10)
	at uk.ac.sheffield.com1003.cafe.ingredients.Coffee.&lt;init&gt;(Coffee.java:10)
	at uk.ac.sheffield.com1003.cafe.ingredients.Coffee.&lt;init&gt;(Coffee.java:10)
	at uk.ac.sheffield.com1003.cafe.ingredients.Coffee.&lt;init&gt;(Coffee.java:10)
	at uk.ac.sheffield.com1003.cafe.ingredients.Coffee.&lt;init&gt;(Coffee.java:10)
	at uk.ac.sheffield.com1003.cafe.ingredients.Coffee.&lt;init&gt;(Coffee.java:10)
	at uk.ac.sheffield.com1003.cafe.ingredients.Coffee.&lt;init&gt;(Coffee.java:10)
	at uk.ac.sheffield.com1003.cafe.ingredients.Coffee.&lt;init&gt;(Coffee.java:10)
	at uk.ac.sheffield.com1003.cafe.ingredients.Coffee.&lt;init&gt;(Coffee.java:10)
	at uk.ac.sheffield.com1003.cafe.ingredients.Coffee.&lt;init&gt;(Coffee.java:10)
	at uk.ac.sheffield.com1003.cafe.ingredients.Coffee.&lt;init&gt;(Coffee.java:10)
	at uk.ac.sheffield.com1003.cafe.ingredients.Coffee.&lt;init&gt;(Coffee.java:10)
	at uk.ac.sheffield.com1003.cafe.ingredients.Coffee.&lt;init&gt;(Coffee.java:10)
	at uk.ac.sheffield.com1003.cafe.ingredients.Coffee.&lt;init&gt;(Coffee.java:10)
	at uk.ac.sheffield.com1003.cafe.ingredients.Coffee.&lt;init&gt;(Coffee.java:10)
	at uk.ac.sheffield.com1003.cafe.ingredients.Coffee.&lt;init&gt;(Coffee.java:10)
	at uk.ac.sheffield.com1003.cafe.ingredients.Coffee.&lt;init&gt;(Coffee.java:10)
	at uk.ac.sheffield.com1003.cafe.ingredients.Coffee.&lt;init&gt;(Coffee.java:10)
	at uk.ac.sheffield.com1003.cafe.ingredients.Coffee.&lt;init&gt;(Coffee.java:10)
	at uk.ac.sheffield.com1003.cafe.ingredients.Coffee.&lt;init&gt;(Coffee.java:10)
	at uk.ac.sheffield.com1003.cafe.ingredients.Coffee.&lt;init&gt;(Coffee.java:10)
	at uk.ac.sheffield.com1003.cafe.ingredients.Coffee.&lt;init&gt;(Coffee.java:10)
	at uk.ac.sheffield.com1003.cafe.ingredients.Coffee.&lt;init&gt;(Coffee.java:10)
	at uk.ac.sheffield.com1003.cafe.ingredients.Coffee.&lt;init&gt;(Coffee.java:10)
	at uk.ac.sheffield.com1003.cafe.ingredients.Coffee.&lt;init&gt;(Coffee.java:10)
	at uk.ac.sheffield.com1003.cafe.ingredients.Coffee.&lt;init&gt;(Coffee.java:10)
	at uk.ac.sheffield.com1003.cafe.ingredients.Coffee.&lt;init&gt;(Coffee.java:10)
	at uk.ac.sheffield.com1003.cafe.ingredients.Coffee.&lt;init&gt;(Coffee.java:10)
	at uk.ac.sheffield.com1003.cafe.ingredients.Coffee.&lt;init&gt;(Coffee.java:10)
	at uk.ac.sheffield.com1003.cafe.ingredients.Coffee.&lt;init&gt;(Coffee.java:10)
	at uk.ac.sheffield.com1003.cafe.ingredients.Coffee.&lt;init&gt;(Coffee.java:10)
	at uk.ac.sheffield.com1003.cafe.ingredients.Coffee.&lt;init&gt;(Coffee.java:10)
	at uk.ac.sheffield.com1003.cafe.ingredients.Coffee.&lt;init&gt;(Coffee.java:10)
	at uk.ac.sheffield.com1003.cafe.ingredients.Coffee.&lt;init&gt;(Coffee.java:10)
	at uk.ac.sheffield.com1003.cafe.ingredients.Coffee.&lt;init&gt;(Coffee.java:10)
	at uk.ac.sheffield.com1003.cafe.ingredients.Coffee.&lt;init&gt;(Coffee.java:10)
	at uk.ac.sheffield.com1003.cafe.ingredients.Coffee.&lt;init&gt;(Coffee.java:10)
	at uk.ac.sheffield.com1003.cafe.ingredients.Coffee.&lt;init&gt;(Coffee.java:10)
	at uk.ac.sheffield.com1003.cafe.ingredients.Coffee.&lt;init&gt;(Coffee.java:10)
	at uk.ac.sheffield.com1003.cafe.ingredients.Coffee.&lt;init&gt;(Coffee.java:10)
	at uk.ac.sheffield.com1003.cafe.ingredients.Coffee.&lt;init&gt;(Coffee.java:10)
	at uk.ac.sheffield.com1003.cafe.ingredients.Coffee.&lt;init&gt;(Coffee.java:10)
	at uk.ac.sheffield.com1003.cafe.ingredients.Coffee.&lt;init&gt;(Coffee.java:10)
	at uk.ac.sheffield.com1003.cafe.ingredients.Coffee.&lt;init&gt;(Coffee.java:10)
	at uk.ac.sheffield.com1003.cafe.ingredients.Coffee.&lt;init&gt;(Coffee.java:10)
	at uk.ac.sheffield.com1003.cafe.ingredients.Coffee.&lt;init&gt;(Coffee.java:10)
	at uk.ac.sheffield.com1003.cafe.ingredients.Coffee.&lt;init&gt;(Coffee.java:10)
	at uk.ac.sheffield.com1003.cafe.ingredients.Coffee.&lt;init&gt;(Coffee.java:10)
	at uk.ac.sheffield.com1003.cafe.ingredients.Coffee.&lt;init&gt;(Coffee.java:10)
	at uk.ac.sheffield.com1003.cafe.ingredients.Coffee.&lt;init&gt;(Coffee.java:10)
	at uk.ac.sheffield.com1003.cafe.ingredients.Coffee.&lt;init&gt;(Coffee.java:10)
	at uk.ac.sheffield.com1003.cafe.ingredients.Coffee.&lt;init&gt;(Coffee.java:10)
	at uk.ac.sheffield.com1003.cafe.ingredients.Coffee.&lt;init&gt;(Coffee.java:10)
	at uk.ac.sheffield.com1003.cafe.ingredients.Coffee.&lt;init&gt;(Coffee.java:10)
	at uk.ac.sheffield.com1003.cafe.ingredients.Coffee.&lt;init&gt;(Coffee.java:10)
	at uk.ac.sheffield.com1003.cafe.ingredients.Coffee.&lt;init&gt;(Coffee.java:10)
	at uk.ac.sheffield.com1003.cafe.ingredients.Coffee.&lt;init&gt;(Coffee.java:10)
	at uk.ac.sheffield.com1003.cafe.ingredients.Coffee.&lt;init&gt;(Coffee.java:10)
	at uk.ac.sheffield.com1003.cafe.ingredients.Coffee.&lt;init&gt;(Coffee.java:10)
	at uk.ac.sheffield.com1003.cafe.ingredients.Coffee.&lt;init&gt;(Coffee.java:10)
	at uk.ac.sheffield.com1003.cafe.ingredients.Coffee.&lt;init&gt;(Coffee.java:10)
	at uk.ac.sheffield.com1003.cafe.ingredients.Coffee.&lt;init&gt;(Coffee.java:10)
	at uk.ac.sheffield.com1003.cafe.ingredients.Coffee.&lt;init&gt;(Coffee.java:10)
	at uk.ac.sheffield.com1003.cafe.ingredients.Coffee.&lt;init&gt;(Coffee.java:10)
	at uk.ac.sheffield.com1003.cafe.ingredients.Coffee.&lt;init&gt;(Coffee.java:10)
	at uk.ac.sheffield.com1003.cafe.ingredients.Coffee.&lt;init&gt;(Coffee.java:10)
	at uk.ac.sheffield.com1003.cafe.ingredients.Coffee.&lt;init&gt;(Coffee.java:10)
	at uk.ac.sheffield.com1003.cafe.ingredients.Coffee.&lt;init&gt;(Coffee.java:10)
	at uk.ac.sheffield.com1003.cafe.ingredients.Coffee.&lt;init&gt;(Coffee.java:10)
	at uk.ac.sheffield.com1003.cafe.ingredients.Coffee.&lt;init&gt;(Coffee.java:10)
	at uk.ac.sheffield.com1003.cafe.ingredients.Coffee.&lt;init&gt;(Coffee.java:10)
	at uk.ac.sheffield.com1003.cafe.ingredients.Coffee.&lt;init&gt;(Coffee.java:10)
	at uk.ac.sheffield.com1003.cafe.ingredients.Coffee.&lt;init&gt;(Coffee.java:10)
	at uk.ac.sheffield.com1003.cafe.ingredients.Coffee.&lt;init&gt;(Coffee.java:10)
	at uk.ac.sheffield.com1003.cafe.ingredients.Coffee.&lt;init&gt;(Coffee.java:10)
	at uk.ac.sheffield.com1003.cafe.ingredients.Coffee.&lt;init&gt;(Coffee.java:10)
	at uk.ac.sheffield.com1003.cafe.ingredients.Coffee.&lt;init&gt;(Coffee.java:10)
	at uk.ac.sheffield.com1003.cafe.ingredients.Coffee.&lt;init&gt;(Coffee.java:10)
	at uk.ac.sheffield.com1003.cafe.ingredients.Coffee.&lt;init&gt;(Coffee.java:10)
	at uk.ac.sheffield.com1003.cafe.ingredients.Coffee.&lt;init&gt;(Coffee.java:10)
	at uk.ac.sheffield.com1003.cafe.ingredients.Coffee.&lt;init&gt;(Coffee.java:10)
	at uk.ac.sheffield.com1003.cafe.ingredients.Coffee.&lt;init&gt;(Coffee.java:10)
	at uk.ac.sheffield.com1003.cafe.ingredients.Coffee.&lt;init&gt;(Coffee.java:10)
	at uk.ac.sheffield.com1003.cafe.ingredients.Coffee.&lt;init&gt;(Coffee.java:10)
	at uk.ac.sheffield.com1003.cafe.ingredients.Coffee.&lt;init&gt;(Coffee.java:10)
	at uk.ac.sheffield.com1003.cafe.ingredients.Coffee.&lt;init&gt;(Coffee.java:10)
	at uk.ac.sheffield.com1003.cafe.ingredients.Coffee.&lt;init&gt;(Coffee.java:10)
	at uk.ac.sheffield.com1003.cafe.ingredients.Coffee.&lt;init&gt;(Coffee.java:10)
	at uk.ac.sheffield.com1003.cafe.ingredients.Coffee.&lt;init&gt;(Coffee.java:10)
	at uk.ac.sheffield.com1003.cafe.ingredients.Coffee.&lt;init&gt;(Coffee.java:10)
	at uk.ac.sheffield.com1003.cafe.ingredients.Coffee.&lt;init&gt;(Coffee.java:10)
	at uk.ac.sheffield.com1003.cafe.ingredients.Coffee.&lt;init&gt;(Coffee.java:10)
	at uk.ac.sheffield.com1003.cafe.ingredients.Coffee.&lt;init&gt;(Coffee.java:10)
	at uk.ac.sheffield.com1003.cafe.ingredients.Coffee.&lt;init&gt;(Coffee.java:10)
	at uk.ac.sheffield.com1003.cafe.ingredients.Coffee.&lt;init&gt;(Coffee.java:10)
	at uk.ac.sheffield.com1003.cafe.ingredients.Coffee.&lt;init&gt;(Coffee.java:10)
	at uk.ac.sheffield.com1003.cafe.ingredients.Coffee.&lt;init&gt;(Coffee.java:10)
	at uk.ac.sheffield.com1003.cafe.ingredients.Coffee.&lt;init&gt;(Coffee.java:10)
	at uk.ac.sheffield.com1003.cafe.ingredients.Coffee.&lt;init&gt;(Coffee.java:10)
	at uk.ac.sheffield.com1003.cafe.ingredients.Coffee.&lt;init&gt;(Coffee.java:10)
	at uk.ac.sheffield.com1003.cafe.ingredients.Coffee.&lt;init&gt;(Coffee.java:10)
	at uk.ac.sheffield.com1003.cafe.ingredients.Coffee.&lt;init&gt;(Coffee.java:10)
	at uk.ac.sheffield.com1003.cafe.ingredients.Coffee.&lt;init&gt;(Coffee.java:10)
	at uk.ac.sheffield.com1003.cafe.ingredients.Coffee.&lt;init&gt;(Coffee.java:10)
	at uk.ac.sheffield.com1003.cafe.ingredients.Coffee.&lt;init&gt;(Coffee.java:10)
	at uk.ac.sheffield.com1003.cafe.ingredients.Coffee.&lt;init&gt;(Coffee.java:10)
	at uk.ac.sheffield.com1003.cafe.ingredients.Coffee.&lt;init&gt;(Coffee.java:10)
	at uk.ac.sheffield.com1003.cafe.ingredients.Coffee.&lt;init&gt;(Coffee.java:10)
	at uk.ac.sheffield.com1003.cafe.ingredients.Coffee.&lt;init&gt;(Coffee.java:10)
	at uk.ac.sheffield.com1003.cafe.ingredients.Coffee.&lt;init&gt;(Coffee.java:10)
	at uk.ac.sheffield.com1003.cafe.ingredients.Coffee.&lt;init&gt;(Coffee.java:10)
	at uk.ac.sheffield.com1003.cafe.ingredients.Coffee.&lt;init&gt;(Coffee.java:10)
	at uk.ac.sheffield.com1003.cafe.ingredients.Coffee.&lt;init&gt;(Coffee.java:10)
	at uk.ac.sheffield.com1003.cafe.ingredients.Coffee.&lt;init&gt;(Coffee.java:10)
	at uk.ac.sheffield.com1003.cafe.ingredients.Coffee.&lt;init&gt;(Coffee.java:10)
	at uk.ac.sheffield.com1003.cafe.ingredients.Coffee.&lt;init&gt;(Coffee.java:10)
	at uk.ac.sheffield.com1003.cafe.ingredients.Coffee.&lt;init&gt;(Coffee.java:10)
	at uk.ac.sheffield.com1003.cafe.ingredients.Coffee.&lt;init&gt;(Coffee.java:10)
	at uk.ac.sheffield.com1003.cafe.ingredients.Coffee.&lt;init&gt;(Coffee.java:10)
	at uk.ac.sheffield.com1003.cafe.ingredients.Coffee.&lt;init&gt;(Coffee.java:10)
	at uk.ac.sheffield.com1003.cafe.ingredients.Coffee.&lt;init&gt;(Coffee.java:10)
	at uk.ac.sheffield.com1003.cafe.ingredients.Coffee.&lt;init&gt;(Coffee.java:10)
	at uk.ac.sheffield.com1003.cafe.ingredients.Coffee.&lt;init&gt;(Coffee.java:10)
	at uk.ac.sheffield.com1003.cafe.ingredients.Coffee.&lt;init&gt;(Coffee.java:10)
</failure>
  </testcase>
  <testcase name="testRecipeEqualsNoIngredients" classname="uk.ac.sheffield.com1003.cafe.TestCafeTask5" time="0.0"/>
  <testcase name="testRecipeEqualsItself" classname="uk.ac.sheffield.com1003.cafe.TestCafeTask5" time="0.004">
    <failure message="java.lang.StackOverflowError" type="java.lang.StackOverflowError">java.lang.StackOverflowError
	at uk.ac.sheffield.com1003.cafe.ingredients.Coffee.&lt;init&gt;(Coffee.java:10)
	at uk.ac.sheffield.com1003.cafe.ingredients.Coffee.&lt;init&gt;(Coffee.java:10)
	at uk.ac.sheffield.com1003.cafe.ingredients.Coffee.&lt;init&gt;(Coffee.java:10)
	at uk.ac.sheffield.com1003.cafe.ingredients.Coffee.&lt;init&gt;(Coffee.java:10)
	at uk.ac.sheffield.com1003.cafe.ingredients.Coffee.&lt;init&gt;(Coffee.java:10)
	at uk.ac.sheffield.com1003.cafe.ingredients.Coffee.&lt;init&gt;(Coffee.java:10)
	at uk.ac.sheffield.com1003.cafe.ingredients.Coffee.&lt;init&gt;(Coffee.java:10)
	at uk.ac.sheffield.com1003.cafe.ingredients.Coffee.&lt;init&gt;(Coffee.java:10)
	at uk.ac.sheffield.com1003.cafe.ingredients.Coffee.&lt;init&gt;(Coffee.java:10)
	at uk.ac.sheffield.com1003.cafe.ingredients.Coffee.&lt;init&gt;(Coffee.java:10)
	at uk.ac.sheffield.com1003.cafe.ingredients.Coffee.&lt;init&gt;(Coffee.java:10)
	at uk.ac.sheffield.com1003.cafe.ingredients.Coffee.&lt;init&gt;(Coffee.java:10)
	at uk.ac.sheffield.com1003.cafe.ingredients.Coffee.&lt;init&gt;(Coffee.java:10)
	at uk.ac.sheffield.com1003.cafe.ingredients.Coffee.&lt;init&gt;(Coffee.java:10)
	at uk.ac.sheffield.com1003.cafe.ingredients.Coffee.&lt;init&gt;(Coffee.java:10)
	at uk.ac.sheffield.com1003.cafe.ingredients.Coffee.&lt;init&gt;(Coffee.java:10)
	at uk.ac.sheffield.com1003.cafe.ingredients.Coffee.&lt;init&gt;(Coffee.java:10)
	at uk.ac.sheffield.com1003.cafe.ingredients.Coffee.&lt;init&gt;(Coffee.java:10)
	at uk.ac.sheffield.com1003.cafe.ingredients.Coffee.&lt;init&gt;(Coffee.java:10)
	at uk.ac.sheffield.com1003.cafe.ingredients.Coffee.&lt;init&gt;(Coffee.java:10)
	at uk.ac.sheffield.com1003.cafe.ingredients.Coffee.&lt;init&gt;(Coffee.java:10)
	at uk.ac.sheffield.com1003.cafe.ingredients.Coffee.&lt;init&gt;(Coffee.java:10)
	at uk.ac.sheffield.com1003.cafe.ingredients.Coffee.&lt;init&gt;(Coffee.java:10)
	at uk.ac.sheffield.com1003.cafe.ingredients.Coffee.&lt;init&gt;(Coffee.java:10)
	at uk.ac.sheffield.com1003.cafe.ingredients.Coffee.&lt;init&gt;(Coffee.java:10)
	at uk.ac.sheffield.com1003.cafe.ingredients.Coffee.&lt;init&gt;(Coffee.java:10)
	at uk.ac.sheffield.com1003.cafe.ingredients.Coffee.&lt;init&gt;(Coffee.java:10)
	at uk.ac.sheffield.com1003.cafe.ingredients.Coffee.&lt;init&gt;(Coffee.java:10)
	at uk.ac.sheffield.com1003.cafe.ingredients.Coffee.&lt;init&gt;(Coffee.java:10)
	at uk.ac.sheffield.com1003.cafe.ingredients.Coffee.&lt;init&gt;(Coffee.java:10)
	at uk.ac.sheffield.com1003.cafe.ingredients.Coffee.&lt;init&gt;(Coffee.java:10)
	at uk.ac.sheffield.com1003.cafe.ingredients.Coffee.&lt;init&gt;(Coffee.java:10)
	at uk.ac.sheffield.com1003.cafe.ingredients.Coffee.&lt;init&gt;(Coffee.java:10)
	at uk.ac.sheffield.com1003.cafe.ingredients.Coffee.&lt;init&gt;(Coffee.java:10)
	at uk.ac.sheffield.com1003.cafe.ingredients.Coffee.&lt;init&gt;(Coffee.java:10)
	at uk.ac.sheffield.com1003.cafe.ingredients.Coffee.&lt;init&gt;(Coffee.java:10)
	at uk.ac.sheffield.com1003.cafe.ingredients.Coffee.&lt;init&gt;(Coffee.java:10)
	at uk.ac.sheffield.com1003.cafe.ingredients.Coffee.&lt;init&gt;(Coffee.java:10)
	at uk.ac.sheffield.com1003.cafe.ingredients.Coffee.&lt;init&gt;(Coffee.java:10)
	at uk.ac.sheffield.com1003.cafe.ingredients.Coffee.&lt;init&gt;(Coffee.java:10)
	at uk.ac.sheffield.com1003.cafe.ingredients.Coffee.&lt;init&gt;(Coffee.java:10)
	at uk.ac.sheffield.com1003.cafe.ingredients.Coffee.&lt;init&gt;(Coffee.java:10)
	at uk.ac.sheffield.com1003.cafe.ingredients.Coffee.&lt;init&gt;(Coffee.java:10)
	at uk.ac.sheffield.com1003.cafe.ingredients.Coffee.&lt;init&gt;(Coffee.java:10)
	at uk.ac.sheffield.com1003.cafe.ingredients.Coffee.&lt;init&gt;(Coffee.java:10)
	at uk.ac.sheffield.com1003.cafe.ingredients.Coffee.&lt;init&gt;(Coffee.java:10)
	at uk.ac.sheffield.com1003.cafe.ingredients.Coffee.&lt;init&gt;(Coffee.java:10)
	at uk.ac.sheffield.com1003.cafe.ingredients.Coffee.&lt;init&gt;(Coffee.java:10)
	at uk.ac.sheffield.com1003.cafe.ingredients.Coffee.&lt;init&gt;(Coffee.java:10)
	at uk.ac.sheffield.com1003.cafe.ingredients.Coffee.&lt;init&gt;(Coffee.java:10)
	at uk.ac.sheffield.com1003.cafe.ingredients.Coffee.&lt;init&gt;(Coffee.java:10)
	at uk.ac.sheffield.com1003.cafe.ingredients.Coffee.&lt;init&gt;(Coffee.java:10)
	at uk.ac.sheffield.com1003.cafe.ingredients.Coffee.&lt;init&gt;(Coffee.java:10)
	at uk.ac.sheffield.com1003.cafe.ingredients.Coffee.&lt;init&gt;(Coffee.java:10)
	at uk.ac.sheffield.com1003.cafe.ingredients.Coffee.&lt;init&gt;(Coffee.java:10)
	at uk.ac.sheffield.com1003.cafe.ingredients.Coffee.&lt;init&gt;(Coffee.java:10)
	at uk.ac.sheffield.com1003.cafe.ingredients.Coffee.&lt;init&gt;(Coffee.java:10)
	at uk.ac.sheffield.com1003.cafe.ingredients.Coffee.&lt;init&gt;(Coffee.java:10)
	at uk.ac.sheffield.com1003.cafe.ingredients.Coffee.&lt;init&gt;(Coffee.java:10)
	at uk.ac.sheffield.com1003.cafe.ingredients.Coffee.&lt;init&gt;(Coffee.java:10)
	at uk.ac.sheffield.com1003.cafe.ingredients.Coffee.&lt;init&gt;(Coffee.java:10)
	at uk.ac.sheffield.com1003.cafe.ingredients.Coffee.&lt;init&gt;(Coffee.java:10)
	at uk.ac.sheffield.com1003.cafe.ingredients.Coffee.&lt;init&gt;(Coffee.java:10)
	at uk.ac.sheffield.com1003.cafe.ingredients.Coffee.&lt;init&gt;(Coffee.java:10)
	at uk.ac.sheffield.com1003.cafe.ingredients.Coffee.&lt;init&gt;(Coffee.java:10)
	at uk.ac.sheffield.com1003.cafe.ingredients.Coffee.&lt;init&gt;(Coffee.java:10)
	at uk.ac.sheffield.com1003.cafe.ingredients.Coffee.&lt;init&gt;(Coffee.java:10)
	at uk.ac.sheffield.com1003.cafe.ingredients.Coffee.&lt;init&gt;(Coffee.java:10)
	at uk.ac.sheffield.com1003.cafe.ingredients.Coffee.&lt;init&gt;(Coffee.java:10)
	at uk.ac.sheffield.com1003.cafe.ingredients.Coffee.&lt;init&gt;(Coffee.java:10)
	at uk.ac.sheffield.com1003.cafe.ingredients.Coffee.&lt;init&gt;(Coffee.java:10)
	at uk.ac.sheffield.com1003.cafe.ingredients.Coffee.&lt;init&gt;(Coffee.java:10)
	at uk.ac.sheffield.com1003.cafe.ingredients.Coffee.&lt;init&gt;(Coffee.java:10)
	at uk.ac.sheffield.com1003.cafe.ingredients.Coffee.&lt;init&gt;(Coffee.java:10)
	at uk.ac.sheffield.com1003.cafe.ingredients.Coffee.&lt;init&gt;(Coffee.java:10)
	at uk.ac.sheffield.com1003.cafe.ingredients.Coffee.&lt;init&gt;(Coffee.java:10)
	at uk.ac.sheffield.com1003.cafe.ingredients.Coffee.&lt;init&gt;(Coffee.java:10)
	at uk.ac.sheffield.com1003.cafe.ingredients.Coffee.&lt;init&gt;(Coffee.java:10)
	at uk.ac.sheffield.com1003.cafe.ingredients.Coffee.&lt;init&gt;(Coffee.java:10)
	at uk.ac.sheffield.com1003.cafe.ingredients.Coffee.&lt;init&gt;(Coffee.java:10)
	at uk.ac.sheffield.com1003.cafe.ingredients.Coffee.&lt;init&gt;(Coffee.java:10)
	at uk.ac.sheffield.com1003.cafe.ingredients.Coffee.&lt;init&gt;(Coffee.java:10)
	at uk.ac.sheffield.com1003.cafe.ingredients.Coffee.&lt;init&gt;(Coffee.java:10)
	at uk.ac.sheffield.com1003.cafe.ingredients.Coffee.&lt;init&gt;(Coffee.java:10)
	at uk.ac.sheffield.com1003.cafe.ingredients.Coffee.&lt;init&gt;(Coffee.java:10)
	at uk.ac.sheffield.com1003.cafe.ingredients.Coffee.&lt;init&gt;(Coffee.java:10)
	at uk.ac.sheffield.com1003.cafe.ingredients.Coffee.&lt;init&gt;(Coffee.java:10)
	at uk.ac.sheffield.com1003.cafe.ingredients.Coffee.&lt;init&gt;(Coffee.java:10)
	at uk.ac.sheffield.com1003.cafe.ingredients.Coffee.&lt;init&gt;(Coffee.java:10)
	at uk.ac.sheffield.com1003.cafe.ingredients.Coffee.&lt;init&gt;(Coffee.java:10)
	at uk.ac.sheffield.com1003.cafe.ingredients.Coffee.&lt;init&gt;(Coffee.java:10)
	at uk.ac.sheffield.com1003.cafe.ingredients.Coffee.&lt;init&gt;(Coffee.java:10)
	at uk.ac.sheffield.com1003.cafe.ingredients.Coffee.&lt;init&gt;(Coffee.java:10)
	at uk.ac.sheffield.com1003.cafe.ingredients.Coffee.&lt;init&gt;(Coffee.java:10)
	at uk.ac.sheffield.com1003.cafe.ingredients.Coffee.&lt;init&gt;(Coffee.java:10)
	at uk.ac.sheffield.com1003.cafe.ingredients.Coffee.&lt;init&gt;(Coffee.java:10)
	at uk.ac.sheffield.com1003.cafe.ingredients.Coffee.&lt;init&gt;(Coffee.java:10)
	at uk.ac.sheffield.com1003.cafe.ingredients.Coffee.&lt;init&gt;(Coffee.java:10)
	at uk.ac.sheffield.com1003.cafe.ingredients.Coffee.&lt;init&gt;(Coffee.java:10)
	at uk.ac.sheffield.com1003.cafe.ingredients.Coffee.&lt;init&gt;(Coffee.java:10)
	at uk.ac.sheffield.com1003.cafe.ingredients.Coffee.&lt;init&gt;(Coffee.java:10)
	at uk.ac.sheffield.com1003.cafe.ingredients.Coffee.&lt;init&gt;(Coffee.java:10)
	at uk.ac.sheffield.com1003.cafe.ingredients.Coffee.&lt;init&gt;(Coffee.java:10)
	at uk.ac.sheffield.com1003.cafe.ingredients.Coffee.&lt;init&gt;(Coffee.java:10)
	at uk.ac.sheffield.com1003.cafe.ingredients.Coffee.&lt;init&gt;(Coffee.java:10)
	at uk.ac.sheffield.com1003.cafe.ingredients.Coffee.&lt;init&gt;(Coffee.java:10)
	at uk.ac.sheffield.com1003.cafe.ingredients.Coffee.&lt;init&gt;(Coffee.java:10)
	at uk.ac.sheffield.com1003.cafe.ingredients.Coffee.&lt;init&gt;(Coffee.java:10)
	at uk.ac.sheffield.com1003.cafe.ingredients.Coffee.&lt;init&gt;(Coffee.java:10)
	at uk.ac.sheffield.com1003.cafe.ingredients.Coffee.&lt;init&gt;(Coffee.java:10)
	at uk.ac.sheffield.com1003.cafe.ingredients.Coffee.&lt;init&gt;(Coffee.java:10)
	at uk.ac.sheffield.com1003.cafe.ingredients.Coffee.&lt;init&gt;(Coffee.java:10)
	at uk.ac.sheffield.com1003.cafe.ingredients.Coffee.&lt;init&gt;(Coffee.java:10)
	at uk.ac.sheffield.com1003.cafe.ingredients.Coffee.&lt;init&gt;(Coffee.java:10)
	at uk.ac.sheffield.com1003.cafe.ingredients.Coffee.&lt;init&gt;(Coffee.java:10)
	at uk.ac.sheffield.com1003.cafe.ingredients.Coffee.&lt;init&gt;(Coffee.java:10)
	at uk.ac.sheffield.com1003.cafe.ingredients.Coffee.&lt;init&gt;(Coffee.java:10)
	at uk.ac.sheffield.com1003.cafe.ingredients.Coffee.&lt;init&gt;(Coffee.java:10)
	at uk.ac.sheffield.com1003.cafe.ingredients.Coffee.&lt;init&gt;(Coffee.java:10)
	at uk.ac.sheffield.com1003.cafe.ingredients.Coffee.&lt;init&gt;(Coffee.java:10)
	at uk.ac.sheffield.com1003.cafe.ingredients.Coffee.&lt;init&gt;(Coffee.java:10)
	at uk.ac.sheffield.com1003.cafe.ingredients.Coffee.&lt;init&gt;(Coffee.java:10)
	at uk.ac.sheffield.com1003.cafe.ingredients.Coffee.&lt;init&gt;(Coffee.java:10)
	at uk.ac.sheffield.com1003.cafe.ingredients.Coffee.&lt;init&gt;(Coffee.java:10)
	at uk.ac.sheffield.com1003.cafe.ingredients.Coffee.&lt;init&gt;(Coffee.java:10)
	at uk.ac.sheffield.com1003.cafe.ingredients.Coffee.&lt;init&gt;(Coffee.java:10)
	at uk.ac.sheffield.com1003.cafe.ingredients.Coffee.&lt;init&gt;(Coffee.java:10)
	at uk.ac.sheffield.com1003.cafe.ingredients.Coffee.&lt;init&gt;(Coffee.java:10)
	at uk.ac.sheffield.com1003.cafe.ingredients.Coffee.&lt;init&gt;(Coffee.java:10)
	at uk.ac.sheffield.com1003.cafe.ingredients.Coffee.&lt;init&gt;(Coffee.java:10)
	at uk.ac.sheffield.com1003.cafe.ingredients.Coffee.&lt;init&gt;(Coffee.java:10)
	at uk.ac.sheffield.com1003.cafe.ingredients.Coffee.&lt;init&gt;(Coffee.java:10)
	at uk.ac.sheffield.com1003.cafe.ingredients.Coffee.&lt;init&gt;(Coffee.java:10)
	at uk.ac.sheffield.com1003.cafe.ingredients.Coffee.&lt;init&gt;(Coffee.java:10)
	at uk.ac.sheffield.com1003.cafe.ingredients.Coffee.&lt;init&gt;(Coffee.java:10)
	at uk.ac.sheffield.com1003.cafe.ingredients.Coffee.&lt;init&gt;(Coffee.java:10)
	at uk.ac.sheffield.com1003.cafe.ingredients.Coffee.&lt;init&gt;(Coffee.java:10)
	at uk.ac.sheffield.com1003.cafe.ingredients.Coffee.&lt;init&gt;(Coffee.java:10)
	at uk.ac.sheffield.com1003.cafe.ingredients.Coffee.&lt;init&gt;(Coffee.java:10)
	at uk.ac.sheffield.com1003.cafe.ingredients.Coffee.&lt;init&gt;(Coffee.java:10)
	at uk.ac.sheffield.com1003.cafe.ingredients.Coffee.&lt;init&gt;(Coffee.java:10)
	at uk.ac.sheffield.com1003.cafe.ingredients.Coffee.&lt;init&gt;(Coffee.java:10)
	at uk.ac.sheffield.com1003.cafe.ingredients.Coffee.&lt;init&gt;(Coffee.java:10)
	at uk.ac.sheffield.com1003.cafe.ingredients.Coffee.&lt;init&gt;(Coffee.java:10)
	at uk.ac.sheffield.com1003.cafe.ingredients.Coffee.&lt;init&gt;(Coffee.java:10)
	at uk.ac.sheffield.com1003.cafe.ingredients.Coffee.&lt;init&gt;(Coffee.java:10)
	at uk.ac.sheffield.com1003.cafe.ingredients.Coffee.&lt;init&gt;(Coffee.java:10)
	at uk.ac.sheffield.com1003.cafe.ingredients.Coffee.&lt;init&gt;(Coffee.java:10)
	at uk.ac.sheffield.com1003.cafe.ingredients.Coffee.&lt;init&gt;(Coffee.java:10)
	at uk.ac.sheffield.com1003.cafe.ingredients.Coffee.&lt;init&gt;(Coffee.java:10)
	at uk.ac.sheffield.com1003.cafe.ingredients.Coffee.&lt;init&gt;(Coffee.java:10)
	at uk.ac.sheffield.com1003.cafe.ingredients.Coffee.&lt;init&gt;(Coffee.java:10)
	at uk.ac.sheffield.com1003.cafe.ingredients.Coffee.&lt;init&gt;(Coffee.java:10)
	at uk.ac.sheffield.com1003.cafe.ingredients.Coffee.&lt;init&gt;(Coffee.java:10)
	at uk.ac.sheffield.com1003.cafe.ingredients.Coffee.&lt;init&gt;(Coffee.java:10)
	at uk.ac.sheffield.com1003.cafe.ingredients.Coffee.&lt;init&gt;(Coffee.java:10)
	at uk.ac.sheffield.com1003.cafe.ingredients.Coffee.&lt;init&gt;(Coffee.java:10)
	at uk.ac.sheffield.com1003.cafe.ingredients.Coffee.&lt;init&gt;(Coffee.java:10)
	at uk.ac.sheffield.com1003.cafe.ingredients.Coffee.&lt;init&gt;(Coffee.java:10)
	at uk.ac.sheffield.com1003.cafe.ingredients.Coffee.&lt;init&gt;(Coffee.java:10)
	at uk.ac.sheffield.com1003.cafe.ingredients.Coffee.&lt;init&gt;(Coffee.java:10)
	at uk.ac.sheffield.com1003.cafe.ingredients.Coffee.&lt;init&gt;(Coffee.java:10)
	at uk.ac.sheffield.com1003.cafe.ingredients.Coffee.&lt;init&gt;(Coffee.java:10)
	at uk.ac.sheffield.com1003.cafe.ingredients.Coffee.&lt;init&gt;(Coffee.java:10)
	at uk.ac.sheffield.com1003.cafe.ingredients.Coffee.&lt;init&gt;(Coffee.java:10)
	at uk.ac.sheffield.com1003.cafe.ingredients.Coffee.&lt;init&gt;(Coffee.java:10)
	at uk.ac.sheffield.com1003.cafe.ingredients.Coffee.&lt;init&gt;(Coffee.java:10)
	at uk.ac.sheffield.com1003.cafe.ingredients.Coffee.&lt;init&gt;(Coffee.java:10)
	at uk.ac.sheffield.com1003.cafe.ingredients.Coffee.&lt;init&gt;(Coffee.java:10)
	at uk.ac.sheffield.com1003.cafe.ingredients.Coffee.&lt;init&gt;(Coffee.java:10)
	at uk.ac.sheffield.com1003.cafe.ingredients.Coffee.&lt;init&gt;(Coffee.java:10)
	at uk.ac.sheffield.com1003.cafe.ingredients.Coffee.&lt;init&gt;(Coffee.java:10)
	at uk.ac.sheffield.com1003.cafe.ingredients.Coffee.&lt;init&gt;(Coffee.java:10)
	at uk.ac.sheffield.com1003.cafe.ingredients.Coffee.&lt;init&gt;(Coffee.java:10)
	at uk.ac.sheffield.com1003.cafe.ingredients.Coffee.&lt;init&gt;(Coffee.java:10)
	at uk.ac.sheffield.com1003.cafe.ingredients.Coffee.&lt;init&gt;(Coffee.java:10)
	at uk.ac.sheffield.com1003.cafe.ingredients.Coffee.&lt;init&gt;(Coffee.java:10)
	at uk.ac.sheffield.com1003.cafe.ingredients.Coffee.&lt;init&gt;(Coffee.java:10)
	at uk.ac.sheffield.com1003.cafe.ingredients.Coffee.&lt;init&gt;(Coffee.java:10)
	at uk.ac.sheffield.com1003.cafe.ingredients.Coffee.&lt;init&gt;(Coffee.java:10)
	at uk.ac.sheffield.com1003.cafe.ingredients.Coffee.&lt;init&gt;(Coffee.java:10)
	at uk.ac.sheffield.com1003.cafe.ingredients.Coffee.&lt;init&gt;(Coffee.java:10)
	at uk.ac.sheffield.com1003.cafe.ingredients.Coffee.&lt;init&gt;(Coffee.java:10)
	at uk.ac.sheffield.com1003.cafe.ingredients.Coffee.&lt;init&gt;(Coffee.java:10)
	at uk.ac.sheffield.com1003.cafe.ingredients.Coffee.&lt;init&gt;(Coffee.java:10)
	at uk.ac.sheffield.com1003.cafe.ingredients.Coffee.&lt;init&gt;(Coffee.java:10)
	at uk.ac.sheffield.com1003.cafe.ingredients.Coffee.&lt;init&gt;(Coffee.java:10)
	at uk.ac.sheffield.com1003.cafe.ingredients.Coffee.&lt;init&gt;(Coffee.java:10)
	at uk.ac.sheffield.com1003.cafe.ingredients.Coffee.&lt;init&gt;(Coffee.java:10)
	at uk.ac.sheffield.com1003.cafe.ingredients.Coffee.&lt;init&gt;(Coffee.java:10)
	at uk.ac.sheffield.com1003.cafe.ingredients.Coffee.&lt;init&gt;(Coffee.java:10)
	at uk.ac.sheffield.com1003.cafe.ingredients.Coffee.&lt;init&gt;(Coffee.java:10)
	at uk.ac.sheffield.com1003.cafe.ingredients.Coffee.&lt;init&gt;(Coffee.java:10)
	at uk.ac.sheffield.com1003.cafe.ingredients.Coffee.&lt;init&gt;(Coffee.java:10)
	at uk.ac.sheffield.com1003.cafe.ingredients.Coffee.&lt;init&gt;(Coffee.java:10)
	at uk.ac.sheffield.com1003.cafe.ingredients.Coffee.&lt;init&gt;(Coffee.java:10)
	at uk.ac.sheffield.com1003.cafe.ingredients.Coffee.&lt;init&gt;(Coffee.java:10)
	at uk.ac.sheffield.com1003.cafe.ingredients.Coffee.&lt;init&gt;(Coffee.java:10)
	at uk.ac.sheffield.com1003.cafe.ingredients.Coffee.&lt;init&gt;(Coffee.java:10)
	at uk.ac.sheffield.com1003.cafe.ingredients.Coffee.&lt;init&gt;(Coffee.java:10)
	at uk.ac.sheffield.com1003.cafe.ingredients.Coffee.&lt;init&gt;(Coffee.java:10)
	at uk.ac.sheffield.com1003.cafe.ingredients.Coffee.&lt;init&gt;(Coffee.java:10)
	at uk.ac.sheffield.com1003.cafe.ingredients.Coffee.&lt;init&gt;(Coffee.java:10)
	at uk.ac.sheffield.com1003.cafe.ingredients.Coffee.&lt;init&gt;(Coffee.java:10)
	at uk.ac.sheffield.com1003.cafe.ingredients.Coffee.&lt;init&gt;(Coffee.java:10)
	at uk.ac.sheffield.com1003.cafe.ingredients.Coffee.&lt;init&gt;(Coffee.java:10)
	at uk.ac.sheffield.com1003.cafe.ingredients.Coffee.&lt;init&gt;(Coffee.java:10)
	at uk.ac.sheffield.com1003.cafe.ingredients.Coffee.&lt;init&gt;(Coffee.java:10)
	at uk.ac.sheffield.com1003.cafe.ingredients.Coffee.&lt;init&gt;(Coffee.java:10)
	at uk.ac.sheffield.com1003.cafe.ingredients.Coffee.&lt;init&gt;(Coffee.java:10)
	at uk.ac.sheffield.com1003.cafe.ingredients.Coffee.&lt;init&gt;(Coffee.java:10)
	at uk.ac.sheffield.com1003.cafe.ingredients.Coffee.&lt;init&gt;(Coffee.java:10)
	at uk.ac.sheffield.com1003.cafe.ingredients.Coffee.&lt;init&gt;(Coffee.java:10)
	at uk.ac.sheffield.com1003.cafe.ingredients.Coffee.&lt;init&gt;(Coffee.java:10)
	at uk.ac.sheffield.com1003.cafe.ingredients.Coffee.&lt;init&gt;(Coffee.java:10)
	at uk.ac.sheffield.com1003.cafe.ingredients.Coffee.&lt;init&gt;(Coffee.java:10)
	at uk.ac.sheffield.com1003.cafe.ingredients.Coffee.&lt;init&gt;(Coffee.java:10)
	at uk.ac.sheffield.com1003.cafe.ingredients.Coffee.&lt;init&gt;(Coffee.java:10)
	at uk.ac.sheffield.com1003.cafe.ingredients.Coffee.&lt;init&gt;(Coffee.java:10)
	at uk.ac.sheffield.com1003.cafe.ingredients.Coffee.&lt;init&gt;(Coffee.java:10)
	at uk.ac.sheffield.com1003.cafe.ingredients.Coffee.&lt;init&gt;(Coffee.java:10)
	at uk.ac.sheffield.com1003.cafe.ingredients.Coffee.&lt;init&gt;(Coffee.java:10)
	at uk.ac.sheffield.com1003.cafe.ingredients.Coffee.&lt;init&gt;(Coffee.java:10)
	at uk.ac.sheffield.com1003.cafe.ingredients.Coffee.&lt;init&gt;(Coffee.java:10)
	at uk.ac.sheffield.com1003.cafe.ingredients.Coffee.&lt;init&gt;(Coffee.java:10)
	at uk.ac.sheffield.com1003.cafe.ingredients.Coffee.&lt;init&gt;(Coffee.java:10)
	at uk.ac.sheffield.com1003.cafe.ingredients.Coffee.&lt;init&gt;(Coffee.java:10)
	at uk.ac.sheffield.com1003.cafe.ingredients.Coffee.&lt;init&gt;(Coffee.java:10)
	at uk.ac.sheffield.com1003.cafe.ingredients.Coffee.&lt;init&gt;(Coffee.java:10)
	at uk.ac.sheffield.com1003.cafe.ingredients.Coffee.&lt;init&gt;(Coffee.java:10)
	at uk.ac.sheffield.com1003.cafe.ingredients.Coffee.&lt;init&gt;(Coffee.java:10)
	at uk.ac.sheffield.com1003.cafe.ingredients.Coffee.&lt;init&gt;(Coffee.java:10)
	at uk.ac.sheffield.com1003.cafe.ingredients.Coffee.&lt;init&gt;(Coffee.java:10)
	at uk.ac.sheffield.com1003.cafe.ingredients.Coffee.&lt;init&gt;(Coffee.java:10)
	at uk.ac.sheffield.com1003.cafe.ingredients.Coffee.&lt;init&gt;(Coffee.java:10)
	at uk.ac.sheffield.com1003.cafe.ingredients.Coffee.&lt;init&gt;(Coffee.java:10)
	at uk.ac.sheffield.com1003.cafe.ingredients.Coffee.&lt;init&gt;(Coffee.java:10)
	at uk.ac.sheffield.com1003.cafe.ingredients.Coffee.&lt;init&gt;(Coffee.java:10)
	at uk.ac.sheffield.com1003.cafe.ingredients.Coffee.&lt;init&gt;(Coffee.java:10)
	at uk.ac.sheffield.com1003.cafe.ingredients.Coffee.&lt;init&gt;(Coffee.java:10)
	at uk.ac.sheffield.com1003.cafe.ingredients.Coffee.&lt;init&gt;(Coffee.java:10)
	at uk.ac.sheffield.com1003.cafe.ingredients.Coffee.&lt;init&gt;(Coffee.java:10)
	at uk.ac.sheffield.com1003.cafe.ingredients.Coffee.&lt;init&gt;(Coffee.java:10)
	at uk.ac.sheffield.com1003.cafe.ingredients.Coffee.&lt;init&gt;(Coffee.java:10)
	at uk.ac.sheffield.com1003.cafe.ingredients.Coffee.&lt;init&gt;(Coffee.java:10)
	at uk.ac.sheffield.com1003.cafe.ingredients.Coffee.&lt;init&gt;(Coffee.java:10)
	at uk.ac.sheffield.com1003.cafe.ingredients.Coffee.&lt;init&gt;(Coffee.java:10)
	at uk.ac.sheffield.com1003.cafe.ingredients.Coffee.&lt;init&gt;(Coffee.java:10)
	at uk.ac.sheffield.com1003.cafe.ingredients.Coffee.&lt;init&gt;(Coffee.java:10)
	at uk.ac.sheffield.com1003.cafe.ingredients.Coffee.&lt;init&gt;(Coffee.java:10)
	at uk.ac.sheffield.com1003.cafe.ingredients.Coffee.&lt;init&gt;(Coffee.java:10)
	at uk.ac.sheffield.com1003.cafe.ingredients.Coffee.&lt;init&gt;(Coffee.java:10)
	at uk.ac.sheffield.com1003.cafe.ingredients.Coffee.&lt;init&gt;(Coffee.java:10)
	at uk.ac.sheffield.com1003.cafe.ingredients.Coffee.&lt;init&gt;(Coffee.java:10)
	at uk.ac.sheffield.com1003.cafe.ingredients.Coffee.&lt;init&gt;(Coffee.java:10)
	at uk.ac.sheffield.com1003.cafe.ingredients.Coffee.&lt;init&gt;(Coffee.java:10)
	at uk.ac.sheffield.com1003.cafe.ingredients.Coffee.&lt;init&gt;(Coffee.java:10)
	at uk.ac.sheffield.com1003.cafe.ingredients.Coffee.&lt;init&gt;(Coffee.java:10)
	at uk.ac.sheffield.com1003.cafe.ingredients.Coffee.&lt;init&gt;(Coffee.java:10)
	at uk.ac.sheffield.com1003.cafe.ingredients.Coffee.&lt;init&gt;(Coffee.java:10)
	at uk.ac.sheffield.com1003.cafe.ingredients.Coffee.&lt;init&gt;(Coffee.java:10)
	at uk.ac.sheffield.com1003.cafe.ingredients.Coffee.&lt;init&gt;(Coffee.java:10)
	at uk.ac.sheffield.com1003.cafe.ingredients.Coffee.&lt;init&gt;(Coffee.java:10)
	at uk.ac.sheffield.com1003.cafe.ingredients.Coffee.&lt;init&gt;(Coffee.java:10)
	at uk.ac.sheffield.com1003.cafe.ingredients.Coffee.&lt;init&gt;(Coffee.java:10)
	at uk.ac.sheffield.com1003.cafe.ingredients.Coffee.&lt;init&gt;(Coffee.java:10)
	at uk.ac.sheffield.com1003.cafe.ingredients.Coffee.&lt;init&gt;(Coffee.java:10)
	at uk.ac.sheffield.com1003.cafe.ingredients.Coffee.&lt;init&gt;(Coffee.java:10)
	at uk.ac.sheffield.com1003.cafe.ingredients.Coffee.&lt;init&gt;(Coffee.java:10)
	at uk.ac.sheffield.com1003.cafe.ingredients.Coffee.&lt;init&gt;(Coffee.java:10)
	at uk.ac.sheffield.com1003.cafe.ingredients.Coffee.&lt;init&gt;(Coffee.java:10)
	at uk.ac.sheffield.com1003.cafe.ingredients.Coffee.&lt;init&gt;(Coffee.java:10)
	at uk.ac.sheffield.com1003.cafe.ingredients.Coffee.&lt;init&gt;(Coffee.java:10)
	at uk.ac.sheffield.com1003.cafe.ingredients.Coffee.&lt;init&gt;(Coffee.java:10)
	at uk.ac.sheffield.com1003.cafe.ingredients.Coffee.&lt;init&gt;(Coffee.java:10)
	at uk.ac.sheffield.com1003.cafe.ingredients.Coffee.&lt;init&gt;(Coffee.java:10)
	at uk.ac.sheffield.com1003.cafe.ingredients.Coffee.&lt;init&gt;(Coffee.java:10)
	at uk.ac.sheffield.com1003.cafe.ingredients.Coffee.&lt;init&gt;(Coffee.java:10)
	at uk.ac.sheffield.com1003.cafe.ingredients.Coffee.&lt;init&gt;(Coffee.java:10)
	at uk.ac.sheffield.com1003.cafe.ingredients.Coffee.&lt;init&gt;(Coffee.java:10)
	at uk.ac.sheffield.com1003.cafe.ingredients.Coffee.&lt;init&gt;(Coffee.java:10)
	at uk.ac.sheffield.com1003.cafe.ingredients.Coffee.&lt;init&gt;(Coffee.java:10)
	at uk.ac.sheffield.com1003.cafe.ingredients.Coffee.&lt;init&gt;(Coffee.java:10)
	at uk.ac.sheffield.com1003.cafe.ingredients.Coffee.&lt;init&gt;(Coffee.java:10)
	at uk.ac.sheffield.com1003.cafe.ingredients.Coffee.&lt;init&gt;(Coffee.java:10)
	at uk.ac.sheffield.com1003.cafe.ingredients.Coffee.&lt;init&gt;(Coffee.java:10)
	at uk.ac.sheffield.com1003.cafe.ingredients.Coffee.&lt;init&gt;(Coffee.java:10)
	at uk.ac.sheffield.com1003.cafe.ingredients.Coffee.&lt;init&gt;(Coffee.java:10)
	at uk.ac.sheffield.com1003.cafe.ingredients.Coffee.&lt;init&gt;(Coffee.java:10)
	at uk.ac.sheffield.com1003.cafe.ingredients.Coffee.&lt;init&gt;(Coffee.java:10)
	at uk.ac.sheffield.com1003.cafe.ingredients.Coffee.&lt;init&gt;(Coffee.java:10)
	at uk.ac.sheffield.com1003.cafe.ingredients.Coffee.&lt;init&gt;(Coffee.java:10)
	at uk.ac.sheffield.com1003.cafe.ingredients.Coffee.&lt;init&gt;(Coffee.java:10)
	at uk.ac.sheffield.com1003.cafe.ingredients.Coffee.&lt;init&gt;(Coffee.java:10)
	at uk.ac.sheffield.com1003.cafe.ingredients.Coffee.&lt;init&gt;(Coffee.java:10)
	at uk.ac.sheffield.com1003.cafe.ingredients.Coffee.&lt;init&gt;(Coffee.java:10)
	at uk.ac.sheffield.com1003.cafe.ingredients.Coffee.&lt;init&gt;(Coffee.java:10)
	at uk.ac.sheffield.com1003.cafe.ingredients.Coffee.&lt;init&gt;(Coffee.java:10)
	at uk.ac.sheffield.com1003.cafe.ingredients.Coffee.&lt;init&gt;(Coffee.java:10)
	at uk.ac.sheffield.com1003.cafe.ingredients.Coffee.&lt;init&gt;(Coffee.java:10)
	at uk.ac.sheffield.com1003.cafe.ingredients.Coffee.&lt;init&gt;(Coffee.java:10)
	at uk.ac.sheffield.com1003.cafe.ingredients.Coffee.&lt;init&gt;(Coffee.java:10)
	at uk.ac.sheffield.com1003.cafe.ingredients.Coffee.&lt;init&gt;(Coffee.java:10)
	at uk.ac.sheffield.com1003.cafe.ingredients.Coffee.&lt;init&gt;(Coffee.java:10)
	at uk.ac.sheffield.com1003.cafe.ingredients.Coffee.&lt;init&gt;(Coffee.java:10)
	at uk.ac.sheffield.com1003.cafe.ingredients.Coffee.&lt;init&gt;(Coffee.java:10)
	at uk.ac.sheffield.com1003.cafe.ingredients.Coffee.&lt;init&gt;(Coffee.java:10)
	at uk.ac.sheffield.com1003.cafe.ingredients.Coffee.&lt;init&gt;(Coffee.java:10)
	at uk.ac.sheffield.com1003.cafe.ingredients.Coffee.&lt;init&gt;(Coffee.java:10)
	at uk.ac.sheffield.com1003.cafe.ingredients.Coffee.&lt;init&gt;(Coffee.java:10)
	at uk.ac.sheffield.com1003.cafe.ingredients.Coffee.&lt;init&gt;(Coffee.java:10)
	at uk.ac.sheffield.com1003.cafe.ingredients.Coffee.&lt;init&gt;(Coffee.java:10)
	at uk.ac.sheffield.com1003.cafe.ingredients.Coffee.&lt;init&gt;(Coffee.java:10)
	at uk.ac.sheffield.com1003.cafe.ingredients.Coffee.&lt;init&gt;(Coffee.java:10)
	at uk.ac.sheffield.com1003.cafe.ingredients.Coffee.&lt;init&gt;(Coffee.java:10)
	at uk.ac.sheffield.com1003.cafe.ingredients.Coffee.&lt;init&gt;(Coffee.java:10)
	at uk.ac.sheffield.com1003.cafe.ingredients.Coffee.&lt;init&gt;(Coffee.java:10)
	at uk.ac.sheffield.com1003.cafe.ingredients.Coffee.&lt;init&gt;(Coffee.java:10)
	at uk.ac.sheffield.com1003.cafe.ingredients.Coffee.&lt;init&gt;(Coffee.java:10)
	at uk.ac.sheffield.com1003.cafe.ingredients.Coffee.&lt;init&gt;(Coffee.java:10)
	at uk.ac.sheffield.com1003.cafe.ingredients.Coffee.&lt;init&gt;(Coffee.java:10)
	at uk.ac.sheffield.com1003.cafe.ingredients.Coffee.&lt;init&gt;(Coffee.java:10)
	at uk.ac.sheffield.com1003.cafe.ingredients.Coffee.&lt;init&gt;(Coffee.java:10)
	at uk.ac.sheffield.com1003.cafe.ingredients.Coffee.&lt;init&gt;(Coffee.java:10)
	at uk.ac.sheffield.com1003.cafe.ingredients.Coffee.&lt;init&gt;(Coffee.java:10)
	at uk.ac.sheffield.com1003.cafe.ingredients.Coffee.&lt;init&gt;(Coffee.java:10)
	at uk.ac.sheffield.com1003.cafe.ingredients.Coffee.&lt;init&gt;(Coffee.java:10)
	at uk.ac.sheffield.com1003.cafe.ingredients.Coffee.&lt;init&gt;(Coffee.java:10)
	at uk.ac.sheffield.com1003.cafe.ingredients.Coffee.&lt;init&gt;(Coffee.java:10)
	at uk.ac.sheffield.com1003.cafe.ingredients.Coffee.&lt;init&gt;(Coffee.java:10)
	at uk.ac.sheffield.com1003.cafe.ingredients.Coffee.&lt;init&gt;(Coffee.java:10)
	at uk.ac.sheffield.com1003.cafe.ingredients.Coffee.&lt;init&gt;(Coffee.java:10)
	at uk.ac.sheffield.com1003.cafe.ingredients.Coffee.&lt;init&gt;(Coffee.java:10)
	at uk.ac.sheffield.com1003.cafe.ingredients.Coffee.&lt;init&gt;(Coffee.java:10)
	at uk.ac.sheffield.com1003.cafe.ingredients.Coffee.&lt;init&gt;(Coffee.java:10)
	at uk.ac.sheffield.com1003.cafe.ingredients.Coffee.&lt;init&gt;(Coffee.java:10)
	at uk.ac.sheffield.com1003.cafe.ingredients.Coffee.&lt;init&gt;(Coffee.java:10)
	at uk.ac.sheffield.com1003.cafe.ingredients.Coffee.&lt;init&gt;(Coffee.java:10)
	at uk.ac.sheffield.com1003.cafe.ingredients.Coffee.&lt;init&gt;(Coffee.java:10)
	at uk.ac.sheffield.com1003.cafe.ingredients.Coffee.&lt;init&gt;(Coffee.java:10)
	at uk.ac.sheffield.com1003.cafe.ingredients.Coffee.&lt;init&gt;(Coffee.java:10)
	at uk.ac.sheffield.com1003.cafe.ingredients.Coffee.&lt;init&gt;(Coffee.java:10)
	at uk.ac.sheffield.com1003.cafe.ingredients.Coffee.&lt;init&gt;(Coffee.java:10)
	at uk.ac.sheffield.com1003.cafe.ingredients.Coffee.&lt;init&gt;(Coffee.java:10)
	at uk.ac.sheffield.com1003.cafe.ingredients.Coffee.&lt;init&gt;(Coffee.java:10)
	at uk.ac.sheffield.com1003.cafe.ingredients.Coffee.&lt;init&gt;(Coffee.java:10)
	at uk.ac.sheffield.com1003.cafe.ingredients.Coffee.&lt;init&gt;(Coffee.java:10)
	at uk.ac.sheffield.com1003.cafe.ingredients.Coffee.&lt;init&gt;(Coffee.java:10)
	at uk.ac.sheffield.com1003.cafe.ingredients.Coffee.&lt;init&gt;(Coffee.java:10)
	at uk.ac.sheffield.com1003.cafe.ingredients.Coffee.&lt;init&gt;(Coffee.java:10)
	at uk.ac.sheffield.com1003.cafe.ingredients.Coffee.&lt;init&gt;(Coffee.java:10)
	at uk.ac.sheffield.com1003.cafe.ingredients.Coffee.&lt;init&gt;(Coffee.java:10)
	at uk.ac.sheffield.com1003.cafe.ingredients.Coffee.&lt;init&gt;(Coffee.java:10)
	at uk.ac.sheffield.com1003.cafe.ingredients.Coffee.&lt;init&gt;(Coffee.java:10)
	at uk.ac.sheffield.com1003.cafe.ingredients.Coffee.&lt;init&gt;(Coffee.java:10)
	at uk.ac.sheffield.com1003.cafe.ingredients.Coffee.&lt;init&gt;(Coffee.java:10)
	at uk.ac.sheffield.com1003.cafe.ingredients.Coffee.&lt;init&gt;(Coffee.java:10)
	at uk.ac.sheffield.com1003.cafe.ingredients.Coffee.&lt;init&gt;(Coffee.java:10)
	at uk.ac.sheffield.com1003.cafe.ingredients.Coffee.&lt;init&gt;(Coffee.java:10)
	at uk.ac.sheffield.com1003.cafe.ingredients.Coffee.&lt;init&gt;(Coffee.java:10)
	at uk.ac.sheffield.com1003.cafe.ingredients.Coffee.&lt;init&gt;(Coffee.java:10)
	at uk.ac.sheffield.com1003.cafe.ingredients.Coffee.&lt;init&gt;(Coffee.java:10)
	at uk.ac.sheffield.com1003.cafe.ingredients.Coffee.&lt;init&gt;(Coffee.java:10)
	at uk.ac.sheffield.com1003.cafe.ingredients.Coffee.&lt;init&gt;(Coffee.java:10)
	at uk.ac.sheffield.com1003.cafe.ingredients.Coffee.&lt;init&gt;(Coffee.java:10)
	at uk.ac.sheffield.com1003.cafe.ingredients.Coffee.&lt;init&gt;(Coffee.java:10)
	at uk.ac.sheffield.com1003.cafe.ingredients.Coffee.&lt;init&gt;(Coffee.java:10)
	at uk.ac.sheffield.com1003.cafe.ingredients.Coffee.&lt;init&gt;(Coffee.java:10)
	at uk.ac.sheffield.com1003.cafe.ingredients.Coffee.&lt;init&gt;(Coffee.java:10)
	at uk.ac.sheffield.com1003.cafe.ingredients.Coffee.&lt;init&gt;(Coffee.java:10)
	at uk.ac.sheffield.com1003.cafe.ingredients.Coffee.&lt;init&gt;(Coffee.java:10)
	at uk.ac.sheffield.com1003.cafe.ingredients.Coffee.&lt;init&gt;(Coffee.java:10)
	at uk.ac.sheffield.com1003.cafe.ingredients.Coffee.&lt;init&gt;(Coffee.java:10)
	at uk.ac.sheffield.com1003.cafe.ingredients.Coffee.&lt;init&gt;(Coffee.java:10)
	at uk.ac.sheffield.com1003.cafe.ingredients.Coffee.&lt;init&gt;(Coffee.java:10)
	at uk.ac.sheffield.com1003.cafe.ingredients.Coffee.&lt;init&gt;(Coffee.java:10)
	at uk.ac.sheffield.com1003.cafe.ingredients.Coffee.&lt;init&gt;(Coffee.java:10)
	at uk.ac.sheffield.com1003.cafe.ingredients.Coffee.&lt;init&gt;(Coffee.java:10)
	at uk.ac.sheffield.com1003.cafe.ingredients.Coffee.&lt;init&gt;(Coffee.java:10)
	at uk.ac.sheffield.com1003.cafe.ingredients.Coffee.&lt;init&gt;(Coffee.java:10)
	at uk.ac.sheffield.com1003.cafe.ingredients.Coffee.&lt;init&gt;(Coffee.java:10)
	at uk.ac.sheffield.com1003.cafe.ingredients.Coffee.&lt;init&gt;(Coffee.java:10)
	at uk.ac.sheffield.com1003.cafe.ingredients.Coffee.&lt;init&gt;(Coffee.java:10)
	at uk.ac.sheffield.com1003.cafe.ingredients.Coffee.&lt;init&gt;(Coffee.java:10)
	at uk.ac.sheffield.com1003.cafe.ingredients.Coffee.&lt;init&gt;(Coffee.java:10)
	at uk.ac.sheffield.com1003.cafe.ingredients.Coffee.&lt;init&gt;(Coffee.java:10)
	at uk.ac.sheffield.com1003.cafe.ingredients.Coffee.&lt;init&gt;(Coffee.java:10)
	at uk.ac.sheffield.com1003.cafe.ingredients.Coffee.&lt;init&gt;(Coffee.java:10)
	at uk.ac.sheffield.com1003.cafe.ingredients.Coffee.&lt;init&gt;(Coffee.java:10)
	at uk.ac.sheffield.com1003.cafe.ingredients.Coffee.&lt;init&gt;(Coffee.java:10)
	at uk.ac.sheffield.com1003.cafe.ingredients.Coffee.&lt;init&gt;(Coffee.java:10)
	at uk.ac.sheffield.com1003.cafe.ingredients.Coffee.&lt;init&gt;(Coffee.java:10)
	at uk.ac.sheffield.com1003.cafe.ingredients.Coffee.&lt;init&gt;(Coffee.java:10)
	at uk.ac.sheffield.com1003.cafe.ingredients.Coffee.&lt;init&gt;(Coffee.java:10)
	at uk.ac.sheffield.com1003.cafe.ingredients.Coffee.&lt;init&gt;(Coffee.java:10)
	at uk.ac.sheffield.com1003.cafe.ingredients.Coffee.&lt;init&gt;(Coffee.java:10)
	at uk.ac.sheffield.com1003.cafe.ingredients.Coffee.&lt;init&gt;(Coffee.java:10)
	at uk.ac.sheffield.com1003.cafe.ingredients.Coffee.&lt;init&gt;(Coffee.java:10)
	at uk.ac.sheffield.com1003.cafe.ingredients.Coffee.&lt;init&gt;(Coffee.java:10)
	at uk.ac.sheffield.com1003.cafe.ingredients.Coffee.&lt;init&gt;(Coffee.java:10)
	at uk.ac.sheffield.com1003.cafe.ingredients.Coffee.&lt;init&gt;(Coffee.java:10)
	at uk.ac.sheffield.com1003.cafe.ingredients.Coffee.&lt;init&gt;(Coffee.java:10)
	at uk.ac.sheffield.com1003.cafe.ingredients.Coffee.&lt;init&gt;(Coffee.java:10)
	at uk.ac.sheffield.com1003.cafe.ingredients.Coffee.&lt;init&gt;(Coffee.java:10)
	at uk.ac.sheffield.com1003.cafe.ingredients.Coffee.&lt;init&gt;(Coffee.java:10)
	at uk.ac.sheffield.com1003.cafe.ingredients.Coffee.&lt;init&gt;(Coffee.java:10)
	at uk.ac.sheffield.com1003.cafe.ingredients.Coffee.&lt;init&gt;(Coffee.java:10)
	at uk.ac.sheffield.com1003.cafe.ingredients.Coffee.&lt;init&gt;(Coffee.java:10)
	at uk.ac.sheffield.com1003.cafe.ingredients.Coffee.&lt;init&gt;(Coffee.java:10)
	at uk.ac.sheffield.com1003.cafe.ingredients.Coffee.&lt;init&gt;(Coffee.java:10)
	at uk.ac.sheffield.com1003.cafe.ingredients.Coffee.&lt;init&gt;(Coffee.java:10)
	at uk.ac.sheffield.com1003.cafe.ingredients.Coffee.&lt;init&gt;(Coffee.java:10)
	at uk.ac.sheffield.com1003.cafe.ingredients.Coffee.&lt;init&gt;(Coffee.java:10)
	at uk.ac.sheffield.com1003.cafe.ingredients.Coffee.&lt;init&gt;(Coffee.java:10)
	at uk.ac.sheffield.com1003.cafe.ingredients.Coffee.&lt;init&gt;(Coffee.java:10)
	at uk.ac.sheffield.com1003.cafe.ingredients.Coffee.&lt;init&gt;(Coffee.java:10)
	at uk.ac.sheffield.com1003.cafe.ingredients.Coffee.&lt;init&gt;(Coffee.java:10)
	at uk.ac.sheffield.com1003.cafe.ingredients.Coffee.&lt;init&gt;(Coffee.java:10)
	at uk.ac.sheffield.com1003.cafe.ingredients.Coffee.&lt;init&gt;(Coffee.java:10)
	at uk.ac.sheffield.com1003.cafe.ingredients.Coffee.&lt;init&gt;(Coffee.java:10)
	at uk.ac.sheffield.com1003.cafe.ingredients.Coffee.&lt;init&gt;(Coffee.java:10)
	at uk.ac.sheffield.com1003.cafe.ingredients.Coffee.&lt;init&gt;(Coffee.java:10)
	at uk.ac.sheffield.com1003.cafe.ingredients.Coffee.&lt;init&gt;(Coffee.java:10)
	at uk.ac.sheffield.com1003.cafe.ingredients.Coffee.&lt;init&gt;(Coffee.java:10)
	at uk.ac.sheffield.com1003.cafe.ingredients.Coffee.&lt;init&gt;(Coffee.java:10)
	at uk.ac.sheffield.com1003.cafe.ingredients.Coffee.&lt;init&gt;(Coffee.java:10)
	at uk.ac.sheffield.com1003.cafe.ingredients.Coffee.&lt;init&gt;(Coffee.java:10)
	at uk.ac.sheffield.com1003.cafe.ingredients.Coffee.&lt;init&gt;(Coffee.java:10)
	at uk.ac.sheffield.com1003.cafe.ingredients.Coffee.&lt;init&gt;(Coffee.java:10)
	at uk.ac.sheffield.com1003.cafe.ingredients.Coffee.&lt;init&gt;(Coffee.java:10)
	at uk.ac.sheffield.com1003.cafe.ingredients.Coffee.&lt;init&gt;(Coffee.java:10)
	at uk.ac.sheffield.com1003.cafe.ingredients.Coffee.&lt;init&gt;(Coffee.java:10)
	at uk.ac.sheffield.com1003.cafe.ingredients.Coffee.&lt;init&gt;(Coffee.java:10)
	at uk.ac.sheffield.com1003.cafe.ingredients.Coffee.&lt;init&gt;(Coffee.java:10)
	at uk.ac.sheffield.com1003.cafe.ingredients.Coffee.&lt;init&gt;(Coffee.java:10)
	at uk.ac.sheffield.com1003.cafe.ingredients.Coffee.&lt;init&gt;(Coffee.java:10)
	at uk.ac.sheffield.com1003.cafe.ingredients.Coffee.&lt;init&gt;(Coffee.java:10)
	at uk.ac.sheffield.com1003.cafe.ingredients.Coffee.&lt;init&gt;(Coffee.java:10)
	at uk.ac.sheffield.com1003.cafe.ingredients.Coffee.&lt;init&gt;(Coffee.java:10)
	at uk.ac.sheffield.com1003.cafe.ingredients.Coffee.&lt;init&gt;(Coffee.java:10)
	at uk.ac.sheffield.com1003.cafe.ingredients.Coffee.&lt;init&gt;(Coffee.java:10)
	at uk.ac.sheffield.com1003.cafe.ingredients.Coffee.&lt;init&gt;(Coffee.java:10)
	at uk.ac.sheffield.com1003.cafe.ingredients.Coffee.&lt;init&gt;(Coffee.java:10)
	at uk.ac.sheffield.com1003.cafe.ingredients.Coffee.&lt;init&gt;(Coffee.java:10)
	at uk.ac.sheffield.com1003.cafe.ingredients.Coffee.&lt;init&gt;(Coffee.java:10)
	at uk.ac.sheffield.com1003.cafe.ingredients.Coffee.&lt;init&gt;(Coffee.java:10)
	at uk.ac.sheffield.com1003.cafe.ingredients.Coffee.&lt;init&gt;(Coffee.java:10)
	at uk.ac.sheffield.com1003.cafe.ingredients.Coffee.&lt;init&gt;(Coffee.java:10)
	at uk.ac.sheffield.com1003.cafe.ingredients.Coffee.&lt;init&gt;(Coffee.java:10)
	at uk.ac.sheffield.com1003.cafe.ingredients.Coffee.&lt;init&gt;(Coffee.java:10)
	at uk.ac.sheffield.com1003.cafe.ingredients.Coffee.&lt;init&gt;(Coffee.java:10)
	at uk.ac.sheffield.com1003.cafe.ingredients.Coffee.&lt;init&gt;(Coffee.java:10)
	at uk.ac.sheffield.com1003.cafe.ingredients.Coffee.&lt;init&gt;(Coffee.java:10)
	at uk.ac.sheffield.com1003.cafe.ingredients.Coffee.&lt;init&gt;(Coffee.java:10)
	at uk.ac.sheffield.com1003.cafe.ingredients.Coffee.&lt;init&gt;(Coffee.java:10)
	at uk.ac.sheffield.com1003.cafe.ingredients.Coffee.&lt;init&gt;(Coffee.java:10)
	at uk.ac.sheffield.com1003.cafe.ingredients.Coffee.&lt;init&gt;(Coffee.java:10)
	at uk.ac.sheffield.com1003.cafe.ingredients.Coffee.&lt;init&gt;(Coffee.java:10)
	at uk.ac.sheffield.com1003.cafe.ingredients.Coffee.&lt;init&gt;(Coffee.java:10)
	at uk.ac.sheffield.com1003.cafe.ingredients.Coffee.&lt;init&gt;(Coffee.java:10)
	at uk.ac.sheffield.com1003.cafe.ingredients.Coffee.&lt;init&gt;(Coffee.java:10)
	at uk.ac.sheffield.com1003.cafe.ingredients.Coffee.&lt;init&gt;(Coffee.java:10)
	at uk.ac.sheffield.com1003.cafe.ingredients.Coffee.&lt;init&gt;(Coffee.java:10)
	at uk.ac.sheffield.com1003.cafe.ingredients.Coffee.&lt;init&gt;(Coffee.java:10)
	at uk.ac.sheffield.com1003.cafe.ingredients.Coffee.&lt;init&gt;(Coffee.java:10)
	at uk.ac.sheffield.com1003.cafe.ingredients.Coffee.&lt;init&gt;(Coffee.java:10)
	at uk.ac.sheffield.com1003.cafe.ingredients.Coffee.&lt;init&gt;(Coffee.java:10)
	at uk.ac.sheffield.com1003.cafe.ingredients.Coffee.&lt;init&gt;(Coffee.java:10)
	at uk.ac.sheffield.com1003.cafe.ingredients.Coffee.&lt;init&gt;(Coffee.java:10)
	at uk.ac.sheffield.com1003.cafe.ingredients.Coffee.&lt;init&gt;(Coffee.java:10)
	at uk.ac.sheffield.com1003.cafe.ingredients.Coffee.&lt;init&gt;(Coffee.java:10)
	at uk.ac.sheffield.com1003.cafe.ingredients.Coffee.&lt;init&gt;(Coffee.java:10)
	at uk.ac.sheffield.com1003.cafe.ingredients.Coffee.&lt;init&gt;(Coffee.java:10)
	at uk.ac.sheffield.com1003.cafe.ingredients.Coffee.&lt;init&gt;(Coffee.java:10)
	at uk.ac.sheffield.com1003.cafe.ingredients.Coffee.&lt;init&gt;(Coffee.java:10)
	at uk.ac.sheffield.com1003.cafe.ingredients.Coffee.&lt;init&gt;(Coffee.java:10)
	at uk.ac.sheffield.com1003.cafe.ingredients.Coffee.&lt;init&gt;(Coffee.java:10)
	at uk.ac.sheffield.com1003.cafe.ingredients.Coffee.&lt;init&gt;(Coffee.java:10)
	at uk.ac.sheffield.com1003.cafe.ingredients.Coffee.&lt;init&gt;(Coffee.java:10)
	at uk.ac.sheffield.com1003.cafe.ingredients.Coffee.&lt;init&gt;(Coffee.java:10)
	at uk.ac.sheffield.com1003.cafe.ingredients.Coffee.&lt;init&gt;(Coffee.java:10)
	at uk.ac.sheffield.com1003.cafe.ingredients.Coffee.&lt;init&gt;(Coffee.java:10)
	at uk.ac.sheffield.com1003.cafe.ingredients.Coffee.&lt;init&gt;(Coffee.java:10)
	at uk.ac.sheffield.com1003.cafe.ingredients.Coffee.&lt;init&gt;(Coffee.java:10)
	at uk.ac.sheffield.com1003.cafe.ingredients.Coffee.&lt;init&gt;(Coffee.java:10)
	at uk.ac.sheffield.com1003.cafe.ingredients.Coffee.&lt;init&gt;(Coffee.java:10)
	at uk.ac.sheffield.com1003.cafe.ingredients.Coffee.&lt;init&gt;(Coffee.java:10)
	at uk.ac.sheffield.com1003.cafe.ingredients.Coffee.&lt;init&gt;(Coffee.java:10)
	at uk.ac.sheffield.com1003.cafe.ingredients.Coffee.&lt;init&gt;(Coffee.java:10)
	at uk.ac.sheffield.com1003.cafe.ingredients.Coffee.&lt;init&gt;(Coffee.java:10)
	at uk.ac.sheffield.com1003.cafe.ingredients.Coffee.&lt;init&gt;(Coffee.java:10)
	at uk.ac.sheffield.com1003.cafe.ingredients.Coffee.&lt;init&gt;(Coffee.java:10)
	at uk.ac.sheffield.com1003.cafe.ingredients.Coffee.&lt;init&gt;(Coffee.java:10)
	at uk.ac.sheffield.com1003.cafe.ingredients.Coffee.&lt;init&gt;(Coffee.java:10)
	at uk.ac.sheffield.com1003.cafe.ingredients.Coffee.&lt;init&gt;(Coffee.java:10)
	at uk.ac.sheffield.com1003.cafe.ingredients.Coffee.&lt;init&gt;(Coffee.java:10)
	at uk.ac.sheffield.com1003.cafe.ingredients.Coffee.&lt;init&gt;(Coffee.java:10)
	at uk.ac.sheffield.com1003.cafe.ingredients.Coffee.&lt;init&gt;(Coffee.java:10)
	at uk.ac.sheffield.com1003.cafe.ingredients.Coffee.&lt;init&gt;(Coffee.java:10)
	at uk.ac.sheffield.com1003.cafe.ingredients.Coffee.&lt;init&gt;(Coffee.java:10)
	at uk.ac.sheffield.com1003.cafe.ingredients.Coffee.&lt;init&gt;(Coffee.java:10)
	at uk.ac.sheffield.com1003.cafe.ingredients.Coffee.&lt;init&gt;(Coffee.java:10)
	at uk.ac.sheffield.com1003.cafe.ingredients.Coffee.&lt;init&gt;(Coffee.java:10)
	at uk.ac.sheffield.com1003.cafe.ingredients.Coffee.&lt;init&gt;(Coffee.java:10)
	at uk.ac.sheffield.com1003.cafe.ingredients.Coffee.&lt;init&gt;(Coffee.java:10)
	at uk.ac.sheffield.com1003.cafe.ingredients.Coffee.&lt;init&gt;(Coffee.java:10)
	at uk.ac.sheffield.com1003.cafe.ingredients.Coffee.&lt;init&gt;(Coffee.java:10)
	at uk.ac.sheffield.com1003.cafe.ingredients.Coffee.&lt;init&gt;(Coffee.java:10)
	at uk.ac.sheffield.com1003.cafe.ingredients.Coffee.&lt;init&gt;(Coffee.java:10)
	at uk.ac.sheffield.com1003.cafe.ingredients.Coffee.&lt;init&gt;(Coffee.java:10)
	at uk.ac.sheffield.com1003.cafe.ingredients.Coffee.&lt;init&gt;(Coffee.java:10)
	at uk.ac.sheffield.com1003.cafe.ingredients.Coffee.&lt;init&gt;(Coffee.java:10)
	at uk.ac.sheffield.com1003.cafe.ingredients.Coffee.&lt;init&gt;(Coffee.java:10)
	at uk.ac.sheffield.com1003.cafe.ingredients.Coffee.&lt;init&gt;(Coffee.java:10)
	at uk.ac.sheffield.com1003.cafe.ingredients.Coffee.&lt;init&gt;(Coffee.java:10)
	at uk.ac.sheffield.com1003.cafe.ingredients.Coffee.&lt;init&gt;(Coffee.java:10)
	at uk.ac.sheffield.com1003.cafe.ingredients.Coffee.&lt;init&gt;(Coffee.java:10)
	at uk.ac.sheffield.com1003.cafe.ingredients.Coffee.&lt;init&gt;(Coffee.java:10)
	at uk.ac.sheffield.com1003.cafe.ingredients.Coffee.&lt;init&gt;(Coffee.java:10)
	at uk.ac.sheffield.com1003.cafe.ingredients.Coffee.&lt;init&gt;(Coffee.java:10)
	at uk.ac.sheffield.com1003.cafe.ingredients.Coffee.&lt;init&gt;(Coffee.java:10)
	at uk.ac.sheffield.com1003.cafe.ingredients.Coffee.&lt;init&gt;(Coffee.java:10)
	at uk.ac.sheffield.com1003.cafe.ingredients.Coffee.&lt;init&gt;(Coffee.java:10)
	at uk.ac.sheffield.com1003.cafe.ingredients.Coffee.&lt;init&gt;(Coffee.java:10)
	at uk.ac.sheffield.com1003.cafe.ingredients.Coffee.&lt;init&gt;(Coffee.java:10)
	at uk.ac.sheffield.com1003.cafe.ingredients.Coffee.&lt;init&gt;(Coffee.java:10)
	at uk.ac.sheffield.com1003.cafe.ingredients.Coffee.&lt;init&gt;(Coffee.java:10)
	at uk.ac.sheffield.com1003.cafe.ingredients.Coffee.&lt;init&gt;(Coffee.java:10)
	at uk.ac.sheffield.com1003.cafe.ingredients.Coffee.&lt;init&gt;(Coffee.java:10)
	at uk.ac.sheffield.com1003.cafe.ingredients.Coffee.&lt;init&gt;(Coffee.java:10)
	at uk.ac.sheffield.com1003.cafe.ingredients.Coffee.&lt;init&gt;(Coffee.java:10)
	at uk.ac.sheffield.com1003.cafe.ingredients.Coffee.&lt;init&gt;(Coffee.java:10)
	at uk.ac.sheffield.com1003.cafe.ingredients.Coffee.&lt;init&gt;(Coffee.java:10)
	at uk.ac.sheffield.com1003.cafe.ingredients.Coffee.&lt;init&gt;(Coffee.java:10)
	at uk.ac.sheffield.com1003.cafe.ingredients.Coffee.&lt;init&gt;(Coffee.java:10)
	at uk.ac.sheffield.com1003.cafe.ingredients.Coffee.&lt;init&gt;(Coffee.java:10)
	at uk.ac.sheffield.com1003.cafe.ingredients.Coffee.&lt;init&gt;(Coffee.java:10)
	at uk.ac.sheffield.com1003.cafe.ingredients.Coffee.&lt;init&gt;(Coffee.java:10)
	at uk.ac.sheffield.com1003.cafe.ingredients.Coffee.&lt;init&gt;(Coffee.java:10)
	at uk.ac.sheffield.com1003.cafe.ingredients.Coffee.&lt;init&gt;(Coffee.java:10)
	at uk.ac.sheffield.com1003.cafe.ingredients.Coffee.&lt;init&gt;(Coffee.java:10)
	at uk.ac.sheffield.com1003.cafe.ingredients.Coffee.&lt;init&gt;(Coffee.java:10)
	at uk.ac.sheffield.com1003.cafe.ingredients.Coffee.&lt;init&gt;(Coffee.java:10)
	at uk.ac.sheffield.com1003.cafe.ingredients.Coffee.&lt;init&gt;(Coffee.java:10)
	at uk.ac.sheffield.com1003.cafe.ingredients.Coffee.&lt;init&gt;(Coffee.java:10)
	at uk.ac.sheffield.com1003.cafe.ingredients.Coffee.&lt;init&gt;(Coffee.java:10)
	at uk.ac.sheffield.com1003.cafe.ingredients.Coffee.&lt;init&gt;(Coffee.java:10)
	at uk.ac.sheffield.com1003.cafe.ingredients.Coffee.&lt;init&gt;(Coffee.java:10)
	at uk.ac.sheffield.com1003.cafe.ingredients.Coffee.&lt;init&gt;(Coffee.java:10)
	at uk.ac.sheffield.com1003.cafe.ingredients.Coffee.&lt;init&gt;(Coffee.java:10)
	at uk.ac.sheffield.com1003.cafe.ingredients.Coffee.&lt;init&gt;(Coffee.java:10)
	at uk.ac.sheffield.com1003.cafe.ingredients.Coffee.&lt;init&gt;(Coffee.java:10)
	at uk.ac.sheffield.com1003.cafe.ingredients.Coffee.&lt;init&gt;(Coffee.java:10)
	at uk.ac.sheffield.com1003.cafe.ingredients.Coffee.&lt;init&gt;(Coffee.java:10)
	at uk.ac.sheffield.com1003.cafe.ingredients.Coffee.&lt;init&gt;(Coffee.java:10)
	at uk.ac.sheffield.com1003.cafe.ingredients.Coffee.&lt;init&gt;(Coffee.java:10)
	at uk.ac.sheffield.com1003.cafe.ingredients.Coffee.&lt;init&gt;(Coffee.java:10)
	at uk.ac.sheffield.com1003.cafe.ingredients.Coffee.&lt;init&gt;(Coffee.java:10)
	at uk.ac.sheffield.com1003.cafe.ingredients.Coffee.&lt;init&gt;(Coffee.java:10)
	at uk.ac.sheffield.com1003.cafe.ingredients.Coffee.&lt;init&gt;(Coffee.java:10)
	at uk.ac.sheffield.com1003.cafe.ingredients.Coffee.&lt;init&gt;(Coffee.java:10)
	at uk.ac.sheffield.com1003.cafe.ingredients.Coffee.&lt;init&gt;(Coffee.java:10)
	at uk.ac.sheffield.com1003.cafe.ingredients.Coffee.&lt;init&gt;(Coffee.java:10)
	at uk.ac.sheffield.com1003.cafe.ingredients.Coffee.&lt;init&gt;(Coffee.java:10)
	at uk.ac.sheffield.com1003.cafe.ingredients.Coffee.&lt;init&gt;(Coffee.java:10)
	at uk.ac.sheffield.com1003.cafe.ingredients.Coffee.&lt;init&gt;(Coffee.java:10)
	at uk.ac.sheffield.com1003.cafe.ingredients.Coffee.&lt;init&gt;(Coffee.java:10)
	at uk.ac.sheffield.com1003.cafe.ingredients.Coffee.&lt;init&gt;(Coffee.java:10)
	at uk.ac.sheffield.com1003.cafe.ingredients.Coffee.&lt;init&gt;(Coffee.java:10)
	at uk.ac.sheffield.com1003.cafe.ingredients.Coffee.&lt;init&gt;(Coffee.java:10)
	at uk.ac.sheffield.com1003.cafe.ingredients.Coffee.&lt;init&gt;(Coffee.java:10)
	at uk.ac.sheffield.com1003.cafe.ingredients.Coffee.&lt;init&gt;(Coffee.java:10)
	at uk.ac.sheffield.com1003.cafe.ingredients.Coffee.&lt;init&gt;(Coffee.java:10)
	at uk.ac.sheffield.com1003.cafe.ingredients.Coffee.&lt;init&gt;(Coffee.java:10)
	at uk.ac.sheffield.com1003.cafe.ingredients.Coffee.&lt;init&gt;(Coffee.java:10)
	at uk.ac.sheffield.com1003.cafe.ingredients.Coffee.&lt;init&gt;(Coffee.java:10)
	at uk.ac.sheffield.com1003.cafe.ingredients.Coffee.&lt;init&gt;(Coffee.java:10)
	at uk.ac.sheffield.com1003.cafe.ingredients.Coffee.&lt;init&gt;(Coffee.java:10)
	at uk.ac.sheffield.com1003.cafe.ingredients.Coffee.&lt;init&gt;(Coffee.java:10)
	at uk.ac.sheffield.com1003.cafe.ingredients.Coffee.&lt;init&gt;(Coffee.java:10)
	at uk.ac.sheffield.com1003.cafe.ingredients.Coffee.&lt;init&gt;(Coffee.java:10)
	at uk.ac.sheffield.com1003.cafe.ingredients.Coffee.&lt;init&gt;(Coffee.java:10)
	at uk.ac.sheffield.com1003.cafe.ingredients.Coffee.&lt;init&gt;(Coffee.java:10)
	at uk.ac.sheffield.com1003.cafe.ingredients.Coffee.&lt;init&gt;(Coffee.java:10)
	at uk.ac.sheffield.com1003.cafe.ingredients.Coffee.&lt;init&gt;(Coffee.java:10)
	at uk.ac.sheffield.com1003.cafe.ingredients.Coffee.&lt;init&gt;(Coffee.java:10)
	at uk.ac.sheffield.com1003.cafe.ingredients.Coffee.&lt;init&gt;(Coffee.java:10)
	at uk.ac.sheffield.com1003.cafe.ingredients.Coffee.&lt;init&gt;(Coffee.java:10)
	at uk.ac.sheffield.com1003.cafe.ingredients.Coffee.&lt;init&gt;(Coffee.java:10)
	at uk.ac.sheffield.com1003.cafe.ingredients.Coffee.&lt;init&gt;(Coffee.java:10)
	at uk.ac.sheffield.com1003.cafe.ingredients.Coffee.&lt;init&gt;(Coffee.java:10)
	at uk.ac.sheffield.com1003.cafe.ingredients.Coffee.&lt;init&gt;(Coffee.java:10)
	at uk.ac.sheffield.com1003.cafe.ingredients.Coffee.&lt;init&gt;(Coffee.java:10)
	at uk.ac.sheffield.com1003.cafe.ingredients.Coffee.&lt;init&gt;(Coffee.java:10)
	at uk.ac.sheffield.com1003.cafe.ingredients.Coffee.&lt;init&gt;(Coffee.java:10)
	at uk.ac.sheffield.com1003.cafe.ingredients.Coffee.&lt;init&gt;(Coffee.java:10)
	at uk.ac.sheffield.com1003.cafe.ingredients.Coffee.&lt;init&gt;(Coffee.java:10)
	at uk.ac.sheffield.com1003.cafe.ingredients.Coffee.&lt;init&gt;(Coffee.java:10)
	at uk.ac.sheffield.com1003.cafe.ingredients.Coffee.&lt;init&gt;(Coffee.java:10)
	at uk.ac.sheffield.com1003.cafe.ingredients.Coffee.&lt;init&gt;(Coffee.java:10)
	at uk.ac.sheffield.com1003.cafe.ingredients.Coffee.&lt;init&gt;(Coffee.java:10)
	at uk.ac.sheffield.com1003.cafe.ingredients.Coffee.&lt;init&gt;(Coffee.java:10)
	at uk.ac.sheffield.com1003.cafe.ingredients.Coffee.&lt;init&gt;(Coffee.java:10)
	at uk.ac.sheffield.com1003.cafe.ingredients.Coffee.&lt;init&gt;(Coffee.java:10)
	at uk.ac.sheffield.com1003.cafe.ingredients.Coffee.&lt;init&gt;(Coffee.java:10)
	at uk.ac.sheffield.com1003.cafe.ingredients.Coffee.&lt;init&gt;(Coffee.java:10)
	at uk.ac.sheffield.com1003.cafe.ingredients.Coffee.&lt;init&gt;(Coffee.java:10)
	at uk.ac.sheffield.com1003.cafe.ingredients.Coffee.&lt;init&gt;(Coffee.java:10)
	at uk.ac.sheffield.com1003.cafe.ingredients.Coffee.&lt;init&gt;(Coffee.java:10)
	at uk.ac.sheffield.com1003.cafe.ingredients.Coffee.&lt;init&gt;(Coffee.java:10)
	at uk.ac.sheffield.com1003.cafe.ingredients.Coffee.&lt;init&gt;(Coffee.java:10)
	at uk.ac.sheffield.com1003.cafe.ingredients.Coffee.&lt;init&gt;(Coffee.java:10)
	at uk.ac.sheffield.com1003.cafe.ingredients.Coffee.&lt;init&gt;(Coffee.java:10)
	at uk.ac.sheffield.com1003.cafe.ingredients.Coffee.&lt;init&gt;(Coffee.java:10)
	at uk.ac.sheffield.com1003.cafe.ingredients.Coffee.&lt;init&gt;(Coffee.java:10)
	at uk.ac.sheffield.com1003.cafe.ingredients.Coffee.&lt;init&gt;(Coffee.java:10)
	at uk.ac.sheffield.com1003.cafe.ingredients.Coffee.&lt;init&gt;(Coffee.java:10)
	at uk.ac.sheffield.com1003.cafe.ingredients.Coffee.&lt;init&gt;(Coffee.java:10)
	at uk.ac.sheffield.com1003.cafe.ingredients.Coffee.&lt;init&gt;(Coffee.java:10)
	at uk.ac.sheffield.com1003.cafe.ingredients.Coffee.&lt;init&gt;(Coffee.java:10)
	at uk.ac.sheffield.com1003.cafe.ingredients.Coffee.&lt;init&gt;(Coffee.java:10)
	at uk.ac.sheffield.com1003.cafe.ingredients.Coffee.&lt;init&gt;(Coffee.java:10)
	at uk.ac.sheffield.com1003.cafe.ingredients.Coffee.&lt;init&gt;(Coffee.java:10)
	at uk.ac.sheffield.com1003.cafe.ingredients.Coffee.&lt;init&gt;(Coffee.java:10)
	at uk.ac.sheffield.com1003.cafe.ingredients.Coffee.&lt;init&gt;(Coffee.java:10)
	at uk.ac.sheffield.com1003.cafe.ingredients.Coffee.&lt;init&gt;(Coffee.java:10)
	at uk.ac.sheffield.com1003.cafe.ingredients.Coffee.&lt;init&gt;(Coffee.java:10)
	at uk.ac.sheffield.com1003.cafe.ingredients.Coffee.&lt;init&gt;(Coffee.java:10)
	at uk.ac.sheffield.com1003.cafe.ingredients.Coffee.&lt;init&gt;(Coffee.java:10)
	at uk.ac.sheffield.com1003.cafe.ingredients.Coffee.&lt;init&gt;(Coffee.java:10)
	at uk.ac.sheffield.com1003.cafe.ingredients.Coffee.&lt;init&gt;(Coffee.java:10)
	at uk.ac.sheffield.com1003.cafe.ingredients.Coffee.&lt;init&gt;(Coffee.java:10)
	at uk.ac.sheffield.com1003.cafe.ingredients.Coffee.&lt;init&gt;(Coffee.java:10)
	at uk.ac.sheffield.com1003.cafe.ingredients.Coffee.&lt;init&gt;(Coffee.java:10)
	at uk.ac.sheffield.com1003.cafe.ingredients.Coffee.&lt;init&gt;(Coffee.java:10)
	at uk.ac.sheffield.com1003.cafe.ingredients.Coffee.&lt;init&gt;(Coffee.java:10)
	at uk.ac.sheffield.com1003.cafe.ingredients.Coffee.&lt;init&gt;(Coffee.java:10)
	at uk.ac.sheffield.com1003.cafe.ingredients.Coffee.&lt;init&gt;(Coffee.java:10)
	at uk.ac.sheffield.com1003.cafe.ingredients.Coffee.&lt;init&gt;(Coffee.java:10)
	at uk.ac.sheffield.com1003.cafe.ingredients.Coffee.&lt;init&gt;(Coffee.java:10)
	at uk.ac.sheffield.com1003.cafe.ingredients.Coffee.&lt;init&gt;(Coffee.java:10)
	at uk.ac.sheffield.com1003.cafe.ingredients.Coffee.&lt;init&gt;(Coffee.java:10)
	at uk.ac.sheffield.com1003.cafe.ingredients.Coffee.&lt;init&gt;(Coffee.java:10)
	at uk.ac.sheffield.com1003.cafe.ingredients.Coffee.&lt;init&gt;(Coffee.java:10)
	at uk.ac.sheffield.com1003.cafe.ingredients.Coffee.&lt;init&gt;(Coffee.java:10)
	at uk.ac.sheffield.com1003.cafe.ingredients.Coffee.&lt;init&gt;(Coffee.java:10)
	at uk.ac.sheffield.com1003.cafe.ingredients.Coffee.&lt;init&gt;(Coffee.java:10)
	at uk.ac.sheffield.com1003.cafe.ingredients.Coffee.&lt;init&gt;(Coffee.java:10)
	at uk.ac.sheffield.com1003.cafe.ingredients.Coffee.&lt;init&gt;(Coffee.java:10)
	at uk.ac.sheffield.com1003.cafe.ingredients.Coffee.&lt;init&gt;(Coffee.java:10)
	at uk.ac.sheffield.com1003.cafe.ingredients.Coffee.&lt;init&gt;(Coffee.java:10)
	at uk.ac.sheffield.com1003.cafe.ingredients.Coffee.&lt;init&gt;(Coffee.java:10)
	at uk.ac.sheffield.com1003.cafe.ingredients.Coffee.&lt;init&gt;(Coffee.java:10)
	at uk.ac.sheffield.com1003.cafe.ingredients.Coffee.&lt;init&gt;(Coffee.java:10)
	at uk.ac.sheffield.com1003.cafe.ingredients.Coffee.&lt;init&gt;(Coffee.java:10)
	at uk.ac.sheffield.com1003.cafe.ingredients.Coffee.&lt;init&gt;(Coffee.java:10)
	at uk.ac.sheffield.com1003.cafe.ingredients.Coffee.&lt;init&gt;(Coffee.java:10)
	at uk.ac.sheffield.com1003.cafe.ingredients.Coffee.&lt;init&gt;(Coffee.java:10)
	at uk.ac.sheffield.com1003.cafe.ingredients.Coffee.&lt;init&gt;(Coffee.java:10)
	at uk.ac.sheffield.com1003.cafe.ingredients.Coffee.&lt;init&gt;(Coffee.java:10)
	at uk.ac.sheffield.com1003.cafe.ingredients.Coffee.&lt;init&gt;(Coffee.java:10)
	at uk.ac.sheffield.com1003.cafe.ingredients.Coffee.&lt;init&gt;(Coffee.java:10)
	at uk.ac.sheffield.com1003.cafe.ingredients.Coffee.&lt;init&gt;(Coffee.java:10)
	at uk.ac.sheffield.com1003.cafe.ingredients.Coffee.&lt;init&gt;(Coffee.java:10)
	at uk.ac.sheffield.com1003.cafe.ingredients.Coffee.&lt;init&gt;(Coffee.java:10)
	at uk.ac.sheffield.com1003.cafe.ingredients.Coffee.&lt;init&gt;(Coffee.java:10)
	at uk.ac.sheffield.com1003.cafe.ingredients.Coffee.&lt;init&gt;(Coffee.java:10)
	at uk.ac.sheffield.com1003.cafe.ingredients.Coffee.&lt;init&gt;(Coffee.java:10)
	at uk.ac.sheffield.com1003.cafe.ingredients.Coffee.&lt;init&gt;(Coffee.java:10)
	at uk.ac.sheffield.com1003.cafe.ingredients.Coffee.&lt;init&gt;(Coffee.java:10)
	at uk.ac.sheffield.com1003.cafe.ingredients.Coffee.&lt;init&gt;(Coffee.java:10)
	at uk.ac.sheffield.com1003.cafe.ingredients.Coffee.&lt;init&gt;(Coffee.java:10)
	at uk.ac.sheffield.com1003.cafe.ingredients.Coffee.&lt;init&gt;(Coffee.java:10)
	at uk.ac.sheffield.com1003.cafe.ingredients.Coffee.&lt;init&gt;(Coffee.java:10)
	at uk.ac.sheffield.com1003.cafe.ingredients.Coffee.&lt;init&gt;(Coffee.java:10)
	at uk.ac.sheffield.com1003.cafe.ingredients.Coffee.&lt;init&gt;(Coffee.java:10)
	at uk.ac.sheffield.com1003.cafe.ingredients.Coffee.&lt;init&gt;(Coffee.java:10)
	at uk.ac.sheffield.com1003.cafe.ingredients.Coffee.&lt;init&gt;(Coffee.java:10)
	at uk.ac.sheffield.com1003.cafe.ingredients.Coffee.&lt;init&gt;(Coffee.java:10)
	at uk.ac.sheffield.com1003.cafe.ingredients.Coffee.&lt;init&gt;(Coffee.java:10)
	at uk.ac.sheffield.com1003.cafe.ingredients.Coffee.&lt;init&gt;(Coffee.java:10)
	at uk.ac.sheffield.com1003.cafe.ingredients.Coffee.&lt;init&gt;(Coffee.java:10)
	at uk.ac.sheffield.com1003.cafe.ingredients.Coffee.&lt;init&gt;(Coffee.java:10)
	at uk.ac.sheffield.com1003.cafe.ingredients.Coffee.&lt;init&gt;(Coffee.java:10)
	at uk.ac.sheffield.com1003.cafe.ingredients.Coffee.&lt;init&gt;(Coffee.java:10)
	at uk.ac.sheffield.com1003.cafe.ingredients.Coffee.&lt;init&gt;(Coffee.java:10)
	at uk.ac.sheffield.com1003.cafe.ingredients.Coffee.&lt;init&gt;(Coffee.java:10)
	at uk.ac.sheffield.com1003.cafe.ingredients.Coffee.&lt;init&gt;(Coffee.java:10)
	at uk.ac.sheffield.com1003.cafe.ingredients.Coffee.&lt;init&gt;(Coffee.java:10)
	at uk.ac.sheffield.com1003.cafe.ingredients.Coffee.&lt;init&gt;(Coffee.java:10)
	at uk.ac.sheffield.com1003.cafe.ingredients.Coffee.&lt;init&gt;(Coffee.java:10)
	at uk.ac.sheffield.com1003.cafe.ingredients.Coffee.&lt;init&gt;(Coffee.java:10)
	at uk.ac.sheffield.com1003.cafe.ingredients.Coffee.&lt;init&gt;(Coffee.java:10)
	at uk.ac.sheffield.com1003.cafe.ingredients.Coffee.&lt;init&gt;(Coffee.java:10)
	at uk.ac.sheffield.com1003.cafe.ingredients.Coffee.&lt;init&gt;(Coffee.java:10)
	at uk.ac.sheffield.com1003.cafe.ingredients.Coffee.&lt;init&gt;(Coffee.java:10)
	at uk.ac.sheffield.com1003.cafe.ingredients.Coffee.&lt;init&gt;(Coffee.java:10)
	at uk.ac.sheffield.com1003.cafe.ingredients.Coffee.&lt;init&gt;(Coffee.java:10)
	at uk.ac.sheffield.com1003.cafe.ingredients.Coffee.&lt;init&gt;(Coffee.java:10)
	at uk.ac.sheffield.com1003.cafe.ingredients.Coffee.&lt;init&gt;(Coffee.java:10)
	at uk.ac.sheffield.com1003.cafe.ingredients.Coffee.&lt;init&gt;(Coffee.java:10)
	at uk.ac.sheffield.com1003.cafe.ingredients.Coffee.&lt;init&gt;(Coffee.java:10)
	at uk.ac.sheffield.com1003.cafe.ingredients.Coffee.&lt;init&gt;(Coffee.java:10)
	at uk.ac.sheffield.com1003.cafe.ingredients.Coffee.&lt;init&gt;(Coffee.java:10)
	at uk.ac.sheffield.com1003.cafe.ingredients.Coffee.&lt;init&gt;(Coffee.java:10)
	at uk.ac.sheffield.com1003.cafe.ingredients.Coffee.&lt;init&gt;(Coffee.java:10)
	at uk.ac.sheffield.com1003.cafe.ingredients.Coffee.&lt;init&gt;(Coffee.java:10)
	at uk.ac.sheffield.com1003.cafe.ingredients.Coffee.&lt;init&gt;(Coffee.java:10)
	at uk.ac.sheffield.com1003.cafe.ingredients.Coffee.&lt;init&gt;(Coffee.java:10)
	at uk.ac.sheffield.com1003.cafe.ingredients.Coffee.&lt;init&gt;(Coffee.java:10)
	at uk.ac.sheffield.com1003.cafe.ingredients.Coffee.&lt;init&gt;(Coffee.java:10)
	at uk.ac.sheffield.com1003.cafe.ingredients.Coffee.&lt;init&gt;(Coffee.java:10)
	at uk.ac.sheffield.com1003.cafe.ingredients.Coffee.&lt;init&gt;(Coffee.java:10)
	at uk.ac.sheffield.com1003.cafe.ingredients.Coffee.&lt;init&gt;(Coffee.java:10)
	at uk.ac.sheffield.com1003.cafe.ingredients.Coffee.&lt;init&gt;(Coffee.java:10)
	at uk.ac.sheffield.com1003.cafe.ingredients.Coffee.&lt;init&gt;(Coffee.java:10)
	at uk.ac.sheffield.com1003.cafe.ingredients.Coffee.&lt;init&gt;(Coffee.java:10)
	at uk.ac.sheffield.com1003.cafe.ingredients.Coffee.&lt;init&gt;(Coffee.java:10)
	at uk.ac.sheffield.com1003.cafe.ingredients.Coffee.&lt;init&gt;(Coffee.java:10)
	at uk.ac.sheffield.com1003.cafe.ingredients.Coffee.&lt;init&gt;(Coffee.java:10)
	at uk.ac.sheffield.com1003.cafe.ingredients.Coffee.&lt;init&gt;(Coffee.java:10)
	at uk.ac.sheffield.com1003.cafe.ingredients.Coffee.&lt;init&gt;(Coffee.java:10)
	at uk.ac.sheffield.com1003.cafe.ingredients.Coffee.&lt;init&gt;(Coffee.java:10)
	at uk.ac.sheffield.com1003.cafe.ingredients.Coffee.&lt;init&gt;(Coffee.java:10)
	at uk.ac.sheffield.com1003.cafe.ingredients.Coffee.&lt;init&gt;(Coffee.java:10)
	at uk.ac.sheffield.com1003.cafe.ingredients.Coffee.&lt;init&gt;(Coffee.java:10)
	at uk.ac.sheffield.com1003.cafe.ingredients.Coffee.&lt;init&gt;(Coffee.java:10)
	at uk.ac.sheffield.com1003.cafe.ingredients.Coffee.&lt;init&gt;(Coffee.java:10)
	at uk.ac.sheffield.com1003.cafe.ingredients.Coffee.&lt;init&gt;(Coffee.java:10)
	at uk.ac.sheffield.com1003.cafe.ingredients.Coffee.&lt;init&gt;(Coffee.java:10)
	at uk.ac.sheffield.com1003.cafe.ingredients.Coffee.&lt;init&gt;(Coffee.java:10)
	at uk.ac.sheffield.com1003.cafe.ingredients.Coffee.&lt;init&gt;(Coffee.java:10)
	at uk.ac.sheffield.com1003.cafe.ingredients.Coffee.&lt;init&gt;(Coffee.java:10)
	at uk.ac.sheffield.com1003.cafe.ingredients.Coffee.&lt;init&gt;(Coffee.java:10)
	at uk.ac.sheffield.com1003.cafe.ingredients.Coffee.&lt;init&gt;(Coffee.java:10)
	at uk.ac.sheffield.com1003.cafe.ingredients.Coffee.&lt;init&gt;(Coffee.java:10)
	at uk.ac.sheffield.com1003.cafe.ingredients.Coffee.&lt;init&gt;(Coffee.java:10)
	at uk.ac.sheffield.com1003.cafe.ingredients.Coffee.&lt;init&gt;(Coffee.java:10)
	at uk.ac.sheffield.com1003.cafe.ingredients.Coffee.&lt;init&gt;(Coffee.java:10)
	at uk.ac.sheffield.com1003.cafe.ingredients.Coffee.&lt;init&gt;(Coffee.java:10)
	at uk.ac.sheffield.com1003.cafe.ingredients.Coffee.&lt;init&gt;(Coffee.java:10)
	at uk.ac.sheffield.com1003.cafe.ingredients.Coffee.&lt;init&gt;(Coffee.java:10)
	at uk.ac.sheffield.com1003.cafe.ingredients.Coffee.&lt;init&gt;(Coffee.java:10)
	at uk.ac.sheffield.com1003.cafe.ingredients.Coffee.&lt;init&gt;(Coffee.java:10)
	at uk.ac.sheffield.com1003.cafe.ingredients.Coffee.&lt;init&gt;(Coffee.java:10)
	at uk.ac.sheffield.com1003.cafe.ingredients.Coffee.&lt;init&gt;(Coffee.java:10)
	at uk.ac.sheffield.com1003.cafe.ingredients.Coffee.&lt;init&gt;(Coffee.java:10)
	at uk.ac.sheffield.com1003.cafe.ingredients.Coffee.&lt;init&gt;(Coffee.java:10)
	at uk.ac.sheffield.com1003.cafe.ingredients.Coffee.&lt;init&gt;(Coffee.java:10)
	at uk.ac.sheffield.com1003.cafe.ingredients.Coffee.&lt;init&gt;(Coffee.java:10)
	at uk.ac.sheffield.com1003.cafe.ingredients.Coffee.&lt;init&gt;(Coffee.java:10)
	at uk.ac.sheffield.com1003.cafe.ingredients.Coffee.&lt;init&gt;(Coffee.java:10)
	at uk.ac.sheffield.com1003.cafe.ingredients.Coffee.&lt;init&gt;(Coffee.java:10)
	at uk.ac.sheffield.com1003.cafe.ingredients.Coffee.&lt;init&gt;(Coffee.java:10)
	at uk.ac.sheffield.com1003.cafe.ingredients.Coffee.&lt;init&gt;(Coffee.java:10)
	at uk.ac.sheffield.com1003.cafe.ingredients.Coffee.&lt;init&gt;(Coffee.java:10)
	at uk.ac.sheffield.com1003.cafe.ingredients.Coffee.&lt;init&gt;(Coffee.java:10)
	at uk.ac.sheffield.com1003.cafe.ingredients.Coffee.&lt;init&gt;(Coffee.java:10)
	at uk.ac.sheffield.com1003.cafe.ingredients.Coffee.&lt;init&gt;(Coffee.java:10)
	at uk.ac.sheffield.com1003.cafe.ingredients.Coffee.&lt;init&gt;(Coffee.java:10)
	at uk.ac.sheffield.com1003.cafe.ingredients.Coffee.&lt;init&gt;(Coffee.java:10)
	at uk.ac.sheffield.com1003.cafe.ingredients.Coffee.&lt;init&gt;(Coffee.java:10)
	at uk.ac.sheffield.com1003.cafe.ingredients.Coffee.&lt;init&gt;(Coffee.java:10)
	at uk.ac.sheffield.com1003.cafe.ingredients.Coffee.&lt;init&gt;(Coffee.java:10)
	at uk.ac.sheffield.com1003.cafe.ingredients.Coffee.&lt;init&gt;(Coffee.java:10)
	at uk.ac.sheffield.com1003.cafe.ingredients.Coffee.&lt;init&gt;(Coffee.java:10)
	at uk.ac.sheffield.com1003.cafe.ingredients.Coffee.&lt;init&gt;(Coffee.java:10)
	at uk.ac.sheffield.com1003.cafe.ingredients.Coffee.&lt;init&gt;(Coffee.java:10)
	at uk.ac.sheffield.com1003.cafe.ingredients.Coffee.&lt;init&gt;(Coffee.java:10)
	at uk.ac.sheffield.com1003.cafe.ingredients.Coffee.&lt;init&gt;(Coffee.java:10)
	at uk.ac.sheffield.com1003.cafe.ingredients.Coffee.&lt;init&gt;(Coffee.java:10)
	at uk.ac.sheffield.com1003.cafe.ingredients.Coffee.&lt;init&gt;(Coffee.java:10)
	at uk.ac.sheffield.com1003.cafe.ingredients.Coffee.&lt;init&gt;(Coffee.java:10)
	at uk.ac.sheffield.com1003.cafe.ingredients.Coffee.&lt;init&gt;(Coffee.java:10)
	at uk.ac.sheffield.com1003.cafe.ingredients.Coffee.&lt;init&gt;(Coffee.java:10)
	at uk.ac.sheffield.com1003.cafe.ingredients.Coffee.&lt;init&gt;(Coffee.java:10)
	at uk.ac.sheffield.com1003.cafe.ingredients.Coffee.&lt;init&gt;(Coffee.java:10)
	at uk.ac.sheffield.com1003.cafe.ingredients.Coffee.&lt;init&gt;(Coffee.java:10)
	at uk.ac.sheffield.com1003.cafe.ingredients.Coffee.&lt;init&gt;(Coffee.java:10)
	at uk.ac.sheffield.com1003.cafe.ingredients.Coffee.&lt;init&gt;(Coffee.java:10)
	at uk.ac.sheffield.com1003.cafe.ingredients.Coffee.&lt;init&gt;(Coffee.java:10)
	at uk.ac.sheffield.com1003.cafe.ingredients.Coffee.&lt;init&gt;(Coffee.java:10)
	at uk.ac.sheffield.com1003.cafe.ingredients.Coffee.&lt;init&gt;(Coffee.java:10)
	at uk.ac.sheffield.com1003.cafe.ingredients.Coffee.&lt;init&gt;(Coffee.java:10)
	at uk.ac.sheffield.com1003.cafe.ingredients.Coffee.&lt;init&gt;(Coffee.java:10)
	at uk.ac.sheffield.com1003.cafe.ingredients.Coffee.&lt;init&gt;(Coffee.java:10)
	at uk.ac.sheffield.com1003.cafe.ingredients.Coffee.&lt;init&gt;(Coffee.java:10)
	at uk.ac.sheffield.com1003.cafe.ingredients.Coffee.&lt;init&gt;(Coffee.java:10)
	at uk.ac.sheffield.com1003.cafe.ingredients.Coffee.&lt;init&gt;(Coffee.java:10)
	at uk.ac.sheffield.com1003.cafe.ingredients.Coffee.&lt;init&gt;(Coffee.java:10)
	at uk.ac.sheffield.com1003.cafe.ingredients.Coffee.&lt;init&gt;(Coffee.java:10)
	at uk.ac.sheffield.com1003.cafe.ingredients.Coffee.&lt;init&gt;(Coffee.java:10)
	at uk.ac.sheffield.com1003.cafe.ingredients.Coffee.&lt;init&gt;(Coffee.java:10)
	at uk.ac.sheffield.com1003.cafe.ingredients.Coffee.&lt;init&gt;(Coffee.java:10)
	at uk.ac.sheffield.com1003.cafe.ingredients.Coffee.&lt;init&gt;(Coffee.java:10)
	at uk.ac.sheffield.com1003.cafe.ingredients.Coffee.&lt;init&gt;(Coffee.java:10)
	at uk.ac.sheffield.com1003.cafe.ingredients.Coffee.&lt;init&gt;(Coffee.java:10)
	at uk.ac.sheffield.com1003.cafe.ingredients.Coffee.&lt;init&gt;(Coffee.java:10)
	at uk.ac.sheffield.com1003.cafe.ingredients.Coffee.&lt;init&gt;(Coffee.java:10)
	at uk.ac.sheffield.com1003.cafe.ingredients.Coffee.&lt;init&gt;(Coffee.java:10)
	at uk.ac.sheffield.com1003.cafe.ingredients.Coffee.&lt;init&gt;(Coffee.java:10)
	at uk.ac.sheffield.com1003.cafe.ingredients.Coffee.&lt;init&gt;(Coffee.java:10)
	at uk.ac.sheffield.com1003.cafe.ingredients.Coffee.&lt;init&gt;(Coffee.java:10)
	at uk.ac.sheffield.com1003.cafe.ingredients.Coffee.&lt;init&gt;(Coffee.java:10)
	at uk.ac.sheffield.com1003.cafe.ingredients.Coffee.&lt;init&gt;(Coffee.java:10)
	at uk.ac.sheffield.com1003.cafe.ingredients.Coffee.&lt;init&gt;(Coffee.java:10)
	at uk.ac.sheffield.com1003.cafe.ingredients.Coffee.&lt;init&gt;(Coffee.java:10)
	at uk.ac.sheffield.com1003.cafe.ingredients.Coffee.&lt;init&gt;(Coffee.java:10)
	at uk.ac.sheffield.com1003.cafe.ingredients.Coffee.&lt;init&gt;(Coffee.java:10)
	at uk.ac.sheffield.com1003.cafe.ingredients.Coffee.&lt;init&gt;(Coffee.java:10)
	at uk.ac.sheffield.com1003.cafe.ingredients.Coffee.&lt;init&gt;(Coffee.java:10)
	at uk.ac.sheffield.com1003.cafe.ingredients.Coffee.&lt;init&gt;(Coffee.java:10)
	at uk.ac.sheffield.com1003.cafe.ingredients.Coffee.&lt;init&gt;(Coffee.java:10)
	at uk.ac.sheffield.com1003.cafe.ingredients.Coffee.&lt;init&gt;(Coffee.java:10)
	at uk.ac.sheffield.com1003.cafe.ingredients.Coffee.&lt;init&gt;(Coffee.java:10)
	at uk.ac.sheffield.com1003.cafe.ingredients.Coffee.&lt;init&gt;(Coffee.java:10)
	at uk.ac.sheffield.com1003.cafe.ingredients.Coffee.&lt;init&gt;(Coffee.java:10)
	at uk.ac.sheffield.com1003.cafe.ingredients.Coffee.&lt;init&gt;(Coffee.java:10)
	at uk.ac.sheffield.com1003.cafe.ingredients.Coffee.&lt;init&gt;(Coffee.java:10)
	at uk.ac.sheffield.com1003.cafe.ingredients.Coffee.&lt;init&gt;(Coffee.java:10)
	at uk.ac.sheffield.com1003.cafe.ingredients.Coffee.&lt;init&gt;(Coffee.java:10)
	at uk.ac.sheffield.com1003.cafe.ingredients.Coffee.&lt;init&gt;(Coffee.java:10)
	at uk.ac.sheffield.com1003.cafe.ingredients.Coffee.&lt;init&gt;(Coffee.java:10)
	at uk.ac.sheffield.com1003.cafe.ingredients.Coffee.&lt;init&gt;(Coffee.java:10)
	at uk.ac.sheffield.com1003.cafe.ingredients.Coffee.&lt;init&gt;(Coffee.java:10)
	at uk.ac.sheffield.com1003.cafe.ingredients.Coffee.&lt;init&gt;(Coffee.java:10)
	at uk.ac.sheffield.com1003.cafe.ingredients.Coffee.&lt;init&gt;(Coffee.java:10)
	at uk.ac.sheffield.com1003.cafe.ingredients.Coffee.&lt;init&gt;(Coffee.java:10)
	at uk.ac.sheffield.com1003.cafe.ingredients.Coffee.&lt;init&gt;(Coffee.java:10)
	at uk.ac.sheffield.com1003.cafe.ingredients.Coffee.&lt;init&gt;(Coffee.java:10)
	at uk.ac.sheffield.com1003.cafe.ingredients.Coffee.&lt;init&gt;(Coffee.java:10)
	at uk.ac.sheffield.com1003.cafe.ingredients.Coffee.&lt;init&gt;(Coffee.java:10)
	at uk.ac.sheffield.com1003.cafe.ingredients.Coffee.&lt;init&gt;(Coffee.java:10)
	at uk.ac.sheffield.com1003.cafe.ingredients.Coffee.&lt;init&gt;(Coffee.java:10)
	at uk.ac.sheffield.com1003.cafe.ingredients.Coffee.&lt;init&gt;(Coffee.java:10)
	at uk.ac.sheffield.com1003.cafe.ingredients.Coffee.&lt;init&gt;(Coffee.java:10)
	at uk.ac.sheffield.com1003.cafe.ingredients.Coffee.&lt;init&gt;(Coffee.java:10)
	at uk.ac.sheffield.com1003.cafe.ingredients.Coffee.&lt;init&gt;(Coffee.java:10)
	at uk.ac.sheffield.com1003.cafe.ingredients.Coffee.&lt;init&gt;(Coffee.java:10)
	at uk.ac.sheffield.com1003.cafe.ingredients.Coffee.&lt;init&gt;(Coffee.java:10)
	at uk.ac.sheffield.com1003.cafe.ingredients.Coffee.&lt;init&gt;(Coffee.java:10)
	at uk.ac.sheffield.com1003.cafe.ingredients.Coffee.&lt;init&gt;(Coffee.java:10)
	at uk.ac.sheffield.com1003.cafe.ingredients.Coffee.&lt;init&gt;(Coffee.java:10)
	at uk.ac.sheffield.com1003.cafe.ingredients.Coffee.&lt;init&gt;(Coffee.java:10)
	at uk.ac.sheffield.com1003.cafe.ingredients.Coffee.&lt;init&gt;(Coffee.java:10)
	at uk.ac.sheffield.com1003.cafe.ingredients.Coffee.&lt;init&gt;(Coffee.java:10)
	at uk.ac.sheffield.com1003.cafe.ingredients.Coffee.&lt;init&gt;(Coffee.java:10)
	at uk.ac.sheffield.com1003.cafe.ingredients.Coffee.&lt;init&gt;(Coffee.java:10)
	at uk.ac.sheffield.com1003.cafe.ingredients.Coffee.&lt;init&gt;(Coffee.java:10)
	at uk.ac.sheffield.com1003.cafe.ingredients.Coffee.&lt;init&gt;(Coffee.java:10)
	at uk.ac.sheffield.com1003.cafe.ingredients.Coffee.&lt;init&gt;(Coffee.java:10)
	at uk.ac.sheffield.com1003.cafe.ingredients.Coffee.&lt;init&gt;(Coffee.java:10)
	at uk.ac.sheffield.com1003.cafe.ingredients.Coffee.&lt;init&gt;(Coffee.java:10)
	at uk.ac.sheffield.com1003.cafe.ingredients.Coffee.&lt;init&gt;(Coffee.java:10)
	at uk.ac.sheffield.com1003.cafe.ingredients.Coffee.&lt;init&gt;(Coffee.java:10)
	at uk.ac.sheffield.com1003.cafe.ingredients.Coffee.&lt;init&gt;(Coffee.java:10)
	at uk.ac.sheffield.com1003.cafe.ingredients.Coffee.&lt;init&gt;(Coffee.java:10)
	at uk.ac.sheffield.com1003.cafe.ingredients.Coffee.&lt;init&gt;(Coffee.java:10)
	at uk.ac.sheffield.com1003.cafe.ingredients.Coffee.&lt;init&gt;(Coffee.java:10)
	at uk.ac.sheffield.com1003.cafe.ingredients.Coffee.&lt;init&gt;(Coffee.java:10)
	at uk.ac.sheffield.com1003.cafe.ingredients.Coffee.&lt;init&gt;(Coffee.java:10)
	at uk.ac.sheffield.com1003.cafe.ingredients.Coffee.&lt;init&gt;(Coffee.java:10)
	at uk.ac.sheffield.com1003.cafe.ingredients.Coffee.&lt;init&gt;(Coffee.java:10)
	at uk.ac.sheffield.com1003.cafe.ingredients.Coffee.&lt;init&gt;(Coffee.java:10)
	at uk.ac.sheffield.com1003.cafe.ingredients.Coffee.&lt;init&gt;(Coffee.java:10)
	at uk.ac.sheffield.com1003.cafe.ingredients.Coffee.&lt;init&gt;(Coffee.java:10)
	at uk.ac.sheffield.com1003.cafe.ingredients.Coffee.&lt;init&gt;(Coffee.java:10)
	at uk.ac.sheffield.com1003.cafe.ingredients.Coffee.&lt;init&gt;(Coffee.java:10)
	at uk.ac.sheffield.com1003.cafe.ingredients.Coffee.&lt;init&gt;(Coffee.java:10)
	at uk.ac.sheffield.com1003.cafe.ingredients.Coffee.&lt;init&gt;(Coffee.java:10)
	at uk.ac.sheffield.com1003.cafe.ingredients.Coffee.&lt;init&gt;(Coffee.java:10)
	at uk.ac.sheffield.com1003.cafe.ingredients.Coffee.&lt;init&gt;(Coffee.java:10)
	at uk.ac.sheffield.com1003.cafe.ingredients.Coffee.&lt;init&gt;(Coffee.java:10)
	at uk.ac.sheffield.com1003.cafe.ingredients.Coffee.&lt;init&gt;(Coffee.java:10)
	at uk.ac.sheffield.com1003.cafe.ingredients.Coffee.&lt;init&gt;(Coffee.java:10)
	at uk.ac.sheffield.com1003.cafe.ingredients.Coffee.&lt;init&gt;(Coffee.java:10)
	at uk.ac.sheffield.com1003.cafe.ingredients.Coffee.&lt;init&gt;(Coffee.java:10)
	at uk.ac.sheffield.com1003.cafe.ingredients.Coffee.&lt;init&gt;(Coffee.java:10)
	at uk.ac.sheffield.com1003.cafe.ingredients.Coffee.&lt;init&gt;(Coffee.java:10)
	at uk.ac.sheffield.com1003.cafe.ingredients.Coffee.&lt;init&gt;(Coffee.java:10)
	at uk.ac.sheffield.com1003.cafe.ingredients.Coffee.&lt;init&gt;(Coffee.java:10)
	at uk.ac.sheffield.com1003.cafe.ingredients.Coffee.&lt;init&gt;(Coffee.java:10)
	at uk.ac.sheffield.com1003.cafe.ingredients.Coffee.&lt;init&gt;(Coffee.java:10)
	at uk.ac.sheffield.com1003.cafe.ingredients.Coffee.&lt;init&gt;(Coffee.java:10)
	at uk.ac.sheffield.com1003.cafe.ingredients.Coffee.&lt;init&gt;(Coffee.java:10)
	at uk.ac.sheffield.com1003.cafe.ingredients.Coffee.&lt;init&gt;(Coffee.java:10)
	at uk.ac.sheffield.com1003.cafe.ingredients.Coffee.&lt;init&gt;(Coffee.java:10)
	at uk.ac.sheffield.com1003.cafe.ingredients.Coffee.&lt;init&gt;(Coffee.java:10)
	at uk.ac.sheffield.com1003.cafe.ingredients.Coffee.&lt;init&gt;(Coffee.java:10)
	at uk.ac.sheffield.com1003.cafe.ingredients.Coffee.&lt;init&gt;(Coffee.java:10)
	at uk.ac.sheffield.com1003.cafe.ingredients.Coffee.&lt;init&gt;(Coffee.java:10)
	at uk.ac.sheffield.com1003.cafe.ingredients.Coffee.&lt;init&gt;(Coffee.java:10)
	at uk.ac.sheffield.com1003.cafe.ingredients.Coffee.&lt;init&gt;(Coffee.java:10)
	at uk.ac.sheffield.com1003.cafe.ingredients.Coffee.&lt;init&gt;(Coffee.java:10)
	at uk.ac.sheffield.com1003.cafe.ingredients.Coffee.&lt;init&gt;(Coffee.java:10)
	at uk.ac.sheffield.com1003.cafe.ingredients.Coffee.&lt;init&gt;(Coffee.java:10)
	at uk.ac.sheffield.com1003.cafe.ingredients.Coffee.&lt;init&gt;(Coffee.java:10)
	at uk.ac.sheffield.com1003.cafe.ingredients.Coffee.&lt;init&gt;(Coffee.java:10)
	at uk.ac.sheffield.com1003.cafe.ingredients.Coffee.&lt;init&gt;(Coffee.java:10)
	at uk.ac.sheffield.com1003.cafe.ingredients.Coffee.&lt;init&gt;(Coffee.java:10)
	at uk.ac.sheffield.com1003.cafe.ingredients.Coffee.&lt;init&gt;(Coffee.java:10)
	at uk.ac.sheffield.com1003.cafe.ingredients.Coffee.&lt;init&gt;(Coffee.java:10)
	at uk.ac.sheffield.com1003.cafe.ingredients.Coffee.&lt;init&gt;(Coffee.java:10)
	at uk.ac.sheffield.com1003.cafe.ingredients.Coffee.&lt;init&gt;(Coffee.java:10)
	at uk.ac.sheffield.com1003.cafe.ingredients.Coffee.&lt;init&gt;(Coffee.java:10)
	at uk.ac.sheffield.com1003.cafe.ingredients.Coffee.&lt;init&gt;(Coffee.java:10)
	at uk.ac.sheffield.com1003.cafe.ingredients.Coffee.&lt;init&gt;(Coffee.java:10)
	at uk.ac.sheffield.com1003.cafe.ingredients.Coffee.&lt;init&gt;(Coffee.java:10)
	at uk.ac.sheffield.com1003.cafe.ingredients.Coffee.&lt;init&gt;(Coffee.java:10)
	at uk.ac.sheffield.com1003.cafe.ingredients.Coffee.&lt;init&gt;(Coffee.java:10)
	at uk.ac.sheffield.com1003.cafe.ingredients.Coffee.&lt;init&gt;(Coffee.java:10)
	at uk.ac.sheffield.com1003.cafe.ingredients.Coffee.&lt;init&gt;(Coffee.java:10)
	at uk.ac.sheffield.com1003.cafe.ingredients.Coffee.&lt;init&gt;(Coffee.java:10)
	at uk.ac.sheffield.com1003.cafe.ingredients.Coffee.&lt;init&gt;(Coffee.java:10)
	at uk.ac.sheffield.com1003.cafe.ingredients.Coffee.&lt;init&gt;(Coffee.java:10)
	at uk.ac.sheffield.com1003.cafe.ingredients.Coffee.&lt;init&gt;(Coffee.java:10)
	at uk.ac.sheffield.com1003.cafe.ingredients.Coffee.&lt;init&gt;(Coffee.java:10)
	at uk.ac.sheffield.com1003.cafe.ingredients.Coffee.&lt;init&gt;(Coffee.java:10)
	at uk.ac.sheffield.com1003.cafe.ingredients.Coffee.&lt;init&gt;(Coffee.java:10)
	at uk.ac.sheffield.com1003.cafe.ingredients.Coffee.&lt;init&gt;(Coffee.java:10)
	at uk.ac.sheffield.com1003.cafe.ingredients.Coffee.&lt;init&gt;(Coffee.java:10)
	at uk.ac.sheffield.com1003.cafe.ingredients.Coffee.&lt;init&gt;(Coffee.java:10)
	at uk.ac.sheffield.com1003.cafe.ingredients.Coffee.&lt;init&gt;(Coffee.java:10)
	at uk.ac.sheffield.com1003.cafe.ingredients.Coffee.&lt;init&gt;(Coffee.java:10)
	at uk.ac.sheffield.com1003.cafe.ingredients.Coffee.&lt;init&gt;(Coffee.java:10)
	at uk.ac.sheffield.com1003.cafe.ingredients.Coffee.&lt;init&gt;(Coffee.java:10)
	at uk.ac.sheffield.com1003.cafe.ingredients.Coffee.&lt;init&gt;(Coffee.java:10)
	at uk.ac.sheffield.com1003.cafe.ingredients.Coffee.&lt;init&gt;(Coffee.java:10)
	at uk.ac.sheffield.com1003.cafe.ingredients.Coffee.&lt;init&gt;(Coffee.java:10)
	at uk.ac.sheffield.com1003.cafe.ingredients.Coffee.&lt;init&gt;(Coffee.java:10)
	at uk.ac.sheffield.com1003.cafe.ingredients.Coffee.&lt;init&gt;(Coffee.java:10)
	at uk.ac.sheffield.com1003.cafe.ingredients.Coffee.&lt;init&gt;(Coffee.java:10)
	at uk.ac.sheffield.com1003.cafe.ingredients.Coffee.&lt;init&gt;(Coffee.java:10)
	at uk.ac.sheffield.com1003.cafe.ingredients.Coffee.&lt;init&gt;(Coffee.java:10)
	at uk.ac.sheffield.com1003.cafe.ingredients.Coffee.&lt;init&gt;(Coffee.java:10)
	at uk.ac.sheffield.com1003.cafe.ingredients.Coffee.&lt;init&gt;(Coffee.java:10)
	at uk.ac.sheffield.com1003.cafe.ingredients.Coffee.&lt;init&gt;(Coffee.java:10)
	at uk.ac.sheffield.com1003.cafe.ingredients.Coffee.&lt;init&gt;(Coffee.java:10)
	at uk.ac.sheffield.com1003.cafe.ingredients.Coffee.&lt;init&gt;(Coffee.java:10)
	at uk.ac.sheffield.com1003.cafe.ingredients.Coffee.&lt;init&gt;(Coffee.java:10)
	at uk.ac.sheffield.com1003.cafe.ingredients.Coffee.&lt;init&gt;(Coffee.java:10)
	at uk.ac.sheffield.com1003.cafe.ingredients.Coffee.&lt;init&gt;(Coffee.java:10)
	at uk.ac.sheffield.com1003.cafe.ingredients.Coffee.&lt;init&gt;(Coffee.java:10)
	at uk.ac.sheffield.com1003.cafe.ingredients.Coffee.&lt;init&gt;(Coffee.java:10)
	at uk.ac.sheffield.com1003.cafe.ingredients.Coffee.&lt;init&gt;(Coffee.java:10)
	at uk.ac.sheffield.com1003.cafe.ingredients.Coffee.&lt;init&gt;(Coffee.java:10)
	at uk.ac.sheffield.com1003.cafe.ingredients.Coffee.&lt;init&gt;(Coffee.java:10)
	at uk.ac.sheffield.com1003.cafe.ingredients.Coffee.&lt;init&gt;(Coffee.java:10)
	at uk.ac.sheffield.com1003.cafe.ingredients.Coffee.&lt;init&gt;(Coffee.java:10)
	at uk.ac.sheffield.com1003.cafe.ingredients.Coffee.&lt;init&gt;(Coffee.java:10)
	at uk.ac.sheffield.com1003.cafe.ingredients.Coffee.&lt;init&gt;(Coffee.java:10)
	at uk.ac.sheffield.com1003.cafe.ingredients.Coffee.&lt;init&gt;(Coffee.java:10)
	at uk.ac.sheffield.com1003.cafe.ingredients.Coffee.&lt;init&gt;(Coffee.java:10)
	at uk.ac.sheffield.com1003.cafe.ingredients.Coffee.&lt;init&gt;(Coffee.java:10)
	at uk.ac.sheffield.com1003.cafe.ingredients.Coffee.&lt;init&gt;(Coffee.java:10)
	at uk.ac.sheffield.com1003.cafe.ingredients.Coffee.&lt;init&gt;(Coffee.java:10)
	at uk.ac.sheffield.com1003.cafe.ingredients.Coffee.&lt;init&gt;(Coffee.java:10)
	at uk.ac.sheffield.com1003.cafe.ingredients.Coffee.&lt;init&gt;(Coffee.java:10)
	at uk.ac.sheffield.com1003.cafe.ingredients.Coffee.&lt;init&gt;(Coffee.java:10)
	at uk.ac.sheffield.com1003.cafe.ingredients.Coffee.&lt;init&gt;(Coffee.java:10)
	at uk.ac.sheffield.com1003.cafe.ingredients.Coffee.&lt;init&gt;(Coffee.java:10)
	at uk.ac.sheffield.com1003.cafe.ingredients.Coffee.&lt;init&gt;(Coffee.java:10)
	at uk.ac.sheffield.com1003.cafe.ingredients.Coffee.&lt;init&gt;(Coffee.java:10)
	at uk.ac.sheffield.com1003.cafe.ingredients.Coffee.&lt;init&gt;(Coffee.java:10)
	at uk.ac.sheffield.com1003.cafe.ingredients.Coffee.&lt;init&gt;(Coffee.java:10)
	at uk.ac.sheffield.com1003.cafe.ingredients.Coffee.&lt;init&gt;(Coffee.java:10)
	at uk.ac.sheffield.com1003.cafe.ingredients.Coffee.&lt;init&gt;(Coffee.java:10)
	at uk.ac.sheffield.com1003.cafe.ingredients.Coffee.&lt;init&gt;(Coffee.java:10)
	at uk.ac.sheffield.com1003.cafe.ingredients.Coffee.&lt;init&gt;(Coffee.java:10)
	at uk.ac.sheffield.com1003.cafe.ingredients.Coffee.&lt;init&gt;(Coffee.java:10)
	at uk.ac.sheffield.com1003.cafe.ingredients.Coffee.&lt;init&gt;(Coffee.java:10)
	at uk.ac.sheffield.com1003.cafe.ingredients.Coffee.&lt;init&gt;(Coffee.java:10)
	at uk.ac.sheffield.com1003.cafe.ingredients.Coffee.&lt;init&gt;(Coffee.java:10)
	at uk.ac.sheffield.com1003.cafe.ingredients.Coffee.&lt;init&gt;(Coffee.java:10)
	at uk.ac.sheffield.com1003.cafe.ingredients.Coffee.&lt;init&gt;(Coffee.java:10)
	at uk.ac.sheffield.com1003.cafe.ingredients.Coffee.&lt;init&gt;(Coffee.java:10)
	at uk.ac.sheffield.com1003.cafe.ingredients.Coffee.&lt;init&gt;(Coffee.java:10)
	at uk.ac.sheffield.com1003.cafe.ingredients.Coffee.&lt;init&gt;(Coffee.java:10)
	at uk.ac.sheffield.com1003.cafe.ingredients.Coffee.&lt;init&gt;(Coffee.java:10)
	at uk.ac.sheffield.com1003.cafe.ingredients.Coffee.&lt;init&gt;(Coffee.java:10)
	at uk.ac.sheffield.com1003.cafe.ingredients.Coffee.&lt;init&gt;(Coffee.java:10)
	at uk.ac.sheffield.com1003.cafe.ingredients.Coffee.&lt;init&gt;(Coffee.java:10)
	at uk.ac.sheffield.com1003.cafe.ingredients.Coffee.&lt;init&gt;(Coffee.java:10)
	at uk.ac.sheffield.com1003.cafe.ingredients.Coffee.&lt;init&gt;(Coffee.java:10)
	at uk.ac.sheffield.com1003.cafe.ingredients.Coffee.&lt;init&gt;(Coffee.java:10)
	at uk.ac.sheffield.com1003.cafe.ingredients.Coffee.&lt;init&gt;(Coffee.java:10)
	at uk.ac.sheffield.com1003.cafe.ingredients.Coffee.&lt;init&gt;(Coffee.java:10)
	at uk.ac.sheffield.com1003.cafe.ingredients.Coffee.&lt;init&gt;(Coffee.java:10)
	at uk.ac.sheffield.com1003.cafe.ingredients.Coffee.&lt;init&gt;(Coffee.java:10)
	at uk.ac.sheffield.com1003.cafe.ingredients.Coffee.&lt;init&gt;(Coffee.java:10)
	at uk.ac.sheffield.com1003.cafe.ingredients.Coffee.&lt;init&gt;(Coffee.java:10)
	at uk.ac.sheffield.com1003.cafe.ingredients.Coffee.&lt;init&gt;(Coffee.java:10)
	at uk.ac.sheffield.com1003.cafe.ingredients.Coffee.&lt;init&gt;(Coffee.java:10)
	at uk.ac.sheffield.com1003.cafe.ingredients.Coffee.&lt;init&gt;(Coffee.java:10)
	at uk.ac.sheffield.com1003.cafe.ingredients.Coffee.&lt;init&gt;(Coffee.java:10)
	at uk.ac.sheffield.com1003.cafe.ingredients.Coffee.&lt;init&gt;(Coffee.java:10)
	at uk.ac.sheffield.com1003.cafe.ingredients.Coffee.&lt;init&gt;(Coffee.java:10)
	at uk.ac.sheffield.com1003.cafe.ingredients.Coffee.&lt;init&gt;(Coffee.java:10)
	at uk.ac.sheffield.com1003.cafe.ingredients.Coffee.&lt;init&gt;(Coffee.java:10)
	at uk.ac.sheffield.com1003.cafe.ingredients.Coffee.&lt;init&gt;(Coffee.java:10)
	at uk.ac.sheffield.com1003.cafe.ingredients.Coffee.&lt;init&gt;(Coffee.java:10)
	at uk.ac.sheffield.com1003.cafe.ingredients.Coffee.&lt;init&gt;(Coffee.java:10)
	at uk.ac.sheffield.com1003.cafe.ingredients.Coffee.&lt;init&gt;(Coffee.java:10)
	at uk.ac.sheffield.com1003.cafe.ingredients.Coffee.&lt;init&gt;(Coffee.java:10)
	at uk.ac.sheffield.com1003.cafe.ingredients.Coffee.&lt;init&gt;(Coffee.java:10)
	at uk.ac.sheffield.com1003.cafe.ingredients.Coffee.&lt;init&gt;(Coffee.java:10)
	at uk.ac.sheffield.com1003.cafe.ingredients.Coffee.&lt;init&gt;(Coffee.java:10)
	at uk.ac.sheffield.com1003.cafe.ingredients.Coffee.&lt;init&gt;(Coffee.java:10)
	at uk.ac.sheffield.com1003.cafe.ingredients.Coffee.&lt;init&gt;(Coffee.java:10)
	at uk.ac.sheffield.com1003.cafe.ingredients.Coffee.&lt;init&gt;(Coffee.java:10)
	at uk.ac.sheffield.com1003.cafe.ingredients.Coffee.&lt;init&gt;(Coffee.java:10)
	at uk.ac.sheffield.com1003.cafe.ingredients.Coffee.&lt;init&gt;(Coffee.java:10)
	at uk.ac.sheffield.com1003.cafe.ingredients.Coffee.&lt;init&gt;(Coffee.java:10)
	at uk.ac.sheffield.com1003.cafe.ingredients.Coffee.&lt;init&gt;(Coffee.java:10)
	at uk.ac.sheffield.com1003.cafe.ingredients.Coffee.&lt;init&gt;(Coffee.java:10)
	at uk.ac.sheffield.com1003.cafe.ingredients.Coffee.&lt;init&gt;(Coffee.java:10)
	at uk.ac.sheffield.com1003.cafe.ingredients.Coffee.&lt;init&gt;(Coffee.java:10)
	at uk.ac.sheffield.com1003.cafe.ingredients.Coffee.&lt;init&gt;(Coffee.java:10)
	at uk.ac.sheffield.com1003.cafe.ingredients.Coffee.&lt;init&gt;(Coffee.java:10)
	at uk.ac.sheffield.com1003.cafe.ingredients.Coffee.&lt;init&gt;(Coffee.java:10)
	at uk.ac.sheffield.com1003.cafe.ingredients.Coffee.&lt;init&gt;(Coffee.java:10)
	at uk.ac.sheffield.com1003.cafe.ingredients.Coffee.&lt;init&gt;(Coffee.java:10)
	at uk.ac.sheffield.com1003.cafe.ingredients.Coffee.&lt;init&gt;(Coffee.java:10)
	at uk.ac.sheffield.com1003.cafe.ingredients.Coffee.&lt;init&gt;(Coffee.java:10)
</failure>
  </testcase>
  <testcase name="testRecipeNotEqualsNotReady" classname="uk.ac.sheffield.com1003.cafe.TestCafeTask5" time="0.0"/>
  <testcase name="testRecipeNotEqualsSize" classname="uk.ac.sheffield.com1003.cafe.TestCafeTask5" time="0.0"/>
  <testcase name="testRecipeMultipleIngredientsDifferentCoffeeType" classname="uk.ac.sheffield.com1003.cafe.TestCafeTask5" time="0.004">
    <failure message="java.lang.StackOverflowError" type="java.lang.StackOverflowError">java.lang.StackOverflowError
	at uk.ac.sheffield.com1003.cafe.ingredients.Coffee.&lt;init&gt;(Coffee.java:10)
	at uk.ac.sheffield.com1003.cafe.ingredients.Coffee.&lt;init&gt;(Coffee.java:10)
	at uk.ac.sheffield.com1003.cafe.ingredients.Coffee.&lt;init&gt;(Coffee.java:10)
	at uk.ac.sheffield.com1003.cafe.ingredients.Coffee.&lt;init&gt;(Coffee.java:10)
	at uk.ac.sheffield.com1003.cafe.ingredients.Coffee.&lt;init&gt;(Coffee.java:10)
	at uk.ac.sheffield.com1003.cafe.ingredients.Coffee.&lt;init&gt;(Coffee.java:10)
	at uk.ac.sheffield.com1003.cafe.ingredients.Coffee.&lt;init&gt;(Coffee.java:10)
	at uk.ac.sheffield.com1003.cafe.ingredients.Coffee.&lt;init&gt;(Coffee.java:10)
	at uk.ac.sheffield.com1003.cafe.ingredients.Coffee.&lt;init&gt;(Coffee.java:10)
	at uk.ac.sheffield.com1003.cafe.ingredients.Coffee.&lt;init&gt;(Coffee.java:10)
	at uk.ac.sheffield.com1003.cafe.ingredients.Coffee.&lt;init&gt;(Coffee.java:10)
	at uk.ac.sheffield.com1003.cafe.ingredients.Coffee.&lt;init&gt;(Coffee.java:10)
	at uk.ac.sheffield.com1003.cafe.ingredients.Coffee.&lt;init&gt;(Coffee.java:10)
	at uk.ac.sheffield.com1003.cafe.ingredients.Coffee.&lt;init&gt;(Coffee.java:10)
	at uk.ac.sheffield.com1003.cafe.ingredients.Coffee.&lt;init&gt;(Coffee.java:10)
	at uk.ac.sheffield.com1003.cafe.ingredients.Coffee.&lt;init&gt;(Coffee.java:10)
	at uk.ac.sheffield.com1003.cafe.ingredients.Coffee.&lt;init&gt;(Coffee.java:10)
	at uk.ac.sheffield.com1003.cafe.ingredients.Coffee.&lt;init&gt;(Coffee.java:10)
	at uk.ac.sheffield.com1003.cafe.ingredients.Coffee.&lt;init&gt;(Coffee.java:10)
	at uk.ac.sheffield.com1003.cafe.ingredients.Coffee.&lt;init&gt;(Coffee.java:10)
	at uk.ac.sheffield.com1003.cafe.ingredients.Coffee.&lt;init&gt;(Coffee.java:10)
	at uk.ac.sheffield.com1003.cafe.ingredients.Coffee.&lt;init&gt;(Coffee.java:10)
	at uk.ac.sheffield.com1003.cafe.ingredients.Coffee.&lt;init&gt;(Coffee.java:10)
	at uk.ac.sheffield.com1003.cafe.ingredients.Coffee.&lt;init&gt;(Coffee.java:10)
	at uk.ac.sheffield.com1003.cafe.ingredients.Coffee.&lt;init&gt;(Coffee.java:10)
	at uk.ac.sheffield.com1003.cafe.ingredients.Coffee.&lt;init&gt;(Coffee.java:10)
	at uk.ac.sheffield.com1003.cafe.ingredients.Coffee.&lt;init&gt;(Coffee.java:10)
	at uk.ac.sheffield.com1003.cafe.ingredients.Coffee.&lt;init&gt;(Coffee.java:10)
	at uk.ac.sheffield.com1003.cafe.ingredients.Coffee.&lt;init&gt;(Coffee.java:10)
	at uk.ac.sheffield.com1003.cafe.ingredients.Coffee.&lt;init&gt;(Coffee.java:10)
	at uk.ac.sheffield.com1003.cafe.ingredients.Coffee.&lt;init&gt;(Coffee.java:10)
	at uk.ac.sheffield.com1003.cafe.ingredients.Coffee.&lt;init&gt;(Coffee.java:10)
	at uk.ac.sheffield.com1003.cafe.ingredients.Coffee.&lt;init&gt;(Coffee.java:10)
	at uk.ac.sheffield.com1003.cafe.ingredients.Coffee.&lt;init&gt;(Coffee.java:10)
	at uk.ac.sheffield.com1003.cafe.ingredients.Coffee.&lt;init&gt;(Coffee.java:10)
	at uk.ac.sheffield.com1003.cafe.ingredients.Coffee.&lt;init&gt;(Coffee.java:10)
	at uk.ac.sheffield.com1003.cafe.ingredients.Coffee.&lt;init&gt;(Coffee.java:10)
	at uk.ac.sheffield.com1003.cafe.ingredients.Coffee.&lt;init&gt;(Coffee.java:10)
	at uk.ac.sheffield.com1003.cafe.ingredients.Coffee.&lt;init&gt;(Coffee.java:10)
	at uk.ac.sheffield.com1003.cafe.ingredients.Coffee.&lt;init&gt;(Coffee.java:10)
	at uk.ac.sheffield.com1003.cafe.ingredients.Coffee.&lt;init&gt;(Coffee.java:10)
	at uk.ac.sheffield.com1003.cafe.ingredients.Coffee.&lt;init&gt;(Coffee.java:10)
	at uk.ac.sheffield.com1003.cafe.ingredients.Coffee.&lt;init&gt;(Coffee.java:10)
	at uk.ac.sheffield.com1003.cafe.ingredients.Coffee.&lt;init&gt;(Coffee.java:10)
	at uk.ac.sheffield.com1003.cafe.ingredients.Coffee.&lt;init&gt;(Coffee.java:10)
	at uk.ac.sheffield.com1003.cafe.ingredients.Coffee.&lt;init&gt;(Coffee.java:10)
	at uk.ac.sheffield.com1003.cafe.ingredients.Coffee.&lt;init&gt;(Coffee.java:10)
	at uk.ac.sheffield.com1003.cafe.ingredients.Coffee.&lt;init&gt;(Coffee.java:10)
	at uk.ac.sheffield.com1003.cafe.ingredients.Coffee.&lt;init&gt;(Coffee.java:10)
	at uk.ac.sheffield.com1003.cafe.ingredients.Coffee.&lt;init&gt;(Coffee.java:10)
	at uk.ac.sheffield.com1003.cafe.ingredients.Coffee.&lt;init&gt;(Coffee.java:10)
	at uk.ac.sheffield.com1003.cafe.ingredients.Coffee.&lt;init&gt;(Coffee.java:10)
	at uk.ac.sheffield.com1003.cafe.ingredients.Coffee.&lt;init&gt;(Coffee.java:10)
	at uk.ac.sheffield.com1003.cafe.ingredients.Coffee.&lt;init&gt;(Coffee.java:10)
	at uk.ac.sheffield.com1003.cafe.ingredients.Coffee.&lt;init&gt;(Coffee.java:10)
	at uk.ac.sheffield.com1003.cafe.ingredients.Coffee.&lt;init&gt;(Coffee.java:10)
	at uk.ac.sheffield.com1003.cafe.ingredients.Coffee.&lt;init&gt;(Coffee.java:10)
	at uk.ac.sheffield.com1003.cafe.ingredients.Coffee.&lt;init&gt;(Coffee.java:10)
	at uk.ac.sheffield.com1003.cafe.ingredients.Coffee.&lt;init&gt;(Coffee.java:10)
	at uk.ac.sheffield.com1003.cafe.ingredients.Coffee.&lt;init&gt;(Coffee.java:10)
	at uk.ac.sheffield.com1003.cafe.ingredients.Coffee.&lt;init&gt;(Coffee.java:10)
	at uk.ac.sheffield.com1003.cafe.ingredients.Coffee.&lt;init&gt;(Coffee.java:10)
	at uk.ac.sheffield.com1003.cafe.ingredients.Coffee.&lt;init&gt;(Coffee.java:10)
	at uk.ac.sheffield.com1003.cafe.ingredients.Coffee.&lt;init&gt;(Coffee.java:10)
	at uk.ac.sheffield.com1003.cafe.ingredients.Coffee.&lt;init&gt;(Coffee.java:10)
	at uk.ac.sheffield.com1003.cafe.ingredients.Coffee.&lt;init&gt;(Coffee.java:10)
	at uk.ac.sheffield.com1003.cafe.ingredients.Coffee.&lt;init&gt;(Coffee.java:10)
	at uk.ac.sheffield.com1003.cafe.ingredients.Coffee.&lt;init&gt;(Coffee.java:10)
	at uk.ac.sheffield.com1003.cafe.ingredients.Coffee.&lt;init&gt;(Coffee.java:10)
	at uk.ac.sheffield.com1003.cafe.ingredients.Coffee.&lt;init&gt;(Coffee.java:10)
	at uk.ac.sheffield.com1003.cafe.ingredients.Coffee.&lt;init&gt;(Coffee.java:10)
	at uk.ac.sheffield.com1003.cafe.ingredients.Coffee.&lt;init&gt;(Coffee.java:10)
	at uk.ac.sheffield.com1003.cafe.ingredients.Coffee.&lt;init&gt;(Coffee.java:10)
	at uk.ac.sheffield.com1003.cafe.ingredients.Coffee.&lt;init&gt;(Coffee.java:10)
	at uk.ac.sheffield.com1003.cafe.ingredients.Coffee.&lt;init&gt;(Coffee.java:10)
	at uk.ac.sheffield.com1003.cafe.ingredients.Coffee.&lt;init&gt;(Coffee.java:10)
	at uk.ac.sheffield.com1003.cafe.ingredients.Coffee.&lt;init&gt;(Coffee.java:10)
	at uk.ac.sheffield.com1003.cafe.ingredients.Coffee.&lt;init&gt;(Coffee.java:10)
	at uk.ac.sheffield.com1003.cafe.ingredients.Coffee.&lt;init&gt;(Coffee.java:10)
	at uk.ac.sheffield.com1003.cafe.ingredients.Coffee.&lt;init&gt;(Coffee.java:10)
	at uk.ac.sheffield.com1003.cafe.ingredients.Coffee.&lt;init&gt;(Coffee.java:10)
	at uk.ac.sheffield.com1003.cafe.ingredients.Coffee.&lt;init&gt;(Coffee.java:10)
	at uk.ac.sheffield.com1003.cafe.ingredients.Coffee.&lt;init&gt;(Coffee.java:10)
	at uk.ac.sheffield.com1003.cafe.ingredients.Coffee.&lt;init&gt;(Coffee.java:10)
	at uk.ac.sheffield.com1003.cafe.ingredients.Coffee.&lt;init&gt;(Coffee.java:10)
	at uk.ac.sheffield.com1003.cafe.ingredients.Coffee.&lt;init&gt;(Coffee.java:10)
	at uk.ac.sheffield.com1003.cafe.ingredients.Coffee.&lt;init&gt;(Coffee.java:10)
	at uk.ac.sheffield.com1003.cafe.ingredients.Coffee.&lt;init&gt;(Coffee.java:10)
	at uk.ac.sheffield.com1003.cafe.ingredients.Coffee.&lt;init&gt;(Coffee.java:10)
	at uk.ac.sheffield.com1003.cafe.ingredients.Coffee.&lt;init&gt;(Coffee.java:10)
	at uk.ac.sheffield.com1003.cafe.ingredients.Coffee.&lt;init&gt;(Coffee.java:10)
	at uk.ac.sheffield.com1003.cafe.ingredients.Coffee.&lt;init&gt;(Coffee.java:10)
	at uk.ac.sheffield.com1003.cafe.ingredients.Coffee.&lt;init&gt;(Coffee.java:10)
	at uk.ac.sheffield.com1003.cafe.ingredients.Coffee.&lt;init&gt;(Coffee.java:10)
	at uk.ac.sheffield.com1003.cafe.ingredients.Coffee.&lt;init&gt;(Coffee.java:10)
	at uk.ac.sheffield.com1003.cafe.ingredients.Coffee.&lt;init&gt;(Coffee.java:10)
	at uk.ac.sheffield.com1003.cafe.ingredients.Coffee.&lt;init&gt;(Coffee.java:10)
	at uk.ac.sheffield.com1003.cafe.ingredients.Coffee.&lt;init&gt;(Coffee.java:10)
	at uk.ac.sheffield.com1003.cafe.ingredients.Coffee.&lt;init&gt;(Coffee.java:10)
	at uk.ac.sheffield.com1003.cafe.ingredients.Coffee.&lt;init&gt;(Coffee.java:10)
	at uk.ac.sheffield.com1003.cafe.ingredients.Coffee.&lt;init&gt;(Coffee.java:10)
	at uk.ac.sheffield.com1003.cafe.ingredients.Coffee.&lt;init&gt;(Coffee.java:10)
	at uk.ac.sheffield.com1003.cafe.ingredients.Coffee.&lt;init&gt;(Coffee.java:10)
	at uk.ac.sheffield.com1003.cafe.ingredients.Coffee.&lt;init&gt;(Coffee.java:10)
	at uk.ac.sheffield.com1003.cafe.ingredients.Coffee.&lt;init&gt;(Coffee.java:10)
	at uk.ac.sheffield.com1003.cafe.ingredients.Coffee.&lt;init&gt;(Coffee.java:10)
	at uk.ac.sheffield.com1003.cafe.ingredients.Coffee.&lt;init&gt;(Coffee.java:10)
	at uk.ac.sheffield.com1003.cafe.ingredients.Coffee.&lt;init&gt;(Coffee.java:10)
	at uk.ac.sheffield.com1003.cafe.ingredients.Coffee.&lt;init&gt;(Coffee.java:10)
	at uk.ac.sheffield.com1003.cafe.ingredients.Coffee.&lt;init&gt;(Coffee.java:10)
	at uk.ac.sheffield.com1003.cafe.ingredients.Coffee.&lt;init&gt;(Coffee.java:10)
	at uk.ac.sheffield.com1003.cafe.ingredients.Coffee.&lt;init&gt;(Coffee.java:10)
	at uk.ac.sheffield.com1003.cafe.ingredients.Coffee.&lt;init&gt;(Coffee.java:10)
	at uk.ac.sheffield.com1003.cafe.ingredients.Coffee.&lt;init&gt;(Coffee.java:10)
	at uk.ac.sheffield.com1003.cafe.ingredients.Coffee.&lt;init&gt;(Coffee.java:10)
	at uk.ac.sheffield.com1003.cafe.ingredients.Coffee.&lt;init&gt;(Coffee.java:10)
	at uk.ac.sheffield.com1003.cafe.ingredients.Coffee.&lt;init&gt;(Coffee.java:10)
	at uk.ac.sheffield.com1003.cafe.ingredients.Coffee.&lt;init&gt;(Coffee.java:10)
	at uk.ac.sheffield.com1003.cafe.ingredients.Coffee.&lt;init&gt;(Coffee.java:10)
	at uk.ac.sheffield.com1003.cafe.ingredients.Coffee.&lt;init&gt;(Coffee.java:10)
	at uk.ac.sheffield.com1003.cafe.ingredients.Coffee.&lt;init&gt;(Coffee.java:10)
	at uk.ac.sheffield.com1003.cafe.ingredients.Coffee.&lt;init&gt;(Coffee.java:10)
	at uk.ac.sheffield.com1003.cafe.ingredients.Coffee.&lt;init&gt;(Coffee.java:10)
	at uk.ac.sheffield.com1003.cafe.ingredients.Coffee.&lt;init&gt;(Coffee.java:10)
	at uk.ac.sheffield.com1003.cafe.ingredients.Coffee.&lt;init&gt;(Coffee.java:10)
	at uk.ac.sheffield.com1003.cafe.ingredients.Coffee.&lt;init&gt;(Coffee.java:10)
	at uk.ac.sheffield.com1003.cafe.ingredients.Coffee.&lt;init&gt;(Coffee.java:10)
	at uk.ac.sheffield.com1003.cafe.ingredients.Coffee.&lt;init&gt;(Coffee.java:10)
	at uk.ac.sheffield.com1003.cafe.ingredients.Coffee.&lt;init&gt;(Coffee.java:10)
	at uk.ac.sheffield.com1003.cafe.ingredients.Coffee.&lt;init&gt;(Coffee.java:10)
	at uk.ac.sheffield.com1003.cafe.ingredients.Coffee.&lt;init&gt;(Coffee.java:10)
	at uk.ac.sheffield.com1003.cafe.ingredients.Coffee.&lt;init&gt;(Coffee.java:10)
	at uk.ac.sheffield.com1003.cafe.ingredients.Coffee.&lt;init&gt;(Coffee.java:10)
	at uk.ac.sheffield.com1003.cafe.ingredients.Coffee.&lt;init&gt;(Coffee.java:10)
	at uk.ac.sheffield.com1003.cafe.ingredients.Coffee.&lt;init&gt;(Coffee.java:10)
	at uk.ac.sheffield.com1003.cafe.ingredients.Coffee.&lt;init&gt;(Coffee.java:10)
	at uk.ac.sheffield.com1003.cafe.ingredients.Coffee.&lt;init&gt;(Coffee.java:10)
	at uk.ac.sheffield.com1003.cafe.ingredients.Coffee.&lt;init&gt;(Coffee.java:10)
	at uk.ac.sheffield.com1003.cafe.ingredients.Coffee.&lt;init&gt;(Coffee.java:10)
	at uk.ac.sheffield.com1003.cafe.ingredients.Coffee.&lt;init&gt;(Coffee.java:10)
	at uk.ac.sheffield.com1003.cafe.ingredients.Coffee.&lt;init&gt;(Coffee.java:10)
	at uk.ac.sheffield.com1003.cafe.ingredients.Coffee.&lt;init&gt;(Coffee.java:10)
	at uk.ac.sheffield.com1003.cafe.ingredients.Coffee.&lt;init&gt;(Coffee.java:10)
	at uk.ac.sheffield.com1003.cafe.ingredients.Coffee.&lt;init&gt;(Coffee.java:10)
	at uk.ac.sheffield.com1003.cafe.ingredients.Coffee.&lt;init&gt;(Coffee.java:10)
	at uk.ac.sheffield.com1003.cafe.ingredients.Coffee.&lt;init&gt;(Coffee.java:10)
	at uk.ac.sheffield.com1003.cafe.ingredients.Coffee.&lt;init&gt;(Coffee.java:10)
	at uk.ac.sheffield.com1003.cafe.ingredients.Coffee.&lt;init&gt;(Coffee.java:10)
	at uk.ac.sheffield.com1003.cafe.ingredients.Coffee.&lt;init&gt;(Coffee.java:10)
	at uk.ac.sheffield.com1003.cafe.ingredients.Coffee.&lt;init&gt;(Coffee.java:10)
	at uk.ac.sheffield.com1003.cafe.ingredients.Coffee.&lt;init&gt;(Coffee.java:10)
	at uk.ac.sheffield.com1003.cafe.ingredients.Coffee.&lt;init&gt;(Coffee.java:10)
	at uk.ac.sheffield.com1003.cafe.ingredients.Coffee.&lt;init&gt;(Coffee.java:10)
	at uk.ac.sheffield.com1003.cafe.ingredients.Coffee.&lt;init&gt;(Coffee.java:10)
	at uk.ac.sheffield.com1003.cafe.ingredients.Coffee.&lt;init&gt;(Coffee.java:10)
	at uk.ac.sheffield.com1003.cafe.ingredients.Coffee.&lt;init&gt;(Coffee.java:10)
	at uk.ac.sheffield.com1003.cafe.ingredients.Coffee.&lt;init&gt;(Coffee.java:10)
	at uk.ac.sheffield.com1003.cafe.ingredients.Coffee.&lt;init&gt;(Coffee.java:10)
	at uk.ac.sheffield.com1003.cafe.ingredients.Coffee.&lt;init&gt;(Coffee.java:10)
	at uk.ac.sheffield.com1003.cafe.ingredients.Coffee.&lt;init&gt;(Coffee.java:10)
	at uk.ac.sheffield.com1003.cafe.ingredients.Coffee.&lt;init&gt;(Coffee.java:10)
	at uk.ac.sheffield.com1003.cafe.ingredients.Coffee.&lt;init&gt;(Coffee.java:10)
	at uk.ac.sheffield.com1003.cafe.ingredients.Coffee.&lt;init&gt;(Coffee.java:10)
	at uk.ac.sheffield.com1003.cafe.ingredients.Coffee.&lt;init&gt;(Coffee.java:10)
	at uk.ac.sheffield.com1003.cafe.ingredients.Coffee.&lt;init&gt;(Coffee.java:10)
	at uk.ac.sheffield.com1003.cafe.ingredients.Coffee.&lt;init&gt;(Coffee.java:10)
	at uk.ac.sheffield.com1003.cafe.ingredients.Coffee.&lt;init&gt;(Coffee.java:10)
	at uk.ac.sheffield.com1003.cafe.ingredients.Coffee.&lt;init&gt;(Coffee.java:10)
	at uk.ac.sheffield.com1003.cafe.ingredients.Coffee.&lt;init&gt;(Coffee.java:10)
	at uk.ac.sheffield.com1003.cafe.ingredients.Coffee.&lt;init&gt;(Coffee.java:10)
	at uk.ac.sheffield.com1003.cafe.ingredients.Coffee.&lt;init&gt;(Coffee.java:10)
	at uk.ac.sheffield.com1003.cafe.ingredients.Coffee.&lt;init&gt;(Coffee.java:10)
	at uk.ac.sheffield.com1003.cafe.ingredients.Coffee.&lt;init&gt;(Coffee.java:10)
	at uk.ac.sheffield.com1003.cafe.ingredients.Coffee.&lt;init&gt;(Coffee.java:10)
	at uk.ac.sheffield.com1003.cafe.ingredients.Coffee.&lt;init&gt;(Coffee.java:10)
	at uk.ac.sheffield.com1003.cafe.ingredients.Coffee.&lt;init&gt;(Coffee.java:10)
	at uk.ac.sheffield.com1003.cafe.ingredients.Coffee.&lt;init&gt;(Coffee.java:10)
	at uk.ac.sheffield.com1003.cafe.ingredients.Coffee.&lt;init&gt;(Coffee.java:10)
	at uk.ac.sheffield.com1003.cafe.ingredients.Coffee.&lt;init&gt;(Coffee.java:10)
	at uk.ac.sheffield.com1003.cafe.ingredients.Coffee.&lt;init&gt;(Coffee.java:10)
	at uk.ac.sheffield.com1003.cafe.ingredients.Coffee.&lt;init&gt;(Coffee.java:10)
	at uk.ac.sheffield.com1003.cafe.ingredients.Coffee.&lt;init&gt;(Coffee.java:10)
	at uk.ac.sheffield.com1003.cafe.ingredients.Coffee.&lt;init&gt;(Coffee.java:10)
	at uk.ac.sheffield.com1003.cafe.ingredients.Coffee.&lt;init&gt;(Coffee.java:10)
	at uk.ac.sheffield.com1003.cafe.ingredients.Coffee.&lt;init&gt;(Coffee.java:10)
	at uk.ac.sheffield.com1003.cafe.ingredients.Coffee.&lt;init&gt;(Coffee.java:10)
	at uk.ac.sheffield.com1003.cafe.ingredients.Coffee.&lt;init&gt;(Coffee.java:10)
	at uk.ac.sheffield.com1003.cafe.ingredients.Coffee.&lt;init&gt;(Coffee.java:10)
	at uk.ac.sheffield.com1003.cafe.ingredients.Coffee.&lt;init&gt;(Coffee.java:10)
	at uk.ac.sheffield.com1003.cafe.ingredients.Coffee.&lt;init&gt;(Coffee.java:10)
	at uk.ac.sheffield.com1003.cafe.ingredients.Coffee.&lt;init&gt;(Coffee.java:10)
	at uk.ac.sheffield.com1003.cafe.ingredients.Coffee.&lt;init&gt;(Coffee.java:10)
	at uk.ac.sheffield.com1003.cafe.ingredients.Coffee.&lt;init&gt;(Coffee.java:10)
	at uk.ac.sheffield.com1003.cafe.ingredients.Coffee.&lt;init&gt;(Coffee.java:10)
	at uk.ac.sheffield.com1003.cafe.ingredients.Coffee.&lt;init&gt;(Coffee.java:10)
	at uk.ac.sheffield.com1003.cafe.ingredients.Coffee.&lt;init&gt;(Coffee.java:10)
	at uk.ac.sheffield.com1003.cafe.ingredients.Coffee.&lt;init&gt;(Coffee.java:10)
	at uk.ac.sheffield.com1003.cafe.ingredients.Coffee.&lt;init&gt;(Coffee.java:10)
	at uk.ac.sheffield.com1003.cafe.ingredients.Coffee.&lt;init&gt;(Coffee.java:10)
	at uk.ac.sheffield.com1003.cafe.ingredients.Coffee.&lt;init&gt;(Coffee.java:10)
	at uk.ac.sheffield.com1003.cafe.ingredients.Coffee.&lt;init&gt;(Coffee.java:10)
	at uk.ac.sheffield.com1003.cafe.ingredients.Coffee.&lt;init&gt;(Coffee.java:10)
	at uk.ac.sheffield.com1003.cafe.ingredients.Coffee.&lt;init&gt;(Coffee.java:10)
	at uk.ac.sheffield.com1003.cafe.ingredients.Coffee.&lt;init&gt;(Coffee.java:10)
	at uk.ac.sheffield.com1003.cafe.ingredients.Coffee.&lt;init&gt;(Coffee.java:10)
	at uk.ac.sheffield.com1003.cafe.ingredients.Coffee.&lt;init&gt;(Coffee.java:10)
	at uk.ac.sheffield.com1003.cafe.ingredients.Coffee.&lt;init&gt;(Coffee.java:10)
	at uk.ac.sheffield.com1003.cafe.ingredients.Coffee.&lt;init&gt;(Coffee.java:10)
	at uk.ac.sheffield.com1003.cafe.ingredients.Coffee.&lt;init&gt;(Coffee.java:10)
	at uk.ac.sheffield.com1003.cafe.ingredients.Coffee.&lt;init&gt;(Coffee.java:10)
	at uk.ac.sheffield.com1003.cafe.ingredients.Coffee.&lt;init&gt;(Coffee.java:10)
	at uk.ac.sheffield.com1003.cafe.ingredients.Coffee.&lt;init&gt;(Coffee.java:10)
	at uk.ac.sheffield.com1003.cafe.ingredients.Coffee.&lt;init&gt;(Coffee.java:10)
	at uk.ac.sheffield.com1003.cafe.ingredients.Coffee.&lt;init&gt;(Coffee.java:10)
	at uk.ac.sheffield.com1003.cafe.ingredients.Coffee.&lt;init&gt;(Coffee.java:10)
	at uk.ac.sheffield.com1003.cafe.ingredients.Coffee.&lt;init&gt;(Coffee.java:10)
	at uk.ac.sheffield.com1003.cafe.ingredients.Coffee.&lt;init&gt;(Coffee.java:10)
	at uk.ac.sheffield.com1003.cafe.ingredients.Coffee.&lt;init&gt;(Coffee.java:10)
	at uk.ac.sheffield.com1003.cafe.ingredients.Coffee.&lt;init&gt;(Coffee.java:10)
	at uk.ac.sheffield.com1003.cafe.ingredients.Coffee.&lt;init&gt;(Coffee.java:10)
	at uk.ac.sheffield.com1003.cafe.ingredients.Coffee.&lt;init&gt;(Coffee.java:10)
	at uk.ac.sheffield.com1003.cafe.ingredients.Coffee.&lt;init&gt;(Coffee.java:10)
	at uk.ac.sheffield.com1003.cafe.ingredients.Coffee.&lt;init&gt;(Coffee.java:10)
	at uk.ac.sheffield.com1003.cafe.ingredients.Coffee.&lt;init&gt;(Coffee.java:10)
	at uk.ac.sheffield.com1003.cafe.ingredients.Coffee.&lt;init&gt;(Coffee.java:10)
	at uk.ac.sheffield.com1003.cafe.ingredients.Coffee.&lt;init&gt;(Coffee.java:10)
	at uk.ac.sheffield.com1003.cafe.ingredients.Coffee.&lt;init&gt;(Coffee.java:10)
	at uk.ac.sheffield.com1003.cafe.ingredients.Coffee.&lt;init&gt;(Coffee.java:10)
	at uk.ac.sheffield.com1003.cafe.ingredients.Coffee.&lt;init&gt;(Coffee.java:10)
	at uk.ac.sheffield.com1003.cafe.ingredients.Coffee.&lt;init&gt;(Coffee.java:10)
	at uk.ac.sheffield.com1003.cafe.ingredients.Coffee.&lt;init&gt;(Coffee.java:10)
	at uk.ac.sheffield.com1003.cafe.ingredients.Coffee.&lt;init&gt;(Coffee.java:10)
	at uk.ac.sheffield.com1003.cafe.ingredients.Coffee.&lt;init&gt;(Coffee.java:10)
	at uk.ac.sheffield.com1003.cafe.ingredients.Coffee.&lt;init&gt;(Coffee.java:10)
	at uk.ac.sheffield.com1003.cafe.ingredients.Coffee.&lt;init&gt;(Coffee.java:10)
	at uk.ac.sheffield.com1003.cafe.ingredients.Coffee.&lt;init&gt;(Coffee.java:10)
	at uk.ac.sheffield.com1003.cafe.ingredients.Coffee.&lt;init&gt;(Coffee.java:10)
	at uk.ac.sheffield.com1003.cafe.ingredients.Coffee.&lt;init&gt;(Coffee.java:10)
	at uk.ac.sheffield.com1003.cafe.ingredients.Coffee.&lt;init&gt;(Coffee.java:10)
	at uk.ac.sheffield.com1003.cafe.ingredients.Coffee.&lt;init&gt;(Coffee.java:10)
	at uk.ac.sheffield.com1003.cafe.ingredients.Coffee.&lt;init&gt;(Coffee.java:10)
	at uk.ac.sheffield.com1003.cafe.ingredients.Coffee.&lt;init&gt;(Coffee.java:10)
	at uk.ac.sheffield.com1003.cafe.ingredients.Coffee.&lt;init&gt;(Coffee.java:10)
	at uk.ac.sheffield.com1003.cafe.ingredients.Coffee.&lt;init&gt;(Coffee.java:10)
	at uk.ac.sheffield.com1003.cafe.ingredients.Coffee.&lt;init&gt;(Coffee.java:10)
	at uk.ac.sheffield.com1003.cafe.ingredients.Coffee.&lt;init&gt;(Coffee.java:10)
	at uk.ac.sheffield.com1003.cafe.ingredients.Coffee.&lt;init&gt;(Coffee.java:10)
	at uk.ac.sheffield.com1003.cafe.ingredients.Coffee.&lt;init&gt;(Coffee.java:10)
	at uk.ac.sheffield.com1003.cafe.ingredients.Coffee.&lt;init&gt;(Coffee.java:10)
	at uk.ac.sheffield.com1003.cafe.ingredients.Coffee.&lt;init&gt;(Coffee.java:10)
	at uk.ac.sheffield.com1003.cafe.ingredients.Coffee.&lt;init&gt;(Coffee.java:10)
	at uk.ac.sheffield.com1003.cafe.ingredients.Coffee.&lt;init&gt;(Coffee.java:10)
	at uk.ac.sheffield.com1003.cafe.ingredients.Coffee.&lt;init&gt;(Coffee.java:10)
	at uk.ac.sheffield.com1003.cafe.ingredients.Coffee.&lt;init&gt;(Coffee.java:10)
	at uk.ac.sheffield.com1003.cafe.ingredients.Coffee.&lt;init&gt;(Coffee.java:10)
	at uk.ac.sheffield.com1003.cafe.ingredients.Coffee.&lt;init&gt;(Coffee.java:10)
	at uk.ac.sheffield.com1003.cafe.ingredients.Coffee.&lt;init&gt;(Coffee.java:10)
	at uk.ac.sheffield.com1003.cafe.ingredients.Coffee.&lt;init&gt;(Coffee.java:10)
	at uk.ac.sheffield.com1003.cafe.ingredients.Coffee.&lt;init&gt;(Coffee.java:10)
	at uk.ac.sheffield.com1003.cafe.ingredients.Coffee.&lt;init&gt;(Coffee.java:10)
	at uk.ac.sheffield.com1003.cafe.ingredients.Coffee.&lt;init&gt;(Coffee.java:10)
	at uk.ac.sheffield.com1003.cafe.ingredients.Coffee.&lt;init&gt;(Coffee.java:10)
	at uk.ac.sheffield.com1003.cafe.ingredients.Coffee.&lt;init&gt;(Coffee.java:10)
	at uk.ac.sheffield.com1003.cafe.ingredients.Coffee.&lt;init&gt;(Coffee.java:10)
	at uk.ac.sheffield.com1003.cafe.ingredients.Coffee.&lt;init&gt;(Coffee.java:10)
	at uk.ac.sheffield.com1003.cafe.ingredients.Coffee.&lt;init&gt;(Coffee.java:10)
	at uk.ac.sheffield.com1003.cafe.ingredients.Coffee.&lt;init&gt;(Coffee.java:10)
	at uk.ac.sheffield.com1003.cafe.ingredients.Coffee.&lt;init&gt;(Coffee.java:10)
	at uk.ac.sheffield.com1003.cafe.ingredients.Coffee.&lt;init&gt;(Coffee.java:10)
	at uk.ac.sheffield.com1003.cafe.ingredients.Coffee.&lt;init&gt;(Coffee.java:10)
	at uk.ac.sheffield.com1003.cafe.ingredients.Coffee.&lt;init&gt;(Coffee.java:10)
	at uk.ac.sheffield.com1003.cafe.ingredients.Coffee.&lt;init&gt;(Coffee.java:10)
	at uk.ac.sheffield.com1003.cafe.ingredients.Coffee.&lt;init&gt;(Coffee.java:10)
	at uk.ac.sheffield.com1003.cafe.ingredients.Coffee.&lt;init&gt;(Coffee.java:10)
	at uk.ac.sheffield.com1003.cafe.ingredients.Coffee.&lt;init&gt;(Coffee.java:10)
	at uk.ac.sheffield.com1003.cafe.ingredients.Coffee.&lt;init&gt;(Coffee.java:10)
	at uk.ac.sheffield.com1003.cafe.ingredients.Coffee.&lt;init&gt;(Coffee.java:10)
	at uk.ac.sheffield.com1003.cafe.ingredients.Coffee.&lt;init&gt;(Coffee.java:10)
	at uk.ac.sheffield.com1003.cafe.ingredients.Coffee.&lt;init&gt;(Coffee.java:10)
	at uk.ac.sheffield.com1003.cafe.ingredients.Coffee.&lt;init&gt;(Coffee.java:10)
	at uk.ac.sheffield.com1003.cafe.ingredients.Coffee.&lt;init&gt;(Coffee.java:10)
	at uk.ac.sheffield.com1003.cafe.ingredients.Coffee.&lt;init&gt;(Coffee.java:10)
	at uk.ac.sheffield.com1003.cafe.ingredients.Coffee.&lt;init&gt;(Coffee.java:10)
	at uk.ac.sheffield.com1003.cafe.ingredients.Coffee.&lt;init&gt;(Coffee.java:10)
	at uk.ac.sheffield.com1003.cafe.ingredients.Coffee.&lt;init&gt;(Coffee.java:10)
	at uk.ac.sheffield.com1003.cafe.ingredients.Coffee.&lt;init&gt;(Coffee.java:10)
	at uk.ac.sheffield.com1003.cafe.ingredients.Coffee.&lt;init&gt;(Coffee.java:10)
	at uk.ac.sheffield.com1003.cafe.ingredients.Coffee.&lt;init&gt;(Coffee.java:10)
	at uk.ac.sheffield.com1003.cafe.ingredients.Coffee.&lt;init&gt;(Coffee.java:10)
	at uk.ac.sheffield.com1003.cafe.ingredients.Coffee.&lt;init&gt;(Coffee.java:10)
	at uk.ac.sheffield.com1003.cafe.ingredients.Coffee.&lt;init&gt;(Coffee.java:10)
	at uk.ac.sheffield.com1003.cafe.ingredients.Coffee.&lt;init&gt;(Coffee.java:10)
	at uk.ac.sheffield.com1003.cafe.ingredients.Coffee.&lt;init&gt;(Coffee.java:10)
	at uk.ac.sheffield.com1003.cafe.ingredients.Coffee.&lt;init&gt;(Coffee.java:10)
	at uk.ac.sheffield.com1003.cafe.ingredients.Coffee.&lt;init&gt;(Coffee.java:10)
	at uk.ac.sheffield.com1003.cafe.ingredients.Coffee.&lt;init&gt;(Coffee.java:10)
	at uk.ac.sheffield.com1003.cafe.ingredients.Coffee.&lt;init&gt;(Coffee.java:10)
	at uk.ac.sheffield.com1003.cafe.ingredients.Coffee.&lt;init&gt;(Coffee.java:10)
	at uk.ac.sheffield.com1003.cafe.ingredients.Coffee.&lt;init&gt;(Coffee.java:10)
	at uk.ac.sheffield.com1003.cafe.ingredients.Coffee.&lt;init&gt;(Coffee.java:10)
	at uk.ac.sheffield.com1003.cafe.ingredients.Coffee.&lt;init&gt;(Coffee.java:10)
	at uk.ac.sheffield.com1003.cafe.ingredients.Coffee.&lt;init&gt;(Coffee.java:10)
	at uk.ac.sheffield.com1003.cafe.ingredients.Coffee.&lt;init&gt;(Coffee.java:10)
	at uk.ac.sheffield.com1003.cafe.ingredients.Coffee.&lt;init&gt;(Coffee.java:10)
	at uk.ac.sheffield.com1003.cafe.ingredients.Coffee.&lt;init&gt;(Coffee.java:10)
	at uk.ac.sheffield.com1003.cafe.ingredients.Coffee.&lt;init&gt;(Coffee.java:10)
	at uk.ac.sheffield.com1003.cafe.ingredients.Coffee.&lt;init&gt;(Coffee.java:10)
	at uk.ac.sheffield.com1003.cafe.ingredients.Coffee.&lt;init&gt;(Coffee.java:10)
	at uk.ac.sheffield.com1003.cafe.ingredients.Coffee.&lt;init&gt;(Coffee.java:10)
	at uk.ac.sheffield.com1003.cafe.ingredients.Coffee.&lt;init&gt;(Coffee.java:10)
	at uk.ac.sheffield.com1003.cafe.ingredients.Coffee.&lt;init&gt;(Coffee.java:10)
	at uk.ac.sheffield.com1003.cafe.ingredients.Coffee.&lt;init&gt;(Coffee.java:10)
	at uk.ac.sheffield.com1003.cafe.ingredients.Coffee.&lt;init&gt;(Coffee.java:10)
	at uk.ac.sheffield.com1003.cafe.ingredients.Coffee.&lt;init&gt;(Coffee.java:10)
	at uk.ac.sheffield.com1003.cafe.ingredients.Coffee.&lt;init&gt;(Coffee.java:10)
	at uk.ac.sheffield.com1003.cafe.ingredients.Coffee.&lt;init&gt;(Coffee.java:10)
	at uk.ac.sheffield.com1003.cafe.ingredients.Coffee.&lt;init&gt;(Coffee.java:10)
	at uk.ac.sheffield.com1003.cafe.ingredients.Coffee.&lt;init&gt;(Coffee.java:10)
	at uk.ac.sheffield.com1003.cafe.ingredients.Coffee.&lt;init&gt;(Coffee.java:10)
	at uk.ac.sheffield.com1003.cafe.ingredients.Coffee.&lt;init&gt;(Coffee.java:10)
	at uk.ac.sheffield.com1003.cafe.ingredients.Coffee.&lt;init&gt;(Coffee.java:10)
	at uk.ac.sheffield.com1003.cafe.ingredients.Coffee.&lt;init&gt;(Coffee.java:10)
	at uk.ac.sheffield.com1003.cafe.ingredients.Coffee.&lt;init&gt;(Coffee.java:10)
	at uk.ac.sheffield.com1003.cafe.ingredients.Coffee.&lt;init&gt;(Coffee.java:10)
	at uk.ac.sheffield.com1003.cafe.ingredients.Coffee.&lt;init&gt;(Coffee.java:10)
	at uk.ac.sheffield.com1003.cafe.ingredients.Coffee.&lt;init&gt;(Coffee.java:10)
	at uk.ac.sheffield.com1003.cafe.ingredients.Coffee.&lt;init&gt;(Coffee.java:10)
	at uk.ac.sheffield.com1003.cafe.ingredients.Coffee.&lt;init&gt;(Coffee.java:10)
	at uk.ac.sheffield.com1003.cafe.ingredients.Coffee.&lt;init&gt;(Coffee.java:10)
	at uk.ac.sheffield.com1003.cafe.ingredients.Coffee.&lt;init&gt;(Coffee.java:10)
	at uk.ac.sheffield.com1003.cafe.ingredients.Coffee.&lt;init&gt;(Coffee.java:10)
	at uk.ac.sheffield.com1003.cafe.ingredients.Coffee.&lt;init&gt;(Coffee.java:10)
	at uk.ac.sheffield.com1003.cafe.ingredients.Coffee.&lt;init&gt;(Coffee.java:10)
	at uk.ac.sheffield.com1003.cafe.ingredients.Coffee.&lt;init&gt;(Coffee.java:10)
	at uk.ac.sheffield.com1003.cafe.ingredients.Coffee.&lt;init&gt;(Coffee.java:10)
	at uk.ac.sheffield.com1003.cafe.ingredients.Coffee.&lt;init&gt;(Coffee.java:10)
	at uk.ac.sheffield.com1003.cafe.ingredients.Coffee.&lt;init&gt;(Coffee.java:10)
	at uk.ac.sheffield.com1003.cafe.ingredients.Coffee.&lt;init&gt;(Coffee.java:10)
	at uk.ac.sheffield.com1003.cafe.ingredients.Coffee.&lt;init&gt;(Coffee.java:10)
	at uk.ac.sheffield.com1003.cafe.ingredients.Coffee.&lt;init&gt;(Coffee.java:10)
	at uk.ac.sheffield.com1003.cafe.ingredients.Coffee.&lt;init&gt;(Coffee.java:10)
	at uk.ac.sheffield.com1003.cafe.ingredients.Coffee.&lt;init&gt;(Coffee.java:10)
	at uk.ac.sheffield.com1003.cafe.ingredients.Coffee.&lt;init&gt;(Coffee.java:10)
	at uk.ac.sheffield.com1003.cafe.ingredients.Coffee.&lt;init&gt;(Coffee.java:10)
	at uk.ac.sheffield.com1003.cafe.ingredients.Coffee.&lt;init&gt;(Coffee.java:10)
	at uk.ac.sheffield.com1003.cafe.ingredients.Coffee.&lt;init&gt;(Coffee.java:10)
	at uk.ac.sheffield.com1003.cafe.ingredients.Coffee.&lt;init&gt;(Coffee.java:10)
	at uk.ac.sheffield.com1003.cafe.ingredients.Coffee.&lt;init&gt;(Coffee.java:10)
	at uk.ac.sheffield.com1003.cafe.ingredients.Coffee.&lt;init&gt;(Coffee.java:10)
	at uk.ac.sheffield.com1003.cafe.ingredients.Coffee.&lt;init&gt;(Coffee.java:10)
	at uk.ac.sheffield.com1003.cafe.ingredients.Coffee.&lt;init&gt;(Coffee.java:10)
	at uk.ac.sheffield.com1003.cafe.ingredients.Coffee.&lt;init&gt;(Coffee.java:10)
	at uk.ac.sheffield.com1003.cafe.ingredients.Coffee.&lt;init&gt;(Coffee.java:10)
	at uk.ac.sheffield.com1003.cafe.ingredients.Coffee.&lt;init&gt;(Coffee.java:10)
	at uk.ac.sheffield.com1003.cafe.ingredients.Coffee.&lt;init&gt;(Coffee.java:10)
	at uk.ac.sheffield.com1003.cafe.ingredients.Coffee.&lt;init&gt;(Coffee.java:10)
	at uk.ac.sheffield.com1003.cafe.ingredients.Coffee.&lt;init&gt;(Coffee.java:10)
	at uk.ac.sheffield.com1003.cafe.ingredients.Coffee.&lt;init&gt;(Coffee.java:10)
	at uk.ac.sheffield.com1003.cafe.ingredients.Coffee.&lt;init&gt;(Coffee.java:10)
	at uk.ac.sheffield.com1003.cafe.ingredients.Coffee.&lt;init&gt;(Coffee.java:10)
	at uk.ac.sheffield.com1003.cafe.ingredients.Coffee.&lt;init&gt;(Coffee.java:10)
	at uk.ac.sheffield.com1003.cafe.ingredients.Coffee.&lt;init&gt;(Coffee.java:10)
	at uk.ac.sheffield.com1003.cafe.ingredients.Coffee.&lt;init&gt;(Coffee.java:10)
	at uk.ac.sheffield.com1003.cafe.ingredients.Coffee.&lt;init&gt;(Coffee.java:10)
	at uk.ac.sheffield.com1003.cafe.ingredients.Coffee.&lt;init&gt;(Coffee.java:10)
	at uk.ac.sheffield.com1003.cafe.ingredients.Coffee.&lt;init&gt;(Coffee.java:10)
	at uk.ac.sheffield.com1003.cafe.ingredients.Coffee.&lt;init&gt;(Coffee.java:10)
	at uk.ac.sheffield.com1003.cafe.ingredients.Coffee.&lt;init&gt;(Coffee.java:10)
	at uk.ac.sheffield.com1003.cafe.ingredients.Coffee.&lt;init&gt;(Coffee.java:10)
	at uk.ac.sheffield.com1003.cafe.ingredients.Coffee.&lt;init&gt;(Coffee.java:10)
	at uk.ac.sheffield.com1003.cafe.ingredients.Coffee.&lt;init&gt;(Coffee.java:10)
	at uk.ac.sheffield.com1003.cafe.ingredients.Coffee.&lt;init&gt;(Coffee.java:10)
	at uk.ac.sheffield.com1003.cafe.ingredients.Coffee.&lt;init&gt;(Coffee.java:10)
	at uk.ac.sheffield.com1003.cafe.ingredients.Coffee.&lt;init&gt;(Coffee.java:10)
	at uk.ac.sheffield.com1003.cafe.ingredients.Coffee.&lt;init&gt;(Coffee.java:10)
	at uk.ac.sheffield.com1003.cafe.ingredients.Coffee.&lt;init&gt;(Coffee.java:10)
	at uk.ac.sheffield.com1003.cafe.ingredients.Coffee.&lt;init&gt;(Coffee.java:10)
	at uk.ac.sheffield.com1003.cafe.ingredients.Coffee.&lt;init&gt;(Coffee.java:10)
	at uk.ac.sheffield.com1003.cafe.ingredients.Coffee.&lt;init&gt;(Coffee.java:10)
	at uk.ac.sheffield.com1003.cafe.ingredients.Coffee.&lt;init&gt;(Coffee.java:10)
	at uk.ac.sheffield.com1003.cafe.ingredients.Coffee.&lt;init&gt;(Coffee.java:10)
	at uk.ac.sheffield.com1003.cafe.ingredients.Coffee.&lt;init&gt;(Coffee.java:10)
	at uk.ac.sheffield.com1003.cafe.ingredients.Coffee.&lt;init&gt;(Coffee.java:10)
	at uk.ac.sheffield.com1003.cafe.ingredients.Coffee.&lt;init&gt;(Coffee.java:10)
	at uk.ac.sheffield.com1003.cafe.ingredients.Coffee.&lt;init&gt;(Coffee.java:10)
	at uk.ac.sheffield.com1003.cafe.ingredients.Coffee.&lt;init&gt;(Coffee.java:10)
	at uk.ac.sheffield.com1003.cafe.ingredients.Coffee.&lt;init&gt;(Coffee.java:10)
	at uk.ac.sheffield.com1003.cafe.ingredients.Coffee.&lt;init&gt;(Coffee.java:10)
	at uk.ac.sheffield.com1003.cafe.ingredients.Coffee.&lt;init&gt;(Coffee.java:10)
	at uk.ac.sheffield.com1003.cafe.ingredients.Coffee.&lt;init&gt;(Coffee.java:10)
	at uk.ac.sheffield.com1003.cafe.ingredients.Coffee.&lt;init&gt;(Coffee.java:10)
	at uk.ac.sheffield.com1003.cafe.ingredients.Coffee.&lt;init&gt;(Coffee.java:10)
	at uk.ac.sheffield.com1003.cafe.ingredients.Coffee.&lt;init&gt;(Coffee.java:10)
	at uk.ac.sheffield.com1003.cafe.ingredients.Coffee.&lt;init&gt;(Coffee.java:10)
	at uk.ac.sheffield.com1003.cafe.ingredients.Coffee.&lt;init&gt;(Coffee.java:10)
	at uk.ac.sheffield.com1003.cafe.ingredients.Coffee.&lt;init&gt;(Coffee.java:10)
	at uk.ac.sheffield.com1003.cafe.ingredients.Coffee.&lt;init&gt;(Coffee.java:10)
	at uk.ac.sheffield.com1003.cafe.ingredients.Coffee.&lt;init&gt;(Coffee.java:10)
	at uk.ac.sheffield.com1003.cafe.ingredients.Coffee.&lt;init&gt;(Coffee.java:10)
	at uk.ac.sheffield.com1003.cafe.ingredients.Coffee.&lt;init&gt;(Coffee.java:10)
	at uk.ac.sheffield.com1003.cafe.ingredients.Coffee.&lt;init&gt;(Coffee.java:10)
	at uk.ac.sheffield.com1003.cafe.ingredients.Coffee.&lt;init&gt;(Coffee.java:10)
	at uk.ac.sheffield.com1003.cafe.ingredients.Coffee.&lt;init&gt;(Coffee.java:10)
	at uk.ac.sheffield.com1003.cafe.ingredients.Coffee.&lt;init&gt;(Coffee.java:10)
	at uk.ac.sheffield.com1003.cafe.ingredients.Coffee.&lt;init&gt;(Coffee.java:10)
	at uk.ac.sheffield.com1003.cafe.ingredients.Coffee.&lt;init&gt;(Coffee.java:10)
	at uk.ac.sheffield.com1003.cafe.ingredients.Coffee.&lt;init&gt;(Coffee.java:10)
	at uk.ac.sheffield.com1003.cafe.ingredients.Coffee.&lt;init&gt;(Coffee.java:10)
	at uk.ac.sheffield.com1003.cafe.ingredients.Coffee.&lt;init&gt;(Coffee.java:10)
	at uk.ac.sheffield.com1003.cafe.ingredients.Coffee.&lt;init&gt;(Coffee.java:10)
	at uk.ac.sheffield.com1003.cafe.ingredients.Coffee.&lt;init&gt;(Coffee.java:10)
	at uk.ac.sheffield.com1003.cafe.ingredients.Coffee.&lt;init&gt;(Coffee.java:10)
	at uk.ac.sheffield.com1003.cafe.ingredients.Coffee.&lt;init&gt;(Coffee.java:10)
	at uk.ac.sheffield.com1003.cafe.ingredients.Coffee.&lt;init&gt;(Coffee.java:10)
	at uk.ac.sheffield.com1003.cafe.ingredients.Coffee.&lt;init&gt;(Coffee.java:10)
	at uk.ac.sheffield.com1003.cafe.ingredients.Coffee.&lt;init&gt;(Coffee.java:10)
	at uk.ac.sheffield.com1003.cafe.ingredients.Coffee.&lt;init&gt;(Coffee.java:10)
	at uk.ac.sheffield.com1003.cafe.ingredients.Coffee.&lt;init&gt;(Coffee.java:10)
	at uk.ac.sheffield.com1003.cafe.ingredients.Coffee.&lt;init&gt;(Coffee.java:10)
	at uk.ac.sheffield.com1003.cafe.ingredients.Coffee.&lt;init&gt;(Coffee.java:10)
	at uk.ac.sheffield.com1003.cafe.ingredients.Coffee.&lt;init&gt;(Coffee.java:10)
	at uk.ac.sheffield.com1003.cafe.ingredients.Coffee.&lt;init&gt;(Coffee.java:10)
	at uk.ac.sheffield.com1003.cafe.ingredients.Coffee.&lt;init&gt;(Coffee.java:10)
	at uk.ac.sheffield.com1003.cafe.ingredients.Coffee.&lt;init&gt;(Coffee.java:10)
	at uk.ac.sheffield.com1003.cafe.ingredients.Coffee.&lt;init&gt;(Coffee.java:10)
	at uk.ac.sheffield.com1003.cafe.ingredients.Coffee.&lt;init&gt;(Coffee.java:10)
	at uk.ac.sheffield.com1003.cafe.ingredients.Coffee.&lt;init&gt;(Coffee.java:10)
	at uk.ac.sheffield.com1003.cafe.ingredients.Coffee.&lt;init&gt;(Coffee.java:10)
	at uk.ac.sheffield.com1003.cafe.ingredients.Coffee.&lt;init&gt;(Coffee.java:10)
	at uk.ac.sheffield.com1003.cafe.ingredients.Coffee.&lt;init&gt;(Coffee.java:10)
	at uk.ac.sheffield.com1003.cafe.ingredients.Coffee.&lt;init&gt;(Coffee.java:10)
	at uk.ac.sheffield.com1003.cafe.ingredients.Coffee.&lt;init&gt;(Coffee.java:10)
	at uk.ac.sheffield.com1003.cafe.ingredients.Coffee.&lt;init&gt;(Coffee.java:10)
	at uk.ac.sheffield.com1003.cafe.ingredients.Coffee.&lt;init&gt;(Coffee.java:10)
	at uk.ac.sheffield.com1003.cafe.ingredients.Coffee.&lt;init&gt;(Coffee.java:10)
	at uk.ac.sheffield.com1003.cafe.ingredients.Coffee.&lt;init&gt;(Coffee.java:10)
	at uk.ac.sheffield.com1003.cafe.ingredients.Coffee.&lt;init&gt;(Coffee.java:10)
	at uk.ac.sheffield.com1003.cafe.ingredients.Coffee.&lt;init&gt;(Coffee.java:10)
	at uk.ac.sheffield.com1003.cafe.ingredients.Coffee.&lt;init&gt;(Coffee.java:10)
	at uk.ac.sheffield.com1003.cafe.ingredients.Coffee.&lt;init&gt;(Coffee.java:10)
	at uk.ac.sheffield.com1003.cafe.ingredients.Coffee.&lt;init&gt;(Coffee.java:10)
	at uk.ac.sheffield.com1003.cafe.ingredients.Coffee.&lt;init&gt;(Coffee.java:10)
	at uk.ac.sheffield.com1003.cafe.ingredients.Coffee.&lt;init&gt;(Coffee.java:10)
	at uk.ac.sheffield.com1003.cafe.ingredients.Coffee.&lt;init&gt;(Coffee.java:10)
	at uk.ac.sheffield.com1003.cafe.ingredients.Coffee.&lt;init&gt;(Coffee.java:10)
	at uk.ac.sheffield.com1003.cafe.ingredients.Coffee.&lt;init&gt;(Coffee.java:10)
	at uk.ac.sheffield.com1003.cafe.ingredients.Coffee.&lt;init&gt;(Coffee.java:10)
	at uk.ac.sheffield.com1003.cafe.ingredients.Coffee.&lt;init&gt;(Coffee.java:10)
	at uk.ac.sheffield.com1003.cafe.ingredients.Coffee.&lt;init&gt;(Coffee.java:10)
	at uk.ac.sheffield.com1003.cafe.ingredients.Coffee.&lt;init&gt;(Coffee.java:10)
	at uk.ac.sheffield.com1003.cafe.ingredients.Coffee.&lt;init&gt;(Coffee.java:10)
	at uk.ac.sheffield.com1003.cafe.ingredients.Coffee.&lt;init&gt;(Coffee.java:10)
	at uk.ac.sheffield.com1003.cafe.ingredients.Coffee.&lt;init&gt;(Coffee.java:10)
	at uk.ac.sheffield.com1003.cafe.ingredients.Coffee.&lt;init&gt;(Coffee.java:10)
	at uk.ac.sheffield.com1003.cafe.ingredients.Coffee.&lt;init&gt;(Coffee.java:10)
	at uk.ac.sheffield.com1003.cafe.ingredients.Coffee.&lt;init&gt;(Coffee.java:10)
	at uk.ac.sheffield.com1003.cafe.ingredients.Coffee.&lt;init&gt;(Coffee.java:10)
	at uk.ac.sheffield.com1003.cafe.ingredients.Coffee.&lt;init&gt;(Coffee.java:10)
	at uk.ac.sheffield.com1003.cafe.ingredients.Coffee.&lt;init&gt;(Coffee.java:10)
	at uk.ac.sheffield.com1003.cafe.ingredients.Coffee.&lt;init&gt;(Coffee.java:10)
	at uk.ac.sheffield.com1003.cafe.ingredients.Coffee.&lt;init&gt;(Coffee.java:10)
	at uk.ac.sheffield.com1003.cafe.ingredients.Coffee.&lt;init&gt;(Coffee.java:10)
	at uk.ac.sheffield.com1003.cafe.ingredients.Coffee.&lt;init&gt;(Coffee.java:10)
	at uk.ac.sheffield.com1003.cafe.ingredients.Coffee.&lt;init&gt;(Coffee.java:10)
	at uk.ac.sheffield.com1003.cafe.ingredients.Coffee.&lt;init&gt;(Coffee.java:10)
	at uk.ac.sheffield.com1003.cafe.ingredients.Coffee.&lt;init&gt;(Coffee.java:10)
	at uk.ac.sheffield.com1003.cafe.ingredients.Coffee.&lt;init&gt;(Coffee.java:10)
	at uk.ac.sheffield.com1003.cafe.ingredients.Coffee.&lt;init&gt;(Coffee.java:10)
	at uk.ac.sheffield.com1003.cafe.ingredients.Coffee.&lt;init&gt;(Coffee.java:10)
	at uk.ac.sheffield.com1003.cafe.ingredients.Coffee.&lt;init&gt;(Coffee.java:10)
	at uk.ac.sheffield.com1003.cafe.ingredients.Coffee.&lt;init&gt;(Coffee.java:10)
	at uk.ac.sheffield.com1003.cafe.ingredients.Coffee.&lt;init&gt;(Coffee.java:10)
	at uk.ac.sheffield.com1003.cafe.ingredients.Coffee.&lt;init&gt;(Coffee.java:10)
	at uk.ac.sheffield.com1003.cafe.ingredients.Coffee.&lt;init&gt;(Coffee.java:10)
	at uk.ac.sheffield.com1003.cafe.ingredients.Coffee.&lt;init&gt;(Coffee.java:10)
	at uk.ac.sheffield.com1003.cafe.ingredients.Coffee.&lt;init&gt;(Coffee.java:10)
	at uk.ac.sheffield.com1003.cafe.ingredients.Coffee.&lt;init&gt;(Coffee.java:10)
	at uk.ac.sheffield.com1003.cafe.ingredients.Coffee.&lt;init&gt;(Coffee.java:10)
	at uk.ac.sheffield.com1003.cafe.ingredients.Coffee.&lt;init&gt;(Coffee.java:10)
	at uk.ac.sheffield.com1003.cafe.ingredients.Coffee.&lt;init&gt;(Coffee.java:10)
	at uk.ac.sheffield.com1003.cafe.ingredients.Coffee.&lt;init&gt;(Coffee.java:10)
	at uk.ac.sheffield.com1003.cafe.ingredients.Coffee.&lt;init&gt;(Coffee.java:10)
	at uk.ac.sheffield.com1003.cafe.ingredients.Coffee.&lt;init&gt;(Coffee.java:10)
	at uk.ac.sheffield.com1003.cafe.ingredients.Coffee.&lt;init&gt;(Coffee.java:10)
	at uk.ac.sheffield.com1003.cafe.ingredients.Coffee.&lt;init&gt;(Coffee.java:10)
	at uk.ac.sheffield.com1003.cafe.ingredients.Coffee.&lt;init&gt;(Coffee.java:10)
	at uk.ac.sheffield.com1003.cafe.ingredients.Coffee.&lt;init&gt;(Coffee.java:10)
	at uk.ac.sheffield.com1003.cafe.ingredients.Coffee.&lt;init&gt;(Coffee.java:10)
	at uk.ac.sheffield.com1003.cafe.ingredients.Coffee.&lt;init&gt;(Coffee.java:10)
	at uk.ac.sheffield.com1003.cafe.ingredients.Coffee.&lt;init&gt;(Coffee.java:10)
	at uk.ac.sheffield.com1003.cafe.ingredients.Coffee.&lt;init&gt;(Coffee.java:10)
	at uk.ac.sheffield.com1003.cafe.ingredients.Coffee.&lt;init&gt;(Coffee.java:10)
	at uk.ac.sheffield.com1003.cafe.ingredients.Coffee.&lt;init&gt;(Coffee.java:10)
	at uk.ac.sheffield.com1003.cafe.ingredients.Coffee.&lt;init&gt;(Coffee.java:10)
	at uk.ac.sheffield.com1003.cafe.ingredients.Coffee.&lt;init&gt;(Coffee.java:10)
	at uk.ac.sheffield.com1003.cafe.ingredients.Coffee.&lt;init&gt;(Coffee.java:10)
	at uk.ac.sheffield.com1003.cafe.ingredients.Coffee.&lt;init&gt;(Coffee.java:10)
	at uk.ac.sheffield.com1003.cafe.ingredients.Coffee.&lt;init&gt;(Coffee.java:10)
	at uk.ac.sheffield.com1003.cafe.ingredients.Coffee.&lt;init&gt;(Coffee.java:10)
	at uk.ac.sheffield.com1003.cafe.ingredients.Coffee.&lt;init&gt;(Coffee.java:10)
	at uk.ac.sheffield.com1003.cafe.ingredients.Coffee.&lt;init&gt;(Coffee.java:10)
	at uk.ac.sheffield.com1003.cafe.ingredients.Coffee.&lt;init&gt;(Coffee.java:10)
	at uk.ac.sheffield.com1003.cafe.ingredients.Coffee.&lt;init&gt;(Coffee.java:10)
	at uk.ac.sheffield.com1003.cafe.ingredients.Coffee.&lt;init&gt;(Coffee.java:10)
	at uk.ac.sheffield.com1003.cafe.ingredients.Coffee.&lt;init&gt;(Coffee.java:10)
	at uk.ac.sheffield.com1003.cafe.ingredients.Coffee.&lt;init&gt;(Coffee.java:10)
	at uk.ac.sheffield.com1003.cafe.ingredients.Coffee.&lt;init&gt;(Coffee.java:10)
	at uk.ac.sheffield.com1003.cafe.ingredients.Coffee.&lt;init&gt;(Coffee.java:10)
	at uk.ac.sheffield.com1003.cafe.ingredients.Coffee.&lt;init&gt;(Coffee.java:10)
	at uk.ac.sheffield.com1003.cafe.ingredients.Coffee.&lt;init&gt;(Coffee.java:10)
	at uk.ac.sheffield.com1003.cafe.ingredients.Coffee.&lt;init&gt;(Coffee.java:10)
	at uk.ac.sheffield.com1003.cafe.ingredients.Coffee.&lt;init&gt;(Coffee.java:10)
	at uk.ac.sheffield.com1003.cafe.ingredients.Coffee.&lt;init&gt;(Coffee.java:10)
	at uk.ac.sheffield.com1003.cafe.ingredients.Coffee.&lt;init&gt;(Coffee.java:10)
	at uk.ac.sheffield.com1003.cafe.ingredients.Coffee.&lt;init&gt;(Coffee.java:10)
	at uk.ac.sheffield.com1003.cafe.ingredients.Coffee.&lt;init&gt;(Coffee.java:10)
	at uk.ac.sheffield.com1003.cafe.ingredients.Coffee.&lt;init&gt;(Coffee.java:10)
	at uk.ac.sheffield.com1003.cafe.ingredients.Coffee.&lt;init&gt;(Coffee.java:10)
	at uk.ac.sheffield.com1003.cafe.ingredients.Coffee.&lt;init&gt;(Coffee.java:10)
	at uk.ac.sheffield.com1003.cafe.ingredients.Coffee.&lt;init&gt;(Coffee.java:10)
	at uk.ac.sheffield.com1003.cafe.ingredients.Coffee.&lt;init&gt;(Coffee.java:10)
	at uk.ac.sheffield.com1003.cafe.ingredients.Coffee.&lt;init&gt;(Coffee.java:10)
	at uk.ac.sheffield.com1003.cafe.ingredients.Coffee.&lt;init&gt;(Coffee.java:10)
	at uk.ac.sheffield.com1003.cafe.ingredients.Coffee.&lt;init&gt;(Coffee.java:10)
	at uk.ac.sheffield.com1003.cafe.ingredients.Coffee.&lt;init&gt;(Coffee.java:10)
	at uk.ac.sheffield.com1003.cafe.ingredients.Coffee.&lt;init&gt;(Coffee.java:10)
	at uk.ac.sheffield.com1003.cafe.ingredients.Coffee.&lt;init&gt;(Coffee.java:10)
	at uk.ac.sheffield.com1003.cafe.ingredients.Coffee.&lt;init&gt;(Coffee.java:10)
	at uk.ac.sheffield.com1003.cafe.ingredients.Coffee.&lt;init&gt;(Coffee.java:10)
	at uk.ac.sheffield.com1003.cafe.ingredients.Coffee.&lt;init&gt;(Coffee.java:10)
	at uk.ac.sheffield.com1003.cafe.ingredients.Coffee.&lt;init&gt;(Coffee.java:10)
	at uk.ac.sheffield.com1003.cafe.ingredients.Coffee.&lt;init&gt;(Coffee.java:10)
	at uk.ac.sheffield.com1003.cafe.ingredients.Coffee.&lt;init&gt;(Coffee.java:10)
	at uk.ac.sheffield.com1003.cafe.ingredients.Coffee.&lt;init&gt;(Coffee.java:10)
	at uk.ac.sheffield.com1003.cafe.ingredients.Coffee.&lt;init&gt;(Coffee.java:10)
	at uk.ac.sheffield.com1003.cafe.ingredients.Coffee.&lt;init&gt;(Coffee.java:10)
	at uk.ac.sheffield.com1003.cafe.ingredients.Coffee.&lt;init&gt;(Coffee.java:10)
	at uk.ac.sheffield.com1003.cafe.ingredients.Coffee.&lt;init&gt;(Coffee.java:10)
	at uk.ac.sheffield.com1003.cafe.ingredients.Coffee.&lt;init&gt;(Coffee.java:10)
	at uk.ac.sheffield.com1003.cafe.ingredients.Coffee.&lt;init&gt;(Coffee.java:10)
	at uk.ac.sheffield.com1003.cafe.ingredients.Coffee.&lt;init&gt;(Coffee.java:10)
	at uk.ac.sheffield.com1003.cafe.ingredients.Coffee.&lt;init&gt;(Coffee.java:10)
	at uk.ac.sheffield.com1003.cafe.ingredients.Coffee.&lt;init&gt;(Coffee.java:10)
	at uk.ac.sheffield.com1003.cafe.ingredients.Coffee.&lt;init&gt;(Coffee.java:10)
	at uk.ac.sheffield.com1003.cafe.ingredients.Coffee.&lt;init&gt;(Coffee.java:10)
	at uk.ac.sheffield.com1003.cafe.ingredients.Coffee.&lt;init&gt;(Coffee.java:10)
	at uk.ac.sheffield.com1003.cafe.ingredients.Coffee.&lt;init&gt;(Coffee.java:10)
	at uk.ac.sheffield.com1003.cafe.ingredients.Coffee.&lt;init&gt;(Coffee.java:10)
	at uk.ac.sheffield.com1003.cafe.ingredients.Coffee.&lt;init&gt;(Coffee.java:10)
	at uk.ac.sheffield.com1003.cafe.ingredients.Coffee.&lt;init&gt;(Coffee.java:10)
	at uk.ac.sheffield.com1003.cafe.ingredients.Coffee.&lt;init&gt;(Coffee.java:10)
	at uk.ac.sheffield.com1003.cafe.ingredients.Coffee.&lt;init&gt;(Coffee.java:10)
	at uk.ac.sheffield.com1003.cafe.ingredients.Coffee.&lt;init&gt;(Coffee.java:10)
	at uk.ac.sheffield.com1003.cafe.ingredients.Coffee.&lt;init&gt;(Coffee.java:10)
	at uk.ac.sheffield.com1003.cafe.ingredients.Coffee.&lt;init&gt;(Coffee.java:10)
	at uk.ac.sheffield.com1003.cafe.ingredients.Coffee.&lt;init&gt;(Coffee.java:10)
	at uk.ac.sheffield.com1003.cafe.ingredients.Coffee.&lt;init&gt;(Coffee.java:10)
	at uk.ac.sheffield.com1003.cafe.ingredients.Coffee.&lt;init&gt;(Coffee.java:10)
	at uk.ac.sheffield.com1003.cafe.ingredients.Coffee.&lt;init&gt;(Coffee.java:10)
	at uk.ac.sheffield.com1003.cafe.ingredients.Coffee.&lt;init&gt;(Coffee.java:10)
	at uk.ac.sheffield.com1003.cafe.ingredients.Coffee.&lt;init&gt;(Coffee.java:10)
	at uk.ac.sheffield.com1003.cafe.ingredients.Coffee.&lt;init&gt;(Coffee.java:10)
	at uk.ac.sheffield.com1003.cafe.ingredients.Coffee.&lt;init&gt;(Coffee.java:10)
	at uk.ac.sheffield.com1003.cafe.ingredients.Coffee.&lt;init&gt;(Coffee.java:10)
	at uk.ac.sheffield.com1003.cafe.ingredients.Coffee.&lt;init&gt;(Coffee.java:10)
	at uk.ac.sheffield.com1003.cafe.ingredients.Coffee.&lt;init&gt;(Coffee.java:10)
	at uk.ac.sheffield.com1003.cafe.ingredients.Coffee.&lt;init&gt;(Coffee.java:10)
	at uk.ac.sheffield.com1003.cafe.ingredients.Coffee.&lt;init&gt;(Coffee.java:10)
	at uk.ac.sheffield.com1003.cafe.ingredients.Coffee.&lt;init&gt;(Coffee.java:10)
	at uk.ac.sheffield.com1003.cafe.ingredients.Coffee.&lt;init&gt;(Coffee.java:10)
	at uk.ac.sheffield.com1003.cafe.ingredients.Coffee.&lt;init&gt;(Coffee.java:10)
	at uk.ac.sheffield.com1003.cafe.ingredients.Coffee.&lt;init&gt;(Coffee.java:10)
	at uk.ac.sheffield.com1003.cafe.ingredients.Coffee.&lt;init&gt;(Coffee.java:10)
	at uk.ac.sheffield.com1003.cafe.ingredients.Coffee.&lt;init&gt;(Coffee.java:10)
	at uk.ac.sheffield.com1003.cafe.ingredients.Coffee.&lt;init&gt;(Coffee.java:10)
	at uk.ac.sheffield.com1003.cafe.ingredients.Coffee.&lt;init&gt;(Coffee.java:10)
	at uk.ac.sheffield.com1003.cafe.ingredients.Coffee.&lt;init&gt;(Coffee.java:10)
	at uk.ac.sheffield.com1003.cafe.ingredients.Coffee.&lt;init&gt;(Coffee.java:10)
	at uk.ac.sheffield.com1003.cafe.ingredients.Coffee.&lt;init&gt;(Coffee.java:10)
	at uk.ac.sheffield.com1003.cafe.ingredients.Coffee.&lt;init&gt;(Coffee.java:10)
	at uk.ac.sheffield.com1003.cafe.ingredients.Coffee.&lt;init&gt;(Coffee.java:10)
	at uk.ac.sheffield.com1003.cafe.ingredients.Coffee.&lt;init&gt;(Coffee.java:10)
	at uk.ac.sheffield.com1003.cafe.ingredients.Coffee.&lt;init&gt;(Coffee.java:10)
	at uk.ac.sheffield.com1003.cafe.ingredients.Coffee.&lt;init&gt;(Coffee.java:10)
	at uk.ac.sheffield.com1003.cafe.ingredients.Coffee.&lt;init&gt;(Coffee.java:10)
	at uk.ac.sheffield.com1003.cafe.ingredients.Coffee.&lt;init&gt;(Coffee.java:10)
	at uk.ac.sheffield.com1003.cafe.ingredients.Coffee.&lt;init&gt;(Coffee.java:10)
	at uk.ac.sheffield.com1003.cafe.ingredients.Coffee.&lt;init&gt;(Coffee.java:10)
	at uk.ac.sheffield.com1003.cafe.ingredients.Coffee.&lt;init&gt;(Coffee.java:10)
	at uk.ac.sheffield.com1003.cafe.ingredients.Coffee.&lt;init&gt;(Coffee.java:10)
	at uk.ac.sheffield.com1003.cafe.ingredients.Coffee.&lt;init&gt;(Coffee.java:10)
	at uk.ac.sheffield.com1003.cafe.ingredients.Coffee.&lt;init&gt;(Coffee.java:10)
	at uk.ac.sheffield.com1003.cafe.ingredients.Coffee.&lt;init&gt;(Coffee.java:10)
	at uk.ac.sheffield.com1003.cafe.ingredients.Coffee.&lt;init&gt;(Coffee.java:10)
	at uk.ac.sheffield.com1003.cafe.ingredients.Coffee.&lt;init&gt;(Coffee.java:10)
	at uk.ac.sheffield.com1003.cafe.ingredients.Coffee.&lt;init&gt;(Coffee.java:10)
	at uk.ac.sheffield.com1003.cafe.ingredients.Coffee.&lt;init&gt;(Coffee.java:10)
	at uk.ac.sheffield.com1003.cafe.ingredients.Coffee.&lt;init&gt;(Coffee.java:10)
	at uk.ac.sheffield.com1003.cafe.ingredients.Coffee.&lt;init&gt;(Coffee.java:10)
	at uk.ac.sheffield.com1003.cafe.ingredients.Coffee.&lt;init&gt;(Coffee.java:10)
	at uk.ac.sheffield.com1003.cafe.ingredients.Coffee.&lt;init&gt;(Coffee.java:10)
	at uk.ac.sheffield.com1003.cafe.ingredients.Coffee.&lt;init&gt;(Coffee.java:10)
	at uk.ac.sheffield.com1003.cafe.ingredients.Coffee.&lt;init&gt;(Coffee.java:10)
	at uk.ac.sheffield.com1003.cafe.ingredients.Coffee.&lt;init&gt;(Coffee.java:10)
	at uk.ac.sheffield.com1003.cafe.ingredients.Coffee.&lt;init&gt;(Coffee.java:10)
	at uk.ac.sheffield.com1003.cafe.ingredients.Coffee.&lt;init&gt;(Coffee.java:10)
	at uk.ac.sheffield.com1003.cafe.ingredients.Coffee.&lt;init&gt;(Coffee.java:10)
	at uk.ac.sheffield.com1003.cafe.ingredients.Coffee.&lt;init&gt;(Coffee.java:10)
	at uk.ac.sheffield.com1003.cafe.ingredients.Coffee.&lt;init&gt;(Coffee.java:10)
	at uk.ac.sheffield.com1003.cafe.ingredients.Coffee.&lt;init&gt;(Coffee.java:10)
	at uk.ac.sheffield.com1003.cafe.ingredients.Coffee.&lt;init&gt;(Coffee.java:10)
	at uk.ac.sheffield.com1003.cafe.ingredients.Coffee.&lt;init&gt;(Coffee.java:10)
	at uk.ac.sheffield.com1003.cafe.ingredients.Coffee.&lt;init&gt;(Coffee.java:10)
	at uk.ac.sheffield.com1003.cafe.ingredients.Coffee.&lt;init&gt;(Coffee.java:10)
	at uk.ac.sheffield.com1003.cafe.ingredients.Coffee.&lt;init&gt;(Coffee.java:10)
	at uk.ac.sheffield.com1003.cafe.ingredients.Coffee.&lt;init&gt;(Coffee.java:10)
	at uk.ac.sheffield.com1003.cafe.ingredients.Coffee.&lt;init&gt;(Coffee.java:10)
	at uk.ac.sheffield.com1003.cafe.ingredients.Coffee.&lt;init&gt;(Coffee.java:10)
	at uk.ac.sheffield.com1003.cafe.ingredients.Coffee.&lt;init&gt;(Coffee.java:10)
	at uk.ac.sheffield.com1003.cafe.ingredients.Coffee.&lt;init&gt;(Coffee.java:10)
	at uk.ac.sheffield.com1003.cafe.ingredients.Coffee.&lt;init&gt;(Coffee.java:10)
	at uk.ac.sheffield.com1003.cafe.ingredients.Coffee.&lt;init&gt;(Coffee.java:10)
	at uk.ac.sheffield.com1003.cafe.ingredients.Coffee.&lt;init&gt;(Coffee.java:10)
	at uk.ac.sheffield.com1003.cafe.ingredients.Coffee.&lt;init&gt;(Coffee.java:10)
	at uk.ac.sheffield.com1003.cafe.ingredients.Coffee.&lt;init&gt;(Coffee.java:10)
	at uk.ac.sheffield.com1003.cafe.ingredients.Coffee.&lt;init&gt;(Coffee.java:10)
	at uk.ac.sheffield.com1003.cafe.ingredients.Coffee.&lt;init&gt;(Coffee.java:10)
	at uk.ac.sheffield.com1003.cafe.ingredients.Coffee.&lt;init&gt;(Coffee.java:10)
	at uk.ac.sheffield.com1003.cafe.ingredients.Coffee.&lt;init&gt;(Coffee.java:10)
	at uk.ac.sheffield.com1003.cafe.ingredients.Coffee.&lt;init&gt;(Coffee.java:10)
	at uk.ac.sheffield.com1003.cafe.ingredients.Coffee.&lt;init&gt;(Coffee.java:10)
	at uk.ac.sheffield.com1003.cafe.ingredients.Coffee.&lt;init&gt;(Coffee.java:10)
	at uk.ac.sheffield.com1003.cafe.ingredients.Coffee.&lt;init&gt;(Coffee.java:10)
	at uk.ac.sheffield.com1003.cafe.ingredients.Coffee.&lt;init&gt;(Coffee.java:10)
	at uk.ac.sheffield.com1003.cafe.ingredients.Coffee.&lt;init&gt;(Coffee.java:10)
	at uk.ac.sheffield.com1003.cafe.ingredients.Coffee.&lt;init&gt;(Coffee.java:10)
	at uk.ac.sheffield.com1003.cafe.ingredients.Coffee.&lt;init&gt;(Coffee.java:10)
	at uk.ac.sheffield.com1003.cafe.ingredients.Coffee.&lt;init&gt;(Coffee.java:10)
	at uk.ac.sheffield.com1003.cafe.ingredients.Coffee.&lt;init&gt;(Coffee.java:10)
	at uk.ac.sheffield.com1003.cafe.ingredients.Coffee.&lt;init&gt;(Coffee.java:10)
	at uk.ac.sheffield.com1003.cafe.ingredients.Coffee.&lt;init&gt;(Coffee.java:10)
	at uk.ac.sheffield.com1003.cafe.ingredients.Coffee.&lt;init&gt;(Coffee.java:10)
	at uk.ac.sheffield.com1003.cafe.ingredients.Coffee.&lt;init&gt;(Coffee.java:10)
	at uk.ac.sheffield.com1003.cafe.ingredients.Coffee.&lt;init&gt;(Coffee.java:10)
	at uk.ac.sheffield.com1003.cafe.ingredients.Coffee.&lt;init&gt;(Coffee.java:10)
	at uk.ac.sheffield.com1003.cafe.ingredients.Coffee.&lt;init&gt;(Coffee.java:10)
	at uk.ac.sheffield.com1003.cafe.ingredients.Coffee.&lt;init&gt;(Coffee.java:10)
	at uk.ac.sheffield.com1003.cafe.ingredients.Coffee.&lt;init&gt;(Coffee.java:10)
	at uk.ac.sheffield.com1003.cafe.ingredients.Coffee.&lt;init&gt;(Coffee.java:10)
	at uk.ac.sheffield.com1003.cafe.ingredients.Coffee.&lt;init&gt;(Coffee.java:10)
	at uk.ac.sheffield.com1003.cafe.ingredients.Coffee.&lt;init&gt;(Coffee.java:10)
	at uk.ac.sheffield.com1003.cafe.ingredients.Coffee.&lt;init&gt;(Coffee.java:10)
	at uk.ac.sheffield.com1003.cafe.ingredients.Coffee.&lt;init&gt;(Coffee.java:10)
	at uk.ac.sheffield.com1003.cafe.ingredients.Coffee.&lt;init&gt;(Coffee.java:10)
	at uk.ac.sheffield.com1003.cafe.ingredients.Coffee.&lt;init&gt;(Coffee.java:10)
	at uk.ac.sheffield.com1003.cafe.ingredients.Coffee.&lt;init&gt;(Coffee.java:10)
	at uk.ac.sheffield.com1003.cafe.ingredients.Coffee.&lt;init&gt;(Coffee.java:10)
	at uk.ac.sheffield.com1003.cafe.ingredients.Coffee.&lt;init&gt;(Coffee.java:10)
	at uk.ac.sheffield.com1003.cafe.ingredients.Coffee.&lt;init&gt;(Coffee.java:10)
	at uk.ac.sheffield.com1003.cafe.ingredients.Coffee.&lt;init&gt;(Coffee.java:10)
	at uk.ac.sheffield.com1003.cafe.ingredients.Coffee.&lt;init&gt;(Coffee.java:10)
	at uk.ac.sheffield.com1003.cafe.ingredients.Coffee.&lt;init&gt;(Coffee.java:10)
	at uk.ac.sheffield.com1003.cafe.ingredients.Coffee.&lt;init&gt;(Coffee.java:10)
	at uk.ac.sheffield.com1003.cafe.ingredients.Coffee.&lt;init&gt;(Coffee.java:10)
	at uk.ac.sheffield.com1003.cafe.ingredients.Coffee.&lt;init&gt;(Coffee.java:10)
	at uk.ac.sheffield.com1003.cafe.ingredients.Coffee.&lt;init&gt;(Coffee.java:10)
	at uk.ac.sheffield.com1003.cafe.ingredients.Coffee.&lt;init&gt;(Coffee.java:10)
	at uk.ac.sheffield.com1003.cafe.ingredients.Coffee.&lt;init&gt;(Coffee.java:10)
	at uk.ac.sheffield.com1003.cafe.ingredients.Coffee.&lt;init&gt;(Coffee.java:10)
	at uk.ac.sheffield.com1003.cafe.ingredients.Coffee.&lt;init&gt;(Coffee.java:10)
	at uk.ac.sheffield.com1003.cafe.ingredients.Coffee.&lt;init&gt;(Coffee.java:10)
	at uk.ac.sheffield.com1003.cafe.ingredients.Coffee.&lt;init&gt;(Coffee.java:10)
	at uk.ac.sheffield.com1003.cafe.ingredients.Coffee.&lt;init&gt;(Coffee.java:10)
	at uk.ac.sheffield.com1003.cafe.ingredients.Coffee.&lt;init&gt;(Coffee.java:10)
	at uk.ac.sheffield.com1003.cafe.ingredients.Coffee.&lt;init&gt;(Coffee.java:10)
	at uk.ac.sheffield.com1003.cafe.ingredients.Coffee.&lt;init&gt;(Coffee.java:10)
	at uk.ac.sheffield.com1003.cafe.ingredients.Coffee.&lt;init&gt;(Coffee.java:10)
	at uk.ac.sheffield.com1003.cafe.ingredients.Coffee.&lt;init&gt;(Coffee.java:10)
	at uk.ac.sheffield.com1003.cafe.ingredients.Coffee.&lt;init&gt;(Coffee.java:10)
	at uk.ac.sheffield.com1003.cafe.ingredients.Coffee.&lt;init&gt;(Coffee.java:10)
	at uk.ac.sheffield.com1003.cafe.ingredients.Coffee.&lt;init&gt;(Coffee.java:10)
	at uk.ac.sheffield.com1003.cafe.ingredients.Coffee.&lt;init&gt;(Coffee.java:10)
	at uk.ac.sheffield.com1003.cafe.ingredients.Coffee.&lt;init&gt;(Coffee.java:10)
	at uk.ac.sheffield.com1003.cafe.ingredients.Coffee.&lt;init&gt;(Coffee.java:10)
	at uk.ac.sheffield.com1003.cafe.ingredients.Coffee.&lt;init&gt;(Coffee.java:10)
	at uk.ac.sheffield.com1003.cafe.ingredients.Coffee.&lt;init&gt;(Coffee.java:10)
	at uk.ac.sheffield.com1003.cafe.ingredients.Coffee.&lt;init&gt;(Coffee.java:10)
	at uk.ac.sheffield.com1003.cafe.ingredients.Coffee.&lt;init&gt;(Coffee.java:10)
	at uk.ac.sheffield.com1003.cafe.ingredients.Coffee.&lt;init&gt;(Coffee.java:10)
	at uk.ac.sheffield.com1003.cafe.ingredients.Coffee.&lt;init&gt;(Coffee.java:10)
	at uk.ac.sheffield.com1003.cafe.ingredients.Coffee.&lt;init&gt;(Coffee.java:10)
	at uk.ac.sheffield.com1003.cafe.ingredients.Coffee.&lt;init&gt;(Coffee.java:10)
	at uk.ac.sheffield.com1003.cafe.ingredients.Coffee.&lt;init&gt;(Coffee.java:10)
	at uk.ac.sheffield.com1003.cafe.ingredients.Coffee.&lt;init&gt;(Coffee.java:10)
	at uk.ac.sheffield.com1003.cafe.ingredients.Coffee.&lt;init&gt;(Coffee.java:10)
	at uk.ac.sheffield.com1003.cafe.ingredients.Coffee.&lt;init&gt;(Coffee.java:10)
	at uk.ac.sheffield.com1003.cafe.ingredients.Coffee.&lt;init&gt;(Coffee.java:10)
	at uk.ac.sheffield.com1003.cafe.ingredients.Coffee.&lt;init&gt;(Coffee.java:10)
	at uk.ac.sheffield.com1003.cafe.ingredients.Coffee.&lt;init&gt;(Coffee.java:10)
	at uk.ac.sheffield.com1003.cafe.ingredients.Coffee.&lt;init&gt;(Coffee.java:10)
	at uk.ac.sheffield.com1003.cafe.ingredients.Coffee.&lt;init&gt;(Coffee.java:10)
	at uk.ac.sheffield.com1003.cafe.ingredients.Coffee.&lt;init&gt;(Coffee.java:10)
	at uk.ac.sheffield.com1003.cafe.ingredients.Coffee.&lt;init&gt;(Coffee.java:10)
	at uk.ac.sheffield.com1003.cafe.ingredients.Coffee.&lt;init&gt;(Coffee.java:10)
	at uk.ac.sheffield.com1003.cafe.ingredients.Coffee.&lt;init&gt;(Coffee.java:10)
	at uk.ac.sheffield.com1003.cafe.ingredients.Coffee.&lt;init&gt;(Coffee.java:10)
	at uk.ac.sheffield.com1003.cafe.ingredients.Coffee.&lt;init&gt;(Coffee.java:10)
	at uk.ac.sheffield.com1003.cafe.ingredients.Coffee.&lt;init&gt;(Coffee.java:10)
	at uk.ac.sheffield.com1003.cafe.ingredients.Coffee.&lt;init&gt;(Coffee.java:10)
	at uk.ac.sheffield.com1003.cafe.ingredients.Coffee.&lt;init&gt;(Coffee.java:10)
	at uk.ac.sheffield.com1003.cafe.ingredients.Coffee.&lt;init&gt;(Coffee.java:10)
	at uk.ac.sheffield.com1003.cafe.ingredients.Coffee.&lt;init&gt;(Coffee.java:10)
	at uk.ac.sheffield.com1003.cafe.ingredients.Coffee.&lt;init&gt;(Coffee.java:10)
	at uk.ac.sheffield.com1003.cafe.ingredients.Coffee.&lt;init&gt;(Coffee.java:10)
	at uk.ac.sheffield.com1003.cafe.ingredients.Coffee.&lt;init&gt;(Coffee.java:10)
	at uk.ac.sheffield.com1003.cafe.ingredients.Coffee.&lt;init&gt;(Coffee.java:10)
	at uk.ac.sheffield.com1003.cafe.ingredients.Coffee.&lt;init&gt;(Coffee.java:10)
	at uk.ac.sheffield.com1003.cafe.ingredients.Coffee.&lt;init&gt;(Coffee.java:10)
	at uk.ac.sheffield.com1003.cafe.ingredients.Coffee.&lt;init&gt;(Coffee.java:10)
	at uk.ac.sheffield.com1003.cafe.ingredients.Coffee.&lt;init&gt;(Coffee.java:10)
	at uk.ac.sheffield.com1003.cafe.ingredients.Coffee.&lt;init&gt;(Coffee.java:10)
	at uk.ac.sheffield.com1003.cafe.ingredients.Coffee.&lt;init&gt;(Coffee.java:10)
	at uk.ac.sheffield.com1003.cafe.ingredients.Coffee.&lt;init&gt;(Coffee.java:10)
	at uk.ac.sheffield.com1003.cafe.ingredients.Coffee.&lt;init&gt;(Coffee.java:10)
	at uk.ac.sheffield.com1003.cafe.ingredients.Coffee.&lt;init&gt;(Coffee.java:10)
	at uk.ac.sheffield.com1003.cafe.ingredients.Coffee.&lt;init&gt;(Coffee.java:10)
	at uk.ac.sheffield.com1003.cafe.ingredients.Coffee.&lt;init&gt;(Coffee.java:10)
	at uk.ac.sheffield.com1003.cafe.ingredients.Coffee.&lt;init&gt;(Coffee.java:10)
	at uk.ac.sheffield.com1003.cafe.ingredients.Coffee.&lt;init&gt;(Coffee.java:10)
	at uk.ac.sheffield.com1003.cafe.ingredients.Coffee.&lt;init&gt;(Coffee.java:10)
	at uk.ac.sheffield.com1003.cafe.ingredients.Coffee.&lt;init&gt;(Coffee.java:10)
	at uk.ac.sheffield.com1003.cafe.ingredients.Coffee.&lt;init&gt;(Coffee.java:10)
	at uk.ac.sheffield.com1003.cafe.ingredients.Coffee.&lt;init&gt;(Coffee.java:10)
	at uk.ac.sheffield.com1003.cafe.ingredients.Coffee.&lt;init&gt;(Coffee.java:10)
	at uk.ac.sheffield.com1003.cafe.ingredients.Coffee.&lt;init&gt;(Coffee.java:10)
	at uk.ac.sheffield.com1003.cafe.ingredients.Coffee.&lt;init&gt;(Coffee.java:10)
	at uk.ac.sheffield.com1003.cafe.ingredients.Coffee.&lt;init&gt;(Coffee.java:10)
	at uk.ac.sheffield.com1003.cafe.ingredients.Coffee.&lt;init&gt;(Coffee.java:10)
	at uk.ac.sheffield.com1003.cafe.ingredients.Coffee.&lt;init&gt;(Coffee.java:10)
	at uk.ac.sheffield.com1003.cafe.ingredients.Coffee.&lt;init&gt;(Coffee.java:10)
	at uk.ac.sheffield.com1003.cafe.ingredients.Coffee.&lt;init&gt;(Coffee.java:10)
	at uk.ac.sheffield.com1003.cafe.ingredients.Coffee.&lt;init&gt;(Coffee.java:10)
	at uk.ac.sheffield.com1003.cafe.ingredients.Coffee.&lt;init&gt;(Coffee.java:10)
	at uk.ac.sheffield.com1003.cafe.ingredients.Coffee.&lt;init&gt;(Coffee.java:10)
	at uk.ac.sheffield.com1003.cafe.ingredients.Coffee.&lt;init&gt;(Coffee.java:10)
	at uk.ac.sheffield.com1003.cafe.ingredients.Coffee.&lt;init&gt;(Coffee.java:10)
	at uk.ac.sheffield.com1003.cafe.ingredients.Coffee.&lt;init&gt;(Coffee.java:10)
	at uk.ac.sheffield.com1003.cafe.ingredients.Coffee.&lt;init&gt;(Coffee.java:10)
	at uk.ac.sheffield.com1003.cafe.ingredients.Coffee.&lt;init&gt;(Coffee.java:10)
	at uk.ac.sheffield.com1003.cafe.ingredients.Coffee.&lt;init&gt;(Coffee.java:10)
	at uk.ac.sheffield.com1003.cafe.ingredients.Coffee.&lt;init&gt;(Coffee.java:10)
	at uk.ac.sheffield.com1003.cafe.ingredients.Coffee.&lt;init&gt;(Coffee.java:10)
	at uk.ac.sheffield.com1003.cafe.ingredients.Coffee.&lt;init&gt;(Coffee.java:10)
	at uk.ac.sheffield.com1003.cafe.ingredients.Coffee.&lt;init&gt;(Coffee.java:10)
	at uk.ac.sheffield.com1003.cafe.ingredients.Coffee.&lt;init&gt;(Coffee.java:10)
	at uk.ac.sheffield.com1003.cafe.ingredients.Coffee.&lt;init&gt;(Coffee.java:10)
	at uk.ac.sheffield.com1003.cafe.ingredients.Coffee.&lt;init&gt;(Coffee.java:10)
	at uk.ac.sheffield.com1003.cafe.ingredients.Coffee.&lt;init&gt;(Coffee.java:10)
	at uk.ac.sheffield.com1003.cafe.ingredients.Coffee.&lt;init&gt;(Coffee.java:10)
	at uk.ac.sheffield.com1003.cafe.ingredients.Coffee.&lt;init&gt;(Coffee.java:10)
	at uk.ac.sheffield.com1003.cafe.ingredients.Coffee.&lt;init&gt;(Coffee.java:10)
	at uk.ac.sheffield.com1003.cafe.ingredients.Coffee.&lt;init&gt;(Coffee.java:10)
	at uk.ac.sheffield.com1003.cafe.ingredients.Coffee.&lt;init&gt;(Coffee.java:10)
	at uk.ac.sheffield.com1003.cafe.ingredients.Coffee.&lt;init&gt;(Coffee.java:10)
	at uk.ac.sheffield.com1003.cafe.ingredients.Coffee.&lt;init&gt;(Coffee.java:10)
	at uk.ac.sheffield.com1003.cafe.ingredients.Coffee.&lt;init&gt;(Coffee.java:10)
	at uk.ac.sheffield.com1003.cafe.ingredients.Coffee.&lt;init&gt;(Coffee.java:10)
	at uk.ac.sheffield.com1003.cafe.ingredients.Coffee.&lt;init&gt;(Coffee.java:10)
	at uk.ac.sheffield.com1003.cafe.ingredients.Coffee.&lt;init&gt;(Coffee.java:10)
	at uk.ac.sheffield.com1003.cafe.ingredients.Coffee.&lt;init&gt;(Coffee.java:10)
	at uk.ac.sheffield.com1003.cafe.ingredients.Coffee.&lt;init&gt;(Coffee.java:10)
	at uk.ac.sheffield.com1003.cafe.ingredients.Coffee.&lt;init&gt;(Coffee.java:10)
	at uk.ac.sheffield.com1003.cafe.ingredients.Coffee.&lt;init&gt;(Coffee.java:10)
	at uk.ac.sheffield.com1003.cafe.ingredients.Coffee.&lt;init&gt;(Coffee.java:10)
	at uk.ac.sheffield.com1003.cafe.ingredients.Coffee.&lt;init&gt;(Coffee.java:10)
	at uk.ac.sheffield.com1003.cafe.ingredients.Coffee.&lt;init&gt;(Coffee.java:10)
	at uk.ac.sheffield.com1003.cafe.ingredients.Coffee.&lt;init&gt;(Coffee.java:10)
	at uk.ac.sheffield.com1003.cafe.ingredients.Coffee.&lt;init&gt;(Coffee.java:10)
	at uk.ac.sheffield.com1003.cafe.ingredients.Coffee.&lt;init&gt;(Coffee.java:10)
	at uk.ac.sheffield.com1003.cafe.ingredients.Coffee.&lt;init&gt;(Coffee.java:10)
	at uk.ac.sheffield.com1003.cafe.ingredients.Coffee.&lt;init&gt;(Coffee.java:10)
	at uk.ac.sheffield.com1003.cafe.ingredients.Coffee.&lt;init&gt;(Coffee.java:10)
	at uk.ac.sheffield.com1003.cafe.ingredients.Coffee.&lt;init&gt;(Coffee.java:10)
	at uk.ac.sheffield.com1003.cafe.ingredients.Coffee.&lt;init&gt;(Coffee.java:10)
	at uk.ac.sheffield.com1003.cafe.ingredients.Coffee.&lt;init&gt;(Coffee.java:10)
	at uk.ac.sheffield.com1003.cafe.ingredients.Coffee.&lt;init&gt;(Coffee.java:10)
	at uk.ac.sheffield.com1003.cafe.ingredients.Coffee.&lt;init&gt;(Coffee.java:10)
	at uk.ac.sheffield.com1003.cafe.ingredients.Coffee.&lt;init&gt;(Coffee.java:10)
	at uk.ac.sheffield.com1003.cafe.ingredients.Coffee.&lt;init&gt;(Coffee.java:10)
	at uk.ac.sheffield.com1003.cafe.ingredients.Coffee.&lt;init&gt;(Coffee.java:10)
	at uk.ac.sheffield.com1003.cafe.ingredients.Coffee.&lt;init&gt;(Coffee.java:10)
	at uk.ac.sheffield.com1003.cafe.ingredients.Coffee.&lt;init&gt;(Coffee.java:10)
	at uk.ac.sheffield.com1003.cafe.ingredients.Coffee.&lt;init&gt;(Coffee.java:10)
	at uk.ac.sheffield.com1003.cafe.ingredients.Coffee.&lt;init&gt;(Coffee.java:10)
	at uk.ac.sheffield.com1003.cafe.ingredients.Coffee.&lt;init&gt;(Coffee.java:10)
	at uk.ac.sheffield.com1003.cafe.ingredients.Coffee.&lt;init&gt;(Coffee.java:10)
	at uk.ac.sheffield.com1003.cafe.ingredients.Coffee.&lt;init&gt;(Coffee.java:10)
	at uk.ac.sheffield.com1003.cafe.ingredients.Coffee.&lt;init&gt;(Coffee.java:10)
	at uk.ac.sheffield.com1003.cafe.ingredients.Coffee.&lt;init&gt;(Coffee.java:10)
	at uk.ac.sheffield.com1003.cafe.ingredients.Coffee.&lt;init&gt;(Coffee.java:10)
	at uk.ac.sheffield.com1003.cafe.ingredients.Coffee.&lt;init&gt;(Coffee.java:10)
	at uk.ac.sheffield.com1003.cafe.ingredients.Coffee.&lt;init&gt;(Coffee.java:10)
	at uk.ac.sheffield.com1003.cafe.ingredients.Coffee.&lt;init&gt;(Coffee.java:10)
	at uk.ac.sheffield.com1003.cafe.ingredients.Coffee.&lt;init&gt;(Coffee.java:10)
	at uk.ac.sheffield.com1003.cafe.ingredients.Coffee.&lt;init&gt;(Coffee.java:10)
	at uk.ac.sheffield.com1003.cafe.ingredients.Coffee.&lt;init&gt;(Coffee.java:10)
	at uk.ac.sheffield.com1003.cafe.ingredients.Coffee.&lt;init&gt;(Coffee.java:10)
	at uk.ac.sheffield.com1003.cafe.ingredients.Coffee.&lt;init&gt;(Coffee.java:10)
	at uk.ac.sheffield.com1003.cafe.ingredients.Coffee.&lt;init&gt;(Coffee.java:10)
	at uk.ac.sheffield.com1003.cafe.ingredients.Coffee.&lt;init&gt;(Coffee.java:10)
	at uk.ac.sheffield.com1003.cafe.ingredients.Coffee.&lt;init&gt;(Coffee.java:10)
	at uk.ac.sheffield.com1003.cafe.ingredients.Coffee.&lt;init&gt;(Coffee.java:10)
	at uk.ac.sheffield.com1003.cafe.ingredients.Coffee.&lt;init&gt;(Coffee.java:10)
	at uk.ac.sheffield.com1003.cafe.ingredients.Coffee.&lt;init&gt;(Coffee.java:10)
	at uk.ac.sheffield.com1003.cafe.ingredients.Coffee.&lt;init&gt;(Coffee.java:10)
	at uk.ac.sheffield.com1003.cafe.ingredients.Coffee.&lt;init&gt;(Coffee.java:10)
	at uk.ac.sheffield.com1003.cafe.ingredients.Coffee.&lt;init&gt;(Coffee.java:10)
	at uk.ac.sheffield.com1003.cafe.ingredients.Coffee.&lt;init&gt;(Coffee.java:10)
	at uk.ac.sheffield.com1003.cafe.ingredients.Coffee.&lt;init&gt;(Coffee.java:10)
	at uk.ac.sheffield.com1003.cafe.ingredients.Coffee.&lt;init&gt;(Coffee.java:10)
	at uk.ac.sheffield.com1003.cafe.ingredients.Coffee.&lt;init&gt;(Coffee.java:10)
	at uk.ac.sheffield.com1003.cafe.ingredients.Coffee.&lt;init&gt;(Coffee.java:10)
	at uk.ac.sheffield.com1003.cafe.ingredients.Coffee.&lt;init&gt;(Coffee.java:10)
	at uk.ac.sheffield.com1003.cafe.ingredients.Coffee.&lt;init&gt;(Coffee.java:10)
	at uk.ac.sheffield.com1003.cafe.ingredients.Coffee.&lt;init&gt;(Coffee.java:10)
	at uk.ac.sheffield.com1003.cafe.ingredients.Coffee.&lt;init&gt;(Coffee.java:10)
	at uk.ac.sheffield.com1003.cafe.ingredients.Coffee.&lt;init&gt;(Coffee.java:10)
	at uk.ac.sheffield.com1003.cafe.ingredients.Coffee.&lt;init&gt;(Coffee.java:10)
	at uk.ac.sheffield.com1003.cafe.ingredients.Coffee.&lt;init&gt;(Coffee.java:10)
	at uk.ac.sheffield.com1003.cafe.ingredients.Coffee.&lt;init&gt;(Coffee.java:10)
	at uk.ac.sheffield.com1003.cafe.ingredients.Coffee.&lt;init&gt;(Coffee.java:10)
	at uk.ac.sheffield.com1003.cafe.ingredients.Coffee.&lt;init&gt;(Coffee.java:10)
	at uk.ac.sheffield.com1003.cafe.ingredients.Coffee.&lt;init&gt;(Coffee.java:10)
	at uk.ac.sheffield.com1003.cafe.ingredients.Coffee.&lt;init&gt;(Coffee.java:10)
	at uk.ac.sheffield.com1003.cafe.ingredients.Coffee.&lt;init&gt;(Coffee.java:10)
	at uk.ac.sheffield.com1003.cafe.ingredients.Coffee.&lt;init&gt;(Coffee.java:10)
	at uk.ac.sheffield.com1003.cafe.ingredients.Coffee.&lt;init&gt;(Coffee.java:10)
	at uk.ac.sheffield.com1003.cafe.ingredients.Coffee.&lt;init&gt;(Coffee.java:10)
	at uk.ac.sheffield.com1003.cafe.ingredients.Coffee.&lt;init&gt;(Coffee.java:10)
	at uk.ac.sheffield.com1003.cafe.ingredients.Coffee.&lt;init&gt;(Coffee.java:10)
	at uk.ac.sheffield.com1003.cafe.ingredients.Coffee.&lt;init&gt;(Coffee.java:10)
	at uk.ac.sheffield.com1003.cafe.ingredients.Coffee.&lt;init&gt;(Coffee.java:10)
	at uk.ac.sheffield.com1003.cafe.ingredients.Coffee.&lt;init&gt;(Coffee.java:10)
	at uk.ac.sheffield.com1003.cafe.ingredients.Coffee.&lt;init&gt;(Coffee.java:10)
	at uk.ac.sheffield.com1003.cafe.ingredients.Coffee.&lt;init&gt;(Coffee.java:10)
	at uk.ac.sheffield.com1003.cafe.ingredients.Coffee.&lt;init&gt;(Coffee.java:10)
	at uk.ac.sheffield.com1003.cafe.ingredients.Coffee.&lt;init&gt;(Coffee.java:10)
	at uk.ac.sheffield.com1003.cafe.ingredients.Coffee.&lt;init&gt;(Coffee.java:10)
	at uk.ac.sheffield.com1003.cafe.ingredients.Coffee.&lt;init&gt;(Coffee.java:10)
	at uk.ac.sheffield.com1003.cafe.ingredients.Coffee.&lt;init&gt;(Coffee.java:10)
	at uk.ac.sheffield.com1003.cafe.ingredients.Coffee.&lt;init&gt;(Coffee.java:10)
	at uk.ac.sheffield.com1003.cafe.ingredients.Coffee.&lt;init&gt;(Coffee.java:10)
	at uk.ac.sheffield.com1003.cafe.ingredients.Coffee.&lt;init&gt;(Coffee.java:10)
	at uk.ac.sheffield.com1003.cafe.ingredients.Coffee.&lt;init&gt;(Coffee.java:10)
	at uk.ac.sheffield.com1003.cafe.ingredients.Coffee.&lt;init&gt;(Coffee.java:10)
	at uk.ac.sheffield.com1003.cafe.ingredients.Coffee.&lt;init&gt;(Coffee.java:10)
	at uk.ac.sheffield.com1003.cafe.ingredients.Coffee.&lt;init&gt;(Coffee.java:10)
	at uk.ac.sheffield.com1003.cafe.ingredients.Coffee.&lt;init&gt;(Coffee.java:10)
	at uk.ac.sheffield.com1003.cafe.ingredients.Coffee.&lt;init&gt;(Coffee.java:10)
	at uk.ac.sheffield.com1003.cafe.ingredients.Coffee.&lt;init&gt;(Coffee.java:10)
	at uk.ac.sheffield.com1003.cafe.ingredients.Coffee.&lt;init&gt;(Coffee.java:10)
	at uk.ac.sheffield.com1003.cafe.ingredients.Coffee.&lt;init&gt;(Coffee.java:10)
	at uk.ac.sheffield.com1003.cafe.ingredients.Coffee.&lt;init&gt;(Coffee.java:10)
	at uk.ac.sheffield.com1003.cafe.ingredients.Coffee.&lt;init&gt;(Coffee.java:10)
	at uk.ac.sheffield.com1003.cafe.ingredients.Coffee.&lt;init&gt;(Coffee.java:10)
	at uk.ac.sheffield.com1003.cafe.ingredients.Coffee.&lt;init&gt;(Coffee.java:10)
	at uk.ac.sheffield.com1003.cafe.ingredients.Coffee.&lt;init&gt;(Coffee.java:10)
	at uk.ac.sheffield.com1003.cafe.ingredients.Coffee.&lt;init&gt;(Coffee.java:10)
	at uk.ac.sheffield.com1003.cafe.ingredients.Coffee.&lt;init&gt;(Coffee.java:10)
	at uk.ac.sheffield.com1003.cafe.ingredients.Coffee.&lt;init&gt;(Coffee.java:10)
	at uk.ac.sheffield.com1003.cafe.ingredients.Coffee.&lt;init&gt;(Coffee.java:10)
	at uk.ac.sheffield.com1003.cafe.ingredients.Coffee.&lt;init&gt;(Coffee.java:10)
	at uk.ac.sheffield.com1003.cafe.ingredients.Coffee.&lt;init&gt;(Coffee.java:10)
	at uk.ac.sheffield.com1003.cafe.ingredients.Coffee.&lt;init&gt;(Coffee.java:10)
	at uk.ac.sheffield.com1003.cafe.ingredients.Coffee.&lt;init&gt;(Coffee.java:10)
	at uk.ac.sheffield.com1003.cafe.ingredients.Coffee.&lt;init&gt;(Coffee.java:10)
	at uk.ac.sheffield.com1003.cafe.ingredients.Coffee.&lt;init&gt;(Coffee.java:10)
	at uk.ac.sheffield.com1003.cafe.ingredients.Coffee.&lt;init&gt;(Coffee.java:10)
	at uk.ac.sheffield.com1003.cafe.ingredients.Coffee.&lt;init&gt;(Coffee.java:10)
	at uk.ac.sheffield.com1003.cafe.ingredients.Coffee.&lt;init&gt;(Coffee.java:10)
	at uk.ac.sheffield.com1003.cafe.ingredients.Coffee.&lt;init&gt;(Coffee.java:10)
	at uk.ac.sheffield.com1003.cafe.ingredients.Coffee.&lt;init&gt;(Coffee.java:10)
	at uk.ac.sheffield.com1003.cafe.ingredients.Coffee.&lt;init&gt;(Coffee.java:10)
	at uk.ac.sheffield.com1003.cafe.ingredients.Coffee.&lt;init&gt;(Coffee.java:10)
	at uk.ac.sheffield.com1003.cafe.ingredients.Coffee.&lt;init&gt;(Coffee.java:10)
	at uk.ac.sheffield.com1003.cafe.ingredients.Coffee.&lt;init&gt;(Coffee.java:10)
	at uk.ac.sheffield.com1003.cafe.ingredients.Coffee.&lt;init&gt;(Coffee.java:10)
	at uk.ac.sheffield.com1003.cafe.ingredients.Coffee.&lt;init&gt;(Coffee.java:10)
	at uk.ac.sheffield.com1003.cafe.ingredients.Coffee.&lt;init&gt;(Coffee.java:10)
	at uk.ac.sheffield.com1003.cafe.ingredients.Coffee.&lt;init&gt;(Coffee.java:10)
	at uk.ac.sheffield.com1003.cafe.ingredients.Coffee.&lt;init&gt;(Coffee.java:10)
	at uk.ac.sheffield.com1003.cafe.ingredients.Coffee.&lt;init&gt;(Coffee.java:10)
	at uk.ac.sheffield.com1003.cafe.ingredients.Coffee.&lt;init&gt;(Coffee.java:10)
	at uk.ac.sheffield.com1003.cafe.ingredients.Coffee.&lt;init&gt;(Coffee.java:10)
	at uk.ac.sheffield.com1003.cafe.ingredients.Coffee.&lt;init&gt;(Coffee.java:10)
	at uk.ac.sheffield.com1003.cafe.ingredients.Coffee.&lt;init&gt;(Coffee.java:10)
	at uk.ac.sheffield.com1003.cafe.ingredients.Coffee.&lt;init&gt;(Coffee.java:10)
	at uk.ac.sheffield.com1003.cafe.ingredients.Coffee.&lt;init&gt;(Coffee.java:10)
	at uk.ac.sheffield.com1003.cafe.ingredients.Coffee.&lt;init&gt;(Coffee.java:10)
	at uk.ac.sheffield.com1003.cafe.ingredients.Coffee.&lt;init&gt;(Coffee.java:10)
	at uk.ac.sheffield.com1003.cafe.ingredients.Coffee.&lt;init&gt;(Coffee.java:10)
	at uk.ac.sheffield.com1003.cafe.ingredients.Coffee.&lt;init&gt;(Coffee.java:10)
	at uk.ac.sheffield.com1003.cafe.ingredients.Coffee.&lt;init&gt;(Coffee.java:10)
	at uk.ac.sheffield.com1003.cafe.ingredients.Coffee.&lt;init&gt;(Coffee.java:10)
	at uk.ac.sheffield.com1003.cafe.ingredients.Coffee.&lt;init&gt;(Coffee.java:10)
	at uk.ac.sheffield.com1003.cafe.ingredients.Coffee.&lt;init&gt;(Coffee.java:10)
	at uk.ac.sheffield.com1003.cafe.ingredients.Coffee.&lt;init&gt;(Coffee.java:10)
	at uk.ac.sheffield.com1003.cafe.ingredients.Coffee.&lt;init&gt;(Coffee.java:10)
	at uk.ac.sheffield.com1003.cafe.ingredients.Coffee.&lt;init&gt;(Coffee.java:10)
	at uk.ac.sheffield.com1003.cafe.ingredients.Coffee.&lt;init&gt;(Coffee.java:10)
	at uk.ac.sheffield.com1003.cafe.ingredients.Coffee.&lt;init&gt;(Coffee.java:10)
	at uk.ac.sheffield.com1003.cafe.ingredients.Coffee.&lt;init&gt;(Coffee.java:10)
	at uk.ac.sheffield.com1003.cafe.ingredients.Coffee.&lt;init&gt;(Coffee.java:10)
	at uk.ac.sheffield.com1003.cafe.ingredients.Coffee.&lt;init&gt;(Coffee.java:10)
	at uk.ac.sheffield.com1003.cafe.ingredients.Coffee.&lt;init&gt;(Coffee.java:10)
	at uk.ac.sheffield.com1003.cafe.ingredients.Coffee.&lt;init&gt;(Coffee.java:10)
	at uk.ac.sheffield.com1003.cafe.ingredients.Coffee.&lt;init&gt;(Coffee.java:10)
	at uk.ac.sheffield.com1003.cafe.ingredients.Coffee.&lt;init&gt;(Coffee.java:10)
	at uk.ac.sheffield.com1003.cafe.ingredients.Coffee.&lt;init&gt;(Coffee.java:10)
	at uk.ac.sheffield.com1003.cafe.ingredients.Coffee.&lt;init&gt;(Coffee.java:10)
	at uk.ac.sheffield.com1003.cafe.ingredients.Coffee.&lt;init&gt;(Coffee.java:10)
	at uk.ac.sheffield.com1003.cafe.ingredients.Coffee.&lt;init&gt;(Coffee.java:10)
	at uk.ac.sheffield.com1003.cafe.ingredients.Coffee.&lt;init&gt;(Coffee.java:10)
	at uk.ac.sheffield.com1003.cafe.ingredients.Coffee.&lt;init&gt;(Coffee.java:10)
	at uk.ac.sheffield.com1003.cafe.ingredients.Coffee.&lt;init&gt;(Coffee.java:10)
	at uk.ac.sheffield.com1003.cafe.ingredients.Coffee.&lt;init&gt;(Coffee.java:10)
	at uk.ac.sheffield.com1003.cafe.ingredients.Coffee.&lt;init&gt;(Coffee.java:10)
	at uk.ac.sheffield.com1003.cafe.ingredients.Coffee.&lt;init&gt;(Coffee.java:10)
	at uk.ac.sheffield.com1003.cafe.ingredients.Coffee.&lt;init&gt;(Coffee.java:10)
	at uk.ac.sheffield.com1003.cafe.ingredients.Coffee.&lt;init&gt;(Coffee.java:10)
	at uk.ac.sheffield.com1003.cafe.ingredients.Coffee.&lt;init&gt;(Coffee.java:10)
	at uk.ac.sheffield.com1003.cafe.ingredients.Coffee.&lt;init&gt;(Coffee.java:10)
	at uk.ac.sheffield.com1003.cafe.ingredients.Coffee.&lt;init&gt;(Coffee.java:10)
	at uk.ac.sheffield.com1003.cafe.ingredients.Coffee.&lt;init&gt;(Coffee.java:10)
	at uk.ac.sheffield.com1003.cafe.ingredients.Coffee.&lt;init&gt;(Coffee.java:10)
	at uk.ac.sheffield.com1003.cafe.ingredients.Coffee.&lt;init&gt;(Coffee.java:10)
	at uk.ac.sheffield.com1003.cafe.ingredients.Coffee.&lt;init&gt;(Coffee.java:10)
	at uk.ac.sheffield.com1003.cafe.ingredients.Coffee.&lt;init&gt;(Coffee.java:10)
	at uk.ac.sheffield.com1003.cafe.ingredients.Coffee.&lt;init&gt;(Coffee.java:10)
	at uk.ac.sheffield.com1003.cafe.ingredients.Coffee.&lt;init&gt;(Coffee.java:10)
	at uk.ac.sheffield.com1003.cafe.ingredients.Coffee.&lt;init&gt;(Coffee.java:10)
	at uk.ac.sheffield.com1003.cafe.ingredients.Coffee.&lt;init&gt;(Coffee.java:10)
	at uk.ac.sheffield.com1003.cafe.ingredients.Coffee.&lt;init&gt;(Coffee.java:10)
	at uk.ac.sheffield.com1003.cafe.ingredients.Coffee.&lt;init&gt;(Coffee.java:10)
	at uk.ac.sheffield.com1003.cafe.ingredients.Coffee.&lt;init&gt;(Coffee.java:10)
	at uk.ac.sheffield.com1003.cafe.ingredients.Coffee.&lt;init&gt;(Coffee.java:10)
	at uk.ac.sheffield.com1003.cafe.ingredients.Coffee.&lt;init&gt;(Coffee.java:10)
	at uk.ac.sheffield.com1003.cafe.ingredients.Coffee.&lt;init&gt;(Coffee.java:10)
	at uk.ac.sheffield.com1003.cafe.ingredients.Coffee.&lt;init&gt;(Coffee.java:10)
	at uk.ac.sheffield.com1003.cafe.ingredients.Coffee.&lt;init&gt;(Coffee.java:10)
	at uk.ac.sheffield.com1003.cafe.ingredients.Coffee.&lt;init&gt;(Coffee.java:10)
	at uk.ac.sheffield.com1003.cafe.ingredients.Coffee.&lt;init&gt;(Coffee.java:10)
	at uk.ac.sheffield.com1003.cafe.ingredients.Coffee.&lt;init&gt;(Coffee.java:10)
	at uk.ac.sheffield.com1003.cafe.ingredients.Coffee.&lt;init&gt;(Coffee.java:10)
	at uk.ac.sheffield.com1003.cafe.ingredients.Coffee.&lt;init&gt;(Coffee.java:10)
	at uk.ac.sheffield.com1003.cafe.ingredients.Coffee.&lt;init&gt;(Coffee.java:10)
	at uk.ac.sheffield.com1003.cafe.ingredients.Coffee.&lt;init&gt;(Coffee.java:10)
	at uk.ac.sheffield.com1003.cafe.ingredients.Coffee.&lt;init&gt;(Coffee.java:10)
	at uk.ac.sheffield.com1003.cafe.ingredients.Coffee.&lt;init&gt;(Coffee.java:10)
	at uk.ac.sheffield.com1003.cafe.ingredients.Coffee.&lt;init&gt;(Coffee.java:10)
	at uk.ac.sheffield.com1003.cafe.ingredients.Coffee.&lt;init&gt;(Coffee.java:10)
	at uk.ac.sheffield.com1003.cafe.ingredients.Coffee.&lt;init&gt;(Coffee.java:10)
	at uk.ac.sheffield.com1003.cafe.ingredients.Coffee.&lt;init&gt;(Coffee.java:10)
	at uk.ac.sheffield.com1003.cafe.ingredients.Coffee.&lt;init&gt;(Coffee.java:10)
	at uk.ac.sheffield.com1003.cafe.ingredients.Coffee.&lt;init&gt;(Coffee.java:10)
	at uk.ac.sheffield.com1003.cafe.ingredients.Coffee.&lt;init&gt;(Coffee.java:10)
	at uk.ac.sheffield.com1003.cafe.ingredients.Coffee.&lt;init&gt;(Coffee.java:10)
	at uk.ac.sheffield.com1003.cafe.ingredients.Coffee.&lt;init&gt;(Coffee.java:10)
	at uk.ac.sheffield.com1003.cafe.ingredients.Coffee.&lt;init&gt;(Coffee.java:10)
	at uk.ac.sheffield.com1003.cafe.ingredients.Coffee.&lt;init&gt;(Coffee.java:10)
	at uk.ac.sheffield.com1003.cafe.ingredients.Coffee.&lt;init&gt;(Coffee.java:10)
	at uk.ac.sheffield.com1003.cafe.ingredients.Coffee.&lt;init&gt;(Coffee.java:10)
	at uk.ac.sheffield.com1003.cafe.ingredients.Coffee.&lt;init&gt;(Coffee.java:10)
	at uk.ac.sheffield.com1003.cafe.ingredients.Coffee.&lt;init&gt;(Coffee.java:10)
	at uk.ac.sheffield.com1003.cafe.ingredients.Coffee.&lt;init&gt;(Coffee.java:10)
	at uk.ac.sheffield.com1003.cafe.ingredients.Coffee.&lt;init&gt;(Coffee.java:10)
	at uk.ac.sheffield.com1003.cafe.ingredients.Coffee.&lt;init&gt;(Coffee.java:10)
	at uk.ac.sheffield.com1003.cafe.ingredients.Coffee.&lt;init&gt;(Coffee.java:10)
	at uk.ac.sheffield.com1003.cafe.ingredients.Coffee.&lt;init&gt;(Coffee.java:10)
	at uk.ac.sheffield.com1003.cafe.ingredients.Coffee.&lt;init&gt;(Coffee.java:10)
	at uk.ac.sheffield.com1003.cafe.ingredients.Coffee.&lt;init&gt;(Coffee.java:10)
	at uk.ac.sheffield.com1003.cafe.ingredients.Coffee.&lt;init&gt;(Coffee.java:10)
	at uk.ac.sheffield.com1003.cafe.ingredients.Coffee.&lt;init&gt;(Coffee.java:10)
	at uk.ac.sheffield.com1003.cafe.ingredients.Coffee.&lt;init&gt;(Coffee.java:10)
	at uk.ac.sheffield.com1003.cafe.ingredients.Coffee.&lt;init&gt;(Coffee.java:10)
	at uk.ac.sheffield.com1003.cafe.ingredients.Coffee.&lt;init&gt;(Coffee.java:10)
	at uk.ac.sheffield.com1003.cafe.ingredients.Coffee.&lt;init&gt;(Coffee.java:10)
	at uk.ac.sheffield.com1003.cafe.ingredients.Coffee.&lt;init&gt;(Coffee.java:10)
	at uk.ac.sheffield.com1003.cafe.ingredients.Coffee.&lt;init&gt;(Coffee.java:10)
	at uk.ac.sheffield.com1003.cafe.ingredients.Coffee.&lt;init&gt;(Coffee.java:10)
	at uk.ac.sheffield.com1003.cafe.ingredients.Coffee.&lt;init&gt;(Coffee.java:10)
	at uk.ac.sheffield.com1003.cafe.ingredients.Coffee.&lt;init&gt;(Coffee.java:10)
	at uk.ac.sheffield.com1003.cafe.ingredients.Coffee.&lt;init&gt;(Coffee.java:10)
	at uk.ac.sheffield.com1003.cafe.ingredients.Coffee.&lt;init&gt;(Coffee.java:10)
	at uk.ac.sheffield.com1003.cafe.ingredients.Coffee.&lt;init&gt;(Coffee.java:10)
	at uk.ac.sheffield.com1003.cafe.ingredients.Coffee.&lt;init&gt;(Coffee.java:10)
	at uk.ac.sheffield.com1003.cafe.ingredients.Coffee.&lt;init&gt;(Coffee.java:10)
	at uk.ac.sheffield.com1003.cafe.ingredients.Coffee.&lt;init&gt;(Coffee.java:10)
	at uk.ac.sheffield.com1003.cafe.ingredients.Coffee.&lt;init&gt;(Coffee.java:10)
	at uk.ac.sheffield.com1003.cafe.ingredients.Coffee.&lt;init&gt;(Coffee.java:10)
	at uk.ac.sheffield.com1003.cafe.ingredients.Coffee.&lt;init&gt;(Coffee.java:10)
	at uk.ac.sheffield.com1003.cafe.ingredients.Coffee.&lt;init&gt;(Coffee.java:10)
	at uk.ac.sheffield.com1003.cafe.ingredients.Coffee.&lt;init&gt;(Coffee.java:10)
	at uk.ac.sheffield.com1003.cafe.ingredients.Coffee.&lt;init&gt;(Coffee.java:10)
	at uk.ac.sheffield.com1003.cafe.ingredients.Coffee.&lt;init&gt;(Coffee.java:10)
	at uk.ac.sheffield.com1003.cafe.ingredients.Coffee.&lt;init&gt;(Coffee.java:10)
	at uk.ac.sheffield.com1003.cafe.ingredients.Coffee.&lt;init&gt;(Coffee.java:10)
	at uk.ac.sheffield.com1003.cafe.ingredients.Coffee.&lt;init&gt;(Coffee.java:10)
	at uk.ac.sheffield.com1003.cafe.ingredients.Coffee.&lt;init&gt;(Coffee.java:10)
	at uk.ac.sheffield.com1003.cafe.ingredients.Coffee.&lt;init&gt;(Coffee.java:10)
	at uk.ac.sheffield.com1003.cafe.ingredients.Coffee.&lt;init&gt;(Coffee.java:10)
	at uk.ac.sheffield.com1003.cafe.ingredients.Coffee.&lt;init&gt;(Coffee.java:10)
	at uk.ac.sheffield.com1003.cafe.ingredients.Coffee.&lt;init&gt;(Coffee.java:10)
	at uk.ac.sheffield.com1003.cafe.ingredients.Coffee.&lt;init&gt;(Coffee.java:10)
	at uk.ac.sheffield.com1003.cafe.ingredients.Coffee.&lt;init&gt;(Coffee.java:10)
	at uk.ac.sheffield.com1003.cafe.ingredients.Coffee.&lt;init&gt;(Coffee.java:10)
	at uk.ac.sheffield.com1003.cafe.ingredients.Coffee.&lt;init&gt;(Coffee.java:10)
	at uk.ac.sheffield.com1003.cafe.ingredients.Coffee.&lt;init&gt;(Coffee.java:10)
	at uk.ac.sheffield.com1003.cafe.ingredients.Coffee.&lt;init&gt;(Coffee.java:10)
	at uk.ac.sheffield.com1003.cafe.ingredients.Coffee.&lt;init&gt;(Coffee.java:10)
	at uk.ac.sheffield.com1003.cafe.ingredients.Coffee.&lt;init&gt;(Coffee.java:10)
	at uk.ac.sheffield.com1003.cafe.ingredients.Coffee.&lt;init&gt;(Coffee.java:10)
	at uk.ac.sheffield.com1003.cafe.ingredients.Coffee.&lt;init&gt;(Coffee.java:10)
	at uk.ac.sheffield.com1003.cafe.ingredients.Coffee.&lt;init&gt;(Coffee.java:10)
</failure>
  </testcase>
  <testcase name="testRecipeMultipleIngredients" classname="uk.ac.sheffield.com1003.cafe.TestCafeTask5" time="0.004">
    <failure message="java.lang.StackOverflowError" type="java.lang.StackOverflowError">java.lang.StackOverflowError
	at uk.ac.sheffield.com1003.cafe.ingredients.Coffee.&lt;init&gt;(Coffee.java:10)
	at uk.ac.sheffield.com1003.cafe.ingredients.Coffee.&lt;init&gt;(Coffee.java:10)
	at uk.ac.sheffield.com1003.cafe.ingredients.Coffee.&lt;init&gt;(Coffee.java:10)
	at uk.ac.sheffield.com1003.cafe.ingredients.Coffee.&lt;init&gt;(Coffee.java:10)
	at uk.ac.sheffield.com1003.cafe.ingredients.Coffee.&lt;init&gt;(Coffee.java:10)
	at uk.ac.sheffield.com1003.cafe.ingredients.Coffee.&lt;init&gt;(Coffee.java:10)
	at uk.ac.sheffield.com1003.cafe.ingredients.Coffee.&lt;init&gt;(Coffee.java:10)
	at uk.ac.sheffield.com1003.cafe.ingredients.Coffee.&lt;init&gt;(Coffee.java:10)
	at uk.ac.sheffield.com1003.cafe.ingredients.Coffee.&lt;init&gt;(Coffee.java:10)
	at uk.ac.sheffield.com1003.cafe.ingredients.Coffee.&lt;init&gt;(Coffee.java:10)
	at uk.ac.sheffield.com1003.cafe.ingredients.Coffee.&lt;init&gt;(Coffee.java:10)
	at uk.ac.sheffield.com1003.cafe.ingredients.Coffee.&lt;init&gt;(Coffee.java:10)
	at uk.ac.sheffield.com1003.cafe.ingredients.Coffee.&lt;init&gt;(Coffee.java:10)
	at uk.ac.sheffield.com1003.cafe.ingredients.Coffee.&lt;init&gt;(Coffee.java:10)
	at uk.ac.sheffield.com1003.cafe.ingredients.Coffee.&lt;init&gt;(Coffee.java:10)
	at uk.ac.sheffield.com1003.cafe.ingredients.Coffee.&lt;init&gt;(Coffee.java:10)
	at uk.ac.sheffield.com1003.cafe.ingredients.Coffee.&lt;init&gt;(Coffee.java:10)
	at uk.ac.sheffield.com1003.cafe.ingredients.Coffee.&lt;init&gt;(Coffee.java:10)
	at uk.ac.sheffield.com1003.cafe.ingredients.Coffee.&lt;init&gt;(Coffee.java:10)
	at uk.ac.sheffield.com1003.cafe.ingredients.Coffee.&lt;init&gt;(Coffee.java:10)
	at uk.ac.sheffield.com1003.cafe.ingredients.Coffee.&lt;init&gt;(Coffee.java:10)
	at uk.ac.sheffield.com1003.cafe.ingredients.Coffee.&lt;init&gt;(Coffee.java:10)
	at uk.ac.sheffield.com1003.cafe.ingredients.Coffee.&lt;init&gt;(Coffee.java:10)
	at uk.ac.sheffield.com1003.cafe.ingredients.Coffee.&lt;init&gt;(Coffee.java:10)
	at uk.ac.sheffield.com1003.cafe.ingredients.Coffee.&lt;init&gt;(Coffee.java:10)
	at uk.ac.sheffield.com1003.cafe.ingredients.Coffee.&lt;init&gt;(Coffee.java:10)
	at uk.ac.sheffield.com1003.cafe.ingredients.Coffee.&lt;init&gt;(Coffee.java:10)
	at uk.ac.sheffield.com1003.cafe.ingredients.Coffee.&lt;init&gt;(Coffee.java:10)
	at uk.ac.sheffield.com1003.cafe.ingredients.Coffee.&lt;init&gt;(Coffee.java:10)
	at uk.ac.sheffield.com1003.cafe.ingredients.Coffee.&lt;init&gt;(Coffee.java:10)
	at uk.ac.sheffield.com1003.cafe.ingredients.Coffee.&lt;init&gt;(Coffee.java:10)
	at uk.ac.sheffield.com1003.cafe.ingredients.Coffee.&lt;init&gt;(Coffee.java:10)
	at uk.ac.sheffield.com1003.cafe.ingredients.Coffee.&lt;init&gt;(Coffee.java:10)
	at uk.ac.sheffield.com1003.cafe.ingredients.Coffee.&lt;init&gt;(Coffee.java:10)
	at uk.ac.sheffield.com1003.cafe.ingredients.Coffee.&lt;init&gt;(Coffee.java:10)
	at uk.ac.sheffield.com1003.cafe.ingredients.Coffee.&lt;init&gt;(Coffee.java:10)
	at uk.ac.sheffield.com1003.cafe.ingredients.Coffee.&lt;init&gt;(Coffee.java:10)
	at uk.ac.sheffield.com1003.cafe.ingredients.Coffee.&lt;init&gt;(Coffee.java:10)
	at uk.ac.sheffield.com1003.cafe.ingredients.Coffee.&lt;init&gt;(Coffee.java:10)
	at uk.ac.sheffield.com1003.cafe.ingredients.Coffee.&lt;init&gt;(Coffee.java:10)
	at uk.ac.sheffield.com1003.cafe.ingredients.Coffee.&lt;init&gt;(Coffee.java:10)
	at uk.ac.sheffield.com1003.cafe.ingredients.Coffee.&lt;init&gt;(Coffee.java:10)
	at uk.ac.sheffield.com1003.cafe.ingredients.Coffee.&lt;init&gt;(Coffee.java:10)
	at uk.ac.sheffield.com1003.cafe.ingredients.Coffee.&lt;init&gt;(Coffee.java:10)
	at uk.ac.sheffield.com1003.cafe.ingredients.Coffee.&lt;init&gt;(Coffee.java:10)
	at uk.ac.sheffield.com1003.cafe.ingredients.Coffee.&lt;init&gt;(Coffee.java:10)
	at uk.ac.sheffield.com1003.cafe.ingredients.Coffee.&lt;init&gt;(Coffee.java:10)
	at uk.ac.sheffield.com1003.cafe.ingredients.Coffee.&lt;init&gt;(Coffee.java:10)
	at uk.ac.sheffield.com1003.cafe.ingredients.Coffee.&lt;init&gt;(Coffee.java:10)
	at uk.ac.sheffield.com1003.cafe.ingredients.Coffee.&lt;init&gt;(Coffee.java:10)
	at uk.ac.sheffield.com1003.cafe.ingredients.Coffee.&lt;init&gt;(Coffee.java:10)
	at uk.ac.sheffield.com1003.cafe.ingredients.Coffee.&lt;init&gt;(Coffee.java:10)
	at uk.ac.sheffield.com1003.cafe.ingredients.Coffee.&lt;init&gt;(Coffee.java:10)
	at uk.ac.sheffield.com1003.cafe.ingredients.Coffee.&lt;init&gt;(Coffee.java:10)
	at uk.ac.sheffield.com1003.cafe.ingredients.Coffee.&lt;init&gt;(Coffee.java:10)
	at uk.ac.sheffield.com1003.cafe.ingredients.Coffee.&lt;init&gt;(Coffee.java:10)
	at uk.ac.sheffield.com1003.cafe.ingredients.Coffee.&lt;init&gt;(Coffee.java:10)
	at uk.ac.sheffield.com1003.cafe.ingredients.Coffee.&lt;init&gt;(Coffee.java:10)
	at uk.ac.sheffield.com1003.cafe.ingredients.Coffee.&lt;init&gt;(Coffee.java:10)
	at uk.ac.sheffield.com1003.cafe.ingredients.Coffee.&lt;init&gt;(Coffee.java:10)
	at uk.ac.sheffield.com1003.cafe.ingredients.Coffee.&lt;init&gt;(Coffee.java:10)
	at uk.ac.sheffield.com1003.cafe.ingredients.Coffee.&lt;init&gt;(Coffee.java:10)
	at uk.ac.sheffield.com1003.cafe.ingredients.Coffee.&lt;init&gt;(Coffee.java:10)
	at uk.ac.sheffield.com1003.cafe.ingredients.Coffee.&lt;init&gt;(Coffee.java:10)
	at uk.ac.sheffield.com1003.cafe.ingredients.Coffee.&lt;init&gt;(Coffee.java:10)
	at uk.ac.sheffield.com1003.cafe.ingredients.Coffee.&lt;init&gt;(Coffee.java:10)
	at uk.ac.sheffield.com1003.cafe.ingredients.Coffee.&lt;init&gt;(Coffee.java:10)
	at uk.ac.sheffield.com1003.cafe.ingredients.Coffee.&lt;init&gt;(Coffee.java:10)
	at uk.ac.sheffield.com1003.cafe.ingredients.Coffee.&lt;init&gt;(Coffee.java:10)
	at uk.ac.sheffield.com1003.cafe.ingredients.Coffee.&lt;init&gt;(Coffee.java:10)
	at uk.ac.sheffield.com1003.cafe.ingredients.Coffee.&lt;init&gt;(Coffee.java:10)
	at uk.ac.sheffield.com1003.cafe.ingredients.Coffee.&lt;init&gt;(Coffee.java:10)
	at uk.ac.sheffield.com1003.cafe.ingredients.Coffee.&lt;init&gt;(Coffee.java:10)
	at uk.ac.sheffield.com1003.cafe.ingredients.Coffee.&lt;init&gt;(Coffee.java:10)
	at uk.ac.sheffield.com1003.cafe.ingredients.Coffee.&lt;init&gt;(Coffee.java:10)
	at uk.ac.sheffield.com1003.cafe.ingredients.Coffee.&lt;init&gt;(Coffee.java:10)
	at uk.ac.sheffield.com1003.cafe.ingredients.Coffee.&lt;init&gt;(Coffee.java:10)
	at uk.ac.sheffield.com1003.cafe.ingredients.Coffee.&lt;init&gt;(Coffee.java:10)
	at uk.ac.sheffield.com1003.cafe.ingredients.Coffee.&lt;init&gt;(Coffee.java:10)
	at uk.ac.sheffield.com1003.cafe.ingredients.Coffee.&lt;init&gt;(Coffee.java:10)
	at uk.ac.sheffield.com1003.cafe.ingredients.Coffee.&lt;init&gt;(Coffee.java:10)
	at uk.ac.sheffield.com1003.cafe.ingredients.Coffee.&lt;init&gt;(Coffee.java:10)
	at uk.ac.sheffield.com1003.cafe.ingredients.Coffee.&lt;init&gt;(Coffee.java:10)
	at uk.ac.sheffield.com1003.cafe.ingredients.Coffee.&lt;init&gt;(Coffee.java:10)
	at uk.ac.sheffield.com1003.cafe.ingredients.Coffee.&lt;init&gt;(Coffee.java:10)
	at uk.ac.sheffield.com1003.cafe.ingredients.Coffee.&lt;init&gt;(Coffee.java:10)
	at uk.ac.sheffield.com1003.cafe.ingredients.Coffee.&lt;init&gt;(Coffee.java:10)
	at uk.ac.sheffield.com1003.cafe.ingredients.Coffee.&lt;init&gt;(Coffee.java:10)
	at uk.ac.sheffield.com1003.cafe.ingredients.Coffee.&lt;init&gt;(Coffee.java:10)
	at uk.ac.sheffield.com1003.cafe.ingredients.Coffee.&lt;init&gt;(Coffee.java:10)
	at uk.ac.sheffield.com1003.cafe.ingredients.Coffee.&lt;init&gt;(Coffee.java:10)
	at uk.ac.sheffield.com1003.cafe.ingredients.Coffee.&lt;init&gt;(Coffee.java:10)
	at uk.ac.sheffield.com1003.cafe.ingredients.Coffee.&lt;init&gt;(Coffee.java:10)
	at uk.ac.sheffield.com1003.cafe.ingredients.Coffee.&lt;init&gt;(Coffee.java:10)
	at uk.ac.sheffield.com1003.cafe.ingredients.Coffee.&lt;init&gt;(Coffee.java:10)
	at uk.ac.sheffield.com1003.cafe.ingredients.Coffee.&lt;init&gt;(Coffee.java:10)
	at uk.ac.sheffield.com1003.cafe.ingredients.Coffee.&lt;init&gt;(Coffee.java:10)
	at uk.ac.sheffield.com1003.cafe.ingredients.Coffee.&lt;init&gt;(Coffee.java:10)
	at uk.ac.sheffield.com1003.cafe.ingredients.Coffee.&lt;init&gt;(Coffee.java:10)
	at uk.ac.sheffield.com1003.cafe.ingredients.Coffee.&lt;init&gt;(Coffee.java:10)
	at uk.ac.sheffield.com1003.cafe.ingredients.Coffee.&lt;init&gt;(Coffee.java:10)
	at uk.ac.sheffield.com1003.cafe.ingredients.Coffee.&lt;init&gt;(Coffee.java:10)
	at uk.ac.sheffield.com1003.cafe.ingredients.Coffee.&lt;init&gt;(Coffee.java:10)
	at uk.ac.sheffield.com1003.cafe.ingredients.Coffee.&lt;init&gt;(Coffee.java:10)
	at uk.ac.sheffield.com1003.cafe.ingredients.Coffee.&lt;init&gt;(Coffee.java:10)
	at uk.ac.sheffield.com1003.cafe.ingredients.Coffee.&lt;init&gt;(Coffee.java:10)
	at uk.ac.sheffield.com1003.cafe.ingredients.Coffee.&lt;init&gt;(Coffee.java:10)
	at uk.ac.sheffield.com1003.cafe.ingredients.Coffee.&lt;init&gt;(Coffee.java:10)
	at uk.ac.sheffield.com1003.cafe.ingredients.Coffee.&lt;init&gt;(Coffee.java:10)
	at uk.ac.sheffield.com1003.cafe.ingredients.Coffee.&lt;init&gt;(Coffee.java:10)
	at uk.ac.sheffield.com1003.cafe.ingredients.Coffee.&lt;init&gt;(Coffee.java:10)
	at uk.ac.sheffield.com1003.cafe.ingredients.Coffee.&lt;init&gt;(Coffee.java:10)
	at uk.ac.sheffield.com1003.cafe.ingredients.Coffee.&lt;init&gt;(Coffee.java:10)
	at uk.ac.sheffield.com1003.cafe.ingredients.Coffee.&lt;init&gt;(Coffee.java:10)
	at uk.ac.sheffield.com1003.cafe.ingredients.Coffee.&lt;init&gt;(Coffee.java:10)
	at uk.ac.sheffield.com1003.cafe.ingredients.Coffee.&lt;init&gt;(Coffee.java:10)
	at uk.ac.sheffield.com1003.cafe.ingredients.Coffee.&lt;init&gt;(Coffee.java:10)
	at uk.ac.sheffield.com1003.cafe.ingredients.Coffee.&lt;init&gt;(Coffee.java:10)
	at uk.ac.sheffield.com1003.cafe.ingredients.Coffee.&lt;init&gt;(Coffee.java:10)
	at uk.ac.sheffield.com1003.cafe.ingredients.Coffee.&lt;init&gt;(Coffee.java:10)
	at uk.ac.sheffield.com1003.cafe.ingredients.Coffee.&lt;init&gt;(Coffee.java:10)
	at uk.ac.sheffield.com1003.cafe.ingredients.Coffee.&lt;init&gt;(Coffee.java:10)
	at uk.ac.sheffield.com1003.cafe.ingredients.Coffee.&lt;init&gt;(Coffee.java:10)
	at uk.ac.sheffield.com1003.cafe.ingredients.Coffee.&lt;init&gt;(Coffee.java:10)
	at uk.ac.sheffield.com1003.cafe.ingredients.Coffee.&lt;init&gt;(Coffee.java:10)
	at uk.ac.sheffield.com1003.cafe.ingredients.Coffee.&lt;init&gt;(Coffee.java:10)
	at uk.ac.sheffield.com1003.cafe.ingredients.Coffee.&lt;init&gt;(Coffee.java:10)
	at uk.ac.sheffield.com1003.cafe.ingredients.Coffee.&lt;init&gt;(Coffee.java:10)
	at uk.ac.sheffield.com1003.cafe.ingredients.Coffee.&lt;init&gt;(Coffee.java:10)
	at uk.ac.sheffield.com1003.cafe.ingredients.Coffee.&lt;init&gt;(Coffee.java:10)
	at uk.ac.sheffield.com1003.cafe.ingredients.Coffee.&lt;init&gt;(Coffee.java:10)
	at uk.ac.sheffield.com1003.cafe.ingredients.Coffee.&lt;init&gt;(Coffee.java:10)
	at uk.ac.sheffield.com1003.cafe.ingredients.Coffee.&lt;init&gt;(Coffee.java:10)
	at uk.ac.sheffield.com1003.cafe.ingredients.Coffee.&lt;init&gt;(Coffee.java:10)
	at uk.ac.sheffield.com1003.cafe.ingredients.Coffee.&lt;init&gt;(Coffee.java:10)
	at uk.ac.sheffield.com1003.cafe.ingredients.Coffee.&lt;init&gt;(Coffee.java:10)
	at uk.ac.sheffield.com1003.cafe.ingredients.Coffee.&lt;init&gt;(Coffee.java:10)
	at uk.ac.sheffield.com1003.cafe.ingredients.Coffee.&lt;init&gt;(Coffee.java:10)
	at uk.ac.sheffield.com1003.cafe.ingredients.Coffee.&lt;init&gt;(Coffee.java:10)
	at uk.ac.sheffield.com1003.cafe.ingredients.Coffee.&lt;init&gt;(Coffee.java:10)
	at uk.ac.sheffield.com1003.cafe.ingredients.Coffee.&lt;init&gt;(Coffee.java:10)
	at uk.ac.sheffield.com1003.cafe.ingredients.Coffee.&lt;init&gt;(Coffee.java:10)
	at uk.ac.sheffield.com1003.cafe.ingredients.Coffee.&lt;init&gt;(Coffee.java:10)
	at uk.ac.sheffield.com1003.cafe.ingredients.Coffee.&lt;init&gt;(Coffee.java:10)
	at uk.ac.sheffield.com1003.cafe.ingredients.Coffee.&lt;init&gt;(Coffee.java:10)
	at uk.ac.sheffield.com1003.cafe.ingredients.Coffee.&lt;init&gt;(Coffee.java:10)
	at uk.ac.sheffield.com1003.cafe.ingredients.Coffee.&lt;init&gt;(Coffee.java:10)
	at uk.ac.sheffield.com1003.cafe.ingredients.Coffee.&lt;init&gt;(Coffee.java:10)
	at uk.ac.sheffield.com1003.cafe.ingredients.Coffee.&lt;init&gt;(Coffee.java:10)
	at uk.ac.sheffield.com1003.cafe.ingredients.Coffee.&lt;init&gt;(Coffee.java:10)
	at uk.ac.sheffield.com1003.cafe.ingredients.Coffee.&lt;init&gt;(Coffee.java:10)
	at uk.ac.sheffield.com1003.cafe.ingredients.Coffee.&lt;init&gt;(Coffee.java:10)
	at uk.ac.sheffield.com1003.cafe.ingredients.Coffee.&lt;init&gt;(Coffee.java:10)
	at uk.ac.sheffield.com1003.cafe.ingredients.Coffee.&lt;init&gt;(Coffee.java:10)
	at uk.ac.sheffield.com1003.cafe.ingredients.Coffee.&lt;init&gt;(Coffee.java:10)
	at uk.ac.sheffield.com1003.cafe.ingredients.Coffee.&lt;init&gt;(Coffee.java:10)
	at uk.ac.sheffield.com1003.cafe.ingredients.Coffee.&lt;init&gt;(Coffee.java:10)
	at uk.ac.sheffield.com1003.cafe.ingredients.Coffee.&lt;init&gt;(Coffee.java:10)
	at uk.ac.sheffield.com1003.cafe.ingredients.Coffee.&lt;init&gt;(Coffee.java:10)
	at uk.ac.sheffield.com1003.cafe.ingredients.Coffee.&lt;init&gt;(Coffee.java:10)
	at uk.ac.sheffield.com1003.cafe.ingredients.Coffee.&lt;init&gt;(Coffee.java:10)
	at uk.ac.sheffield.com1003.cafe.ingredients.Coffee.&lt;init&gt;(Coffee.java:10)
	at uk.ac.sheffield.com1003.cafe.ingredients.Coffee.&lt;init&gt;(Coffee.java:10)
	at uk.ac.sheffield.com1003.cafe.ingredients.Coffee.&lt;init&gt;(Coffee.java:10)
	at uk.ac.sheffield.com1003.cafe.ingredients.Coffee.&lt;init&gt;(Coffee.java:10)
	at uk.ac.sheffield.com1003.cafe.ingredients.Coffee.&lt;init&gt;(Coffee.java:10)
	at uk.ac.sheffield.com1003.cafe.ingredients.Coffee.&lt;init&gt;(Coffee.java:10)
	at uk.ac.sheffield.com1003.cafe.ingredients.Coffee.&lt;init&gt;(Coffee.java:10)
	at uk.ac.sheffield.com1003.cafe.ingredients.Coffee.&lt;init&gt;(Coffee.java:10)
	at uk.ac.sheffield.com1003.cafe.ingredients.Coffee.&lt;init&gt;(Coffee.java:10)
	at uk.ac.sheffield.com1003.cafe.ingredients.Coffee.&lt;init&gt;(Coffee.java:10)
	at uk.ac.sheffield.com1003.cafe.ingredients.Coffee.&lt;init&gt;(Coffee.java:10)
	at uk.ac.sheffield.com1003.cafe.ingredients.Coffee.&lt;init&gt;(Coffee.java:10)
	at uk.ac.sheffield.com1003.cafe.ingredients.Coffee.&lt;init&gt;(Coffee.java:10)
	at uk.ac.sheffield.com1003.cafe.ingredients.Coffee.&lt;init&gt;(Coffee.java:10)
	at uk.ac.sheffield.com1003.cafe.ingredients.Coffee.&lt;init&gt;(Coffee.java:10)
	at uk.ac.sheffield.com1003.cafe.ingredients.Coffee.&lt;init&gt;(Coffee.java:10)
	at uk.ac.sheffield.com1003.cafe.ingredients.Coffee.&lt;init&gt;(Coffee.java:10)
	at uk.ac.sheffield.com1003.cafe.ingredients.Coffee.&lt;init&gt;(Coffee.java:10)
	at uk.ac.sheffield.com1003.cafe.ingredients.Coffee.&lt;init&gt;(Coffee.java:10)
	at uk.ac.sheffield.com1003.cafe.ingredients.Coffee.&lt;init&gt;(Coffee.java:10)
	at uk.ac.sheffield.com1003.cafe.ingredients.Coffee.&lt;init&gt;(Coffee.java:10)
	at uk.ac.sheffield.com1003.cafe.ingredients.Coffee.&lt;init&gt;(Coffee.java:10)
	at uk.ac.sheffield.com1003.cafe.ingredients.Coffee.&lt;init&gt;(Coffee.java:10)
	at uk.ac.sheffield.com1003.cafe.ingredients.Coffee.&lt;init&gt;(Coffee.java:10)
	at uk.ac.sheffield.com1003.cafe.ingredients.Coffee.&lt;init&gt;(Coffee.java:10)
	at uk.ac.sheffield.com1003.cafe.ingredients.Coffee.&lt;init&gt;(Coffee.java:10)
	at uk.ac.sheffield.com1003.cafe.ingredients.Coffee.&lt;init&gt;(Coffee.java:10)
	at uk.ac.sheffield.com1003.cafe.ingredients.Coffee.&lt;init&gt;(Coffee.java:10)
	at uk.ac.sheffield.com1003.cafe.ingredients.Coffee.&lt;init&gt;(Coffee.java:10)
	at uk.ac.sheffield.com1003.cafe.ingredients.Coffee.&lt;init&gt;(Coffee.java:10)
	at uk.ac.sheffield.com1003.cafe.ingredients.Coffee.&lt;init&gt;(Coffee.java:10)
	at uk.ac.sheffield.com1003.cafe.ingredients.Coffee.&lt;init&gt;(Coffee.java:10)
	at uk.ac.sheffield.com1003.cafe.ingredients.Coffee.&lt;init&gt;(Coffee.java:10)
	at uk.ac.sheffield.com1003.cafe.ingredients.Coffee.&lt;init&gt;(Coffee.java:10)
	at uk.ac.sheffield.com1003.cafe.ingredients.Coffee.&lt;init&gt;(Coffee.java:10)
	at uk.ac.sheffield.com1003.cafe.ingredients.Coffee.&lt;init&gt;(Coffee.java:10)
	at uk.ac.sheffield.com1003.cafe.ingredients.Coffee.&lt;init&gt;(Coffee.java:10)
	at uk.ac.sheffield.com1003.cafe.ingredients.Coffee.&lt;init&gt;(Coffee.java:10)
	at uk.ac.sheffield.com1003.cafe.ingredients.Coffee.&lt;init&gt;(Coffee.java:10)
	at uk.ac.sheffield.com1003.cafe.ingredients.Coffee.&lt;init&gt;(Coffee.java:10)
	at uk.ac.sheffield.com1003.cafe.ingredients.Coffee.&lt;init&gt;(Coffee.java:10)
	at uk.ac.sheffield.com1003.cafe.ingredients.Coffee.&lt;init&gt;(Coffee.java:10)
	at uk.ac.sheffield.com1003.cafe.ingredients.Coffee.&lt;init&gt;(Coffee.java:10)
	at uk.ac.sheffield.com1003.cafe.ingredients.Coffee.&lt;init&gt;(Coffee.java:10)
	at uk.ac.sheffield.com1003.cafe.ingredients.Coffee.&lt;init&gt;(Coffee.java:10)
	at uk.ac.sheffield.com1003.cafe.ingredients.Coffee.&lt;init&gt;(Coffee.java:10)
	at uk.ac.sheffield.com1003.cafe.ingredients.Coffee.&lt;init&gt;(Coffee.java:10)
	at uk.ac.sheffield.com1003.cafe.ingredients.Coffee.&lt;init&gt;(Coffee.java:10)
	at uk.ac.sheffield.com1003.cafe.ingredients.Coffee.&lt;init&gt;(Coffee.java:10)
	at uk.ac.sheffield.com1003.cafe.ingredients.Coffee.&lt;init&gt;(Coffee.java:10)
	at uk.ac.sheffield.com1003.cafe.ingredients.Coffee.&lt;init&gt;(Coffee.java:10)
	at uk.ac.sheffield.com1003.cafe.ingredients.Coffee.&lt;init&gt;(Coffee.java:10)
	at uk.ac.sheffield.com1003.cafe.ingredients.Coffee.&lt;init&gt;(Coffee.java:10)
	at uk.ac.sheffield.com1003.cafe.ingredients.Coffee.&lt;init&gt;(Coffee.java:10)
	at uk.ac.sheffield.com1003.cafe.ingredients.Coffee.&lt;init&gt;(Coffee.java:10)
	at uk.ac.sheffield.com1003.cafe.ingredients.Coffee.&lt;init&gt;(Coffee.java:10)
	at uk.ac.sheffield.com1003.cafe.ingredients.Coffee.&lt;init&gt;(Coffee.java:10)
	at uk.ac.sheffield.com1003.cafe.ingredients.Coffee.&lt;init&gt;(Coffee.java:10)
	at uk.ac.sheffield.com1003.cafe.ingredients.Coffee.&lt;init&gt;(Coffee.java:10)
	at uk.ac.sheffield.com1003.cafe.ingredients.Coffee.&lt;init&gt;(Coffee.java:10)
	at uk.ac.sheffield.com1003.cafe.ingredients.Coffee.&lt;init&gt;(Coffee.java:10)
	at uk.ac.sheffield.com1003.cafe.ingredients.Coffee.&lt;init&gt;(Coffee.java:10)
	at uk.ac.sheffield.com1003.cafe.ingredients.Coffee.&lt;init&gt;(Coffee.java:10)
	at uk.ac.sheffield.com1003.cafe.ingredients.Coffee.&lt;init&gt;(Coffee.java:10)
	at uk.ac.sheffield.com1003.cafe.ingredients.Coffee.&lt;init&gt;(Coffee.java:10)
	at uk.ac.sheffield.com1003.cafe.ingredients.Coffee.&lt;init&gt;(Coffee.java:10)
	at uk.ac.sheffield.com1003.cafe.ingredients.Coffee.&lt;init&gt;(Coffee.java:10)
	at uk.ac.sheffield.com1003.cafe.ingredients.Coffee.&lt;init&gt;(Coffee.java:10)
	at uk.ac.sheffield.com1003.cafe.ingredients.Coffee.&lt;init&gt;(Coffee.java:10)
	at uk.ac.sheffield.com1003.cafe.ingredients.Coffee.&lt;init&gt;(Coffee.java:10)
	at uk.ac.sheffield.com1003.cafe.ingredients.Coffee.&lt;init&gt;(Coffee.java:10)
	at uk.ac.sheffield.com1003.cafe.ingredients.Coffee.&lt;init&gt;(Coffee.java:10)
	at uk.ac.sheffield.com1003.cafe.ingredients.Coffee.&lt;init&gt;(Coffee.java:10)
	at uk.ac.sheffield.com1003.cafe.ingredients.Coffee.&lt;init&gt;(Coffee.java:10)
	at uk.ac.sheffield.com1003.cafe.ingredients.Coffee.&lt;init&gt;(Coffee.java:10)
	at uk.ac.sheffield.com1003.cafe.ingredients.Coffee.&lt;init&gt;(Coffee.java:10)
	at uk.ac.sheffield.com1003.cafe.ingredients.Coffee.&lt;init&gt;(Coffee.java:10)
	at uk.ac.sheffield.com1003.cafe.ingredients.Coffee.&lt;init&gt;(Coffee.java:10)
	at uk.ac.sheffield.com1003.cafe.ingredients.Coffee.&lt;init&gt;(Coffee.java:10)
	at uk.ac.sheffield.com1003.cafe.ingredients.Coffee.&lt;init&gt;(Coffee.java:10)
	at uk.ac.sheffield.com1003.cafe.ingredients.Coffee.&lt;init&gt;(Coffee.java:10)
	at uk.ac.sheffield.com1003.cafe.ingredients.Coffee.&lt;init&gt;(Coffee.java:10)
	at uk.ac.sheffield.com1003.cafe.ingredients.Coffee.&lt;init&gt;(Coffee.java:10)
	at uk.ac.sheffield.com1003.cafe.ingredients.Coffee.&lt;init&gt;(Coffee.java:10)
	at uk.ac.sheffield.com1003.cafe.ingredients.Coffee.&lt;init&gt;(Coffee.java:10)
	at uk.ac.sheffield.com1003.cafe.ingredients.Coffee.&lt;init&gt;(Coffee.java:10)
	at uk.ac.sheffield.com1003.cafe.ingredients.Coffee.&lt;init&gt;(Coffee.java:10)
	at uk.ac.sheffield.com1003.cafe.ingredients.Coffee.&lt;init&gt;(Coffee.java:10)
	at uk.ac.sheffield.com1003.cafe.ingredients.Coffee.&lt;init&gt;(Coffee.java:10)
	at uk.ac.sheffield.com1003.cafe.ingredients.Coffee.&lt;init&gt;(Coffee.java:10)
	at uk.ac.sheffield.com1003.cafe.ingredients.Coffee.&lt;init&gt;(Coffee.java:10)
	at uk.ac.sheffield.com1003.cafe.ingredients.Coffee.&lt;init&gt;(Coffee.java:10)
	at uk.ac.sheffield.com1003.cafe.ingredients.Coffee.&lt;init&gt;(Coffee.java:10)
	at uk.ac.sheffield.com1003.cafe.ingredients.Coffee.&lt;init&gt;(Coffee.java:10)
	at uk.ac.sheffield.com1003.cafe.ingredients.Coffee.&lt;init&gt;(Coffee.java:10)
	at uk.ac.sheffield.com1003.cafe.ingredients.Coffee.&lt;init&gt;(Coffee.java:10)
	at uk.ac.sheffield.com1003.cafe.ingredients.Coffee.&lt;init&gt;(Coffee.java:10)
	at uk.ac.sheffield.com1003.cafe.ingredients.Coffee.&lt;init&gt;(Coffee.java:10)
	at uk.ac.sheffield.com1003.cafe.ingredients.Coffee.&lt;init&gt;(Coffee.java:10)
	at uk.ac.sheffield.com1003.cafe.ingredients.Coffee.&lt;init&gt;(Coffee.java:10)
	at uk.ac.sheffield.com1003.cafe.ingredients.Coffee.&lt;init&gt;(Coffee.java:10)
	at uk.ac.sheffield.com1003.cafe.ingredients.Coffee.&lt;init&gt;(Coffee.java:10)
	at uk.ac.sheffield.com1003.cafe.ingredients.Coffee.&lt;init&gt;(Coffee.java:10)
	at uk.ac.sheffield.com1003.cafe.ingredients.Coffee.&lt;init&gt;(Coffee.java:10)
	at uk.ac.sheffield.com1003.cafe.ingredients.Coffee.&lt;init&gt;(Coffee.java:10)
	at uk.ac.sheffield.com1003.cafe.ingredients.Coffee.&lt;init&gt;(Coffee.java:10)
	at uk.ac.sheffield.com1003.cafe.ingredients.Coffee.&lt;init&gt;(Coffee.java:10)
	at uk.ac.sheffield.com1003.cafe.ingredients.Coffee.&lt;init&gt;(Coffee.java:10)
	at uk.ac.sheffield.com1003.cafe.ingredients.Coffee.&lt;init&gt;(Coffee.java:10)
	at uk.ac.sheffield.com1003.cafe.ingredients.Coffee.&lt;init&gt;(Coffee.java:10)
	at uk.ac.sheffield.com1003.cafe.ingredients.Coffee.&lt;init&gt;(Coffee.java:10)
	at uk.ac.sheffield.com1003.cafe.ingredients.Coffee.&lt;init&gt;(Coffee.java:10)
	at uk.ac.sheffield.com1003.cafe.ingredients.Coffee.&lt;init&gt;(Coffee.java:10)
	at uk.ac.sheffield.com1003.cafe.ingredients.Coffee.&lt;init&gt;(Coffee.java:10)
	at uk.ac.sheffield.com1003.cafe.ingredients.Coffee.&lt;init&gt;(Coffee.java:10)
	at uk.ac.sheffield.com1003.cafe.ingredients.Coffee.&lt;init&gt;(Coffee.java:10)
	at uk.ac.sheffield.com1003.cafe.ingredients.Coffee.&lt;init&gt;(Coffee.java:10)
	at uk.ac.sheffield.com1003.cafe.ingredients.Coffee.&lt;init&gt;(Coffee.java:10)
	at uk.ac.sheffield.com1003.cafe.ingredients.Coffee.&lt;init&gt;(Coffee.java:10)
	at uk.ac.sheffield.com1003.cafe.ingredients.Coffee.&lt;init&gt;(Coffee.java:10)
	at uk.ac.sheffield.com1003.cafe.ingredients.Coffee.&lt;init&gt;(Coffee.java:10)
	at uk.ac.sheffield.com1003.cafe.ingredients.Coffee.&lt;init&gt;(Coffee.java:10)
	at uk.ac.sheffield.com1003.cafe.ingredients.Coffee.&lt;init&gt;(Coffee.java:10)
	at uk.ac.sheffield.com1003.cafe.ingredients.Coffee.&lt;init&gt;(Coffee.java:10)
	at uk.ac.sheffield.com1003.cafe.ingredients.Coffee.&lt;init&gt;(Coffee.java:10)
	at uk.ac.sheffield.com1003.cafe.ingredients.Coffee.&lt;init&gt;(Coffee.java:10)
	at uk.ac.sheffield.com1003.cafe.ingredients.Coffee.&lt;init&gt;(Coffee.java:10)
	at uk.ac.sheffield.com1003.cafe.ingredients.Coffee.&lt;init&gt;(Coffee.java:10)
	at uk.ac.sheffield.com1003.cafe.ingredients.Coffee.&lt;init&gt;(Coffee.java:10)
	at uk.ac.sheffield.com1003.cafe.ingredients.Coffee.&lt;init&gt;(Coffee.java:10)
	at uk.ac.sheffield.com1003.cafe.ingredients.Coffee.&lt;init&gt;(Coffee.java:10)
	at uk.ac.sheffield.com1003.cafe.ingredients.Coffee.&lt;init&gt;(Coffee.java:10)
	at uk.ac.sheffield.com1003.cafe.ingredients.Coffee.&lt;init&gt;(Coffee.java:10)
	at uk.ac.sheffield.com1003.cafe.ingredients.Coffee.&lt;init&gt;(Coffee.java:10)
	at uk.ac.sheffield.com1003.cafe.ingredients.Coffee.&lt;init&gt;(Coffee.java:10)
	at uk.ac.sheffield.com1003.cafe.ingredients.Coffee.&lt;init&gt;(Coffee.java:10)
	at uk.ac.sheffield.com1003.cafe.ingredients.Coffee.&lt;init&gt;(Coffee.java:10)
	at uk.ac.sheffield.com1003.cafe.ingredients.Coffee.&lt;init&gt;(Coffee.java:10)
	at uk.ac.sheffield.com1003.cafe.ingredients.Coffee.&lt;init&gt;(Coffee.java:10)
	at uk.ac.sheffield.com1003.cafe.ingredients.Coffee.&lt;init&gt;(Coffee.java:10)
	at uk.ac.sheffield.com1003.cafe.ingredients.Coffee.&lt;init&gt;(Coffee.java:10)
	at uk.ac.sheffield.com1003.cafe.ingredients.Coffee.&lt;init&gt;(Coffee.java:10)
	at uk.ac.sheffield.com1003.cafe.ingredients.Coffee.&lt;init&gt;(Coffee.java:10)
	at uk.ac.sheffield.com1003.cafe.ingredients.Coffee.&lt;init&gt;(Coffee.java:10)
	at uk.ac.sheffield.com1003.cafe.ingredients.Coffee.&lt;init&gt;(Coffee.java:10)
	at uk.ac.sheffield.com1003.cafe.ingredients.Coffee.&lt;init&gt;(Coffee.java:10)
	at uk.ac.sheffield.com1003.cafe.ingredients.Coffee.&lt;init&gt;(Coffee.java:10)
	at uk.ac.sheffield.com1003.cafe.ingredients.Coffee.&lt;init&gt;(Coffee.java:10)
	at uk.ac.sheffield.com1003.cafe.ingredients.Coffee.&lt;init&gt;(Coffee.java:10)
	at uk.ac.sheffield.com1003.cafe.ingredients.Coffee.&lt;init&gt;(Coffee.java:10)
	at uk.ac.sheffield.com1003.cafe.ingredients.Coffee.&lt;init&gt;(Coffee.java:10)
	at uk.ac.sheffield.com1003.cafe.ingredients.Coffee.&lt;init&gt;(Coffee.java:10)
	at uk.ac.sheffield.com1003.cafe.ingredients.Coffee.&lt;init&gt;(Coffee.java:10)
	at uk.ac.sheffield.com1003.cafe.ingredients.Coffee.&lt;init&gt;(Coffee.java:10)
	at uk.ac.sheffield.com1003.cafe.ingredients.Coffee.&lt;init&gt;(Coffee.java:10)
	at uk.ac.sheffield.com1003.cafe.ingredients.Coffee.&lt;init&gt;(Coffee.java:10)
	at uk.ac.sheffield.com1003.cafe.ingredients.Coffee.&lt;init&gt;(Coffee.java:10)
	at uk.ac.sheffield.com1003.cafe.ingredients.Coffee.&lt;init&gt;(Coffee.java:10)
	at uk.ac.sheffield.com1003.cafe.ingredients.Coffee.&lt;init&gt;(Coffee.java:10)
	at uk.ac.sheffield.com1003.cafe.ingredients.Coffee.&lt;init&gt;(Coffee.java:10)
	at uk.ac.sheffield.com1003.cafe.ingredients.Coffee.&lt;init&gt;(Coffee.java:10)
	at uk.ac.sheffield.com1003.cafe.ingredients.Coffee.&lt;init&gt;(Coffee.java:10)
	at uk.ac.sheffield.com1003.cafe.ingredients.Coffee.&lt;init&gt;(Coffee.java:10)
	at uk.ac.sheffield.com1003.cafe.ingredients.Coffee.&lt;init&gt;(Coffee.java:10)
	at uk.ac.sheffield.com1003.cafe.ingredients.Coffee.&lt;init&gt;(Coffee.java:10)
	at uk.ac.sheffield.com1003.cafe.ingredients.Coffee.&lt;init&gt;(Coffee.java:10)
	at uk.ac.sheffield.com1003.cafe.ingredients.Coffee.&lt;init&gt;(Coffee.java:10)
	at uk.ac.sheffield.com1003.cafe.ingredients.Coffee.&lt;init&gt;(Coffee.java:10)
	at uk.ac.sheffield.com1003.cafe.ingredients.Coffee.&lt;init&gt;(Coffee.java:10)
	at uk.ac.sheffield.com1003.cafe.ingredients.Coffee.&lt;init&gt;(Coffee.java:10)
	at uk.ac.sheffield.com1003.cafe.ingredients.Coffee.&lt;init&gt;(Coffee.java:10)
	at uk.ac.sheffield.com1003.cafe.ingredients.Coffee.&lt;init&gt;(Coffee.java:10)
	at uk.ac.sheffield.com1003.cafe.ingredients.Coffee.&lt;init&gt;(Coffee.java:10)
	at uk.ac.sheffield.com1003.cafe.ingredients.Coffee.&lt;init&gt;(Coffee.java:10)
	at uk.ac.sheffield.com1003.cafe.ingredients.Coffee.&lt;init&gt;(Coffee.java:10)
	at uk.ac.sheffield.com1003.cafe.ingredients.Coffee.&lt;init&gt;(Coffee.java:10)
	at uk.ac.sheffield.com1003.cafe.ingredients.Coffee.&lt;init&gt;(Coffee.java:10)
	at uk.ac.sheffield.com1003.cafe.ingredients.Coffee.&lt;init&gt;(Coffee.java:10)
	at uk.ac.sheffield.com1003.cafe.ingredients.Coffee.&lt;init&gt;(Coffee.java:10)
	at uk.ac.sheffield.com1003.cafe.ingredients.Coffee.&lt;init&gt;(Coffee.java:10)
	at uk.ac.sheffield.com1003.cafe.ingredients.Coffee.&lt;init&gt;(Coffee.java:10)
	at uk.ac.sheffield.com1003.cafe.ingredients.Coffee.&lt;init&gt;(Coffee.java:10)
	at uk.ac.sheffield.com1003.cafe.ingredients.Coffee.&lt;init&gt;(Coffee.java:10)
	at uk.ac.sheffield.com1003.cafe.ingredients.Coffee.&lt;init&gt;(Coffee.java:10)
	at uk.ac.sheffield.com1003.cafe.ingredients.Coffee.&lt;init&gt;(Coffee.java:10)
	at uk.ac.sheffield.com1003.cafe.ingredients.Coffee.&lt;init&gt;(Coffee.java:10)
	at uk.ac.sheffield.com1003.cafe.ingredients.Coffee.&lt;init&gt;(Coffee.java:10)
	at uk.ac.sheffield.com1003.cafe.ingredients.Coffee.&lt;init&gt;(Coffee.java:10)
	at uk.ac.sheffield.com1003.cafe.ingredients.Coffee.&lt;init&gt;(Coffee.java:10)
	at uk.ac.sheffield.com1003.cafe.ingredients.Coffee.&lt;init&gt;(Coffee.java:10)
	at uk.ac.sheffield.com1003.cafe.ingredients.Coffee.&lt;init&gt;(Coffee.java:10)
	at uk.ac.sheffield.com1003.cafe.ingredients.Coffee.&lt;init&gt;(Coffee.java:10)
	at uk.ac.sheffield.com1003.cafe.ingredients.Coffee.&lt;init&gt;(Coffee.java:10)
	at uk.ac.sheffield.com1003.cafe.ingredients.Coffee.&lt;init&gt;(Coffee.java:10)
	at uk.ac.sheffield.com1003.cafe.ingredients.Coffee.&lt;init&gt;(Coffee.java:10)
	at uk.ac.sheffield.com1003.cafe.ingredients.Coffee.&lt;init&gt;(Coffee.java:10)
	at uk.ac.sheffield.com1003.cafe.ingredients.Coffee.&lt;init&gt;(Coffee.java:10)
	at uk.ac.sheffield.com1003.cafe.ingredients.Coffee.&lt;init&gt;(Coffee.java:10)
	at uk.ac.sheffield.com1003.cafe.ingredients.Coffee.&lt;init&gt;(Coffee.java:10)
	at uk.ac.sheffield.com1003.cafe.ingredients.Coffee.&lt;init&gt;(Coffee.java:10)
	at uk.ac.sheffield.com1003.cafe.ingredients.Coffee.&lt;init&gt;(Coffee.java:10)
	at uk.ac.sheffield.com1003.cafe.ingredients.Coffee.&lt;init&gt;(Coffee.java:10)
	at uk.ac.sheffield.com1003.cafe.ingredients.Coffee.&lt;init&gt;(Coffee.java:10)
	at uk.ac.sheffield.com1003.cafe.ingredients.Coffee.&lt;init&gt;(Coffee.java:10)
	at uk.ac.sheffield.com1003.cafe.ingredients.Coffee.&lt;init&gt;(Coffee.java:10)
	at uk.ac.sheffield.com1003.cafe.ingredients.Coffee.&lt;init&gt;(Coffee.java:10)
	at uk.ac.sheffield.com1003.cafe.ingredients.Coffee.&lt;init&gt;(Coffee.java:10)
	at uk.ac.sheffield.com1003.cafe.ingredients.Coffee.&lt;init&gt;(Coffee.java:10)
	at uk.ac.sheffield.com1003.cafe.ingredients.Coffee.&lt;init&gt;(Coffee.java:10)
	at uk.ac.sheffield.com1003.cafe.ingredients.Coffee.&lt;init&gt;(Coffee.java:10)
	at uk.ac.sheffield.com1003.cafe.ingredients.Coffee.&lt;init&gt;(Coffee.java:10)
	at uk.ac.sheffield.com1003.cafe.ingredients.Coffee.&lt;init&gt;(Coffee.java:10)
	at uk.ac.sheffield.com1003.cafe.ingredients.Coffee.&lt;init&gt;(Coffee.java:10)
	at uk.ac.sheffield.com1003.cafe.ingredients.Coffee.&lt;init&gt;(Coffee.java:10)
	at uk.ac.sheffield.com1003.cafe.ingredients.Coffee.&lt;init&gt;(Coffee.java:10)
	at uk.ac.sheffield.com1003.cafe.ingredients.Coffee.&lt;init&gt;(Coffee.java:10)
	at uk.ac.sheffield.com1003.cafe.ingredients.Coffee.&lt;init&gt;(Coffee.java:10)
	at uk.ac.sheffield.com1003.cafe.ingredients.Coffee.&lt;init&gt;(Coffee.java:10)
	at uk.ac.sheffield.com1003.cafe.ingredients.Coffee.&lt;init&gt;(Coffee.java:10)
	at uk.ac.sheffield.com1003.cafe.ingredients.Coffee.&lt;init&gt;(Coffee.java:10)
	at uk.ac.sheffield.com1003.cafe.ingredients.Coffee.&lt;init&gt;(Coffee.java:10)
	at uk.ac.sheffield.com1003.cafe.ingredients.Coffee.&lt;init&gt;(Coffee.java:10)
	at uk.ac.sheffield.com1003.cafe.ingredients.Coffee.&lt;init&gt;(Coffee.java:10)
	at uk.ac.sheffield.com1003.cafe.ingredients.Coffee.&lt;init&gt;(Coffee.java:10)
	at uk.ac.sheffield.com1003.cafe.ingredients.Coffee.&lt;init&gt;(Coffee.java:10)
	at uk.ac.sheffield.com1003.cafe.ingredients.Coffee.&lt;init&gt;(Coffee.java:10)
	at uk.ac.sheffield.com1003.cafe.ingredients.Coffee.&lt;init&gt;(Coffee.java:10)
	at uk.ac.sheffield.com1003.cafe.ingredients.Coffee.&lt;init&gt;(Coffee.java:10)
	at uk.ac.sheffield.com1003.cafe.ingredients.Coffee.&lt;init&gt;(Coffee.java:10)
	at uk.ac.sheffield.com1003.cafe.ingredients.Coffee.&lt;init&gt;(Coffee.java:10)
	at uk.ac.sheffield.com1003.cafe.ingredients.Coffee.&lt;init&gt;(Coffee.java:10)
	at uk.ac.sheffield.com1003.cafe.ingredients.Coffee.&lt;init&gt;(Coffee.java:10)
	at uk.ac.sheffield.com1003.cafe.ingredients.Coffee.&lt;init&gt;(Coffee.java:10)
	at uk.ac.sheffield.com1003.cafe.ingredients.Coffee.&lt;init&gt;(Coffee.java:10)
	at uk.ac.sheffield.com1003.cafe.ingredients.Coffee.&lt;init&gt;(Coffee.java:10)
	at uk.ac.sheffield.com1003.cafe.ingredients.Coffee.&lt;init&gt;(Coffee.java:10)
	at uk.ac.sheffield.com1003.cafe.ingredients.Coffee.&lt;init&gt;(Coffee.java:10)
	at uk.ac.sheffield.com1003.cafe.ingredients.Coffee.&lt;init&gt;(Coffee.java:10)
	at uk.ac.sheffield.com1003.cafe.ingredients.Coffee.&lt;init&gt;(Coffee.java:10)
	at uk.ac.sheffield.com1003.cafe.ingredients.Coffee.&lt;init&gt;(Coffee.java:10)
	at uk.ac.sheffield.com1003.cafe.ingredients.Coffee.&lt;init&gt;(Coffee.java:10)
	at uk.ac.sheffield.com1003.cafe.ingredients.Coffee.&lt;init&gt;(Coffee.java:10)
	at uk.ac.sheffield.com1003.cafe.ingredients.Coffee.&lt;init&gt;(Coffee.java:10)
	at uk.ac.sheffield.com1003.cafe.ingredients.Coffee.&lt;init&gt;(Coffee.java:10)
	at uk.ac.sheffield.com1003.cafe.ingredients.Coffee.&lt;init&gt;(Coffee.java:10)
	at uk.ac.sheffield.com1003.cafe.ingredients.Coffee.&lt;init&gt;(Coffee.java:10)
	at uk.ac.sheffield.com1003.cafe.ingredients.Coffee.&lt;init&gt;(Coffee.java:10)
	at uk.ac.sheffield.com1003.cafe.ingredients.Coffee.&lt;init&gt;(Coffee.java:10)
	at uk.ac.sheffield.com1003.cafe.ingredients.Coffee.&lt;init&gt;(Coffee.java:10)
	at uk.ac.sheffield.com1003.cafe.ingredients.Coffee.&lt;init&gt;(Coffee.java:10)
	at uk.ac.sheffield.com1003.cafe.ingredients.Coffee.&lt;init&gt;(Coffee.java:10)
	at uk.ac.sheffield.com1003.cafe.ingredients.Coffee.&lt;init&gt;(Coffee.java:10)
	at uk.ac.sheffield.com1003.cafe.ingredients.Coffee.&lt;init&gt;(Coffee.java:10)
	at uk.ac.sheffield.com1003.cafe.ingredients.Coffee.&lt;init&gt;(Coffee.java:10)
	at uk.ac.sheffield.com1003.cafe.ingredients.Coffee.&lt;init&gt;(Coffee.java:10)
	at uk.ac.sheffield.com1003.cafe.ingredients.Coffee.&lt;init&gt;(Coffee.java:10)
	at uk.ac.sheffield.com1003.cafe.ingredients.Coffee.&lt;init&gt;(Coffee.java:10)
	at uk.ac.sheffield.com1003.cafe.ingredients.Coffee.&lt;init&gt;(Coffee.java:10)
	at uk.ac.sheffield.com1003.cafe.ingredients.Coffee.&lt;init&gt;(Coffee.java:10)
	at uk.ac.sheffield.com1003.cafe.ingredients.Coffee.&lt;init&gt;(Coffee.java:10)
	at uk.ac.sheffield.com1003.cafe.ingredients.Coffee.&lt;init&gt;(Coffee.java:10)
	at uk.ac.sheffield.com1003.cafe.ingredients.Coffee.&lt;init&gt;(Coffee.java:10)
	at uk.ac.sheffield.com1003.cafe.ingredients.Coffee.&lt;init&gt;(Coffee.java:10)
	at uk.ac.sheffield.com1003.cafe.ingredients.Coffee.&lt;init&gt;(Coffee.java:10)
	at uk.ac.sheffield.com1003.cafe.ingredients.Coffee.&lt;init&gt;(Coffee.java:10)
	at uk.ac.sheffield.com1003.cafe.ingredients.Coffee.&lt;init&gt;(Coffee.java:10)
	at uk.ac.sheffield.com1003.cafe.ingredients.Coffee.&lt;init&gt;(Coffee.java:10)
	at uk.ac.sheffield.com1003.cafe.ingredients.Coffee.&lt;init&gt;(Coffee.java:10)
	at uk.ac.sheffield.com1003.cafe.ingredients.Coffee.&lt;init&gt;(Coffee.java:10)
	at uk.ac.sheffield.com1003.cafe.ingredients.Coffee.&lt;init&gt;(Coffee.java:10)
	at uk.ac.sheffield.com1003.cafe.ingredients.Coffee.&lt;init&gt;(Coffee.java:10)
	at uk.ac.sheffield.com1003.cafe.ingredients.Coffee.&lt;init&gt;(Coffee.java:10)
	at uk.ac.sheffield.com1003.cafe.ingredients.Coffee.&lt;init&gt;(Coffee.java:10)
	at uk.ac.sheffield.com1003.cafe.ingredients.Coffee.&lt;init&gt;(Coffee.java:10)
	at uk.ac.sheffield.com1003.cafe.ingredients.Coffee.&lt;init&gt;(Coffee.java:10)
	at uk.ac.sheffield.com1003.cafe.ingredients.Coffee.&lt;init&gt;(Coffee.java:10)
	at uk.ac.sheffield.com1003.cafe.ingredients.Coffee.&lt;init&gt;(Coffee.java:10)
	at uk.ac.sheffield.com1003.cafe.ingredients.Coffee.&lt;init&gt;(Coffee.java:10)
	at uk.ac.sheffield.com1003.cafe.ingredients.Coffee.&lt;init&gt;(Coffee.java:10)
	at uk.ac.sheffield.com1003.cafe.ingredients.Coffee.&lt;init&gt;(Coffee.java:10)
	at uk.ac.sheffield.com1003.cafe.ingredients.Coffee.&lt;init&gt;(Coffee.java:10)
	at uk.ac.sheffield.com1003.cafe.ingredients.Coffee.&lt;init&gt;(Coffee.java:10)
	at uk.ac.sheffield.com1003.cafe.ingredients.Coffee.&lt;init&gt;(Coffee.java:10)
	at uk.ac.sheffield.com1003.cafe.ingredients.Coffee.&lt;init&gt;(Coffee.java:10)
	at uk.ac.sheffield.com1003.cafe.ingredients.Coffee.&lt;init&gt;(Coffee.java:10)
	at uk.ac.sheffield.com1003.cafe.ingredients.Coffee.&lt;init&gt;(Coffee.java:10)
	at uk.ac.sheffield.com1003.cafe.ingredients.Coffee.&lt;init&gt;(Coffee.java:10)
	at uk.ac.sheffield.com1003.cafe.ingredients.Coffee.&lt;init&gt;(Coffee.java:10)
	at uk.ac.sheffield.com1003.cafe.ingredients.Coffee.&lt;init&gt;(Coffee.java:10)
	at uk.ac.sheffield.com1003.cafe.ingredients.Coffee.&lt;init&gt;(Coffee.java:10)
	at uk.ac.sheffield.com1003.cafe.ingredients.Coffee.&lt;init&gt;(Coffee.java:10)
	at uk.ac.sheffield.com1003.cafe.ingredients.Coffee.&lt;init&gt;(Coffee.java:10)
	at uk.ac.sheffield.com1003.cafe.ingredients.Coffee.&lt;init&gt;(Coffee.java:10)
	at uk.ac.sheffield.com1003.cafe.ingredients.Coffee.&lt;init&gt;(Coffee.java:10)
	at uk.ac.sheffield.com1003.cafe.ingredients.Coffee.&lt;init&gt;(Coffee.java:10)
	at uk.ac.sheffield.com1003.cafe.ingredients.Coffee.&lt;init&gt;(Coffee.java:10)
	at uk.ac.sheffield.com1003.cafe.ingredients.Coffee.&lt;init&gt;(Coffee.java:10)
	at uk.ac.sheffield.com1003.cafe.ingredients.Coffee.&lt;init&gt;(Coffee.java:10)
	at uk.ac.sheffield.com1003.cafe.ingredients.Coffee.&lt;init&gt;(Coffee.java:10)
	at uk.ac.sheffield.com1003.cafe.ingredients.Coffee.&lt;init&gt;(Coffee.java:10)
	at uk.ac.sheffield.com1003.cafe.ingredients.Coffee.&lt;init&gt;(Coffee.java:10)
	at uk.ac.sheffield.com1003.cafe.ingredients.Coffee.&lt;init&gt;(Coffee.java:10)
	at uk.ac.sheffield.com1003.cafe.ingredients.Coffee.&lt;init&gt;(Coffee.java:10)
	at uk.ac.sheffield.com1003.cafe.ingredients.Coffee.&lt;init&gt;(Coffee.java:10)
	at uk.ac.sheffield.com1003.cafe.ingredients.Coffee.&lt;init&gt;(Coffee.java:10)
	at uk.ac.sheffield.com1003.cafe.ingredients.Coffee.&lt;init&gt;(Coffee.java:10)
	at uk.ac.sheffield.com1003.cafe.ingredients.Coffee.&lt;init&gt;(Coffee.java:10)
	at uk.ac.sheffield.com1003.cafe.ingredients.Coffee.&lt;init&gt;(Coffee.java:10)
	at uk.ac.sheffield.com1003.cafe.ingredients.Coffee.&lt;init&gt;(Coffee.java:10)
	at uk.ac.sheffield.com1003.cafe.ingredients.Coffee.&lt;init&gt;(Coffee.java:10)
	at uk.ac.sheffield.com1003.cafe.ingredients.Coffee.&lt;init&gt;(Coffee.java:10)
	at uk.ac.sheffield.com1003.cafe.ingredients.Coffee.&lt;init&gt;(Coffee.java:10)
	at uk.ac.sheffield.com1003.cafe.ingredients.Coffee.&lt;init&gt;(Coffee.java:10)
	at uk.ac.sheffield.com1003.cafe.ingredients.Coffee.&lt;init&gt;(Coffee.java:10)
	at uk.ac.sheffield.com1003.cafe.ingredients.Coffee.&lt;init&gt;(Coffee.java:10)
	at uk.ac.sheffield.com1003.cafe.ingredients.Coffee.&lt;init&gt;(Coffee.java:10)
	at uk.ac.sheffield.com1003.cafe.ingredients.Coffee.&lt;init&gt;(Coffee.java:10)
	at uk.ac.sheffield.com1003.cafe.ingredients.Coffee.&lt;init&gt;(Coffee.java:10)
	at uk.ac.sheffield.com1003.cafe.ingredients.Coffee.&lt;init&gt;(Coffee.java:10)
	at uk.ac.sheffield.com1003.cafe.ingredients.Coffee.&lt;init&gt;(Coffee.java:10)
	at uk.ac.sheffield.com1003.cafe.ingredients.Coffee.&lt;init&gt;(Coffee.java:10)
	at uk.ac.sheffield.com1003.cafe.ingredients.Coffee.&lt;init&gt;(Coffee.java:10)
	at uk.ac.sheffield.com1003.cafe.ingredients.Coffee.&lt;init&gt;(Coffee.java:10)
	at uk.ac.sheffield.com1003.cafe.ingredients.Coffee.&lt;init&gt;(Coffee.java:10)
	at uk.ac.sheffield.com1003.cafe.ingredients.Coffee.&lt;init&gt;(Coffee.java:10)
	at uk.ac.sheffield.com1003.cafe.ingredients.Coffee.&lt;init&gt;(Coffee.java:10)
	at uk.ac.sheffield.com1003.cafe.ingredients.Coffee.&lt;init&gt;(Coffee.java:10)
	at uk.ac.sheffield.com1003.cafe.ingredients.Coffee.&lt;init&gt;(Coffee.java:10)
	at uk.ac.sheffield.com1003.cafe.ingredients.Coffee.&lt;init&gt;(Coffee.java:10)
	at uk.ac.sheffield.com1003.cafe.ingredients.Coffee.&lt;init&gt;(Coffee.java:10)
	at uk.ac.sheffield.com1003.cafe.ingredients.Coffee.&lt;init&gt;(Coffee.java:10)
	at uk.ac.sheffield.com1003.cafe.ingredients.Coffee.&lt;init&gt;(Coffee.java:10)
	at uk.ac.sheffield.com1003.cafe.ingredients.Coffee.&lt;init&gt;(Coffee.java:10)
	at uk.ac.sheffield.com1003.cafe.ingredients.Coffee.&lt;init&gt;(Coffee.java:10)
	at uk.ac.sheffield.com1003.cafe.ingredients.Coffee.&lt;init&gt;(Coffee.java:10)
	at uk.ac.sheffield.com1003.cafe.ingredients.Coffee.&lt;init&gt;(Coffee.java:10)
	at uk.ac.sheffield.com1003.cafe.ingredients.Coffee.&lt;init&gt;(Coffee.java:10)
	at uk.ac.sheffield.com1003.cafe.ingredients.Coffee.&lt;init&gt;(Coffee.java:10)
	at uk.ac.sheffield.com1003.cafe.ingredients.Coffee.&lt;init&gt;(Coffee.java:10)
	at uk.ac.sheffield.com1003.cafe.ingredients.Coffee.&lt;init&gt;(Coffee.java:10)
	at uk.ac.sheffield.com1003.cafe.ingredients.Coffee.&lt;init&gt;(Coffee.java:10)
	at uk.ac.sheffield.com1003.cafe.ingredients.Coffee.&lt;init&gt;(Coffee.java:10)
	at uk.ac.sheffield.com1003.cafe.ingredients.Coffee.&lt;init&gt;(Coffee.java:10)
	at uk.ac.sheffield.com1003.cafe.ingredients.Coffee.&lt;init&gt;(Coffee.java:10)
	at uk.ac.sheffield.com1003.cafe.ingredients.Coffee.&lt;init&gt;(Coffee.java:10)
	at uk.ac.sheffield.com1003.cafe.ingredients.Coffee.&lt;init&gt;(Coffee.java:10)
	at uk.ac.sheffield.com1003.cafe.ingredients.Coffee.&lt;init&gt;(Coffee.java:10)
	at uk.ac.sheffield.com1003.cafe.ingredients.Coffee.&lt;init&gt;(Coffee.java:10)
	at uk.ac.sheffield.com1003.cafe.ingredients.Coffee.&lt;init&gt;(Coffee.java:10)
	at uk.ac.sheffield.com1003.cafe.ingredients.Coffee.&lt;init&gt;(Coffee.java:10)
	at uk.ac.sheffield.com1003.cafe.ingredients.Coffee.&lt;init&gt;(Coffee.java:10)
	at uk.ac.sheffield.com1003.cafe.ingredients.Coffee.&lt;init&gt;(Coffee.java:10)
	at uk.ac.sheffield.com1003.cafe.ingredients.Coffee.&lt;init&gt;(Coffee.java:10)
	at uk.ac.sheffield.com1003.cafe.ingredients.Coffee.&lt;init&gt;(Coffee.java:10)
	at uk.ac.sheffield.com1003.cafe.ingredients.Coffee.&lt;init&gt;(Coffee.java:10)
	at uk.ac.sheffield.com1003.cafe.ingredients.Coffee.&lt;init&gt;(Coffee.java:10)
	at uk.ac.sheffield.com1003.cafe.ingredients.Coffee.&lt;init&gt;(Coffee.java:10)
	at uk.ac.sheffield.com1003.cafe.ingredients.Coffee.&lt;init&gt;(Coffee.java:10)
	at uk.ac.sheffield.com1003.cafe.ingredients.Coffee.&lt;init&gt;(Coffee.java:10)
	at uk.ac.sheffield.com1003.cafe.ingredients.Coffee.&lt;init&gt;(Coffee.java:10)
	at uk.ac.sheffield.com1003.cafe.ingredients.Coffee.&lt;init&gt;(Coffee.java:10)
	at uk.ac.sheffield.com1003.cafe.ingredients.Coffee.&lt;init&gt;(Coffee.java:10)
	at uk.ac.sheffield.com1003.cafe.ingredients.Coffee.&lt;init&gt;(Coffee.java:10)
	at uk.ac.sheffield.com1003.cafe.ingredients.Coffee.&lt;init&gt;(Coffee.java:10)
	at uk.ac.sheffield.com1003.cafe.ingredients.Coffee.&lt;init&gt;(Coffee.java:10)
	at uk.ac.sheffield.com1003.cafe.ingredients.Coffee.&lt;init&gt;(Coffee.java:10)
	at uk.ac.sheffield.com1003.cafe.ingredients.Coffee.&lt;init&gt;(Coffee.java:10)
	at uk.ac.sheffield.com1003.cafe.ingredients.Coffee.&lt;init&gt;(Coffee.java:10)
	at uk.ac.sheffield.com1003.cafe.ingredients.Coffee.&lt;init&gt;(Coffee.java:10)
	at uk.ac.sheffield.com1003.cafe.ingredients.Coffee.&lt;init&gt;(Coffee.java:10)
	at uk.ac.sheffield.com1003.cafe.ingredients.Coffee.&lt;init&gt;(Coffee.java:10)
	at uk.ac.sheffield.com1003.cafe.ingredients.Coffee.&lt;init&gt;(Coffee.java:10)
	at uk.ac.sheffield.com1003.cafe.ingredients.Coffee.&lt;init&gt;(Coffee.java:10)
	at uk.ac.sheffield.com1003.cafe.ingredients.Coffee.&lt;init&gt;(Coffee.java:10)
	at uk.ac.sheffield.com1003.cafe.ingredients.Coffee.&lt;init&gt;(Coffee.java:10)
	at uk.ac.sheffield.com1003.cafe.ingredients.Coffee.&lt;init&gt;(Coffee.java:10)
	at uk.ac.sheffield.com1003.cafe.ingredients.Coffee.&lt;init&gt;(Coffee.java:10)
	at uk.ac.sheffield.com1003.cafe.ingredients.Coffee.&lt;init&gt;(Coffee.java:10)
	at uk.ac.sheffield.com1003.cafe.ingredients.Coffee.&lt;init&gt;(Coffee.java:10)
	at uk.ac.sheffield.com1003.cafe.ingredients.Coffee.&lt;init&gt;(Coffee.java:10)
	at uk.ac.sheffield.com1003.cafe.ingredients.Coffee.&lt;init&gt;(Coffee.java:10)
	at uk.ac.sheffield.com1003.cafe.ingredients.Coffee.&lt;init&gt;(Coffee.java:10)
	at uk.ac.sheffield.com1003.cafe.ingredients.Coffee.&lt;init&gt;(Coffee.java:10)
	at uk.ac.sheffield.com1003.cafe.ingredients.Coffee.&lt;init&gt;(Coffee.java:10)
	at uk.ac.sheffield.com1003.cafe.ingredients.Coffee.&lt;init&gt;(Coffee.java:10)
	at uk.ac.sheffield.com1003.cafe.ingredients.Coffee.&lt;init&gt;(Coffee.java:10)
	at uk.ac.sheffield.com1003.cafe.ingredients.Coffee.&lt;init&gt;(Coffee.java:10)
	at uk.ac.sheffield.com1003.cafe.ingredients.Coffee.&lt;init&gt;(Coffee.java:10)
	at uk.ac.sheffield.com1003.cafe.ingredients.Coffee.&lt;init&gt;(Coffee.java:10)
	at uk.ac.sheffield.com1003.cafe.ingredients.Coffee.&lt;init&gt;(Coffee.java:10)
	at uk.ac.sheffield.com1003.cafe.ingredients.Coffee.&lt;init&gt;(Coffee.java:10)
	at uk.ac.sheffield.com1003.cafe.ingredients.Coffee.&lt;init&gt;(Coffee.java:10)
	at uk.ac.sheffield.com1003.cafe.ingredients.Coffee.&lt;init&gt;(Coffee.java:10)
	at uk.ac.sheffield.com1003.cafe.ingredients.Coffee.&lt;init&gt;(Coffee.java:10)
	at uk.ac.sheffield.com1003.cafe.ingredients.Coffee.&lt;init&gt;(Coffee.java:10)
	at uk.ac.sheffield.com1003.cafe.ingredients.Coffee.&lt;init&gt;(Coffee.java:10)
	at uk.ac.sheffield.com1003.cafe.ingredients.Coffee.&lt;init&gt;(Coffee.java:10)
	at uk.ac.sheffield.com1003.cafe.ingredients.Coffee.&lt;init&gt;(Coffee.java:10)
	at uk.ac.sheffield.com1003.cafe.ingredients.Coffee.&lt;init&gt;(Coffee.java:10)
	at uk.ac.sheffield.com1003.cafe.ingredients.Coffee.&lt;init&gt;(Coffee.java:10)
	at uk.ac.sheffield.com1003.cafe.ingredients.Coffee.&lt;init&gt;(Coffee.java:10)
	at uk.ac.sheffield.com1003.cafe.ingredients.Coffee.&lt;init&gt;(Coffee.java:10)
	at uk.ac.sheffield.com1003.cafe.ingredients.Coffee.&lt;init&gt;(Coffee.java:10)
	at uk.ac.sheffield.com1003.cafe.ingredients.Coffee.&lt;init&gt;(Coffee.java:10)
	at uk.ac.sheffield.com1003.cafe.ingredients.Coffee.&lt;init&gt;(Coffee.java:10)
	at uk.ac.sheffield.com1003.cafe.ingredients.Coffee.&lt;init&gt;(Coffee.java:10)
	at uk.ac.sheffield.com1003.cafe.ingredients.Coffee.&lt;init&gt;(Coffee.java:10)
	at uk.ac.sheffield.com1003.cafe.ingredients.Coffee.&lt;init&gt;(Coffee.java:10)
	at uk.ac.sheffield.com1003.cafe.ingredients.Coffee.&lt;init&gt;(Coffee.java:10)
	at uk.ac.sheffield.com1003.cafe.ingredients.Coffee.&lt;init&gt;(Coffee.java:10)
	at uk.ac.sheffield.com1003.cafe.ingredients.Coffee.&lt;init&gt;(Coffee.java:10)
	at uk.ac.sheffield.com1003.cafe.ingredients.Coffee.&lt;init&gt;(Coffee.java:10)
	at uk.ac.sheffield.com1003.cafe.ingredients.Coffee.&lt;init&gt;(Coffee.java:10)
	at uk.ac.sheffield.com1003.cafe.ingredients.Coffee.&lt;init&gt;(Coffee.java:10)
	at uk.ac.sheffield.com1003.cafe.ingredients.Coffee.&lt;init&gt;(Coffee.java:10)
	at uk.ac.sheffield.com1003.cafe.ingredients.Coffee.&lt;init&gt;(Coffee.java:10)
	at uk.ac.sheffield.com1003.cafe.ingredients.Coffee.&lt;init&gt;(Coffee.java:10)
	at uk.ac.sheffield.com1003.cafe.ingredients.Coffee.&lt;init&gt;(Coffee.java:10)
	at uk.ac.sheffield.com1003.cafe.ingredients.Coffee.&lt;init&gt;(Coffee.java:10)
	at uk.ac.sheffield.com1003.cafe.ingredients.Coffee.&lt;init&gt;(Coffee.java:10)
	at uk.ac.sheffield.com1003.cafe.ingredients.Coffee.&lt;init&gt;(Coffee.java:10)
	at uk.ac.sheffield.com1003.cafe.ingredients.Coffee.&lt;init&gt;(Coffee.java:10)
	at uk.ac.sheffield.com1003.cafe.ingredients.Coffee.&lt;init&gt;(Coffee.java:10)
	at uk.ac.sheffield.com1003.cafe.ingredients.Coffee.&lt;init&gt;(Coffee.java:10)
	at uk.ac.sheffield.com1003.cafe.ingredients.Coffee.&lt;init&gt;(Coffee.java:10)
	at uk.ac.sheffield.com1003.cafe.ingredients.Coffee.&lt;init&gt;(Coffee.java:10)
	at uk.ac.sheffield.com1003.cafe.ingredients.Coffee.&lt;init&gt;(Coffee.java:10)
	at uk.ac.sheffield.com1003.cafe.ingredients.Coffee.&lt;init&gt;(Coffee.java:10)
	at uk.ac.sheffield.com1003.cafe.ingredients.Coffee.&lt;init&gt;(Coffee.java:10)
	at uk.ac.sheffield.com1003.cafe.ingredients.Coffee.&lt;init&gt;(Coffee.java:10)
	at uk.ac.sheffield.com1003.cafe.ingredients.Coffee.&lt;init&gt;(Coffee.java:10)
	at uk.ac.sheffield.com1003.cafe.ingredients.Coffee.&lt;init&gt;(Coffee.java:10)
	at uk.ac.sheffield.com1003.cafe.ingredients.Coffee.&lt;init&gt;(Coffee.java:10)
	at uk.ac.sheffield.com1003.cafe.ingredients.Coffee.&lt;init&gt;(Coffee.java:10)
	at uk.ac.sheffield.com1003.cafe.ingredients.Coffee.&lt;init&gt;(Coffee.java:10)
	at uk.ac.sheffield.com1003.cafe.ingredients.Coffee.&lt;init&gt;(Coffee.java:10)
	at uk.ac.sheffield.com1003.cafe.ingredients.Coffee.&lt;init&gt;(Coffee.java:10)
	at uk.ac.sheffield.com1003.cafe.ingredients.Coffee.&lt;init&gt;(Coffee.java:10)
	at uk.ac.sheffield.com1003.cafe.ingredients.Coffee.&lt;init&gt;(Coffee.java:10)
	at uk.ac.sheffield.com1003.cafe.ingredients.Coffee.&lt;init&gt;(Coffee.java:10)
	at uk.ac.sheffield.com1003.cafe.ingredients.Coffee.&lt;init&gt;(Coffee.java:10)
	at uk.ac.sheffield.com1003.cafe.ingredients.Coffee.&lt;init&gt;(Coffee.java:10)
	at uk.ac.sheffield.com1003.cafe.ingredients.Coffee.&lt;init&gt;(Coffee.java:10)
	at uk.ac.sheffield.com1003.cafe.ingredients.Coffee.&lt;init&gt;(Coffee.java:10)
	at uk.ac.sheffield.com1003.cafe.ingredients.Coffee.&lt;init&gt;(Coffee.java:10)
	at uk.ac.sheffield.com1003.cafe.ingredients.Coffee.&lt;init&gt;(Coffee.java:10)
	at uk.ac.sheffield.com1003.cafe.ingredients.Coffee.&lt;init&gt;(Coffee.java:10)
	at uk.ac.sheffield.com1003.cafe.ingredients.Coffee.&lt;init&gt;(Coffee.java:10)
	at uk.ac.sheffield.com1003.cafe.ingredients.Coffee.&lt;init&gt;(Coffee.java:10)
	at uk.ac.sheffield.com1003.cafe.ingredients.Coffee.&lt;init&gt;(Coffee.java:10)
	at uk.ac.sheffield.com1003.cafe.ingredients.Coffee.&lt;init&gt;(Coffee.java:10)
	at uk.ac.sheffield.com1003.cafe.ingredients.Coffee.&lt;init&gt;(Coffee.java:10)
	at uk.ac.sheffield.com1003.cafe.ingredients.Coffee.&lt;init&gt;(Coffee.java:10)
	at uk.ac.sheffield.com1003.cafe.ingredients.Coffee.&lt;init&gt;(Coffee.java:10)
	at uk.ac.sheffield.com1003.cafe.ingredients.Coffee.&lt;init&gt;(Coffee.java:10)
	at uk.ac.sheffield.com1003.cafe.ingredients.Coffee.&lt;init&gt;(Coffee.java:10)
	at uk.ac.sheffield.com1003.cafe.ingredients.Coffee.&lt;init&gt;(Coffee.java:10)
	at uk.ac.sheffield.com1003.cafe.ingredients.Coffee.&lt;init&gt;(Coffee.java:10)
	at uk.ac.sheffield.com1003.cafe.ingredients.Coffee.&lt;init&gt;(Coffee.java:10)
	at uk.ac.sheffield.com1003.cafe.ingredients.Coffee.&lt;init&gt;(Coffee.java:10)
	at uk.ac.sheffield.com1003.cafe.ingredients.Coffee.&lt;init&gt;(Coffee.java:10)
	at uk.ac.sheffield.com1003.cafe.ingredients.Coffee.&lt;init&gt;(Coffee.java:10)
	at uk.ac.sheffield.com1003.cafe.ingredients.Coffee.&lt;init&gt;(Coffee.java:10)
	at uk.ac.sheffield.com1003.cafe.ingredients.Coffee.&lt;init&gt;(Coffee.java:10)
	at uk.ac.sheffield.com1003.cafe.ingredients.Coffee.&lt;init&gt;(Coffee.java:10)
	at uk.ac.sheffield.com1003.cafe.ingredients.Coffee.&lt;init&gt;(Coffee.java:10)
	at uk.ac.sheffield.com1003.cafe.ingredients.Coffee.&lt;init&gt;(Coffee.java:10)
	at uk.ac.sheffield.com1003.cafe.ingredients.Coffee.&lt;init&gt;(Coffee.java:10)
	at uk.ac.sheffield.com1003.cafe.ingredients.Coffee.&lt;init&gt;(Coffee.java:10)
	at uk.ac.sheffield.com1003.cafe.ingredients.Coffee.&lt;init&gt;(Coffee.java:10)
	at uk.ac.sheffield.com1003.cafe.ingredients.Coffee.&lt;init&gt;(Coffee.java:10)
	at uk.ac.sheffield.com1003.cafe.ingredients.Coffee.&lt;init&gt;(Coffee.java:10)
	at uk.ac.sheffield.com1003.cafe.ingredients.Coffee.&lt;init&gt;(Coffee.java:10)
	at uk.ac.sheffield.com1003.cafe.ingredients.Coffee.&lt;init&gt;(Coffee.java:10)
	at uk.ac.sheffield.com1003.cafe.ingredients.Coffee.&lt;init&gt;(Coffee.java:10)
	at uk.ac.sheffield.com1003.cafe.ingredients.Coffee.&lt;init&gt;(Coffee.java:10)
	at uk.ac.sheffield.com1003.cafe.ingredients.Coffee.&lt;init&gt;(Coffee.java:10)
	at uk.ac.sheffield.com1003.cafe.ingredients.Coffee.&lt;init&gt;(Coffee.java:10)
	at uk.ac.sheffield.com1003.cafe.ingredients.Coffee.&lt;init&gt;(Coffee.java:10)
	at uk.ac.sheffield.com1003.cafe.ingredients.Coffee.&lt;init&gt;(Coffee.java:10)
	at uk.ac.sheffield.com1003.cafe.ingredients.Coffee.&lt;init&gt;(Coffee.java:10)
	at uk.ac.sheffield.com1003.cafe.ingredients.Coffee.&lt;init&gt;(Coffee.java:10)
	at uk.ac.sheffield.com1003.cafe.ingredients.Coffee.&lt;init&gt;(Coffee.java:10)
	at uk.ac.sheffield.com1003.cafe.ingredients.Coffee.&lt;init&gt;(Coffee.java:10)
	at uk.ac.sheffield.com1003.cafe.ingredients.Coffee.&lt;init&gt;(Coffee.java:10)
	at uk.ac.sheffield.com1003.cafe.ingredients.Coffee.&lt;init&gt;(Coffee.java:10)
	at uk.ac.sheffield.com1003.cafe.ingredients.Coffee.&lt;init&gt;(Coffee.java:10)
	at uk.ac.sheffield.com1003.cafe.ingredients.Coffee.&lt;init&gt;(Coffee.java:10)
	at uk.ac.sheffield.com1003.cafe.ingredients.Coffee.&lt;init&gt;(Coffee.java:10)
	at uk.ac.sheffield.com1003.cafe.ingredients.Coffee.&lt;init&gt;(Coffee.java:10)
	at uk.ac.sheffield.com1003.cafe.ingredients.Coffee.&lt;init&gt;(Coffee.java:10)
	at uk.ac.sheffield.com1003.cafe.ingredients.Coffee.&lt;init&gt;(Coffee.java:10)
	at uk.ac.sheffield.com1003.cafe.ingredients.Coffee.&lt;init&gt;(Coffee.java:10)
	at uk.ac.sheffield.com1003.cafe.ingredients.Coffee.&lt;init&gt;(Coffee.java:10)
	at uk.ac.sheffield.com1003.cafe.ingredients.Coffee.&lt;init&gt;(Coffee.java:10)
	at uk.ac.sheffield.com1003.cafe.ingredients.Coffee.&lt;init&gt;(Coffee.java:10)
	at uk.ac.sheffield.com1003.cafe.ingredients.Coffee.&lt;init&gt;(Coffee.java:10)
	at uk.ac.sheffield.com1003.cafe.ingredients.Coffee.&lt;init&gt;(Coffee.java:10)
	at uk.ac.sheffield.com1003.cafe.ingredients.Coffee.&lt;init&gt;(Coffee.java:10)
	at uk.ac.sheffield.com1003.cafe.ingredients.Coffee.&lt;init&gt;(Coffee.java:10)
	at uk.ac.sheffield.com1003.cafe.ingredients.Coffee.&lt;init&gt;(Coffee.java:10)
	at uk.ac.sheffield.com1003.cafe.ingredients.Coffee.&lt;init&gt;(Coffee.java:10)
	at uk.ac.sheffield.com1003.cafe.ingredients.Coffee.&lt;init&gt;(Coffee.java:10)
	at uk.ac.sheffield.com1003.cafe.ingredients.Coffee.&lt;init&gt;(Coffee.java:10)
	at uk.ac.sheffield.com1003.cafe.ingredients.Coffee.&lt;init&gt;(Coffee.java:10)
	at uk.ac.sheffield.com1003.cafe.ingredients.Coffee.&lt;init&gt;(Coffee.java:10)
	at uk.ac.sheffield.com1003.cafe.ingredients.Coffee.&lt;init&gt;(Coffee.java:10)
	at uk.ac.sheffield.com1003.cafe.ingredients.Coffee.&lt;init&gt;(Coffee.java:10)
	at uk.ac.sheffield.com1003.cafe.ingredients.Coffee.&lt;init&gt;(Coffee.java:10)
	at uk.ac.sheffield.com1003.cafe.ingredients.Coffee.&lt;init&gt;(Coffee.java:10)
	at uk.ac.sheffield.com1003.cafe.ingredients.Coffee.&lt;init&gt;(Coffee.java:10)
	at uk.ac.sheffield.com1003.cafe.ingredients.Coffee.&lt;init&gt;(Coffee.java:10)
	at uk.ac.sheffield.com1003.cafe.ingredients.Coffee.&lt;init&gt;(Coffee.java:10)
	at uk.ac.sheffield.com1003.cafe.ingredients.Coffee.&lt;init&gt;(Coffee.java:10)
	at uk.ac.sheffield.com1003.cafe.ingredients.Coffee.&lt;init&gt;(Coffee.java:10)
	at uk.ac.sheffield.com1003.cafe.ingredients.Coffee.&lt;init&gt;(Coffee.java:10)
	at uk.ac.sheffield.com1003.cafe.ingredients.Coffee.&lt;init&gt;(Coffee.java:10)
	at uk.ac.sheffield.com1003.cafe.ingredients.Coffee.&lt;init&gt;(Coffee.java:10)
	at uk.ac.sheffield.com1003.cafe.ingredients.Coffee.&lt;init&gt;(Coffee.java:10)
	at uk.ac.sheffield.com1003.cafe.ingredients.Coffee.&lt;init&gt;(Coffee.java:10)
	at uk.ac.sheffield.com1003.cafe.ingredients.Coffee.&lt;init&gt;(Coffee.java:10)
	at uk.ac.sheffield.com1003.cafe.ingredients.Coffee.&lt;init&gt;(Coffee.java:10)
	at uk.ac.sheffield.com1003.cafe.ingredients.Coffee.&lt;init&gt;(Coffee.java:10)
	at uk.ac.sheffield.com1003.cafe.ingredients.Coffee.&lt;init&gt;(Coffee.java:10)
	at uk.ac.sheffield.com1003.cafe.ingredients.Coffee.&lt;init&gt;(Coffee.java:10)
	at uk.ac.sheffield.com1003.cafe.ingredients.Coffee.&lt;init&gt;(Coffee.java:10)
	at uk.ac.sheffield.com1003.cafe.ingredients.Coffee.&lt;init&gt;(Coffee.java:10)
	at uk.ac.sheffield.com1003.cafe.ingredients.Coffee.&lt;init&gt;(Coffee.java:10)
	at uk.ac.sheffield.com1003.cafe.ingredients.Coffee.&lt;init&gt;(Coffee.java:10)
	at uk.ac.sheffield.com1003.cafe.ingredients.Coffee.&lt;init&gt;(Coffee.java:10)
	at uk.ac.sheffield.com1003.cafe.ingredients.Coffee.&lt;init&gt;(Coffee.java:10)
	at uk.ac.sheffield.com1003.cafe.ingredients.Coffee.&lt;init&gt;(Coffee.java:10)
	at uk.ac.sheffield.com1003.cafe.ingredients.Coffee.&lt;init&gt;(Coffee.java:10)
	at uk.ac.sheffield.com1003.cafe.ingredients.Coffee.&lt;init&gt;(Coffee.java:10)
	at uk.ac.sheffield.com1003.cafe.ingredients.Coffee.&lt;init&gt;(Coffee.java:10)
	at uk.ac.sheffield.com1003.cafe.ingredients.Coffee.&lt;init&gt;(Coffee.java:10)
	at uk.ac.sheffield.com1003.cafe.ingredients.Coffee.&lt;init&gt;(Coffee.java:10)
	at uk.ac.sheffield.com1003.cafe.ingredients.Coffee.&lt;init&gt;(Coffee.java:10)
	at uk.ac.sheffield.com1003.cafe.ingredients.Coffee.&lt;init&gt;(Coffee.java:10)
	at uk.ac.sheffield.com1003.cafe.ingredients.Coffee.&lt;init&gt;(Coffee.java:10)
	at uk.ac.sheffield.com1003.cafe.ingredients.Coffee.&lt;init&gt;(Coffee.java:10)
	at uk.ac.sheffield.com1003.cafe.ingredients.Coffee.&lt;init&gt;(Coffee.java:10)
	at uk.ac.sheffield.com1003.cafe.ingredients.Coffee.&lt;init&gt;(Coffee.java:10)
	at uk.ac.sheffield.com1003.cafe.ingredients.Coffee.&lt;init&gt;(Coffee.java:10)
	at uk.ac.sheffield.com1003.cafe.ingredients.Coffee.&lt;init&gt;(Coffee.java:10)
	at uk.ac.sheffield.com1003.cafe.ingredients.Coffee.&lt;init&gt;(Coffee.java:10)
	at uk.ac.sheffield.com1003.cafe.ingredients.Coffee.&lt;init&gt;(Coffee.java:10)
	at uk.ac.sheffield.com1003.cafe.ingredients.Coffee.&lt;init&gt;(Coffee.java:10)
	at uk.ac.sheffield.com1003.cafe.ingredients.Coffee.&lt;init&gt;(Coffee.java:10)
	at uk.ac.sheffield.com1003.cafe.ingredients.Coffee.&lt;init&gt;(Coffee.java:10)
	at uk.ac.sheffield.com1003.cafe.ingredients.Coffee.&lt;init&gt;(Coffee.java:10)
	at uk.ac.sheffield.com1003.cafe.ingredients.Coffee.&lt;init&gt;(Coffee.java:10)
	at uk.ac.sheffield.com1003.cafe.ingredients.Coffee.&lt;init&gt;(Coffee.java:10)
	at uk.ac.sheffield.com1003.cafe.ingredients.Coffee.&lt;init&gt;(Coffee.java:10)
	at uk.ac.sheffield.com1003.cafe.ingredients.Coffee.&lt;init&gt;(Coffee.java:10)
	at uk.ac.sheffield.com1003.cafe.ingredients.Coffee.&lt;init&gt;(Coffee.java:10)
	at uk.ac.sheffield.com1003.cafe.ingredients.Coffee.&lt;init&gt;(Coffee.java:10)
	at uk.ac.sheffield.com1003.cafe.ingredients.Coffee.&lt;init&gt;(Coffee.java:10)
	at uk.ac.sheffield.com1003.cafe.ingredients.Coffee.&lt;init&gt;(Coffee.java:10)
	at uk.ac.sheffield.com1003.cafe.ingredients.Coffee.&lt;init&gt;(Coffee.java:10)
	at uk.ac.sheffield.com1003.cafe.ingredients.Coffee.&lt;init&gt;(Coffee.java:10)
	at uk.ac.sheffield.com1003.cafe.ingredients.Coffee.&lt;init&gt;(Coffee.java:10)
	at uk.ac.sheffield.com1003.cafe.ingredients.Coffee.&lt;init&gt;(Coffee.java:10)
	at uk.ac.sheffield.com1003.cafe.ingredients.Coffee.&lt;init&gt;(Coffee.java:10)
	at uk.ac.sheffield.com1003.cafe.ingredients.Coffee.&lt;init&gt;(Coffee.java:10)
	at uk.ac.sheffield.com1003.cafe.ingredients.Coffee.&lt;init&gt;(Coffee.java:10)
	at uk.ac.sheffield.com1003.cafe.ingredients.Coffee.&lt;init&gt;(Coffee.java:10)
	at uk.ac.sheffield.com1003.cafe.ingredients.Coffee.&lt;init&gt;(Coffee.java:10)
	at uk.ac.sheffield.com1003.cafe.ingredients.Coffee.&lt;init&gt;(Coffee.java:10)
	at uk.ac.sheffield.com1003.cafe.ingredients.Coffee.&lt;init&gt;(Coffee.java:10)
	at uk.ac.sheffield.com1003.cafe.ingredients.Coffee.&lt;init&gt;(Coffee.java:10)
	at uk.ac.sheffield.com1003.cafe.ingredients.Coffee.&lt;init&gt;(Coffee.java:10)
	at uk.ac.sheffield.com1003.cafe.ingredients.Coffee.&lt;init&gt;(Coffee.java:10)
	at uk.ac.sheffield.com1003.cafe.ingredients.Coffee.&lt;init&gt;(Coffee.java:10)
	at uk.ac.sheffield.com1003.cafe.ingredients.Coffee.&lt;init&gt;(Coffee.java:10)
	at uk.ac.sheffield.com1003.cafe.ingredients.Coffee.&lt;init&gt;(Coffee.java:10)
	at uk.ac.sheffield.com1003.cafe.ingredients.Coffee.&lt;init&gt;(Coffee.java:10)
	at uk.ac.sheffield.com1003.cafe.ingredients.Coffee.&lt;init&gt;(Coffee.java:10)
	at uk.ac.sheffield.com1003.cafe.ingredients.Coffee.&lt;init&gt;(Coffee.java:10)
	at uk.ac.sheffield.com1003.cafe.ingredients.Coffee.&lt;init&gt;(Coffee.java:10)
	at uk.ac.sheffield.com1003.cafe.ingredients.Coffee.&lt;init&gt;(Coffee.java:10)
	at uk.ac.sheffield.com1003.cafe.ingredients.Coffee.&lt;init&gt;(Coffee.java:10)
	at uk.ac.sheffield.com1003.cafe.ingredients.Coffee.&lt;init&gt;(Coffee.java:10)
	at uk.ac.sheffield.com1003.cafe.ingredients.Coffee.&lt;init&gt;(Coffee.java:10)
	at uk.ac.sheffield.com1003.cafe.ingredients.Coffee.&lt;init&gt;(Coffee.java:10)
	at uk.ac.sheffield.com1003.cafe.ingredients.Coffee.&lt;init&gt;(Coffee.java:10)
	at uk.ac.sheffield.com1003.cafe.ingredients.Coffee.&lt;init&gt;(Coffee.java:10)
	at uk.ac.sheffield.com1003.cafe.ingredients.Coffee.&lt;init&gt;(Coffee.java:10)
	at uk.ac.sheffield.com1003.cafe.ingredients.Coffee.&lt;init&gt;(Coffee.java:10)
	at uk.ac.sheffield.com1003.cafe.ingredients.Coffee.&lt;init&gt;(Coffee.java:10)
	at uk.ac.sheffield.com1003.cafe.ingredients.Coffee.&lt;init&gt;(Coffee.java:10)
	at uk.ac.sheffield.com1003.cafe.ingredients.Coffee.&lt;init&gt;(Coffee.java:10)
	at uk.ac.sheffield.com1003.cafe.ingredients.Coffee.&lt;init&gt;(Coffee.java:10)
	at uk.ac.sheffield.com1003.cafe.ingredients.Coffee.&lt;init&gt;(Coffee.java:10)
	at uk.ac.sheffield.com1003.cafe.ingredients.Coffee.&lt;init&gt;(Coffee.java:10)
	at uk.ac.sheffield.com1003.cafe.ingredients.Coffee.&lt;init&gt;(Coffee.java:10)
	at uk.ac.sheffield.com1003.cafe.ingredients.Coffee.&lt;init&gt;(Coffee.java:10)
	at uk.ac.sheffield.com1003.cafe.ingredients.Coffee.&lt;init&gt;(Coffee.java:10)
	at uk.ac.sheffield.com1003.cafe.ingredients.Coffee.&lt;init&gt;(Coffee.java:10)
	at uk.ac.sheffield.com1003.cafe.ingredients.Coffee.&lt;init&gt;(Coffee.java:10)
	at uk.ac.sheffield.com1003.cafe.ingredients.Coffee.&lt;init&gt;(Coffee.java:10)
	at uk.ac.sheffield.com1003.cafe.ingredients.Coffee.&lt;init&gt;(Coffee.java:10)
	at uk.ac.sheffield.com1003.cafe.ingredients.Coffee.&lt;init&gt;(Coffee.java:10)
	at uk.ac.sheffield.com1003.cafe.ingredients.Coffee.&lt;init&gt;(Coffee.java:10)
	at uk.ac.sheffield.com1003.cafe.ingredients.Coffee.&lt;init&gt;(Coffee.java:10)
	at uk.ac.sheffield.com1003.cafe.ingredients.Coffee.&lt;init&gt;(Coffee.java:10)
	at uk.ac.sheffield.com1003.cafe.ingredients.Coffee.&lt;init&gt;(Coffee.java:10)
	at uk.ac.sheffield.com1003.cafe.ingredients.Coffee.&lt;init&gt;(Coffee.java:10)
	at uk.ac.sheffield.com1003.cafe.ingredients.Coffee.&lt;init&gt;(Coffee.java:10)
	at uk.ac.sheffield.com1003.cafe.ingredients.Coffee.&lt;init&gt;(Coffee.java:10)
	at uk.ac.sheffield.com1003.cafe.ingredients.Coffee.&lt;init&gt;(Coffee.java:10)
	at uk.ac.sheffield.com1003.cafe.ingredients.Coffee.&lt;init&gt;(Coffee.java:10)
	at uk.ac.sheffield.com1003.cafe.ingredients.Coffee.&lt;init&gt;(Coffee.java:10)
	at uk.ac.sheffield.com1003.cafe.ingredients.Coffee.&lt;init&gt;(Coffee.java:10)
	at uk.ac.sheffield.com1003.cafe.ingredients.Coffee.&lt;init&gt;(Coffee.java:10)
	at uk.ac.sheffield.com1003.cafe.ingredients.Coffee.&lt;init&gt;(Coffee.java:10)
	at uk.ac.sheffield.com1003.cafe.ingredients.Coffee.&lt;init&gt;(Coffee.java:10)
	at uk.ac.sheffield.com1003.cafe.ingredients.Coffee.&lt;init&gt;(Coffee.java:10)
	at uk.ac.sheffield.com1003.cafe.ingredients.Coffee.&lt;init&gt;(Coffee.java:10)
	at uk.ac.sheffield.com1003.cafe.ingredients.Coffee.&lt;init&gt;(Coffee.java:10)
	at uk.ac.sheffield.com1003.cafe.ingredients.Coffee.&lt;init&gt;(Coffee.java:10)
	at uk.ac.sheffield.com1003.cafe.ingredients.Coffee.&lt;init&gt;(Coffee.java:10)
	at uk.ac.sheffield.com1003.cafe.ingredients.Coffee.&lt;init&gt;(Coffee.java:10)
	at uk.ac.sheffield.com1003.cafe.ingredients.Coffee.&lt;init&gt;(Coffee.java:10)
	at uk.ac.sheffield.com1003.cafe.ingredients.Coffee.&lt;init&gt;(Coffee.java:10)
	at uk.ac.sheffield.com1003.cafe.ingredients.Coffee.&lt;init&gt;(Coffee.java:10)
	at uk.ac.sheffield.com1003.cafe.ingredients.Coffee.&lt;init&gt;(Coffee.java:10)
	at uk.ac.sheffield.com1003.cafe.ingredients.Coffee.&lt;init&gt;(Coffee.java:10)
	at uk.ac.sheffield.com1003.cafe.ingredients.Coffee.&lt;init&gt;(Coffee.java:10)
	at uk.ac.sheffield.com1003.cafe.ingredients.Coffee.&lt;init&gt;(Coffee.java:10)
	at uk.ac.sheffield.com1003.cafe.ingredients.Coffee.&lt;init&gt;(Coffee.java:10)
	at uk.ac.sheffield.com1003.cafe.ingredients.Coffee.&lt;init&gt;(Coffee.java:10)
	at uk.ac.sheffield.com1003.cafe.ingredients.Coffee.&lt;init&gt;(Coffee.java:10)
	at uk.ac.sheffield.com1003.cafe.ingredients.Coffee.&lt;init&gt;(Coffee.java:10)
	at uk.ac.sheffield.com1003.cafe.ingredients.Coffee.&lt;init&gt;(Coffee.java:10)
	at uk.ac.sheffield.com1003.cafe.ingredients.Coffee.&lt;init&gt;(Coffee.java:10)
	at uk.ac.sheffield.com1003.cafe.ingredients.Coffee.&lt;init&gt;(Coffee.java:10)
	at uk.ac.sheffield.com1003.cafe.ingredients.Coffee.&lt;init&gt;(Coffee.java:10)
	at uk.ac.sheffield.com1003.cafe.ingredients.Coffee.&lt;init&gt;(Coffee.java:10)
	at uk.ac.sheffield.com1003.cafe.ingredients.Coffee.&lt;init&gt;(Coffee.java:10)
	at uk.ac.sheffield.com1003.cafe.ingredients.Coffee.&lt;init&gt;(Coffee.java:10)
	at uk.ac.sheffield.com1003.cafe.ingredients.Coffee.&lt;init&gt;(Coffee.java:10)
	at uk.ac.sheffield.com1003.cafe.ingredients.Coffee.&lt;init&gt;(Coffee.java:10)
	at uk.ac.sheffield.com1003.cafe.ingredients.Coffee.&lt;init&gt;(Coffee.java:10)
	at uk.ac.sheffield.com1003.cafe.ingredients.Coffee.&lt;init&gt;(Coffee.java:10)
	at uk.ac.sheffield.com1003.cafe.ingredients.Coffee.&lt;init&gt;(Coffee.java:10)
	at uk.ac.sheffield.com1003.cafe.ingredients.Coffee.&lt;init&gt;(Coffee.java:10)
	at uk.ac.sheffield.com1003.cafe.ingredients.Coffee.&lt;init&gt;(Coffee.java:10)
	at uk.ac.sheffield.com1003.cafe.ingredients.Coffee.&lt;init&gt;(Coffee.java:10)
	at uk.ac.sheffield.com1003.cafe.ingredients.Coffee.&lt;init&gt;(Coffee.java:10)
	at uk.ac.sheffield.com1003.cafe.ingredients.Coffee.&lt;init&gt;(Coffee.java:10)
	at uk.ac.sheffield.com1003.cafe.ingredients.Coffee.&lt;init&gt;(Coffee.java:10)
	at uk.ac.sheffield.com1003.cafe.ingredients.Coffee.&lt;init&gt;(Coffee.java:10)
	at uk.ac.sheffield.com1003.cafe.ingredients.Coffee.&lt;init&gt;(Coffee.java:10)
	at uk.ac.sheffield.com1003.cafe.ingredients.Coffee.&lt;init&gt;(Coffee.java:10)
	at uk.ac.sheffield.com1003.cafe.ingredients.Coffee.&lt;init&gt;(Coffee.java:10)
	at uk.ac.sheffield.com1003.cafe.ingredients.Coffee.&lt;init&gt;(Coffee.java:10)
	at uk.ac.sheffield.com1003.cafe.ingredients.Coffee.&lt;init&gt;(Coffee.java:10)
	at uk.ac.sheffield.com1003.cafe.ingredients.Coffee.&lt;init&gt;(Coffee.java:10)
	at uk.ac.sheffield.com1003.cafe.ingredients.Coffee.&lt;init&gt;(Coffee.java:10)
	at uk.ac.sheffield.com1003.cafe.ingredients.Coffee.&lt;init&gt;(Coffee.java:10)
	at uk.ac.sheffield.com1003.cafe.ingredients.Coffee.&lt;init&gt;(Coffee.java:10)
	at uk.ac.sheffield.com1003.cafe.ingredients.Coffee.&lt;init&gt;(Coffee.java:10)
	at uk.ac.sheffield.com1003.cafe.ingredients.Coffee.&lt;init&gt;(Coffee.java:10)
	at uk.ac.sheffield.com1003.cafe.ingredients.Coffee.&lt;init&gt;(Coffee.java:10)
	at uk.ac.sheffield.com1003.cafe.ingredients.Coffee.&lt;init&gt;(Coffee.java:10)
	at uk.ac.sheffield.com1003.cafe.ingredients.Coffee.&lt;init&gt;(Coffee.java:10)
	at uk.ac.sheffield.com1003.cafe.ingredients.Coffee.&lt;init&gt;(Coffee.java:10)
	at uk.ac.sheffield.com1003.cafe.ingredients.Coffee.&lt;init&gt;(Coffee.java:10)
	at uk.ac.sheffield.com1003.cafe.ingredients.Coffee.&lt;init&gt;(Coffee.java:10)
	at uk.ac.sheffield.com1003.cafe.ingredients.Coffee.&lt;init&gt;(Coffee.java:10)
	at uk.ac.sheffield.com1003.cafe.ingredients.Coffee.&lt;init&gt;(Coffee.java:10)
	at uk.ac.sheffield.com1003.cafe.ingredients.Coffee.&lt;init&gt;(Coffee.java:10)
	at uk.ac.sheffield.com1003.cafe.ingredients.Coffee.&lt;init&gt;(Coffee.java:10)
	at uk.ac.sheffield.com1003.cafe.ingredients.Coffee.&lt;init&gt;(Coffee.java:10)
	at uk.ac.sheffield.com1003.cafe.ingredients.Coffee.&lt;init&gt;(Coffee.java:10)
	at uk.ac.sheffield.com1003.cafe.ingredients.Coffee.&lt;init&gt;(Coffee.java:10)
	at uk.ac.sheffield.com1003.cafe.ingredients.Coffee.&lt;init&gt;(Coffee.java:10)
	at uk.ac.sheffield.com1003.cafe.ingredients.Coffee.&lt;init&gt;(Coffee.java:10)
	at uk.ac.sheffield.com1003.cafe.ingredients.Coffee.&lt;init&gt;(Coffee.java:10)
	at uk.ac.sheffield.com1003.cafe.ingredients.Coffee.&lt;init&gt;(Coffee.java:10)
	at uk.ac.sheffield.com1003.cafe.ingredients.Coffee.&lt;init&gt;(Coffee.java:10)
	at uk.ac.sheffield.com1003.cafe.ingredients.Coffee.&lt;init&gt;(Coffee.java:10)
	at uk.ac.sheffield.com1003.cafe.ingredients.Coffee.&lt;init&gt;(Coffee.java:10)
	at uk.ac.sheffield.com1003.cafe.ingredients.Coffee.&lt;init&gt;(Coffee.java:10)
	at uk.ac.sheffield.com1003.cafe.ingredients.Coffee.&lt;init&gt;(Coffee.java:10)
	at uk.ac.sheffield.com1003.cafe.ingredients.Coffee.&lt;init&gt;(Coffee.java:10)
	at uk.ac.sheffield.com1003.cafe.ingredients.Coffee.&lt;init&gt;(Coffee.java:10)
	at uk.ac.sheffield.com1003.cafe.ingredients.Coffee.&lt;init&gt;(Coffee.java:10)
	at uk.ac.sheffield.com1003.cafe.ingredients.Coffee.&lt;init&gt;(Coffee.java:10)
	at uk.ac.sheffield.com1003.cafe.ingredients.Coffee.&lt;init&gt;(Coffee.java:10)
	at uk.ac.sheffield.com1003.cafe.ingredients.Coffee.&lt;init&gt;(Coffee.java:10)
	at uk.ac.sheffield.com1003.cafe.ingredients.Coffee.&lt;init&gt;(Coffee.java:10)
	at uk.ac.sheffield.com1003.cafe.ingredients.Coffee.&lt;init&gt;(Coffee.java:10)
	at uk.ac.sheffield.com1003.cafe.ingredients.Coffee.&lt;init&gt;(Coffee.java:10)
	at uk.ac.sheffield.com1003.cafe.ingredients.Coffee.&lt;init&gt;(Coffee.java:10)
	at uk.ac.sheffield.com1003.cafe.ingredients.Coffee.&lt;init&gt;(Coffee.java:10)
	at uk.ac.sheffield.com1003.cafe.ingredients.Coffee.&lt;init&gt;(Coffee.java:10)
	at uk.ac.sheffield.com1003.cafe.ingredients.Coffee.&lt;init&gt;(Coffee.java:10)
	at uk.ac.sheffield.com1003.cafe.ingredients.Coffee.&lt;init&gt;(Coffee.java:10)
	at uk.ac.sheffield.com1003.cafe.ingredients.Coffee.&lt;init&gt;(Coffee.java:10)
	at uk.ac.sheffield.com1003.cafe.ingredients.Coffee.&lt;init&gt;(Coffee.java:10)
	at uk.ac.sheffield.com1003.cafe.ingredients.Coffee.&lt;init&gt;(Coffee.java:10)
	at uk.ac.sheffield.com1003.cafe.ingredients.Coffee.&lt;init&gt;(Coffee.java:10)
	at uk.ac.sheffield.com1003.cafe.ingredients.Coffee.&lt;init&gt;(Coffee.java:10)
	at uk.ac.sheffield.com1003.cafe.ingredients.Coffee.&lt;init&gt;(Coffee.java:10)
	at uk.ac.sheffield.com1003.cafe.ingredients.Coffee.&lt;init&gt;(Coffee.java:10)
	at uk.ac.sheffield.com1003.cafe.ingredients.Coffee.&lt;init&gt;(Coffee.java:10)
	at uk.ac.sheffield.com1003.cafe.ingredients.Coffee.&lt;init&gt;(Coffee.java:10)
	at uk.ac.sheffield.com1003.cafe.ingredients.Coffee.&lt;init&gt;(Coffee.java:10)
	at uk.ac.sheffield.com1003.cafe.ingredients.Coffee.&lt;init&gt;(Coffee.java:10)
	at uk.ac.sheffield.com1003.cafe.ingredients.Coffee.&lt;init&gt;(Coffee.java:10)
	at uk.ac.sheffield.com1003.cafe.ingredients.Coffee.&lt;init&gt;(Coffee.java:10)
	at uk.ac.sheffield.com1003.cafe.ingredients.Coffee.&lt;init&gt;(Coffee.java:10)
	at uk.ac.sheffield.com1003.cafe.ingredients.Coffee.&lt;init&gt;(Coffee.java:10)
	at uk.ac.sheffield.com1003.cafe.ingredients.Coffee.&lt;init&gt;(Coffee.java:10)
	at uk.ac.sheffield.com1003.cafe.ingredients.Coffee.&lt;init&gt;(Coffee.java:10)
	at uk.ac.sheffield.com1003.cafe.ingredients.Coffee.&lt;init&gt;(Coffee.java:10)
	at uk.ac.sheffield.com1003.cafe.ingredients.Coffee.&lt;init&gt;(Coffee.java:10)
	at uk.ac.sheffield.com1003.cafe.ingredients.Coffee.&lt;init&gt;(Coffee.java:10)
	at uk.ac.sheffield.com1003.cafe.ingredients.Coffee.&lt;init&gt;(Coffee.java:10)
	at uk.ac.sheffield.com1003.cafe.ingredients.Coffee.&lt;init&gt;(Coffee.java:10)
	at uk.ac.sheffield.com1003.cafe.ingredients.Coffee.&lt;init&gt;(Coffee.java:10)
	at uk.ac.sheffield.com1003.cafe.ingredients.Coffee.&lt;init&gt;(Coffee.java:10)
	at uk.ac.sheffield.com1003.cafe.ingredients.Coffee.&lt;init&gt;(Coffee.java:10)
	at uk.ac.sheffield.com1003.cafe.ingredients.Coffee.&lt;init&gt;(Coffee.java:10)
	at uk.ac.sheffield.com1003.cafe.ingredients.Coffee.&lt;init&gt;(Coffee.java:10)
	at uk.ac.sheffield.com1003.cafe.ingredients.Coffee.&lt;init&gt;(Coffee.java:10)
	at uk.ac.sheffield.com1003.cafe.ingredients.Coffee.&lt;init&gt;(Coffee.java:10)
	at uk.ac.sheffield.com1003.cafe.ingredients.Coffee.&lt;init&gt;(Coffee.java:10)
	at uk.ac.sheffield.com1003.cafe.ingredients.Coffee.&lt;init&gt;(Coffee.java:10)
	at uk.ac.sheffield.com1003.cafe.ingredients.Coffee.&lt;init&gt;(Coffee.java:10)
	at uk.ac.sheffield.com1003.cafe.ingredients.Coffee.&lt;init&gt;(Coffee.java:10)
	at uk.ac.sheffield.com1003.cafe.ingredients.Coffee.&lt;init&gt;(Coffee.java:10)
	at uk.ac.sheffield.com1003.cafe.ingredients.Coffee.&lt;init&gt;(Coffee.java:10)
	at uk.ac.sheffield.com1003.cafe.ingredients.Coffee.&lt;init&gt;(Coffee.java:10)
	at uk.ac.sheffield.com1003.cafe.ingredients.Coffee.&lt;init&gt;(Coffee.java:10)
	at uk.ac.sheffield.com1003.cafe.ingredients.Coffee.&lt;init&gt;(Coffee.java:10)
	at uk.ac.sheffield.com1003.cafe.ingredients.Coffee.&lt;init&gt;(Coffee.java:10)
	at uk.ac.sheffield.com1003.cafe.ingredients.Coffee.&lt;init&gt;(Coffee.java:10)
	at uk.ac.sheffield.com1003.cafe.ingredients.Coffee.&lt;init&gt;(Coffee.java:10)
	at uk.ac.sheffield.com1003.cafe.ingredients.Coffee.&lt;init&gt;(Coffee.java:10)
	at uk.ac.sheffield.com1003.cafe.ingredients.Coffee.&lt;init&gt;(Coffee.java:10)
	at uk.ac.sheffield.com1003.cafe.ingredients.Coffee.&lt;init&gt;(Coffee.java:10)
	at uk.ac.sheffield.com1003.cafe.ingredients.Coffee.&lt;init&gt;(Coffee.java:10)
	at uk.ac.sheffield.com1003.cafe.ingredients.Coffee.&lt;init&gt;(Coffee.java:10)
	at uk.ac.sheffield.com1003.cafe.ingredients.Coffee.&lt;init&gt;(Coffee.java:10)
	at uk.ac.sheffield.com1003.cafe.ingredients.Coffee.&lt;init&gt;(Coffee.java:10)
	at uk.ac.sheffield.com1003.cafe.ingredients.Coffee.&lt;init&gt;(Coffee.java:10)
	at uk.ac.sheffield.com1003.cafe.ingredients.Coffee.&lt;init&gt;(Coffee.java:10)
	at uk.ac.sheffield.com1003.cafe.ingredients.Coffee.&lt;init&gt;(Coffee.java:10)
	at uk.ac.sheffield.com1003.cafe.ingredients.Coffee.&lt;init&gt;(Coffee.java:10)
	at uk.ac.sheffield.com1003.cafe.ingredients.Coffee.&lt;init&gt;(Coffee.java:10)
	at uk.ac.sheffield.com1003.cafe.ingredients.Coffee.&lt;init&gt;(Coffee.java:10)
	at uk.ac.sheffield.com1003.cafe.ingredients.Coffee.&lt;init&gt;(Coffee.java:10)
	at uk.ac.sheffield.com1003.cafe.ingredients.Coffee.&lt;init&gt;(Coffee.java:10)
	at uk.ac.sheffield.com1003.cafe.ingredients.Coffee.&lt;init&gt;(Coffee.java:10)
	at uk.ac.sheffield.com1003.cafe.ingredients.Coffee.&lt;init&gt;(Coffee.java:10)
	at uk.ac.sheffield.com1003.cafe.ingredients.Coffee.&lt;init&gt;(Coffee.java:10)
	at uk.ac.sheffield.com1003.cafe.ingredients.Coffee.&lt;init&gt;(Coffee.java:10)
	at uk.ac.sheffield.com1003.cafe.ingredients.Coffee.&lt;init&gt;(Coffee.java:10)
	at uk.ac.sheffield.com1003.cafe.ingredients.Coffee.&lt;init&gt;(Coffee.java:10)
	at uk.ac.sheffield.com1003.cafe.ingredients.Coffee.&lt;init&gt;(Coffee.java:10)
	at uk.ac.sheffield.com1003.cafe.ingredients.Coffee.&lt;init&gt;(Coffee.java:10)
	at uk.ac.sheffield.com1003.cafe.ingredients.Coffee.&lt;init&gt;(Coffee.java:10)
	at uk.ac.sheffield.com1003.cafe.ingredients.Coffee.&lt;init&gt;(Coffee.java:10)
	at uk.ac.sheffield.com1003.cafe.ingredients.Coffee.&lt;init&gt;(Coffee.java:10)
	at uk.ac.sheffield.com1003.cafe.ingredients.Coffee.&lt;init&gt;(Coffee.java:10)
	at uk.ac.sheffield.com1003.cafe.ingredients.Coffee.&lt;init&gt;(Coffee.java:10)
	at uk.ac.sheffield.com1003.cafe.ingredients.Coffee.&lt;init&gt;(Coffee.java:10)
	at uk.ac.sheffield.com1003.cafe.ingredients.Coffee.&lt;init&gt;(Coffee.java:10)
	at uk.ac.sheffield.com1003.cafe.ingredients.Coffee.&lt;init&gt;(Coffee.java:10)
	at uk.ac.sheffield.com1003.cafe.ingredients.Coffee.&lt;init&gt;(Coffee.java:10)
	at uk.ac.sheffield.com1003.cafe.ingredients.Coffee.&lt;init&gt;(Coffee.java:10)
	at uk.ac.sheffield.com1003.cafe.ingredients.Coffee.&lt;init&gt;(Coffee.java:10)
	at uk.ac.sheffield.com1003.cafe.ingredients.Coffee.&lt;init&gt;(Coffee.java:10)
	at uk.ac.sheffield.com1003.cafe.ingredients.Coffee.&lt;init&gt;(Coffee.java:10)
	at uk.ac.sheffield.com1003.cafe.ingredients.Coffee.&lt;init&gt;(Coffee.java:10)
	at uk.ac.sheffield.com1003.cafe.ingredients.Coffee.&lt;init&gt;(Coffee.java:10)
	at uk.ac.sheffield.com1003.cafe.ingredients.Coffee.&lt;init&gt;(Coffee.java:10)
	at uk.ac.sheffield.com1003.cafe.ingredients.Coffee.&lt;init&gt;(Coffee.java:10)
	at uk.ac.sheffield.com1003.cafe.ingredients.Coffee.&lt;init&gt;(Coffee.java:10)
	at uk.ac.sheffield.com1003.cafe.ingredients.Coffee.&lt;init&gt;(Coffee.java:10)
	at uk.ac.sheffield.com1003.cafe.ingredients.Coffee.&lt;init&gt;(Coffee.java:10)
	at uk.ac.sheffield.com1003.cafe.ingredients.Coffee.&lt;init&gt;(Coffee.java:10)
	at uk.ac.sheffield.com1003.cafe.ingredients.Coffee.&lt;init&gt;(Coffee.java:10)
	at uk.ac.sheffield.com1003.cafe.ingredients.Coffee.&lt;init&gt;(Coffee.java:10)
	at uk.ac.sheffield.com1003.cafe.ingredients.Coffee.&lt;init&gt;(Coffee.java:10)
	at uk.ac.sheffield.com1003.cafe.ingredients.Coffee.&lt;init&gt;(Coffee.java:10)
	at uk.ac.sheffield.com1003.cafe.ingredients.Coffee.&lt;init&gt;(Coffee.java:10)
	at uk.ac.sheffield.com1003.cafe.ingredients.Coffee.&lt;init&gt;(Coffee.java:10)
	at uk.ac.sheffield.com1003.cafe.ingredients.Coffee.&lt;init&gt;(Coffee.java:10)
	at uk.ac.sheffield.com1003.cafe.ingredients.Coffee.&lt;init&gt;(Coffee.java:10)
	at uk.ac.sheffield.com1003.cafe.ingredients.Coffee.&lt;init&gt;(Coffee.java:10)
	at uk.ac.sheffield.com1003.cafe.ingredients.Coffee.&lt;init&gt;(Coffee.java:10)
	at uk.ac.sheffield.com1003.cafe.ingredients.Coffee.&lt;init&gt;(Coffee.java:10)
	at uk.ac.sheffield.com1003.cafe.ingredients.Coffee.&lt;init&gt;(Coffee.java:10)
	at uk.ac.sheffield.com1003.cafe.ingredients.Coffee.&lt;init&gt;(Coffee.java:10)
	at uk.ac.sheffield.com1003.cafe.ingredients.Coffee.&lt;init&gt;(Coffee.java:10)
	at uk.ac.sheffield.com1003.cafe.ingredients.Coffee.&lt;init&gt;(Coffee.java:10)
	at uk.ac.sheffield.com1003.cafe.ingredients.Coffee.&lt;init&gt;(Coffee.java:10)
	at uk.ac.sheffield.com1003.cafe.ingredients.Coffee.&lt;init&gt;(Coffee.java:10)
	at uk.ac.sheffield.com1003.cafe.ingredients.Coffee.&lt;init&gt;(Coffee.java:10)
	at uk.ac.sheffield.com1003.cafe.ingredients.Coffee.&lt;init&gt;(Coffee.java:10)
	at uk.ac.sheffield.com1003.cafe.ingredients.Coffee.&lt;init&gt;(Coffee.java:10)
	at uk.ac.sheffield.com1003.cafe.ingredients.Coffee.&lt;init&gt;(Coffee.java:10)
	at uk.ac.sheffield.com1003.cafe.ingredients.Coffee.&lt;init&gt;(Coffee.java:10)
	at uk.ac.sheffield.com1003.cafe.ingredients.Coffee.&lt;init&gt;(Coffee.java:10)
	at uk.ac.sheffield.com1003.cafe.ingredients.Coffee.&lt;init&gt;(Coffee.java:10)
	at uk.ac.sheffield.com1003.cafe.ingredients.Coffee.&lt;init&gt;(Coffee.java:10)
	at uk.ac.sheffield.com1003.cafe.ingredients.Coffee.&lt;init&gt;(Coffee.java:10)
	at uk.ac.sheffield.com1003.cafe.ingredients.Coffee.&lt;init&gt;(Coffee.java:10)
	at uk.ac.sheffield.com1003.cafe.ingredients.Coffee.&lt;init&gt;(Coffee.java:10)
	at uk.ac.sheffield.com1003.cafe.ingredients.Coffee.&lt;init&gt;(Coffee.java:10)
	at uk.ac.sheffield.com1003.cafe.ingredients.Coffee.&lt;init&gt;(Coffee.java:10)
	at uk.ac.sheffield.com1003.cafe.ingredients.Coffee.&lt;init&gt;(Coffee.java:10)
	at uk.ac.sheffield.com1003.cafe.ingredients.Coffee.&lt;init&gt;(Coffee.java:10)
	at uk.ac.sheffield.com1003.cafe.ingredients.Coffee.&lt;init&gt;(Coffee.java:10)
	at uk.ac.sheffield.com1003.cafe.ingredients.Coffee.&lt;init&gt;(Coffee.java:10)
	at uk.ac.sheffield.com1003.cafe.ingredients.Coffee.&lt;init&gt;(Coffee.java:10)
	at uk.ac.sheffield.com1003.cafe.ingredients.Coffee.&lt;init&gt;(Coffee.java:10)
	at uk.ac.sheffield.com1003.cafe.ingredients.Coffee.&lt;init&gt;(Coffee.java:10)
	at uk.ac.sheffield.com1003.cafe.ingredients.Coffee.&lt;init&gt;(Coffee.java:10)
	at uk.ac.sheffield.com1003.cafe.ingredients.Coffee.&lt;init&gt;(Coffee.java:10)
	at uk.ac.sheffield.com1003.cafe.ingredients.Coffee.&lt;init&gt;(Coffee.java:10)
	at uk.ac.sheffield.com1003.cafe.ingredients.Coffee.&lt;init&gt;(Coffee.java:10)
	at uk.ac.sheffield.com1003.cafe.ingredients.Coffee.&lt;init&gt;(Coffee.java:10)
	at uk.ac.sheffield.com1003.cafe.ingredients.Coffee.&lt;init&gt;(Coffee.java:10)
	at uk.ac.sheffield.com1003.cafe.ingredients.Coffee.&lt;init&gt;(Coffee.java:10)
	at uk.ac.sheffield.com1003.cafe.ingredients.Coffee.&lt;init&gt;(Coffee.java:10)
	at uk.ac.sheffield.com1003.cafe.ingredients.Coffee.&lt;init&gt;(Coffee.java:10)
	at uk.ac.sheffield.com1003.cafe.ingredients.Coffee.&lt;init&gt;(Coffee.java:10)
	at uk.ac.sheffield.com1003.cafe.ingredients.Coffee.&lt;init&gt;(Coffee.java:10)
	at uk.ac.sheffield.com1003.cafe.ingredients.Coffee.&lt;init&gt;(Coffee.java:10)
	at uk.ac.sheffield.com1003.cafe.ingredients.Coffee.&lt;init&gt;(Coffee.java:10)
	at uk.ac.sheffield.com1003.cafe.ingredients.Coffee.&lt;init&gt;(Coffee.java:10)
	at uk.ac.sheffield.com1003.cafe.ingredients.Coffee.&lt;init&gt;(Coffee.java:10)
	at uk.ac.sheffield.com1003.cafe.ingredients.Coffee.&lt;init&gt;(Coffee.java:10)
	at uk.ac.sheffield.com1003.cafe.ingredients.Coffee.&lt;init&gt;(Coffee.java:10)
	at uk.ac.sheffield.com1003.cafe.ingredients.Coffee.&lt;init&gt;(Coffee.java:10)
	at uk.ac.sheffield.com1003.cafe.ingredients.Coffee.&lt;init&gt;(Coffee.java:10)
	at uk.ac.sheffield.com1003.cafe.ingredients.Coffee.&lt;init&gt;(Coffee.java:10)
	at uk.ac.sheffield.com1003.cafe.ingredients.Coffee.&lt;init&gt;(Coffee.java:10)
	at uk.ac.sheffield.com1003.cafe.ingredients.Coffee.&lt;init&gt;(Coffee.java:10)
	at uk.ac.sheffield.com1003.cafe.ingredients.Coffee.&lt;init&gt;(Coffee.java:10)
	at uk.ac.sheffield.com1003.cafe.ingredients.Coffee.&lt;init&gt;(Coffee.java:10)
	at uk.ac.sheffield.com1003.cafe.ingredients.Coffee.&lt;init&gt;(Coffee.java:10)
	at uk.ac.sheffield.com1003.cafe.ingredients.Coffee.&lt;init&gt;(Coffee.java:10)
	at uk.ac.sheffield.com1003.cafe.ingredients.Coffee.&lt;init&gt;(Coffee.java:10)
	at uk.ac.sheffield.com1003.cafe.ingredients.Coffee.&lt;init&gt;(Coffee.java:10)
	at uk.ac.sheffield.com1003.cafe.ingredients.Coffee.&lt;init&gt;(Coffee.java:10)
	at uk.ac.sheffield.com1003.cafe.ingredients.Coffee.&lt;init&gt;(Coffee.java:10)
	at uk.ac.sheffield.com1003.cafe.ingredients.Coffee.&lt;init&gt;(Coffee.java:10)
	at uk.ac.sheffield.com1003.cafe.ingredients.Coffee.&lt;init&gt;(Coffee.java:10)
	at uk.ac.sheffield.com1003.cafe.ingredients.Coffee.&lt;init&gt;(Coffee.java:10)
	at uk.ac.sheffield.com1003.cafe.ingredients.Coffee.&lt;init&gt;(Coffee.java:10)
	at uk.ac.sheffield.com1003.cafe.ingredients.Coffee.&lt;init&gt;(Coffee.java:10)
	at uk.ac.sheffield.com1003.cafe.ingredients.Coffee.&lt;init&gt;(Coffee.java:10)
	at uk.ac.sheffield.com1003.cafe.ingredients.Coffee.&lt;init&gt;(Coffee.java:10)
	at uk.ac.sheffield.com1003.cafe.ingredients.Coffee.&lt;init&gt;(Coffee.java:10)
	at uk.ac.sheffield.com1003.cafe.ingredients.Coffee.&lt;init&gt;(Coffee.java:10)
	at uk.ac.sheffield.com1003.cafe.ingredients.Coffee.&lt;init&gt;(Coffee.java:10)
	at uk.ac.sheffield.com1003.cafe.ingredients.Coffee.&lt;init&gt;(Coffee.java:10)
</failure>
  </testcase>
  <testcase name="testRecipeEqualsDifferentOrderOfSameIngredients" classname="uk.ac.sheffield.com1003.cafe.TestCafeTask5" time="0.007">
    <failure message="java.lang.StackOverflowError" type="java.lang.StackOverflowError">java.lang.StackOverflowError
	at uk.ac.sheffield.com1003.cafe.ingredients.Coffee.&lt;init&gt;(Coffee.java:10)
	at uk.ac.sheffield.com1003.cafe.ingredients.Coffee.&lt;init&gt;(Coffee.java:10)
	at uk.ac.sheffield.com1003.cafe.ingredients.Coffee.&lt;init&gt;(Coffee.java:10)
	at uk.ac.sheffield.com1003.cafe.ingredients.Coffee.&lt;init&gt;(Coffee.java:10)
	at uk.ac.sheffield.com1003.cafe.ingredients.Coffee.&lt;init&gt;(Coffee.java:10)
	at uk.ac.sheffield.com1003.cafe.ingredients.Coffee.&lt;init&gt;(Coffee.java:10)
	at uk.ac.sheffield.com1003.cafe.ingredients.Coffee.&lt;init&gt;(Coffee.java:10)
	at uk.ac.sheffield.com1003.cafe.ingredients.Coffee.&lt;init&gt;(Coffee.java:10)
	at uk.ac.sheffield.com1003.cafe.ingredients.Coffee.&lt;init&gt;(Coffee.java:10)
	at uk.ac.sheffield.com1003.cafe.ingredients.Coffee.&lt;init&gt;(Coffee.java:10)
	at uk.ac.sheffield.com1003.cafe.ingredients.Coffee.&lt;init&gt;(Coffee.java:10)
	at uk.ac.sheffield.com1003.cafe.ingredients.Coffee.&lt;init&gt;(Coffee.java:10)
	at uk.ac.sheffield.com1003.cafe.ingredients.Coffee.&lt;init&gt;(Coffee.java:10)
	at uk.ac.sheffield.com1003.cafe.ingredients.Coffee.&lt;init&gt;(Coffee.java:10)
	at uk.ac.sheffield.com1003.cafe.ingredients.Coffee.&lt;init&gt;(Coffee.java:10)
	at uk.ac.sheffield.com1003.cafe.ingredients.Coffee.&lt;init&gt;(Coffee.java:10)
	at uk.ac.sheffield.com1003.cafe.ingredients.Coffee.&lt;init&gt;(Coffee.java:10)
	at uk.ac.sheffield.com1003.cafe.ingredients.Coffee.&lt;init&gt;(Coffee.java:10)
	at uk.ac.sheffield.com1003.cafe.ingredients.Coffee.&lt;init&gt;(Coffee.java:10)
	at uk.ac.sheffield.com1003.cafe.ingredients.Coffee.&lt;init&gt;(Coffee.java:10)
	at uk.ac.sheffield.com1003.cafe.ingredients.Coffee.&lt;init&gt;(Coffee.java:10)
	at uk.ac.sheffield.com1003.cafe.ingredients.Coffee.&lt;init&gt;(Coffee.java:10)
	at uk.ac.sheffield.com1003.cafe.ingredients.Coffee.&lt;init&gt;(Coffee.java:10)
	at uk.ac.sheffield.com1003.cafe.ingredients.Coffee.&lt;init&gt;(Coffee.java:10)
	at uk.ac.sheffield.com1003.cafe.ingredients.Coffee.&lt;init&gt;(Coffee.java:10)
	at uk.ac.sheffield.com1003.cafe.ingredients.Coffee.&lt;init&gt;(Coffee.java:10)
	at uk.ac.sheffield.com1003.cafe.ingredients.Coffee.&lt;init&gt;(Coffee.java:10)
	at uk.ac.sheffield.com1003.cafe.ingredients.Coffee.&lt;init&gt;(Coffee.java:10)
	at uk.ac.sheffield.com1003.cafe.ingredients.Coffee.&lt;init&gt;(Coffee.java:10)
	at uk.ac.sheffield.com1003.cafe.ingredients.Coffee.&lt;init&gt;(Coffee.java:10)
	at uk.ac.sheffield.com1003.cafe.ingredients.Coffee.&lt;init&gt;(Coffee.java:10)
	at uk.ac.sheffield.com1003.cafe.ingredients.Coffee.&lt;init&gt;(Coffee.java:10)
	at uk.ac.sheffield.com1003.cafe.ingredients.Coffee.&lt;init&gt;(Coffee.java:10)
	at uk.ac.sheffield.com1003.cafe.ingredients.Coffee.&lt;init&gt;(Coffee.java:10)
	at uk.ac.sheffield.com1003.cafe.ingredients.Coffee.&lt;init&gt;(Coffee.java:10)
	at uk.ac.sheffield.com1003.cafe.ingredients.Coffee.&lt;init&gt;(Coffee.java:10)
	at uk.ac.sheffield.com1003.cafe.ingredients.Coffee.&lt;init&gt;(Coffee.java:10)
	at uk.ac.sheffield.com1003.cafe.ingredients.Coffee.&lt;init&gt;(Coffee.java:10)
	at uk.ac.sheffield.com1003.cafe.ingredients.Coffee.&lt;init&gt;(Coffee.java:10)
	at uk.ac.sheffield.com1003.cafe.ingredients.Coffee.&lt;init&gt;(Coffee.java:10)
	at uk.ac.sheffield.com1003.cafe.ingredients.Coffee.&lt;init&gt;(Coffee.java:10)
	at uk.ac.sheffield.com1003.cafe.ingredients.Coffee.&lt;init&gt;(Coffee.java:10)
	at uk.ac.sheffield.com1003.cafe.ingredients.Coffee.&lt;init&gt;(Coffee.java:10)
	at uk.ac.sheffield.com1003.cafe.ingredients.Coffee.&lt;init&gt;(Coffee.java:10)
	at uk.ac.sheffield.com1003.cafe.ingredients.Coffee.&lt;init&gt;(Coffee.java:10)
	at uk.ac.sheffield.com1003.cafe.ingredients.Coffee.&lt;init&gt;(Coffee.java:10)
	at uk.ac.sheffield.com1003.cafe.ingredients.Coffee.&lt;init&gt;(Coffee.java:10)
	at uk.ac.sheffield.com1003.cafe.ingredients.Coffee.&lt;init&gt;(Coffee.java:10)
	at uk.ac.sheffield.com1003.cafe.ingredients.Coffee.&lt;init&gt;(Coffee.java:10)
	at uk.ac.sheffield.com1003.cafe.ingredients.Coffee.&lt;init&gt;(Coffee.java:10)
	at uk.ac.sheffield.com1003.cafe.ingredients.Coffee.&lt;init&gt;(Coffee.java:10)
	at uk.ac.sheffield.com1003.cafe.ingredients.Coffee.&lt;init&gt;(Coffee.java:10)
	at uk.ac.sheffield.com1003.cafe.ingredients.Coffee.&lt;init&gt;(Coffee.java:10)
	at uk.ac.sheffield.com1003.cafe.ingredients.Coffee.&lt;init&gt;(Coffee.java:10)
	at uk.ac.sheffield.com1003.cafe.ingredients.Coffee.&lt;init&gt;(Coffee.java:10)
	at uk.ac.sheffield.com1003.cafe.ingredients.Coffee.&lt;init&gt;(Coffee.java:10)
	at uk.ac.sheffield.com1003.cafe.ingredients.Coffee.&lt;init&gt;(Coffee.java:10)
	at uk.ac.sheffield.com1003.cafe.ingredients.Coffee.&lt;init&gt;(Coffee.java:10)
	at uk.ac.sheffield.com1003.cafe.ingredients.Coffee.&lt;init&gt;(Coffee.java:10)
	at uk.ac.sheffield.com1003.cafe.ingredients.Coffee.&lt;init&gt;(Coffee.java:10)
	at uk.ac.sheffield.com1003.cafe.ingredients.Coffee.&lt;init&gt;(Coffee.java:10)
	at uk.ac.sheffield.com1003.cafe.ingredients.Coffee.&lt;init&gt;(Coffee.java:10)
	at uk.ac.sheffield.com1003.cafe.ingredients.Coffee.&lt;init&gt;(Coffee.java:10)
	at uk.ac.sheffield.com1003.cafe.ingredients.Coffee.&lt;init&gt;(Coffee.java:10)
	at uk.ac.sheffield.com1003.cafe.ingredients.Coffee.&lt;init&gt;(Coffee.java:10)
	at uk.ac.sheffield.com1003.cafe.ingredients.Coffee.&lt;init&gt;(Coffee.java:10)
	at uk.ac.sheffield.com1003.cafe.ingredients.Coffee.&lt;init&gt;(Coffee.java:10)
	at uk.ac.sheffield.com1003.cafe.ingredients.Coffee.&lt;init&gt;(Coffee.java:10)
	at uk.ac.sheffield.com1003.cafe.ingredients.Coffee.&lt;init&gt;(Coffee.java:10)
	at uk.ac.sheffield.com1003.cafe.ingredients.Coffee.&lt;init&gt;(Coffee.java:10)
	at uk.ac.sheffield.com1003.cafe.ingredients.Coffee.&lt;init&gt;(Coffee.java:10)
	at uk.ac.sheffield.com1003.cafe.ingredients.Coffee.&lt;init&gt;(Coffee.java:10)
	at uk.ac.sheffield.com1003.cafe.ingredients.Coffee.&lt;init&gt;(Coffee.java:10)
	at uk.ac.sheffield.com1003.cafe.ingredients.Coffee.&lt;init&gt;(Coffee.java:10)
	at uk.ac.sheffield.com1003.cafe.ingredients.Coffee.&lt;init&gt;(Coffee.java:10)
	at uk.ac.sheffield.com1003.cafe.ingredients.Coffee.&lt;init&gt;(Coffee.java:10)
	at uk.ac.sheffield.com1003.cafe.ingredients.Coffee.&lt;init&gt;(Coffee.java:10)
	at uk.ac.sheffield.com1003.cafe.ingredients.Coffee.&lt;init&gt;(Coffee.java:10)
	at uk.ac.sheffield.com1003.cafe.ingredients.Coffee.&lt;init&gt;(Coffee.java:10)
	at uk.ac.sheffield.com1003.cafe.ingredients.Coffee.&lt;init&gt;(Coffee.java:10)
	at uk.ac.sheffield.com1003.cafe.ingredients.Coffee.&lt;init&gt;(Coffee.java:10)
	at uk.ac.sheffield.com1003.cafe.ingredients.Coffee.&lt;init&gt;(Coffee.java:10)
	at uk.ac.sheffield.com1003.cafe.ingredients.Coffee.&lt;init&gt;(Coffee.java:10)
	at uk.ac.sheffield.com1003.cafe.ingredients.Coffee.&lt;init&gt;(Coffee.java:10)
	at uk.ac.sheffield.com1003.cafe.ingredients.Coffee.&lt;init&gt;(Coffee.java:10)
	at uk.ac.sheffield.com1003.cafe.ingredients.Coffee.&lt;init&gt;(Coffee.java:10)
	at uk.ac.sheffield.com1003.cafe.ingredients.Coffee.&lt;init&gt;(Coffee.java:10)
	at uk.ac.sheffield.com1003.cafe.ingredients.Coffee.&lt;init&gt;(Coffee.java:10)
	at uk.ac.sheffield.com1003.cafe.ingredients.Coffee.&lt;init&gt;(Coffee.java:10)
	at uk.ac.sheffield.com1003.cafe.ingredients.Coffee.&lt;init&gt;(Coffee.java:10)
	at uk.ac.sheffield.com1003.cafe.ingredients.Coffee.&lt;init&gt;(Coffee.java:10)
	at uk.ac.sheffield.com1003.cafe.ingredients.Coffee.&lt;init&gt;(Coffee.java:10)
	at uk.ac.sheffield.com1003.cafe.ingredients.Coffee.&lt;init&gt;(Coffee.java:10)
	at uk.ac.sheffield.com1003.cafe.ingredients.Coffee.&lt;init&gt;(Coffee.java:10)
	at uk.ac.sheffield.com1003.cafe.ingredients.Coffee.&lt;init&gt;(Coffee.java:10)
	at uk.ac.sheffield.com1003.cafe.ingredients.Coffee.&lt;init&gt;(Coffee.java:10)
	at uk.ac.sheffield.com1003.cafe.ingredients.Coffee.&lt;init&gt;(Coffee.java:10)
	at uk.ac.sheffield.com1003.cafe.ingredients.Coffee.&lt;init&gt;(Coffee.java:10)
	at uk.ac.sheffield.com1003.cafe.ingredients.Coffee.&lt;init&gt;(Coffee.java:10)
	at uk.ac.sheffield.com1003.cafe.ingredients.Coffee.&lt;init&gt;(Coffee.java:10)
	at uk.ac.sheffield.com1003.cafe.ingredients.Coffee.&lt;init&gt;(Coffee.java:10)
	at uk.ac.sheffield.com1003.cafe.ingredients.Coffee.&lt;init&gt;(Coffee.java:10)
	at uk.ac.sheffield.com1003.cafe.ingredients.Coffee.&lt;init&gt;(Coffee.java:10)
	at uk.ac.sheffield.com1003.cafe.ingredients.Coffee.&lt;init&gt;(Coffee.java:10)
	at uk.ac.sheffield.com1003.cafe.ingredients.Coffee.&lt;init&gt;(Coffee.java:10)
	at uk.ac.sheffield.com1003.cafe.ingredients.Coffee.&lt;init&gt;(Coffee.java:10)
	at uk.ac.sheffield.com1003.cafe.ingredients.Coffee.&lt;init&gt;(Coffee.java:10)
	at uk.ac.sheffield.com1003.cafe.ingredients.Coffee.&lt;init&gt;(Coffee.java:10)
	at uk.ac.sheffield.com1003.cafe.ingredients.Coffee.&lt;init&gt;(Coffee.java:10)
	at uk.ac.sheffield.com1003.cafe.ingredients.Coffee.&lt;init&gt;(Coffee.java:10)
	at uk.ac.sheffield.com1003.cafe.ingredients.Coffee.&lt;init&gt;(Coffee.java:10)
	at uk.ac.sheffield.com1003.cafe.ingredients.Coffee.&lt;init&gt;(Coffee.java:10)
	at uk.ac.sheffield.com1003.cafe.ingredients.Coffee.&lt;init&gt;(Coffee.java:10)
	at uk.ac.sheffield.com1003.cafe.ingredients.Coffee.&lt;init&gt;(Coffee.java:10)
	at uk.ac.sheffield.com1003.cafe.ingredients.Coffee.&lt;init&gt;(Coffee.java:10)
	at uk.ac.sheffield.com1003.cafe.ingredients.Coffee.&lt;init&gt;(Coffee.java:10)
	at uk.ac.sheffield.com1003.cafe.ingredients.Coffee.&lt;init&gt;(Coffee.java:10)
	at uk.ac.sheffield.com1003.cafe.ingredients.Coffee.&lt;init&gt;(Coffee.java:10)
	at uk.ac.sheffield.com1003.cafe.ingredients.Coffee.&lt;init&gt;(Coffee.java:10)
	at uk.ac.sheffield.com1003.cafe.ingredients.Coffee.&lt;init&gt;(Coffee.java:10)
	at uk.ac.sheffield.com1003.cafe.ingredients.Coffee.&lt;init&gt;(Coffee.java:10)
	at uk.ac.sheffield.com1003.cafe.ingredients.Coffee.&lt;init&gt;(Coffee.java:10)
	at uk.ac.sheffield.com1003.cafe.ingredients.Coffee.&lt;init&gt;(Coffee.java:10)
	at uk.ac.sheffield.com1003.cafe.ingredients.Coffee.&lt;init&gt;(Coffee.java:10)
	at uk.ac.sheffield.com1003.cafe.ingredients.Coffee.&lt;init&gt;(Coffee.java:10)
	at uk.ac.sheffield.com1003.cafe.ingredients.Coffee.&lt;init&gt;(Coffee.java:10)
	at uk.ac.sheffield.com1003.cafe.ingredients.Coffee.&lt;init&gt;(Coffee.java:10)
	at uk.ac.sheffield.com1003.cafe.ingredients.Coffee.&lt;init&gt;(Coffee.java:10)
	at uk.ac.sheffield.com1003.cafe.ingredients.Coffee.&lt;init&gt;(Coffee.java:10)
	at uk.ac.sheffield.com1003.cafe.ingredients.Coffee.&lt;init&gt;(Coffee.java:10)
	at uk.ac.sheffield.com1003.cafe.ingredients.Coffee.&lt;init&gt;(Coffee.java:10)
	at uk.ac.sheffield.com1003.cafe.ingredients.Coffee.&lt;init&gt;(Coffee.java:10)
	at uk.ac.sheffield.com1003.cafe.ingredients.Coffee.&lt;init&gt;(Coffee.java:10)
	at uk.ac.sheffield.com1003.cafe.ingredients.Coffee.&lt;init&gt;(Coffee.java:10)
	at uk.ac.sheffield.com1003.cafe.ingredients.Coffee.&lt;init&gt;(Coffee.java:10)
	at uk.ac.sheffield.com1003.cafe.ingredients.Coffee.&lt;init&gt;(Coffee.java:10)
	at uk.ac.sheffield.com1003.cafe.ingredients.Coffee.&lt;init&gt;(Coffee.java:10)
	at uk.ac.sheffield.com1003.cafe.ingredients.Coffee.&lt;init&gt;(Coffee.java:10)
	at uk.ac.sheffield.com1003.cafe.ingredients.Coffee.&lt;init&gt;(Coffee.java:10)
	at uk.ac.sheffield.com1003.cafe.ingredients.Coffee.&lt;init&gt;(Coffee.java:10)
	at uk.ac.sheffield.com1003.cafe.ingredients.Coffee.&lt;init&gt;(Coffee.java:10)
	at uk.ac.sheffield.com1003.cafe.ingredients.Coffee.&lt;init&gt;(Coffee.java:10)
	at uk.ac.sheffield.com1003.cafe.ingredients.Coffee.&lt;init&gt;(Coffee.java:10)
	at uk.ac.sheffield.com1003.cafe.ingredients.Coffee.&lt;init&gt;(Coffee.java:10)
	at uk.ac.sheffield.com1003.cafe.ingredients.Coffee.&lt;init&gt;(Coffee.java:10)
	at uk.ac.sheffield.com1003.cafe.ingredients.Coffee.&lt;init&gt;(Coffee.java:10)
	at uk.ac.sheffield.com1003.cafe.ingredients.Coffee.&lt;init&gt;(Coffee.java:10)
	at uk.ac.sheffield.com1003.cafe.ingredients.Coffee.&lt;init&gt;(Coffee.java:10)
	at uk.ac.sheffield.com1003.cafe.ingredients.Coffee.&lt;init&gt;(Coffee.java:10)
	at uk.ac.sheffield.com1003.cafe.ingredients.Coffee.&lt;init&gt;(Coffee.java:10)
	at uk.ac.sheffield.com1003.cafe.ingredients.Coffee.&lt;init&gt;(Coffee.java:10)
	at uk.ac.sheffield.com1003.cafe.ingredients.Coffee.&lt;init&gt;(Coffee.java:10)
	at uk.ac.sheffield.com1003.cafe.ingredients.Coffee.&lt;init&gt;(Coffee.java:10)
	at uk.ac.sheffield.com1003.cafe.ingredients.Coffee.&lt;init&gt;(Coffee.java:10)
	at uk.ac.sheffield.com1003.cafe.ingredients.Coffee.&lt;init&gt;(Coffee.java:10)
	at uk.ac.sheffield.com1003.cafe.ingredients.Coffee.&lt;init&gt;(Coffee.java:10)
	at uk.ac.sheffield.com1003.cafe.ingredients.Coffee.&lt;init&gt;(Coffee.java:10)
	at uk.ac.sheffield.com1003.cafe.ingredients.Coffee.&lt;init&gt;(Coffee.java:10)
	at uk.ac.sheffield.com1003.cafe.ingredients.Coffee.&lt;init&gt;(Coffee.java:10)
	at uk.ac.sheffield.com1003.cafe.ingredients.Coffee.&lt;init&gt;(Coffee.java:10)
	at uk.ac.sheffield.com1003.cafe.ingredients.Coffee.&lt;init&gt;(Coffee.java:10)
	at uk.ac.sheffield.com1003.cafe.ingredients.Coffee.&lt;init&gt;(Coffee.java:10)
	at uk.ac.sheffield.com1003.cafe.ingredients.Coffee.&lt;init&gt;(Coffee.java:10)
	at uk.ac.sheffield.com1003.cafe.ingredients.Coffee.&lt;init&gt;(Coffee.java:10)
	at uk.ac.sheffield.com1003.cafe.ingredients.Coffee.&lt;init&gt;(Coffee.java:10)
	at uk.ac.sheffield.com1003.cafe.ingredients.Coffee.&lt;init&gt;(Coffee.java:10)
	at uk.ac.sheffield.com1003.cafe.ingredients.Coffee.&lt;init&gt;(Coffee.java:10)
	at uk.ac.sheffield.com1003.cafe.ingredients.Coffee.&lt;init&gt;(Coffee.java:10)
	at uk.ac.sheffield.com1003.cafe.ingredients.Coffee.&lt;init&gt;(Coffee.java:10)
	at uk.ac.sheffield.com1003.cafe.ingredients.Coffee.&lt;init&gt;(Coffee.java:10)
	at uk.ac.sheffield.com1003.cafe.ingredients.Coffee.&lt;init&gt;(Coffee.java:10)
	at uk.ac.sheffield.com1003.cafe.ingredients.Coffee.&lt;init&gt;(Coffee.java:10)
	at uk.ac.sheffield.com1003.cafe.ingredients.Coffee.&lt;init&gt;(Coffee.java:10)
	at uk.ac.sheffield.com1003.cafe.ingredients.Coffee.&lt;init&gt;(Coffee.java:10)
	at uk.ac.sheffield.com1003.cafe.ingredients.Coffee.&lt;init&gt;(Coffee.java:10)
	at uk.ac.sheffield.com1003.cafe.ingredients.Coffee.&lt;init&gt;(Coffee.java:10)
	at uk.ac.sheffield.com1003.cafe.ingredients.Coffee.&lt;init&gt;(Coffee.java:10)
	at uk.ac.sheffield.com1003.cafe.ingredients.Coffee.&lt;init&gt;(Coffee.java:10)
	at uk.ac.sheffield.com1003.cafe.ingredients.Coffee.&lt;init&gt;(Coffee.java:10)
	at uk.ac.sheffield.com1003.cafe.ingredients.Coffee.&lt;init&gt;(Coffee.java:10)
	at uk.ac.sheffield.com1003.cafe.ingredients.Coffee.&lt;init&gt;(Coffee.java:10)
	at uk.ac.sheffield.com1003.cafe.ingredients.Coffee.&lt;init&gt;(Coffee.java:10)
	at uk.ac.sheffield.com1003.cafe.ingredients.Coffee.&lt;init&gt;(Coffee.java:10)
	at uk.ac.sheffield.com1003.cafe.ingredients.Coffee.&lt;init&gt;(Coffee.java:10)
	at uk.ac.sheffield.com1003.cafe.ingredients.Coffee.&lt;init&gt;(Coffee.java:10)
	at uk.ac.sheffield.com1003.cafe.ingredients.Coffee.&lt;init&gt;(Coffee.java:10)
	at uk.ac.sheffield.com1003.cafe.ingredients.Coffee.&lt;init&gt;(Coffee.java:10)
	at uk.ac.sheffield.com1003.cafe.ingredients.Coffee.&lt;init&gt;(Coffee.java:10)
	at uk.ac.sheffield.com1003.cafe.ingredients.Coffee.&lt;init&gt;(Coffee.java:10)
	at uk.ac.sheffield.com1003.cafe.ingredients.Coffee.&lt;init&gt;(Coffee.java:10)
	at uk.ac.sheffield.com1003.cafe.ingredients.Coffee.&lt;init&gt;(Coffee.java:10)
	at uk.ac.sheffield.com1003.cafe.ingredients.Coffee.&lt;init&gt;(Coffee.java:10)
	at uk.ac.sheffield.com1003.cafe.ingredients.Coffee.&lt;init&gt;(Coffee.java:10)
	at uk.ac.sheffield.com1003.cafe.ingredients.Coffee.&lt;init&gt;(Coffee.java:10)
	at uk.ac.sheffield.com1003.cafe.ingredients.Coffee.&lt;init&gt;(Coffee.java:10)
	at uk.ac.sheffield.com1003.cafe.ingredients.Coffee.&lt;init&gt;(Coffee.java:10)
	at uk.ac.sheffield.com1003.cafe.ingredients.Coffee.&lt;init&gt;(Coffee.java:10)
	at uk.ac.sheffield.com1003.cafe.ingredients.Coffee.&lt;init&gt;(Coffee.java:10)
	at uk.ac.sheffield.com1003.cafe.ingredients.Coffee.&lt;init&gt;(Coffee.java:10)
	at uk.ac.sheffield.com1003.cafe.ingredients.Coffee.&lt;init&gt;(Coffee.java:10)
	at uk.ac.sheffield.com1003.cafe.ingredients.Coffee.&lt;init&gt;(Coffee.java:10)
	at uk.ac.sheffield.com1003.cafe.ingredients.Coffee.&lt;init&gt;(Coffee.java:10)
	at uk.ac.sheffield.com1003.cafe.ingredients.Coffee.&lt;init&gt;(Coffee.java:10)
	at uk.ac.sheffield.com1003.cafe.ingredients.Coffee.&lt;init&gt;(Coffee.java:10)
	at uk.ac.sheffield.com1003.cafe.ingredients.Coffee.&lt;init&gt;(Coffee.java:10)
	at uk.ac.sheffield.com1003.cafe.ingredients.Coffee.&lt;init&gt;(Coffee.java:10)
	at uk.ac.sheffield.com1003.cafe.ingredients.Coffee.&lt;init&gt;(Coffee.java:10)
	at uk.ac.sheffield.com1003.cafe.ingredients.Coffee.&lt;init&gt;(Coffee.java:10)
	at uk.ac.sheffield.com1003.cafe.ingredients.Coffee.&lt;init&gt;(Coffee.java:10)
	at uk.ac.sheffield.com1003.cafe.ingredients.Coffee.&lt;init&gt;(Coffee.java:10)
	at uk.ac.sheffield.com1003.cafe.ingredients.Coffee.&lt;init&gt;(Coffee.java:10)
	at uk.ac.sheffield.com1003.cafe.ingredients.Coffee.&lt;init&gt;(Coffee.java:10)
	at uk.ac.sheffield.com1003.cafe.ingredients.Coffee.&lt;init&gt;(Coffee.java:10)
	at uk.ac.sheffield.com1003.cafe.ingredients.Coffee.&lt;init&gt;(Coffee.java:10)
	at uk.ac.sheffield.com1003.cafe.ingredients.Coffee.&lt;init&gt;(Coffee.java:10)
	at uk.ac.sheffield.com1003.cafe.ingredients.Coffee.&lt;init&gt;(Coffee.java:10)
	at uk.ac.sheffield.com1003.cafe.ingredients.Coffee.&lt;init&gt;(Coffee.java:10)
	at uk.ac.sheffield.com1003.cafe.ingredients.Coffee.&lt;init&gt;(Coffee.java:10)
	at uk.ac.sheffield.com1003.cafe.ingredients.Coffee.&lt;init&gt;(Coffee.java:10)
	at uk.ac.sheffield.com1003.cafe.ingredients.Coffee.&lt;init&gt;(Coffee.java:10)
	at uk.ac.sheffield.com1003.cafe.ingredients.Coffee.&lt;init&gt;(Coffee.java:10)
	at uk.ac.sheffield.com1003.cafe.ingredients.Coffee.&lt;init&gt;(Coffee.java:10)
	at uk.ac.sheffield.com1003.cafe.ingredients.Coffee.&lt;init&gt;(Coffee.java:10)
	at uk.ac.sheffield.com1003.cafe.ingredients.Coffee.&lt;init&gt;(Coffee.java:10)
	at uk.ac.sheffield.com1003.cafe.ingredients.Coffee.&lt;init&gt;(Coffee.java:10)
	at uk.ac.sheffield.com1003.cafe.ingredients.Coffee.&lt;init&gt;(Coffee.java:10)
	at uk.ac.sheffield.com1003.cafe.ingredients.Coffee.&lt;init&gt;(Coffee.java:10)
	at uk.ac.sheffield.com1003.cafe.ingredients.Coffee.&lt;init&gt;(Coffee.java:10)
	at uk.ac.sheffield.com1003.cafe.ingredients.Coffee.&lt;init&gt;(Coffee.java:10)
	at uk.ac.sheffield.com1003.cafe.ingredients.Coffee.&lt;init&gt;(Coffee.java:10)
	at uk.ac.sheffield.com1003.cafe.ingredients.Coffee.&lt;init&gt;(Coffee.java:10)
	at uk.ac.sheffield.com1003.cafe.ingredients.Coffee.&lt;init&gt;(Coffee.java:10)
	at uk.ac.sheffield.com1003.cafe.ingredients.Coffee.&lt;init&gt;(Coffee.java:10)
	at uk.ac.sheffield.com1003.cafe.ingredients.Coffee.&lt;init&gt;(Coffee.java:10)
	at uk.ac.sheffield.com1003.cafe.ingredients.Coffee.&lt;init&gt;(Coffee.java:10)
	at uk.ac.sheffield.com1003.cafe.ingredients.Coffee.&lt;init&gt;(Coffee.java:10)
	at uk.ac.sheffield.com1003.cafe.ingredients.Coffee.&lt;init&gt;(Coffee.java:10)
	at uk.ac.sheffield.com1003.cafe.ingredients.Coffee.&lt;init&gt;(Coffee.java:10)
	at uk.ac.sheffield.com1003.cafe.ingredients.Coffee.&lt;init&gt;(Coffee.java:10)
	at uk.ac.sheffield.com1003.cafe.ingredients.Coffee.&lt;init&gt;(Coffee.java:10)
	at uk.ac.sheffield.com1003.cafe.ingredients.Coffee.&lt;init&gt;(Coffee.java:10)
	at uk.ac.sheffield.com1003.cafe.ingredients.Coffee.&lt;init&gt;(Coffee.java:10)
	at uk.ac.sheffield.com1003.cafe.ingredients.Coffee.&lt;init&gt;(Coffee.java:10)
	at uk.ac.sheffield.com1003.cafe.ingredients.Coffee.&lt;init&gt;(Coffee.java:10)
	at uk.ac.sheffield.com1003.cafe.ingredients.Coffee.&lt;init&gt;(Coffee.java:10)
	at uk.ac.sheffield.com1003.cafe.ingredients.Coffee.&lt;init&gt;(Coffee.java:10)
	at uk.ac.sheffield.com1003.cafe.ingredients.Coffee.&lt;init&gt;(Coffee.java:10)
	at uk.ac.sheffield.com1003.cafe.ingredients.Coffee.&lt;init&gt;(Coffee.java:10)
	at uk.ac.sheffield.com1003.cafe.ingredients.Coffee.&lt;init&gt;(Coffee.java:10)
	at uk.ac.sheffield.com1003.cafe.ingredients.Coffee.&lt;init&gt;(Coffee.java:10)
	at uk.ac.sheffield.com1003.cafe.ingredients.Coffee.&lt;init&gt;(Coffee.java:10)
	at uk.ac.sheffield.com1003.cafe.ingredients.Coffee.&lt;init&gt;(Coffee.java:10)
	at uk.ac.sheffield.com1003.cafe.ingredients.Coffee.&lt;init&gt;(Coffee.java:10)
	at uk.ac.sheffield.com1003.cafe.ingredients.Coffee.&lt;init&gt;(Coffee.java:10)
	at uk.ac.sheffield.com1003.cafe.ingredients.Coffee.&lt;init&gt;(Coffee.java:10)
	at uk.ac.sheffield.com1003.cafe.ingredients.Coffee.&lt;init&gt;(Coffee.java:10)
	at uk.ac.sheffield.com1003.cafe.ingredients.Coffee.&lt;init&gt;(Coffee.java:10)
	at uk.ac.sheffield.com1003.cafe.ingredients.Coffee.&lt;init&gt;(Coffee.java:10)
	at uk.ac.sheffield.com1003.cafe.ingredients.Coffee.&lt;init&gt;(Coffee.java:10)
	at uk.ac.sheffield.com1003.cafe.ingredients.Coffee.&lt;init&gt;(Coffee.java:10)
	at uk.ac.sheffield.com1003.cafe.ingredients.Coffee.&lt;init&gt;(Coffee.java:10)
	at uk.ac.sheffield.com1003.cafe.ingredients.Coffee.&lt;init&gt;(Coffee.java:10)
	at uk.ac.sheffield.com1003.cafe.ingredients.Coffee.&lt;init&gt;(Coffee.java:10)
	at uk.ac.sheffield.com1003.cafe.ingredients.Coffee.&lt;init&gt;(Coffee.java:10)
	at uk.ac.sheffield.com1003.cafe.ingredients.Coffee.&lt;init&gt;(Coffee.java:10)
	at uk.ac.sheffield.com1003.cafe.ingredients.Coffee.&lt;init&gt;(Coffee.java:10)
	at uk.ac.sheffield.com1003.cafe.ingredients.Coffee.&lt;init&gt;(Coffee.java:10)
	at uk.ac.sheffield.com1003.cafe.ingredients.Coffee.&lt;init&gt;(Coffee.java:10)
	at uk.ac.sheffield.com1003.cafe.ingredients.Coffee.&lt;init&gt;(Coffee.java:10)
	at uk.ac.sheffield.com1003.cafe.ingredients.Coffee.&lt;init&gt;(Coffee.java:10)
	at uk.ac.sheffield.com1003.cafe.ingredients.Coffee.&lt;init&gt;(Coffee.java:10)
	at uk.ac.sheffield.com1003.cafe.ingredients.Coffee.&lt;init&gt;(Coffee.java:10)
	at uk.ac.sheffield.com1003.cafe.ingredients.Coffee.&lt;init&gt;(Coffee.java:10)
	at uk.ac.sheffield.com1003.cafe.ingredients.Coffee.&lt;init&gt;(Coffee.java:10)
	at uk.ac.sheffield.com1003.cafe.ingredients.Coffee.&lt;init&gt;(Coffee.java:10)
	at uk.ac.sheffield.com1003.cafe.ingredients.Coffee.&lt;init&gt;(Coffee.java:10)
	at uk.ac.sheffield.com1003.cafe.ingredients.Coffee.&lt;init&gt;(Coffee.java:10)
	at uk.ac.sheffield.com1003.cafe.ingredients.Coffee.&lt;init&gt;(Coffee.java:10)
	at uk.ac.sheffield.com1003.cafe.ingredients.Coffee.&lt;init&gt;(Coffee.java:10)
	at uk.ac.sheffield.com1003.cafe.ingredients.Coffee.&lt;init&gt;(Coffee.java:10)
	at uk.ac.sheffield.com1003.cafe.ingredients.Coffee.&lt;init&gt;(Coffee.java:10)
	at uk.ac.sheffield.com1003.cafe.ingredients.Coffee.&lt;init&gt;(Coffee.java:10)
	at uk.ac.sheffield.com1003.cafe.ingredients.Coffee.&lt;init&gt;(Coffee.java:10)
	at uk.ac.sheffield.com1003.cafe.ingredients.Coffee.&lt;init&gt;(Coffee.java:10)
	at uk.ac.sheffield.com1003.cafe.ingredients.Coffee.&lt;init&gt;(Coffee.java:10)
	at uk.ac.sheffield.com1003.cafe.ingredients.Coffee.&lt;init&gt;(Coffee.java:10)
	at uk.ac.sheffield.com1003.cafe.ingredients.Coffee.&lt;init&gt;(Coffee.java:10)
	at uk.ac.sheffield.com1003.cafe.ingredients.Coffee.&lt;init&gt;(Coffee.java:10)
	at uk.ac.sheffield.com1003.cafe.ingredients.Coffee.&lt;init&gt;(Coffee.java:10)
	at uk.ac.sheffield.com1003.cafe.ingredients.Coffee.&lt;init&gt;(Coffee.java:10)
	at uk.ac.sheffield.com1003.cafe.ingredients.Coffee.&lt;init&gt;(Coffee.java:10)
	at uk.ac.sheffield.com1003.cafe.ingredients.Coffee.&lt;init&gt;(Coffee.java:10)
	at uk.ac.sheffield.com1003.cafe.ingredients.Coffee.&lt;init&gt;(Coffee.java:10)
	at uk.ac.sheffield.com1003.cafe.ingredients.Coffee.&lt;init&gt;(Coffee.java:10)
	at uk.ac.sheffield.com1003.cafe.ingredients.Coffee.&lt;init&gt;(Coffee.java:10)
	at uk.ac.sheffield.com1003.cafe.ingredients.Coffee.&lt;init&gt;(Coffee.java:10)
	at uk.ac.sheffield.com1003.cafe.ingredients.Coffee.&lt;init&gt;(Coffee.java:10)
	at uk.ac.sheffield.com1003.cafe.ingredients.Coffee.&lt;init&gt;(Coffee.java:10)
	at uk.ac.sheffield.com1003.cafe.ingredients.Coffee.&lt;init&gt;(Coffee.java:10)
	at uk.ac.sheffield.com1003.cafe.ingredients.Coffee.&lt;init&gt;(Coffee.java:10)
	at uk.ac.sheffield.com1003.cafe.ingredients.Coffee.&lt;init&gt;(Coffee.java:10)
	at uk.ac.sheffield.com1003.cafe.ingredients.Coffee.&lt;init&gt;(Coffee.java:10)
	at uk.ac.sheffield.com1003.cafe.ingredients.Coffee.&lt;init&gt;(Coffee.java:10)
	at uk.ac.sheffield.com1003.cafe.ingredients.Coffee.&lt;init&gt;(Coffee.java:10)
	at uk.ac.sheffield.com1003.cafe.ingredients.Coffee.&lt;init&gt;(Coffee.java:10)
	at uk.ac.sheffield.com1003.cafe.ingredients.Coffee.&lt;init&gt;(Coffee.java:10)
	at uk.ac.sheffield.com1003.cafe.ingredients.Coffee.&lt;init&gt;(Coffee.java:10)
	at uk.ac.sheffield.com1003.cafe.ingredients.Coffee.&lt;init&gt;(Coffee.java:10)
	at uk.ac.sheffield.com1003.cafe.ingredients.Coffee.&lt;init&gt;(Coffee.java:10)
	at uk.ac.sheffield.com1003.cafe.ingredients.Coffee.&lt;init&gt;(Coffee.java:10)
	at uk.ac.sheffield.com1003.cafe.ingredients.Coffee.&lt;init&gt;(Coffee.java:10)
	at uk.ac.sheffield.com1003.cafe.ingredients.Coffee.&lt;init&gt;(Coffee.java:10)
	at uk.ac.sheffield.com1003.cafe.ingredients.Coffee.&lt;init&gt;(Coffee.java:10)
	at uk.ac.sheffield.com1003.cafe.ingredients.Coffee.&lt;init&gt;(Coffee.java:10)
	at uk.ac.sheffield.com1003.cafe.ingredients.Coffee.&lt;init&gt;(Coffee.java:10)
	at uk.ac.sheffield.com1003.cafe.ingredients.Coffee.&lt;init&gt;(Coffee.java:10)
	at uk.ac.sheffield.com1003.cafe.ingredients.Coffee.&lt;init&gt;(Coffee.java:10)
	at uk.ac.sheffield.com1003.cafe.ingredients.Coffee.&lt;init&gt;(Coffee.java:10)
	at uk.ac.sheffield.com1003.cafe.ingredients.Coffee.&lt;init&gt;(Coffee.java:10)
	at uk.ac.sheffield.com1003.cafe.ingredients.Coffee.&lt;init&gt;(Coffee.java:10)
	at uk.ac.sheffield.com1003.cafe.ingredients.Coffee.&lt;init&gt;(Coffee.java:10)
	at uk.ac.sheffield.com1003.cafe.ingredients.Coffee.&lt;init&gt;(Coffee.java:10)
	at uk.ac.sheffield.com1003.cafe.ingredients.Coffee.&lt;init&gt;(Coffee.java:10)
	at uk.ac.sheffield.com1003.cafe.ingredients.Coffee.&lt;init&gt;(Coffee.java:10)
	at uk.ac.sheffield.com1003.cafe.ingredients.Coffee.&lt;init&gt;(Coffee.java:10)
	at uk.ac.sheffield.com1003.cafe.ingredients.Coffee.&lt;init&gt;(Coffee.java:10)
	at uk.ac.sheffield.com1003.cafe.ingredients.Coffee.&lt;init&gt;(Coffee.java:10)
	at uk.ac.sheffield.com1003.cafe.ingredients.Coffee.&lt;init&gt;(Coffee.java:10)
	at uk.ac.sheffield.com1003.cafe.ingredients.Coffee.&lt;init&gt;(Coffee.java:10)
	at uk.ac.sheffield.com1003.cafe.ingredients.Coffee.&lt;init&gt;(Coffee.java:10)
	at uk.ac.sheffield.com1003.cafe.ingredients.Coffee.&lt;init&gt;(Coffee.java:10)
	at uk.ac.sheffield.com1003.cafe.ingredients.Coffee.&lt;init&gt;(Coffee.java:10)
	at uk.ac.sheffield.com1003.cafe.ingredients.Coffee.&lt;init&gt;(Coffee.java:10)
	at uk.ac.sheffield.com1003.cafe.ingredients.Coffee.&lt;init&gt;(Coffee.java:10)
	at uk.ac.sheffield.com1003.cafe.ingredients.Coffee.&lt;init&gt;(Coffee.java:10)
	at uk.ac.sheffield.com1003.cafe.ingredients.Coffee.&lt;init&gt;(Coffee.java:10)
	at uk.ac.sheffield.com1003.cafe.ingredients.Coffee.&lt;init&gt;(Coffee.java:10)
	at uk.ac.sheffield.com1003.cafe.ingredients.Coffee.&lt;init&gt;(Coffee.java:10)
	at uk.ac.sheffield.com1003.cafe.ingredients.Coffee.&lt;init&gt;(Coffee.java:10)
	at uk.ac.sheffield.com1003.cafe.ingredients.Coffee.&lt;init&gt;(Coffee.java:10)
	at uk.ac.sheffield.com1003.cafe.ingredients.Coffee.&lt;init&gt;(Coffee.java:10)
	at uk.ac.sheffield.com1003.cafe.ingredients.Coffee.&lt;init&gt;(Coffee.java:10)
	at uk.ac.sheffield.com1003.cafe.ingredients.Coffee.&lt;init&gt;(Coffee.java:10)
	at uk.ac.sheffield.com1003.cafe.ingredients.Coffee.&lt;init&gt;(Coffee.java:10)
	at uk.ac.sheffield.com1003.cafe.ingredients.Coffee.&lt;init&gt;(Coffee.java:10)
	at uk.ac.sheffield.com1003.cafe.ingredients.Coffee.&lt;init&gt;(Coffee.java:10)
	at uk.ac.sheffield.com1003.cafe.ingredients.Coffee.&lt;init&gt;(Coffee.java:10)
	at uk.ac.sheffield.com1003.cafe.ingredients.Coffee.&lt;init&gt;(Coffee.java:10)
	at uk.ac.sheffield.com1003.cafe.ingredients.Coffee.&lt;init&gt;(Coffee.java:10)
	at uk.ac.sheffield.com1003.cafe.ingredients.Coffee.&lt;init&gt;(Coffee.java:10)
	at uk.ac.sheffield.com1003.cafe.ingredients.Coffee.&lt;init&gt;(Coffee.java:10)
	at uk.ac.sheffield.com1003.cafe.ingredients.Coffee.&lt;init&gt;(Coffee.java:10)
	at uk.ac.sheffield.com1003.cafe.ingredients.Coffee.&lt;init&gt;(Coffee.java:10)
	at uk.ac.sheffield.com1003.cafe.ingredients.Coffee.&lt;init&gt;(Coffee.java:10)
	at uk.ac.sheffield.com1003.cafe.ingredients.Coffee.&lt;init&gt;(Coffee.java:10)
	at uk.ac.sheffield.com1003.cafe.ingredients.Coffee.&lt;init&gt;(Coffee.java:10)
	at uk.ac.sheffield.com1003.cafe.ingredients.Coffee.&lt;init&gt;(Coffee.java:10)
	at uk.ac.sheffield.com1003.cafe.ingredients.Coffee.&lt;init&gt;(Coffee.java:10)
	at uk.ac.sheffield.com1003.cafe.ingredients.Coffee.&lt;init&gt;(Coffee.java:10)
	at uk.ac.sheffield.com1003.cafe.ingredients.Coffee.&lt;init&gt;(Coffee.java:10)
	at uk.ac.sheffield.com1003.cafe.ingredients.Coffee.&lt;init&gt;(Coffee.java:10)
	at uk.ac.sheffield.com1003.cafe.ingredients.Coffee.&lt;init&gt;(Coffee.java:10)
	at uk.ac.sheffield.com1003.cafe.ingredients.Coffee.&lt;init&gt;(Coffee.java:10)
	at uk.ac.sheffield.com1003.cafe.ingredients.Coffee.&lt;init&gt;(Coffee.java:10)
	at uk.ac.sheffield.com1003.cafe.ingredients.Coffee.&lt;init&gt;(Coffee.java:10)
	at uk.ac.sheffield.com1003.cafe.ingredients.Coffee.&lt;init&gt;(Coffee.java:10)
	at uk.ac.sheffield.com1003.cafe.ingredients.Coffee.&lt;init&gt;(Coffee.java:10)
	at uk.ac.sheffield.com1003.cafe.ingredients.Coffee.&lt;init&gt;(Coffee.java:10)
	at uk.ac.sheffield.com1003.cafe.ingredients.Coffee.&lt;init&gt;(Coffee.java:10)
	at uk.ac.sheffield.com1003.cafe.ingredients.Coffee.&lt;init&gt;(Coffee.java:10)
	at uk.ac.sheffield.com1003.cafe.ingredients.Coffee.&lt;init&gt;(Coffee.java:10)
	at uk.ac.sheffield.com1003.cafe.ingredients.Coffee.&lt;init&gt;(Coffee.java:10)
	at uk.ac.sheffield.com1003.cafe.ingredients.Coffee.&lt;init&gt;(Coffee.java:10)
	at uk.ac.sheffield.com1003.cafe.ingredients.Coffee.&lt;init&gt;(Coffee.java:10)
	at uk.ac.sheffield.com1003.cafe.ingredients.Coffee.&lt;init&gt;(Coffee.java:10)
	at uk.ac.sheffield.com1003.cafe.ingredients.Coffee.&lt;init&gt;(Coffee.java:10)
	at uk.ac.sheffield.com1003.cafe.ingredients.Coffee.&lt;init&gt;(Coffee.java:10)
	at uk.ac.sheffield.com1003.cafe.ingredients.Coffee.&lt;init&gt;(Coffee.java:10)
	at uk.ac.sheffield.com1003.cafe.ingredients.Coffee.&lt;init&gt;(Coffee.java:10)
	at uk.ac.sheffield.com1003.cafe.ingredients.Coffee.&lt;init&gt;(Coffee.java:10)
	at uk.ac.sheffield.com1003.cafe.ingredients.Coffee.&lt;init&gt;(Coffee.java:10)
	at uk.ac.sheffield.com1003.cafe.ingredients.Coffee.&lt;init&gt;(Coffee.java:10)
	at uk.ac.sheffield.com1003.cafe.ingredients.Coffee.&lt;init&gt;(Coffee.java:10)
	at uk.ac.sheffield.com1003.cafe.ingredients.Coffee.&lt;init&gt;(Coffee.java:10)
	at uk.ac.sheffield.com1003.cafe.ingredients.Coffee.&lt;init&gt;(Coffee.java:10)
	at uk.ac.sheffield.com1003.cafe.ingredients.Coffee.&lt;init&gt;(Coffee.java:10)
	at uk.ac.sheffield.com1003.cafe.ingredients.Coffee.&lt;init&gt;(Coffee.java:10)
	at uk.ac.sheffield.com1003.cafe.ingredients.Coffee.&lt;init&gt;(Coffee.java:10)
	at uk.ac.sheffield.com1003.cafe.ingredients.Coffee.&lt;init&gt;(Coffee.java:10)
	at uk.ac.sheffield.com1003.cafe.ingredients.Coffee.&lt;init&gt;(Coffee.java:10)
	at uk.ac.sheffield.com1003.cafe.ingredients.Coffee.&lt;init&gt;(Coffee.java:10)
	at uk.ac.sheffield.com1003.cafe.ingredients.Coffee.&lt;init&gt;(Coffee.java:10)
	at uk.ac.sheffield.com1003.cafe.ingredients.Coffee.&lt;init&gt;(Coffee.java:10)
	at uk.ac.sheffield.com1003.cafe.ingredients.Coffee.&lt;init&gt;(Coffee.java:10)
	at uk.ac.sheffield.com1003.cafe.ingredients.Coffee.&lt;init&gt;(Coffee.java:10)
	at uk.ac.sheffield.com1003.cafe.ingredients.Coffee.&lt;init&gt;(Coffee.java:10)
	at uk.ac.sheffield.com1003.cafe.ingredients.Coffee.&lt;init&gt;(Coffee.java:10)
	at uk.ac.sheffield.com1003.cafe.ingredients.Coffee.&lt;init&gt;(Coffee.java:10)
	at uk.ac.sheffield.com1003.cafe.ingredients.Coffee.&lt;init&gt;(Coffee.java:10)
	at uk.ac.sheffield.com1003.cafe.ingredients.Coffee.&lt;init&gt;(Coffee.java:10)
	at uk.ac.sheffield.com1003.cafe.ingredients.Coffee.&lt;init&gt;(Coffee.java:10)
	at uk.ac.sheffield.com1003.cafe.ingredients.Coffee.&lt;init&gt;(Coffee.java:10)
	at uk.ac.sheffield.com1003.cafe.ingredients.Coffee.&lt;init&gt;(Coffee.java:10)
	at uk.ac.sheffield.com1003.cafe.ingredients.Coffee.&lt;init&gt;(Coffee.java:10)
	at uk.ac.sheffield.com1003.cafe.ingredients.Coffee.&lt;init&gt;(Coffee.java:10)
	at uk.ac.sheffield.com1003.cafe.ingredients.Coffee.&lt;init&gt;(Coffee.java:10)
	at uk.ac.sheffield.com1003.cafe.ingredients.Coffee.&lt;init&gt;(Coffee.java:10)
	at uk.ac.sheffield.com1003.cafe.ingredients.Coffee.&lt;init&gt;(Coffee.java:10)
	at uk.ac.sheffield.com1003.cafe.ingredients.Coffee.&lt;init&gt;(Coffee.java:10)
	at uk.ac.sheffield.com1003.cafe.ingredients.Coffee.&lt;init&gt;(Coffee.java:10)
	at uk.ac.sheffield.com1003.cafe.ingredients.Coffee.&lt;init&gt;(Coffee.java:10)
	at uk.ac.sheffield.com1003.cafe.ingredients.Coffee.&lt;init&gt;(Coffee.java:10)
	at uk.ac.sheffield.com1003.cafe.ingredients.Coffee.&lt;init&gt;(Coffee.java:10)
	at uk.ac.sheffield.com1003.cafe.ingredients.Coffee.&lt;init&gt;(Coffee.java:10)
	at uk.ac.sheffield.com1003.cafe.ingredients.Coffee.&lt;init&gt;(Coffee.java:10)
	at uk.ac.sheffield.com1003.cafe.ingredients.Coffee.&lt;init&gt;(Coffee.java:10)
	at uk.ac.sheffield.com1003.cafe.ingredients.Coffee.&lt;init&gt;(Coffee.java:10)
	at uk.ac.sheffield.com1003.cafe.ingredients.Coffee.&lt;init&gt;(Coffee.java:10)
	at uk.ac.sheffield.com1003.cafe.ingredients.Coffee.&lt;init&gt;(Coffee.java:10)
	at uk.ac.sheffield.com1003.cafe.ingredients.Coffee.&lt;init&gt;(Coffee.java:10)
	at uk.ac.sheffield.com1003.cafe.ingredients.Coffee.&lt;init&gt;(Coffee.java:10)
	at uk.ac.sheffield.com1003.cafe.ingredients.Coffee.&lt;init&gt;(Coffee.java:10)
	at uk.ac.sheffield.com1003.cafe.ingredients.Coffee.&lt;init&gt;(Coffee.java:10)
	at uk.ac.sheffield.com1003.cafe.ingredients.Coffee.&lt;init&gt;(Coffee.java:10)
	at uk.ac.sheffield.com1003.cafe.ingredients.Coffee.&lt;init&gt;(Coffee.java:10)
	at uk.ac.sheffield.com1003.cafe.ingredients.Coffee.&lt;init&gt;(Coffee.java:10)
	at uk.ac.sheffield.com1003.cafe.ingredients.Coffee.&lt;init&gt;(Coffee.java:10)
	at uk.ac.sheffield.com1003.cafe.ingredients.Coffee.&lt;init&gt;(Coffee.java:10)
	at uk.ac.sheffield.com1003.cafe.ingredients.Coffee.&lt;init&gt;(Coffee.java:10)
	at uk.ac.sheffield.com1003.cafe.ingredients.Coffee.&lt;init&gt;(Coffee.java:10)
	at uk.ac.sheffield.com1003.cafe.ingredients.Coffee.&lt;init&gt;(Coffee.java:10)
	at uk.ac.sheffield.com1003.cafe.ingredients.Coffee.&lt;init&gt;(Coffee.java:10)
	at uk.ac.sheffield.com1003.cafe.ingredients.Coffee.&lt;init&gt;(Coffee.java:10)
	at uk.ac.sheffield.com1003.cafe.ingredients.Coffee.&lt;init&gt;(Coffee.java:10)
	at uk.ac.sheffield.com1003.cafe.ingredients.Coffee.&lt;init&gt;(Coffee.java:10)
	at uk.ac.sheffield.com1003.cafe.ingredients.Coffee.&lt;init&gt;(Coffee.java:10)
	at uk.ac.sheffield.com1003.cafe.ingredients.Coffee.&lt;init&gt;(Coffee.java:10)
	at uk.ac.sheffield.com1003.cafe.ingredients.Coffee.&lt;init&gt;(Coffee.java:10)
	at uk.ac.sheffield.com1003.cafe.ingredients.Coffee.&lt;init&gt;(Coffee.java:10)
	at uk.ac.sheffield.com1003.cafe.ingredients.Coffee.&lt;init&gt;(Coffee.java:10)
	at uk.ac.sheffield.com1003.cafe.ingredients.Coffee.&lt;init&gt;(Coffee.java:10)
	at uk.ac.sheffield.com1003.cafe.ingredients.Coffee.&lt;init&gt;(Coffee.java:10)
	at uk.ac.sheffield.com1003.cafe.ingredients.Coffee.&lt;init&gt;(Coffee.java:10)
	at uk.ac.sheffield.com1003.cafe.ingredients.Coffee.&lt;init&gt;(Coffee.java:10)
	at uk.ac.sheffield.com1003.cafe.ingredients.Coffee.&lt;init&gt;(Coffee.java:10)
	at uk.ac.sheffield.com1003.cafe.ingredients.Coffee.&lt;init&gt;(Coffee.java:10)
	at uk.ac.sheffield.com1003.cafe.ingredients.Coffee.&lt;init&gt;(Coffee.java:10)
	at uk.ac.sheffield.com1003.cafe.ingredients.Coffee.&lt;init&gt;(Coffee.java:10)
	at uk.ac.sheffield.com1003.cafe.ingredients.Coffee.&lt;init&gt;(Coffee.java:10)
	at uk.ac.sheffield.com1003.cafe.ingredients.Coffee.&lt;init&gt;(Coffee.java:10)
	at uk.ac.sheffield.com1003.cafe.ingredients.Coffee.&lt;init&gt;(Coffee.java:10)
	at uk.ac.sheffield.com1003.cafe.ingredients.Coffee.&lt;init&gt;(Coffee.java:10)
	at uk.ac.sheffield.com1003.cafe.ingredients.Coffee.&lt;init&gt;(Coffee.java:10)
	at uk.ac.sheffield.com1003.cafe.ingredients.Coffee.&lt;init&gt;(Coffee.java:10)
	at uk.ac.sheffield.com1003.cafe.ingredients.Coffee.&lt;init&gt;(Coffee.java:10)
	at uk.ac.sheffield.com1003.cafe.ingredients.Coffee.&lt;init&gt;(Coffee.java:10)
	at uk.ac.sheffield.com1003.cafe.ingredients.Coffee.&lt;init&gt;(Coffee.java:10)
	at uk.ac.sheffield.com1003.cafe.ingredients.Coffee.&lt;init&gt;(Coffee.java:10)
	at uk.ac.sheffield.com1003.cafe.ingredients.Coffee.&lt;init&gt;(Coffee.java:10)
	at uk.ac.sheffield.com1003.cafe.ingredients.Coffee.&lt;init&gt;(Coffee.java:10)
	at uk.ac.sheffield.com1003.cafe.ingredients.Coffee.&lt;init&gt;(Coffee.java:10)
	at uk.ac.sheffield.com1003.cafe.ingredients.Coffee.&lt;init&gt;(Coffee.java:10)
	at uk.ac.sheffield.com1003.cafe.ingredients.Coffee.&lt;init&gt;(Coffee.java:10)
	at uk.ac.sheffield.com1003.cafe.ingredients.Coffee.&lt;init&gt;(Coffee.java:10)
	at uk.ac.sheffield.com1003.cafe.ingredients.Coffee.&lt;init&gt;(Coffee.java:10)
	at uk.ac.sheffield.com1003.cafe.ingredients.Coffee.&lt;init&gt;(Coffee.java:10)
	at uk.ac.sheffield.com1003.cafe.ingredients.Coffee.&lt;init&gt;(Coffee.java:10)
	at uk.ac.sheffield.com1003.cafe.ingredients.Coffee.&lt;init&gt;(Coffee.java:10)
	at uk.ac.sheffield.com1003.cafe.ingredients.Coffee.&lt;init&gt;(Coffee.java:10)
	at uk.ac.sheffield.com1003.cafe.ingredients.Coffee.&lt;init&gt;(Coffee.java:10)
	at uk.ac.sheffield.com1003.cafe.ingredients.Coffee.&lt;init&gt;(Coffee.java:10)
	at uk.ac.sheffield.com1003.cafe.ingredients.Coffee.&lt;init&gt;(Coffee.java:10)
	at uk.ac.sheffield.com1003.cafe.ingredients.Coffee.&lt;init&gt;(Coffee.java:10)
	at uk.ac.sheffield.com1003.cafe.ingredients.Coffee.&lt;init&gt;(Coffee.java:10)
	at uk.ac.sheffield.com1003.cafe.ingredients.Coffee.&lt;init&gt;(Coffee.java:10)
	at uk.ac.sheffield.com1003.cafe.ingredients.Coffee.&lt;init&gt;(Coffee.java:10)
	at uk.ac.sheffield.com1003.cafe.ingredients.Coffee.&lt;init&gt;(Coffee.java:10)
	at uk.ac.sheffield.com1003.cafe.ingredients.Coffee.&lt;init&gt;(Coffee.java:10)
	at uk.ac.sheffield.com1003.cafe.ingredients.Coffee.&lt;init&gt;(Coffee.java:10)
	at uk.ac.sheffield.com1003.cafe.ingredients.Coffee.&lt;init&gt;(Coffee.java:10)
	at uk.ac.sheffield.com1003.cafe.ingredients.Coffee.&lt;init&gt;(Coffee.java:10)
	at uk.ac.sheffield.com1003.cafe.ingredients.Coffee.&lt;init&gt;(Coffee.java:10)
	at uk.ac.sheffield.com1003.cafe.ingredients.Coffee.&lt;init&gt;(Coffee.java:10)
	at uk.ac.sheffield.com1003.cafe.ingredients.Coffee.&lt;init&gt;(Coffee.java:10)
	at uk.ac.sheffield.com1003.cafe.ingredients.Coffee.&lt;init&gt;(Coffee.java:10)
	at uk.ac.sheffield.com1003.cafe.ingredients.Coffee.&lt;init&gt;(Coffee.java:10)
	at uk.ac.sheffield.com1003.cafe.ingredients.Coffee.&lt;init&gt;(Coffee.java:10)
	at uk.ac.sheffield.com1003.cafe.ingredients.Coffee.&lt;init&gt;(Coffee.java:10)
	at uk.ac.sheffield.com1003.cafe.ingredients.Coffee.&lt;init&gt;(Coffee.java:10)
	at uk.ac.sheffield.com1003.cafe.ingredients.Coffee.&lt;init&gt;(Coffee.java:10)
	at uk.ac.sheffield.com1003.cafe.ingredients.Coffee.&lt;init&gt;(Coffee.java:10)
	at uk.ac.sheffield.com1003.cafe.ingredients.Coffee.&lt;init&gt;(Coffee.java:10)
	at uk.ac.sheffield.com1003.cafe.ingredients.Coffee.&lt;init&gt;(Coffee.java:10)
	at uk.ac.sheffield.com1003.cafe.ingredients.Coffee.&lt;init&gt;(Coffee.java:10)
	at uk.ac.sheffield.com1003.cafe.ingredients.Coffee.&lt;init&gt;(Coffee.java:10)
	at uk.ac.sheffield.com1003.cafe.ingredients.Coffee.&lt;init&gt;(Coffee.java:10)
	at uk.ac.sheffield.com1003.cafe.ingredients.Coffee.&lt;init&gt;(Coffee.java:10)
	at uk.ac.sheffield.com1003.cafe.ingredients.Coffee.&lt;init&gt;(Coffee.java:10)
	at uk.ac.sheffield.com1003.cafe.ingredients.Coffee.&lt;init&gt;(Coffee.java:10)
	at uk.ac.sheffield.com1003.cafe.ingredients.Coffee.&lt;init&gt;(Coffee.java:10)
	at uk.ac.sheffield.com1003.cafe.ingredients.Coffee.&lt;init&gt;(Coffee.java:10)
	at uk.ac.sheffield.com1003.cafe.ingredients.Coffee.&lt;init&gt;(Coffee.java:10)
	at uk.ac.sheffield.com1003.cafe.ingredients.Coffee.&lt;init&gt;(Coffee.java:10)
	at uk.ac.sheffield.com1003.cafe.ingredients.Coffee.&lt;init&gt;(Coffee.java:10)
	at uk.ac.sheffield.com1003.cafe.ingredients.Coffee.&lt;init&gt;(Coffee.java:10)
	at uk.ac.sheffield.com1003.cafe.ingredients.Coffee.&lt;init&gt;(Coffee.java:10)
	at uk.ac.sheffield.com1003.cafe.ingredients.Coffee.&lt;init&gt;(Coffee.java:10)
	at uk.ac.sheffield.com1003.cafe.ingredients.Coffee.&lt;init&gt;(Coffee.java:10)
	at uk.ac.sheffield.com1003.cafe.ingredients.Coffee.&lt;init&gt;(Coffee.java:10)
	at uk.ac.sheffield.com1003.cafe.ingredients.Coffee.&lt;init&gt;(Coffee.java:10)
	at uk.ac.sheffield.com1003.cafe.ingredients.Coffee.&lt;init&gt;(Coffee.java:10)
	at uk.ac.sheffield.com1003.cafe.ingredients.Coffee.&lt;init&gt;(Coffee.java:10)
	at uk.ac.sheffield.com1003.cafe.ingredients.Coffee.&lt;init&gt;(Coffee.java:10)
	at uk.ac.sheffield.com1003.cafe.ingredients.Coffee.&lt;init&gt;(Coffee.java:10)
	at uk.ac.sheffield.com1003.cafe.ingredients.Coffee.&lt;init&gt;(Coffee.java:10)
	at uk.ac.sheffield.com1003.cafe.ingredients.Coffee.&lt;init&gt;(Coffee.java:10)
	at uk.ac.sheffield.com1003.cafe.ingredients.Coffee.&lt;init&gt;(Coffee.java:10)
	at uk.ac.sheffield.com1003.cafe.ingredients.Coffee.&lt;init&gt;(Coffee.java:10)
	at uk.ac.sheffield.com1003.cafe.ingredients.Coffee.&lt;init&gt;(Coffee.java:10)
	at uk.ac.sheffield.com1003.cafe.ingredients.Coffee.&lt;init&gt;(Coffee.java:10)
	at uk.ac.sheffield.com1003.cafe.ingredients.Coffee.&lt;init&gt;(Coffee.java:10)
	at uk.ac.sheffield.com1003.cafe.ingredients.Coffee.&lt;init&gt;(Coffee.java:10)
	at uk.ac.sheffield.com1003.cafe.ingredients.Coffee.&lt;init&gt;(Coffee.java:10)
	at uk.ac.sheffield.com1003.cafe.ingredients.Coffee.&lt;init&gt;(Coffee.java:10)
	at uk.ac.sheffield.com1003.cafe.ingredients.Coffee.&lt;init&gt;(Coffee.java:10)
	at uk.ac.sheffield.com1003.cafe.ingredients.Coffee.&lt;init&gt;(Coffee.java:10)
	at uk.ac.sheffield.com1003.cafe.ingredients.Coffee.&lt;init&gt;(Coffee.java:10)
	at uk.ac.sheffield.com1003.cafe.ingredients.Coffee.&lt;init&gt;(Coffee.java:10)
	at uk.ac.sheffield.com1003.cafe.ingredients.Coffee.&lt;init&gt;(Coffee.java:10)
	at uk.ac.sheffield.com1003.cafe.ingredients.Coffee.&lt;init&gt;(Coffee.java:10)
	at uk.ac.sheffield.com1003.cafe.ingredients.Coffee.&lt;init&gt;(Coffee.java:10)
	at uk.ac.sheffield.com1003.cafe.ingredients.Coffee.&lt;init&gt;(Coffee.java:10)
	at uk.ac.sheffield.com1003.cafe.ingredients.Coffee.&lt;init&gt;(Coffee.java:10)
	at uk.ac.sheffield.com1003.cafe.ingredients.Coffee.&lt;init&gt;(Coffee.java:10)
	at uk.ac.sheffield.com1003.cafe.ingredients.Coffee.&lt;init&gt;(Coffee.java:10)
	at uk.ac.sheffield.com1003.cafe.ingredients.Coffee.&lt;init&gt;(Coffee.java:10)
	at uk.ac.sheffield.com1003.cafe.ingredients.Coffee.&lt;init&gt;(Coffee.java:10)
	at uk.ac.sheffield.com1003.cafe.ingredients.Coffee.&lt;init&gt;(Coffee.java:10)
	at uk.ac.sheffield.com1003.cafe.ingredients.Coffee.&lt;init&gt;(Coffee.java:10)
	at uk.ac.sheffield.com1003.cafe.ingredients.Coffee.&lt;init&gt;(Coffee.java:10)
	at uk.ac.sheffield.com1003.cafe.ingredients.Coffee.&lt;init&gt;(Coffee.java:10)
	at uk.ac.sheffield.com1003.cafe.ingredients.Coffee.&lt;init&gt;(Coffee.java:10)
	at uk.ac.sheffield.com1003.cafe.ingredients.Coffee.&lt;init&gt;(Coffee.java:10)
	at uk.ac.sheffield.com1003.cafe.ingredients.Coffee.&lt;init&gt;(Coffee.java:10)
	at uk.ac.sheffield.com1003.cafe.ingredients.Coffee.&lt;init&gt;(Coffee.java:10)
	at uk.ac.sheffield.com1003.cafe.ingredients.Coffee.&lt;init&gt;(Coffee.java:10)
	at uk.ac.sheffield.com1003.cafe.ingredients.Coffee.&lt;init&gt;(Coffee.java:10)
	at uk.ac.sheffield.com1003.cafe.ingredients.Coffee.&lt;init&gt;(Coffee.java:10)
	at uk.ac.sheffield.com1003.cafe.ingredients.Coffee.&lt;init&gt;(Coffee.java:10)
	at uk.ac.sheffield.com1003.cafe.ingredients.Coffee.&lt;init&gt;(Coffee.java:10)
	at uk.ac.sheffield.com1003.cafe.ingredients.Coffee.&lt;init&gt;(Coffee.java:10)
	at uk.ac.sheffield.com1003.cafe.ingredients.Coffee.&lt;init&gt;(Coffee.java:10)
	at uk.ac.sheffield.com1003.cafe.ingredients.Coffee.&lt;init&gt;(Coffee.java:10)
	at uk.ac.sheffield.com1003.cafe.ingredients.Coffee.&lt;init&gt;(Coffee.java:10)
	at uk.ac.sheffield.com1003.cafe.ingredients.Coffee.&lt;init&gt;(Coffee.java:10)
	at uk.ac.sheffield.com1003.cafe.ingredients.Coffee.&lt;init&gt;(Coffee.java:10)
	at uk.ac.sheffield.com1003.cafe.ingredients.Coffee.&lt;init&gt;(Coffee.java:10)
	at uk.ac.sheffield.com1003.cafe.ingredients.Coffee.&lt;init&gt;(Coffee.java:10)
	at uk.ac.sheffield.com1003.cafe.ingredients.Coffee.&lt;init&gt;(Coffee.java:10)
	at uk.ac.sheffield.com1003.cafe.ingredients.Coffee.&lt;init&gt;(Coffee.java:10)
	at uk.ac.sheffield.com1003.cafe.ingredients.Coffee.&lt;init&gt;(Coffee.java:10)
	at uk.ac.sheffield.com1003.cafe.ingredients.Coffee.&lt;init&gt;(Coffee.java:10)
	at uk.ac.sheffield.com1003.cafe.ingredients.Coffee.&lt;init&gt;(Coffee.java:10)
	at uk.ac.sheffield.com1003.cafe.ingredients.Coffee.&lt;init&gt;(Coffee.java:10)
	at uk.ac.sheffield.com1003.cafe.ingredients.Coffee.&lt;init&gt;(Coffee.java:10)
	at uk.ac.sheffield.com1003.cafe.ingredients.Coffee.&lt;init&gt;(Coffee.java:10)
	at uk.ac.sheffield.com1003.cafe.ingredients.Coffee.&lt;init&gt;(Coffee.java:10)
	at uk.ac.sheffield.com1003.cafe.ingredients.Coffee.&lt;init&gt;(Coffee.java:10)
	at uk.ac.sheffield.com1003.cafe.ingredients.Coffee.&lt;init&gt;(Coffee.java:10)
	at uk.ac.sheffield.com1003.cafe.ingredients.Coffee.&lt;init&gt;(Coffee.java:10)
	at uk.ac.sheffield.com1003.cafe.ingredients.Coffee.&lt;init&gt;(Coffee.java:10)
	at uk.ac.sheffield.com1003.cafe.ingredients.Coffee.&lt;init&gt;(Coffee.java:10)
	at uk.ac.sheffield.com1003.cafe.ingredients.Coffee.&lt;init&gt;(Coffee.java:10)
	at uk.ac.sheffield.com1003.cafe.ingredients.Coffee.&lt;init&gt;(Coffee.java:10)
	at uk.ac.sheffield.com1003.cafe.ingredients.Coffee.&lt;init&gt;(Coffee.java:10)
	at uk.ac.sheffield.com1003.cafe.ingredients.Coffee.&lt;init&gt;(Coffee.java:10)
	at uk.ac.sheffield.com1003.cafe.ingredients.Coffee.&lt;init&gt;(Coffee.java:10)
	at uk.ac.sheffield.com1003.cafe.ingredients.Coffee.&lt;init&gt;(Coffee.java:10)
	at uk.ac.sheffield.com1003.cafe.ingredients.Coffee.&lt;init&gt;(Coffee.java:10)
	at uk.ac.sheffield.com1003.cafe.ingredients.Coffee.&lt;init&gt;(Coffee.java:10)
	at uk.ac.sheffield.com1003.cafe.ingredients.Coffee.&lt;init&gt;(Coffee.java:10)
	at uk.ac.sheffield.com1003.cafe.ingredients.Coffee.&lt;init&gt;(Coffee.java:10)
	at uk.ac.sheffield.com1003.cafe.ingredients.Coffee.&lt;init&gt;(Coffee.java:10)
	at uk.ac.sheffield.com1003.cafe.ingredients.Coffee.&lt;init&gt;(Coffee.java:10)
	at uk.ac.sheffield.com1003.cafe.ingredients.Coffee.&lt;init&gt;(Coffee.java:10)
	at uk.ac.sheffield.com1003.cafe.ingredients.Coffee.&lt;init&gt;(Coffee.java:10)
	at uk.ac.sheffield.com1003.cafe.ingredients.Coffee.&lt;init&gt;(Coffee.java:10)
	at uk.ac.sheffield.com1003.cafe.ingredients.Coffee.&lt;init&gt;(Coffee.java:10)
	at uk.ac.sheffield.com1003.cafe.ingredients.Coffee.&lt;init&gt;(Coffee.java:10)
	at uk.ac.sheffield.com1003.cafe.ingredients.Coffee.&lt;init&gt;(Coffee.java:10)
	at uk.ac.sheffield.com1003.cafe.ingredients.Coffee.&lt;init&gt;(Coffee.java:10)
	at uk.ac.sheffield.com1003.cafe.ingredients.Coffee.&lt;init&gt;(Coffee.java:10)
	at uk.ac.sheffield.com1003.cafe.ingredients.Coffee.&lt;init&gt;(Coffee.java:10)
	at uk.ac.sheffield.com1003.cafe.ingredients.Coffee.&lt;init&gt;(Coffee.java:10)
	at uk.ac.sheffield.com1003.cafe.ingredients.Coffee.&lt;init&gt;(Coffee.java:10)
	at uk.ac.sheffield.com1003.cafe.ingredients.Coffee.&lt;init&gt;(Coffee.java:10)
	at uk.ac.sheffield.com1003.cafe.ingredients.Coffee.&lt;init&gt;(Coffee.java:10)
	at uk.ac.sheffield.com1003.cafe.ingredients.Coffee.&lt;init&gt;(Coffee.java:10)
	at uk.ac.sheffield.com1003.cafe.ingredients.Coffee.&lt;init&gt;(Coffee.java:10)
	at uk.ac.sheffield.com1003.cafe.ingredients.Coffee.&lt;init&gt;(Coffee.java:10)
	at uk.ac.sheffield.com1003.cafe.ingredients.Coffee.&lt;init&gt;(Coffee.java:10)
	at uk.ac.sheffield.com1003.cafe.ingredients.Coffee.&lt;init&gt;(Coffee.java:10)
	at uk.ac.sheffield.com1003.cafe.ingredients.Coffee.&lt;init&gt;(Coffee.java:10)
	at uk.ac.sheffield.com1003.cafe.ingredients.Coffee.&lt;init&gt;(Coffee.java:10)
	at uk.ac.sheffield.com1003.cafe.ingredients.Coffee.&lt;init&gt;(Coffee.java:10)
	at uk.ac.sheffield.com1003.cafe.ingredients.Coffee.&lt;init&gt;(Coffee.java:10)
	at uk.ac.sheffield.com1003.cafe.ingredients.Coffee.&lt;init&gt;(Coffee.java:10)
	at uk.ac.sheffield.com1003.cafe.ingredients.Coffee.&lt;init&gt;(Coffee.java:10)
	at uk.ac.sheffield.com1003.cafe.ingredients.Coffee.&lt;init&gt;(Coffee.java:10)
	at uk.ac.sheffield.com1003.cafe.ingredients.Coffee.&lt;init&gt;(Coffee.java:10)
	at uk.ac.sheffield.com1003.cafe.ingredients.Coffee.&lt;init&gt;(Coffee.java:10)
	at uk.ac.sheffield.com1003.cafe.ingredients.Coffee.&lt;init&gt;(Coffee.java:10)
	at uk.ac.sheffield.com1003.cafe.ingredients.Coffee.&lt;init&gt;(Coffee.java:10)
	at uk.ac.sheffield.com1003.cafe.ingredients.Coffee.&lt;init&gt;(Coffee.java:10)
	at uk.ac.sheffield.com1003.cafe.ingredients.Coffee.&lt;init&gt;(Coffee.java:10)
	at uk.ac.sheffield.com1003.cafe.ingredients.Coffee.&lt;init&gt;(Coffee.java:10)
	at uk.ac.sheffield.com1003.cafe.ingredients.Coffee.&lt;init&gt;(Coffee.java:10)
	at uk.ac.sheffield.com1003.cafe.ingredients.Coffee.&lt;init&gt;(Coffee.java:10)
	at uk.ac.sheffield.com1003.cafe.ingredients.Coffee.&lt;init&gt;(Coffee.java:10)
	at uk.ac.sheffield.com1003.cafe.ingredients.Coffee.&lt;init&gt;(Coffee.java:10)
	at uk.ac.sheffield.com1003.cafe.ingredients.Coffee.&lt;init&gt;(Coffee.java:10)
	at uk.ac.sheffield.com1003.cafe.ingredients.Coffee.&lt;init&gt;(Coffee.java:10)
	at uk.ac.sheffield.com1003.cafe.ingredients.Coffee.&lt;init&gt;(Coffee.java:10)
	at uk.ac.sheffield.com1003.cafe.ingredients.Coffee.&lt;init&gt;(Coffee.java:10)
	at uk.ac.sheffield.com1003.cafe.ingredients.Coffee.&lt;init&gt;(Coffee.java:10)
	at uk.ac.sheffield.com1003.cafe.ingredients.Coffee.&lt;init&gt;(Coffee.java:10)
	at uk.ac.sheffield.com1003.cafe.ingredients.Coffee.&lt;init&gt;(Coffee.java:10)
	at uk.ac.sheffield.com1003.cafe.ingredients.Coffee.&lt;init&gt;(Coffee.java:10)
	at uk.ac.sheffield.com1003.cafe.ingredients.Coffee.&lt;init&gt;(Coffee.java:10)
	at uk.ac.sheffield.com1003.cafe.ingredients.Coffee.&lt;init&gt;(Coffee.java:10)
	at uk.ac.sheffield.com1003.cafe.ingredients.Coffee.&lt;init&gt;(Coffee.java:10)
	at uk.ac.sheffield.com1003.cafe.ingredients.Coffee.&lt;init&gt;(Coffee.java:10)
	at uk.ac.sheffield.com1003.cafe.ingredients.Coffee.&lt;init&gt;(Coffee.java:10)
	at uk.ac.sheffield.com1003.cafe.ingredients.Coffee.&lt;init&gt;(Coffee.java:10)
	at uk.ac.sheffield.com1003.cafe.ingredients.Coffee.&lt;init&gt;(Coffee.java:10)
	at uk.ac.sheffield.com1003.cafe.ingredients.Coffee.&lt;init&gt;(Coffee.java:10)
	at uk.ac.sheffield.com1003.cafe.ingredients.Coffee.&lt;init&gt;(Coffee.java:10)
	at uk.ac.sheffield.com1003.cafe.ingredients.Coffee.&lt;init&gt;(Coffee.java:10)
	at uk.ac.sheffield.com1003.cafe.ingredients.Coffee.&lt;init&gt;(Coffee.java:10)
	at uk.ac.sheffield.com1003.cafe.ingredients.Coffee.&lt;init&gt;(Coffee.java:10)
	at uk.ac.sheffield.com1003.cafe.ingredients.Coffee.&lt;init&gt;(Coffee.java:10)
	at uk.ac.sheffield.com1003.cafe.ingredients.Coffee.&lt;init&gt;(Coffee.java:10)
	at uk.ac.sheffield.com1003.cafe.ingredients.Coffee.&lt;init&gt;(Coffee.java:10)
	at uk.ac.sheffield.com1003.cafe.ingredients.Coffee.&lt;init&gt;(Coffee.java:10)
	at uk.ac.sheffield.com1003.cafe.ingredients.Coffee.&lt;init&gt;(Coffee.java:10)
	at uk.ac.sheffield.com1003.cafe.ingredients.Coffee.&lt;init&gt;(Coffee.java:10)
	at uk.ac.sheffield.com1003.cafe.ingredients.Coffee.&lt;init&gt;(Coffee.java:10)
	at uk.ac.sheffield.com1003.cafe.ingredients.Coffee.&lt;init&gt;(Coffee.java:10)
	at uk.ac.sheffield.com1003.cafe.ingredients.Coffee.&lt;init&gt;(Coffee.java:10)
	at uk.ac.sheffield.com1003.cafe.ingredients.Coffee.&lt;init&gt;(Coffee.java:10)
	at uk.ac.sheffield.com1003.cafe.ingredients.Coffee.&lt;init&gt;(Coffee.java:10)
	at uk.ac.sheffield.com1003.cafe.ingredients.Coffee.&lt;init&gt;(Coffee.java:10)
	at uk.ac.sheffield.com1003.cafe.ingredients.Coffee.&lt;init&gt;(Coffee.java:10)
	at uk.ac.sheffield.com1003.cafe.ingredients.Coffee.&lt;init&gt;(Coffee.java:10)
	at uk.ac.sheffield.com1003.cafe.ingredients.Coffee.&lt;init&gt;(Coffee.java:10)
	at uk.ac.sheffield.com1003.cafe.ingredients.Coffee.&lt;init&gt;(Coffee.java:10)
	at uk.ac.sheffield.com1003.cafe.ingredients.Coffee.&lt;init&gt;(Coffee.java:10)
	at uk.ac.sheffield.com1003.cafe.ingredients.Coffee.&lt;init&gt;(Coffee.java:10)
	at uk.ac.sheffield.com1003.cafe.ingredients.Coffee.&lt;init&gt;(Coffee.java:10)
	at uk.ac.sheffield.com1003.cafe.ingredients.Coffee.&lt;init&gt;(Coffee.java:10)
	at uk.ac.sheffield.com1003.cafe.ingredients.Coffee.&lt;init&gt;(Coffee.java:10)
	at uk.ac.sheffield.com1003.cafe.ingredients.Coffee.&lt;init&gt;(Coffee.java:10)
	at uk.ac.sheffield.com1003.cafe.ingredients.Coffee.&lt;init&gt;(Coffee.java:10)
	at uk.ac.sheffield.com1003.cafe.ingredients.Coffee.&lt;init&gt;(Coffee.java:10)
	at uk.ac.sheffield.com1003.cafe.ingredients.Coffee.&lt;init&gt;(Coffee.java:10)
	at uk.ac.sheffield.com1003.cafe.ingredients.Coffee.&lt;init&gt;(Coffee.java:10)
	at uk.ac.sheffield.com1003.cafe.ingredients.Coffee.&lt;init&gt;(Coffee.java:10)
	at uk.ac.sheffield.com1003.cafe.ingredients.Coffee.&lt;init&gt;(Coffee.java:10)
	at uk.ac.sheffield.com1003.cafe.ingredients.Coffee.&lt;init&gt;(Coffee.java:10)
	at uk.ac.sheffield.com1003.cafe.ingredients.Coffee.&lt;init&gt;(Coffee.java:10)
	at uk.ac.sheffield.com1003.cafe.ingredients.Coffee.&lt;init&gt;(Coffee.java:10)
	at uk.ac.sheffield.com1003.cafe.ingredients.Coffee.&lt;init&gt;(Coffee.java:10)
	at uk.ac.sheffield.com1003.cafe.ingredients.Coffee.&lt;init&gt;(Coffee.java:10)
	at uk.ac.sheffield.com1003.cafe.ingredients.Coffee.&lt;init&gt;(Coffee.java:10)
	at uk.ac.sheffield.com1003.cafe.ingredients.Coffee.&lt;init&gt;(Coffee.java:10)
	at uk.ac.sheffield.com1003.cafe.ingredients.Coffee.&lt;init&gt;(Coffee.java:10)
	at uk.ac.sheffield.com1003.cafe.ingredients.Coffee.&lt;init&gt;(Coffee.java:10)
	at uk.ac.sheffield.com1003.cafe.ingredients.Coffee.&lt;init&gt;(Coffee.java:10)
	at uk.ac.sheffield.com1003.cafe.ingredients.Coffee.&lt;init&gt;(Coffee.java:10)
	at uk.ac.sheffield.com1003.cafe.ingredients.Coffee.&lt;init&gt;(Coffee.java:10)
	at uk.ac.sheffield.com1003.cafe.ingredients.Coffee.&lt;init&gt;(Coffee.java:10)
	at uk.ac.sheffield.com1003.cafe.ingredients.Coffee.&lt;init&gt;(Coffee.java:10)
	at uk.ac.sheffield.com1003.cafe.ingredients.Coffee.&lt;init&gt;(Coffee.java:10)
	at uk.ac.sheffield.com1003.cafe.ingredients.Coffee.&lt;init&gt;(Coffee.java:10)
	at uk.ac.sheffield.com1003.cafe.ingredients.Coffee.&lt;init&gt;(Coffee.java:10)
	at uk.ac.sheffield.com1003.cafe.ingredients.Coffee.&lt;init&gt;(Coffee.java:10)
	at uk.ac.sheffield.com1003.cafe.ingredients.Coffee.&lt;init&gt;(Coffee.java:10)
	at uk.ac.sheffield.com1003.cafe.ingredients.Coffee.&lt;init&gt;(Coffee.java:10)
	at uk.ac.sheffield.com1003.cafe.ingredients.Coffee.&lt;init&gt;(Coffee.java:10)
	at uk.ac.sheffield.com1003.cafe.ingredients.Coffee.&lt;init&gt;(Coffee.java:10)
	at uk.ac.sheffield.com1003.cafe.ingredients.Coffee.&lt;init&gt;(Coffee.java:10)
	at uk.ac.sheffield.com1003.cafe.ingredients.Coffee.&lt;init&gt;(Coffee.java:10)
	at uk.ac.sheffield.com1003.cafe.ingredients.Coffee.&lt;init&gt;(Coffee.java:10)
	at uk.ac.sheffield.com1003.cafe.ingredients.Coffee.&lt;init&gt;(Coffee.java:10)
	at uk.ac.sheffield.com1003.cafe.ingredients.Coffee.&lt;init&gt;(Coffee.java:10)
	at uk.ac.sheffield.com1003.cafe.ingredients.Coffee.&lt;init&gt;(Coffee.java:10)
	at uk.ac.sheffield.com1003.cafe.ingredients.Coffee.&lt;init&gt;(Coffee.java:10)
	at uk.ac.sheffield.com1003.cafe.ingredients.Coffee.&lt;init&gt;(Coffee.java:10)
	at uk.ac.sheffield.com1003.cafe.ingredients.Coffee.&lt;init&gt;(Coffee.java:10)
	at uk.ac.sheffield.com1003.cafe.ingredients.Coffee.&lt;init&gt;(Coffee.java:10)
	at uk.ac.sheffield.com1003.cafe.ingredients.Coffee.&lt;init&gt;(Coffee.java:10)
	at uk.ac.sheffield.com1003.cafe.ingredients.Coffee.&lt;init&gt;(Coffee.java:10)
	at uk.ac.sheffield.com1003.cafe.ingredients.Coffee.&lt;init&gt;(Coffee.java:10)
	at uk.ac.sheffield.com1003.cafe.ingredients.Coffee.&lt;init&gt;(Coffee.java:10)
	at uk.ac.sheffield.com1003.cafe.ingredients.Coffee.&lt;init&gt;(Coffee.java:10)
	at uk.ac.sheffield.com1003.cafe.ingredients.Coffee.&lt;init&gt;(Coffee.java:10)
	at uk.ac.sheffield.com1003.cafe.ingredients.Coffee.&lt;init&gt;(Coffee.java:10)
	at uk.ac.sheffield.com1003.cafe.ingredients.Coffee.&lt;init&gt;(Coffee.java:10)
	at uk.ac.sheffield.com1003.cafe.ingredients.Coffee.&lt;init&gt;(Coffee.java:10)
	at uk.ac.sheffield.com1003.cafe.ingredients.Coffee.&lt;init&gt;(Coffee.java:10)
	at uk.ac.sheffield.com1003.cafe.ingredients.Coffee.&lt;init&gt;(Coffee.java:10)
	at uk.ac.sheffield.com1003.cafe.ingredients.Coffee.&lt;init&gt;(Coffee.java:10)
	at uk.ac.sheffield.com1003.cafe.ingredients.Coffee.&lt;init&gt;(Coffee.java:10)
	at uk.ac.sheffield.com1003.cafe.ingredients.Coffee.&lt;init&gt;(Coffee.java:10)
	at uk.ac.sheffield.com1003.cafe.ingredients.Coffee.&lt;init&gt;(Coffee.java:10)
	at uk.ac.sheffield.com1003.cafe.ingredients.Coffee.&lt;init&gt;(Coffee.java:10)
	at uk.ac.sheffield.com1003.cafe.ingredients.Coffee.&lt;init&gt;(Coffee.java:10)
	at uk.ac.sheffield.com1003.cafe.ingredients.Coffee.&lt;init&gt;(Coffee.java:10)
	at uk.ac.sheffield.com1003.cafe.ingredients.Coffee.&lt;init&gt;(Coffee.java:10)
	at uk.ac.sheffield.com1003.cafe.ingredients.Coffee.&lt;init&gt;(Coffee.java:10)
	at uk.ac.sheffield.com1003.cafe.ingredients.Coffee.&lt;init&gt;(Coffee.java:10)
	at uk.ac.sheffield.com1003.cafe.ingredients.Coffee.&lt;init&gt;(Coffee.java:10)
	at uk.ac.sheffield.com1003.cafe.ingredients.Coffee.&lt;init&gt;(Coffee.java:10)
	at uk.ac.sheffield.com1003.cafe.ingredients.Coffee.&lt;init&gt;(Coffee.java:10)
	at uk.ac.sheffield.com1003.cafe.ingredients.Coffee.&lt;init&gt;(Coffee.java:10)
	at uk.ac.sheffield.com1003.cafe.ingredients.Coffee.&lt;init&gt;(Coffee.java:10)
	at uk.ac.sheffield.com1003.cafe.ingredients.Coffee.&lt;init&gt;(Coffee.java:10)
	at uk.ac.sheffield.com1003.cafe.ingredients.Coffee.&lt;init&gt;(Coffee.java:10)
	at uk.ac.sheffield.com1003.cafe.ingredients.Coffee.&lt;init&gt;(Coffee.java:10)
	at uk.ac.sheffield.com1003.cafe.ingredients.Coffee.&lt;init&gt;(Coffee.java:10)
	at uk.ac.sheffield.com1003.cafe.ingredients.Coffee.&lt;init&gt;(Coffee.java:10)
	at uk.ac.sheffield.com1003.cafe.ingredients.Coffee.&lt;init&gt;(Coffee.java:10)
	at uk.ac.sheffield.com1003.cafe.ingredients.Coffee.&lt;init&gt;(Coffee.java:10)
	at uk.ac.sheffield.com1003.cafe.ingredients.Coffee.&lt;init&gt;(Coffee.java:10)
	at uk.ac.sheffield.com1003.cafe.ingredients.Coffee.&lt;init&gt;(Coffee.java:10)
	at uk.ac.sheffield.com1003.cafe.ingredients.Coffee.&lt;init&gt;(Coffee.java:10)
	at uk.ac.sheffield.com1003.cafe.ingredients.Coffee.&lt;init&gt;(Coffee.java:10)
	at uk.ac.sheffield.com1003.cafe.ingredients.Coffee.&lt;init&gt;(Coffee.java:10)
	at uk.ac.sheffield.com1003.cafe.ingredients.Coffee.&lt;init&gt;(Coffee.java:10)
	at uk.ac.sheffield.com1003.cafe.ingredients.Coffee.&lt;init&gt;(Coffee.java:10)
	at uk.ac.sheffield.com1003.cafe.ingredients.Coffee.&lt;init&gt;(Coffee.java:10)
	at uk.ac.sheffield.com1003.cafe.ingredients.Coffee.&lt;init&gt;(Coffee.java:10)
	at uk.ac.sheffield.com1003.cafe.ingredients.Coffee.&lt;init&gt;(Coffee.java:10)
	at uk.ac.sheffield.com1003.cafe.ingredients.Coffee.&lt;init&gt;(Coffee.java:10)
	at uk.ac.sheffield.com1003.cafe.ingredients.Coffee.&lt;init&gt;(Coffee.java:10)
	at uk.ac.sheffield.com1003.cafe.ingredients.Coffee.&lt;init&gt;(Coffee.java:10)
	at uk.ac.sheffield.com1003.cafe.ingredients.Coffee.&lt;init&gt;(Coffee.java:10)
	at uk.ac.sheffield.com1003.cafe.ingredients.Coffee.&lt;init&gt;(Coffee.java:10)
	at uk.ac.sheffield.com1003.cafe.ingredients.Coffee.&lt;init&gt;(Coffee.java:10)
	at uk.ac.sheffield.com1003.cafe.ingredients.Coffee.&lt;init&gt;(Coffee.java:10)
	at uk.ac.sheffield.com1003.cafe.ingredients.Coffee.&lt;init&gt;(Coffee.java:10)
	at uk.ac.sheffield.com1003.cafe.ingredients.Coffee.&lt;init&gt;(Coffee.java:10)
	at uk.ac.sheffield.com1003.cafe.ingredients.Coffee.&lt;init&gt;(Coffee.java:10)
	at uk.ac.sheffield.com1003.cafe.ingredients.Coffee.&lt;init&gt;(Coffee.java:10)
	at uk.ac.sheffield.com1003.cafe.ingredients.Coffee.&lt;init&gt;(Coffee.java:10)
	at uk.ac.sheffield.com1003.cafe.ingredients.Coffee.&lt;init&gt;(Coffee.java:10)
	at uk.ac.sheffield.com1003.cafe.ingredients.Coffee.&lt;init&gt;(Coffee.java:10)
	at uk.ac.sheffield.com1003.cafe.ingredients.Coffee.&lt;init&gt;(Coffee.java:10)
	at uk.ac.sheffield.com1003.cafe.ingredients.Coffee.&lt;init&gt;(Coffee.java:10)
	at uk.ac.sheffield.com1003.cafe.ingredients.Coffee.&lt;init&gt;(Coffee.java:10)
	at uk.ac.sheffield.com1003.cafe.ingredients.Coffee.&lt;init&gt;(Coffee.java:10)
	at uk.ac.sheffield.com1003.cafe.ingredients.Coffee.&lt;init&gt;(Coffee.java:10)
	at uk.ac.sheffield.com1003.cafe.ingredients.Coffee.&lt;init&gt;(Coffee.java:10)
	at uk.ac.sheffield.com1003.cafe.ingredients.Coffee.&lt;init&gt;(Coffee.java:10)
	at uk.ac.sheffield.com1003.cafe.ingredients.Coffee.&lt;init&gt;(Coffee.java:10)
	at uk.ac.sheffield.com1003.cafe.ingredients.Coffee.&lt;init&gt;(Coffee.java:10)
	at uk.ac.sheffield.com1003.cafe.ingredients.Coffee.&lt;init&gt;(Coffee.java:10)
	at uk.ac.sheffield.com1003.cafe.ingredients.Coffee.&lt;init&gt;(Coffee.java:10)
	at uk.ac.sheffield.com1003.cafe.ingredients.Coffee.&lt;init&gt;(Coffee.java:10)
	at uk.ac.sheffield.com1003.cafe.ingredients.Coffee.&lt;init&gt;(Coffee.java:10)
	at uk.ac.sheffield.com1003.cafe.ingredients.Coffee.&lt;init&gt;(Coffee.java:10)
	at uk.ac.sheffield.com1003.cafe.ingredients.Coffee.&lt;init&gt;(Coffee.java:10)
	at uk.ac.sheffield.com1003.cafe.ingredients.Coffee.&lt;init&gt;(Coffee.java:10)
	at uk.ac.sheffield.com1003.cafe.ingredients.Coffee.&lt;init&gt;(Coffee.java:10)
	at uk.ac.sheffield.com1003.cafe.ingredients.Coffee.&lt;init&gt;(Coffee.java:10)
	at uk.ac.sheffield.com1003.cafe.ingredients.Coffee.&lt;init&gt;(Coffee.java:10)
	at uk.ac.sheffield.com1003.cafe.ingredients.Coffee.&lt;init&gt;(Coffee.java:10)
	at uk.ac.sheffield.com1003.cafe.ingredients.Coffee.&lt;init&gt;(Coffee.java:10)
	at uk.ac.sheffield.com1003.cafe.ingredients.Coffee.&lt;init&gt;(Coffee.java:10)
	at uk.ac.sheffield.com1003.cafe.ingredients.Coffee.&lt;init&gt;(Coffee.java:10)
	at uk.ac.sheffield.com1003.cafe.ingredients.Coffee.&lt;init&gt;(Coffee.java:10)
	at uk.ac.sheffield.com1003.cafe.ingredients.Coffee.&lt;init&gt;(Coffee.java:10)
	at uk.ac.sheffield.com1003.cafe.ingredients.Coffee.&lt;init&gt;(Coffee.java:10)
	at uk.ac.sheffield.com1003.cafe.ingredients.Coffee.&lt;init&gt;(Coffee.java:10)
	at uk.ac.sheffield.com1003.cafe.ingredients.Coffee.&lt;init&gt;(Coffee.java:10)
	at uk.ac.sheffield.com1003.cafe.ingredients.Coffee.&lt;init&gt;(Coffee.java:10)
	at uk.ac.sheffield.com1003.cafe.ingredients.Coffee.&lt;init&gt;(Coffee.java:10)
	at uk.ac.sheffield.com1003.cafe.ingredients.Coffee.&lt;init&gt;(Coffee.java:10)
	at uk.ac.sheffield.com1003.cafe.ingredients.Coffee.&lt;init&gt;(Coffee.java:10)
	at uk.ac.sheffield.com1003.cafe.ingredients.Coffee.&lt;init&gt;(Coffee.java:10)
	at uk.ac.sheffield.com1003.cafe.ingredients.Coffee.&lt;init&gt;(Coffee.java:10)
	at uk.ac.sheffield.com1003.cafe.ingredients.Coffee.&lt;init&gt;(Coffee.java:10)
	at uk.ac.sheffield.com1003.cafe.ingredients.Coffee.&lt;init&gt;(Coffee.java:10)
	at uk.ac.sheffield.com1003.cafe.ingredients.Coffee.&lt;init&gt;(Coffee.java:10)
	at uk.ac.sheffield.com1003.cafe.ingredients.Coffee.&lt;init&gt;(Coffee.java:10)
	at uk.ac.sheffield.com1003.cafe.ingredients.Coffee.&lt;init&gt;(Coffee.java:10)
	at uk.ac.sheffield.com1003.cafe.ingredients.Coffee.&lt;init&gt;(Coffee.java:10)
	at uk.ac.sheffield.com1003.cafe.ingredients.Coffee.&lt;init&gt;(Coffee.java:10)
	at uk.ac.sheffield.com1003.cafe.ingredients.Coffee.&lt;init&gt;(Coffee.java:10)
	at uk.ac.sheffield.com1003.cafe.ingredients.Coffee.&lt;init&gt;(Coffee.java:10)
	at uk.ac.sheffield.com1003.cafe.ingredients.Coffee.&lt;init&gt;(Coffee.java:10)
	at uk.ac.sheffield.com1003.cafe.ingredients.Coffee.&lt;init&gt;(Coffee.java:10)
	at uk.ac.sheffield.com1003.cafe.ingredients.Coffee.&lt;init&gt;(Coffee.java:10)
	at uk.ac.sheffield.com1003.cafe.ingredients.Coffee.&lt;init&gt;(Coffee.java:10)
	at uk.ac.sheffield.com1003.cafe.ingredients.Coffee.&lt;init&gt;(Coffee.java:10)
	at uk.ac.sheffield.com1003.cafe.ingredients.Coffee.&lt;init&gt;(Coffee.java:10)
	at uk.ac.sheffield.com1003.cafe.ingredients.Coffee.&lt;init&gt;(Coffee.java:10)
	at uk.ac.sheffield.com1003.cafe.ingredients.Coffee.&lt;init&gt;(Coffee.java:10)
	at uk.ac.sheffield.com1003.cafe.ingredients.Coffee.&lt;init&gt;(Coffee.java:10)
	at uk.ac.sheffield.com1003.cafe.ingredients.Coffee.&lt;init&gt;(Coffee.java:10)
	at uk.ac.sheffield.com1003.cafe.ingredients.Coffee.&lt;init&gt;(Coffee.java:10)
	at uk.ac.sheffield.com1003.cafe.ingredients.Coffee.&lt;init&gt;(Coffee.java:10)
	at uk.ac.sheffield.com1003.cafe.ingredients.Coffee.&lt;init&gt;(Coffee.java:10)
	at uk.ac.sheffield.com1003.cafe.ingredients.Coffee.&lt;init&gt;(Coffee.java:10)
	at uk.ac.sheffield.com1003.cafe.ingredients.Coffee.&lt;init&gt;(Coffee.java:10)
	at uk.ac.sheffield.com1003.cafe.ingredients.Coffee.&lt;init&gt;(Coffee.java:10)
	at uk.ac.sheffield.com1003.cafe.ingredients.Coffee.&lt;init&gt;(Coffee.java:10)
	at uk.ac.sheffield.com1003.cafe.ingredients.Coffee.&lt;init&gt;(Coffee.java:10)
	at uk.ac.sheffield.com1003.cafe.ingredients.Coffee.&lt;init&gt;(Coffee.java:10)
	at uk.ac.sheffield.com1003.cafe.ingredients.Coffee.&lt;init&gt;(Coffee.java:10)
	at uk.ac.sheffield.com1003.cafe.ingredients.Coffee.&lt;init&gt;(Coffee.java:10)
	at uk.ac.sheffield.com1003.cafe.ingredients.Coffee.&lt;init&gt;(Coffee.java:10)
	at uk.ac.sheffield.com1003.cafe.ingredients.Coffee.&lt;init&gt;(Coffee.java:10)
	at uk.ac.sheffield.com1003.cafe.ingredients.Coffee.&lt;init&gt;(Coffee.java:10)
	at uk.ac.sheffield.com1003.cafe.ingredients.Coffee.&lt;init&gt;(Coffee.java:10)
	at uk.ac.sheffield.com1003.cafe.ingredients.Coffee.&lt;init&gt;(Coffee.java:10)
	at uk.ac.sheffield.com1003.cafe.ingredients.Coffee.&lt;init&gt;(Coffee.java:10)
	at uk.ac.sheffield.com1003.cafe.ingredients.Coffee.&lt;init&gt;(Coffee.java:10)
	at uk.ac.sheffield.com1003.cafe.ingredients.Coffee.&lt;init&gt;(Coffee.java:10)
	at uk.ac.sheffield.com1003.cafe.ingredients.Coffee.&lt;init&gt;(Coffee.java:10)
	at uk.ac.sheffield.com1003.cafe.ingredients.Coffee.&lt;init&gt;(Coffee.java:10)
	at uk.ac.sheffield.com1003.cafe.ingredients.Coffee.&lt;init&gt;(Coffee.java:10)
	at uk.ac.sheffield.com1003.cafe.ingredients.Coffee.&lt;init&gt;(Coffee.java:10)
	at uk.ac.sheffield.com1003.cafe.ingredients.Coffee.&lt;init&gt;(Coffee.java:10)
	at uk.ac.sheffield.com1003.cafe.ingredients.Coffee.&lt;init&gt;(Coffee.java:10)
	at uk.ac.sheffield.com1003.cafe.ingredients.Coffee.&lt;init&gt;(Coffee.java:10)
	at uk.ac.sheffield.com1003.cafe.ingredients.Coffee.&lt;init&gt;(Coffee.java:10)
	at uk.ac.sheffield.com1003.cafe.ingredients.Coffee.&lt;init&gt;(Coffee.java:10)
	at uk.ac.sheffield.com1003.cafe.ingredients.Coffee.&lt;init&gt;(Coffee.java:10)
	at uk.ac.sheffield.com1003.cafe.ingredients.Coffee.&lt;init&gt;(Coffee.java:10)
	at uk.ac.sheffield.com1003.cafe.ingredients.Coffee.&lt;init&gt;(Coffee.java:10)
	at uk.ac.sheffield.com1003.cafe.ingredients.Coffee.&lt;init&gt;(Coffee.java:10)
	at uk.ac.sheffield.com1003.cafe.ingredients.Coffee.&lt;init&gt;(Coffee.java:10)
	at uk.ac.sheffield.com1003.cafe.ingredients.Coffee.&lt;init&gt;(Coffee.java:10)
	at uk.ac.sheffield.com1003.cafe.ingredients.Coffee.&lt;init&gt;(Coffee.java:10)
	at uk.ac.sheffield.com1003.cafe.ingredients.Coffee.&lt;init&gt;(Coffee.java:10)
	at uk.ac.sheffield.com1003.cafe.ingredients.Coffee.&lt;init&gt;(Coffee.java:10)
	at uk.ac.sheffield.com1003.cafe.ingredients.Coffee.&lt;init&gt;(Coffee.java:10)
	at uk.ac.sheffield.com1003.cafe.ingredients.Coffee.&lt;init&gt;(Coffee.java:10)
	at uk.ac.sheffield.com1003.cafe.ingredients.Coffee.&lt;init&gt;(Coffee.java:10)
	at uk.ac.sheffield.com1003.cafe.ingredients.Coffee.&lt;init&gt;(Coffee.java:10)
	at uk.ac.sheffield.com1003.cafe.ingredients.Coffee.&lt;init&gt;(Coffee.java:10)
	at uk.ac.sheffield.com1003.cafe.ingredients.Coffee.&lt;init&gt;(Coffee.java:10)
	at uk.ac.sheffield.com1003.cafe.ingredients.Coffee.&lt;init&gt;(Coffee.java:10)
	at uk.ac.sheffield.com1003.cafe.ingredients.Coffee.&lt;init&gt;(Coffee.java:10)
	at uk.ac.sheffield.com1003.cafe.ingredients.Coffee.&lt;init&gt;(Coffee.java:10)
	at uk.ac.sheffield.com1003.cafe.ingredients.Coffee.&lt;init&gt;(Coffee.java:10)
	at uk.ac.sheffield.com1003.cafe.ingredients.Coffee.&lt;init&gt;(Coffee.java:10)
	at uk.ac.sheffield.com1003.cafe.ingredients.Coffee.&lt;init&gt;(Coffee.java:10)
	at uk.ac.sheffield.com1003.cafe.ingredients.Coffee.&lt;init&gt;(Coffee.java:10)
	at uk.ac.sheffield.com1003.cafe.ingredients.Coffee.&lt;init&gt;(Coffee.java:10)
	at uk.ac.sheffield.com1003.cafe.ingredients.Coffee.&lt;init&gt;(Coffee.java:10)
	at uk.ac.sheffield.com1003.cafe.ingredients.Coffee.&lt;init&gt;(Coffee.java:10)
	at uk.ac.sheffield.com1003.cafe.ingredients.Coffee.&lt;init&gt;(Coffee.java:10)
	at uk.ac.sheffield.com1003.cafe.ingredients.Coffee.&lt;init&gt;(Coffee.java:10)
	at uk.ac.sheffield.com1003.cafe.ingredients.Coffee.&lt;init&gt;(Coffee.java:10)
	at uk.ac.sheffield.com1003.cafe.ingredients.Coffee.&lt;init&gt;(Coffee.java:10)
	at uk.ac.sheffield.com1003.cafe.ingredients.Coffee.&lt;init&gt;(Coffee.java:10)
	at uk.ac.sheffield.com1003.cafe.ingredients.Coffee.&lt;init&gt;(Coffee.java:10)
	at uk.ac.sheffield.com1003.cafe.ingredients.Coffee.&lt;init&gt;(Coffee.java:10)
	at uk.ac.sheffield.com1003.cafe.ingredients.Coffee.&lt;init&gt;(Coffee.java:10)
	at uk.ac.sheffield.com1003.cafe.ingredients.Coffee.&lt;init&gt;(Coffee.java:10)
	at uk.ac.sheffield.com1003.cafe.ingredients.Coffee.&lt;init&gt;(Coffee.java:10)
	at uk.ac.sheffield.com1003.cafe.ingredients.Coffee.&lt;init&gt;(Coffee.java:10)
	at uk.ac.sheffield.com1003.cafe.ingredients.Coffee.&lt;init&gt;(Coffee.java:10)
	at uk.ac.sheffield.com1003.cafe.ingredients.Coffee.&lt;init&gt;(Coffee.java:10)
	at uk.ac.sheffield.com1003.cafe.ingredients.Coffee.&lt;init&gt;(Coffee.java:10)
	at uk.ac.sheffield.com1003.cafe.ingredients.Coffee.&lt;init&gt;(Coffee.java:10)
	at uk.ac.sheffield.com1003.cafe.ingredients.Coffee.&lt;init&gt;(Coffee.java:10)
	at uk.ac.sheffield.com1003.cafe.ingredients.Coffee.&lt;init&gt;(Coffee.java:10)
	at uk.ac.sheffield.com1003.cafe.ingredients.Coffee.&lt;init&gt;(Coffee.java:10)
	at uk.ac.sheffield.com1003.cafe.ingredients.Coffee.&lt;init&gt;(Coffee.java:10)
	at uk.ac.sheffield.com1003.cafe.ingredients.Coffee.&lt;init&gt;(Coffee.java:10)
	at uk.ac.sheffield.com1003.cafe.ingredients.Coffee.&lt;init&gt;(Coffee.java:10)
	at uk.ac.sheffield.com1003.cafe.ingredients.Coffee.&lt;init&gt;(Coffee.java:10)
	at uk.ac.sheffield.com1003.cafe.ingredients.Coffee.&lt;init&gt;(Coffee.java:10)
	at uk.ac.sheffield.com1003.cafe.ingredients.Coffee.&lt;init&gt;(Coffee.java:10)
	at uk.ac.sheffield.com1003.cafe.ingredients.Coffee.&lt;init&gt;(Coffee.java:10)
	at uk.ac.sheffield.com1003.cafe.ingredients.Coffee.&lt;init&gt;(Coffee.java:10)
	at uk.ac.sheffield.com1003.cafe.ingredients.Coffee.&lt;init&gt;(Coffee.java:10)
	at uk.ac.sheffield.com1003.cafe.ingredients.Coffee.&lt;init&gt;(Coffee.java:10)
	at uk.ac.sheffield.com1003.cafe.ingredients.Coffee.&lt;init&gt;(Coffee.java:10)
	at uk.ac.sheffield.com1003.cafe.ingredients.Coffee.&lt;init&gt;(Coffee.java:10)
	at uk.ac.sheffield.com1003.cafe.ingredients.Coffee.&lt;init&gt;(Coffee.java:10)
	at uk.ac.sheffield.com1003.cafe.ingredients.Coffee.&lt;init&gt;(Coffee.java:10)
	at uk.ac.sheffield.com1003.cafe.ingredients.Coffee.&lt;init&gt;(Coffee.java:10)
	at uk.ac.sheffield.com1003.cafe.ingredients.Coffee.&lt;init&gt;(Coffee.java:10)
	at uk.ac.sheffield.com1003.cafe.ingredients.Coffee.&lt;init&gt;(Coffee.java:10)
	at uk.ac.sheffield.com1003.cafe.ingredients.Coffee.&lt;init&gt;(Coffee.java:10)
	at uk.ac.sheffield.com1003.cafe.ingredients.Coffee.&lt;init&gt;(Coffee.java:10)
	at uk.ac.sheffield.com1003.cafe.ingredients.Coffee.&lt;init&gt;(Coffee.java:10)
	at uk.ac.sheffield.com1003.cafe.ingredients.Coffee.&lt;init&gt;(Coffee.java:10)
	at uk.ac.sheffield.com1003.cafe.ingredients.Coffee.&lt;init&gt;(Coffee.java:10)
	at uk.ac.sheffield.com1003.cafe.ingredients.Coffee.&lt;init&gt;(Coffee.java:10)
	at uk.ac.sheffield.com1003.cafe.ingredients.Coffee.&lt;init&gt;(Coffee.java:10)
	at uk.ac.sheffield.com1003.cafe.ingredients.Coffee.&lt;init&gt;(Coffee.java:10)
	at uk.ac.sheffield.com1003.cafe.ingredients.Coffee.&lt;init&gt;(Coffee.java:10)
	at uk.ac.sheffield.com1003.cafe.ingredients.Coffee.&lt;init&gt;(Coffee.java:10)
	at uk.ac.sheffield.com1003.cafe.ingredients.Coffee.&lt;init&gt;(Coffee.java:10)
	at uk.ac.sheffield.com1003.cafe.ingredients.Coffee.&lt;init&gt;(Coffee.java:10)
	at uk.ac.sheffield.com1003.cafe.ingredients.Coffee.&lt;init&gt;(Coffee.java:10)
	at uk.ac.sheffield.com1003.cafe.ingredients.Coffee.&lt;init&gt;(Coffee.java:10)
	at uk.ac.sheffield.com1003.cafe.ingredients.Coffee.&lt;init&gt;(Coffee.java:10)
	at uk.ac.sheffield.com1003.cafe.ingredients.Coffee.&lt;init&gt;(Coffee.java:10)
	at uk.ac.sheffield.com1003.cafe.ingredients.Coffee.&lt;init&gt;(Coffee.java:10)
	at uk.ac.sheffield.com1003.cafe.ingredients.Coffee.&lt;init&gt;(Coffee.java:10)
	at uk.ac.sheffield.com1003.cafe.ingredients.Coffee.&lt;init&gt;(Coffee.java:10)
	at uk.ac.sheffield.com1003.cafe.ingredients.Coffee.&lt;init&gt;(Coffee.java:10)
	at uk.ac.sheffield.com1003.cafe.ingredients.Coffee.&lt;init&gt;(Coffee.java:10)
	at uk.ac.sheffield.com1003.cafe.ingredients.Coffee.&lt;init&gt;(Coffee.java:10)
	at uk.ac.sheffield.com1003.cafe.ingredients.Coffee.&lt;init&gt;(Coffee.java:10)
	at uk.ac.sheffield.com1003.cafe.ingredients.Coffee.&lt;init&gt;(Coffee.java:10)
	at uk.ac.sheffield.com1003.cafe.ingredients.Coffee.&lt;init&gt;(Coffee.java:10)
	at uk.ac.sheffield.com1003.cafe.ingredients.Coffee.&lt;init&gt;(Coffee.java:10)
	at uk.ac.sheffield.com1003.cafe.ingredients.Coffee.&lt;init&gt;(Coffee.java:10)
	at uk.ac.sheffield.com1003.cafe.ingredients.Coffee.&lt;init&gt;(Coffee.java:10)
	at uk.ac.sheffield.com1003.cafe.ingredients.Coffee.&lt;init&gt;(Coffee.java:10)
	at uk.ac.sheffield.com1003.cafe.ingredients.Coffee.&lt;init&gt;(Coffee.java:10)
	at uk.ac.sheffield.com1003.cafe.ingredients.Coffee.&lt;init&gt;(Coffee.java:10)
	at uk.ac.sheffield.com1003.cafe.ingredients.Coffee.&lt;init&gt;(Coffee.java:10)
	at uk.ac.sheffield.com1003.cafe.ingredients.Coffee.&lt;init&gt;(Coffee.java:10)
	at uk.ac.sheffield.com1003.cafe.ingredients.Coffee.&lt;init&gt;(Coffee.java:10)
	at uk.ac.sheffield.com1003.cafe.ingredients.Coffee.&lt;init&gt;(Coffee.java:10)
	at uk.ac.sheffield.com1003.cafe.ingredients.Coffee.&lt;init&gt;(Coffee.java:10)
	at uk.ac.sheffield.com1003.cafe.ingredients.Coffee.&lt;init&gt;(Coffee.java:10)
	at uk.ac.sheffield.com1003.cafe.ingredients.Coffee.&lt;init&gt;(Coffee.java:10)
	at uk.ac.sheffield.com1003.cafe.ingredients.Coffee.&lt;init&gt;(Coffee.java:10)
	at uk.ac.sheffield.com1003.cafe.ingredients.Coffee.&lt;init&gt;(Coffee.java:10)
	at uk.ac.sheffield.com1003.cafe.ingredients.Coffee.&lt;init&gt;(Coffee.java:10)
	at uk.ac.sheffield.com1003.cafe.ingredients.Coffee.&lt;init&gt;(Coffee.java:10)
	at uk.ac.sheffield.com1003.cafe.ingredients.Coffee.&lt;init&gt;(Coffee.java:10)
	at uk.ac.sheffield.com1003.cafe.ingredients.Coffee.&lt;init&gt;(Coffee.java:10)
	at uk.ac.sheffield.com1003.cafe.ingredients.Coffee.&lt;init&gt;(Coffee.java:10)
	at uk.ac.sheffield.com1003.cafe.ingredients.Coffee.&lt;init&gt;(Coffee.java:10)
	at uk.ac.sheffield.com1003.cafe.ingredients.Coffee.&lt;init&gt;(Coffee.java:10)
	at uk.ac.sheffield.com1003.cafe.ingredients.Coffee.&lt;init&gt;(Coffee.java:10)
	at uk.ac.sheffield.com1003.cafe.ingredients.Coffee.&lt;init&gt;(Coffee.java:10)
	at uk.ac.sheffield.com1003.cafe.ingredients.Coffee.&lt;init&gt;(Coffee.java:10)
	at uk.ac.sheffield.com1003.cafe.ingredients.Coffee.&lt;init&gt;(Coffee.java:10)
	at uk.ac.sheffield.com1003.cafe.ingredients.Coffee.&lt;init&gt;(Coffee.java:10)
	at uk.ac.sheffield.com1003.cafe.ingredients.Coffee.&lt;init&gt;(Coffee.java:10)
	at uk.ac.sheffield.com1003.cafe.ingredients.Coffee.&lt;init&gt;(Coffee.java:10)
	at uk.ac.sheffield.com1003.cafe.ingredients.Coffee.&lt;init&gt;(Coffee.java:10)
	at uk.ac.sheffield.com1003.cafe.ingredients.Coffee.&lt;init&gt;(Coffee.java:10)
	at uk.ac.sheffield.com1003.cafe.ingredients.Coffee.&lt;init&gt;(Coffee.java:10)
	at uk.ac.sheffield.com1003.cafe.ingredients.Coffee.&lt;init&gt;(Coffee.java:10)
	at uk.ac.sheffield.com1003.cafe.ingredients.Coffee.&lt;init&gt;(Coffee.java:10)
	at uk.ac.sheffield.com1003.cafe.ingredients.Coffee.&lt;init&gt;(Coffee.java:10)
	at uk.ac.sheffield.com1003.cafe.ingredients.Coffee.&lt;init&gt;(Coffee.java:10)
	at uk.ac.sheffield.com1003.cafe.ingredients.Coffee.&lt;init&gt;(Coffee.java:10)
	at uk.ac.sheffield.com1003.cafe.ingredients.Coffee.&lt;init&gt;(Coffee.java:10)
	at uk.ac.sheffield.com1003.cafe.ingredients.Coffee.&lt;init&gt;(Coffee.java:10)
	at uk.ac.sheffield.com1003.cafe.ingredients.Coffee.&lt;init&gt;(Coffee.java:10)
	at uk.ac.sheffield.com1003.cafe.ingredients.Coffee.&lt;init&gt;(Coffee.java:10)
	at uk.ac.sheffield.com1003.cafe.ingredients.Coffee.&lt;init&gt;(Coffee.java:10)
	at uk.ac.sheffield.com1003.cafe.ingredients.Coffee.&lt;init&gt;(Coffee.java:10)
	at uk.ac.sheffield.com1003.cafe.ingredients.Coffee.&lt;init&gt;(Coffee.java:10)
	at uk.ac.sheffield.com1003.cafe.ingredients.Coffee.&lt;init&gt;(Coffee.java:10)
	at uk.ac.sheffield.com1003.cafe.ingredients.Coffee.&lt;init&gt;(Coffee.java:10)
	at uk.ac.sheffield.com1003.cafe.ingredients.Coffee.&lt;init&gt;(Coffee.java:10)
	at uk.ac.sheffield.com1003.cafe.ingredients.Coffee.&lt;init&gt;(Coffee.java:10)
	at uk.ac.sheffield.com1003.cafe.ingredients.Coffee.&lt;init&gt;(Coffee.java:10)
	at uk.ac.sheffield.com1003.cafe.ingredients.Coffee.&lt;init&gt;(Coffee.java:10)
	at uk.ac.sheffield.com1003.cafe.ingredients.Coffee.&lt;init&gt;(Coffee.java:10)
	at uk.ac.sheffield.com1003.cafe.ingredients.Coffee.&lt;init&gt;(Coffee.java:10)
	at uk.ac.sheffield.com1003.cafe.ingredients.Coffee.&lt;init&gt;(Coffee.java:10)
	at uk.ac.sheffield.com1003.cafe.ingredients.Coffee.&lt;init&gt;(Coffee.java:10)
	at uk.ac.sheffield.com1003.cafe.ingredients.Coffee.&lt;init&gt;(Coffee.java:10)
	at uk.ac.sheffield.com1003.cafe.ingredients.Coffee.&lt;init&gt;(Coffee.java:10)
	at uk.ac.sheffield.com1003.cafe.ingredients.Coffee.&lt;init&gt;(Coffee.java:10)
	at uk.ac.sheffield.com1003.cafe.ingredients.Coffee.&lt;init&gt;(Coffee.java:10)
	at uk.ac.sheffield.com1003.cafe.ingredients.Coffee.&lt;init&gt;(Coffee.java:10)
	at uk.ac.sheffield.com1003.cafe.ingredients.Coffee.&lt;init&gt;(Coffee.java:10)
	at uk.ac.sheffield.com1003.cafe.ingredients.Coffee.&lt;init&gt;(Coffee.java:10)
	at uk.ac.sheffield.com1003.cafe.ingredients.Coffee.&lt;init&gt;(Coffee.java:10)
	at uk.ac.sheffield.com1003.cafe.ingredients.Coffee.&lt;init&gt;(Coffee.java:10)
	at uk.ac.sheffield.com1003.cafe.ingredients.Coffee.&lt;init&gt;(Coffee.java:10)
	at uk.ac.sheffield.com1003.cafe.ingredients.Coffee.&lt;init&gt;(Coffee.java:10)
	at uk.ac.sheffield.com1003.cafe.ingredients.Coffee.&lt;init&gt;(Coffee.java:10)
	at uk.ac.sheffield.com1003.cafe.ingredients.Coffee.&lt;init&gt;(Coffee.java:10)
	at uk.ac.sheffield.com1003.cafe.ingredients.Coffee.&lt;init&gt;(Coffee.java:10)
	at uk.ac.sheffield.com1003.cafe.ingredients.Coffee.&lt;init&gt;(Coffee.java:10)
	at uk.ac.sheffield.com1003.cafe.ingredients.Coffee.&lt;init&gt;(Coffee.java:10)
	at uk.ac.sheffield.com1003.cafe.ingredients.Coffee.&lt;init&gt;(Coffee.java:10)
	at uk.ac.sheffield.com1003.cafe.ingredients.Coffee.&lt;init&gt;(Coffee.java:10)
	at uk.ac.sheffield.com1003.cafe.ingredients.Coffee.&lt;init&gt;(Coffee.java:10)
	at uk.ac.sheffield.com1003.cafe.ingredients.Coffee.&lt;init&gt;(Coffee.java:10)
	at uk.ac.sheffield.com1003.cafe.ingredients.Coffee.&lt;init&gt;(Coffee.java:10)
	at uk.ac.sheffield.com1003.cafe.ingredients.Coffee.&lt;init&gt;(Coffee.java:10)
	at uk.ac.sheffield.com1003.cafe.ingredients.Coffee.&lt;init&gt;(Coffee.java:10)
	at uk.ac.sheffield.com1003.cafe.ingredients.Coffee.&lt;init&gt;(Coffee.java:10)
	at uk.ac.sheffield.com1003.cafe.ingredients.Coffee.&lt;init&gt;(Coffee.java:10)
	at uk.ac.sheffield.com1003.cafe.ingredients.Coffee.&lt;init&gt;(Coffee.java:10)
	at uk.ac.sheffield.com1003.cafe.ingredients.Coffee.&lt;init&gt;(Coffee.java:10)
	at uk.ac.sheffield.com1003.cafe.ingredients.Coffee.&lt;init&gt;(Coffee.java:10)
	at uk.ac.sheffield.com1003.cafe.ingredients.Coffee.&lt;init&gt;(Coffee.java:10)
	at uk.ac.sheffield.com1003.cafe.ingredients.Coffee.&lt;init&gt;(Coffee.java:10)
	at uk.ac.sheffield.com1003.cafe.ingredients.Coffee.&lt;init&gt;(Coffee.java:10)
	at uk.ac.sheffield.com1003.cafe.ingredients.Coffee.&lt;init&gt;(Coffee.java:10)
	at uk.ac.sheffield.com1003.cafe.ingredients.Coffee.&lt;init&gt;(Coffee.java:10)
	at uk.ac.sheffield.com1003.cafe.ingredients.Coffee.&lt;init&gt;(Coffee.java:10)
	at uk.ac.sheffield.com1003.cafe.ingredients.Coffee.&lt;init&gt;(Coffee.java:10)
	at uk.ac.sheffield.com1003.cafe.ingredients.Coffee.&lt;init&gt;(Coffee.java:10)
	at uk.ac.sheffield.com1003.cafe.ingredients.Coffee.&lt;init&gt;(Coffee.java:10)
	at uk.ac.sheffield.com1003.cafe.ingredients.Coffee.&lt;init&gt;(Coffee.java:10)
	at uk.ac.sheffield.com1003.cafe.ingredients.Coffee.&lt;init&gt;(Coffee.java:10)
	at uk.ac.sheffield.com1003.cafe.ingredients.Coffee.&lt;init&gt;(Coffee.java:10)
	at uk.ac.sheffield.com1003.cafe.ingredients.Coffee.&lt;init&gt;(Coffee.java:10)
	at uk.ac.sheffield.com1003.cafe.ingredients.Coffee.&lt;init&gt;(Coffee.java:10)
	at uk.ac.sheffield.com1003.cafe.ingredients.Coffee.&lt;init&gt;(Coffee.java:10)
	at uk.ac.sheffield.com1003.cafe.ingredients.Coffee.&lt;init&gt;(Coffee.java:10)
	at uk.ac.sheffield.com1003.cafe.ingredients.Coffee.&lt;init&gt;(Coffee.java:10)
	at uk.ac.sheffield.com1003.cafe.ingredients.Coffee.&lt;init&gt;(Coffee.java:10)
	at uk.ac.sheffield.com1003.cafe.ingredients.Coffee.&lt;init&gt;(Coffee.java:10)
</failure>
  </testcase>
  <testcase name="testRecipeNotEqualsPrice" classname="uk.ac.sheffield.com1003.cafe.TestCafeTask5" time="0.0"/>
  <testcase name="testRecipeMultipleIngredientsDifferentCoffeeAmount" classname="uk.ac.sheffield.com1003.cafe.TestCafeTask5" time="0.004">
    <failure message="java.lang.StackOverflowError" type="java.lang.StackOverflowError">java.lang.StackOverflowError
	at uk.ac.sheffield.com1003.cafe.ingredients.Coffee.&lt;init&gt;(Coffee.java:10)
	at uk.ac.sheffield.com1003.cafe.ingredients.Coffee.&lt;init&gt;(Coffee.java:10)
	at uk.ac.sheffield.com1003.cafe.ingredients.Coffee.&lt;init&gt;(Coffee.java:10)
	at uk.ac.sheffield.com1003.cafe.ingredients.Coffee.&lt;init&gt;(Coffee.java:10)
	at uk.ac.sheffield.com1003.cafe.ingredients.Coffee.&lt;init&gt;(Coffee.java:10)
	at uk.ac.sheffield.com1003.cafe.ingredients.Coffee.&lt;init&gt;(Coffee.java:10)
	at uk.ac.sheffield.com1003.cafe.ingredients.Coffee.&lt;init&gt;(Coffee.java:10)
	at uk.ac.sheffield.com1003.cafe.ingredients.Coffee.&lt;init&gt;(Coffee.java:10)
	at uk.ac.sheffield.com1003.cafe.ingredients.Coffee.&lt;init&gt;(Coffee.java:10)
	at uk.ac.sheffield.com1003.cafe.ingredients.Coffee.&lt;init&gt;(Coffee.java:10)
	at uk.ac.sheffield.com1003.cafe.ingredients.Coffee.&lt;init&gt;(Coffee.java:10)
	at uk.ac.sheffield.com1003.cafe.ingredients.Coffee.&lt;init&gt;(Coffee.java:10)
	at uk.ac.sheffield.com1003.cafe.ingredients.Coffee.&lt;init&gt;(Coffee.java:10)
	at uk.ac.sheffield.com1003.cafe.ingredients.Coffee.&lt;init&gt;(Coffee.java:10)
	at uk.ac.sheffield.com1003.cafe.ingredients.Coffee.&lt;init&gt;(Coffee.java:10)
	at uk.ac.sheffield.com1003.cafe.ingredients.Coffee.&lt;init&gt;(Coffee.java:10)
	at uk.ac.sheffield.com1003.cafe.ingredients.Coffee.&lt;init&gt;(Coffee.java:10)
	at uk.ac.sheffield.com1003.cafe.ingredients.Coffee.&lt;init&gt;(Coffee.java:10)
	at uk.ac.sheffield.com1003.cafe.ingredients.Coffee.&lt;init&gt;(Coffee.java:10)
	at uk.ac.sheffield.com1003.cafe.ingredients.Coffee.&lt;init&gt;(Coffee.java:10)
	at uk.ac.sheffield.com1003.cafe.ingredients.Coffee.&lt;init&gt;(Coffee.java:10)
	at uk.ac.sheffield.com1003.cafe.ingredients.Coffee.&lt;init&gt;(Coffee.java:10)
	at uk.ac.sheffield.com1003.cafe.ingredients.Coffee.&lt;init&gt;(Coffee.java:10)
	at uk.ac.sheffield.com1003.cafe.ingredients.Coffee.&lt;init&gt;(Coffee.java:10)
	at uk.ac.sheffield.com1003.cafe.ingredients.Coffee.&lt;init&gt;(Coffee.java:10)
	at uk.ac.sheffield.com1003.cafe.ingredients.Coffee.&lt;init&gt;(Coffee.java:10)
	at uk.ac.sheffield.com1003.cafe.ingredients.Coffee.&lt;init&gt;(Coffee.java:10)
	at uk.ac.sheffield.com1003.cafe.ingredients.Coffee.&lt;init&gt;(Coffee.java:10)
	at uk.ac.sheffield.com1003.cafe.ingredients.Coffee.&lt;init&gt;(Coffee.java:10)
	at uk.ac.sheffield.com1003.cafe.ingredients.Coffee.&lt;init&gt;(Coffee.java:10)
	at uk.ac.sheffield.com1003.cafe.ingredients.Coffee.&lt;init&gt;(Coffee.java:10)
	at uk.ac.sheffield.com1003.cafe.ingredients.Coffee.&lt;init&gt;(Coffee.java:10)
	at uk.ac.sheffield.com1003.cafe.ingredients.Coffee.&lt;init&gt;(Coffee.java:10)
	at uk.ac.sheffield.com1003.cafe.ingredients.Coffee.&lt;init&gt;(Coffee.java:10)
	at uk.ac.sheffield.com1003.cafe.ingredients.Coffee.&lt;init&gt;(Coffee.java:10)
	at uk.ac.sheffield.com1003.cafe.ingredients.Coffee.&lt;init&gt;(Coffee.java:10)
	at uk.ac.sheffield.com1003.cafe.ingredients.Coffee.&lt;init&gt;(Coffee.java:10)
	at uk.ac.sheffield.com1003.cafe.ingredients.Coffee.&lt;init&gt;(Coffee.java:10)
	at uk.ac.sheffield.com1003.cafe.ingredients.Coffee.&lt;init&gt;(Coffee.java:10)
	at uk.ac.sheffield.com1003.cafe.ingredients.Coffee.&lt;init&gt;(Coffee.java:10)
	at uk.ac.sheffield.com1003.cafe.ingredients.Coffee.&lt;init&gt;(Coffee.java:10)
	at uk.ac.sheffield.com1003.cafe.ingredients.Coffee.&lt;init&gt;(Coffee.java:10)
	at uk.ac.sheffield.com1003.cafe.ingredients.Coffee.&lt;init&gt;(Coffee.java:10)
	at uk.ac.sheffield.com1003.cafe.ingredients.Coffee.&lt;init&gt;(Coffee.java:10)
	at uk.ac.sheffield.com1003.cafe.ingredients.Coffee.&lt;init&gt;(Coffee.java:10)
	at uk.ac.sheffield.com1003.cafe.ingredients.Coffee.&lt;init&gt;(Coffee.java:10)
	at uk.ac.sheffield.com1003.cafe.ingredients.Coffee.&lt;init&gt;(Coffee.java:10)
	at uk.ac.sheffield.com1003.cafe.ingredients.Coffee.&lt;init&gt;(Coffee.java:10)
	at uk.ac.sheffield.com1003.cafe.ingredients.Coffee.&lt;init&gt;(Coffee.java:10)
	at uk.ac.sheffield.com1003.cafe.ingredients.Coffee.&lt;init&gt;(Coffee.java:10)
	at uk.ac.sheffield.com1003.cafe.ingredients.Coffee.&lt;init&gt;(Coffee.java:10)
	at uk.ac.sheffield.com1003.cafe.ingredients.Coffee.&lt;init&gt;(Coffee.java:10)
	at uk.ac.sheffield.com1003.cafe.ingredients.Coffee.&lt;init&gt;(Coffee.java:10)
	at uk.ac.sheffield.com1003.cafe.ingredients.Coffee.&lt;init&gt;(Coffee.java:10)
	at uk.ac.sheffield.com1003.cafe.ingredients.Coffee.&lt;init&gt;(Coffee.java:10)
	at uk.ac.sheffield.com1003.cafe.ingredients.Coffee.&lt;init&gt;(Coffee.java:10)
	at uk.ac.sheffield.com1003.cafe.ingredients.Coffee.&lt;init&gt;(Coffee.java:10)
	at uk.ac.sheffield.com1003.cafe.ingredients.Coffee.&lt;init&gt;(Coffee.java:10)
	at uk.ac.sheffield.com1003.cafe.ingredients.Coffee.&lt;init&gt;(Coffee.java:10)
	at uk.ac.sheffield.com1003.cafe.ingredients.Coffee.&lt;init&gt;(Coffee.java:10)
	at uk.ac.sheffield.com1003.cafe.ingredients.Coffee.&lt;init&gt;(Coffee.java:10)
	at uk.ac.sheffield.com1003.cafe.ingredients.Coffee.&lt;init&gt;(Coffee.java:10)
	at uk.ac.sheffield.com1003.cafe.ingredients.Coffee.&lt;init&gt;(Coffee.java:10)
	at uk.ac.sheffield.com1003.cafe.ingredients.Coffee.&lt;init&gt;(Coffee.java:10)
	at uk.ac.sheffield.com1003.cafe.ingredients.Coffee.&lt;init&gt;(Coffee.java:10)
	at uk.ac.sheffield.com1003.cafe.ingredients.Coffee.&lt;init&gt;(Coffee.java:10)
	at uk.ac.sheffield.com1003.cafe.ingredients.Coffee.&lt;init&gt;(Coffee.java:10)
	at uk.ac.sheffield.com1003.cafe.ingredients.Coffee.&lt;init&gt;(Coffee.java:10)
	at uk.ac.sheffield.com1003.cafe.ingredients.Coffee.&lt;init&gt;(Coffee.java:10)
	at uk.ac.sheffield.com1003.cafe.ingredients.Coffee.&lt;init&gt;(Coffee.java:10)
	at uk.ac.sheffield.com1003.cafe.ingredients.Coffee.&lt;init&gt;(Coffee.java:10)
	at uk.ac.sheffield.com1003.cafe.ingredients.Coffee.&lt;init&gt;(Coffee.java:10)
	at uk.ac.sheffield.com1003.cafe.ingredients.Coffee.&lt;init&gt;(Coffee.java:10)
	at uk.ac.sheffield.com1003.cafe.ingredients.Coffee.&lt;init&gt;(Coffee.java:10)
	at uk.ac.sheffield.com1003.cafe.ingredients.Coffee.&lt;init&gt;(Coffee.java:10)
	at uk.ac.sheffield.com1003.cafe.ingredients.Coffee.&lt;init&gt;(Coffee.java:10)
	at uk.ac.sheffield.com1003.cafe.ingredients.Coffee.&lt;init&gt;(Coffee.java:10)
	at uk.ac.sheffield.com1003.cafe.ingredients.Coffee.&lt;init&gt;(Coffee.java:10)
	at uk.ac.sheffield.com1003.cafe.ingredients.Coffee.&lt;init&gt;(Coffee.java:10)
	at uk.ac.sheffield.com1003.cafe.ingredients.Coffee.&lt;init&gt;(Coffee.java:10)
	at uk.ac.sheffield.com1003.cafe.ingredients.Coffee.&lt;init&gt;(Coffee.java:10)
	at uk.ac.sheffield.com1003.cafe.ingredients.Coffee.&lt;init&gt;(Coffee.java:10)
	at uk.ac.sheffield.com1003.cafe.ingredients.Coffee.&lt;init&gt;(Coffee.java:10)
	at uk.ac.sheffield.com1003.cafe.ingredients.Coffee.&lt;init&gt;(Coffee.java:10)
	at uk.ac.sheffield.com1003.cafe.ingredients.Coffee.&lt;init&gt;(Coffee.java:10)
	at uk.ac.sheffield.com1003.cafe.ingredients.Coffee.&lt;init&gt;(Coffee.java:10)
	at uk.ac.sheffield.com1003.cafe.ingredients.Coffee.&lt;init&gt;(Coffee.java:10)
	at uk.ac.sheffield.com1003.cafe.ingredients.Coffee.&lt;init&gt;(Coffee.java:10)
	at uk.ac.sheffield.com1003.cafe.ingredients.Coffee.&lt;init&gt;(Coffee.java:10)
	at uk.ac.sheffield.com1003.cafe.ingredients.Coffee.&lt;init&gt;(Coffee.java:10)
	at uk.ac.sheffield.com1003.cafe.ingredients.Coffee.&lt;init&gt;(Coffee.java:10)
	at uk.ac.sheffield.com1003.cafe.ingredients.Coffee.&lt;init&gt;(Coffee.java:10)
	at uk.ac.sheffield.com1003.cafe.ingredients.Coffee.&lt;init&gt;(Coffee.java:10)
	at uk.ac.sheffield.com1003.cafe.ingredients.Coffee.&lt;init&gt;(Coffee.java:10)
	at uk.ac.sheffield.com1003.cafe.ingredients.Coffee.&lt;init&gt;(Coffee.java:10)
	at uk.ac.sheffield.com1003.cafe.ingredients.Coffee.&lt;init&gt;(Coffee.java:10)
	at uk.ac.sheffield.com1003.cafe.ingredients.Coffee.&lt;init&gt;(Coffee.java:10)
	at uk.ac.sheffield.com1003.cafe.ingredients.Coffee.&lt;init&gt;(Coffee.java:10)
	at uk.ac.sheffield.com1003.cafe.ingredients.Coffee.&lt;init&gt;(Coffee.java:10)
	at uk.ac.sheffield.com1003.cafe.ingredients.Coffee.&lt;init&gt;(Coffee.java:10)
	at uk.ac.sheffield.com1003.cafe.ingredients.Coffee.&lt;init&gt;(Coffee.java:10)
	at uk.ac.sheffield.com1003.cafe.ingredients.Coffee.&lt;init&gt;(Coffee.java:10)
	at uk.ac.sheffield.com1003.cafe.ingredients.Coffee.&lt;init&gt;(Coffee.java:10)
	at uk.ac.sheffield.com1003.cafe.ingredients.Coffee.&lt;init&gt;(Coffee.java:10)
	at uk.ac.sheffield.com1003.cafe.ingredients.Coffee.&lt;init&gt;(Coffee.java:10)
	at uk.ac.sheffield.com1003.cafe.ingredients.Coffee.&lt;init&gt;(Coffee.java:10)
	at uk.ac.sheffield.com1003.cafe.ingredients.Coffee.&lt;init&gt;(Coffee.java:10)
	at uk.ac.sheffield.com1003.cafe.ingredients.Coffee.&lt;init&gt;(Coffee.java:10)
	at uk.ac.sheffield.com1003.cafe.ingredients.Coffee.&lt;init&gt;(Coffee.java:10)
	at uk.ac.sheffield.com1003.cafe.ingredients.Coffee.&lt;init&gt;(Coffee.java:10)
	at uk.ac.sheffield.com1003.cafe.ingredients.Coffee.&lt;init&gt;(Coffee.java:10)
	at uk.ac.sheffield.com1003.cafe.ingredients.Coffee.&lt;init&gt;(Coffee.java:10)
	at uk.ac.sheffield.com1003.cafe.ingredients.Coffee.&lt;init&gt;(Coffee.java:10)
	at uk.ac.sheffield.com1003.cafe.ingredients.Coffee.&lt;init&gt;(Coffee.java:10)
	at uk.ac.sheffield.com1003.cafe.ingredients.Coffee.&lt;init&gt;(Coffee.java:10)
	at uk.ac.sheffield.com1003.cafe.ingredients.Coffee.&lt;init&gt;(Coffee.java:10)
	at uk.ac.sheffield.com1003.cafe.ingredients.Coffee.&lt;init&gt;(Coffee.java:10)
	at uk.ac.sheffield.com1003.cafe.ingredients.Coffee.&lt;init&gt;(Coffee.java:10)
	at uk.ac.sheffield.com1003.cafe.ingredients.Coffee.&lt;init&gt;(Coffee.java:10)
	at uk.ac.sheffield.com1003.cafe.ingredients.Coffee.&lt;init&gt;(Coffee.java:10)
	at uk.ac.sheffield.com1003.cafe.ingredients.Coffee.&lt;init&gt;(Coffee.java:10)
	at uk.ac.sheffield.com1003.cafe.ingredients.Coffee.&lt;init&gt;(Coffee.java:10)
	at uk.ac.sheffield.com1003.cafe.ingredients.Coffee.&lt;init&gt;(Coffee.java:10)
	at uk.ac.sheffield.com1003.cafe.ingredients.Coffee.&lt;init&gt;(Coffee.java:10)
	at uk.ac.sheffield.com1003.cafe.ingredients.Coffee.&lt;init&gt;(Coffee.java:10)
	at uk.ac.sheffield.com1003.cafe.ingredients.Coffee.&lt;init&gt;(Coffee.java:10)
	at uk.ac.sheffield.com1003.cafe.ingredients.Coffee.&lt;init&gt;(Coffee.java:10)
	at uk.ac.sheffield.com1003.cafe.ingredients.Coffee.&lt;init&gt;(Coffee.java:10)
	at uk.ac.sheffield.com1003.cafe.ingredients.Coffee.&lt;init&gt;(Coffee.java:10)
	at uk.ac.sheffield.com1003.cafe.ingredients.Coffee.&lt;init&gt;(Coffee.java:10)
	at uk.ac.sheffield.com1003.cafe.ingredients.Coffee.&lt;init&gt;(Coffee.java:10)
	at uk.ac.sheffield.com1003.cafe.ingredients.Coffee.&lt;init&gt;(Coffee.java:10)
	at uk.ac.sheffield.com1003.cafe.ingredients.Coffee.&lt;init&gt;(Coffee.java:10)
	at uk.ac.sheffield.com1003.cafe.ingredients.Coffee.&lt;init&gt;(Coffee.java:10)
	at uk.ac.sheffield.com1003.cafe.ingredients.Coffee.&lt;init&gt;(Coffee.java:10)
	at uk.ac.sheffield.com1003.cafe.ingredients.Coffee.&lt;init&gt;(Coffee.java:10)
	at uk.ac.sheffield.com1003.cafe.ingredients.Coffee.&lt;init&gt;(Coffee.java:10)
	at uk.ac.sheffield.com1003.cafe.ingredients.Coffee.&lt;init&gt;(Coffee.java:10)
	at uk.ac.sheffield.com1003.cafe.ingredients.Coffee.&lt;init&gt;(Coffee.java:10)
	at uk.ac.sheffield.com1003.cafe.ingredients.Coffee.&lt;init&gt;(Coffee.java:10)
	at uk.ac.sheffield.com1003.cafe.ingredients.Coffee.&lt;init&gt;(Coffee.java:10)
	at uk.ac.sheffield.com1003.cafe.ingredients.Coffee.&lt;init&gt;(Coffee.java:10)
	at uk.ac.sheffield.com1003.cafe.ingredients.Coffee.&lt;init&gt;(Coffee.java:10)
	at uk.ac.sheffield.com1003.cafe.ingredients.Coffee.&lt;init&gt;(Coffee.java:10)
	at uk.ac.sheffield.com1003.cafe.ingredients.Coffee.&lt;init&gt;(Coffee.java:10)
	at uk.ac.sheffield.com1003.cafe.ingredients.Coffee.&lt;init&gt;(Coffee.java:10)
	at uk.ac.sheffield.com1003.cafe.ingredients.Coffee.&lt;init&gt;(Coffee.java:10)
	at uk.ac.sheffield.com1003.cafe.ingredients.Coffee.&lt;init&gt;(Coffee.java:10)
	at uk.ac.sheffield.com1003.cafe.ingredients.Coffee.&lt;init&gt;(Coffee.java:10)
	at uk.ac.sheffield.com1003.cafe.ingredients.Coffee.&lt;init&gt;(Coffee.java:10)
	at uk.ac.sheffield.com1003.cafe.ingredients.Coffee.&lt;init&gt;(Coffee.java:10)
	at uk.ac.sheffield.com1003.cafe.ingredients.Coffee.&lt;init&gt;(Coffee.java:10)
	at uk.ac.sheffield.com1003.cafe.ingredients.Coffee.&lt;init&gt;(Coffee.java:10)
	at uk.ac.sheffield.com1003.cafe.ingredients.Coffee.&lt;init&gt;(Coffee.java:10)
	at uk.ac.sheffield.com1003.cafe.ingredients.Coffee.&lt;init&gt;(Coffee.java:10)
	at uk.ac.sheffield.com1003.cafe.ingredients.Coffee.&lt;init&gt;(Coffee.java:10)
	at uk.ac.sheffield.com1003.cafe.ingredients.Coffee.&lt;init&gt;(Coffee.java:10)
	at uk.ac.sheffield.com1003.cafe.ingredients.Coffee.&lt;init&gt;(Coffee.java:10)
	at uk.ac.sheffield.com1003.cafe.ingredients.Coffee.&lt;init&gt;(Coffee.java:10)
	at uk.ac.sheffield.com1003.cafe.ingredients.Coffee.&lt;init&gt;(Coffee.java:10)
	at uk.ac.sheffield.com1003.cafe.ingredients.Coffee.&lt;init&gt;(Coffee.java:10)
	at uk.ac.sheffield.com1003.cafe.ingredients.Coffee.&lt;init&gt;(Coffee.java:10)
	at uk.ac.sheffield.com1003.cafe.ingredients.Coffee.&lt;init&gt;(Coffee.java:10)
	at uk.ac.sheffield.com1003.cafe.ingredients.Coffee.&lt;init&gt;(Coffee.java:10)
	at uk.ac.sheffield.com1003.cafe.ingredients.Coffee.&lt;init&gt;(Coffee.java:10)
	at uk.ac.sheffield.com1003.cafe.ingredients.Coffee.&lt;init&gt;(Coffee.java:10)
	at uk.ac.sheffield.com1003.cafe.ingredients.Coffee.&lt;init&gt;(Coffee.java:10)
	at uk.ac.sheffield.com1003.cafe.ingredients.Coffee.&lt;init&gt;(Coffee.java:10)
	at uk.ac.sheffield.com1003.cafe.ingredients.Coffee.&lt;init&gt;(Coffee.java:10)
	at uk.ac.sheffield.com1003.cafe.ingredients.Coffee.&lt;init&gt;(Coffee.java:10)
	at uk.ac.sheffield.com1003.cafe.ingredients.Coffee.&lt;init&gt;(Coffee.java:10)
	at uk.ac.sheffield.com1003.cafe.ingredients.Coffee.&lt;init&gt;(Coffee.java:10)
	at uk.ac.sheffield.com1003.cafe.ingredients.Coffee.&lt;init&gt;(Coffee.java:10)
	at uk.ac.sheffield.com1003.cafe.ingredients.Coffee.&lt;init&gt;(Coffee.java:10)
	at uk.ac.sheffield.com1003.cafe.ingredients.Coffee.&lt;init&gt;(Coffee.java:10)
	at uk.ac.sheffield.com1003.cafe.ingredients.Coffee.&lt;init&gt;(Coffee.java:10)
	at uk.ac.sheffield.com1003.cafe.ingredients.Coffee.&lt;init&gt;(Coffee.java:10)
	at uk.ac.sheffield.com1003.cafe.ingredients.Coffee.&lt;init&gt;(Coffee.java:10)
	at uk.ac.sheffield.com1003.cafe.ingredients.Coffee.&lt;init&gt;(Coffee.java:10)
	at uk.ac.sheffield.com1003.cafe.ingredients.Coffee.&lt;init&gt;(Coffee.java:10)
	at uk.ac.sheffield.com1003.cafe.ingredients.Coffee.&lt;init&gt;(Coffee.java:10)
	at uk.ac.sheffield.com1003.cafe.ingredients.Coffee.&lt;init&gt;(Coffee.java:10)
	at uk.ac.sheffield.com1003.cafe.ingredients.Coffee.&lt;init&gt;(Coffee.java:10)
	at uk.ac.sheffield.com1003.cafe.ingredients.Coffee.&lt;init&gt;(Coffee.java:10)
	at uk.ac.sheffield.com1003.cafe.ingredients.Coffee.&lt;init&gt;(Coffee.java:10)
	at uk.ac.sheffield.com1003.cafe.ingredients.Coffee.&lt;init&gt;(Coffee.java:10)
	at uk.ac.sheffield.com1003.cafe.ingredients.Coffee.&lt;init&gt;(Coffee.java:10)
	at uk.ac.sheffield.com1003.cafe.ingredients.Coffee.&lt;init&gt;(Coffee.java:10)
	at uk.ac.sheffield.com1003.cafe.ingredients.Coffee.&lt;init&gt;(Coffee.java:10)
	at uk.ac.sheffield.com1003.cafe.ingredients.Coffee.&lt;init&gt;(Coffee.java:10)
	at uk.ac.sheffield.com1003.cafe.ingredients.Coffee.&lt;init&gt;(Coffee.java:10)
	at uk.ac.sheffield.com1003.cafe.ingredients.Coffee.&lt;init&gt;(Coffee.java:10)
	at uk.ac.sheffield.com1003.cafe.ingredients.Coffee.&lt;init&gt;(Coffee.java:10)
	at uk.ac.sheffield.com1003.cafe.ingredients.Coffee.&lt;init&gt;(Coffee.java:10)
	at uk.ac.sheffield.com1003.cafe.ingredients.Coffee.&lt;init&gt;(Coffee.java:10)
	at uk.ac.sheffield.com1003.cafe.ingredients.Coffee.&lt;init&gt;(Coffee.java:10)
	at uk.ac.sheffield.com1003.cafe.ingredients.Coffee.&lt;init&gt;(Coffee.java:10)
	at uk.ac.sheffield.com1003.cafe.ingredients.Coffee.&lt;init&gt;(Coffee.java:10)
	at uk.ac.sheffield.com1003.cafe.ingredients.Coffee.&lt;init&gt;(Coffee.java:10)
	at uk.ac.sheffield.com1003.cafe.ingredients.Coffee.&lt;init&gt;(Coffee.java:10)
	at uk.ac.sheffield.com1003.cafe.ingredients.Coffee.&lt;init&gt;(Coffee.java:10)
	at uk.ac.sheffield.com1003.cafe.ingredients.Coffee.&lt;init&gt;(Coffee.java:10)
	at uk.ac.sheffield.com1003.cafe.ingredients.Coffee.&lt;init&gt;(Coffee.java:10)
	at uk.ac.sheffield.com1003.cafe.ingredients.Coffee.&lt;init&gt;(Coffee.java:10)
	at uk.ac.sheffield.com1003.cafe.ingredients.Coffee.&lt;init&gt;(Coffee.java:10)
	at uk.ac.sheffield.com1003.cafe.ingredients.Coffee.&lt;init&gt;(Coffee.java:10)
	at uk.ac.sheffield.com1003.cafe.ingredients.Coffee.&lt;init&gt;(Coffee.java:10)
	at uk.ac.sheffield.com1003.cafe.ingredients.Coffee.&lt;init&gt;(Coffee.java:10)
	at uk.ac.sheffield.com1003.cafe.ingredients.Coffee.&lt;init&gt;(Coffee.java:10)
	at uk.ac.sheffield.com1003.cafe.ingredients.Coffee.&lt;init&gt;(Coffee.java:10)
	at uk.ac.sheffield.com1003.cafe.ingredients.Coffee.&lt;init&gt;(Coffee.java:10)
	at uk.ac.sheffield.com1003.cafe.ingredients.Coffee.&lt;init&gt;(Coffee.java:10)
	at uk.ac.sheffield.com1003.cafe.ingredients.Coffee.&lt;init&gt;(Coffee.java:10)
	at uk.ac.sheffield.com1003.cafe.ingredients.Coffee.&lt;init&gt;(Coffee.java:10)
	at uk.ac.sheffield.com1003.cafe.ingredients.Coffee.&lt;init&gt;(Coffee.java:10)
	at uk.ac.sheffield.com1003.cafe.ingredients.Coffee.&lt;init&gt;(Coffee.java:10)
	at uk.ac.sheffield.com1003.cafe.ingredients.Coffee.&lt;init&gt;(Coffee.java:10)
	at uk.ac.sheffield.com1003.cafe.ingredients.Coffee.&lt;init&gt;(Coffee.java:10)
	at uk.ac.sheffield.com1003.cafe.ingredients.Coffee.&lt;init&gt;(Coffee.java:10)
	at uk.ac.sheffield.com1003.cafe.ingredients.Coffee.&lt;init&gt;(Coffee.java:10)
	at uk.ac.sheffield.com1003.cafe.ingredients.Coffee.&lt;init&gt;(Coffee.java:10)
	at uk.ac.sheffield.com1003.cafe.ingredients.Coffee.&lt;init&gt;(Coffee.java:10)
	at uk.ac.sheffield.com1003.cafe.ingredients.Coffee.&lt;init&gt;(Coffee.java:10)
	at uk.ac.sheffield.com1003.cafe.ingredients.Coffee.&lt;init&gt;(Coffee.java:10)
	at uk.ac.sheffield.com1003.cafe.ingredients.Coffee.&lt;init&gt;(Coffee.java:10)
	at uk.ac.sheffield.com1003.cafe.ingredients.Coffee.&lt;init&gt;(Coffee.java:10)
	at uk.ac.sheffield.com1003.cafe.ingredients.Coffee.&lt;init&gt;(Coffee.java:10)
	at uk.ac.sheffield.com1003.cafe.ingredients.Coffee.&lt;init&gt;(Coffee.java:10)
	at uk.ac.sheffield.com1003.cafe.ingredients.Coffee.&lt;init&gt;(Coffee.java:10)
	at uk.ac.sheffield.com1003.cafe.ingredients.Coffee.&lt;init&gt;(Coffee.java:10)
	at uk.ac.sheffield.com1003.cafe.ingredients.Coffee.&lt;init&gt;(Coffee.java:10)
	at uk.ac.sheffield.com1003.cafe.ingredients.Coffee.&lt;init&gt;(Coffee.java:10)
	at uk.ac.sheffield.com1003.cafe.ingredients.Coffee.&lt;init&gt;(Coffee.java:10)
	at uk.ac.sheffield.com1003.cafe.ingredients.Coffee.&lt;init&gt;(Coffee.java:10)
	at uk.ac.sheffield.com1003.cafe.ingredients.Coffee.&lt;init&gt;(Coffee.java:10)
	at uk.ac.sheffield.com1003.cafe.ingredients.Coffee.&lt;init&gt;(Coffee.java:10)
	at uk.ac.sheffield.com1003.cafe.ingredients.Coffee.&lt;init&gt;(Coffee.java:10)
	at uk.ac.sheffield.com1003.cafe.ingredients.Coffee.&lt;init&gt;(Coffee.java:10)
	at uk.ac.sheffield.com1003.cafe.ingredients.Coffee.&lt;init&gt;(Coffee.java:10)
	at uk.ac.sheffield.com1003.cafe.ingredients.Coffee.&lt;init&gt;(Coffee.java:10)
	at uk.ac.sheffield.com1003.cafe.ingredients.Coffee.&lt;init&gt;(Coffee.java:10)
	at uk.ac.sheffield.com1003.cafe.ingredients.Coffee.&lt;init&gt;(Coffee.java:10)
	at uk.ac.sheffield.com1003.cafe.ingredients.Coffee.&lt;init&gt;(Coffee.java:10)
	at uk.ac.sheffield.com1003.cafe.ingredients.Coffee.&lt;init&gt;(Coffee.java:10)
	at uk.ac.sheffield.com1003.cafe.ingredients.Coffee.&lt;init&gt;(Coffee.java:10)
	at uk.ac.sheffield.com1003.cafe.ingredients.Coffee.&lt;init&gt;(Coffee.java:10)
	at uk.ac.sheffield.com1003.cafe.ingredients.Coffee.&lt;init&gt;(Coffee.java:10)
	at uk.ac.sheffield.com1003.cafe.ingredients.Coffee.&lt;init&gt;(Coffee.java:10)
	at uk.ac.sheffield.com1003.cafe.ingredients.Coffee.&lt;init&gt;(Coffee.java:10)
	at uk.ac.sheffield.com1003.cafe.ingredients.Coffee.&lt;init&gt;(Coffee.java:10)
	at uk.ac.sheffield.com1003.cafe.ingredients.Coffee.&lt;init&gt;(Coffee.java:10)
	at uk.ac.sheffield.com1003.cafe.ingredients.Coffee.&lt;init&gt;(Coffee.java:10)
	at uk.ac.sheffield.com1003.cafe.ingredients.Coffee.&lt;init&gt;(Coffee.java:10)
	at uk.ac.sheffield.com1003.cafe.ingredients.Coffee.&lt;init&gt;(Coffee.java:10)
	at uk.ac.sheffield.com1003.cafe.ingredients.Coffee.&lt;init&gt;(Coffee.java:10)
	at uk.ac.sheffield.com1003.cafe.ingredients.Coffee.&lt;init&gt;(Coffee.java:10)
	at uk.ac.sheffield.com1003.cafe.ingredients.Coffee.&lt;init&gt;(Coffee.java:10)
	at uk.ac.sheffield.com1003.cafe.ingredients.Coffee.&lt;init&gt;(Coffee.java:10)
	at uk.ac.sheffield.com1003.cafe.ingredients.Coffee.&lt;init&gt;(Coffee.java:10)
	at uk.ac.sheffield.com1003.cafe.ingredients.Coffee.&lt;init&gt;(Coffee.java:10)
	at uk.ac.sheffield.com1003.cafe.ingredients.Coffee.&lt;init&gt;(Coffee.java:10)
	at uk.ac.sheffield.com1003.cafe.ingredients.Coffee.&lt;init&gt;(Coffee.java:10)
	at uk.ac.sheffield.com1003.cafe.ingredients.Coffee.&lt;init&gt;(Coffee.java:10)
	at uk.ac.sheffield.com1003.cafe.ingredients.Coffee.&lt;init&gt;(Coffee.java:10)
	at uk.ac.sheffield.com1003.cafe.ingredients.Coffee.&lt;init&gt;(Coffee.java:10)
	at uk.ac.sheffield.com1003.cafe.ingredients.Coffee.&lt;init&gt;(Coffee.java:10)
	at uk.ac.sheffield.com1003.cafe.ingredients.Coffee.&lt;init&gt;(Coffee.java:10)
	at uk.ac.sheffield.com1003.cafe.ingredients.Coffee.&lt;init&gt;(Coffee.java:10)
	at uk.ac.sheffield.com1003.cafe.ingredients.Coffee.&lt;init&gt;(Coffee.java:10)
	at uk.ac.sheffield.com1003.cafe.ingredients.Coffee.&lt;init&gt;(Coffee.java:10)
	at uk.ac.sheffield.com1003.cafe.ingredients.Coffee.&lt;init&gt;(Coffee.java:10)
	at uk.ac.sheffield.com1003.cafe.ingredients.Coffee.&lt;init&gt;(Coffee.java:10)
	at uk.ac.sheffield.com1003.cafe.ingredients.Coffee.&lt;init&gt;(Coffee.java:10)
	at uk.ac.sheffield.com1003.cafe.ingredients.Coffee.&lt;init&gt;(Coffee.java:10)
	at uk.ac.sheffield.com1003.cafe.ingredients.Coffee.&lt;init&gt;(Coffee.java:10)
	at uk.ac.sheffield.com1003.cafe.ingredients.Coffee.&lt;init&gt;(Coffee.java:10)
	at uk.ac.sheffield.com1003.cafe.ingredients.Coffee.&lt;init&gt;(Coffee.java:10)
	at uk.ac.sheffield.com1003.cafe.ingredients.Coffee.&lt;init&gt;(Coffee.java:10)
	at uk.ac.sheffield.com1003.cafe.ingredients.Coffee.&lt;init&gt;(Coffee.java:10)
	at uk.ac.sheffield.com1003.cafe.ingredients.Coffee.&lt;init&gt;(Coffee.java:10)
	at uk.ac.sheffield.com1003.cafe.ingredients.Coffee.&lt;init&gt;(Coffee.java:10)
	at uk.ac.sheffield.com1003.cafe.ingredients.Coffee.&lt;init&gt;(Coffee.java:10)
	at uk.ac.sheffield.com1003.cafe.ingredients.Coffee.&lt;init&gt;(Coffee.java:10)
	at uk.ac.sheffield.com1003.cafe.ingredients.Coffee.&lt;init&gt;(Coffee.java:10)
	at uk.ac.sheffield.com1003.cafe.ingredients.Coffee.&lt;init&gt;(Coffee.java:10)
	at uk.ac.sheffield.com1003.cafe.ingredients.Coffee.&lt;init&gt;(Coffee.java:10)
	at uk.ac.sheffield.com1003.cafe.ingredients.Coffee.&lt;init&gt;(Coffee.java:10)
	at uk.ac.sheffield.com1003.cafe.ingredients.Coffee.&lt;init&gt;(Coffee.java:10)
	at uk.ac.sheffield.com1003.cafe.ingredients.Coffee.&lt;init&gt;(Coffee.java:10)
	at uk.ac.sheffield.com1003.cafe.ingredients.Coffee.&lt;init&gt;(Coffee.java:10)
	at uk.ac.sheffield.com1003.cafe.ingredients.Coffee.&lt;init&gt;(Coffee.java:10)
	at uk.ac.sheffield.com1003.cafe.ingredients.Coffee.&lt;init&gt;(Coffee.java:10)
	at uk.ac.sheffield.com1003.cafe.ingredients.Coffee.&lt;init&gt;(Coffee.java:10)
	at uk.ac.sheffield.com1003.cafe.ingredients.Coffee.&lt;init&gt;(Coffee.java:10)
	at uk.ac.sheffield.com1003.cafe.ingredients.Coffee.&lt;init&gt;(Coffee.java:10)
	at uk.ac.sheffield.com1003.cafe.ingredients.Coffee.&lt;init&gt;(Coffee.java:10)
	at uk.ac.sheffield.com1003.cafe.ingredients.Coffee.&lt;init&gt;(Coffee.java:10)
	at uk.ac.sheffield.com1003.cafe.ingredients.Coffee.&lt;init&gt;(Coffee.java:10)
	at uk.ac.sheffield.com1003.cafe.ingredients.Coffee.&lt;init&gt;(Coffee.java:10)
	at uk.ac.sheffield.com1003.cafe.ingredients.Coffee.&lt;init&gt;(Coffee.java:10)
	at uk.ac.sheffield.com1003.cafe.ingredients.Coffee.&lt;init&gt;(Coffee.java:10)
	at uk.ac.sheffield.com1003.cafe.ingredients.Coffee.&lt;init&gt;(Coffee.java:10)
	at uk.ac.sheffield.com1003.cafe.ingredients.Coffee.&lt;init&gt;(Coffee.java:10)
	at uk.ac.sheffield.com1003.cafe.ingredients.Coffee.&lt;init&gt;(Coffee.java:10)
	at uk.ac.sheffield.com1003.cafe.ingredients.Coffee.&lt;init&gt;(Coffee.java:10)
	at uk.ac.sheffield.com1003.cafe.ingredients.Coffee.&lt;init&gt;(Coffee.java:10)
	at uk.ac.sheffield.com1003.cafe.ingredients.Coffee.&lt;init&gt;(Coffee.java:10)
	at uk.ac.sheffield.com1003.cafe.ingredients.Coffee.&lt;init&gt;(Coffee.java:10)
	at uk.ac.sheffield.com1003.cafe.ingredients.Coffee.&lt;init&gt;(Coffee.java:10)
	at uk.ac.sheffield.com1003.cafe.ingredients.Coffee.&lt;init&gt;(Coffee.java:10)
	at uk.ac.sheffield.com1003.cafe.ingredients.Coffee.&lt;init&gt;(Coffee.java:10)
	at uk.ac.sheffield.com1003.cafe.ingredients.Coffee.&lt;init&gt;(Coffee.java:10)
	at uk.ac.sheffield.com1003.cafe.ingredients.Coffee.&lt;init&gt;(Coffee.java:10)
	at uk.ac.sheffield.com1003.cafe.ingredients.Coffee.&lt;init&gt;(Coffee.java:10)
	at uk.ac.sheffield.com1003.cafe.ingredients.Coffee.&lt;init&gt;(Coffee.java:10)
	at uk.ac.sheffield.com1003.cafe.ingredients.Coffee.&lt;init&gt;(Coffee.java:10)
	at uk.ac.sheffield.com1003.cafe.ingredients.Coffee.&lt;init&gt;(Coffee.java:10)
	at uk.ac.sheffield.com1003.cafe.ingredients.Coffee.&lt;init&gt;(Coffee.java:10)
	at uk.ac.sheffield.com1003.cafe.ingredients.Coffee.&lt;init&gt;(Coffee.java:10)
	at uk.ac.sheffield.com1003.cafe.ingredients.Coffee.&lt;init&gt;(Coffee.java:10)
	at uk.ac.sheffield.com1003.cafe.ingredients.Coffee.&lt;init&gt;(Coffee.java:10)
	at uk.ac.sheffield.com1003.cafe.ingredients.Coffee.&lt;init&gt;(Coffee.java:10)
	at uk.ac.sheffield.com1003.cafe.ingredients.Coffee.&lt;init&gt;(Coffee.java:10)
	at uk.ac.sheffield.com1003.cafe.ingredients.Coffee.&lt;init&gt;(Coffee.java:10)
	at uk.ac.sheffield.com1003.cafe.ingredients.Coffee.&lt;init&gt;(Coffee.java:10)
	at uk.ac.sheffield.com1003.cafe.ingredients.Coffee.&lt;init&gt;(Coffee.java:10)
	at uk.ac.sheffield.com1003.cafe.ingredients.Coffee.&lt;init&gt;(Coffee.java:10)
	at uk.ac.sheffield.com1003.cafe.ingredients.Coffee.&lt;init&gt;(Coffee.java:10)
	at uk.ac.sheffield.com1003.cafe.ingredients.Coffee.&lt;init&gt;(Coffee.java:10)
	at uk.ac.sheffield.com1003.cafe.ingredients.Coffee.&lt;init&gt;(Coffee.java:10)
	at uk.ac.sheffield.com1003.cafe.ingredients.Coffee.&lt;init&gt;(Coffee.java:10)
	at uk.ac.sheffield.com1003.cafe.ingredients.Coffee.&lt;init&gt;(Coffee.java:10)
	at uk.ac.sheffield.com1003.cafe.ingredients.Coffee.&lt;init&gt;(Coffee.java:10)
	at uk.ac.sheffield.com1003.cafe.ingredients.Coffee.&lt;init&gt;(Coffee.java:10)
	at uk.ac.sheffield.com1003.cafe.ingredients.Coffee.&lt;init&gt;(Coffee.java:10)
	at uk.ac.sheffield.com1003.cafe.ingredients.Coffee.&lt;init&gt;(Coffee.java:10)
	at uk.ac.sheffield.com1003.cafe.ingredients.Coffee.&lt;init&gt;(Coffee.java:10)
	at uk.ac.sheffield.com1003.cafe.ingredients.Coffee.&lt;init&gt;(Coffee.java:10)
	at uk.ac.sheffield.com1003.cafe.ingredients.Coffee.&lt;init&gt;(Coffee.java:10)
	at uk.ac.sheffield.com1003.cafe.ingredients.Coffee.&lt;init&gt;(Coffee.java:10)
	at uk.ac.sheffield.com1003.cafe.ingredients.Coffee.&lt;init&gt;(Coffee.java:10)
	at uk.ac.sheffield.com1003.cafe.ingredients.Coffee.&lt;init&gt;(Coffee.java:10)
	at uk.ac.sheffield.com1003.cafe.ingredients.Coffee.&lt;init&gt;(Coffee.java:10)
	at uk.ac.sheffield.com1003.cafe.ingredients.Coffee.&lt;init&gt;(Coffee.java:10)
	at uk.ac.sheffield.com1003.cafe.ingredients.Coffee.&lt;init&gt;(Coffee.java:10)
	at uk.ac.sheffield.com1003.cafe.ingredients.Coffee.&lt;init&gt;(Coffee.java:10)
	at uk.ac.sheffield.com1003.cafe.ingredients.Coffee.&lt;init&gt;(Coffee.java:10)
	at uk.ac.sheffield.com1003.cafe.ingredients.Coffee.&lt;init&gt;(Coffee.java:10)
	at uk.ac.sheffield.com1003.cafe.ingredients.Coffee.&lt;init&gt;(Coffee.java:10)
	at uk.ac.sheffield.com1003.cafe.ingredients.Coffee.&lt;init&gt;(Coffee.java:10)
	at uk.ac.sheffield.com1003.cafe.ingredients.Coffee.&lt;init&gt;(Coffee.java:10)
	at uk.ac.sheffield.com1003.cafe.ingredients.Coffee.&lt;init&gt;(Coffee.java:10)
	at uk.ac.sheffield.com1003.cafe.ingredients.Coffee.&lt;init&gt;(Coffee.java:10)
	at uk.ac.sheffield.com1003.cafe.ingredients.Coffee.&lt;init&gt;(Coffee.java:10)
	at uk.ac.sheffield.com1003.cafe.ingredients.Coffee.&lt;init&gt;(Coffee.java:10)
	at uk.ac.sheffield.com1003.cafe.ingredients.Coffee.&lt;init&gt;(Coffee.java:10)
	at uk.ac.sheffield.com1003.cafe.ingredients.Coffee.&lt;init&gt;(Coffee.java:10)
	at uk.ac.sheffield.com1003.cafe.ingredients.Coffee.&lt;init&gt;(Coffee.java:10)
	at uk.ac.sheffield.com1003.cafe.ingredients.Coffee.&lt;init&gt;(Coffee.java:10)
	at uk.ac.sheffield.com1003.cafe.ingredients.Coffee.&lt;init&gt;(Coffee.java:10)
	at uk.ac.sheffield.com1003.cafe.ingredients.Coffee.&lt;init&gt;(Coffee.java:10)
	at uk.ac.sheffield.com1003.cafe.ingredients.Coffee.&lt;init&gt;(Coffee.java:10)
	at uk.ac.sheffield.com1003.cafe.ingredients.Coffee.&lt;init&gt;(Coffee.java:10)
	at uk.ac.sheffield.com1003.cafe.ingredients.Coffee.&lt;init&gt;(Coffee.java:10)
	at uk.ac.sheffield.com1003.cafe.ingredients.Coffee.&lt;init&gt;(Coffee.java:10)
	at uk.ac.sheffield.com1003.cafe.ingredients.Coffee.&lt;init&gt;(Coffee.java:10)
	at uk.ac.sheffield.com1003.cafe.ingredients.Coffee.&lt;init&gt;(Coffee.java:10)
	at uk.ac.sheffield.com1003.cafe.ingredients.Coffee.&lt;init&gt;(Coffee.java:10)
	at uk.ac.sheffield.com1003.cafe.ingredients.Coffee.&lt;init&gt;(Coffee.java:10)
	at uk.ac.sheffield.com1003.cafe.ingredients.Coffee.&lt;init&gt;(Coffee.java:10)
	at uk.ac.sheffield.com1003.cafe.ingredients.Coffee.&lt;init&gt;(Coffee.java:10)
	at uk.ac.sheffield.com1003.cafe.ingredients.Coffee.&lt;init&gt;(Coffee.java:10)
	at uk.ac.sheffield.com1003.cafe.ingredients.Coffee.&lt;init&gt;(Coffee.java:10)
	at uk.ac.sheffield.com1003.cafe.ingredients.Coffee.&lt;init&gt;(Coffee.java:10)
	at uk.ac.sheffield.com1003.cafe.ingredients.Coffee.&lt;init&gt;(Coffee.java:10)
	at uk.ac.sheffield.com1003.cafe.ingredients.Coffee.&lt;init&gt;(Coffee.java:10)
	at uk.ac.sheffield.com1003.cafe.ingredients.Coffee.&lt;init&gt;(Coffee.java:10)
	at uk.ac.sheffield.com1003.cafe.ingredients.Coffee.&lt;init&gt;(Coffee.java:10)
	at uk.ac.sheffield.com1003.cafe.ingredients.Coffee.&lt;init&gt;(Coffee.java:10)
	at uk.ac.sheffield.com1003.cafe.ingredients.Coffee.&lt;init&gt;(Coffee.java:10)
	at uk.ac.sheffield.com1003.cafe.ingredients.Coffee.&lt;init&gt;(Coffee.java:10)
	at uk.ac.sheffield.com1003.cafe.ingredients.Coffee.&lt;init&gt;(Coffee.java:10)
	at uk.ac.sheffield.com1003.cafe.ingredients.Coffee.&lt;init&gt;(Coffee.java:10)
	at uk.ac.sheffield.com1003.cafe.ingredients.Coffee.&lt;init&gt;(Coffee.java:10)
	at uk.ac.sheffield.com1003.cafe.ingredients.Coffee.&lt;init&gt;(Coffee.java:10)
	at uk.ac.sheffield.com1003.cafe.ingredients.Coffee.&lt;init&gt;(Coffee.java:10)
	at uk.ac.sheffield.com1003.cafe.ingredients.Coffee.&lt;init&gt;(Coffee.java:10)
	at uk.ac.sheffield.com1003.cafe.ingredients.Coffee.&lt;init&gt;(Coffee.java:10)
	at uk.ac.sheffield.com1003.cafe.ingredients.Coffee.&lt;init&gt;(Coffee.java:10)
	at uk.ac.sheffield.com1003.cafe.ingredients.Coffee.&lt;init&gt;(Coffee.java:10)
	at uk.ac.sheffield.com1003.cafe.ingredients.Coffee.&lt;init&gt;(Coffee.java:10)
	at uk.ac.sheffield.com1003.cafe.ingredients.Coffee.&lt;init&gt;(Coffee.java:10)
	at uk.ac.sheffield.com1003.cafe.ingredients.Coffee.&lt;init&gt;(Coffee.java:10)
	at uk.ac.sheffield.com1003.cafe.ingredients.Coffee.&lt;init&gt;(Coffee.java:10)
	at uk.ac.sheffield.com1003.cafe.ingredients.Coffee.&lt;init&gt;(Coffee.java:10)
	at uk.ac.sheffield.com1003.cafe.ingredients.Coffee.&lt;init&gt;(Coffee.java:10)
	at uk.ac.sheffield.com1003.cafe.ingredients.Coffee.&lt;init&gt;(Coffee.java:10)
	at uk.ac.sheffield.com1003.cafe.ingredients.Coffee.&lt;init&gt;(Coffee.java:10)
	at uk.ac.sheffield.com1003.cafe.ingredients.Coffee.&lt;init&gt;(Coffee.java:10)
	at uk.ac.sheffield.com1003.cafe.ingredients.Coffee.&lt;init&gt;(Coffee.java:10)
	at uk.ac.sheffield.com1003.cafe.ingredients.Coffee.&lt;init&gt;(Coffee.java:10)
	at uk.ac.sheffield.com1003.cafe.ingredients.Coffee.&lt;init&gt;(Coffee.java:10)
	at uk.ac.sheffield.com1003.cafe.ingredients.Coffee.&lt;init&gt;(Coffee.java:10)
	at uk.ac.sheffield.com1003.cafe.ingredients.Coffee.&lt;init&gt;(Coffee.java:10)
	at uk.ac.sheffield.com1003.cafe.ingredients.Coffee.&lt;init&gt;(Coffee.java:10)
	at uk.ac.sheffield.com1003.cafe.ingredients.Coffee.&lt;init&gt;(Coffee.java:10)
	at uk.ac.sheffield.com1003.cafe.ingredients.Coffee.&lt;init&gt;(Coffee.java:10)
	at uk.ac.sheffield.com1003.cafe.ingredients.Coffee.&lt;init&gt;(Coffee.java:10)
	at uk.ac.sheffield.com1003.cafe.ingredients.Coffee.&lt;init&gt;(Coffee.java:10)
	at uk.ac.sheffield.com1003.cafe.ingredients.Coffee.&lt;init&gt;(Coffee.java:10)
	at uk.ac.sheffield.com1003.cafe.ingredients.Coffee.&lt;init&gt;(Coffee.java:10)
	at uk.ac.sheffield.com1003.cafe.ingredients.Coffee.&lt;init&gt;(Coffee.java:10)
	at uk.ac.sheffield.com1003.cafe.ingredients.Coffee.&lt;init&gt;(Coffee.java:10)
	at uk.ac.sheffield.com1003.cafe.ingredients.Coffee.&lt;init&gt;(Coffee.java:10)
	at uk.ac.sheffield.com1003.cafe.ingredients.Coffee.&lt;init&gt;(Coffee.java:10)
	at uk.ac.sheffield.com1003.cafe.ingredients.Coffee.&lt;init&gt;(Coffee.java:10)
	at uk.ac.sheffield.com1003.cafe.ingredients.Coffee.&lt;init&gt;(Coffee.java:10)
	at uk.ac.sheffield.com1003.cafe.ingredients.Coffee.&lt;init&gt;(Coffee.java:10)
	at uk.ac.sheffield.com1003.cafe.ingredients.Coffee.&lt;init&gt;(Coffee.java:10)
	at uk.ac.sheffield.com1003.cafe.ingredients.Coffee.&lt;init&gt;(Coffee.java:10)
	at uk.ac.sheffield.com1003.cafe.ingredients.Coffee.&lt;init&gt;(Coffee.java:10)
	at uk.ac.sheffield.com1003.cafe.ingredients.Coffee.&lt;init&gt;(Coffee.java:10)
	at uk.ac.sheffield.com1003.cafe.ingredients.Coffee.&lt;init&gt;(Coffee.java:10)
	at uk.ac.sheffield.com1003.cafe.ingredients.Coffee.&lt;init&gt;(Coffee.java:10)
	at uk.ac.sheffield.com1003.cafe.ingredients.Coffee.&lt;init&gt;(Coffee.java:10)
	at uk.ac.sheffield.com1003.cafe.ingredients.Coffee.&lt;init&gt;(Coffee.java:10)
	at uk.ac.sheffield.com1003.cafe.ingredients.Coffee.&lt;init&gt;(Coffee.java:10)
	at uk.ac.sheffield.com1003.cafe.ingredients.Coffee.&lt;init&gt;(Coffee.java:10)
	at uk.ac.sheffield.com1003.cafe.ingredients.Coffee.&lt;init&gt;(Coffee.java:10)
	at uk.ac.sheffield.com1003.cafe.ingredients.Coffee.&lt;init&gt;(Coffee.java:10)
	at uk.ac.sheffield.com1003.cafe.ingredients.Coffee.&lt;init&gt;(Coffee.java:10)
	at uk.ac.sheffield.com1003.cafe.ingredients.Coffee.&lt;init&gt;(Coffee.java:10)
	at uk.ac.sheffield.com1003.cafe.ingredients.Coffee.&lt;init&gt;(Coffee.java:10)
	at uk.ac.sheffield.com1003.cafe.ingredients.Coffee.&lt;init&gt;(Coffee.java:10)
	at uk.ac.sheffield.com1003.cafe.ingredients.Coffee.&lt;init&gt;(Coffee.java:10)
	at uk.ac.sheffield.com1003.cafe.ingredients.Coffee.&lt;init&gt;(Coffee.java:10)
	at uk.ac.sheffield.com1003.cafe.ingredients.Coffee.&lt;init&gt;(Coffee.java:10)
	at uk.ac.sheffield.com1003.cafe.ingredients.Coffee.&lt;init&gt;(Coffee.java:10)
	at uk.ac.sheffield.com1003.cafe.ingredients.Coffee.&lt;init&gt;(Coffee.java:10)
	at uk.ac.sheffield.com1003.cafe.ingredients.Coffee.&lt;init&gt;(Coffee.java:10)
	at uk.ac.sheffield.com1003.cafe.ingredients.Coffee.&lt;init&gt;(Coffee.java:10)
	at uk.ac.sheffield.com1003.cafe.ingredients.Coffee.&lt;init&gt;(Coffee.java:10)
	at uk.ac.sheffield.com1003.cafe.ingredients.Coffee.&lt;init&gt;(Coffee.java:10)
	at uk.ac.sheffield.com1003.cafe.ingredients.Coffee.&lt;init&gt;(Coffee.java:10)
	at uk.ac.sheffield.com1003.cafe.ingredients.Coffee.&lt;init&gt;(Coffee.java:10)
	at uk.ac.sheffield.com1003.cafe.ingredients.Coffee.&lt;init&gt;(Coffee.java:10)
	at uk.ac.sheffield.com1003.cafe.ingredients.Coffee.&lt;init&gt;(Coffee.java:10)
	at uk.ac.sheffield.com1003.cafe.ingredients.Coffee.&lt;init&gt;(Coffee.java:10)
	at uk.ac.sheffield.com1003.cafe.ingredients.Coffee.&lt;init&gt;(Coffee.java:10)
	at uk.ac.sheffield.com1003.cafe.ingredients.Coffee.&lt;init&gt;(Coffee.java:10)
	at uk.ac.sheffield.com1003.cafe.ingredients.Coffee.&lt;init&gt;(Coffee.java:10)
	at uk.ac.sheffield.com1003.cafe.ingredients.Coffee.&lt;init&gt;(Coffee.java:10)
	at uk.ac.sheffield.com1003.cafe.ingredients.Coffee.&lt;init&gt;(Coffee.java:10)
	at uk.ac.sheffield.com1003.cafe.ingredients.Coffee.&lt;init&gt;(Coffee.java:10)
	at uk.ac.sheffield.com1003.cafe.ingredients.Coffee.&lt;init&gt;(Coffee.java:10)
	at uk.ac.sheffield.com1003.cafe.ingredients.Coffee.&lt;init&gt;(Coffee.java:10)
	at uk.ac.sheffield.com1003.cafe.ingredients.Coffee.&lt;init&gt;(Coffee.java:10)
	at uk.ac.sheffield.com1003.cafe.ingredients.Coffee.&lt;init&gt;(Coffee.java:10)
	at uk.ac.sheffield.com1003.cafe.ingredients.Coffee.&lt;init&gt;(Coffee.java:10)
	at uk.ac.sheffield.com1003.cafe.ingredients.Coffee.&lt;init&gt;(Coffee.java:10)
	at uk.ac.sheffield.com1003.cafe.ingredients.Coffee.&lt;init&gt;(Coffee.java:10)
	at uk.ac.sheffield.com1003.cafe.ingredients.Coffee.&lt;init&gt;(Coffee.java:10)
	at uk.ac.sheffield.com1003.cafe.ingredients.Coffee.&lt;init&gt;(Coffee.java:10)
	at uk.ac.sheffield.com1003.cafe.ingredients.Coffee.&lt;init&gt;(Coffee.java:10)
	at uk.ac.sheffield.com1003.cafe.ingredients.Coffee.&lt;init&gt;(Coffee.java:10)
	at uk.ac.sheffield.com1003.cafe.ingredients.Coffee.&lt;init&gt;(Coffee.java:10)
	at uk.ac.sheffield.com1003.cafe.ingredients.Coffee.&lt;init&gt;(Coffee.java:10)
	at uk.ac.sheffield.com1003.cafe.ingredients.Coffee.&lt;init&gt;(Coffee.java:10)
	at uk.ac.sheffield.com1003.cafe.ingredients.Coffee.&lt;init&gt;(Coffee.java:10)
	at uk.ac.sheffield.com1003.cafe.ingredients.Coffee.&lt;init&gt;(Coffee.java:10)
	at uk.ac.sheffield.com1003.cafe.ingredients.Coffee.&lt;init&gt;(Coffee.java:10)
	at uk.ac.sheffield.com1003.cafe.ingredients.Coffee.&lt;init&gt;(Coffee.java:10)
	at uk.ac.sheffield.com1003.cafe.ingredients.Coffee.&lt;init&gt;(Coffee.java:10)
	at uk.ac.sheffield.com1003.cafe.ingredients.Coffee.&lt;init&gt;(Coffee.java:10)
	at uk.ac.sheffield.com1003.cafe.ingredients.Coffee.&lt;init&gt;(Coffee.java:10)
	at uk.ac.sheffield.com1003.cafe.ingredients.Coffee.&lt;init&gt;(Coffee.java:10)
	at uk.ac.sheffield.com1003.cafe.ingredients.Coffee.&lt;init&gt;(Coffee.java:10)
	at uk.ac.sheffield.com1003.cafe.ingredients.Coffee.&lt;init&gt;(Coffee.java:10)
	at uk.ac.sheffield.com1003.cafe.ingredients.Coffee.&lt;init&gt;(Coffee.java:10)
	at uk.ac.sheffield.com1003.cafe.ingredients.Coffee.&lt;init&gt;(Coffee.java:10)
	at uk.ac.sheffield.com1003.cafe.ingredients.Coffee.&lt;init&gt;(Coffee.java:10)
	at uk.ac.sheffield.com1003.cafe.ingredients.Coffee.&lt;init&gt;(Coffee.java:10)
	at uk.ac.sheffield.com1003.cafe.ingredients.Coffee.&lt;init&gt;(Coffee.java:10)
	at uk.ac.sheffield.com1003.cafe.ingredients.Coffee.&lt;init&gt;(Coffee.java:10)
	at uk.ac.sheffield.com1003.cafe.ingredients.Coffee.&lt;init&gt;(Coffee.java:10)
	at uk.ac.sheffield.com1003.cafe.ingredients.Coffee.&lt;init&gt;(Coffee.java:10)
	at uk.ac.sheffield.com1003.cafe.ingredients.Coffee.&lt;init&gt;(Coffee.java:10)
	at uk.ac.sheffield.com1003.cafe.ingredients.Coffee.&lt;init&gt;(Coffee.java:10)
	at uk.ac.sheffield.com1003.cafe.ingredients.Coffee.&lt;init&gt;(Coffee.java:10)
	at uk.ac.sheffield.com1003.cafe.ingredients.Coffee.&lt;init&gt;(Coffee.java:10)
	at uk.ac.sheffield.com1003.cafe.ingredients.Coffee.&lt;init&gt;(Coffee.java:10)
	at uk.ac.sheffield.com1003.cafe.ingredients.Coffee.&lt;init&gt;(Coffee.java:10)
	at uk.ac.sheffield.com1003.cafe.ingredients.Coffee.&lt;init&gt;(Coffee.java:10)
	at uk.ac.sheffield.com1003.cafe.ingredients.Coffee.&lt;init&gt;(Coffee.java:10)
	at uk.ac.sheffield.com1003.cafe.ingredients.Coffee.&lt;init&gt;(Coffee.java:10)
	at uk.ac.sheffield.com1003.cafe.ingredients.Coffee.&lt;init&gt;(Coffee.java:10)
	at uk.ac.sheffield.com1003.cafe.ingredients.Coffee.&lt;init&gt;(Coffee.java:10)
	at uk.ac.sheffield.com1003.cafe.ingredients.Coffee.&lt;init&gt;(Coffee.java:10)
	at uk.ac.sheffield.com1003.cafe.ingredients.Coffee.&lt;init&gt;(Coffee.java:10)
	at uk.ac.sheffield.com1003.cafe.ingredients.Coffee.&lt;init&gt;(Coffee.java:10)
	at uk.ac.sheffield.com1003.cafe.ingredients.Coffee.&lt;init&gt;(Coffee.java:10)
	at uk.ac.sheffield.com1003.cafe.ingredients.Coffee.&lt;init&gt;(Coffee.java:10)
	at uk.ac.sheffield.com1003.cafe.ingredients.Coffee.&lt;init&gt;(Coffee.java:10)
	at uk.ac.sheffield.com1003.cafe.ingredients.Coffee.&lt;init&gt;(Coffee.java:10)
	at uk.ac.sheffield.com1003.cafe.ingredients.Coffee.&lt;init&gt;(Coffee.java:10)
	at uk.ac.sheffield.com1003.cafe.ingredients.Coffee.&lt;init&gt;(Coffee.java:10)
	at uk.ac.sheffield.com1003.cafe.ingredients.Coffee.&lt;init&gt;(Coffee.java:10)
	at uk.ac.sheffield.com1003.cafe.ingredients.Coffee.&lt;init&gt;(Coffee.java:10)
	at uk.ac.sheffield.com1003.cafe.ingredients.Coffee.&lt;init&gt;(Coffee.java:10)
	at uk.ac.sheffield.com1003.cafe.ingredients.Coffee.&lt;init&gt;(Coffee.java:10)
	at uk.ac.sheffield.com1003.cafe.ingredients.Coffee.&lt;init&gt;(Coffee.java:10)
	at uk.ac.sheffield.com1003.cafe.ingredients.Coffee.&lt;init&gt;(Coffee.java:10)
	at uk.ac.sheffield.com1003.cafe.ingredients.Coffee.&lt;init&gt;(Coffee.java:10)
	at uk.ac.sheffield.com1003.cafe.ingredients.Coffee.&lt;init&gt;(Coffee.java:10)
	at uk.ac.sheffield.com1003.cafe.ingredients.Coffee.&lt;init&gt;(Coffee.java:10)
	at uk.ac.sheffield.com1003.cafe.ingredients.Coffee.&lt;init&gt;(Coffee.java:10)
	at uk.ac.sheffield.com1003.cafe.ingredients.Coffee.&lt;init&gt;(Coffee.java:10)
	at uk.ac.sheffield.com1003.cafe.ingredients.Coffee.&lt;init&gt;(Coffee.java:10)
	at uk.ac.sheffield.com1003.cafe.ingredients.Coffee.&lt;init&gt;(Coffee.java:10)
	at uk.ac.sheffield.com1003.cafe.ingredients.Coffee.&lt;init&gt;(Coffee.java:10)
	at uk.ac.sheffield.com1003.cafe.ingredients.Coffee.&lt;init&gt;(Coffee.java:10)
	at uk.ac.sheffield.com1003.cafe.ingredients.Coffee.&lt;init&gt;(Coffee.java:10)
	at uk.ac.sheffield.com1003.cafe.ingredients.Coffee.&lt;init&gt;(Coffee.java:10)
	at uk.ac.sheffield.com1003.cafe.ingredients.Coffee.&lt;init&gt;(Coffee.java:10)
	at uk.ac.sheffield.com1003.cafe.ingredients.Coffee.&lt;init&gt;(Coffee.java:10)
	at uk.ac.sheffield.com1003.cafe.ingredients.Coffee.&lt;init&gt;(Coffee.java:10)
	at uk.ac.sheffield.com1003.cafe.ingredients.Coffee.&lt;init&gt;(Coffee.java:10)
	at uk.ac.sheffield.com1003.cafe.ingredients.Coffee.&lt;init&gt;(Coffee.java:10)
	at uk.ac.sheffield.com1003.cafe.ingredients.Coffee.&lt;init&gt;(Coffee.java:10)
	at uk.ac.sheffield.com1003.cafe.ingredients.Coffee.&lt;init&gt;(Coffee.java:10)
	at uk.ac.sheffield.com1003.cafe.ingredients.Coffee.&lt;init&gt;(Coffee.java:10)
	at uk.ac.sheffield.com1003.cafe.ingredients.Coffee.&lt;init&gt;(Coffee.java:10)
	at uk.ac.sheffield.com1003.cafe.ingredients.Coffee.&lt;init&gt;(Coffee.java:10)
	at uk.ac.sheffield.com1003.cafe.ingredients.Coffee.&lt;init&gt;(Coffee.java:10)
	at uk.ac.sheffield.com1003.cafe.ingredients.Coffee.&lt;init&gt;(Coffee.java:10)
	at uk.ac.sheffield.com1003.cafe.ingredients.Coffee.&lt;init&gt;(Coffee.java:10)
	at uk.ac.sheffield.com1003.cafe.ingredients.Coffee.&lt;init&gt;(Coffee.java:10)
	at uk.ac.sheffield.com1003.cafe.ingredients.Coffee.&lt;init&gt;(Coffee.java:10)
	at uk.ac.sheffield.com1003.cafe.ingredients.Coffee.&lt;init&gt;(Coffee.java:10)
	at uk.ac.sheffield.com1003.cafe.ingredients.Coffee.&lt;init&gt;(Coffee.java:10)
	at uk.ac.sheffield.com1003.cafe.ingredients.Coffee.&lt;init&gt;(Coffee.java:10)
	at uk.ac.sheffield.com1003.cafe.ingredients.Coffee.&lt;init&gt;(Coffee.java:10)
	at uk.ac.sheffield.com1003.cafe.ingredients.Coffee.&lt;init&gt;(Coffee.java:10)
	at uk.ac.sheffield.com1003.cafe.ingredients.Coffee.&lt;init&gt;(Coffee.java:10)
	at uk.ac.sheffield.com1003.cafe.ingredients.Coffee.&lt;init&gt;(Coffee.java:10)
	at uk.ac.sheffield.com1003.cafe.ingredients.Coffee.&lt;init&gt;(Coffee.java:10)
	at uk.ac.sheffield.com1003.cafe.ingredients.Coffee.&lt;init&gt;(Coffee.java:10)
	at uk.ac.sheffield.com1003.cafe.ingredients.Coffee.&lt;init&gt;(Coffee.java:10)
	at uk.ac.sheffield.com1003.cafe.ingredients.Coffee.&lt;init&gt;(Coffee.java:10)
	at uk.ac.sheffield.com1003.cafe.ingredients.Coffee.&lt;init&gt;(Coffee.java:10)
	at uk.ac.sheffield.com1003.cafe.ingredients.Coffee.&lt;init&gt;(Coffee.java:10)
	at uk.ac.sheffield.com1003.cafe.ingredients.Coffee.&lt;init&gt;(Coffee.java:10)
	at uk.ac.sheffield.com1003.cafe.ingredients.Coffee.&lt;init&gt;(Coffee.java:10)
	at uk.ac.sheffield.com1003.cafe.ingredients.Coffee.&lt;init&gt;(Coffee.java:10)
	at uk.ac.sheffield.com1003.cafe.ingredients.Coffee.&lt;init&gt;(Coffee.java:10)
	at uk.ac.sheffield.com1003.cafe.ingredients.Coffee.&lt;init&gt;(Coffee.java:10)
	at uk.ac.sheffield.com1003.cafe.ingredients.Coffee.&lt;init&gt;(Coffee.java:10)
	at uk.ac.sheffield.com1003.cafe.ingredients.Coffee.&lt;init&gt;(Coffee.java:10)
	at uk.ac.sheffield.com1003.cafe.ingredients.Coffee.&lt;init&gt;(Coffee.java:10)
	at uk.ac.sheffield.com1003.cafe.ingredients.Coffee.&lt;init&gt;(Coffee.java:10)
	at uk.ac.sheffield.com1003.cafe.ingredients.Coffee.&lt;init&gt;(Coffee.java:10)
	at uk.ac.sheffield.com1003.cafe.ingredients.Coffee.&lt;init&gt;(Coffee.java:10)
	at uk.ac.sheffield.com1003.cafe.ingredients.Coffee.&lt;init&gt;(Coffee.java:10)
	at uk.ac.sheffield.com1003.cafe.ingredients.Coffee.&lt;init&gt;(Coffee.java:10)
	at uk.ac.sheffield.com1003.cafe.ingredients.Coffee.&lt;init&gt;(Coffee.java:10)
	at uk.ac.sheffield.com1003.cafe.ingredients.Coffee.&lt;init&gt;(Coffee.java:10)
	at uk.ac.sheffield.com1003.cafe.ingredients.Coffee.&lt;init&gt;(Coffee.java:10)
	at uk.ac.sheffield.com1003.cafe.ingredients.Coffee.&lt;init&gt;(Coffee.java:10)
	at uk.ac.sheffield.com1003.cafe.ingredients.Coffee.&lt;init&gt;(Coffee.java:10)
	at uk.ac.sheffield.com1003.cafe.ingredients.Coffee.&lt;init&gt;(Coffee.java:10)
	at uk.ac.sheffield.com1003.cafe.ingredients.Coffee.&lt;init&gt;(Coffee.java:10)
	at uk.ac.sheffield.com1003.cafe.ingredients.Coffee.&lt;init&gt;(Coffee.java:10)
	at uk.ac.sheffield.com1003.cafe.ingredients.Coffee.&lt;init&gt;(Coffee.java:10)
	at uk.ac.sheffield.com1003.cafe.ingredients.Coffee.&lt;init&gt;(Coffee.java:10)
	at uk.ac.sheffield.com1003.cafe.ingredients.Coffee.&lt;init&gt;(Coffee.java:10)
	at uk.ac.sheffield.com1003.cafe.ingredients.Coffee.&lt;init&gt;(Coffee.java:10)
	at uk.ac.sheffield.com1003.cafe.ingredients.Coffee.&lt;init&gt;(Coffee.java:10)
	at uk.ac.sheffield.com1003.cafe.ingredients.Coffee.&lt;init&gt;(Coffee.java:10)
	at uk.ac.sheffield.com1003.cafe.ingredients.Coffee.&lt;init&gt;(Coffee.java:10)
	at uk.ac.sheffield.com1003.cafe.ingredients.Coffee.&lt;init&gt;(Coffee.java:10)
	at uk.ac.sheffield.com1003.cafe.ingredients.Coffee.&lt;init&gt;(Coffee.java:10)
	at uk.ac.sheffield.com1003.cafe.ingredients.Coffee.&lt;init&gt;(Coffee.java:10)
	at uk.ac.sheffield.com1003.cafe.ingredients.Coffee.&lt;init&gt;(Coffee.java:10)
	at uk.ac.sheffield.com1003.cafe.ingredients.Coffee.&lt;init&gt;(Coffee.java:10)
	at uk.ac.sheffield.com1003.cafe.ingredients.Coffee.&lt;init&gt;(Coffee.java:10)
	at uk.ac.sheffield.com1003.cafe.ingredients.Coffee.&lt;init&gt;(Coffee.java:10)
	at uk.ac.sheffield.com1003.cafe.ingredients.Coffee.&lt;init&gt;(Coffee.java:10)
	at uk.ac.sheffield.com1003.cafe.ingredients.Coffee.&lt;init&gt;(Coffee.java:10)
	at uk.ac.sheffield.com1003.cafe.ingredients.Coffee.&lt;init&gt;(Coffee.java:10)
	at uk.ac.sheffield.com1003.cafe.ingredients.Coffee.&lt;init&gt;(Coffee.java:10)
	at uk.ac.sheffield.com1003.cafe.ingredients.Coffee.&lt;init&gt;(Coffee.java:10)
	at uk.ac.sheffield.com1003.cafe.ingredients.Coffee.&lt;init&gt;(Coffee.java:10)
	at uk.ac.sheffield.com1003.cafe.ingredients.Coffee.&lt;init&gt;(Coffee.java:10)
	at uk.ac.sheffield.com1003.cafe.ingredients.Coffee.&lt;init&gt;(Coffee.java:10)
	at uk.ac.sheffield.com1003.cafe.ingredients.Coffee.&lt;init&gt;(Coffee.java:10)
	at uk.ac.sheffield.com1003.cafe.ingredients.Coffee.&lt;init&gt;(Coffee.java:10)
	at uk.ac.sheffield.com1003.cafe.ingredients.Coffee.&lt;init&gt;(Coffee.java:10)
	at uk.ac.sheffield.com1003.cafe.ingredients.Coffee.&lt;init&gt;(Coffee.java:10)
	at uk.ac.sheffield.com1003.cafe.ingredients.Coffee.&lt;init&gt;(Coffee.java:10)
	at uk.ac.sheffield.com1003.cafe.ingredients.Coffee.&lt;init&gt;(Coffee.java:10)
	at uk.ac.sheffield.com1003.cafe.ingredients.Coffee.&lt;init&gt;(Coffee.java:10)
	at uk.ac.sheffield.com1003.cafe.ingredients.Coffee.&lt;init&gt;(Coffee.java:10)
	at uk.ac.sheffield.com1003.cafe.ingredients.Coffee.&lt;init&gt;(Coffee.java:10)
	at uk.ac.sheffield.com1003.cafe.ingredients.Coffee.&lt;init&gt;(Coffee.java:10)
	at uk.ac.sheffield.com1003.cafe.ingredients.Coffee.&lt;init&gt;(Coffee.java:10)
	at uk.ac.sheffield.com1003.cafe.ingredients.Coffee.&lt;init&gt;(Coffee.java:10)
	at uk.ac.sheffield.com1003.cafe.ingredients.Coffee.&lt;init&gt;(Coffee.java:10)
	at uk.ac.sheffield.com1003.cafe.ingredients.Coffee.&lt;init&gt;(Coffee.java:10)
	at uk.ac.sheffield.com1003.cafe.ingredients.Coffee.&lt;init&gt;(Coffee.java:10)
	at uk.ac.sheffield.com1003.cafe.ingredients.Coffee.&lt;init&gt;(Coffee.java:10)
	at uk.ac.sheffield.com1003.cafe.ingredients.Coffee.&lt;init&gt;(Coffee.java:10)
	at uk.ac.sheffield.com1003.cafe.ingredients.Coffee.&lt;init&gt;(Coffee.java:10)
	at uk.ac.sheffield.com1003.cafe.ingredients.Coffee.&lt;init&gt;(Coffee.java:10)
	at uk.ac.sheffield.com1003.cafe.ingredients.Coffee.&lt;init&gt;(Coffee.java:10)
	at uk.ac.sheffield.com1003.cafe.ingredients.Coffee.&lt;init&gt;(Coffee.java:10)
	at uk.ac.sheffield.com1003.cafe.ingredients.Coffee.&lt;init&gt;(Coffee.java:10)
	at uk.ac.sheffield.com1003.cafe.ingredients.Coffee.&lt;init&gt;(Coffee.java:10)
	at uk.ac.sheffield.com1003.cafe.ingredients.Coffee.&lt;init&gt;(Coffee.java:10)
	at uk.ac.sheffield.com1003.cafe.ingredients.Coffee.&lt;init&gt;(Coffee.java:10)
	at uk.ac.sheffield.com1003.cafe.ingredients.Coffee.&lt;init&gt;(Coffee.java:10)
	at uk.ac.sheffield.com1003.cafe.ingredients.Coffee.&lt;init&gt;(Coffee.java:10)
	at uk.ac.sheffield.com1003.cafe.ingredients.Coffee.&lt;init&gt;(Coffee.java:10)
	at uk.ac.sheffield.com1003.cafe.ingredients.Coffee.&lt;init&gt;(Coffee.java:10)
	at uk.ac.sheffield.com1003.cafe.ingredients.Coffee.&lt;init&gt;(Coffee.java:10)
	at uk.ac.sheffield.com1003.cafe.ingredients.Coffee.&lt;init&gt;(Coffee.java:10)
	at uk.ac.sheffield.com1003.cafe.ingredients.Coffee.&lt;init&gt;(Coffee.java:10)
	at uk.ac.sheffield.com1003.cafe.ingredients.Coffee.&lt;init&gt;(Coffee.java:10)
	at uk.ac.sheffield.com1003.cafe.ingredients.Coffee.&lt;init&gt;(Coffee.java:10)
	at uk.ac.sheffield.com1003.cafe.ingredients.Coffee.&lt;init&gt;(Coffee.java:10)
	at uk.ac.sheffield.com1003.cafe.ingredients.Coffee.&lt;init&gt;(Coffee.java:10)
	at uk.ac.sheffield.com1003.cafe.ingredients.Coffee.&lt;init&gt;(Coffee.java:10)
	at uk.ac.sheffield.com1003.cafe.ingredients.Coffee.&lt;init&gt;(Coffee.java:10)
	at uk.ac.sheffield.com1003.cafe.ingredients.Coffee.&lt;init&gt;(Coffee.java:10)
	at uk.ac.sheffield.com1003.cafe.ingredients.Coffee.&lt;init&gt;(Coffee.java:10)
	at uk.ac.sheffield.com1003.cafe.ingredients.Coffee.&lt;init&gt;(Coffee.java:10)
	at uk.ac.sheffield.com1003.cafe.ingredients.Coffee.&lt;init&gt;(Coffee.java:10)
	at uk.ac.sheffield.com1003.cafe.ingredients.Coffee.&lt;init&gt;(Coffee.java:10)
	at uk.ac.sheffield.com1003.cafe.ingredients.Coffee.&lt;init&gt;(Coffee.java:10)
	at uk.ac.sheffield.com1003.cafe.ingredients.Coffee.&lt;init&gt;(Coffee.java:10)
	at uk.ac.sheffield.com1003.cafe.ingredients.Coffee.&lt;init&gt;(Coffee.java:10)
	at uk.ac.sheffield.com1003.cafe.ingredients.Coffee.&lt;init&gt;(Coffee.java:10)
	at uk.ac.sheffield.com1003.cafe.ingredients.Coffee.&lt;init&gt;(Coffee.java:10)
	at uk.ac.sheffield.com1003.cafe.ingredients.Coffee.&lt;init&gt;(Coffee.java:10)
	at uk.ac.sheffield.com1003.cafe.ingredients.Coffee.&lt;init&gt;(Coffee.java:10)
	at uk.ac.sheffield.com1003.cafe.ingredients.Coffee.&lt;init&gt;(Coffee.java:10)
	at uk.ac.sheffield.com1003.cafe.ingredients.Coffee.&lt;init&gt;(Coffee.java:10)
	at uk.ac.sheffield.com1003.cafe.ingredients.Coffee.&lt;init&gt;(Coffee.java:10)
	at uk.ac.sheffield.com1003.cafe.ingredients.Coffee.&lt;init&gt;(Coffee.java:10)
	at uk.ac.sheffield.com1003.cafe.ingredients.Coffee.&lt;init&gt;(Coffee.java:10)
	at uk.ac.sheffield.com1003.cafe.ingredients.Coffee.&lt;init&gt;(Coffee.java:10)
	at uk.ac.sheffield.com1003.cafe.ingredients.Coffee.&lt;init&gt;(Coffee.java:10)
	at uk.ac.sheffield.com1003.cafe.ingredients.Coffee.&lt;init&gt;(Coffee.java:10)
	at uk.ac.sheffield.com1003.cafe.ingredients.Coffee.&lt;init&gt;(Coffee.java:10)
	at uk.ac.sheffield.com1003.cafe.ingredients.Coffee.&lt;init&gt;(Coffee.java:10)
	at uk.ac.sheffield.com1003.cafe.ingredients.Coffee.&lt;init&gt;(Coffee.java:10)
	at uk.ac.sheffield.com1003.cafe.ingredients.Coffee.&lt;init&gt;(Coffee.java:10)
	at uk.ac.sheffield.com1003.cafe.ingredients.Coffee.&lt;init&gt;(Coffee.java:10)
	at uk.ac.sheffield.com1003.cafe.ingredients.Coffee.&lt;init&gt;(Coffee.java:10)
	at uk.ac.sheffield.com1003.cafe.ingredients.Coffee.&lt;init&gt;(Coffee.java:10)
	at uk.ac.sheffield.com1003.cafe.ingredients.Coffee.&lt;init&gt;(Coffee.java:10)
	at uk.ac.sheffield.com1003.cafe.ingredients.Coffee.&lt;init&gt;(Coffee.java:10)
	at uk.ac.sheffield.com1003.cafe.ingredients.Coffee.&lt;init&gt;(Coffee.java:10)
	at uk.ac.sheffield.com1003.cafe.ingredients.Coffee.&lt;init&gt;(Coffee.java:10)
	at uk.ac.sheffield.com1003.cafe.ingredients.Coffee.&lt;init&gt;(Coffee.java:10)
	at uk.ac.sheffield.com1003.cafe.ingredients.Coffee.&lt;init&gt;(Coffee.java:10)
	at uk.ac.sheffield.com1003.cafe.ingredients.Coffee.&lt;init&gt;(Coffee.java:10)
	at uk.ac.sheffield.com1003.cafe.ingredients.Coffee.&lt;init&gt;(Coffee.java:10)
	at uk.ac.sheffield.com1003.cafe.ingredients.Coffee.&lt;init&gt;(Coffee.java:10)
	at uk.ac.sheffield.com1003.cafe.ingredients.Coffee.&lt;init&gt;(Coffee.java:10)
	at uk.ac.sheffield.com1003.cafe.ingredients.Coffee.&lt;init&gt;(Coffee.java:10)
	at uk.ac.sheffield.com1003.cafe.ingredients.Coffee.&lt;init&gt;(Coffee.java:10)
	at uk.ac.sheffield.com1003.cafe.ingredients.Coffee.&lt;init&gt;(Coffee.java:10)
	at uk.ac.sheffield.com1003.cafe.ingredients.Coffee.&lt;init&gt;(Coffee.java:10)
	at uk.ac.sheffield.com1003.cafe.ingredients.Coffee.&lt;init&gt;(Coffee.java:10)
	at uk.ac.sheffield.com1003.cafe.ingredients.Coffee.&lt;init&gt;(Coffee.java:10)
	at uk.ac.sheffield.com1003.cafe.ingredients.Coffee.&lt;init&gt;(Coffee.java:10)
	at uk.ac.sheffield.com1003.cafe.ingredients.Coffee.&lt;init&gt;(Coffee.java:10)
	at uk.ac.sheffield.com1003.cafe.ingredients.Coffee.&lt;init&gt;(Coffee.java:10)
	at uk.ac.sheffield.com1003.cafe.ingredients.Coffee.&lt;init&gt;(Coffee.java:10)
	at uk.ac.sheffield.com1003.cafe.ingredients.Coffee.&lt;init&gt;(Coffee.java:10)
	at uk.ac.sheffield.com1003.cafe.ingredients.Coffee.&lt;init&gt;(Coffee.java:10)
	at uk.ac.sheffield.com1003.cafe.ingredients.Coffee.&lt;init&gt;(Coffee.java:10)
	at uk.ac.sheffield.com1003.cafe.ingredients.Coffee.&lt;init&gt;(Coffee.java:10)
	at uk.ac.sheffield.com1003.cafe.ingredients.Coffee.&lt;init&gt;(Coffee.java:10)
	at uk.ac.sheffield.com1003.cafe.ingredients.Coffee.&lt;init&gt;(Coffee.java:10)
	at uk.ac.sheffield.com1003.cafe.ingredients.Coffee.&lt;init&gt;(Coffee.java:10)
	at uk.ac.sheffield.com1003.cafe.ingredients.Coffee.&lt;init&gt;(Coffee.java:10)
	at uk.ac.sheffield.com1003.cafe.ingredients.Coffee.&lt;init&gt;(Coffee.java:10)
	at uk.ac.sheffield.com1003.cafe.ingredients.Coffee.&lt;init&gt;(Coffee.java:10)
	at uk.ac.sheffield.com1003.cafe.ingredients.Coffee.&lt;init&gt;(Coffee.java:10)
	at uk.ac.sheffield.com1003.cafe.ingredients.Coffee.&lt;init&gt;(Coffee.java:10)
	at uk.ac.sheffield.com1003.cafe.ingredients.Coffee.&lt;init&gt;(Coffee.java:10)
	at uk.ac.sheffield.com1003.cafe.ingredients.Coffee.&lt;init&gt;(Coffee.java:10)
	at uk.ac.sheffield.com1003.cafe.ingredients.Coffee.&lt;init&gt;(Coffee.java:10)
	at uk.ac.sheffield.com1003.cafe.ingredients.Coffee.&lt;init&gt;(Coffee.java:10)
	at uk.ac.sheffield.com1003.cafe.ingredients.Coffee.&lt;init&gt;(Coffee.java:10)
	at uk.ac.sheffield.com1003.cafe.ingredients.Coffee.&lt;init&gt;(Coffee.java:10)
	at uk.ac.sheffield.com1003.cafe.ingredients.Coffee.&lt;init&gt;(Coffee.java:10)
	at uk.ac.sheffield.com1003.cafe.ingredients.Coffee.&lt;init&gt;(Coffee.java:10)
	at uk.ac.sheffield.com1003.cafe.ingredients.Coffee.&lt;init&gt;(Coffee.java:10)
	at uk.ac.sheffield.com1003.cafe.ingredients.Coffee.&lt;init&gt;(Coffee.java:10)
	at uk.ac.sheffield.com1003.cafe.ingredients.Coffee.&lt;init&gt;(Coffee.java:10)
	at uk.ac.sheffield.com1003.cafe.ingredients.Coffee.&lt;init&gt;(Coffee.java:10)
	at uk.ac.sheffield.com1003.cafe.ingredients.Coffee.&lt;init&gt;(Coffee.java:10)
	at uk.ac.sheffield.com1003.cafe.ingredients.Coffee.&lt;init&gt;(Coffee.java:10)
	at uk.ac.sheffield.com1003.cafe.ingredients.Coffee.&lt;init&gt;(Coffee.java:10)
	at uk.ac.sheffield.com1003.cafe.ingredients.Coffee.&lt;init&gt;(Coffee.java:10)
	at uk.ac.sheffield.com1003.cafe.ingredients.Coffee.&lt;init&gt;(Coffee.java:10)
	at uk.ac.sheffield.com1003.cafe.ingredients.Coffee.&lt;init&gt;(Coffee.java:10)
	at uk.ac.sheffield.com1003.cafe.ingredients.Coffee.&lt;init&gt;(Coffee.java:10)
	at uk.ac.sheffield.com1003.cafe.ingredients.Coffee.&lt;init&gt;(Coffee.java:10)
	at uk.ac.sheffield.com1003.cafe.ingredients.Coffee.&lt;init&gt;(Coffee.java:10)
	at uk.ac.sheffield.com1003.cafe.ingredients.Coffee.&lt;init&gt;(Coffee.java:10)
	at uk.ac.sheffield.com1003.cafe.ingredients.Coffee.&lt;init&gt;(Coffee.java:10)
	at uk.ac.sheffield.com1003.cafe.ingredients.Coffee.&lt;init&gt;(Coffee.java:10)
	at uk.ac.sheffield.com1003.cafe.ingredients.Coffee.&lt;init&gt;(Coffee.java:10)
	at uk.ac.sheffield.com1003.cafe.ingredients.Coffee.&lt;init&gt;(Coffee.java:10)
	at uk.ac.sheffield.com1003.cafe.ingredients.Coffee.&lt;init&gt;(Coffee.java:10)
	at uk.ac.sheffield.com1003.cafe.ingredients.Coffee.&lt;init&gt;(Coffee.java:10)
	at uk.ac.sheffield.com1003.cafe.ingredients.Coffee.&lt;init&gt;(Coffee.java:10)
	at uk.ac.sheffield.com1003.cafe.ingredients.Coffee.&lt;init&gt;(Coffee.java:10)
	at uk.ac.sheffield.com1003.cafe.ingredients.Coffee.&lt;init&gt;(Coffee.java:10)
	at uk.ac.sheffield.com1003.cafe.ingredients.Coffee.&lt;init&gt;(Coffee.java:10)
	at uk.ac.sheffield.com1003.cafe.ingredients.Coffee.&lt;init&gt;(Coffee.java:10)
	at uk.ac.sheffield.com1003.cafe.ingredients.Coffee.&lt;init&gt;(Coffee.java:10)
	at uk.ac.sheffield.com1003.cafe.ingredients.Coffee.&lt;init&gt;(Coffee.java:10)
	at uk.ac.sheffield.com1003.cafe.ingredients.Coffee.&lt;init&gt;(Coffee.java:10)
	at uk.ac.sheffield.com1003.cafe.ingredients.Coffee.&lt;init&gt;(Coffee.java:10)
	at uk.ac.sheffield.com1003.cafe.ingredients.Coffee.&lt;init&gt;(Coffee.java:10)
	at uk.ac.sheffield.com1003.cafe.ingredients.Coffee.&lt;init&gt;(Coffee.java:10)
	at uk.ac.sheffield.com1003.cafe.ingredients.Coffee.&lt;init&gt;(Coffee.java:10)
	at uk.ac.sheffield.com1003.cafe.ingredients.Coffee.&lt;init&gt;(Coffee.java:10)
	at uk.ac.sheffield.com1003.cafe.ingredients.Coffee.&lt;init&gt;(Coffee.java:10)
	at uk.ac.sheffield.com1003.cafe.ingredients.Coffee.&lt;init&gt;(Coffee.java:10)
	at uk.ac.sheffield.com1003.cafe.ingredients.Coffee.&lt;init&gt;(Coffee.java:10)
	at uk.ac.sheffield.com1003.cafe.ingredients.Coffee.&lt;init&gt;(Coffee.java:10)
	at uk.ac.sheffield.com1003.cafe.ingredients.Coffee.&lt;init&gt;(Coffee.java:10)
	at uk.ac.sheffield.com1003.cafe.ingredients.Coffee.&lt;init&gt;(Coffee.java:10)
	at uk.ac.sheffield.com1003.cafe.ingredients.Coffee.&lt;init&gt;(Coffee.java:10)
	at uk.ac.sheffield.com1003.cafe.ingredients.Coffee.&lt;init&gt;(Coffee.java:10)
	at uk.ac.sheffield.com1003.cafe.ingredients.Coffee.&lt;init&gt;(Coffee.java:10)
	at uk.ac.sheffield.com1003.cafe.ingredients.Coffee.&lt;init&gt;(Coffee.java:10)
	at uk.ac.sheffield.com1003.cafe.ingredients.Coffee.&lt;init&gt;(Coffee.java:10)
	at uk.ac.sheffield.com1003.cafe.ingredients.Coffee.&lt;init&gt;(Coffee.java:10)
	at uk.ac.sheffield.com1003.cafe.ingredients.Coffee.&lt;init&gt;(Coffee.java:10)
	at uk.ac.sheffield.com1003.cafe.ingredients.Coffee.&lt;init&gt;(Coffee.java:10)
	at uk.ac.sheffield.com1003.cafe.ingredients.Coffee.&lt;init&gt;(Coffee.java:10)
	at uk.ac.sheffield.com1003.cafe.ingredients.Coffee.&lt;init&gt;(Coffee.java:10)
	at uk.ac.sheffield.com1003.cafe.ingredients.Coffee.&lt;init&gt;(Coffee.java:10)
	at uk.ac.sheffield.com1003.cafe.ingredients.Coffee.&lt;init&gt;(Coffee.java:10)
	at uk.ac.sheffield.com1003.cafe.ingredients.Coffee.&lt;init&gt;(Coffee.java:10)
	at uk.ac.sheffield.com1003.cafe.ingredients.Coffee.&lt;init&gt;(Coffee.java:10)
	at uk.ac.sheffield.com1003.cafe.ingredients.Coffee.&lt;init&gt;(Coffee.java:10)
	at uk.ac.sheffield.com1003.cafe.ingredients.Coffee.&lt;init&gt;(Coffee.java:10)
	at uk.ac.sheffield.com1003.cafe.ingredients.Coffee.&lt;init&gt;(Coffee.java:10)
	at uk.ac.sheffield.com1003.cafe.ingredients.Coffee.&lt;init&gt;(Coffee.java:10)
	at uk.ac.sheffield.com1003.cafe.ingredients.Coffee.&lt;init&gt;(Coffee.java:10)
	at uk.ac.sheffield.com1003.cafe.ingredients.Coffee.&lt;init&gt;(Coffee.java:10)
	at uk.ac.sheffield.com1003.cafe.ingredients.Coffee.&lt;init&gt;(Coffee.java:10)
	at uk.ac.sheffield.com1003.cafe.ingredients.Coffee.&lt;init&gt;(Coffee.java:10)
	at uk.ac.sheffield.com1003.cafe.ingredients.Coffee.&lt;init&gt;(Coffee.java:10)
	at uk.ac.sheffield.com1003.cafe.ingredients.Coffee.&lt;init&gt;(Coffee.java:10)
	at uk.ac.sheffield.com1003.cafe.ingredients.Coffee.&lt;init&gt;(Coffee.java:10)
	at uk.ac.sheffield.com1003.cafe.ingredients.Coffee.&lt;init&gt;(Coffee.java:10)
	at uk.ac.sheffield.com1003.cafe.ingredients.Coffee.&lt;init&gt;(Coffee.java:10)
	at uk.ac.sheffield.com1003.cafe.ingredients.Coffee.&lt;init&gt;(Coffee.java:10)
	at uk.ac.sheffield.com1003.cafe.ingredients.Coffee.&lt;init&gt;(Coffee.java:10)
	at uk.ac.sheffield.com1003.cafe.ingredients.Coffee.&lt;init&gt;(Coffee.java:10)
	at uk.ac.sheffield.com1003.cafe.ingredients.Coffee.&lt;init&gt;(Coffee.java:10)
	at uk.ac.sheffield.com1003.cafe.ingredients.Coffee.&lt;init&gt;(Coffee.java:10)
	at uk.ac.sheffield.com1003.cafe.ingredients.Coffee.&lt;init&gt;(Coffee.java:10)
	at uk.ac.sheffield.com1003.cafe.ingredients.Coffee.&lt;init&gt;(Coffee.java:10)
	at uk.ac.sheffield.com1003.cafe.ingredients.Coffee.&lt;init&gt;(Coffee.java:10)
	at uk.ac.sheffield.com1003.cafe.ingredients.Coffee.&lt;init&gt;(Coffee.java:10)
	at uk.ac.sheffield.com1003.cafe.ingredients.Coffee.&lt;init&gt;(Coffee.java:10)
	at uk.ac.sheffield.com1003.cafe.ingredients.Coffee.&lt;init&gt;(Coffee.java:10)
	at uk.ac.sheffield.com1003.cafe.ingredients.Coffee.&lt;init&gt;(Coffee.java:10)
	at uk.ac.sheffield.com1003.cafe.ingredients.Coffee.&lt;init&gt;(Coffee.java:10)
	at uk.ac.sheffield.com1003.cafe.ingredients.Coffee.&lt;init&gt;(Coffee.java:10)
	at uk.ac.sheffield.com1003.cafe.ingredients.Coffee.&lt;init&gt;(Coffee.java:10)
	at uk.ac.sheffield.com1003.cafe.ingredients.Coffee.&lt;init&gt;(Coffee.java:10)
	at uk.ac.sheffield.com1003.cafe.ingredients.Coffee.&lt;init&gt;(Coffee.java:10)
	at uk.ac.sheffield.com1003.cafe.ingredients.Coffee.&lt;init&gt;(Coffee.java:10)
	at uk.ac.sheffield.com1003.cafe.ingredients.Coffee.&lt;init&gt;(Coffee.java:10)
	at uk.ac.sheffield.com1003.cafe.ingredients.Coffee.&lt;init&gt;(Coffee.java:10)
	at uk.ac.sheffield.com1003.cafe.ingredients.Coffee.&lt;init&gt;(Coffee.java:10)
	at uk.ac.sheffield.com1003.cafe.ingredients.Coffee.&lt;init&gt;(Coffee.java:10)
	at uk.ac.sheffield.com1003.cafe.ingredients.Coffee.&lt;init&gt;(Coffee.java:10)
	at uk.ac.sheffield.com1003.cafe.ingredients.Coffee.&lt;init&gt;(Coffee.java:10)
	at uk.ac.sheffield.com1003.cafe.ingredients.Coffee.&lt;init&gt;(Coffee.java:10)
	at uk.ac.sheffield.com1003.cafe.ingredients.Coffee.&lt;init&gt;(Coffee.java:10)
	at uk.ac.sheffield.com1003.cafe.ingredients.Coffee.&lt;init&gt;(Coffee.java:10)
	at uk.ac.sheffield.com1003.cafe.ingredients.Coffee.&lt;init&gt;(Coffee.java:10)
	at uk.ac.sheffield.com1003.cafe.ingredients.Coffee.&lt;init&gt;(Coffee.java:10)
	at uk.ac.sheffield.com1003.cafe.ingredients.Coffee.&lt;init&gt;(Coffee.java:10)
	at uk.ac.sheffield.com1003.cafe.ingredients.Coffee.&lt;init&gt;(Coffee.java:10)
	at uk.ac.sheffield.com1003.cafe.ingredients.Coffee.&lt;init&gt;(Coffee.java:10)
	at uk.ac.sheffield.com1003.cafe.ingredients.Coffee.&lt;init&gt;(Coffee.java:10)
	at uk.ac.sheffield.com1003.cafe.ingredients.Coffee.&lt;init&gt;(Coffee.java:10)
	at uk.ac.sheffield.com1003.cafe.ingredients.Coffee.&lt;init&gt;(Coffee.java:10)
	at uk.ac.sheffield.com1003.cafe.ingredients.Coffee.&lt;init&gt;(Coffee.java:10)
	at uk.ac.sheffield.com1003.cafe.ingredients.Coffee.&lt;init&gt;(Coffee.java:10)
	at uk.ac.sheffield.com1003.cafe.ingredients.Coffee.&lt;init&gt;(Coffee.java:10)
	at uk.ac.sheffield.com1003.cafe.ingredients.Coffee.&lt;init&gt;(Coffee.java:10)
	at uk.ac.sheffield.com1003.cafe.ingredients.Coffee.&lt;init&gt;(Coffee.java:10)
	at uk.ac.sheffield.com1003.cafe.ingredients.Coffee.&lt;init&gt;(Coffee.java:10)
	at uk.ac.sheffield.com1003.cafe.ingredients.Coffee.&lt;init&gt;(Coffee.java:10)
	at uk.ac.sheffield.com1003.cafe.ingredients.Coffee.&lt;init&gt;(Coffee.java:10)
	at uk.ac.sheffield.com1003.cafe.ingredients.Coffee.&lt;init&gt;(Coffee.java:10)
	at uk.ac.sheffield.com1003.cafe.ingredients.Coffee.&lt;init&gt;(Coffee.java:10)
	at uk.ac.sheffield.com1003.cafe.ingredients.Coffee.&lt;init&gt;(Coffee.java:10)
	at uk.ac.sheffield.com1003.cafe.ingredients.Coffee.&lt;init&gt;(Coffee.java:10)
	at uk.ac.sheffield.com1003.cafe.ingredients.Coffee.&lt;init&gt;(Coffee.java:10)
	at uk.ac.sheffield.com1003.cafe.ingredients.Coffee.&lt;init&gt;(Coffee.java:10)
	at uk.ac.sheffield.com1003.cafe.ingredients.Coffee.&lt;init&gt;(Coffee.java:10)
	at uk.ac.sheffield.com1003.cafe.ingredients.Coffee.&lt;init&gt;(Coffee.java:10)
	at uk.ac.sheffield.com1003.cafe.ingredients.Coffee.&lt;init&gt;(Coffee.java:10)
	at uk.ac.sheffield.com1003.cafe.ingredients.Coffee.&lt;init&gt;(Coffee.java:10)
	at uk.ac.sheffield.com1003.cafe.ingredients.Coffee.&lt;init&gt;(Coffee.java:10)
	at uk.ac.sheffield.com1003.cafe.ingredients.Coffee.&lt;init&gt;(Coffee.java:10)
	at uk.ac.sheffield.com1003.cafe.ingredients.Coffee.&lt;init&gt;(Coffee.java:10)
	at uk.ac.sheffield.com1003.cafe.ingredients.Coffee.&lt;init&gt;(Coffee.java:10)
	at uk.ac.sheffield.com1003.cafe.ingredients.Coffee.&lt;init&gt;(Coffee.java:10)
	at uk.ac.sheffield.com1003.cafe.ingredients.Coffee.&lt;init&gt;(Coffee.java:10)
	at uk.ac.sheffield.com1003.cafe.ingredients.Coffee.&lt;init&gt;(Coffee.java:10)
	at uk.ac.sheffield.com1003.cafe.ingredients.Coffee.&lt;init&gt;(Coffee.java:10)
	at uk.ac.sheffield.com1003.cafe.ingredients.Coffee.&lt;init&gt;(Coffee.java:10)
	at uk.ac.sheffield.com1003.cafe.ingredients.Coffee.&lt;init&gt;(Coffee.java:10)
	at uk.ac.sheffield.com1003.cafe.ingredients.Coffee.&lt;init&gt;(Coffee.java:10)
	at uk.ac.sheffield.com1003.cafe.ingredients.Coffee.&lt;init&gt;(Coffee.java:10)
	at uk.ac.sheffield.com1003.cafe.ingredients.Coffee.&lt;init&gt;(Coffee.java:10)
	at uk.ac.sheffield.com1003.cafe.ingredients.Coffee.&lt;init&gt;(Coffee.java:10)
	at uk.ac.sheffield.com1003.cafe.ingredients.Coffee.&lt;init&gt;(Coffee.java:10)
	at uk.ac.sheffield.com1003.cafe.ingredients.Coffee.&lt;init&gt;(Coffee.java:10)
	at uk.ac.sheffield.com1003.cafe.ingredients.Coffee.&lt;init&gt;(Coffee.java:10)
	at uk.ac.sheffield.com1003.cafe.ingredients.Coffee.&lt;init&gt;(Coffee.java:10)
	at uk.ac.sheffield.com1003.cafe.ingredients.Coffee.&lt;init&gt;(Coffee.java:10)
	at uk.ac.sheffield.com1003.cafe.ingredients.Coffee.&lt;init&gt;(Coffee.java:10)
	at uk.ac.sheffield.com1003.cafe.ingredients.Coffee.&lt;init&gt;(Coffee.java:10)
	at uk.ac.sheffield.com1003.cafe.ingredients.Coffee.&lt;init&gt;(Coffee.java:10)
	at uk.ac.sheffield.com1003.cafe.ingredients.Coffee.&lt;init&gt;(Coffee.java:10)
	at uk.ac.sheffield.com1003.cafe.ingredients.Coffee.&lt;init&gt;(Coffee.java:10)
	at uk.ac.sheffield.com1003.cafe.ingredients.Coffee.&lt;init&gt;(Coffee.java:10)
	at uk.ac.sheffield.com1003.cafe.ingredients.Coffee.&lt;init&gt;(Coffee.java:10)
	at uk.ac.sheffield.com1003.cafe.ingredients.Coffee.&lt;init&gt;(Coffee.java:10)
	at uk.ac.sheffield.com1003.cafe.ingredients.Coffee.&lt;init&gt;(Coffee.java:10)
	at uk.ac.sheffield.com1003.cafe.ingredients.Coffee.&lt;init&gt;(Coffee.java:10)
	at uk.ac.sheffield.com1003.cafe.ingredients.Coffee.&lt;init&gt;(Coffee.java:10)
	at uk.ac.sheffield.com1003.cafe.ingredients.Coffee.&lt;init&gt;(Coffee.java:10)
	at uk.ac.sheffield.com1003.cafe.ingredients.Coffee.&lt;init&gt;(Coffee.java:10)
	at uk.ac.sheffield.com1003.cafe.ingredients.Coffee.&lt;init&gt;(Coffee.java:10)
	at uk.ac.sheffield.com1003.cafe.ingredients.Coffee.&lt;init&gt;(Coffee.java:10)
	at uk.ac.sheffield.com1003.cafe.ingredients.Coffee.&lt;init&gt;(Coffee.java:10)
	at uk.ac.sheffield.com1003.cafe.ingredients.Coffee.&lt;init&gt;(Coffee.java:10)
	at uk.ac.sheffield.com1003.cafe.ingredients.Coffee.&lt;init&gt;(Coffee.java:10)
	at uk.ac.sheffield.com1003.cafe.ingredients.Coffee.&lt;init&gt;(Coffee.java:10)
	at uk.ac.sheffield.com1003.cafe.ingredients.Coffee.&lt;init&gt;(Coffee.java:10)
	at uk.ac.sheffield.com1003.cafe.ingredients.Coffee.&lt;init&gt;(Coffee.java:10)
	at uk.ac.sheffield.com1003.cafe.ingredients.Coffee.&lt;init&gt;(Coffee.java:10)
	at uk.ac.sheffield.com1003.cafe.ingredients.Coffee.&lt;init&gt;(Coffee.java:10)
	at uk.ac.sheffield.com1003.cafe.ingredients.Coffee.&lt;init&gt;(Coffee.java:10)
	at uk.ac.sheffield.com1003.cafe.ingredients.Coffee.&lt;init&gt;(Coffee.java:10)
	at uk.ac.sheffield.com1003.cafe.ingredients.Coffee.&lt;init&gt;(Coffee.java:10)
	at uk.ac.sheffield.com1003.cafe.ingredients.Coffee.&lt;init&gt;(Coffee.java:10)
	at uk.ac.sheffield.com1003.cafe.ingredients.Coffee.&lt;init&gt;(Coffee.java:10)
	at uk.ac.sheffield.com1003.cafe.ingredients.Coffee.&lt;init&gt;(Coffee.java:10)
	at uk.ac.sheffield.com1003.cafe.ingredients.Coffee.&lt;init&gt;(Coffee.java:10)
	at uk.ac.sheffield.com1003.cafe.ingredients.Coffee.&lt;init&gt;(Coffee.java:10)
	at uk.ac.sheffield.com1003.cafe.ingredients.Coffee.&lt;init&gt;(Coffee.java:10)
	at uk.ac.sheffield.com1003.cafe.ingredients.Coffee.&lt;init&gt;(Coffee.java:10)
	at uk.ac.sheffield.com1003.cafe.ingredients.Coffee.&lt;init&gt;(Coffee.java:10)
	at uk.ac.sheffield.com1003.cafe.ingredients.Coffee.&lt;init&gt;(Coffee.java:10)
	at uk.ac.sheffield.com1003.cafe.ingredients.Coffee.&lt;init&gt;(Coffee.java:10)
	at uk.ac.sheffield.com1003.cafe.ingredients.Coffee.&lt;init&gt;(Coffee.java:10)
	at uk.ac.sheffield.com1003.cafe.ingredients.Coffee.&lt;init&gt;(Coffee.java:10)
	at uk.ac.sheffield.com1003.cafe.ingredients.Coffee.&lt;init&gt;(Coffee.java:10)
	at uk.ac.sheffield.com1003.cafe.ingredients.Coffee.&lt;init&gt;(Coffee.java:10)
	at uk.ac.sheffield.com1003.cafe.ingredients.Coffee.&lt;init&gt;(Coffee.java:10)
	at uk.ac.sheffield.com1003.cafe.ingredients.Coffee.&lt;init&gt;(Coffee.java:10)
	at uk.ac.sheffield.com1003.cafe.ingredients.Coffee.&lt;init&gt;(Coffee.java:10)
	at uk.ac.sheffield.com1003.cafe.ingredients.Coffee.&lt;init&gt;(Coffee.java:10)
	at uk.ac.sheffield.com1003.cafe.ingredients.Coffee.&lt;init&gt;(Coffee.java:10)
	at uk.ac.sheffield.com1003.cafe.ingredients.Coffee.&lt;init&gt;(Coffee.java:10)
	at uk.ac.sheffield.com1003.cafe.ingredients.Coffee.&lt;init&gt;(Coffee.java:10)
	at uk.ac.sheffield.com1003.cafe.ingredients.Coffee.&lt;init&gt;(Coffee.java:10)
	at uk.ac.sheffield.com1003.cafe.ingredients.Coffee.&lt;init&gt;(Coffee.java:10)
	at uk.ac.sheffield.com1003.cafe.ingredients.Coffee.&lt;init&gt;(Coffee.java:10)
	at uk.ac.sheffield.com1003.cafe.ingredients.Coffee.&lt;init&gt;(Coffee.java:10)
	at uk.ac.sheffield.com1003.cafe.ingredients.Coffee.&lt;init&gt;(Coffee.java:10)
	at uk.ac.sheffield.com1003.cafe.ingredients.Coffee.&lt;init&gt;(Coffee.java:10)
	at uk.ac.sheffield.com1003.cafe.ingredients.Coffee.&lt;init&gt;(Coffee.java:10)
	at uk.ac.sheffield.com1003.cafe.ingredients.Coffee.&lt;init&gt;(Coffee.java:10)
	at uk.ac.sheffield.com1003.cafe.ingredients.Coffee.&lt;init&gt;(Coffee.java:10)
	at uk.ac.sheffield.com1003.cafe.ingredients.Coffee.&lt;init&gt;(Coffee.java:10)
	at uk.ac.sheffield.com1003.cafe.ingredients.Coffee.&lt;init&gt;(Coffee.java:10)
	at uk.ac.sheffield.com1003.cafe.ingredients.Coffee.&lt;init&gt;(Coffee.java:10)
	at uk.ac.sheffield.com1003.cafe.ingredients.Coffee.&lt;init&gt;(Coffee.java:10)
	at uk.ac.sheffield.com1003.cafe.ingredients.Coffee.&lt;init&gt;(Coffee.java:10)
	at uk.ac.sheffield.com1003.cafe.ingredients.Coffee.&lt;init&gt;(Coffee.java:10)
	at uk.ac.sheffield.com1003.cafe.ingredients.Coffee.&lt;init&gt;(Coffee.java:10)
	at uk.ac.sheffield.com1003.cafe.ingredients.Coffee.&lt;init&gt;(Coffee.java:10)
	at uk.ac.sheffield.com1003.cafe.ingredients.Coffee.&lt;init&gt;(Coffee.java:10)
	at uk.ac.sheffield.com1003.cafe.ingredients.Coffee.&lt;init&gt;(Coffee.java:10)
	at uk.ac.sheffield.com1003.cafe.ingredients.Coffee.&lt;init&gt;(Coffee.java:10)
	at uk.ac.sheffield.com1003.cafe.ingredients.Coffee.&lt;init&gt;(Coffee.java:10)
	at uk.ac.sheffield.com1003.cafe.ingredients.Coffee.&lt;init&gt;(Coffee.java:10)
	at uk.ac.sheffield.com1003.cafe.ingredients.Coffee.&lt;init&gt;(Coffee.java:10)
	at uk.ac.sheffield.com1003.cafe.ingredients.Coffee.&lt;init&gt;(Coffee.java:10)
	at uk.ac.sheffield.com1003.cafe.ingredients.Coffee.&lt;init&gt;(Coffee.java:10)
	at uk.ac.sheffield.com1003.cafe.ingredients.Coffee.&lt;init&gt;(Coffee.java:10)
	at uk.ac.sheffield.com1003.cafe.ingredients.Coffee.&lt;init&gt;(Coffee.java:10)
	at uk.ac.sheffield.com1003.cafe.ingredients.Coffee.&lt;init&gt;(Coffee.java:10)
	at uk.ac.sheffield.com1003.cafe.ingredients.Coffee.&lt;init&gt;(Coffee.java:10)
	at uk.ac.sheffield.com1003.cafe.ingredients.Coffee.&lt;init&gt;(Coffee.java:10)
	at uk.ac.sheffield.com1003.cafe.ingredients.Coffee.&lt;init&gt;(Coffee.java:10)
	at uk.ac.sheffield.com1003.cafe.ingredients.Coffee.&lt;init&gt;(Coffee.java:10)
	at uk.ac.sheffield.com1003.cafe.ingredients.Coffee.&lt;init&gt;(Coffee.java:10)
	at uk.ac.sheffield.com1003.cafe.ingredients.Coffee.&lt;init&gt;(Coffee.java:10)
	at uk.ac.sheffield.com1003.cafe.ingredients.Coffee.&lt;init&gt;(Coffee.java:10)
	at uk.ac.sheffield.com1003.cafe.ingredients.Coffee.&lt;init&gt;(Coffee.java:10)
	at uk.ac.sheffield.com1003.cafe.ingredients.Coffee.&lt;init&gt;(Coffee.java:10)
	at uk.ac.sheffield.com1003.cafe.ingredients.Coffee.&lt;init&gt;(Coffee.java:10)
	at uk.ac.sheffield.com1003.cafe.ingredients.Coffee.&lt;init&gt;(Coffee.java:10)
	at uk.ac.sheffield.com1003.cafe.ingredients.Coffee.&lt;init&gt;(Coffee.java:10)
	at uk.ac.sheffield.com1003.cafe.ingredients.Coffee.&lt;init&gt;(Coffee.java:10)
	at uk.ac.sheffield.com1003.cafe.ingredients.Coffee.&lt;init&gt;(Coffee.java:10)
	at uk.ac.sheffield.com1003.cafe.ingredients.Coffee.&lt;init&gt;(Coffee.java:10)
	at uk.ac.sheffield.com1003.cafe.ingredients.Coffee.&lt;init&gt;(Coffee.java:10)
	at uk.ac.sheffield.com1003.cafe.ingredients.Coffee.&lt;init&gt;(Coffee.java:10)
	at uk.ac.sheffield.com1003.cafe.ingredients.Coffee.&lt;init&gt;(Coffee.java:10)
	at uk.ac.sheffield.com1003.cafe.ingredients.Coffee.&lt;init&gt;(Coffee.java:10)
	at uk.ac.sheffield.com1003.cafe.ingredients.Coffee.&lt;init&gt;(Coffee.java:10)
	at uk.ac.sheffield.com1003.cafe.ingredients.Coffee.&lt;init&gt;(Coffee.java:10)
	at uk.ac.sheffield.com1003.cafe.ingredients.Coffee.&lt;init&gt;(Coffee.java:10)
	at uk.ac.sheffield.com1003.cafe.ingredients.Coffee.&lt;init&gt;(Coffee.java:10)
	at uk.ac.sheffield.com1003.cafe.ingredients.Coffee.&lt;init&gt;(Coffee.java:10)
	at uk.ac.sheffield.com1003.cafe.ingredients.Coffee.&lt;init&gt;(Coffee.java:10)
	at uk.ac.sheffield.com1003.cafe.ingredients.Coffee.&lt;init&gt;(Coffee.java:10)
	at uk.ac.sheffield.com1003.cafe.ingredients.Coffee.&lt;init&gt;(Coffee.java:10)
	at uk.ac.sheffield.com1003.cafe.ingredients.Coffee.&lt;init&gt;(Coffee.java:10)
	at uk.ac.sheffield.com1003.cafe.ingredients.Coffee.&lt;init&gt;(Coffee.java:10)
	at uk.ac.sheffield.com1003.cafe.ingredients.Coffee.&lt;init&gt;(Coffee.java:10)
	at uk.ac.sheffield.com1003.cafe.ingredients.Coffee.&lt;init&gt;(Coffee.java:10)
	at uk.ac.sheffield.com1003.cafe.ingredients.Coffee.&lt;init&gt;(Coffee.java:10)
	at uk.ac.sheffield.com1003.cafe.ingredients.Coffee.&lt;init&gt;(Coffee.java:10)
	at uk.ac.sheffield.com1003.cafe.ingredients.Coffee.&lt;init&gt;(Coffee.java:10)
	at uk.ac.sheffield.com1003.cafe.ingredients.Coffee.&lt;init&gt;(Coffee.java:10)
	at uk.ac.sheffield.com1003.cafe.ingredients.Coffee.&lt;init&gt;(Coffee.java:10)
	at uk.ac.sheffield.com1003.cafe.ingredients.Coffee.&lt;init&gt;(Coffee.java:10)
	at uk.ac.sheffield.com1003.cafe.ingredients.Coffee.&lt;init&gt;(Coffee.java:10)
	at uk.ac.sheffield.com1003.cafe.ingredients.Coffee.&lt;init&gt;(Coffee.java:10)
	at uk.ac.sheffield.com1003.cafe.ingredients.Coffee.&lt;init&gt;(Coffee.java:10)
	at uk.ac.sheffield.com1003.cafe.ingredients.Coffee.&lt;init&gt;(Coffee.java:10)
	at uk.ac.sheffield.com1003.cafe.ingredients.Coffee.&lt;init&gt;(Coffee.java:10)
	at uk.ac.sheffield.com1003.cafe.ingredients.Coffee.&lt;init&gt;(Coffee.java:10)
	at uk.ac.sheffield.com1003.cafe.ingredients.Coffee.&lt;init&gt;(Coffee.java:10)
	at uk.ac.sheffield.com1003.cafe.ingredients.Coffee.&lt;init&gt;(Coffee.java:10)
	at uk.ac.sheffield.com1003.cafe.ingredients.Coffee.&lt;init&gt;(Coffee.java:10)
	at uk.ac.sheffield.com1003.cafe.ingredients.Coffee.&lt;init&gt;(Coffee.java:10)
	at uk.ac.sheffield.com1003.cafe.ingredients.Coffee.&lt;init&gt;(Coffee.java:10)
	at uk.ac.sheffield.com1003.cafe.ingredients.Coffee.&lt;init&gt;(Coffee.java:10)
	at uk.ac.sheffield.com1003.cafe.ingredients.Coffee.&lt;init&gt;(Coffee.java:10)
	at uk.ac.sheffield.com1003.cafe.ingredients.Coffee.&lt;init&gt;(Coffee.java:10)
	at uk.ac.sheffield.com1003.cafe.ingredients.Coffee.&lt;init&gt;(Coffee.java:10)
	at uk.ac.sheffield.com1003.cafe.ingredients.Coffee.&lt;init&gt;(Coffee.java:10)
	at uk.ac.sheffield.com1003.cafe.ingredients.Coffee.&lt;init&gt;(Coffee.java:10)
	at uk.ac.sheffield.com1003.cafe.ingredients.Coffee.&lt;init&gt;(Coffee.java:10)
	at uk.ac.sheffield.com1003.cafe.ingredients.Coffee.&lt;init&gt;(Coffee.java:10)
	at uk.ac.sheffield.com1003.cafe.ingredients.Coffee.&lt;init&gt;(Coffee.java:10)
	at uk.ac.sheffield.com1003.cafe.ingredients.Coffee.&lt;init&gt;(Coffee.java:10)
	at uk.ac.sheffield.com1003.cafe.ingredients.Coffee.&lt;init&gt;(Coffee.java:10)
	at uk.ac.sheffield.com1003.cafe.ingredients.Coffee.&lt;init&gt;(Coffee.java:10)
	at uk.ac.sheffield.com1003.cafe.ingredients.Coffee.&lt;init&gt;(Coffee.java:10)
	at uk.ac.sheffield.com1003.cafe.ingredients.Coffee.&lt;init&gt;(Coffee.java:10)
	at uk.ac.sheffield.com1003.cafe.ingredients.Coffee.&lt;init&gt;(Coffee.java:10)
	at uk.ac.sheffield.com1003.cafe.ingredients.Coffee.&lt;init&gt;(Coffee.java:10)
	at uk.ac.sheffield.com1003.cafe.ingredients.Coffee.&lt;init&gt;(Coffee.java:10)
	at uk.ac.sheffield.com1003.cafe.ingredients.Coffee.&lt;init&gt;(Coffee.java:10)
	at uk.ac.sheffield.com1003.cafe.ingredients.Coffee.&lt;init&gt;(Coffee.java:10)
	at uk.ac.sheffield.com1003.cafe.ingredients.Coffee.&lt;init&gt;(Coffee.java:10)
	at uk.ac.sheffield.com1003.cafe.ingredients.Coffee.&lt;init&gt;(Coffee.java:10)
	at uk.ac.sheffield.com1003.cafe.ingredients.Coffee.&lt;init&gt;(Coffee.java:10)
	at uk.ac.sheffield.com1003.cafe.ingredients.Coffee.&lt;init&gt;(Coffee.java:10)
	at uk.ac.sheffield.com1003.cafe.ingredients.Coffee.&lt;init&gt;(Coffee.java:10)
	at uk.ac.sheffield.com1003.cafe.ingredients.Coffee.&lt;init&gt;(Coffee.java:10)
	at uk.ac.sheffield.com1003.cafe.ingredients.Coffee.&lt;init&gt;(Coffee.java:10)
	at uk.ac.sheffield.com1003.cafe.ingredients.Coffee.&lt;init&gt;(Coffee.java:10)
	at uk.ac.sheffield.com1003.cafe.ingredients.Coffee.&lt;init&gt;(Coffee.java:10)
	at uk.ac.sheffield.com1003.cafe.ingredients.Coffee.&lt;init&gt;(Coffee.java:10)
	at uk.ac.sheffield.com1003.cafe.ingredients.Coffee.&lt;init&gt;(Coffee.java:10)
	at uk.ac.sheffield.com1003.cafe.ingredients.Coffee.&lt;init&gt;(Coffee.java:10)
	at uk.ac.sheffield.com1003.cafe.ingredients.Coffee.&lt;init&gt;(Coffee.java:10)
	at uk.ac.sheffield.com1003.cafe.ingredients.Coffee.&lt;init&gt;(Coffee.java:10)
	at uk.ac.sheffield.com1003.cafe.ingredients.Coffee.&lt;init&gt;(Coffee.java:10)
	at uk.ac.sheffield.com1003.cafe.ingredients.Coffee.&lt;init&gt;(Coffee.java:10)
	at uk.ac.sheffield.com1003.cafe.ingredients.Coffee.&lt;init&gt;(Coffee.java:10)
	at uk.ac.sheffield.com1003.cafe.ingredients.Coffee.&lt;init&gt;(Coffee.java:10)
	at uk.ac.sheffield.com1003.cafe.ingredients.Coffee.&lt;init&gt;(Coffee.java:10)
	at uk.ac.sheffield.com1003.cafe.ingredients.Coffee.&lt;init&gt;(Coffee.java:10)
	at uk.ac.sheffield.com1003.cafe.ingredients.Coffee.&lt;init&gt;(Coffee.java:10)
	at uk.ac.sheffield.com1003.cafe.ingredients.Coffee.&lt;init&gt;(Coffee.java:10)
	at uk.ac.sheffield.com1003.cafe.ingredients.Coffee.&lt;init&gt;(Coffee.java:10)
	at uk.ac.sheffield.com1003.cafe.ingredients.Coffee.&lt;init&gt;(Coffee.java:10)
	at uk.ac.sheffield.com1003.cafe.ingredients.Coffee.&lt;init&gt;(Coffee.java:10)
	at uk.ac.sheffield.com1003.cafe.ingredients.Coffee.&lt;init&gt;(Coffee.java:10)
	at uk.ac.sheffield.com1003.cafe.ingredients.Coffee.&lt;init&gt;(Coffee.java:10)
	at uk.ac.sheffield.com1003.cafe.ingredients.Coffee.&lt;init&gt;(Coffee.java:10)
	at uk.ac.sheffield.com1003.cafe.ingredients.Coffee.&lt;init&gt;(Coffee.java:10)
	at uk.ac.sheffield.com1003.cafe.ingredients.Coffee.&lt;init&gt;(Coffee.java:10)
	at uk.ac.sheffield.com1003.cafe.ingredients.Coffee.&lt;init&gt;(Coffee.java:10)
	at uk.ac.sheffield.com1003.cafe.ingredients.Coffee.&lt;init&gt;(Coffee.java:10)
	at uk.ac.sheffield.com1003.cafe.ingredients.Coffee.&lt;init&gt;(Coffee.java:10)
	at uk.ac.sheffield.com1003.cafe.ingredients.Coffee.&lt;init&gt;(Coffee.java:10)
	at uk.ac.sheffield.com1003.cafe.ingredients.Coffee.&lt;init&gt;(Coffee.java:10)
	at uk.ac.sheffield.com1003.cafe.ingredients.Coffee.&lt;init&gt;(Coffee.java:10)
	at uk.ac.sheffield.com1003.cafe.ingredients.Coffee.&lt;init&gt;(Coffee.java:10)
	at uk.ac.sheffield.com1003.cafe.ingredients.Coffee.&lt;init&gt;(Coffee.java:10)
	at uk.ac.sheffield.com1003.cafe.ingredients.Coffee.&lt;init&gt;(Coffee.java:10)
	at uk.ac.sheffield.com1003.cafe.ingredients.Coffee.&lt;init&gt;(Coffee.java:10)
	at uk.ac.sheffield.com1003.cafe.ingredients.Coffee.&lt;init&gt;(Coffee.java:10)
	at uk.ac.sheffield.com1003.cafe.ingredients.Coffee.&lt;init&gt;(Coffee.java:10)
	at uk.ac.sheffield.com1003.cafe.ingredients.Coffee.&lt;init&gt;(Coffee.java:10)
	at uk.ac.sheffield.com1003.cafe.ingredients.Coffee.&lt;init&gt;(Coffee.java:10)
	at uk.ac.sheffield.com1003.cafe.ingredients.Coffee.&lt;init&gt;(Coffee.java:10)
</failure>
  </testcase>
  <testcase name="testRecipeMultipleIngredientsDifferentName" classname="uk.ac.sheffield.com1003.cafe.TestCafeTask5" time="0.004">
    <failure message="java.lang.StackOverflowError" type="java.lang.StackOverflowError">java.lang.StackOverflowError
	at uk.ac.sheffield.com1003.cafe.ingredients.Coffee.&lt;init&gt;(Coffee.java:10)
	at uk.ac.sheffield.com1003.cafe.ingredients.Coffee.&lt;init&gt;(Coffee.java:10)
	at uk.ac.sheffield.com1003.cafe.ingredients.Coffee.&lt;init&gt;(Coffee.java:10)
	at uk.ac.sheffield.com1003.cafe.ingredients.Coffee.&lt;init&gt;(Coffee.java:10)
	at uk.ac.sheffield.com1003.cafe.ingredients.Coffee.&lt;init&gt;(Coffee.java:10)
	at uk.ac.sheffield.com1003.cafe.ingredients.Coffee.&lt;init&gt;(Coffee.java:10)
	at uk.ac.sheffield.com1003.cafe.ingredients.Coffee.&lt;init&gt;(Coffee.java:10)
	at uk.ac.sheffield.com1003.cafe.ingredients.Coffee.&lt;init&gt;(Coffee.java:10)
	at uk.ac.sheffield.com1003.cafe.ingredients.Coffee.&lt;init&gt;(Coffee.java:10)
	at uk.ac.sheffield.com1003.cafe.ingredients.Coffee.&lt;init&gt;(Coffee.java:10)
	at uk.ac.sheffield.com1003.cafe.ingredients.Coffee.&lt;init&gt;(Coffee.java:10)
	at uk.ac.sheffield.com1003.cafe.ingredients.Coffee.&lt;init&gt;(Coffee.java:10)
	at uk.ac.sheffield.com1003.cafe.ingredients.Coffee.&lt;init&gt;(Coffee.java:10)
	at uk.ac.sheffield.com1003.cafe.ingredients.Coffee.&lt;init&gt;(Coffee.java:10)
	at uk.ac.sheffield.com1003.cafe.ingredients.Coffee.&lt;init&gt;(Coffee.java:10)
	at uk.ac.sheffield.com1003.cafe.ingredients.Coffee.&lt;init&gt;(Coffee.java:10)
	at uk.ac.sheffield.com1003.cafe.ingredients.Coffee.&lt;init&gt;(Coffee.java:10)
	at uk.ac.sheffield.com1003.cafe.ingredients.Coffee.&lt;init&gt;(Coffee.java:10)
	at uk.ac.sheffield.com1003.cafe.ingredients.Coffee.&lt;init&gt;(Coffee.java:10)
	at uk.ac.sheffield.com1003.cafe.ingredients.Coffee.&lt;init&gt;(Coffee.java:10)
	at uk.ac.sheffield.com1003.cafe.ingredients.Coffee.&lt;init&gt;(Coffee.java:10)
	at uk.ac.sheffield.com1003.cafe.ingredients.Coffee.&lt;init&gt;(Coffee.java:10)
	at uk.ac.sheffield.com1003.cafe.ingredients.Coffee.&lt;init&gt;(Coffee.java:10)
	at uk.ac.sheffield.com1003.cafe.ingredients.Coffee.&lt;init&gt;(Coffee.java:10)
	at uk.ac.sheffield.com1003.cafe.ingredients.Coffee.&lt;init&gt;(Coffee.java:10)
	at uk.ac.sheffield.com1003.cafe.ingredients.Coffee.&lt;init&gt;(Coffee.java:10)
	at uk.ac.sheffield.com1003.cafe.ingredients.Coffee.&lt;init&gt;(Coffee.java:10)
	at uk.ac.sheffield.com1003.cafe.ingredients.Coffee.&lt;init&gt;(Coffee.java:10)
	at uk.ac.sheffield.com1003.cafe.ingredients.Coffee.&lt;init&gt;(Coffee.java:10)
	at uk.ac.sheffield.com1003.cafe.ingredients.Coffee.&lt;init&gt;(Coffee.java:10)
	at uk.ac.sheffield.com1003.cafe.ingredients.Coffee.&lt;init&gt;(Coffee.java:10)
	at uk.ac.sheffield.com1003.cafe.ingredients.Coffee.&lt;init&gt;(Coffee.java:10)
	at uk.ac.sheffield.com1003.cafe.ingredients.Coffee.&lt;init&gt;(Coffee.java:10)
	at uk.ac.sheffield.com1003.cafe.ingredients.Coffee.&lt;init&gt;(Coffee.java:10)
	at uk.ac.sheffield.com1003.cafe.ingredients.Coffee.&lt;init&gt;(Coffee.java:10)
	at uk.ac.sheffield.com1003.cafe.ingredients.Coffee.&lt;init&gt;(Coffee.java:10)
	at uk.ac.sheffield.com1003.cafe.ingredients.Coffee.&lt;init&gt;(Coffee.java:10)
	at uk.ac.sheffield.com1003.cafe.ingredients.Coffee.&lt;init&gt;(Coffee.java:10)
	at uk.ac.sheffield.com1003.cafe.ingredients.Coffee.&lt;init&gt;(Coffee.java:10)
	at uk.ac.sheffield.com1003.cafe.ingredients.Coffee.&lt;init&gt;(Coffee.java:10)
	at uk.ac.sheffield.com1003.cafe.ingredients.Coffee.&lt;init&gt;(Coffee.java:10)
	at uk.ac.sheffield.com1003.cafe.ingredients.Coffee.&lt;init&gt;(Coffee.java:10)
	at uk.ac.sheffield.com1003.cafe.ingredients.Coffee.&lt;init&gt;(Coffee.java:10)
	at uk.ac.sheffield.com1003.cafe.ingredients.Coffee.&lt;init&gt;(Coffee.java:10)
	at uk.ac.sheffield.com1003.cafe.ingredients.Coffee.&lt;init&gt;(Coffee.java:10)
	at uk.ac.sheffield.com1003.cafe.ingredients.Coffee.&lt;init&gt;(Coffee.java:10)
	at uk.ac.sheffield.com1003.cafe.ingredients.Coffee.&lt;init&gt;(Coffee.java:10)
	at uk.ac.sheffield.com1003.cafe.ingredients.Coffee.&lt;init&gt;(Coffee.java:10)
	at uk.ac.sheffield.com1003.cafe.ingredients.Coffee.&lt;init&gt;(Coffee.java:10)
	at uk.ac.sheffield.com1003.cafe.ingredients.Coffee.&lt;init&gt;(Coffee.java:10)
	at uk.ac.sheffield.com1003.cafe.ingredients.Coffee.&lt;init&gt;(Coffee.java:10)
	at uk.ac.sheffield.com1003.cafe.ingredients.Coffee.&lt;init&gt;(Coffee.java:10)
	at uk.ac.sheffield.com1003.cafe.ingredients.Coffee.&lt;init&gt;(Coffee.java:10)
	at uk.ac.sheffield.com1003.cafe.ingredients.Coffee.&lt;init&gt;(Coffee.java:10)
	at uk.ac.sheffield.com1003.cafe.ingredients.Coffee.&lt;init&gt;(Coffee.java:10)
	at uk.ac.sheffield.com1003.cafe.ingredients.Coffee.&lt;init&gt;(Coffee.java:10)
	at uk.ac.sheffield.com1003.cafe.ingredients.Coffee.&lt;init&gt;(Coffee.java:10)
	at uk.ac.sheffield.com1003.cafe.ingredients.Coffee.&lt;init&gt;(Coffee.java:10)
	at uk.ac.sheffield.com1003.cafe.ingredients.Coffee.&lt;init&gt;(Coffee.java:10)
	at uk.ac.sheffield.com1003.cafe.ingredients.Coffee.&lt;init&gt;(Coffee.java:10)
	at uk.ac.sheffield.com1003.cafe.ingredients.Coffee.&lt;init&gt;(Coffee.java:10)
	at uk.ac.sheffield.com1003.cafe.ingredients.Coffee.&lt;init&gt;(Coffee.java:10)
	at uk.ac.sheffield.com1003.cafe.ingredients.Coffee.&lt;init&gt;(Coffee.java:10)
	at uk.ac.sheffield.com1003.cafe.ingredients.Coffee.&lt;init&gt;(Coffee.java:10)
	at uk.ac.sheffield.com1003.cafe.ingredients.Coffee.&lt;init&gt;(Coffee.java:10)
	at uk.ac.sheffield.com1003.cafe.ingredients.Coffee.&lt;init&gt;(Coffee.java:10)
	at uk.ac.sheffield.com1003.cafe.ingredients.Coffee.&lt;init&gt;(Coffee.java:10)
	at uk.ac.sheffield.com1003.cafe.ingredients.Coffee.&lt;init&gt;(Coffee.java:10)
	at uk.ac.sheffield.com1003.cafe.ingredients.Coffee.&lt;init&gt;(Coffee.java:10)
	at uk.ac.sheffield.com1003.cafe.ingredients.Coffee.&lt;init&gt;(Coffee.java:10)
	at uk.ac.sheffield.com1003.cafe.ingredients.Coffee.&lt;init&gt;(Coffee.java:10)
	at uk.ac.sheffield.com1003.cafe.ingredients.Coffee.&lt;init&gt;(Coffee.java:10)
	at uk.ac.sheffield.com1003.cafe.ingredients.Coffee.&lt;init&gt;(Coffee.java:10)
	at uk.ac.sheffield.com1003.cafe.ingredients.Coffee.&lt;init&gt;(Coffee.java:10)
	at uk.ac.sheffield.com1003.cafe.ingredients.Coffee.&lt;init&gt;(Coffee.java:10)
	at uk.ac.sheffield.com1003.cafe.ingredients.Coffee.&lt;init&gt;(Coffee.java:10)
	at uk.ac.sheffield.com1003.cafe.ingredients.Coffee.&lt;init&gt;(Coffee.java:10)
	at uk.ac.sheffield.com1003.cafe.ingredients.Coffee.&lt;init&gt;(Coffee.java:10)
	at uk.ac.sheffield.com1003.cafe.ingredients.Coffee.&lt;init&gt;(Coffee.java:10)
	at uk.ac.sheffield.com1003.cafe.ingredients.Coffee.&lt;init&gt;(Coffee.java:10)
	at uk.ac.sheffield.com1003.cafe.ingredients.Coffee.&lt;init&gt;(Coffee.java:10)
	at uk.ac.sheffield.com1003.cafe.ingredients.Coffee.&lt;init&gt;(Coffee.java:10)
	at uk.ac.sheffield.com1003.cafe.ingredients.Coffee.&lt;init&gt;(Coffee.java:10)
	at uk.ac.sheffield.com1003.cafe.ingredients.Coffee.&lt;init&gt;(Coffee.java:10)
	at uk.ac.sheffield.com1003.cafe.ingredients.Coffee.&lt;init&gt;(Coffee.java:10)
	at uk.ac.sheffield.com1003.cafe.ingredients.Coffee.&lt;init&gt;(Coffee.java:10)
	at uk.ac.sheffield.com1003.cafe.ingredients.Coffee.&lt;init&gt;(Coffee.java:10)
	at uk.ac.sheffield.com1003.cafe.ingredients.Coffee.&lt;init&gt;(Coffee.java:10)
	at uk.ac.sheffield.com1003.cafe.ingredients.Coffee.&lt;init&gt;(Coffee.java:10)
	at uk.ac.sheffield.com1003.cafe.ingredients.Coffee.&lt;init&gt;(Coffee.java:10)
	at uk.ac.sheffield.com1003.cafe.ingredients.Coffee.&lt;init&gt;(Coffee.java:10)
	at uk.ac.sheffield.com1003.cafe.ingredients.Coffee.&lt;init&gt;(Coffee.java:10)
	at uk.ac.sheffield.com1003.cafe.ingredients.Coffee.&lt;init&gt;(Coffee.java:10)
	at uk.ac.sheffield.com1003.cafe.ingredients.Coffee.&lt;init&gt;(Coffee.java:10)
	at uk.ac.sheffield.com1003.cafe.ingredients.Coffee.&lt;init&gt;(Coffee.java:10)
	at uk.ac.sheffield.com1003.cafe.ingredients.Coffee.&lt;init&gt;(Coffee.java:10)
	at uk.ac.sheffield.com1003.cafe.ingredients.Coffee.&lt;init&gt;(Coffee.java:10)
	at uk.ac.sheffield.com1003.cafe.ingredients.Coffee.&lt;init&gt;(Coffee.java:10)
	at uk.ac.sheffield.com1003.cafe.ingredients.Coffee.&lt;init&gt;(Coffee.java:10)
	at uk.ac.sheffield.com1003.cafe.ingredients.Coffee.&lt;init&gt;(Coffee.java:10)
	at uk.ac.sheffield.com1003.cafe.ingredients.Coffee.&lt;init&gt;(Coffee.java:10)
	at uk.ac.sheffield.com1003.cafe.ingredients.Coffee.&lt;init&gt;(Coffee.java:10)
	at uk.ac.sheffield.com1003.cafe.ingredients.Coffee.&lt;init&gt;(Coffee.java:10)
	at uk.ac.sheffield.com1003.cafe.ingredients.Coffee.&lt;init&gt;(Coffee.java:10)
	at uk.ac.sheffield.com1003.cafe.ingredients.Coffee.&lt;init&gt;(Coffee.java:10)
	at uk.ac.sheffield.com1003.cafe.ingredients.Coffee.&lt;init&gt;(Coffee.java:10)
	at uk.ac.sheffield.com1003.cafe.ingredients.Coffee.&lt;init&gt;(Coffee.java:10)
	at uk.ac.sheffield.com1003.cafe.ingredients.Coffee.&lt;init&gt;(Coffee.java:10)
	at uk.ac.sheffield.com1003.cafe.ingredients.Coffee.&lt;init&gt;(Coffee.java:10)
	at uk.ac.sheffield.com1003.cafe.ingredients.Coffee.&lt;init&gt;(Coffee.java:10)
	at uk.ac.sheffield.com1003.cafe.ingredients.Coffee.&lt;init&gt;(Coffee.java:10)
	at uk.ac.sheffield.com1003.cafe.ingredients.Coffee.&lt;init&gt;(Coffee.java:10)
	at uk.ac.sheffield.com1003.cafe.ingredients.Coffee.&lt;init&gt;(Coffee.java:10)
	at uk.ac.sheffield.com1003.cafe.ingredients.Coffee.&lt;init&gt;(Coffee.java:10)
	at uk.ac.sheffield.com1003.cafe.ingredients.Coffee.&lt;init&gt;(Coffee.java:10)
	at uk.ac.sheffield.com1003.cafe.ingredients.Coffee.&lt;init&gt;(Coffee.java:10)
	at uk.ac.sheffield.com1003.cafe.ingredients.Coffee.&lt;init&gt;(Coffee.java:10)
	at uk.ac.sheffield.com1003.cafe.ingredients.Coffee.&lt;init&gt;(Coffee.java:10)
	at uk.ac.sheffield.com1003.cafe.ingredients.Coffee.&lt;init&gt;(Coffee.java:10)
	at uk.ac.sheffield.com1003.cafe.ingredients.Coffee.&lt;init&gt;(Coffee.java:10)
	at uk.ac.sheffield.com1003.cafe.ingredients.Coffee.&lt;init&gt;(Coffee.java:10)
	at uk.ac.sheffield.com1003.cafe.ingredients.Coffee.&lt;init&gt;(Coffee.java:10)
	at uk.ac.sheffield.com1003.cafe.ingredients.Coffee.&lt;init&gt;(Coffee.java:10)
	at uk.ac.sheffield.com1003.cafe.ingredients.Coffee.&lt;init&gt;(Coffee.java:10)
	at uk.ac.sheffield.com1003.cafe.ingredients.Coffee.&lt;init&gt;(Coffee.java:10)
	at uk.ac.sheffield.com1003.cafe.ingredients.Coffee.&lt;init&gt;(Coffee.java:10)
	at uk.ac.sheffield.com1003.cafe.ingredients.Coffee.&lt;init&gt;(Coffee.java:10)
	at uk.ac.sheffield.com1003.cafe.ingredients.Coffee.&lt;init&gt;(Coffee.java:10)
	at uk.ac.sheffield.com1003.cafe.ingredients.Coffee.&lt;init&gt;(Coffee.java:10)
	at uk.ac.sheffield.com1003.cafe.ingredients.Coffee.&lt;init&gt;(Coffee.java:10)
	at uk.ac.sheffield.com1003.cafe.ingredients.Coffee.&lt;init&gt;(Coffee.java:10)
	at uk.ac.sheffield.com1003.cafe.ingredients.Coffee.&lt;init&gt;(Coffee.java:10)
	at uk.ac.sheffield.com1003.cafe.ingredients.Coffee.&lt;init&gt;(Coffee.java:10)
	at uk.ac.sheffield.com1003.cafe.ingredients.Coffee.&lt;init&gt;(Coffee.java:10)
	at uk.ac.sheffield.com1003.cafe.ingredients.Coffee.&lt;init&gt;(Coffee.java:10)
	at uk.ac.sheffield.com1003.cafe.ingredients.Coffee.&lt;init&gt;(Coffee.java:10)
	at uk.ac.sheffield.com1003.cafe.ingredients.Coffee.&lt;init&gt;(Coffee.java:10)
	at uk.ac.sheffield.com1003.cafe.ingredients.Coffee.&lt;init&gt;(Coffee.java:10)
	at uk.ac.sheffield.com1003.cafe.ingredients.Coffee.&lt;init&gt;(Coffee.java:10)
	at uk.ac.sheffield.com1003.cafe.ingredients.Coffee.&lt;init&gt;(Coffee.java:10)
	at uk.ac.sheffield.com1003.cafe.ingredients.Coffee.&lt;init&gt;(Coffee.java:10)
	at uk.ac.sheffield.com1003.cafe.ingredients.Coffee.&lt;init&gt;(Coffee.java:10)
	at uk.ac.sheffield.com1003.cafe.ingredients.Coffee.&lt;init&gt;(Coffee.java:10)
	at uk.ac.sheffield.com1003.cafe.ingredients.Coffee.&lt;init&gt;(Coffee.java:10)
	at uk.ac.sheffield.com1003.cafe.ingredients.Coffee.&lt;init&gt;(Coffee.java:10)
	at uk.ac.sheffield.com1003.cafe.ingredients.Coffee.&lt;init&gt;(Coffee.java:10)
	at uk.ac.sheffield.com1003.cafe.ingredients.Coffee.&lt;init&gt;(Coffee.java:10)
	at uk.ac.sheffield.com1003.cafe.ingredients.Coffee.&lt;init&gt;(Coffee.java:10)
	at uk.ac.sheffield.com1003.cafe.ingredients.Coffee.&lt;init&gt;(Coffee.java:10)
	at uk.ac.sheffield.com1003.cafe.ingredients.Coffee.&lt;init&gt;(Coffee.java:10)
	at uk.ac.sheffield.com1003.cafe.ingredients.Coffee.&lt;init&gt;(Coffee.java:10)
	at uk.ac.sheffield.com1003.cafe.ingredients.Coffee.&lt;init&gt;(Coffee.java:10)
	at uk.ac.sheffield.com1003.cafe.ingredients.Coffee.&lt;init&gt;(Coffee.java:10)
	at uk.ac.sheffield.com1003.cafe.ingredients.Coffee.&lt;init&gt;(Coffee.java:10)
	at uk.ac.sheffield.com1003.cafe.ingredients.Coffee.&lt;init&gt;(Coffee.java:10)
	at uk.ac.sheffield.com1003.cafe.ingredients.Coffee.&lt;init&gt;(Coffee.java:10)
	at uk.ac.sheffield.com1003.cafe.ingredients.Coffee.&lt;init&gt;(Coffee.java:10)
	at uk.ac.sheffield.com1003.cafe.ingredients.Coffee.&lt;init&gt;(Coffee.java:10)
	at uk.ac.sheffield.com1003.cafe.ingredients.Coffee.&lt;init&gt;(Coffee.java:10)
	at uk.ac.sheffield.com1003.cafe.ingredients.Coffee.&lt;init&gt;(Coffee.java:10)
	at uk.ac.sheffield.com1003.cafe.ingredients.Coffee.&lt;init&gt;(Coffee.java:10)
	at uk.ac.sheffield.com1003.cafe.ingredients.Coffee.&lt;init&gt;(Coffee.java:10)
	at uk.ac.sheffield.com1003.cafe.ingredients.Coffee.&lt;init&gt;(Coffee.java:10)
	at uk.ac.sheffield.com1003.cafe.ingredients.Coffee.&lt;init&gt;(Coffee.java:10)
	at uk.ac.sheffield.com1003.cafe.ingredients.Coffee.&lt;init&gt;(Coffee.java:10)
	at uk.ac.sheffield.com1003.cafe.ingredients.Coffee.&lt;init&gt;(Coffee.java:10)
	at uk.ac.sheffield.com1003.cafe.ingredients.Coffee.&lt;init&gt;(Coffee.java:10)
	at uk.ac.sheffield.com1003.cafe.ingredients.Coffee.&lt;init&gt;(Coffee.java:10)
	at uk.ac.sheffield.com1003.cafe.ingredients.Coffee.&lt;init&gt;(Coffee.java:10)
	at uk.ac.sheffield.com1003.cafe.ingredients.Coffee.&lt;init&gt;(Coffee.java:10)
	at uk.ac.sheffield.com1003.cafe.ingredients.Coffee.&lt;init&gt;(Coffee.java:10)
	at uk.ac.sheffield.com1003.cafe.ingredients.Coffee.&lt;init&gt;(Coffee.java:10)
	at uk.ac.sheffield.com1003.cafe.ingredients.Coffee.&lt;init&gt;(Coffee.java:10)
	at uk.ac.sheffield.com1003.cafe.ingredients.Coffee.&lt;init&gt;(Coffee.java:10)
	at uk.ac.sheffield.com1003.cafe.ingredients.Coffee.&lt;init&gt;(Coffee.java:10)
	at uk.ac.sheffield.com1003.cafe.ingredients.Coffee.&lt;init&gt;(Coffee.java:10)
	at uk.ac.sheffield.com1003.cafe.ingredients.Coffee.&lt;init&gt;(Coffee.java:10)
	at uk.ac.sheffield.com1003.cafe.ingredients.Coffee.&lt;init&gt;(Coffee.java:10)
	at uk.ac.sheffield.com1003.cafe.ingredients.Coffee.&lt;init&gt;(Coffee.java:10)
	at uk.ac.sheffield.com1003.cafe.ingredients.Coffee.&lt;init&gt;(Coffee.java:10)
	at uk.ac.sheffield.com1003.cafe.ingredients.Coffee.&lt;init&gt;(Coffee.java:10)
	at uk.ac.sheffield.com1003.cafe.ingredients.Coffee.&lt;init&gt;(Coffee.java:10)
	at uk.ac.sheffield.com1003.cafe.ingredients.Coffee.&lt;init&gt;(Coffee.java:10)
	at uk.ac.sheffield.com1003.cafe.ingredients.Coffee.&lt;init&gt;(Coffee.java:10)
	at uk.ac.sheffield.com1003.cafe.ingredients.Coffee.&lt;init&gt;(Coffee.java:10)
	at uk.ac.sheffield.com1003.cafe.ingredients.Coffee.&lt;init&gt;(Coffee.java:10)
	at uk.ac.sheffield.com1003.cafe.ingredients.Coffee.&lt;init&gt;(Coffee.java:10)
	at uk.ac.sheffield.com1003.cafe.ingredients.Coffee.&lt;init&gt;(Coffee.java:10)
	at uk.ac.sheffield.com1003.cafe.ingredients.Coffee.&lt;init&gt;(Coffee.java:10)
	at uk.ac.sheffield.com1003.cafe.ingredients.Coffee.&lt;init&gt;(Coffee.java:10)
	at uk.ac.sheffield.com1003.cafe.ingredients.Coffee.&lt;init&gt;(Coffee.java:10)
	at uk.ac.sheffield.com1003.cafe.ingredients.Coffee.&lt;init&gt;(Coffee.java:10)
	at uk.ac.sheffield.com1003.cafe.ingredients.Coffee.&lt;init&gt;(Coffee.java:10)
	at uk.ac.sheffield.com1003.cafe.ingredients.Coffee.&lt;init&gt;(Coffee.java:10)
	at uk.ac.sheffield.com1003.cafe.ingredients.Coffee.&lt;init&gt;(Coffee.java:10)
	at uk.ac.sheffield.com1003.cafe.ingredients.Coffee.&lt;init&gt;(Coffee.java:10)
	at uk.ac.sheffield.com1003.cafe.ingredients.Coffee.&lt;init&gt;(Coffee.java:10)
	at uk.ac.sheffield.com1003.cafe.ingredients.Coffee.&lt;init&gt;(Coffee.java:10)
	at uk.ac.sheffield.com1003.cafe.ingredients.Coffee.&lt;init&gt;(Coffee.java:10)
	at uk.ac.sheffield.com1003.cafe.ingredients.Coffee.&lt;init&gt;(Coffee.java:10)
	at uk.ac.sheffield.com1003.cafe.ingredients.Coffee.&lt;init&gt;(Coffee.java:10)
	at uk.ac.sheffield.com1003.cafe.ingredients.Coffee.&lt;init&gt;(Coffee.java:10)
	at uk.ac.sheffield.com1003.cafe.ingredients.Coffee.&lt;init&gt;(Coffee.java:10)
	at uk.ac.sheffield.com1003.cafe.ingredients.Coffee.&lt;init&gt;(Coffee.java:10)
	at uk.ac.sheffield.com1003.cafe.ingredients.Coffee.&lt;init&gt;(Coffee.java:10)
	at uk.ac.sheffield.com1003.cafe.ingredients.Coffee.&lt;init&gt;(Coffee.java:10)
	at uk.ac.sheffield.com1003.cafe.ingredients.Coffee.&lt;init&gt;(Coffee.java:10)
	at uk.ac.sheffield.com1003.cafe.ingredients.Coffee.&lt;init&gt;(Coffee.java:10)
	at uk.ac.sheffield.com1003.cafe.ingredients.Coffee.&lt;init&gt;(Coffee.java:10)
	at uk.ac.sheffield.com1003.cafe.ingredients.Coffee.&lt;init&gt;(Coffee.java:10)
	at uk.ac.sheffield.com1003.cafe.ingredients.Coffee.&lt;init&gt;(Coffee.java:10)
	at uk.ac.sheffield.com1003.cafe.ingredients.Coffee.&lt;init&gt;(Coffee.java:10)
	at uk.ac.sheffield.com1003.cafe.ingredients.Coffee.&lt;init&gt;(Coffee.java:10)
	at uk.ac.sheffield.com1003.cafe.ingredients.Coffee.&lt;init&gt;(Coffee.java:10)
	at uk.ac.sheffield.com1003.cafe.ingredients.Coffee.&lt;init&gt;(Coffee.java:10)
	at uk.ac.sheffield.com1003.cafe.ingredients.Coffee.&lt;init&gt;(Coffee.java:10)
	at uk.ac.sheffield.com1003.cafe.ingredients.Coffee.&lt;init&gt;(Coffee.java:10)
	at uk.ac.sheffield.com1003.cafe.ingredients.Coffee.&lt;init&gt;(Coffee.java:10)
	at uk.ac.sheffield.com1003.cafe.ingredients.Coffee.&lt;init&gt;(Coffee.java:10)
	at uk.ac.sheffield.com1003.cafe.ingredients.Coffee.&lt;init&gt;(Coffee.java:10)
	at uk.ac.sheffield.com1003.cafe.ingredients.Coffee.&lt;init&gt;(Coffee.java:10)
	at uk.ac.sheffield.com1003.cafe.ingredients.Coffee.&lt;init&gt;(Coffee.java:10)
	at uk.ac.sheffield.com1003.cafe.ingredients.Coffee.&lt;init&gt;(Coffee.java:10)
	at uk.ac.sheffield.com1003.cafe.ingredients.Coffee.&lt;init&gt;(Coffee.java:10)
	at uk.ac.sheffield.com1003.cafe.ingredients.Coffee.&lt;init&gt;(Coffee.java:10)
	at uk.ac.sheffield.com1003.cafe.ingredients.Coffee.&lt;init&gt;(Coffee.java:10)
	at uk.ac.sheffield.com1003.cafe.ingredients.Coffee.&lt;init&gt;(Coffee.java:10)
	at uk.ac.sheffield.com1003.cafe.ingredients.Coffee.&lt;init&gt;(Coffee.java:10)
	at uk.ac.sheffield.com1003.cafe.ingredients.Coffee.&lt;init&gt;(Coffee.java:10)
	at uk.ac.sheffield.com1003.cafe.ingredients.Coffee.&lt;init&gt;(Coffee.java:10)
	at uk.ac.sheffield.com1003.cafe.ingredients.Coffee.&lt;init&gt;(Coffee.java:10)
	at uk.ac.sheffield.com1003.cafe.ingredients.Coffee.&lt;init&gt;(Coffee.java:10)
	at uk.ac.sheffield.com1003.cafe.ingredients.Coffee.&lt;init&gt;(Coffee.java:10)
	at uk.ac.sheffield.com1003.cafe.ingredients.Coffee.&lt;init&gt;(Coffee.java:10)
	at uk.ac.sheffield.com1003.cafe.ingredients.Coffee.&lt;init&gt;(Coffee.java:10)
	at uk.ac.sheffield.com1003.cafe.ingredients.Coffee.&lt;init&gt;(Coffee.java:10)
	at uk.ac.sheffield.com1003.cafe.ingredients.Coffee.&lt;init&gt;(Coffee.java:10)
	at uk.ac.sheffield.com1003.cafe.ingredients.Coffee.&lt;init&gt;(Coffee.java:10)
	at uk.ac.sheffield.com1003.cafe.ingredients.Coffee.&lt;init&gt;(Coffee.java:10)
	at uk.ac.sheffield.com1003.cafe.ingredients.Coffee.&lt;init&gt;(Coffee.java:10)
	at uk.ac.sheffield.com1003.cafe.ingredients.Coffee.&lt;init&gt;(Coffee.java:10)
	at uk.ac.sheffield.com1003.cafe.ingredients.Coffee.&lt;init&gt;(Coffee.java:10)
	at uk.ac.sheffield.com1003.cafe.ingredients.Coffee.&lt;init&gt;(Coffee.java:10)
	at uk.ac.sheffield.com1003.cafe.ingredients.Coffee.&lt;init&gt;(Coffee.java:10)
	at uk.ac.sheffield.com1003.cafe.ingredients.Coffee.&lt;init&gt;(Coffee.java:10)
	at uk.ac.sheffield.com1003.cafe.ingredients.Coffee.&lt;init&gt;(Coffee.java:10)
	at uk.ac.sheffield.com1003.cafe.ingredients.Coffee.&lt;init&gt;(Coffee.java:10)
	at uk.ac.sheffield.com1003.cafe.ingredients.Coffee.&lt;init&gt;(Coffee.java:10)
	at uk.ac.sheffield.com1003.cafe.ingredients.Coffee.&lt;init&gt;(Coffee.java:10)
	at uk.ac.sheffield.com1003.cafe.ingredients.Coffee.&lt;init&gt;(Coffee.java:10)
	at uk.ac.sheffield.com1003.cafe.ingredients.Coffee.&lt;init&gt;(Coffee.java:10)
	at uk.ac.sheffield.com1003.cafe.ingredients.Coffee.&lt;init&gt;(Coffee.java:10)
	at uk.ac.sheffield.com1003.cafe.ingredients.Coffee.&lt;init&gt;(Coffee.java:10)
	at uk.ac.sheffield.com1003.cafe.ingredients.Coffee.&lt;init&gt;(Coffee.java:10)
	at uk.ac.sheffield.com1003.cafe.ingredients.Coffee.&lt;init&gt;(Coffee.java:10)
	at uk.ac.sheffield.com1003.cafe.ingredients.Coffee.&lt;init&gt;(Coffee.java:10)
	at uk.ac.sheffield.com1003.cafe.ingredients.Coffee.&lt;init&gt;(Coffee.java:10)
	at uk.ac.sheffield.com1003.cafe.ingredients.Coffee.&lt;init&gt;(Coffee.java:10)
	at uk.ac.sheffield.com1003.cafe.ingredients.Coffee.&lt;init&gt;(Coffee.java:10)
	at uk.ac.sheffield.com1003.cafe.ingredients.Coffee.&lt;init&gt;(Coffee.java:10)
	at uk.ac.sheffield.com1003.cafe.ingredients.Coffee.&lt;init&gt;(Coffee.java:10)
	at uk.ac.sheffield.com1003.cafe.ingredients.Coffee.&lt;init&gt;(Coffee.java:10)
	at uk.ac.sheffield.com1003.cafe.ingredients.Coffee.&lt;init&gt;(Coffee.java:10)
	at uk.ac.sheffield.com1003.cafe.ingredients.Coffee.&lt;init&gt;(Coffee.java:10)
	at uk.ac.sheffield.com1003.cafe.ingredients.Coffee.&lt;init&gt;(Coffee.java:10)
	at uk.ac.sheffield.com1003.cafe.ingredients.Coffee.&lt;init&gt;(Coffee.java:10)
	at uk.ac.sheffield.com1003.cafe.ingredients.Coffee.&lt;init&gt;(Coffee.java:10)
	at uk.ac.sheffield.com1003.cafe.ingredients.Coffee.&lt;init&gt;(Coffee.java:10)
	at uk.ac.sheffield.com1003.cafe.ingredients.Coffee.&lt;init&gt;(Coffee.java:10)
	at uk.ac.sheffield.com1003.cafe.ingredients.Coffee.&lt;init&gt;(Coffee.java:10)
	at uk.ac.sheffield.com1003.cafe.ingredients.Coffee.&lt;init&gt;(Coffee.java:10)
	at uk.ac.sheffield.com1003.cafe.ingredients.Coffee.&lt;init&gt;(Coffee.java:10)
	at uk.ac.sheffield.com1003.cafe.ingredients.Coffee.&lt;init&gt;(Coffee.java:10)
	at uk.ac.sheffield.com1003.cafe.ingredients.Coffee.&lt;init&gt;(Coffee.java:10)
	at uk.ac.sheffield.com1003.cafe.ingredients.Coffee.&lt;init&gt;(Coffee.java:10)
	at uk.ac.sheffield.com1003.cafe.ingredients.Coffee.&lt;init&gt;(Coffee.java:10)
	at uk.ac.sheffield.com1003.cafe.ingredients.Coffee.&lt;init&gt;(Coffee.java:10)
	at uk.ac.sheffield.com1003.cafe.ingredients.Coffee.&lt;init&gt;(Coffee.java:10)
	at uk.ac.sheffield.com1003.cafe.ingredients.Coffee.&lt;init&gt;(Coffee.java:10)
	at uk.ac.sheffield.com1003.cafe.ingredients.Coffee.&lt;init&gt;(Coffee.java:10)
	at uk.ac.sheffield.com1003.cafe.ingredients.Coffee.&lt;init&gt;(Coffee.java:10)
	at uk.ac.sheffield.com1003.cafe.ingredients.Coffee.&lt;init&gt;(Coffee.java:10)
	at uk.ac.sheffield.com1003.cafe.ingredients.Coffee.&lt;init&gt;(Coffee.java:10)
	at uk.ac.sheffield.com1003.cafe.ingredients.Coffee.&lt;init&gt;(Coffee.java:10)
	at uk.ac.sheffield.com1003.cafe.ingredients.Coffee.&lt;init&gt;(Coffee.java:10)
	at uk.ac.sheffield.com1003.cafe.ingredients.Coffee.&lt;init&gt;(Coffee.java:10)
	at uk.ac.sheffield.com1003.cafe.ingredients.Coffee.&lt;init&gt;(Coffee.java:10)
	at uk.ac.sheffield.com1003.cafe.ingredients.Coffee.&lt;init&gt;(Coffee.java:10)
	at uk.ac.sheffield.com1003.cafe.ingredients.Coffee.&lt;init&gt;(Coffee.java:10)
	at uk.ac.sheffield.com1003.cafe.ingredients.Coffee.&lt;init&gt;(Coffee.java:10)
	at uk.ac.sheffield.com1003.cafe.ingredients.Coffee.&lt;init&gt;(Coffee.java:10)
	at uk.ac.sheffield.com1003.cafe.ingredients.Coffee.&lt;init&gt;(Coffee.java:10)
	at uk.ac.sheffield.com1003.cafe.ingredients.Coffee.&lt;init&gt;(Coffee.java:10)
	at uk.ac.sheffield.com1003.cafe.ingredients.Coffee.&lt;init&gt;(Coffee.java:10)
	at uk.ac.sheffield.com1003.cafe.ingredients.Coffee.&lt;init&gt;(Coffee.java:10)
	at uk.ac.sheffield.com1003.cafe.ingredients.Coffee.&lt;init&gt;(Coffee.java:10)
	at uk.ac.sheffield.com1003.cafe.ingredients.Coffee.&lt;init&gt;(Coffee.java:10)
	at uk.ac.sheffield.com1003.cafe.ingredients.Coffee.&lt;init&gt;(Coffee.java:10)
	at uk.ac.sheffield.com1003.cafe.ingredients.Coffee.&lt;init&gt;(Coffee.java:10)
	at uk.ac.sheffield.com1003.cafe.ingredients.Coffee.&lt;init&gt;(Coffee.java:10)
	at uk.ac.sheffield.com1003.cafe.ingredients.Coffee.&lt;init&gt;(Coffee.java:10)
	at uk.ac.sheffield.com1003.cafe.ingredients.Coffee.&lt;init&gt;(Coffee.java:10)
	at uk.ac.sheffield.com1003.cafe.ingredients.Coffee.&lt;init&gt;(Coffee.java:10)
	at uk.ac.sheffield.com1003.cafe.ingredients.Coffee.&lt;init&gt;(Coffee.java:10)
	at uk.ac.sheffield.com1003.cafe.ingredients.Coffee.&lt;init&gt;(Coffee.java:10)
	at uk.ac.sheffield.com1003.cafe.ingredients.Coffee.&lt;init&gt;(Coffee.java:10)
	at uk.ac.sheffield.com1003.cafe.ingredients.Coffee.&lt;init&gt;(Coffee.java:10)
	at uk.ac.sheffield.com1003.cafe.ingredients.Coffee.&lt;init&gt;(Coffee.java:10)
	at uk.ac.sheffield.com1003.cafe.ingredients.Coffee.&lt;init&gt;(Coffee.java:10)
	at uk.ac.sheffield.com1003.cafe.ingredients.Coffee.&lt;init&gt;(Coffee.java:10)
	at uk.ac.sheffield.com1003.cafe.ingredients.Coffee.&lt;init&gt;(Coffee.java:10)
	at uk.ac.sheffield.com1003.cafe.ingredients.Coffee.&lt;init&gt;(Coffee.java:10)
	at uk.ac.sheffield.com1003.cafe.ingredients.Coffee.&lt;init&gt;(Coffee.java:10)
	at uk.ac.sheffield.com1003.cafe.ingredients.Coffee.&lt;init&gt;(Coffee.java:10)
	at uk.ac.sheffield.com1003.cafe.ingredients.Coffee.&lt;init&gt;(Coffee.java:10)
	at uk.ac.sheffield.com1003.cafe.ingredients.Coffee.&lt;init&gt;(Coffee.java:10)
	at uk.ac.sheffield.com1003.cafe.ingredients.Coffee.&lt;init&gt;(Coffee.java:10)
	at uk.ac.sheffield.com1003.cafe.ingredients.Coffee.&lt;init&gt;(Coffee.java:10)
	at uk.ac.sheffield.com1003.cafe.ingredients.Coffee.&lt;init&gt;(Coffee.java:10)
	at uk.ac.sheffield.com1003.cafe.ingredients.Coffee.&lt;init&gt;(Coffee.java:10)
	at uk.ac.sheffield.com1003.cafe.ingredients.Coffee.&lt;init&gt;(Coffee.java:10)
	at uk.ac.sheffield.com1003.cafe.ingredients.Coffee.&lt;init&gt;(Coffee.java:10)
	at uk.ac.sheffield.com1003.cafe.ingredients.Coffee.&lt;init&gt;(Coffee.java:10)
	at uk.ac.sheffield.com1003.cafe.ingredients.Coffee.&lt;init&gt;(Coffee.java:10)
	at uk.ac.sheffield.com1003.cafe.ingredients.Coffee.&lt;init&gt;(Coffee.java:10)
	at uk.ac.sheffield.com1003.cafe.ingredients.Coffee.&lt;init&gt;(Coffee.java:10)
	at uk.ac.sheffield.com1003.cafe.ingredients.Coffee.&lt;init&gt;(Coffee.java:10)
	at uk.ac.sheffield.com1003.cafe.ingredients.Coffee.&lt;init&gt;(Coffee.java:10)
	at uk.ac.sheffield.com1003.cafe.ingredients.Coffee.&lt;init&gt;(Coffee.java:10)
	at uk.ac.sheffield.com1003.cafe.ingredients.Coffee.&lt;init&gt;(Coffee.java:10)
	at uk.ac.sheffield.com1003.cafe.ingredients.Coffee.&lt;init&gt;(Coffee.java:10)
	at uk.ac.sheffield.com1003.cafe.ingredients.Coffee.&lt;init&gt;(Coffee.java:10)
	at uk.ac.sheffield.com1003.cafe.ingredients.Coffee.&lt;init&gt;(Coffee.java:10)
	at uk.ac.sheffield.com1003.cafe.ingredients.Coffee.&lt;init&gt;(Coffee.java:10)
	at uk.ac.sheffield.com1003.cafe.ingredients.Coffee.&lt;init&gt;(Coffee.java:10)
	at uk.ac.sheffield.com1003.cafe.ingredients.Coffee.&lt;init&gt;(Coffee.java:10)
	at uk.ac.sheffield.com1003.cafe.ingredients.Coffee.&lt;init&gt;(Coffee.java:10)
	at uk.ac.sheffield.com1003.cafe.ingredients.Coffee.&lt;init&gt;(Coffee.java:10)
	at uk.ac.sheffield.com1003.cafe.ingredients.Coffee.&lt;init&gt;(Coffee.java:10)
	at uk.ac.sheffield.com1003.cafe.ingredients.Coffee.&lt;init&gt;(Coffee.java:10)
	at uk.ac.sheffield.com1003.cafe.ingredients.Coffee.&lt;init&gt;(Coffee.java:10)
	at uk.ac.sheffield.com1003.cafe.ingredients.Coffee.&lt;init&gt;(Coffee.java:10)
	at uk.ac.sheffield.com1003.cafe.ingredients.Coffee.&lt;init&gt;(Coffee.java:10)
	at uk.ac.sheffield.com1003.cafe.ingredients.Coffee.&lt;init&gt;(Coffee.java:10)
	at uk.ac.sheffield.com1003.cafe.ingredients.Coffee.&lt;init&gt;(Coffee.java:10)
	at uk.ac.sheffield.com1003.cafe.ingredients.Coffee.&lt;init&gt;(Coffee.java:10)
	at uk.ac.sheffield.com1003.cafe.ingredients.Coffee.&lt;init&gt;(Coffee.java:10)
	at uk.ac.sheffield.com1003.cafe.ingredients.Coffee.&lt;init&gt;(Coffee.java:10)
	at uk.ac.sheffield.com1003.cafe.ingredients.Coffee.&lt;init&gt;(Coffee.java:10)
	at uk.ac.sheffield.com1003.cafe.ingredients.Coffee.&lt;init&gt;(Coffee.java:10)
	at uk.ac.sheffield.com1003.cafe.ingredients.Coffee.&lt;init&gt;(Coffee.java:10)
	at uk.ac.sheffield.com1003.cafe.ingredients.Coffee.&lt;init&gt;(Coffee.java:10)
	at uk.ac.sheffield.com1003.cafe.ingredients.Coffee.&lt;init&gt;(Coffee.java:10)
	at uk.ac.sheffield.com1003.cafe.ingredients.Coffee.&lt;init&gt;(Coffee.java:10)
	at uk.ac.sheffield.com1003.cafe.ingredients.Coffee.&lt;init&gt;(Coffee.java:10)
	at uk.ac.sheffield.com1003.cafe.ingredients.Coffee.&lt;init&gt;(Coffee.java:10)
	at uk.ac.sheffield.com1003.cafe.ingredients.Coffee.&lt;init&gt;(Coffee.java:10)
	at uk.ac.sheffield.com1003.cafe.ingredients.Coffee.&lt;init&gt;(Coffee.java:10)
	at uk.ac.sheffield.com1003.cafe.ingredients.Coffee.&lt;init&gt;(Coffee.java:10)
	at uk.ac.sheffield.com1003.cafe.ingredients.Coffee.&lt;init&gt;(Coffee.java:10)
	at uk.ac.sheffield.com1003.cafe.ingredients.Coffee.&lt;init&gt;(Coffee.java:10)
	at uk.ac.sheffield.com1003.cafe.ingredients.Coffee.&lt;init&gt;(Coffee.java:10)
	at uk.ac.sheffield.com1003.cafe.ingredients.Coffee.&lt;init&gt;(Coffee.java:10)
	at uk.ac.sheffield.com1003.cafe.ingredients.Coffee.&lt;init&gt;(Coffee.java:10)
	at uk.ac.sheffield.com1003.cafe.ingredients.Coffee.&lt;init&gt;(Coffee.java:10)
	at uk.ac.sheffield.com1003.cafe.ingredients.Coffee.&lt;init&gt;(Coffee.java:10)
	at uk.ac.sheffield.com1003.cafe.ingredients.Coffee.&lt;init&gt;(Coffee.java:10)
	at uk.ac.sheffield.com1003.cafe.ingredients.Coffee.&lt;init&gt;(Coffee.java:10)
	at uk.ac.sheffield.com1003.cafe.ingredients.Coffee.&lt;init&gt;(Coffee.java:10)
	at uk.ac.sheffield.com1003.cafe.ingredients.Coffee.&lt;init&gt;(Coffee.java:10)
	at uk.ac.sheffield.com1003.cafe.ingredients.Coffee.&lt;init&gt;(Coffee.java:10)
	at uk.ac.sheffield.com1003.cafe.ingredients.Coffee.&lt;init&gt;(Coffee.java:10)
	at uk.ac.sheffield.com1003.cafe.ingredients.Coffee.&lt;init&gt;(Coffee.java:10)
	at uk.ac.sheffield.com1003.cafe.ingredients.Coffee.&lt;init&gt;(Coffee.java:10)
	at uk.ac.sheffield.com1003.cafe.ingredients.Coffee.&lt;init&gt;(Coffee.java:10)
	at uk.ac.sheffield.com1003.cafe.ingredients.Coffee.&lt;init&gt;(Coffee.java:10)
	at uk.ac.sheffield.com1003.cafe.ingredients.Coffee.&lt;init&gt;(Coffee.java:10)
	at uk.ac.sheffield.com1003.cafe.ingredients.Coffee.&lt;init&gt;(Coffee.java:10)
	at uk.ac.sheffield.com1003.cafe.ingredients.Coffee.&lt;init&gt;(Coffee.java:10)
	at uk.ac.sheffield.com1003.cafe.ingredients.Coffee.&lt;init&gt;(Coffee.java:10)
	at uk.ac.sheffield.com1003.cafe.ingredients.Coffee.&lt;init&gt;(Coffee.java:10)
	at uk.ac.sheffield.com1003.cafe.ingredients.Coffee.&lt;init&gt;(Coffee.java:10)
	at uk.ac.sheffield.com1003.cafe.ingredients.Coffee.&lt;init&gt;(Coffee.java:10)
	at uk.ac.sheffield.com1003.cafe.ingredients.Coffee.&lt;init&gt;(Coffee.java:10)
	at uk.ac.sheffield.com1003.cafe.ingredients.Coffee.&lt;init&gt;(Coffee.java:10)
	at uk.ac.sheffield.com1003.cafe.ingredients.Coffee.&lt;init&gt;(Coffee.java:10)
	at uk.ac.sheffield.com1003.cafe.ingredients.Coffee.&lt;init&gt;(Coffee.java:10)
	at uk.ac.sheffield.com1003.cafe.ingredients.Coffee.&lt;init&gt;(Coffee.java:10)
	at uk.ac.sheffield.com1003.cafe.ingredients.Coffee.&lt;init&gt;(Coffee.java:10)
	at uk.ac.sheffield.com1003.cafe.ingredients.Coffee.&lt;init&gt;(Coffee.java:10)
	at uk.ac.sheffield.com1003.cafe.ingredients.Coffee.&lt;init&gt;(Coffee.java:10)
	at uk.ac.sheffield.com1003.cafe.ingredients.Coffee.&lt;init&gt;(Coffee.java:10)
	at uk.ac.sheffield.com1003.cafe.ingredients.Coffee.&lt;init&gt;(Coffee.java:10)
	at uk.ac.sheffield.com1003.cafe.ingredients.Coffee.&lt;init&gt;(Coffee.java:10)
	at uk.ac.sheffield.com1003.cafe.ingredients.Coffee.&lt;init&gt;(Coffee.java:10)
	at uk.ac.sheffield.com1003.cafe.ingredients.Coffee.&lt;init&gt;(Coffee.java:10)
	at uk.ac.sheffield.com1003.cafe.ingredients.Coffee.&lt;init&gt;(Coffee.java:10)
	at uk.ac.sheffield.com1003.cafe.ingredients.Coffee.&lt;init&gt;(Coffee.java:10)
	at uk.ac.sheffield.com1003.cafe.ingredients.Coffee.&lt;init&gt;(Coffee.java:10)
	at uk.ac.sheffield.com1003.cafe.ingredients.Coffee.&lt;init&gt;(Coffee.java:10)
	at uk.ac.sheffield.com1003.cafe.ingredients.Coffee.&lt;init&gt;(Coffee.java:10)
	at uk.ac.sheffield.com1003.cafe.ingredients.Coffee.&lt;init&gt;(Coffee.java:10)
	at uk.ac.sheffield.com1003.cafe.ingredients.Coffee.&lt;init&gt;(Coffee.java:10)
	at uk.ac.sheffield.com1003.cafe.ingredients.Coffee.&lt;init&gt;(Coffee.java:10)
	at uk.ac.sheffield.com1003.cafe.ingredients.Coffee.&lt;init&gt;(Coffee.java:10)
	at uk.ac.sheffield.com1003.cafe.ingredients.Coffee.&lt;init&gt;(Coffee.java:10)
	at uk.ac.sheffield.com1003.cafe.ingredients.Coffee.&lt;init&gt;(Coffee.java:10)
	at uk.ac.sheffield.com1003.cafe.ingredients.Coffee.&lt;init&gt;(Coffee.java:10)
	at uk.ac.sheffield.com1003.cafe.ingredients.Coffee.&lt;init&gt;(Coffee.java:10)
	at uk.ac.sheffield.com1003.cafe.ingredients.Coffee.&lt;init&gt;(Coffee.java:10)
	at uk.ac.sheffield.com1003.cafe.ingredients.Coffee.&lt;init&gt;(Coffee.java:10)
	at uk.ac.sheffield.com1003.cafe.ingredients.Coffee.&lt;init&gt;(Coffee.java:10)
	at uk.ac.sheffield.com1003.cafe.ingredients.Coffee.&lt;init&gt;(Coffee.java:10)
	at uk.ac.sheffield.com1003.cafe.ingredients.Coffee.&lt;init&gt;(Coffee.java:10)
	at uk.ac.sheffield.com1003.cafe.ingredients.Coffee.&lt;init&gt;(Coffee.java:10)
	at uk.ac.sheffield.com1003.cafe.ingredients.Coffee.&lt;init&gt;(Coffee.java:10)
	at uk.ac.sheffield.com1003.cafe.ingredients.Coffee.&lt;init&gt;(Coffee.java:10)
	at uk.ac.sheffield.com1003.cafe.ingredients.Coffee.&lt;init&gt;(Coffee.java:10)
	at uk.ac.sheffield.com1003.cafe.ingredients.Coffee.&lt;init&gt;(Coffee.java:10)
	at uk.ac.sheffield.com1003.cafe.ingredients.Coffee.&lt;init&gt;(Coffee.java:10)
	at uk.ac.sheffield.com1003.cafe.ingredients.Coffee.&lt;init&gt;(Coffee.java:10)
	at uk.ac.sheffield.com1003.cafe.ingredients.Coffee.&lt;init&gt;(Coffee.java:10)
	at uk.ac.sheffield.com1003.cafe.ingredients.Coffee.&lt;init&gt;(Coffee.java:10)
	at uk.ac.sheffield.com1003.cafe.ingredients.Coffee.&lt;init&gt;(Coffee.java:10)
	at uk.ac.sheffield.com1003.cafe.ingredients.Coffee.&lt;init&gt;(Coffee.java:10)
	at uk.ac.sheffield.com1003.cafe.ingredients.Coffee.&lt;init&gt;(Coffee.java:10)
	at uk.ac.sheffield.com1003.cafe.ingredients.Coffee.&lt;init&gt;(Coffee.java:10)
	at uk.ac.sheffield.com1003.cafe.ingredients.Coffee.&lt;init&gt;(Coffee.java:10)
	at uk.ac.sheffield.com1003.cafe.ingredients.Coffee.&lt;init&gt;(Coffee.java:10)
	at uk.ac.sheffield.com1003.cafe.ingredients.Coffee.&lt;init&gt;(Coffee.java:10)
	at uk.ac.sheffield.com1003.cafe.ingredients.Coffee.&lt;init&gt;(Coffee.java:10)
	at uk.ac.sheffield.com1003.cafe.ingredients.Coffee.&lt;init&gt;(Coffee.java:10)
	at uk.ac.sheffield.com1003.cafe.ingredients.Coffee.&lt;init&gt;(Coffee.java:10)
	at uk.ac.sheffield.com1003.cafe.ingredients.Coffee.&lt;init&gt;(Coffee.java:10)
	at uk.ac.sheffield.com1003.cafe.ingredients.Coffee.&lt;init&gt;(Coffee.java:10)
	at uk.ac.sheffield.com1003.cafe.ingredients.Coffee.&lt;init&gt;(Coffee.java:10)
	at uk.ac.sheffield.com1003.cafe.ingredients.Coffee.&lt;init&gt;(Coffee.java:10)
	at uk.ac.sheffield.com1003.cafe.ingredients.Coffee.&lt;init&gt;(Coffee.java:10)
	at uk.ac.sheffield.com1003.cafe.ingredients.Coffee.&lt;init&gt;(Coffee.java:10)
	at uk.ac.sheffield.com1003.cafe.ingredients.Coffee.&lt;init&gt;(Coffee.java:10)
	at uk.ac.sheffield.com1003.cafe.ingredients.Coffee.&lt;init&gt;(Coffee.java:10)
	at uk.ac.sheffield.com1003.cafe.ingredients.Coffee.&lt;init&gt;(Coffee.java:10)
	at uk.ac.sheffield.com1003.cafe.ingredients.Coffee.&lt;init&gt;(Coffee.java:10)
	at uk.ac.sheffield.com1003.cafe.ingredients.Coffee.&lt;init&gt;(Coffee.java:10)
	at uk.ac.sheffield.com1003.cafe.ingredients.Coffee.&lt;init&gt;(Coffee.java:10)
	at uk.ac.sheffield.com1003.cafe.ingredients.Coffee.&lt;init&gt;(Coffee.java:10)
	at uk.ac.sheffield.com1003.cafe.ingredients.Coffee.&lt;init&gt;(Coffee.java:10)
	at uk.ac.sheffield.com1003.cafe.ingredients.Coffee.&lt;init&gt;(Coffee.java:10)
	at uk.ac.sheffield.com1003.cafe.ingredients.Coffee.&lt;init&gt;(Coffee.java:10)
	at uk.ac.sheffield.com1003.cafe.ingredients.Coffee.&lt;init&gt;(Coffee.java:10)
	at uk.ac.sheffield.com1003.cafe.ingredients.Coffee.&lt;init&gt;(Coffee.java:10)
	at uk.ac.sheffield.com1003.cafe.ingredients.Coffee.&lt;init&gt;(Coffee.java:10)
	at uk.ac.sheffield.com1003.cafe.ingredients.Coffee.&lt;init&gt;(Coffee.java:10)
	at uk.ac.sheffield.com1003.cafe.ingredients.Coffee.&lt;init&gt;(Coffee.java:10)
	at uk.ac.sheffield.com1003.cafe.ingredients.Coffee.&lt;init&gt;(Coffee.java:10)
	at uk.ac.sheffield.com1003.cafe.ingredients.Coffee.&lt;init&gt;(Coffee.java:10)
	at uk.ac.sheffield.com1003.cafe.ingredients.Coffee.&lt;init&gt;(Coffee.java:10)
	at uk.ac.sheffield.com1003.cafe.ingredients.Coffee.&lt;init&gt;(Coffee.java:10)
	at uk.ac.sheffield.com1003.cafe.ingredients.Coffee.&lt;init&gt;(Coffee.java:10)
	at uk.ac.sheffield.com1003.cafe.ingredients.Coffee.&lt;init&gt;(Coffee.java:10)
	at uk.ac.sheffield.com1003.cafe.ingredients.Coffee.&lt;init&gt;(Coffee.java:10)
	at uk.ac.sheffield.com1003.cafe.ingredients.Coffee.&lt;init&gt;(Coffee.java:10)
	at uk.ac.sheffield.com1003.cafe.ingredients.Coffee.&lt;init&gt;(Coffee.java:10)
	at uk.ac.sheffield.com1003.cafe.ingredients.Coffee.&lt;init&gt;(Coffee.java:10)
	at uk.ac.sheffield.com1003.cafe.ingredients.Coffee.&lt;init&gt;(Coffee.java:10)
	at uk.ac.sheffield.com1003.cafe.ingredients.Coffee.&lt;init&gt;(Coffee.java:10)
	at uk.ac.sheffield.com1003.cafe.ingredients.Coffee.&lt;init&gt;(Coffee.java:10)
	at uk.ac.sheffield.com1003.cafe.ingredients.Coffee.&lt;init&gt;(Coffee.java:10)
	at uk.ac.sheffield.com1003.cafe.ingredients.Coffee.&lt;init&gt;(Coffee.java:10)
	at uk.ac.sheffield.com1003.cafe.ingredients.Coffee.&lt;init&gt;(Coffee.java:10)
	at uk.ac.sheffield.com1003.cafe.ingredients.Coffee.&lt;init&gt;(Coffee.java:10)
	at uk.ac.sheffield.com1003.cafe.ingredients.Coffee.&lt;init&gt;(Coffee.java:10)
	at uk.ac.sheffield.com1003.cafe.ingredients.Coffee.&lt;init&gt;(Coffee.java:10)
	at uk.ac.sheffield.com1003.cafe.ingredients.Coffee.&lt;init&gt;(Coffee.java:10)
	at uk.ac.sheffield.com1003.cafe.ingredients.Coffee.&lt;init&gt;(Coffee.java:10)
	at uk.ac.sheffield.com1003.cafe.ingredients.Coffee.&lt;init&gt;(Coffee.java:10)
	at uk.ac.sheffield.com1003.cafe.ingredients.Coffee.&lt;init&gt;(Coffee.java:10)
	at uk.ac.sheffield.com1003.cafe.ingredients.Coffee.&lt;init&gt;(Coffee.java:10)
	at uk.ac.sheffield.com1003.cafe.ingredients.Coffee.&lt;init&gt;(Coffee.java:10)
	at uk.ac.sheffield.com1003.cafe.ingredients.Coffee.&lt;init&gt;(Coffee.java:10)
	at uk.ac.sheffield.com1003.cafe.ingredients.Coffee.&lt;init&gt;(Coffee.java:10)
	at uk.ac.sheffield.com1003.cafe.ingredients.Coffee.&lt;init&gt;(Coffee.java:10)
	at uk.ac.sheffield.com1003.cafe.ingredients.Coffee.&lt;init&gt;(Coffee.java:10)
	at uk.ac.sheffield.com1003.cafe.ingredients.Coffee.&lt;init&gt;(Coffee.java:10)
	at uk.ac.sheffield.com1003.cafe.ingredients.Coffee.&lt;init&gt;(Coffee.java:10)
	at uk.ac.sheffield.com1003.cafe.ingredients.Coffee.&lt;init&gt;(Coffee.java:10)
	at uk.ac.sheffield.com1003.cafe.ingredients.Coffee.&lt;init&gt;(Coffee.java:10)
	at uk.ac.sheffield.com1003.cafe.ingredients.Coffee.&lt;init&gt;(Coffee.java:10)
	at uk.ac.sheffield.com1003.cafe.ingredients.Coffee.&lt;init&gt;(Coffee.java:10)
	at uk.ac.sheffield.com1003.cafe.ingredients.Coffee.&lt;init&gt;(Coffee.java:10)
	at uk.ac.sheffield.com1003.cafe.ingredients.Coffee.&lt;init&gt;(Coffee.java:10)
	at uk.ac.sheffield.com1003.cafe.ingredients.Coffee.&lt;init&gt;(Coffee.java:10)
	at uk.ac.sheffield.com1003.cafe.ingredients.Coffee.&lt;init&gt;(Coffee.java:10)
	at uk.ac.sheffield.com1003.cafe.ingredients.Coffee.&lt;init&gt;(Coffee.java:10)
	at uk.ac.sheffield.com1003.cafe.ingredients.Coffee.&lt;init&gt;(Coffee.java:10)
	at uk.ac.sheffield.com1003.cafe.ingredients.Coffee.&lt;init&gt;(Coffee.java:10)
	at uk.ac.sheffield.com1003.cafe.ingredients.Coffee.&lt;init&gt;(Coffee.java:10)
	at uk.ac.sheffield.com1003.cafe.ingredients.Coffee.&lt;init&gt;(Coffee.java:10)
	at uk.ac.sheffield.com1003.cafe.ingredients.Coffee.&lt;init&gt;(Coffee.java:10)
	at uk.ac.sheffield.com1003.cafe.ingredients.Coffee.&lt;init&gt;(Coffee.java:10)
	at uk.ac.sheffield.com1003.cafe.ingredients.Coffee.&lt;init&gt;(Coffee.java:10)
	at uk.ac.sheffield.com1003.cafe.ingredients.Coffee.&lt;init&gt;(Coffee.java:10)
	at uk.ac.sheffield.com1003.cafe.ingredients.Coffee.&lt;init&gt;(Coffee.java:10)
	at uk.ac.sheffield.com1003.cafe.ingredients.Coffee.&lt;init&gt;(Coffee.java:10)
	at uk.ac.sheffield.com1003.cafe.ingredients.Coffee.&lt;init&gt;(Coffee.java:10)
	at uk.ac.sheffield.com1003.cafe.ingredients.Coffee.&lt;init&gt;(Coffee.java:10)
	at uk.ac.sheffield.com1003.cafe.ingredients.Coffee.&lt;init&gt;(Coffee.java:10)
	at uk.ac.sheffield.com1003.cafe.ingredients.Coffee.&lt;init&gt;(Coffee.java:10)
	at uk.ac.sheffield.com1003.cafe.ingredients.Coffee.&lt;init&gt;(Coffee.java:10)
	at uk.ac.sheffield.com1003.cafe.ingredients.Coffee.&lt;init&gt;(Coffee.java:10)
	at uk.ac.sheffield.com1003.cafe.ingredients.Coffee.&lt;init&gt;(Coffee.java:10)
	at uk.ac.sheffield.com1003.cafe.ingredients.Coffee.&lt;init&gt;(Coffee.java:10)
	at uk.ac.sheffield.com1003.cafe.ingredients.Coffee.&lt;init&gt;(Coffee.java:10)
	at uk.ac.sheffield.com1003.cafe.ingredients.Coffee.&lt;init&gt;(Coffee.java:10)
	at uk.ac.sheffield.com1003.cafe.ingredients.Coffee.&lt;init&gt;(Coffee.java:10)
	at uk.ac.sheffield.com1003.cafe.ingredients.Coffee.&lt;init&gt;(Coffee.java:10)
	at uk.ac.sheffield.com1003.cafe.ingredients.Coffee.&lt;init&gt;(Coffee.java:10)
	at uk.ac.sheffield.com1003.cafe.ingredients.Coffee.&lt;init&gt;(Coffee.java:10)
	at uk.ac.sheffield.com1003.cafe.ingredients.Coffee.&lt;init&gt;(Coffee.java:10)
	at uk.ac.sheffield.com1003.cafe.ingredients.Coffee.&lt;init&gt;(Coffee.java:10)
	at uk.ac.sheffield.com1003.cafe.ingredients.Coffee.&lt;init&gt;(Coffee.java:10)
	at uk.ac.sheffield.com1003.cafe.ingredients.Coffee.&lt;init&gt;(Coffee.java:10)
	at uk.ac.sheffield.com1003.cafe.ingredients.Coffee.&lt;init&gt;(Coffee.java:10)
	at uk.ac.sheffield.com1003.cafe.ingredients.Coffee.&lt;init&gt;(Coffee.java:10)
	at uk.ac.sheffield.com1003.cafe.ingredients.Coffee.&lt;init&gt;(Coffee.java:10)
	at uk.ac.sheffield.com1003.cafe.ingredients.Coffee.&lt;init&gt;(Coffee.java:10)
	at uk.ac.sheffield.com1003.cafe.ingredients.Coffee.&lt;init&gt;(Coffee.java:10)
	at uk.ac.sheffield.com1003.cafe.ingredients.Coffee.&lt;init&gt;(Coffee.java:10)
	at uk.ac.sheffield.com1003.cafe.ingredients.Coffee.&lt;init&gt;(Coffee.java:10)
	at uk.ac.sheffield.com1003.cafe.ingredients.Coffee.&lt;init&gt;(Coffee.java:10)
	at uk.ac.sheffield.com1003.cafe.ingredients.Coffee.&lt;init&gt;(Coffee.java:10)
	at uk.ac.sheffield.com1003.cafe.ingredients.Coffee.&lt;init&gt;(Coffee.java:10)
	at uk.ac.sheffield.com1003.cafe.ingredients.Coffee.&lt;init&gt;(Coffee.java:10)
	at uk.ac.sheffield.com1003.cafe.ingredients.Coffee.&lt;init&gt;(Coffee.java:10)
	at uk.ac.sheffield.com1003.cafe.ingredients.Coffee.&lt;init&gt;(Coffee.java:10)
	at uk.ac.sheffield.com1003.cafe.ingredients.Coffee.&lt;init&gt;(Coffee.java:10)
	at uk.ac.sheffield.com1003.cafe.ingredients.Coffee.&lt;init&gt;(Coffee.java:10)
	at uk.ac.sheffield.com1003.cafe.ingredients.Coffee.&lt;init&gt;(Coffee.java:10)
	at uk.ac.sheffield.com1003.cafe.ingredients.Coffee.&lt;init&gt;(Coffee.java:10)
	at uk.ac.sheffield.com1003.cafe.ingredients.Coffee.&lt;init&gt;(Coffee.java:10)
	at uk.ac.sheffield.com1003.cafe.ingredients.Coffee.&lt;init&gt;(Coffee.java:10)
	at uk.ac.sheffield.com1003.cafe.ingredients.Coffee.&lt;init&gt;(Coffee.java:10)
	at uk.ac.sheffield.com1003.cafe.ingredients.Coffee.&lt;init&gt;(Coffee.java:10)
	at uk.ac.sheffield.com1003.cafe.ingredients.Coffee.&lt;init&gt;(Coffee.java:10)
	at uk.ac.sheffield.com1003.cafe.ingredients.Coffee.&lt;init&gt;(Coffee.java:10)
	at uk.ac.sheffield.com1003.cafe.ingredients.Coffee.&lt;init&gt;(Coffee.java:10)
	at uk.ac.sheffield.com1003.cafe.ingredients.Coffee.&lt;init&gt;(Coffee.java:10)
	at uk.ac.sheffield.com1003.cafe.ingredients.Coffee.&lt;init&gt;(Coffee.java:10)
	at uk.ac.sheffield.com1003.cafe.ingredients.Coffee.&lt;init&gt;(Coffee.java:10)
	at uk.ac.sheffield.com1003.cafe.ingredients.Coffee.&lt;init&gt;(Coffee.java:10)
	at uk.ac.sheffield.com1003.cafe.ingredients.Coffee.&lt;init&gt;(Coffee.java:10)
	at uk.ac.sheffield.com1003.cafe.ingredients.Coffee.&lt;init&gt;(Coffee.java:10)
	at uk.ac.sheffield.com1003.cafe.ingredients.Coffee.&lt;init&gt;(Coffee.java:10)
	at uk.ac.sheffield.com1003.cafe.ingredients.Coffee.&lt;init&gt;(Coffee.java:10)
	at uk.ac.sheffield.com1003.cafe.ingredients.Coffee.&lt;init&gt;(Coffee.java:10)
	at uk.ac.sheffield.com1003.cafe.ingredients.Coffee.&lt;init&gt;(Coffee.java:10)
	at uk.ac.sheffield.com1003.cafe.ingredients.Coffee.&lt;init&gt;(Coffee.java:10)
	at uk.ac.sheffield.com1003.cafe.ingredients.Coffee.&lt;init&gt;(Coffee.java:10)
	at uk.ac.sheffield.com1003.cafe.ingredients.Coffee.&lt;init&gt;(Coffee.java:10)
	at uk.ac.sheffield.com1003.cafe.ingredients.Coffee.&lt;init&gt;(Coffee.java:10)
	at uk.ac.sheffield.com1003.cafe.ingredients.Coffee.&lt;init&gt;(Coffee.java:10)
	at uk.ac.sheffield.com1003.cafe.ingredients.Coffee.&lt;init&gt;(Coffee.java:10)
	at uk.ac.sheffield.com1003.cafe.ingredients.Coffee.&lt;init&gt;(Coffee.java:10)
	at uk.ac.sheffield.com1003.cafe.ingredients.Coffee.&lt;init&gt;(Coffee.java:10)
	at uk.ac.sheffield.com1003.cafe.ingredients.Coffee.&lt;init&gt;(Coffee.java:10)
	at uk.ac.sheffield.com1003.cafe.ingredients.Coffee.&lt;init&gt;(Coffee.java:10)
	at uk.ac.sheffield.com1003.cafe.ingredients.Coffee.&lt;init&gt;(Coffee.java:10)
	at uk.ac.sheffield.com1003.cafe.ingredients.Coffee.&lt;init&gt;(Coffee.java:10)
	at uk.ac.sheffield.com1003.cafe.ingredients.Coffee.&lt;init&gt;(Coffee.java:10)
	at uk.ac.sheffield.com1003.cafe.ingredients.Coffee.&lt;init&gt;(Coffee.java:10)
	at uk.ac.sheffield.com1003.cafe.ingredients.Coffee.&lt;init&gt;(Coffee.java:10)
	at uk.ac.sheffield.com1003.cafe.ingredients.Coffee.&lt;init&gt;(Coffee.java:10)
	at uk.ac.sheffield.com1003.cafe.ingredients.Coffee.&lt;init&gt;(Coffee.java:10)
	at uk.ac.sheffield.com1003.cafe.ingredients.Coffee.&lt;init&gt;(Coffee.java:10)
	at uk.ac.sheffield.com1003.cafe.ingredients.Coffee.&lt;init&gt;(Coffee.java:10)
	at uk.ac.sheffield.com1003.cafe.ingredients.Coffee.&lt;init&gt;(Coffee.java:10)
	at uk.ac.sheffield.com1003.cafe.ingredients.Coffee.&lt;init&gt;(Coffee.java:10)
	at uk.ac.sheffield.com1003.cafe.ingredients.Coffee.&lt;init&gt;(Coffee.java:10)
	at uk.ac.sheffield.com1003.cafe.ingredients.Coffee.&lt;init&gt;(Coffee.java:10)
	at uk.ac.sheffield.com1003.cafe.ingredients.Coffee.&lt;init&gt;(Coffee.java:10)
	at uk.ac.sheffield.com1003.cafe.ingredients.Coffee.&lt;init&gt;(Coffee.java:10)
	at uk.ac.sheffield.com1003.cafe.ingredients.Coffee.&lt;init&gt;(Coffee.java:10)
	at uk.ac.sheffield.com1003.cafe.ingredients.Coffee.&lt;init&gt;(Coffee.java:10)
	at uk.ac.sheffield.com1003.cafe.ingredients.Coffee.&lt;init&gt;(Coffee.java:10)
	at uk.ac.sheffield.com1003.cafe.ingredients.Coffee.&lt;init&gt;(Coffee.java:10)
	at uk.ac.sheffield.com1003.cafe.ingredients.Coffee.&lt;init&gt;(Coffee.java:10)
	at uk.ac.sheffield.com1003.cafe.ingredients.Coffee.&lt;init&gt;(Coffee.java:10)
	at uk.ac.sheffield.com1003.cafe.ingredients.Coffee.&lt;init&gt;(Coffee.java:10)
	at uk.ac.sheffield.com1003.cafe.ingredients.Coffee.&lt;init&gt;(Coffee.java:10)
	at uk.ac.sheffield.com1003.cafe.ingredients.Coffee.&lt;init&gt;(Coffee.java:10)
	at uk.ac.sheffield.com1003.cafe.ingredients.Coffee.&lt;init&gt;(Coffee.java:10)
	at uk.ac.sheffield.com1003.cafe.ingredients.Coffee.&lt;init&gt;(Coffee.java:10)
	at uk.ac.sheffield.com1003.cafe.ingredients.Coffee.&lt;init&gt;(Coffee.java:10)
	at uk.ac.sheffield.com1003.cafe.ingredients.Coffee.&lt;init&gt;(Coffee.java:10)
	at uk.ac.sheffield.com1003.cafe.ingredients.Coffee.&lt;init&gt;(Coffee.java:10)
	at uk.ac.sheffield.com1003.cafe.ingredients.Coffee.&lt;init&gt;(Coffee.java:10)
	at uk.ac.sheffield.com1003.cafe.ingredients.Coffee.&lt;init&gt;(Coffee.java:10)
	at uk.ac.sheffield.com1003.cafe.ingredients.Coffee.&lt;init&gt;(Coffee.java:10)
	at uk.ac.sheffield.com1003.cafe.ingredients.Coffee.&lt;init&gt;(Coffee.java:10)
	at uk.ac.sheffield.com1003.cafe.ingredients.Coffee.&lt;init&gt;(Coffee.java:10)
	at uk.ac.sheffield.com1003.cafe.ingredients.Coffee.&lt;init&gt;(Coffee.java:10)
	at uk.ac.sheffield.com1003.cafe.ingredients.Coffee.&lt;init&gt;(Coffee.java:10)
	at uk.ac.sheffield.com1003.cafe.ingredients.Coffee.&lt;init&gt;(Coffee.java:10)
	at uk.ac.sheffield.com1003.cafe.ingredients.Coffee.&lt;init&gt;(Coffee.java:10)
	at uk.ac.sheffield.com1003.cafe.ingredients.Coffee.&lt;init&gt;(Coffee.java:10)
	at uk.ac.sheffield.com1003.cafe.ingredients.Coffee.&lt;init&gt;(Coffee.java:10)
	at uk.ac.sheffield.com1003.cafe.ingredients.Coffee.&lt;init&gt;(Coffee.java:10)
	at uk.ac.sheffield.com1003.cafe.ingredients.Coffee.&lt;init&gt;(Coffee.java:10)
	at uk.ac.sheffield.com1003.cafe.ingredients.Coffee.&lt;init&gt;(Coffee.java:10)
	at uk.ac.sheffield.com1003.cafe.ingredients.Coffee.&lt;init&gt;(Coffee.java:10)
	at uk.ac.sheffield.com1003.cafe.ingredients.Coffee.&lt;init&gt;(Coffee.java:10)
	at uk.ac.sheffield.com1003.cafe.ingredients.Coffee.&lt;init&gt;(Coffee.java:10)
	at uk.ac.sheffield.com1003.cafe.ingredients.Coffee.&lt;init&gt;(Coffee.java:10)
	at uk.ac.sheffield.com1003.cafe.ingredients.Coffee.&lt;init&gt;(Coffee.java:10)
	at uk.ac.sheffield.com1003.cafe.ingredients.Coffee.&lt;init&gt;(Coffee.java:10)
	at uk.ac.sheffield.com1003.cafe.ingredients.Coffee.&lt;init&gt;(Coffee.java:10)
	at uk.ac.sheffield.com1003.cafe.ingredients.Coffee.&lt;init&gt;(Coffee.java:10)
	at uk.ac.sheffield.com1003.cafe.ingredients.Coffee.&lt;init&gt;(Coffee.java:10)
	at uk.ac.sheffield.com1003.cafe.ingredients.Coffee.&lt;init&gt;(Coffee.java:10)
	at uk.ac.sheffield.com1003.cafe.ingredients.Coffee.&lt;init&gt;(Coffee.java:10)
	at uk.ac.sheffield.com1003.cafe.ingredients.Coffee.&lt;init&gt;(Coffee.java:10)
	at uk.ac.sheffield.com1003.cafe.ingredients.Coffee.&lt;init&gt;(Coffee.java:10)
	at uk.ac.sheffield.com1003.cafe.ingredients.Coffee.&lt;init&gt;(Coffee.java:10)
	at uk.ac.sheffield.com1003.cafe.ingredients.Coffee.&lt;init&gt;(Coffee.java:10)
	at uk.ac.sheffield.com1003.cafe.ingredients.Coffee.&lt;init&gt;(Coffee.java:10)
	at uk.ac.sheffield.com1003.cafe.ingredients.Coffee.&lt;init&gt;(Coffee.java:10)
	at uk.ac.sheffield.com1003.cafe.ingredients.Coffee.&lt;init&gt;(Coffee.java:10)
	at uk.ac.sheffield.com1003.cafe.ingredients.Coffee.&lt;init&gt;(Coffee.java:10)
	at uk.ac.sheffield.com1003.cafe.ingredients.Coffee.&lt;init&gt;(Coffee.java:10)
	at uk.ac.sheffield.com1003.cafe.ingredients.Coffee.&lt;init&gt;(Coffee.java:10)
	at uk.ac.sheffield.com1003.cafe.ingredients.Coffee.&lt;init&gt;(Coffee.java:10)
	at uk.ac.sheffield.com1003.cafe.ingredients.Coffee.&lt;init&gt;(Coffee.java:10)
	at uk.ac.sheffield.com1003.cafe.ingredients.Coffee.&lt;init&gt;(Coffee.java:10)
	at uk.ac.sheffield.com1003.cafe.ingredients.Coffee.&lt;init&gt;(Coffee.java:10)
	at uk.ac.sheffield.com1003.cafe.ingredients.Coffee.&lt;init&gt;(Coffee.java:10)
	at uk.ac.sheffield.com1003.cafe.ingredients.Coffee.&lt;init&gt;(Coffee.java:10)
	at uk.ac.sheffield.com1003.cafe.ingredients.Coffee.&lt;init&gt;(Coffee.java:10)
	at uk.ac.sheffield.com1003.cafe.ingredients.Coffee.&lt;init&gt;(Coffee.java:10)
	at uk.ac.sheffield.com1003.cafe.ingredients.Coffee.&lt;init&gt;(Coffee.java:10)
	at uk.ac.sheffield.com1003.cafe.ingredients.Coffee.&lt;init&gt;(Coffee.java:10)
	at uk.ac.sheffield.com1003.cafe.ingredients.Coffee.&lt;init&gt;(Coffee.java:10)
	at uk.ac.sheffield.com1003.cafe.ingredients.Coffee.&lt;init&gt;(Coffee.java:10)
	at uk.ac.sheffield.com1003.cafe.ingredients.Coffee.&lt;init&gt;(Coffee.java:10)
	at uk.ac.sheffield.com1003.cafe.ingredients.Coffee.&lt;init&gt;(Coffee.java:10)
	at uk.ac.sheffield.com1003.cafe.ingredients.Coffee.&lt;init&gt;(Coffee.java:10)
	at uk.ac.sheffield.com1003.cafe.ingredients.Coffee.&lt;init&gt;(Coffee.java:10)
	at uk.ac.sheffield.com1003.cafe.ingredients.Coffee.&lt;init&gt;(Coffee.java:10)
	at uk.ac.sheffield.com1003.cafe.ingredients.Coffee.&lt;init&gt;(Coffee.java:10)
	at uk.ac.sheffield.com1003.cafe.ingredients.Coffee.&lt;init&gt;(Coffee.java:10)
	at uk.ac.sheffield.com1003.cafe.ingredients.Coffee.&lt;init&gt;(Coffee.java:10)
	at uk.ac.sheffield.com1003.cafe.ingredients.Coffee.&lt;init&gt;(Coffee.java:10)
	at uk.ac.sheffield.com1003.cafe.ingredients.Coffee.&lt;init&gt;(Coffee.java:10)
	at uk.ac.sheffield.com1003.cafe.ingredients.Coffee.&lt;init&gt;(Coffee.java:10)
	at uk.ac.sheffield.com1003.cafe.ingredients.Coffee.&lt;init&gt;(Coffee.java:10)
	at uk.ac.sheffield.com1003.cafe.ingredients.Coffee.&lt;init&gt;(Coffee.java:10)
	at uk.ac.sheffield.com1003.cafe.ingredients.Coffee.&lt;init&gt;(Coffee.java:10)
	at uk.ac.sheffield.com1003.cafe.ingredients.Coffee.&lt;init&gt;(Coffee.java:10)
	at uk.ac.sheffield.com1003.cafe.ingredients.Coffee.&lt;init&gt;(Coffee.java:10)
	at uk.ac.sheffield.com1003.cafe.ingredients.Coffee.&lt;init&gt;(Coffee.java:10)
	at uk.ac.sheffield.com1003.cafe.ingredients.Coffee.&lt;init&gt;(Coffee.java:10)
	at uk.ac.sheffield.com1003.cafe.ingredients.Coffee.&lt;init&gt;(Coffee.java:10)
	at uk.ac.sheffield.com1003.cafe.ingredients.Coffee.&lt;init&gt;(Coffee.java:10)
	at uk.ac.sheffield.com1003.cafe.ingredients.Coffee.&lt;init&gt;(Coffee.java:10)
	at uk.ac.sheffield.com1003.cafe.ingredients.Coffee.&lt;init&gt;(Coffee.java:10)
	at uk.ac.sheffield.com1003.cafe.ingredients.Coffee.&lt;init&gt;(Coffee.java:10)
	at uk.ac.sheffield.com1003.cafe.ingredients.Coffee.&lt;init&gt;(Coffee.java:10)
	at uk.ac.sheffield.com1003.cafe.ingredients.Coffee.&lt;init&gt;(Coffee.java:10)
	at uk.ac.sheffield.com1003.cafe.ingredients.Coffee.&lt;init&gt;(Coffee.java:10)
	at uk.ac.sheffield.com1003.cafe.ingredients.Coffee.&lt;init&gt;(Coffee.java:10)
	at uk.ac.sheffield.com1003.cafe.ingredients.Coffee.&lt;init&gt;(Coffee.java:10)
	at uk.ac.sheffield.com1003.cafe.ingredients.Coffee.&lt;init&gt;(Coffee.java:10)
	at uk.ac.sheffield.com1003.cafe.ingredients.Coffee.&lt;init&gt;(Coffee.java:10)
	at uk.ac.sheffield.com1003.cafe.ingredients.Coffee.&lt;init&gt;(Coffee.java:10)
	at uk.ac.sheffield.com1003.cafe.ingredients.Coffee.&lt;init&gt;(Coffee.java:10)
	at uk.ac.sheffield.com1003.cafe.ingredients.Coffee.&lt;init&gt;(Coffee.java:10)
	at uk.ac.sheffield.com1003.cafe.ingredients.Coffee.&lt;init&gt;(Coffee.java:10)
	at uk.ac.sheffield.com1003.cafe.ingredients.Coffee.&lt;init&gt;(Coffee.java:10)
	at uk.ac.sheffield.com1003.cafe.ingredients.Coffee.&lt;init&gt;(Coffee.java:10)
	at uk.ac.sheffield.com1003.cafe.ingredients.Coffee.&lt;init&gt;(Coffee.java:10)
	at uk.ac.sheffield.com1003.cafe.ingredients.Coffee.&lt;init&gt;(Coffee.java:10)
	at uk.ac.sheffield.com1003.cafe.ingredients.Coffee.&lt;init&gt;(Coffee.java:10)
	at uk.ac.sheffield.com1003.cafe.ingredients.Coffee.&lt;init&gt;(Coffee.java:10)
	at uk.ac.sheffield.com1003.cafe.ingredients.Coffee.&lt;init&gt;(Coffee.java:10)
	at uk.ac.sheffield.com1003.cafe.ingredients.Coffee.&lt;init&gt;(Coffee.java:10)
	at uk.ac.sheffield.com1003.cafe.ingredients.Coffee.&lt;init&gt;(Coffee.java:10)
	at uk.ac.sheffield.com1003.cafe.ingredients.Coffee.&lt;init&gt;(Coffee.java:10)
	at uk.ac.sheffield.com1003.cafe.ingredients.Coffee.&lt;init&gt;(Coffee.java:10)
	at uk.ac.sheffield.com1003.cafe.ingredients.Coffee.&lt;init&gt;(Coffee.java:10)
	at uk.ac.sheffield.com1003.cafe.ingredients.Coffee.&lt;init&gt;(Coffee.java:10)
	at uk.ac.sheffield.com1003.cafe.ingredients.Coffee.&lt;init&gt;(Coffee.java:10)
	at uk.ac.sheffield.com1003.cafe.ingredients.Coffee.&lt;init&gt;(Coffee.java:10)
	at uk.ac.sheffield.com1003.cafe.ingredients.Coffee.&lt;init&gt;(Coffee.java:10)
	at uk.ac.sheffield.com1003.cafe.ingredients.Coffee.&lt;init&gt;(Coffee.java:10)
	at uk.ac.sheffield.com1003.cafe.ingredients.Coffee.&lt;init&gt;(Coffee.java:10)
	at uk.ac.sheffield.com1003.cafe.ingredients.Coffee.&lt;init&gt;(Coffee.java:10)
	at uk.ac.sheffield.com1003.cafe.ingredients.Coffee.&lt;init&gt;(Coffee.java:10)
	at uk.ac.sheffield.com1003.cafe.ingredients.Coffee.&lt;init&gt;(Coffee.java:10)
	at uk.ac.sheffield.com1003.cafe.ingredients.Coffee.&lt;init&gt;(Coffee.java:10)
	at uk.ac.sheffield.com1003.cafe.ingredients.Coffee.&lt;init&gt;(Coffee.java:10)
	at uk.ac.sheffield.com1003.cafe.ingredients.Coffee.&lt;init&gt;(Coffee.java:10)
	at uk.ac.sheffield.com1003.cafe.ingredients.Coffee.&lt;init&gt;(Coffee.java:10)
	at uk.ac.sheffield.com1003.cafe.ingredients.Coffee.&lt;init&gt;(Coffee.java:10)
	at uk.ac.sheffield.com1003.cafe.ingredients.Coffee.&lt;init&gt;(Coffee.java:10)
	at uk.ac.sheffield.com1003.cafe.ingredients.Coffee.&lt;init&gt;(Coffee.java:10)
	at uk.ac.sheffield.com1003.cafe.ingredients.Coffee.&lt;init&gt;(Coffee.java:10)
	at uk.ac.sheffield.com1003.cafe.ingredients.Coffee.&lt;init&gt;(Coffee.java:10)
	at uk.ac.sheffield.com1003.cafe.ingredients.Coffee.&lt;init&gt;(Coffee.java:10)
	at uk.ac.sheffield.com1003.cafe.ingredients.Coffee.&lt;init&gt;(Coffee.java:10)
	at uk.ac.sheffield.com1003.cafe.ingredients.Coffee.&lt;init&gt;(Coffee.java:10)
	at uk.ac.sheffield.com1003.cafe.ingredients.Coffee.&lt;init&gt;(Coffee.java:10)
	at uk.ac.sheffield.com1003.cafe.ingredients.Coffee.&lt;init&gt;(Coffee.java:10)
	at uk.ac.sheffield.com1003.cafe.ingredients.Coffee.&lt;init&gt;(Coffee.java:10)
	at uk.ac.sheffield.com1003.cafe.ingredients.Coffee.&lt;init&gt;(Coffee.java:10)
	at uk.ac.sheffield.com1003.cafe.ingredients.Coffee.&lt;init&gt;(Coffee.java:10)
	at uk.ac.sheffield.com1003.cafe.ingredients.Coffee.&lt;init&gt;(Coffee.java:10)
	at uk.ac.sheffield.com1003.cafe.ingredients.Coffee.&lt;init&gt;(Coffee.java:10)
	at uk.ac.sheffield.com1003.cafe.ingredients.Coffee.&lt;init&gt;(Coffee.java:10)
	at uk.ac.sheffield.com1003.cafe.ingredients.Coffee.&lt;init&gt;(Coffee.java:10)
	at uk.ac.sheffield.com1003.cafe.ingredients.Coffee.&lt;init&gt;(Coffee.java:10)
	at uk.ac.sheffield.com1003.cafe.ingredients.Coffee.&lt;init&gt;(Coffee.java:10)
	at uk.ac.sheffield.com1003.cafe.ingredients.Coffee.&lt;init&gt;(Coffee.java:10)
	at uk.ac.sheffield.com1003.cafe.ingredients.Coffee.&lt;init&gt;(Coffee.java:10)
	at uk.ac.sheffield.com1003.cafe.ingredients.Coffee.&lt;init&gt;(Coffee.java:10)
	at uk.ac.sheffield.com1003.cafe.ingredients.Coffee.&lt;init&gt;(Coffee.java:10)
	at uk.ac.sheffield.com1003.cafe.ingredients.Coffee.&lt;init&gt;(Coffee.java:10)
	at uk.ac.sheffield.com1003.cafe.ingredients.Coffee.&lt;init&gt;(Coffee.java:10)
	at uk.ac.sheffield.com1003.cafe.ingredients.Coffee.&lt;init&gt;(Coffee.java:10)
	at uk.ac.sheffield.com1003.cafe.ingredients.Coffee.&lt;init&gt;(Coffee.java:10)
	at uk.ac.sheffield.com1003.cafe.ingredients.Coffee.&lt;init&gt;(Coffee.java:10)
	at uk.ac.sheffield.com1003.cafe.ingredients.Coffee.&lt;init&gt;(Coffee.java:10)
	at uk.ac.sheffield.com1003.cafe.ingredients.Coffee.&lt;init&gt;(Coffee.java:10)
	at uk.ac.sheffield.com1003.cafe.ingredients.Coffee.&lt;init&gt;(Coffee.java:10)
	at uk.ac.sheffield.com1003.cafe.ingredients.Coffee.&lt;init&gt;(Coffee.java:10)
	at uk.ac.sheffield.com1003.cafe.ingredients.Coffee.&lt;init&gt;(Coffee.java:10)
	at uk.ac.sheffield.com1003.cafe.ingredients.Coffee.&lt;init&gt;(Coffee.java:10)
	at uk.ac.sheffield.com1003.cafe.ingredients.Coffee.&lt;init&gt;(Coffee.java:10)
	at uk.ac.sheffield.com1003.cafe.ingredients.Coffee.&lt;init&gt;(Coffee.java:10)
	at uk.ac.sheffield.com1003.cafe.ingredients.Coffee.&lt;init&gt;(Coffee.java:10)
	at uk.ac.sheffield.com1003.cafe.ingredients.Coffee.&lt;init&gt;(Coffee.java:10)
	at uk.ac.sheffield.com1003.cafe.ingredients.Coffee.&lt;init&gt;(Coffee.java:10)
	at uk.ac.sheffield.com1003.cafe.ingredients.Coffee.&lt;init&gt;(Coffee.java:10)
	at uk.ac.sheffield.com1003.cafe.ingredients.Coffee.&lt;init&gt;(Coffee.java:10)
	at uk.ac.sheffield.com1003.cafe.ingredients.Coffee.&lt;init&gt;(Coffee.java:10)
	at uk.ac.sheffield.com1003.cafe.ingredients.Coffee.&lt;init&gt;(Coffee.java:10)
	at uk.ac.sheffield.com1003.cafe.ingredients.Coffee.&lt;init&gt;(Coffee.java:10)
	at uk.ac.sheffield.com1003.cafe.ingredients.Coffee.&lt;init&gt;(Coffee.java:10)
	at uk.ac.sheffield.com1003.cafe.ingredients.Coffee.&lt;init&gt;(Coffee.java:10)
	at uk.ac.sheffield.com1003.cafe.ingredients.Coffee.&lt;init&gt;(Coffee.java:10)
	at uk.ac.sheffield.com1003.cafe.ingredients.Coffee.&lt;init&gt;(Coffee.java:10)
	at uk.ac.sheffield.com1003.cafe.ingredients.Coffee.&lt;init&gt;(Coffee.java:10)
	at uk.ac.sheffield.com1003.cafe.ingredients.Coffee.&lt;init&gt;(Coffee.java:10)
	at uk.ac.sheffield.com1003.cafe.ingredients.Coffee.&lt;init&gt;(Coffee.java:10)
	at uk.ac.sheffield.com1003.cafe.ingredients.Coffee.&lt;init&gt;(Coffee.java:10)
	at uk.ac.sheffield.com1003.cafe.ingredients.Coffee.&lt;init&gt;(Coffee.java:10)
	at uk.ac.sheffield.com1003.cafe.ingredients.Coffee.&lt;init&gt;(Coffee.java:10)
	at uk.ac.sheffield.com1003.cafe.ingredients.Coffee.&lt;init&gt;(Coffee.java:10)
	at uk.ac.sheffield.com1003.cafe.ingredients.Coffee.&lt;init&gt;(Coffee.java:10)
	at uk.ac.sheffield.com1003.cafe.ingredients.Coffee.&lt;init&gt;(Coffee.java:10)
	at uk.ac.sheffield.com1003.cafe.ingredients.Coffee.&lt;init&gt;(Coffee.java:10)
	at uk.ac.sheffield.com1003.cafe.ingredients.Coffee.&lt;init&gt;(Coffee.java:10)
	at uk.ac.sheffield.com1003.cafe.ingredients.Coffee.&lt;init&gt;(Coffee.java:10)
	at uk.ac.sheffield.com1003.cafe.ingredients.Coffee.&lt;init&gt;(Coffee.java:10)
	at uk.ac.sheffield.com1003.cafe.ingredients.Coffee.&lt;init&gt;(Coffee.java:10)
	at uk.ac.sheffield.com1003.cafe.ingredients.Coffee.&lt;init&gt;(Coffee.java:10)
	at uk.ac.sheffield.com1003.cafe.ingredients.Coffee.&lt;init&gt;(Coffee.java:10)
	at uk.ac.sheffield.com1003.cafe.ingredients.Coffee.&lt;init&gt;(Coffee.java:10)
	at uk.ac.sheffield.com1003.cafe.ingredients.Coffee.&lt;init&gt;(Coffee.java:10)
	at uk.ac.sheffield.com1003.cafe.ingredients.Coffee.&lt;init&gt;(Coffee.java:10)
	at uk.ac.sheffield.com1003.cafe.ingredients.Coffee.&lt;init&gt;(Coffee.java:10)
	at uk.ac.sheffield.com1003.cafe.ingredients.Coffee.&lt;init&gt;(Coffee.java:10)
	at uk.ac.sheffield.com1003.cafe.ingredients.Coffee.&lt;init&gt;(Coffee.java:10)
	at uk.ac.sheffield.com1003.cafe.ingredients.Coffee.&lt;init&gt;(Coffee.java:10)
	at uk.ac.sheffield.com1003.cafe.ingredients.Coffee.&lt;init&gt;(Coffee.java:10)
	at uk.ac.sheffield.com1003.cafe.ingredients.Coffee.&lt;init&gt;(Coffee.java:10)
	at uk.ac.sheffield.com1003.cafe.ingredients.Coffee.&lt;init&gt;(Coffee.java:10)
	at uk.ac.sheffield.com1003.cafe.ingredients.Coffee.&lt;init&gt;(Coffee.java:10)
	at uk.ac.sheffield.com1003.cafe.ingredients.Coffee.&lt;init&gt;(Coffee.java:10)
	at uk.ac.sheffield.com1003.cafe.ingredients.Coffee.&lt;init&gt;(Coffee.java:10)
	at uk.ac.sheffield.com1003.cafe.ingredients.Coffee.&lt;init&gt;(Coffee.java:10)
	at uk.ac.sheffield.com1003.cafe.ingredients.Coffee.&lt;init&gt;(Coffee.java:10)
	at uk.ac.sheffield.com1003.cafe.ingredients.Coffee.&lt;init&gt;(Coffee.java:10)
	at uk.ac.sheffield.com1003.cafe.ingredients.Coffee.&lt;init&gt;(Coffee.java:10)
	at uk.ac.sheffield.com1003.cafe.ingredients.Coffee.&lt;init&gt;(Coffee.java:10)
	at uk.ac.sheffield.com1003.cafe.ingredients.Coffee.&lt;init&gt;(Coffee.java:10)
	at uk.ac.sheffield.com1003.cafe.ingredients.Coffee.&lt;init&gt;(Coffee.java:10)
	at uk.ac.sheffield.com1003.cafe.ingredients.Coffee.&lt;init&gt;(Coffee.java:10)
	at uk.ac.sheffield.com1003.cafe.ingredients.Coffee.&lt;init&gt;(Coffee.java:10)
	at uk.ac.sheffield.com1003.cafe.ingredients.Coffee.&lt;init&gt;(Coffee.java:10)
	at uk.ac.sheffield.com1003.cafe.ingredients.Coffee.&lt;init&gt;(Coffee.java:10)
	at uk.ac.sheffield.com1003.cafe.ingredients.Coffee.&lt;init&gt;(Coffee.java:10)
	at uk.ac.sheffield.com1003.cafe.ingredients.Coffee.&lt;init&gt;(Coffee.java:10)
	at uk.ac.sheffield.com1003.cafe.ingredients.Coffee.&lt;init&gt;(Coffee.java:10)
	at uk.ac.sheffield.com1003.cafe.ingredients.Coffee.&lt;init&gt;(Coffee.java:10)
	at uk.ac.sheffield.com1003.cafe.ingredients.Coffee.&lt;init&gt;(Coffee.java:10)
	at uk.ac.sheffield.com1003.cafe.ingredients.Coffee.&lt;init&gt;(Coffee.java:10)
	at uk.ac.sheffield.com1003.cafe.ingredients.Coffee.&lt;init&gt;(Coffee.java:10)
	at uk.ac.sheffield.com1003.cafe.ingredients.Coffee.&lt;init&gt;(Coffee.java:10)
	at uk.ac.sheffield.com1003.cafe.ingredients.Coffee.&lt;init&gt;(Coffee.java:10)
	at uk.ac.sheffield.com1003.cafe.ingredients.Coffee.&lt;init&gt;(Coffee.java:10)
	at uk.ac.sheffield.com1003.cafe.ingredients.Coffee.&lt;init&gt;(Coffee.java:10)
	at uk.ac.sheffield.com1003.cafe.ingredients.Coffee.&lt;init&gt;(Coffee.java:10)
	at uk.ac.sheffield.com1003.cafe.ingredients.Coffee.&lt;init&gt;(Coffee.java:10)
	at uk.ac.sheffield.com1003.cafe.ingredients.Coffee.&lt;init&gt;(Coffee.java:10)
	at uk.ac.sheffield.com1003.cafe.ingredients.Coffee.&lt;init&gt;(Coffee.java:10)
	at uk.ac.sheffield.com1003.cafe.ingredients.Coffee.&lt;init&gt;(Coffee.java:10)
	at uk.ac.sheffield.com1003.cafe.ingredients.Coffee.&lt;init&gt;(Coffee.java:10)
	at uk.ac.sheffield.com1003.cafe.ingredients.Coffee.&lt;init&gt;(Coffee.java:10)
	at uk.ac.sheffield.com1003.cafe.ingredients.Coffee.&lt;init&gt;(Coffee.java:10)
	at uk.ac.sheffield.com1003.cafe.ingredients.Coffee.&lt;init&gt;(Coffee.java:10)
	at uk.ac.sheffield.com1003.cafe.ingredients.Coffee.&lt;init&gt;(Coffee.java:10)
	at uk.ac.sheffield.com1003.cafe.ingredients.Coffee.&lt;init&gt;(Coffee.java:10)
	at uk.ac.sheffield.com1003.cafe.ingredients.Coffee.&lt;init&gt;(Coffee.java:10)
	at uk.ac.sheffield.com1003.cafe.ingredients.Coffee.&lt;init&gt;(Coffee.java:10)
	at uk.ac.sheffield.com1003.cafe.ingredients.Coffee.&lt;init&gt;(Coffee.java:10)
	at uk.ac.sheffield.com1003.cafe.ingredients.Coffee.&lt;init&gt;(Coffee.java:10)
	at uk.ac.sheffield.com1003.cafe.ingredients.Coffee.&lt;init&gt;(Coffee.java:10)
	at uk.ac.sheffield.com1003.cafe.ingredients.Coffee.&lt;init&gt;(Coffee.java:10)
	at uk.ac.sheffield.com1003.cafe.ingredients.Coffee.&lt;init&gt;(Coffee.java:10)
	at uk.ac.sheffield.com1003.cafe.ingredients.Coffee.&lt;init&gt;(Coffee.java:10)
	at uk.ac.sheffield.com1003.cafe.ingredients.Coffee.&lt;init&gt;(Coffee.java:10)
	at uk.ac.sheffield.com1003.cafe.ingredients.Coffee.&lt;init&gt;(Coffee.java:10)
	at uk.ac.sheffield.com1003.cafe.ingredients.Coffee.&lt;init&gt;(Coffee.java:10)
	at uk.ac.sheffield.com1003.cafe.ingredients.Coffee.&lt;init&gt;(Coffee.java:10)
	at uk.ac.sheffield.com1003.cafe.ingredients.Coffee.&lt;init&gt;(Coffee.java:10)
	at uk.ac.sheffield.com1003.cafe.ingredients.Coffee.&lt;init&gt;(Coffee.java:10)
	at uk.ac.sheffield.com1003.cafe.ingredients.Coffee.&lt;init&gt;(Coffee.java:10)
	at uk.ac.sheffield.com1003.cafe.ingredients.Coffee.&lt;init&gt;(Coffee.java:10)
	at uk.ac.sheffield.com1003.cafe.ingredients.Coffee.&lt;init&gt;(Coffee.java:10)
	at uk.ac.sheffield.com1003.cafe.ingredients.Coffee.&lt;init&gt;(Coffee.java:10)
	at uk.ac.sheffield.com1003.cafe.ingredients.Coffee.&lt;init&gt;(Coffee.java:10)
	at uk.ac.sheffield.com1003.cafe.ingredients.Coffee.&lt;init&gt;(Coffee.java:10)
	at uk.ac.sheffield.com1003.cafe.ingredients.Coffee.&lt;init&gt;(Coffee.java:10)
	at uk.ac.sheffield.com1003.cafe.ingredients.Coffee.&lt;init&gt;(Coffee.java:10)
	at uk.ac.sheffield.com1003.cafe.ingredients.Coffee.&lt;init&gt;(Coffee.java:10)
	at uk.ac.sheffield.com1003.cafe.ingredients.Coffee.&lt;init&gt;(Coffee.java:10)
	at uk.ac.sheffield.com1003.cafe.ingredients.Coffee.&lt;init&gt;(Coffee.java:10)
	at uk.ac.sheffield.com1003.cafe.ingredients.Coffee.&lt;init&gt;(Coffee.java:10)
	at uk.ac.sheffield.com1003.cafe.ingredients.Coffee.&lt;init&gt;(Coffee.java:10)
	at uk.ac.sheffield.com1003.cafe.ingredients.Coffee.&lt;init&gt;(Coffee.java:10)
	at uk.ac.sheffield.com1003.cafe.ingredients.Coffee.&lt;init&gt;(Coffee.java:10)
	at uk.ac.sheffield.com1003.cafe.ingredients.Coffee.&lt;init&gt;(Coffee.java:10)
	at uk.ac.sheffield.com1003.cafe.ingredients.Coffee.&lt;init&gt;(Coffee.java:10)
	at uk.ac.sheffield.com1003.cafe.ingredients.Coffee.&lt;init&gt;(Coffee.java:10)
	at uk.ac.sheffield.com1003.cafe.ingredients.Coffee.&lt;init&gt;(Coffee.java:10)
	at uk.ac.sheffield.com1003.cafe.ingredients.Coffee.&lt;init&gt;(Coffee.java:10)
	at uk.ac.sheffield.com1003.cafe.ingredients.Coffee.&lt;init&gt;(Coffee.java:10)
	at uk.ac.sheffield.com1003.cafe.ingredients.Coffee.&lt;init&gt;(Coffee.java:10)
	at uk.ac.sheffield.com1003.cafe.ingredients.Coffee.&lt;init&gt;(Coffee.java:10)
	at uk.ac.sheffield.com1003.cafe.ingredients.Coffee.&lt;init&gt;(Coffee.java:10)
	at uk.ac.sheffield.com1003.cafe.ingredients.Coffee.&lt;init&gt;(Coffee.java:10)
	at uk.ac.sheffield.com1003.cafe.ingredients.Coffee.&lt;init&gt;(Coffee.java:10)
	at uk.ac.sheffield.com1003.cafe.ingredients.Coffee.&lt;init&gt;(Coffee.java:10)
	at uk.ac.sheffield.com1003.cafe.ingredients.Coffee.&lt;init&gt;(Coffee.java:10)
	at uk.ac.sheffield.com1003.cafe.ingredients.Coffee.&lt;init&gt;(Coffee.java:10)
	at uk.ac.sheffield.com1003.cafe.ingredients.Coffee.&lt;init&gt;(Coffee.java:10)
	at uk.ac.sheffield.com1003.cafe.ingredients.Coffee.&lt;init&gt;(Coffee.java:10)
	at uk.ac.sheffield.com1003.cafe.ingredients.Coffee.&lt;init&gt;(Coffee.java:10)
	at uk.ac.sheffield.com1003.cafe.ingredients.Coffee.&lt;init&gt;(Coffee.java:10)
	at uk.ac.sheffield.com1003.cafe.ingredients.Coffee.&lt;init&gt;(Coffee.java:10)
	at uk.ac.sheffield.com1003.cafe.ingredients.Coffee.&lt;init&gt;(Coffee.java:10)
	at uk.ac.sheffield.com1003.cafe.ingredients.Coffee.&lt;init&gt;(Coffee.java:10)
	at uk.ac.sheffield.com1003.cafe.ingredients.Coffee.&lt;init&gt;(Coffee.java:10)
	at uk.ac.sheffield.com1003.cafe.ingredients.Coffee.&lt;init&gt;(Coffee.java:10)
	at uk.ac.sheffield.com1003.cafe.ingredients.Coffee.&lt;init&gt;(Coffee.java:10)
	at uk.ac.sheffield.com1003.cafe.ingredients.Coffee.&lt;init&gt;(Coffee.java:10)
	at uk.ac.sheffield.com1003.cafe.ingredients.Coffee.&lt;init&gt;(Coffee.java:10)
	at uk.ac.sheffield.com1003.cafe.ingredients.Coffee.&lt;init&gt;(Coffee.java:10)
	at uk.ac.sheffield.com1003.cafe.ingredients.Coffee.&lt;init&gt;(Coffee.java:10)
	at uk.ac.sheffield.com1003.cafe.ingredients.Coffee.&lt;init&gt;(Coffee.java:10)
	at uk.ac.sheffield.com1003.cafe.ingredients.Coffee.&lt;init&gt;(Coffee.java:10)
	at uk.ac.sheffield.com1003.cafe.ingredients.Coffee.&lt;init&gt;(Coffee.java:10)
	at uk.ac.sheffield.com1003.cafe.ingredients.Coffee.&lt;init&gt;(Coffee.java:10)
	at uk.ac.sheffield.com1003.cafe.ingredients.Coffee.&lt;init&gt;(Coffee.java:10)
	at uk.ac.sheffield.com1003.cafe.ingredients.Coffee.&lt;init&gt;(Coffee.java:10)
	at uk.ac.sheffield.com1003.cafe.ingredients.Coffee.&lt;init&gt;(Coffee.java:10)
	at uk.ac.sheffield.com1003.cafe.ingredients.Coffee.&lt;init&gt;(Coffee.java:10)
	at uk.ac.sheffield.com1003.cafe.ingredients.Coffee.&lt;init&gt;(Coffee.java:10)
	at uk.ac.sheffield.com1003.cafe.ingredients.Coffee.&lt;init&gt;(Coffee.java:10)
	at uk.ac.sheffield.com1003.cafe.ingredients.Coffee.&lt;init&gt;(Coffee.java:10)
	at uk.ac.sheffield.com1003.cafe.ingredients.Coffee.&lt;init&gt;(Coffee.java:10)
	at uk.ac.sheffield.com1003.cafe.ingredients.Coffee.&lt;init&gt;(Coffee.java:10)
	at uk.ac.sheffield.com1003.cafe.ingredients.Coffee.&lt;init&gt;(Coffee.java:10)
	at uk.ac.sheffield.com1003.cafe.ingredients.Coffee.&lt;init&gt;(Coffee.java:10)
	at uk.ac.sheffield.com1003.cafe.ingredients.Coffee.&lt;init&gt;(Coffee.java:10)
	at uk.ac.sheffield.com1003.cafe.ingredients.Coffee.&lt;init&gt;(Coffee.java:10)
	at uk.ac.sheffield.com1003.cafe.ingredients.Coffee.&lt;init&gt;(Coffee.java:10)
	at uk.ac.sheffield.com1003.cafe.ingredients.Coffee.&lt;init&gt;(Coffee.java:10)
	at uk.ac.sheffield.com1003.cafe.ingredients.Coffee.&lt;init&gt;(Coffee.java:10)
	at uk.ac.sheffield.com1003.cafe.ingredients.Coffee.&lt;init&gt;(Coffee.java:10)
	at uk.ac.sheffield.com1003.cafe.ingredients.Coffee.&lt;init&gt;(Coffee.java:10)
	at uk.ac.sheffield.com1003.cafe.ingredients.Coffee.&lt;init&gt;(Coffee.java:10)
	at uk.ac.sheffield.com1003.cafe.ingredients.Coffee.&lt;init&gt;(Coffee.java:10)
	at uk.ac.sheffield.com1003.cafe.ingredients.Coffee.&lt;init&gt;(Coffee.java:10)
	at uk.ac.sheffield.com1003.cafe.ingredients.Coffee.&lt;init&gt;(Coffee.java:10)
	at uk.ac.sheffield.com1003.cafe.ingredients.Coffee.&lt;init&gt;(Coffee.java:10)
	at uk.ac.sheffield.com1003.cafe.ingredients.Coffee.&lt;init&gt;(Coffee.java:10)
	at uk.ac.sheffield.com1003.cafe.ingredients.Coffee.&lt;init&gt;(Coffee.java:10)
	at uk.ac.sheffield.com1003.cafe.ingredients.Coffee.&lt;init&gt;(Coffee.java:10)
	at uk.ac.sheffield.com1003.cafe.ingredients.Coffee.&lt;init&gt;(Coffee.java:10)
	at uk.ac.sheffield.com1003.cafe.ingredients.Coffee.&lt;init&gt;(Coffee.java:10)
	at uk.ac.sheffield.com1003.cafe.ingredients.Coffee.&lt;init&gt;(Coffee.java:10)
	at uk.ac.sheffield.com1003.cafe.ingredients.Coffee.&lt;init&gt;(Coffee.java:10)
	at uk.ac.sheffield.com1003.cafe.ingredients.Coffee.&lt;init&gt;(Coffee.java:10)
	at uk.ac.sheffield.com1003.cafe.ingredients.Coffee.&lt;init&gt;(Coffee.java:10)
	at uk.ac.sheffield.com1003.cafe.ingredients.Coffee.&lt;init&gt;(Coffee.java:10)
	at uk.ac.sheffield.com1003.cafe.ingredients.Coffee.&lt;init&gt;(Coffee.java:10)
	at uk.ac.sheffield.com1003.cafe.ingredients.Coffee.&lt;init&gt;(Coffee.java:10)
	at uk.ac.sheffield.com1003.cafe.ingredients.Coffee.&lt;init&gt;(Coffee.java:10)
	at uk.ac.sheffield.com1003.cafe.ingredients.Coffee.&lt;init&gt;(Coffee.java:10)
	at uk.ac.sheffield.com1003.cafe.ingredients.Coffee.&lt;init&gt;(Coffee.java:10)
	at uk.ac.sheffield.com1003.cafe.ingredients.Coffee.&lt;init&gt;(Coffee.java:10)
	at uk.ac.sheffield.com1003.cafe.ingredients.Coffee.&lt;init&gt;(Coffee.java:10)
	at uk.ac.sheffield.com1003.cafe.ingredients.Coffee.&lt;init&gt;(Coffee.java:10)
	at uk.ac.sheffield.com1003.cafe.ingredients.Coffee.&lt;init&gt;(Coffee.java:10)
	at uk.ac.sheffield.com1003.cafe.ingredients.Coffee.&lt;init&gt;(Coffee.java:10)
	at uk.ac.sheffield.com1003.cafe.ingredients.Coffee.&lt;init&gt;(Coffee.java:10)
	at uk.ac.sheffield.com1003.cafe.ingredients.Coffee.&lt;init&gt;(Coffee.java:10)
	at uk.ac.sheffield.com1003.cafe.ingredients.Coffee.&lt;init&gt;(Coffee.java:10)
	at uk.ac.sheffield.com1003.cafe.ingredients.Coffee.&lt;init&gt;(Coffee.java:10)
	at uk.ac.sheffield.com1003.cafe.ingredients.Coffee.&lt;init&gt;(Coffee.java:10)
	at uk.ac.sheffield.com1003.cafe.ingredients.Coffee.&lt;init&gt;(Coffee.java:10)
	at uk.ac.sheffield.com1003.cafe.ingredients.Coffee.&lt;init&gt;(Coffee.java:10)
	at uk.ac.sheffield.com1003.cafe.ingredients.Coffee.&lt;init&gt;(Coffee.java:10)
	at uk.ac.sheffield.com1003.cafe.ingredients.Coffee.&lt;init&gt;(Coffee.java:10)
	at uk.ac.sheffield.com1003.cafe.ingredients.Coffee.&lt;init&gt;(Coffee.java:10)
	at uk.ac.sheffield.com1003.cafe.ingredients.Coffee.&lt;init&gt;(Coffee.java:10)
	at uk.ac.sheffield.com1003.cafe.ingredients.Coffee.&lt;init&gt;(Coffee.java:10)
	at uk.ac.sheffield.com1003.cafe.ingredients.Coffee.&lt;init&gt;(Coffee.java:10)
	at uk.ac.sheffield.com1003.cafe.ingredients.Coffee.&lt;init&gt;(Coffee.java:10)
	at uk.ac.sheffield.com1003.cafe.ingredients.Coffee.&lt;init&gt;(Coffee.java:10)
	at uk.ac.sheffield.com1003.cafe.ingredients.Coffee.&lt;init&gt;(Coffee.java:10)
	at uk.ac.sheffield.com1003.cafe.ingredients.Coffee.&lt;init&gt;(Coffee.java:10)
	at uk.ac.sheffield.com1003.cafe.ingredients.Coffee.&lt;init&gt;(Coffee.java:10)
	at uk.ac.sheffield.com1003.cafe.ingredients.Coffee.&lt;init&gt;(Coffee.java:10)
	at uk.ac.sheffield.com1003.cafe.ingredients.Coffee.&lt;init&gt;(Coffee.java:10)
	at uk.ac.sheffield.com1003.cafe.ingredients.Coffee.&lt;init&gt;(Coffee.java:10)
	at uk.ac.sheffield.com1003.cafe.ingredients.Coffee.&lt;init&gt;(Coffee.java:10)
	at uk.ac.sheffield.com1003.cafe.ingredients.Coffee.&lt;init&gt;(Coffee.java:10)
	at uk.ac.sheffield.com1003.cafe.ingredients.Coffee.&lt;init&gt;(Coffee.java:10)
	at uk.ac.sheffield.com1003.cafe.ingredients.Coffee.&lt;init&gt;(Coffee.java:10)
	at uk.ac.sheffield.com1003.cafe.ingredients.Coffee.&lt;init&gt;(Coffee.java:10)
	at uk.ac.sheffield.com1003.cafe.ingredients.Coffee.&lt;init&gt;(Coffee.java:10)
	at uk.ac.sheffield.com1003.cafe.ingredients.Coffee.&lt;init&gt;(Coffee.java:10)
	at uk.ac.sheffield.com1003.cafe.ingredients.Coffee.&lt;init&gt;(Coffee.java:10)
	at uk.ac.sheffield.com1003.cafe.ingredients.Coffee.&lt;init&gt;(Coffee.java:10)
	at uk.ac.sheffield.com1003.cafe.ingredients.Coffee.&lt;init&gt;(Coffee.java:10)
	at uk.ac.sheffield.com1003.cafe.ingredients.Coffee.&lt;init&gt;(Coffee.java:10)
	at uk.ac.sheffield.com1003.cafe.ingredients.Coffee.&lt;init&gt;(Coffee.java:10)
	at uk.ac.sheffield.com1003.cafe.ingredients.Coffee.&lt;init&gt;(Coffee.java:10)
	at uk.ac.sheffield.com1003.cafe.ingredients.Coffee.&lt;init&gt;(Coffee.java:10)
	at uk.ac.sheffield.com1003.cafe.ingredients.Coffee.&lt;init&gt;(Coffee.java:10)
	at uk.ac.sheffield.com1003.cafe.ingredients.Coffee.&lt;init&gt;(Coffee.java:10)
	at uk.ac.sheffield.com1003.cafe.ingredients.Coffee.&lt;init&gt;(Coffee.java:10)
	at uk.ac.sheffield.com1003.cafe.ingredients.Coffee.&lt;init&gt;(Coffee.java:10)
	at uk.ac.sheffield.com1003.cafe.ingredients.Coffee.&lt;init&gt;(Coffee.java:10)
	at uk.ac.sheffield.com1003.cafe.ingredients.Coffee.&lt;init&gt;(Coffee.java:10)
	at uk.ac.sheffield.com1003.cafe.ingredients.Coffee.&lt;init&gt;(Coffee.java:10)
	at uk.ac.sheffield.com1003.cafe.ingredients.Coffee.&lt;init&gt;(Coffee.java:10)
	at uk.ac.sheffield.com1003.cafe.ingredients.Coffee.&lt;init&gt;(Coffee.java:10)
	at uk.ac.sheffield.com1003.cafe.ingredients.Coffee.&lt;init&gt;(Coffee.java:10)
	at uk.ac.sheffield.com1003.cafe.ingredients.Coffee.&lt;init&gt;(Coffee.java:10)
	at uk.ac.sheffield.com1003.cafe.ingredients.Coffee.&lt;init&gt;(Coffee.java:10)
	at uk.ac.sheffield.com1003.cafe.ingredients.Coffee.&lt;init&gt;(Coffee.java:10)
	at uk.ac.sheffield.com1003.cafe.ingredients.Coffee.&lt;init&gt;(Coffee.java:10)
	at uk.ac.sheffield.com1003.cafe.ingredients.Coffee.&lt;init&gt;(Coffee.java:10)
	at uk.ac.sheffield.com1003.cafe.ingredients.Coffee.&lt;init&gt;(Coffee.java:10)
	at uk.ac.sheffield.com1003.cafe.ingredients.Coffee.&lt;init&gt;(Coffee.java:10)
	at uk.ac.sheffield.com1003.cafe.ingredients.Coffee.&lt;init&gt;(Coffee.java:10)
	at uk.ac.sheffield.com1003.cafe.ingredients.Coffee.&lt;init&gt;(Coffee.java:10)
	at uk.ac.sheffield.com1003.cafe.ingredients.Coffee.&lt;init&gt;(Coffee.java:10)
	at uk.ac.sheffield.com1003.cafe.ingredients.Coffee.&lt;init&gt;(Coffee.java:10)
	at uk.ac.sheffield.com1003.cafe.ingredients.Coffee.&lt;init&gt;(Coffee.java:10)
	at uk.ac.sheffield.com1003.cafe.ingredients.Coffee.&lt;init&gt;(Coffee.java:10)
	at uk.ac.sheffield.com1003.cafe.ingredients.Coffee.&lt;init&gt;(Coffee.java:10)
	at uk.ac.sheffield.com1003.cafe.ingredients.Coffee.&lt;init&gt;(Coffee.java:10)
	at uk.ac.sheffield.com1003.cafe.ingredients.Coffee.&lt;init&gt;(Coffee.java:10)
	at uk.ac.sheffield.com1003.cafe.ingredients.Coffee.&lt;init&gt;(Coffee.java:10)
	at uk.ac.sheffield.com1003.cafe.ingredients.Coffee.&lt;init&gt;(Coffee.java:10)
	at uk.ac.sheffield.com1003.cafe.ingredients.Coffee.&lt;init&gt;(Coffee.java:10)
	at uk.ac.sheffield.com1003.cafe.ingredients.Coffee.&lt;init&gt;(Coffee.java:10)
	at uk.ac.sheffield.com1003.cafe.ingredients.Coffee.&lt;init&gt;(Coffee.java:10)
	at uk.ac.sheffield.com1003.cafe.ingredients.Coffee.&lt;init&gt;(Coffee.java:10)
	at uk.ac.sheffield.com1003.cafe.ingredients.Coffee.&lt;init&gt;(Coffee.java:10)
	at uk.ac.sheffield.com1003.cafe.ingredients.Coffee.&lt;init&gt;(Coffee.java:10)
	at uk.ac.sheffield.com1003.cafe.ingredients.Coffee.&lt;init&gt;(Coffee.java:10)
	at uk.ac.sheffield.com1003.cafe.ingredients.Coffee.&lt;init&gt;(Coffee.java:10)
	at uk.ac.sheffield.com1003.cafe.ingredients.Coffee.&lt;init&gt;(Coffee.java:10)
	at uk.ac.sheffield.com1003.cafe.ingredients.Coffee.&lt;init&gt;(Coffee.java:10)
	at uk.ac.sheffield.com1003.cafe.ingredients.Coffee.&lt;init&gt;(Coffee.java:10)
	at uk.ac.sheffield.com1003.cafe.ingredients.Coffee.&lt;init&gt;(Coffee.java:10)
	at uk.ac.sheffield.com1003.cafe.ingredients.Coffee.&lt;init&gt;(Coffee.java:10)
	at uk.ac.sheffield.com1003.cafe.ingredients.Coffee.&lt;init&gt;(Coffee.java:10)
	at uk.ac.sheffield.com1003.cafe.ingredients.Coffee.&lt;init&gt;(Coffee.java:10)
	at uk.ac.sheffield.com1003.cafe.ingredients.Coffee.&lt;init&gt;(Coffee.java:10)
	at uk.ac.sheffield.com1003.cafe.ingredients.Coffee.&lt;init&gt;(Coffee.java:10)
	at uk.ac.sheffield.com1003.cafe.ingredients.Coffee.&lt;init&gt;(Coffee.java:10)
	at uk.ac.sheffield.com1003.cafe.ingredients.Coffee.&lt;init&gt;(Coffee.java:10)
	at uk.ac.sheffield.com1003.cafe.ingredients.Coffee.&lt;init&gt;(Coffee.java:10)
	at uk.ac.sheffield.com1003.cafe.ingredients.Coffee.&lt;init&gt;(Coffee.java:10)
	at uk.ac.sheffield.com1003.cafe.ingredients.Coffee.&lt;init&gt;(Coffee.java:10)
	at uk.ac.sheffield.com1003.cafe.ingredients.Coffee.&lt;init&gt;(Coffee.java:10)
	at uk.ac.sheffield.com1003.cafe.ingredients.Coffee.&lt;init&gt;(Coffee.java:10)
	at uk.ac.sheffield.com1003.cafe.ingredients.Coffee.&lt;init&gt;(Coffee.java:10)
	at uk.ac.sheffield.com1003.cafe.ingredients.Coffee.&lt;init&gt;(Coffee.java:10)
	at uk.ac.sheffield.com1003.cafe.ingredients.Coffee.&lt;init&gt;(Coffee.java:10)
	at uk.ac.sheffield.com1003.cafe.ingredients.Coffee.&lt;init&gt;(Coffee.java:10)
	at uk.ac.sheffield.com1003.cafe.ingredients.Coffee.&lt;init&gt;(Coffee.java:10)
	at uk.ac.sheffield.com1003.cafe.ingredients.Coffee.&lt;init&gt;(Coffee.java:10)
	at uk.ac.sheffield.com1003.cafe.ingredients.Coffee.&lt;init&gt;(Coffee.java:10)
	at uk.ac.sheffield.com1003.cafe.ingredients.Coffee.&lt;init&gt;(Coffee.java:10)
	at uk.ac.sheffield.com1003.cafe.ingredients.Coffee.&lt;init&gt;(Coffee.java:10)
	at uk.ac.sheffield.com1003.cafe.ingredients.Coffee.&lt;init&gt;(Coffee.java:10)
	at uk.ac.sheffield.com1003.cafe.ingredients.Coffee.&lt;init&gt;(Coffee.java:10)
	at uk.ac.sheffield.com1003.cafe.ingredients.Coffee.&lt;init&gt;(Coffee.java:10)
	at uk.ac.sheffield.com1003.cafe.ingredients.Coffee.&lt;init&gt;(Coffee.java:10)
	at uk.ac.sheffield.com1003.cafe.ingredients.Coffee.&lt;init&gt;(Coffee.java:10)
	at uk.ac.sheffield.com1003.cafe.ingredients.Coffee.&lt;init&gt;(Coffee.java:10)
	at uk.ac.sheffield.com1003.cafe.ingredients.Coffee.&lt;init&gt;(Coffee.java:10)
	at uk.ac.sheffield.com1003.cafe.ingredients.Coffee.&lt;init&gt;(Coffee.java:10)
	at uk.ac.sheffield.com1003.cafe.ingredients.Coffee.&lt;init&gt;(Coffee.java:10)
	at uk.ac.sheffield.com1003.cafe.ingredients.Coffee.&lt;init&gt;(Coffee.java:10)
	at uk.ac.sheffield.com1003.cafe.ingredients.Coffee.&lt;init&gt;(Coffee.java:10)
	at uk.ac.sheffield.com1003.cafe.ingredients.Coffee.&lt;init&gt;(Coffee.java:10)
	at uk.ac.sheffield.com1003.cafe.ingredients.Coffee.&lt;init&gt;(Coffee.java:10)
</failure>
  </testcase>
  <testcase name="testRecipeEqualsIncompleteRecipe" classname="uk.ac.sheffield.com1003.cafe.TestCafeTask5" time="0.004">
    <failure message="java.lang.StackOverflowError" type="java.lang.StackOverflowError">java.lang.StackOverflowError
	at uk.ac.sheffield.com1003.cafe.ingredients.Coffee.&lt;init&gt;(Coffee.java:10)
	at uk.ac.sheffield.com1003.cafe.ingredients.Coffee.&lt;init&gt;(Coffee.java:10)
	at uk.ac.sheffield.com1003.cafe.ingredients.Coffee.&lt;init&gt;(Coffee.java:10)
	at uk.ac.sheffield.com1003.cafe.ingredients.Coffee.&lt;init&gt;(Coffee.java:10)
	at uk.ac.sheffield.com1003.cafe.ingredients.Coffee.&lt;init&gt;(Coffee.java:10)
	at uk.ac.sheffield.com1003.cafe.ingredients.Coffee.&lt;init&gt;(Coffee.java:10)
	at uk.ac.sheffield.com1003.cafe.ingredients.Coffee.&lt;init&gt;(Coffee.java:10)
	at uk.ac.sheffield.com1003.cafe.ingredients.Coffee.&lt;init&gt;(Coffee.java:10)
	at uk.ac.sheffield.com1003.cafe.ingredients.Coffee.&lt;init&gt;(Coffee.java:10)
	at uk.ac.sheffield.com1003.cafe.ingredients.Coffee.&lt;init&gt;(Coffee.java:10)
	at uk.ac.sheffield.com1003.cafe.ingredients.Coffee.&lt;init&gt;(Coffee.java:10)
	at uk.ac.sheffield.com1003.cafe.ingredients.Coffee.&lt;init&gt;(Coffee.java:10)
	at uk.ac.sheffield.com1003.cafe.ingredients.Coffee.&lt;init&gt;(Coffee.java:10)
	at uk.ac.sheffield.com1003.cafe.ingredients.Coffee.&lt;init&gt;(Coffee.java:10)
	at uk.ac.sheffield.com1003.cafe.ingredients.Coffee.&lt;init&gt;(Coffee.java:10)
	at uk.ac.sheffield.com1003.cafe.ingredients.Coffee.&lt;init&gt;(Coffee.java:10)
	at uk.ac.sheffield.com1003.cafe.ingredients.Coffee.&lt;init&gt;(Coffee.java:10)
	at uk.ac.sheffield.com1003.cafe.ingredients.Coffee.&lt;init&gt;(Coffee.java:10)
	at uk.ac.sheffield.com1003.cafe.ingredients.Coffee.&lt;init&gt;(Coffee.java:10)
	at uk.ac.sheffield.com1003.cafe.ingredients.Coffee.&lt;init&gt;(Coffee.java:10)
	at uk.ac.sheffield.com1003.cafe.ingredients.Coffee.&lt;init&gt;(Coffee.java:10)
	at uk.ac.sheffield.com1003.cafe.ingredients.Coffee.&lt;init&gt;(Coffee.java:10)
	at uk.ac.sheffield.com1003.cafe.ingredients.Coffee.&lt;init&gt;(Coffee.java:10)
	at uk.ac.sheffield.com1003.cafe.ingredients.Coffee.&lt;init&gt;(Coffee.java:10)
	at uk.ac.sheffield.com1003.cafe.ingredients.Coffee.&lt;init&gt;(Coffee.java:10)
	at uk.ac.sheffield.com1003.cafe.ingredients.Coffee.&lt;init&gt;(Coffee.java:10)
	at uk.ac.sheffield.com1003.cafe.ingredients.Coffee.&lt;init&gt;(Coffee.java:10)
	at uk.ac.sheffield.com1003.cafe.ingredients.Coffee.&lt;init&gt;(Coffee.java:10)
	at uk.ac.sheffield.com1003.cafe.ingredients.Coffee.&lt;init&gt;(Coffee.java:10)
	at uk.ac.sheffield.com1003.cafe.ingredients.Coffee.&lt;init&gt;(Coffee.java:10)
	at uk.ac.sheffield.com1003.cafe.ingredients.Coffee.&lt;init&gt;(Coffee.java:10)
	at uk.ac.sheffield.com1003.cafe.ingredients.Coffee.&lt;init&gt;(Coffee.java:10)
	at uk.ac.sheffield.com1003.cafe.ingredients.Coffee.&lt;init&gt;(Coffee.java:10)
	at uk.ac.sheffield.com1003.cafe.ingredients.Coffee.&lt;init&gt;(Coffee.java:10)
	at uk.ac.sheffield.com1003.cafe.ingredients.Coffee.&lt;init&gt;(Coffee.java:10)
	at uk.ac.sheffield.com1003.cafe.ingredients.Coffee.&lt;init&gt;(Coffee.java:10)
	at uk.ac.sheffield.com1003.cafe.ingredients.Coffee.&lt;init&gt;(Coffee.java:10)
	at uk.ac.sheffield.com1003.cafe.ingredients.Coffee.&lt;init&gt;(Coffee.java:10)
	at uk.ac.sheffield.com1003.cafe.ingredients.Coffee.&lt;init&gt;(Coffee.java:10)
	at uk.ac.sheffield.com1003.cafe.ingredients.Coffee.&lt;init&gt;(Coffee.java:10)
	at uk.ac.sheffield.com1003.cafe.ingredients.Coffee.&lt;init&gt;(Coffee.java:10)
	at uk.ac.sheffield.com1003.cafe.ingredients.Coffee.&lt;init&gt;(Coffee.java:10)
	at uk.ac.sheffield.com1003.cafe.ingredients.Coffee.&lt;init&gt;(Coffee.java:10)
	at uk.ac.sheffield.com1003.cafe.ingredients.Coffee.&lt;init&gt;(Coffee.java:10)
	at uk.ac.sheffield.com1003.cafe.ingredients.Coffee.&lt;init&gt;(Coffee.java:10)
	at uk.ac.sheffield.com1003.cafe.ingredients.Coffee.&lt;init&gt;(Coffee.java:10)
	at uk.ac.sheffield.com1003.cafe.ingredients.Coffee.&lt;init&gt;(Coffee.java:10)
	at uk.ac.sheffield.com1003.cafe.ingredients.Coffee.&lt;init&gt;(Coffee.java:10)
	at uk.ac.sheffield.com1003.cafe.ingredients.Coffee.&lt;init&gt;(Coffee.java:10)
	at uk.ac.sheffield.com1003.cafe.ingredients.Coffee.&lt;init&gt;(Coffee.java:10)
	at uk.ac.sheffield.com1003.cafe.ingredients.Coffee.&lt;init&gt;(Coffee.java:10)
	at uk.ac.sheffield.com1003.cafe.ingredients.Coffee.&lt;init&gt;(Coffee.java:10)
	at uk.ac.sheffield.com1003.cafe.ingredients.Coffee.&lt;init&gt;(Coffee.java:10)
	at uk.ac.sheffield.com1003.cafe.ingredients.Coffee.&lt;init&gt;(Coffee.java:10)
	at uk.ac.sheffield.com1003.cafe.ingredients.Coffee.&lt;init&gt;(Coffee.java:10)
	at uk.ac.sheffield.com1003.cafe.ingredients.Coffee.&lt;init&gt;(Coffee.java:10)
	at uk.ac.sheffield.com1003.cafe.ingredients.Coffee.&lt;init&gt;(Coffee.java:10)
	at uk.ac.sheffield.com1003.cafe.ingredients.Coffee.&lt;init&gt;(Coffee.java:10)
	at uk.ac.sheffield.com1003.cafe.ingredients.Coffee.&lt;init&gt;(Coffee.java:10)
	at uk.ac.sheffield.com1003.cafe.ingredients.Coffee.&lt;init&gt;(Coffee.java:10)
	at uk.ac.sheffield.com1003.cafe.ingredients.Coffee.&lt;init&gt;(Coffee.java:10)
	at uk.ac.sheffield.com1003.cafe.ingredients.Coffee.&lt;init&gt;(Coffee.java:10)
	at uk.ac.sheffield.com1003.cafe.ingredients.Coffee.&lt;init&gt;(Coffee.java:10)
	at uk.ac.sheffield.com1003.cafe.ingredients.Coffee.&lt;init&gt;(Coffee.java:10)
	at uk.ac.sheffield.com1003.cafe.ingredients.Coffee.&lt;init&gt;(Coffee.java:10)
	at uk.ac.sheffield.com1003.cafe.ingredients.Coffee.&lt;init&gt;(Coffee.java:10)
	at uk.ac.sheffield.com1003.cafe.ingredients.Coffee.&lt;init&gt;(Coffee.java:10)
	at uk.ac.sheffield.com1003.cafe.ingredients.Coffee.&lt;init&gt;(Coffee.java:10)
	at uk.ac.sheffield.com1003.cafe.ingredients.Coffee.&lt;init&gt;(Coffee.java:10)
	at uk.ac.sheffield.com1003.cafe.ingredients.Coffee.&lt;init&gt;(Coffee.java:10)
	at uk.ac.sheffield.com1003.cafe.ingredients.Coffee.&lt;init&gt;(Coffee.java:10)
	at uk.ac.sheffield.com1003.cafe.ingredients.Coffee.&lt;init&gt;(Coffee.java:10)
	at uk.ac.sheffield.com1003.cafe.ingredients.Coffee.&lt;init&gt;(Coffee.java:10)
	at uk.ac.sheffield.com1003.cafe.ingredients.Coffee.&lt;init&gt;(Coffee.java:10)
	at uk.ac.sheffield.com1003.cafe.ingredients.Coffee.&lt;init&gt;(Coffee.java:10)
	at uk.ac.sheffield.com1003.cafe.ingredients.Coffee.&lt;init&gt;(Coffee.java:10)
	at uk.ac.sheffield.com1003.cafe.ingredients.Coffee.&lt;init&gt;(Coffee.java:10)
	at uk.ac.sheffield.com1003.cafe.ingredients.Coffee.&lt;init&gt;(Coffee.java:10)
	at uk.ac.sheffield.com1003.cafe.ingredients.Coffee.&lt;init&gt;(Coffee.java:10)
	at uk.ac.sheffield.com1003.cafe.ingredients.Coffee.&lt;init&gt;(Coffee.java:10)
	at uk.ac.sheffield.com1003.cafe.ingredients.Coffee.&lt;init&gt;(Coffee.java:10)
	at uk.ac.sheffield.com1003.cafe.ingredients.Coffee.&lt;init&gt;(Coffee.java:10)
	at uk.ac.sheffield.com1003.cafe.ingredients.Coffee.&lt;init&gt;(Coffee.java:10)
	at uk.ac.sheffield.com1003.cafe.ingredients.Coffee.&lt;init&gt;(Coffee.java:10)
	at uk.ac.sheffield.com1003.cafe.ingredients.Coffee.&lt;init&gt;(Coffee.java:10)
	at uk.ac.sheffield.com1003.cafe.ingredients.Coffee.&lt;init&gt;(Coffee.java:10)
	at uk.ac.sheffield.com1003.cafe.ingredients.Coffee.&lt;init&gt;(Coffee.java:10)
	at uk.ac.sheffield.com1003.cafe.ingredients.Coffee.&lt;init&gt;(Coffee.java:10)
	at uk.ac.sheffield.com1003.cafe.ingredients.Coffee.&lt;init&gt;(Coffee.java:10)
	at uk.ac.sheffield.com1003.cafe.ingredients.Coffee.&lt;init&gt;(Coffee.java:10)
	at uk.ac.sheffield.com1003.cafe.ingredients.Coffee.&lt;init&gt;(Coffee.java:10)
	at uk.ac.sheffield.com1003.cafe.ingredients.Coffee.&lt;init&gt;(Coffee.java:10)
	at uk.ac.sheffield.com1003.cafe.ingredients.Coffee.&lt;init&gt;(Coffee.java:10)
	at uk.ac.sheffield.com1003.cafe.ingredients.Coffee.&lt;init&gt;(Coffee.java:10)
	at uk.ac.sheffield.com1003.cafe.ingredients.Coffee.&lt;init&gt;(Coffee.java:10)
	at uk.ac.sheffield.com1003.cafe.ingredients.Coffee.&lt;init&gt;(Coffee.java:10)
	at uk.ac.sheffield.com1003.cafe.ingredients.Coffee.&lt;init&gt;(Coffee.java:10)
	at uk.ac.sheffield.com1003.cafe.ingredients.Coffee.&lt;init&gt;(Coffee.java:10)
	at uk.ac.sheffield.com1003.cafe.ingredients.Coffee.&lt;init&gt;(Coffee.java:10)
	at uk.ac.sheffield.com1003.cafe.ingredients.Coffee.&lt;init&gt;(Coffee.java:10)
	at uk.ac.sheffield.com1003.cafe.ingredients.Coffee.&lt;init&gt;(Coffee.java:10)
	at uk.ac.sheffield.com1003.cafe.ingredients.Coffee.&lt;init&gt;(Coffee.java:10)
	at uk.ac.sheffield.com1003.cafe.ingredients.Coffee.&lt;init&gt;(Coffee.java:10)
	at uk.ac.sheffield.com1003.cafe.ingredients.Coffee.&lt;init&gt;(Coffee.java:10)
	at uk.ac.sheffield.com1003.cafe.ingredients.Coffee.&lt;init&gt;(Coffee.java:10)
	at uk.ac.sheffield.com1003.cafe.ingredients.Coffee.&lt;init&gt;(Coffee.java:10)
	at uk.ac.sheffield.com1003.cafe.ingredients.Coffee.&lt;init&gt;(Coffee.java:10)
	at uk.ac.sheffield.com1003.cafe.ingredients.Coffee.&lt;init&gt;(Coffee.java:10)
	at uk.ac.sheffield.com1003.cafe.ingredients.Coffee.&lt;init&gt;(Coffee.java:10)
	at uk.ac.sheffield.com1003.cafe.ingredients.Coffee.&lt;init&gt;(Coffee.java:10)
	at uk.ac.sheffield.com1003.cafe.ingredients.Coffee.&lt;init&gt;(Coffee.java:10)
	at uk.ac.sheffield.com1003.cafe.ingredients.Coffee.&lt;init&gt;(Coffee.java:10)
	at uk.ac.sheffield.com1003.cafe.ingredients.Coffee.&lt;init&gt;(Coffee.java:10)
	at uk.ac.sheffield.com1003.cafe.ingredients.Coffee.&lt;init&gt;(Coffee.java:10)
	at uk.ac.sheffield.com1003.cafe.ingredients.Coffee.&lt;init&gt;(Coffee.java:10)
	at uk.ac.sheffield.com1003.cafe.ingredients.Coffee.&lt;init&gt;(Coffee.java:10)
	at uk.ac.sheffield.com1003.cafe.ingredients.Coffee.&lt;init&gt;(Coffee.java:10)
	at uk.ac.sheffield.com1003.cafe.ingredients.Coffee.&lt;init&gt;(Coffee.java:10)
	at uk.ac.sheffield.com1003.cafe.ingredients.Coffee.&lt;init&gt;(Coffee.java:10)
	at uk.ac.sheffield.com1003.cafe.ingredients.Coffee.&lt;init&gt;(Coffee.java:10)
	at uk.ac.sheffield.com1003.cafe.ingredients.Coffee.&lt;init&gt;(Coffee.java:10)
	at uk.ac.sheffield.com1003.cafe.ingredients.Coffee.&lt;init&gt;(Coffee.java:10)
	at uk.ac.sheffield.com1003.cafe.ingredients.Coffee.&lt;init&gt;(Coffee.java:10)
	at uk.ac.sheffield.com1003.cafe.ingredients.Coffee.&lt;init&gt;(Coffee.java:10)
	at uk.ac.sheffield.com1003.cafe.ingredients.Coffee.&lt;init&gt;(Coffee.java:10)
	at uk.ac.sheffield.com1003.cafe.ingredients.Coffee.&lt;init&gt;(Coffee.java:10)
	at uk.ac.sheffield.com1003.cafe.ingredients.Coffee.&lt;init&gt;(Coffee.java:10)
	at uk.ac.sheffield.com1003.cafe.ingredients.Coffee.&lt;init&gt;(Coffee.java:10)
	at uk.ac.sheffield.com1003.cafe.ingredients.Coffee.&lt;init&gt;(Coffee.java:10)
	at uk.ac.sheffield.com1003.cafe.ingredients.Coffee.&lt;init&gt;(Coffee.java:10)
	at uk.ac.sheffield.com1003.cafe.ingredients.Coffee.&lt;init&gt;(Coffee.java:10)
	at uk.ac.sheffield.com1003.cafe.ingredients.Coffee.&lt;init&gt;(Coffee.java:10)
	at uk.ac.sheffield.com1003.cafe.ingredients.Coffee.&lt;init&gt;(Coffee.java:10)
	at uk.ac.sheffield.com1003.cafe.ingredients.Coffee.&lt;init&gt;(Coffee.java:10)
	at uk.ac.sheffield.com1003.cafe.ingredients.Coffee.&lt;init&gt;(Coffee.java:10)
	at uk.ac.sheffield.com1003.cafe.ingredients.Coffee.&lt;init&gt;(Coffee.java:10)
	at uk.ac.sheffield.com1003.cafe.ingredients.Coffee.&lt;init&gt;(Coffee.java:10)
	at uk.ac.sheffield.com1003.cafe.ingredients.Coffee.&lt;init&gt;(Coffee.java:10)
	at uk.ac.sheffield.com1003.cafe.ingredients.Coffee.&lt;init&gt;(Coffee.java:10)
	at uk.ac.sheffield.com1003.cafe.ingredients.Coffee.&lt;init&gt;(Coffee.java:10)
	at uk.ac.sheffield.com1003.cafe.ingredients.Coffee.&lt;init&gt;(Coffee.java:10)
	at uk.ac.sheffield.com1003.cafe.ingredients.Coffee.&lt;init&gt;(Coffee.java:10)
	at uk.ac.sheffield.com1003.cafe.ingredients.Coffee.&lt;init&gt;(Coffee.java:10)
	at uk.ac.sheffield.com1003.cafe.ingredients.Coffee.&lt;init&gt;(Coffee.java:10)
	at uk.ac.sheffield.com1003.cafe.ingredients.Coffee.&lt;init&gt;(Coffee.java:10)
	at uk.ac.sheffield.com1003.cafe.ingredients.Coffee.&lt;init&gt;(Coffee.java:10)
	at uk.ac.sheffield.com1003.cafe.ingredients.Coffee.&lt;init&gt;(Coffee.java:10)
	at uk.ac.sheffield.com1003.cafe.ingredients.Coffee.&lt;init&gt;(Coffee.java:10)
	at uk.ac.sheffield.com1003.cafe.ingredients.Coffee.&lt;init&gt;(Coffee.java:10)
	at uk.ac.sheffield.com1003.cafe.ingredients.Coffee.&lt;init&gt;(Coffee.java:10)
	at uk.ac.sheffield.com1003.cafe.ingredients.Coffee.&lt;init&gt;(Coffee.java:10)
	at uk.ac.sheffield.com1003.cafe.ingredients.Coffee.&lt;init&gt;(Coffee.java:10)
	at uk.ac.sheffield.com1003.cafe.ingredients.Coffee.&lt;init&gt;(Coffee.java:10)
	at uk.ac.sheffield.com1003.cafe.ingredients.Coffee.&lt;init&gt;(Coffee.java:10)
	at uk.ac.sheffield.com1003.cafe.ingredients.Coffee.&lt;init&gt;(Coffee.java:10)
	at uk.ac.sheffield.com1003.cafe.ingredients.Coffee.&lt;init&gt;(Coffee.java:10)
	at uk.ac.sheffield.com1003.cafe.ingredients.Coffee.&lt;init&gt;(Coffee.java:10)
	at uk.ac.sheffield.com1003.cafe.ingredients.Coffee.&lt;init&gt;(Coffee.java:10)
	at uk.ac.sheffield.com1003.cafe.ingredients.Coffee.&lt;init&gt;(Coffee.java:10)
	at uk.ac.sheffield.com1003.cafe.ingredients.Coffee.&lt;init&gt;(Coffee.java:10)
	at uk.ac.sheffield.com1003.cafe.ingredients.Coffee.&lt;init&gt;(Coffee.java:10)
	at uk.ac.sheffield.com1003.cafe.ingredients.Coffee.&lt;init&gt;(Coffee.java:10)
	at uk.ac.sheffield.com1003.cafe.ingredients.Coffee.&lt;init&gt;(Coffee.java:10)
	at uk.ac.sheffield.com1003.cafe.ingredients.Coffee.&lt;init&gt;(Coffee.java:10)
	at uk.ac.sheffield.com1003.cafe.ingredients.Coffee.&lt;init&gt;(Coffee.java:10)
	at uk.ac.sheffield.com1003.cafe.ingredients.Coffee.&lt;init&gt;(Coffee.java:10)
	at uk.ac.sheffield.com1003.cafe.ingredients.Coffee.&lt;init&gt;(Coffee.java:10)
	at uk.ac.sheffield.com1003.cafe.ingredients.Coffee.&lt;init&gt;(Coffee.java:10)
	at uk.ac.sheffield.com1003.cafe.ingredients.Coffee.&lt;init&gt;(Coffee.java:10)
	at uk.ac.sheffield.com1003.cafe.ingredients.Coffee.&lt;init&gt;(Coffee.java:10)
	at uk.ac.sheffield.com1003.cafe.ingredients.Coffee.&lt;init&gt;(Coffee.java:10)
	at uk.ac.sheffield.com1003.cafe.ingredients.Coffee.&lt;init&gt;(Coffee.java:10)
	at uk.ac.sheffield.com1003.cafe.ingredients.Coffee.&lt;init&gt;(Coffee.java:10)
	at uk.ac.sheffield.com1003.cafe.ingredients.Coffee.&lt;init&gt;(Coffee.java:10)
	at uk.ac.sheffield.com1003.cafe.ingredients.Coffee.&lt;init&gt;(Coffee.java:10)
	at uk.ac.sheffield.com1003.cafe.ingredients.Coffee.&lt;init&gt;(Coffee.java:10)
	at uk.ac.sheffield.com1003.cafe.ingredients.Coffee.&lt;init&gt;(Coffee.java:10)
	at uk.ac.sheffield.com1003.cafe.ingredients.Coffee.&lt;init&gt;(Coffee.java:10)
	at uk.ac.sheffield.com1003.cafe.ingredients.Coffee.&lt;init&gt;(Coffee.java:10)
	at uk.ac.sheffield.com1003.cafe.ingredients.Coffee.&lt;init&gt;(Coffee.java:10)
	at uk.ac.sheffield.com1003.cafe.ingredients.Coffee.&lt;init&gt;(Coffee.java:10)
	at uk.ac.sheffield.com1003.cafe.ingredients.Coffee.&lt;init&gt;(Coffee.java:10)
	at uk.ac.sheffield.com1003.cafe.ingredients.Coffee.&lt;init&gt;(Coffee.java:10)
	at uk.ac.sheffield.com1003.cafe.ingredients.Coffee.&lt;init&gt;(Coffee.java:10)
	at uk.ac.sheffield.com1003.cafe.ingredients.Coffee.&lt;init&gt;(Coffee.java:10)
	at uk.ac.sheffield.com1003.cafe.ingredients.Coffee.&lt;init&gt;(Coffee.java:10)
	at uk.ac.sheffield.com1003.cafe.ingredients.Coffee.&lt;init&gt;(Coffee.java:10)
	at uk.ac.sheffield.com1003.cafe.ingredients.Coffee.&lt;init&gt;(Coffee.java:10)
	at uk.ac.sheffield.com1003.cafe.ingredients.Coffee.&lt;init&gt;(Coffee.java:10)
	at uk.ac.sheffield.com1003.cafe.ingredients.Coffee.&lt;init&gt;(Coffee.java:10)
	at uk.ac.sheffield.com1003.cafe.ingredients.Coffee.&lt;init&gt;(Coffee.java:10)
	at uk.ac.sheffield.com1003.cafe.ingredients.Coffee.&lt;init&gt;(Coffee.java:10)
	at uk.ac.sheffield.com1003.cafe.ingredients.Coffee.&lt;init&gt;(Coffee.java:10)
	at uk.ac.sheffield.com1003.cafe.ingredients.Coffee.&lt;init&gt;(Coffee.java:10)
	at uk.ac.sheffield.com1003.cafe.ingredients.Coffee.&lt;init&gt;(Coffee.java:10)
	at uk.ac.sheffield.com1003.cafe.ingredients.Coffee.&lt;init&gt;(Coffee.java:10)
	at uk.ac.sheffield.com1003.cafe.ingredients.Coffee.&lt;init&gt;(Coffee.java:10)
	at uk.ac.sheffield.com1003.cafe.ingredients.Coffee.&lt;init&gt;(Coffee.java:10)
	at uk.ac.sheffield.com1003.cafe.ingredients.Coffee.&lt;init&gt;(Coffee.java:10)
	at uk.ac.sheffield.com1003.cafe.ingredients.Coffee.&lt;init&gt;(Coffee.java:10)
	at uk.ac.sheffield.com1003.cafe.ingredients.Coffee.&lt;init&gt;(Coffee.java:10)
	at uk.ac.sheffield.com1003.cafe.ingredients.Coffee.&lt;init&gt;(Coffee.java:10)
	at uk.ac.sheffield.com1003.cafe.ingredients.Coffee.&lt;init&gt;(Coffee.java:10)
	at uk.ac.sheffield.com1003.cafe.ingredients.Coffee.&lt;init&gt;(Coffee.java:10)
	at uk.ac.sheffield.com1003.cafe.ingredients.Coffee.&lt;init&gt;(Coffee.java:10)
	at uk.ac.sheffield.com1003.cafe.ingredients.Coffee.&lt;init&gt;(Coffee.java:10)
	at uk.ac.sheffield.com1003.cafe.ingredients.Coffee.&lt;init&gt;(Coffee.java:10)
	at uk.ac.sheffield.com1003.cafe.ingredients.Coffee.&lt;init&gt;(Coffee.java:10)
	at uk.ac.sheffield.com1003.cafe.ingredients.Coffee.&lt;init&gt;(Coffee.java:10)
	at uk.ac.sheffield.com1003.cafe.ingredients.Coffee.&lt;init&gt;(Coffee.java:10)
	at uk.ac.sheffield.com1003.cafe.ingredients.Coffee.&lt;init&gt;(Coffee.java:10)
	at uk.ac.sheffield.com1003.cafe.ingredients.Coffee.&lt;init&gt;(Coffee.java:10)
	at uk.ac.sheffield.com1003.cafe.ingredients.Coffee.&lt;init&gt;(Coffee.java:10)
	at uk.ac.sheffield.com1003.cafe.ingredients.Coffee.&lt;init&gt;(Coffee.java:10)
	at uk.ac.sheffield.com1003.cafe.ingredients.Coffee.&lt;init&gt;(Coffee.java:10)
	at uk.ac.sheffield.com1003.cafe.ingredients.Coffee.&lt;init&gt;(Coffee.java:10)
	at uk.ac.sheffield.com1003.cafe.ingredients.Coffee.&lt;init&gt;(Coffee.java:10)
	at uk.ac.sheffield.com1003.cafe.ingredients.Coffee.&lt;init&gt;(Coffee.java:10)
	at uk.ac.sheffield.com1003.cafe.ingredients.Coffee.&lt;init&gt;(Coffee.java:10)
	at uk.ac.sheffield.com1003.cafe.ingredients.Coffee.&lt;init&gt;(Coffee.java:10)
	at uk.ac.sheffield.com1003.cafe.ingredients.Coffee.&lt;init&gt;(Coffee.java:10)
	at uk.ac.sheffield.com1003.cafe.ingredients.Coffee.&lt;init&gt;(Coffee.java:10)
	at uk.ac.sheffield.com1003.cafe.ingredients.Coffee.&lt;init&gt;(Coffee.java:10)
	at uk.ac.sheffield.com1003.cafe.ingredients.Coffee.&lt;init&gt;(Coffee.java:10)
	at uk.ac.sheffield.com1003.cafe.ingredients.Coffee.&lt;init&gt;(Coffee.java:10)
	at uk.ac.sheffield.com1003.cafe.ingredients.Coffee.&lt;init&gt;(Coffee.java:10)
	at uk.ac.sheffield.com1003.cafe.ingredients.Coffee.&lt;init&gt;(Coffee.java:10)
	at uk.ac.sheffield.com1003.cafe.ingredients.Coffee.&lt;init&gt;(Coffee.java:10)
	at uk.ac.sheffield.com1003.cafe.ingredients.Coffee.&lt;init&gt;(Coffee.java:10)
	at uk.ac.sheffield.com1003.cafe.ingredients.Coffee.&lt;init&gt;(Coffee.java:10)
	at uk.ac.sheffield.com1003.cafe.ingredients.Coffee.&lt;init&gt;(Coffee.java:10)
	at uk.ac.sheffield.com1003.cafe.ingredients.Coffee.&lt;init&gt;(Coffee.java:10)
	at uk.ac.sheffield.com1003.cafe.ingredients.Coffee.&lt;init&gt;(Coffee.java:10)
	at uk.ac.sheffield.com1003.cafe.ingredients.Coffee.&lt;init&gt;(Coffee.java:10)
	at uk.ac.sheffield.com1003.cafe.ingredients.Coffee.&lt;init&gt;(Coffee.java:10)
	at uk.ac.sheffield.com1003.cafe.ingredients.Coffee.&lt;init&gt;(Coffee.java:10)
	at uk.ac.sheffield.com1003.cafe.ingredients.Coffee.&lt;init&gt;(Coffee.java:10)
	at uk.ac.sheffield.com1003.cafe.ingredients.Coffee.&lt;init&gt;(Coffee.java:10)
	at uk.ac.sheffield.com1003.cafe.ingredients.Coffee.&lt;init&gt;(Coffee.java:10)
	at uk.ac.sheffield.com1003.cafe.ingredients.Coffee.&lt;init&gt;(Coffee.java:10)
	at uk.ac.sheffield.com1003.cafe.ingredients.Coffee.&lt;init&gt;(Coffee.java:10)
	at uk.ac.sheffield.com1003.cafe.ingredients.Coffee.&lt;init&gt;(Coffee.java:10)
	at uk.ac.sheffield.com1003.cafe.ingredients.Coffee.&lt;init&gt;(Coffee.java:10)
	at uk.ac.sheffield.com1003.cafe.ingredients.Coffee.&lt;init&gt;(Coffee.java:10)
	at uk.ac.sheffield.com1003.cafe.ingredients.Coffee.&lt;init&gt;(Coffee.java:10)
	at uk.ac.sheffield.com1003.cafe.ingredients.Coffee.&lt;init&gt;(Coffee.java:10)
	at uk.ac.sheffield.com1003.cafe.ingredients.Coffee.&lt;init&gt;(Coffee.java:10)
	at uk.ac.sheffield.com1003.cafe.ingredients.Coffee.&lt;init&gt;(Coffee.java:10)
	at uk.ac.sheffield.com1003.cafe.ingredients.Coffee.&lt;init&gt;(Coffee.java:10)
	at uk.ac.sheffield.com1003.cafe.ingredients.Coffee.&lt;init&gt;(Coffee.java:10)
	at uk.ac.sheffield.com1003.cafe.ingredients.Coffee.&lt;init&gt;(Coffee.java:10)
	at uk.ac.sheffield.com1003.cafe.ingredients.Coffee.&lt;init&gt;(Coffee.java:10)
	at uk.ac.sheffield.com1003.cafe.ingredients.Coffee.&lt;init&gt;(Coffee.java:10)
	at uk.ac.sheffield.com1003.cafe.ingredients.Coffee.&lt;init&gt;(Coffee.java:10)
	at uk.ac.sheffield.com1003.cafe.ingredients.Coffee.&lt;init&gt;(Coffee.java:10)
	at uk.ac.sheffield.com1003.cafe.ingredients.Coffee.&lt;init&gt;(Coffee.java:10)
	at uk.ac.sheffield.com1003.cafe.ingredients.Coffee.&lt;init&gt;(Coffee.java:10)
	at uk.ac.sheffield.com1003.cafe.ingredients.Coffee.&lt;init&gt;(Coffee.java:10)
	at uk.ac.sheffield.com1003.cafe.ingredients.Coffee.&lt;init&gt;(Coffee.java:10)
	at uk.ac.sheffield.com1003.cafe.ingredients.Coffee.&lt;init&gt;(Coffee.java:10)
	at uk.ac.sheffield.com1003.cafe.ingredients.Coffee.&lt;init&gt;(Coffee.java:10)
	at uk.ac.sheffield.com1003.cafe.ingredients.Coffee.&lt;init&gt;(Coffee.java:10)
	at uk.ac.sheffield.com1003.cafe.ingredients.Coffee.&lt;init&gt;(Coffee.java:10)
	at uk.ac.sheffield.com1003.cafe.ingredients.Coffee.&lt;init&gt;(Coffee.java:10)
	at uk.ac.sheffield.com1003.cafe.ingredients.Coffee.&lt;init&gt;(Coffee.java:10)
	at uk.ac.sheffield.com1003.cafe.ingredients.Coffee.&lt;init&gt;(Coffee.java:10)
	at uk.ac.sheffield.com1003.cafe.ingredients.Coffee.&lt;init&gt;(Coffee.java:10)
	at uk.ac.sheffield.com1003.cafe.ingredients.Coffee.&lt;init&gt;(Coffee.java:10)
	at uk.ac.sheffield.com1003.cafe.ingredients.Coffee.&lt;init&gt;(Coffee.java:10)
	at uk.ac.sheffield.com1003.cafe.ingredients.Coffee.&lt;init&gt;(Coffee.java:10)
	at uk.ac.sheffield.com1003.cafe.ingredients.Coffee.&lt;init&gt;(Coffee.java:10)
	at uk.ac.sheffield.com1003.cafe.ingredients.Coffee.&lt;init&gt;(Coffee.java:10)
	at uk.ac.sheffield.com1003.cafe.ingredients.Coffee.&lt;init&gt;(Coffee.java:10)
	at uk.ac.sheffield.com1003.cafe.ingredients.Coffee.&lt;init&gt;(Coffee.java:10)
	at uk.ac.sheffield.com1003.cafe.ingredients.Coffee.&lt;init&gt;(Coffee.java:10)
	at uk.ac.sheffield.com1003.cafe.ingredients.Coffee.&lt;init&gt;(Coffee.java:10)
	at uk.ac.sheffield.com1003.cafe.ingredients.Coffee.&lt;init&gt;(Coffee.java:10)
	at uk.ac.sheffield.com1003.cafe.ingredients.Coffee.&lt;init&gt;(Coffee.java:10)
	at uk.ac.sheffield.com1003.cafe.ingredients.Coffee.&lt;init&gt;(Coffee.java:10)
	at uk.ac.sheffield.com1003.cafe.ingredients.Coffee.&lt;init&gt;(Coffee.java:10)
	at uk.ac.sheffield.com1003.cafe.ingredients.Coffee.&lt;init&gt;(Coffee.java:10)
	at uk.ac.sheffield.com1003.cafe.ingredients.Coffee.&lt;init&gt;(Coffee.java:10)
	at uk.ac.sheffield.com1003.cafe.ingredients.Coffee.&lt;init&gt;(Coffee.java:10)
	at uk.ac.sheffield.com1003.cafe.ingredients.Coffee.&lt;init&gt;(Coffee.java:10)
	at uk.ac.sheffield.com1003.cafe.ingredients.Coffee.&lt;init&gt;(Coffee.java:10)
	at uk.ac.sheffield.com1003.cafe.ingredients.Coffee.&lt;init&gt;(Coffee.java:10)
	at uk.ac.sheffield.com1003.cafe.ingredients.Coffee.&lt;init&gt;(Coffee.java:10)
	at uk.ac.sheffield.com1003.cafe.ingredients.Coffee.&lt;init&gt;(Coffee.java:10)
	at uk.ac.sheffield.com1003.cafe.ingredients.Coffee.&lt;init&gt;(Coffee.java:10)
	at uk.ac.sheffield.com1003.cafe.ingredients.Coffee.&lt;init&gt;(Coffee.java:10)
	at uk.ac.sheffield.com1003.cafe.ingredients.Coffee.&lt;init&gt;(Coffee.java:10)
	at uk.ac.sheffield.com1003.cafe.ingredients.Coffee.&lt;init&gt;(Coffee.java:10)
	at uk.ac.sheffield.com1003.cafe.ingredients.Coffee.&lt;init&gt;(Coffee.java:10)
	at uk.ac.sheffield.com1003.cafe.ingredients.Coffee.&lt;init&gt;(Coffee.java:10)
	at uk.ac.sheffield.com1003.cafe.ingredients.Coffee.&lt;init&gt;(Coffee.java:10)
	at uk.ac.sheffield.com1003.cafe.ingredients.Coffee.&lt;init&gt;(Coffee.java:10)
	at uk.ac.sheffield.com1003.cafe.ingredients.Coffee.&lt;init&gt;(Coffee.java:10)
	at uk.ac.sheffield.com1003.cafe.ingredients.Coffee.&lt;init&gt;(Coffee.java:10)
	at uk.ac.sheffield.com1003.cafe.ingredients.Coffee.&lt;init&gt;(Coffee.java:10)
	at uk.ac.sheffield.com1003.cafe.ingredients.Coffee.&lt;init&gt;(Coffee.java:10)
	at uk.ac.sheffield.com1003.cafe.ingredients.Coffee.&lt;init&gt;(Coffee.java:10)
	at uk.ac.sheffield.com1003.cafe.ingredients.Coffee.&lt;init&gt;(Coffee.java:10)
	at uk.ac.sheffield.com1003.cafe.ingredients.Coffee.&lt;init&gt;(Coffee.java:10)
	at uk.ac.sheffield.com1003.cafe.ingredients.Coffee.&lt;init&gt;(Coffee.java:10)
	at uk.ac.sheffield.com1003.cafe.ingredients.Coffee.&lt;init&gt;(Coffee.java:10)
	at uk.ac.sheffield.com1003.cafe.ingredients.Coffee.&lt;init&gt;(Coffee.java:10)
	at uk.ac.sheffield.com1003.cafe.ingredients.Coffee.&lt;init&gt;(Coffee.java:10)
	at uk.ac.sheffield.com1003.cafe.ingredients.Coffee.&lt;init&gt;(Coffee.java:10)
	at uk.ac.sheffield.com1003.cafe.ingredients.Coffee.&lt;init&gt;(Coffee.java:10)
	at uk.ac.sheffield.com1003.cafe.ingredients.Coffee.&lt;init&gt;(Coffee.java:10)
	at uk.ac.sheffield.com1003.cafe.ingredients.Coffee.&lt;init&gt;(Coffee.java:10)
	at uk.ac.sheffield.com1003.cafe.ingredients.Coffee.&lt;init&gt;(Coffee.java:10)
	at uk.ac.sheffield.com1003.cafe.ingredients.Coffee.&lt;init&gt;(Coffee.java:10)
	at uk.ac.sheffield.com1003.cafe.ingredients.Coffee.&lt;init&gt;(Coffee.java:10)
	at uk.ac.sheffield.com1003.cafe.ingredients.Coffee.&lt;init&gt;(Coffee.java:10)
	at uk.ac.sheffield.com1003.cafe.ingredients.Coffee.&lt;init&gt;(Coffee.java:10)
	at uk.ac.sheffield.com1003.cafe.ingredients.Coffee.&lt;init&gt;(Coffee.java:10)
	at uk.ac.sheffield.com1003.cafe.ingredients.Coffee.&lt;init&gt;(Coffee.java:10)
	at uk.ac.sheffield.com1003.cafe.ingredients.Coffee.&lt;init&gt;(Coffee.java:10)
	at uk.ac.sheffield.com1003.cafe.ingredients.Coffee.&lt;init&gt;(Coffee.java:10)
	at uk.ac.sheffield.com1003.cafe.ingredients.Coffee.&lt;init&gt;(Coffee.java:10)
	at uk.ac.sheffield.com1003.cafe.ingredients.Coffee.&lt;init&gt;(Coffee.java:10)
	at uk.ac.sheffield.com1003.cafe.ingredients.Coffee.&lt;init&gt;(Coffee.java:10)
	at uk.ac.sheffield.com1003.cafe.ingredients.Coffee.&lt;init&gt;(Coffee.java:10)
	at uk.ac.sheffield.com1003.cafe.ingredients.Coffee.&lt;init&gt;(Coffee.java:10)
	at uk.ac.sheffield.com1003.cafe.ingredients.Coffee.&lt;init&gt;(Coffee.java:10)
	at uk.ac.sheffield.com1003.cafe.ingredients.Coffee.&lt;init&gt;(Coffee.java:10)
	at uk.ac.sheffield.com1003.cafe.ingredients.Coffee.&lt;init&gt;(Coffee.java:10)
	at uk.ac.sheffield.com1003.cafe.ingredients.Coffee.&lt;init&gt;(Coffee.java:10)
	at uk.ac.sheffield.com1003.cafe.ingredients.Coffee.&lt;init&gt;(Coffee.java:10)
	at uk.ac.sheffield.com1003.cafe.ingredients.Coffee.&lt;init&gt;(Coffee.java:10)
	at uk.ac.sheffield.com1003.cafe.ingredients.Coffee.&lt;init&gt;(Coffee.java:10)
	at uk.ac.sheffield.com1003.cafe.ingredients.Coffee.&lt;init&gt;(Coffee.java:10)
	at uk.ac.sheffield.com1003.cafe.ingredients.Coffee.&lt;init&gt;(Coffee.java:10)
	at uk.ac.sheffield.com1003.cafe.ingredients.Coffee.&lt;init&gt;(Coffee.java:10)
	at uk.ac.sheffield.com1003.cafe.ingredients.Coffee.&lt;init&gt;(Coffee.java:10)
	at uk.ac.sheffield.com1003.cafe.ingredients.Coffee.&lt;init&gt;(Coffee.java:10)
	at uk.ac.sheffield.com1003.cafe.ingredients.Coffee.&lt;init&gt;(Coffee.java:10)
	at uk.ac.sheffield.com1003.cafe.ingredients.Coffee.&lt;init&gt;(Coffee.java:10)
	at uk.ac.sheffield.com1003.cafe.ingredients.Coffee.&lt;init&gt;(Coffee.java:10)
	at uk.ac.sheffield.com1003.cafe.ingredients.Coffee.&lt;init&gt;(Coffee.java:10)
	at uk.ac.sheffield.com1003.cafe.ingredients.Coffee.&lt;init&gt;(Coffee.java:10)
	at uk.ac.sheffield.com1003.cafe.ingredients.Coffee.&lt;init&gt;(Coffee.java:10)
	at uk.ac.sheffield.com1003.cafe.ingredients.Coffee.&lt;init&gt;(Coffee.java:10)
	at uk.ac.sheffield.com1003.cafe.ingredients.Coffee.&lt;init&gt;(Coffee.java:10)
	at uk.ac.sheffield.com1003.cafe.ingredients.Coffee.&lt;init&gt;(Coffee.java:10)
	at uk.ac.sheffield.com1003.cafe.ingredients.Coffee.&lt;init&gt;(Coffee.java:10)
	at uk.ac.sheffield.com1003.cafe.ingredients.Coffee.&lt;init&gt;(Coffee.java:10)
	at uk.ac.sheffield.com1003.cafe.ingredients.Coffee.&lt;init&gt;(Coffee.java:10)
	at uk.ac.sheffield.com1003.cafe.ingredients.Coffee.&lt;init&gt;(Coffee.java:10)
	at uk.ac.sheffield.com1003.cafe.ingredients.Coffee.&lt;init&gt;(Coffee.java:10)
	at uk.ac.sheffield.com1003.cafe.ingredients.Coffee.&lt;init&gt;(Coffee.java:10)
	at uk.ac.sheffield.com1003.cafe.ingredients.Coffee.&lt;init&gt;(Coffee.java:10)
	at uk.ac.sheffield.com1003.cafe.ingredients.Coffee.&lt;init&gt;(Coffee.java:10)
	at uk.ac.sheffield.com1003.cafe.ingredients.Coffee.&lt;init&gt;(Coffee.java:10)
	at uk.ac.sheffield.com1003.cafe.ingredients.Coffee.&lt;init&gt;(Coffee.java:10)
	at uk.ac.sheffield.com1003.cafe.ingredients.Coffee.&lt;init&gt;(Coffee.java:10)
	at uk.ac.sheffield.com1003.cafe.ingredients.Coffee.&lt;init&gt;(Coffee.java:10)
	at uk.ac.sheffield.com1003.cafe.ingredients.Coffee.&lt;init&gt;(Coffee.java:10)
	at uk.ac.sheffield.com1003.cafe.ingredients.Coffee.&lt;init&gt;(Coffee.java:10)
	at uk.ac.sheffield.com1003.cafe.ingredients.Coffee.&lt;init&gt;(Coffee.java:10)
	at uk.ac.sheffield.com1003.cafe.ingredients.Coffee.&lt;init&gt;(Coffee.java:10)
	at uk.ac.sheffield.com1003.cafe.ingredients.Coffee.&lt;init&gt;(Coffee.java:10)
	at uk.ac.sheffield.com1003.cafe.ingredients.Coffee.&lt;init&gt;(Coffee.java:10)
	at uk.ac.sheffield.com1003.cafe.ingredients.Coffee.&lt;init&gt;(Coffee.java:10)
	at uk.ac.sheffield.com1003.cafe.ingredients.Coffee.&lt;init&gt;(Coffee.java:10)
	at uk.ac.sheffield.com1003.cafe.ingredients.Coffee.&lt;init&gt;(Coffee.java:10)
	at uk.ac.sheffield.com1003.cafe.ingredients.Coffee.&lt;init&gt;(Coffee.java:10)
	at uk.ac.sheffield.com1003.cafe.ingredients.Coffee.&lt;init&gt;(Coffee.java:10)
	at uk.ac.sheffield.com1003.cafe.ingredients.Coffee.&lt;init&gt;(Coffee.java:10)
	at uk.ac.sheffield.com1003.cafe.ingredients.Coffee.&lt;init&gt;(Coffee.java:10)
	at uk.ac.sheffield.com1003.cafe.ingredients.Coffee.&lt;init&gt;(Coffee.java:10)
	at uk.ac.sheffield.com1003.cafe.ingredients.Coffee.&lt;init&gt;(Coffee.java:10)
	at uk.ac.sheffield.com1003.cafe.ingredients.Coffee.&lt;init&gt;(Coffee.java:10)
	at uk.ac.sheffield.com1003.cafe.ingredients.Coffee.&lt;init&gt;(Coffee.java:10)
	at uk.ac.sheffield.com1003.cafe.ingredients.Coffee.&lt;init&gt;(Coffee.java:10)
	at uk.ac.sheffield.com1003.cafe.ingredients.Coffee.&lt;init&gt;(Coffee.java:10)
	at uk.ac.sheffield.com1003.cafe.ingredients.Coffee.&lt;init&gt;(Coffee.java:10)
	at uk.ac.sheffield.com1003.cafe.ingredients.Coffee.&lt;init&gt;(Coffee.java:10)
	at uk.ac.sheffield.com1003.cafe.ingredients.Coffee.&lt;init&gt;(Coffee.java:10)
	at uk.ac.sheffield.com1003.cafe.ingredients.Coffee.&lt;init&gt;(Coffee.java:10)
	at uk.ac.sheffield.com1003.cafe.ingredients.Coffee.&lt;init&gt;(Coffee.java:10)
	at uk.ac.sheffield.com1003.cafe.ingredients.Coffee.&lt;init&gt;(Coffee.java:10)
	at uk.ac.sheffield.com1003.cafe.ingredients.Coffee.&lt;init&gt;(Coffee.java:10)
	at uk.ac.sheffield.com1003.cafe.ingredients.Coffee.&lt;init&gt;(Coffee.java:10)
	at uk.ac.sheffield.com1003.cafe.ingredients.Coffee.&lt;init&gt;(Coffee.java:10)
	at uk.ac.sheffield.com1003.cafe.ingredients.Coffee.&lt;init&gt;(Coffee.java:10)
	at uk.ac.sheffield.com1003.cafe.ingredients.Coffee.&lt;init&gt;(Coffee.java:10)
	at uk.ac.sheffield.com1003.cafe.ingredients.Coffee.&lt;init&gt;(Coffee.java:10)
	at uk.ac.sheffield.com1003.cafe.ingredients.Coffee.&lt;init&gt;(Coffee.java:10)
	at uk.ac.sheffield.com1003.cafe.ingredients.Coffee.&lt;init&gt;(Coffee.java:10)
	at uk.ac.sheffield.com1003.cafe.ingredients.Coffee.&lt;init&gt;(Coffee.java:10)
	at uk.ac.sheffield.com1003.cafe.ingredients.Coffee.&lt;init&gt;(Coffee.java:10)
	at uk.ac.sheffield.com1003.cafe.ingredients.Coffee.&lt;init&gt;(Coffee.java:10)
	at uk.ac.sheffield.com1003.cafe.ingredients.Coffee.&lt;init&gt;(Coffee.java:10)
	at uk.ac.sheffield.com1003.cafe.ingredients.Coffee.&lt;init&gt;(Coffee.java:10)
	at uk.ac.sheffield.com1003.cafe.ingredients.Coffee.&lt;init&gt;(Coffee.java:10)
	at uk.ac.sheffield.com1003.cafe.ingredients.Coffee.&lt;init&gt;(Coffee.java:10)
	at uk.ac.sheffield.com1003.cafe.ingredients.Coffee.&lt;init&gt;(Coffee.java:10)
	at uk.ac.sheffield.com1003.cafe.ingredients.Coffee.&lt;init&gt;(Coffee.java:10)
	at uk.ac.sheffield.com1003.cafe.ingredients.Coffee.&lt;init&gt;(Coffee.java:10)
	at uk.ac.sheffield.com1003.cafe.ingredients.Coffee.&lt;init&gt;(Coffee.java:10)
	at uk.ac.sheffield.com1003.cafe.ingredients.Coffee.&lt;init&gt;(Coffee.java:10)
	at uk.ac.sheffield.com1003.cafe.ingredients.Coffee.&lt;init&gt;(Coffee.java:10)
	at uk.ac.sheffield.com1003.cafe.ingredients.Coffee.&lt;init&gt;(Coffee.java:10)
	at uk.ac.sheffield.com1003.cafe.ingredients.Coffee.&lt;init&gt;(Coffee.java:10)
	at uk.ac.sheffield.com1003.cafe.ingredients.Coffee.&lt;init&gt;(Coffee.java:10)
	at uk.ac.sheffield.com1003.cafe.ingredients.Coffee.&lt;init&gt;(Coffee.java:10)
	at uk.ac.sheffield.com1003.cafe.ingredients.Coffee.&lt;init&gt;(Coffee.java:10)
	at uk.ac.sheffield.com1003.cafe.ingredients.Coffee.&lt;init&gt;(Coffee.java:10)
	at uk.ac.sheffield.com1003.cafe.ingredients.Coffee.&lt;init&gt;(Coffee.java:10)
	at uk.ac.sheffield.com1003.cafe.ingredients.Coffee.&lt;init&gt;(Coffee.java:10)
	at uk.ac.sheffield.com1003.cafe.ingredients.Coffee.&lt;init&gt;(Coffee.java:10)
	at uk.ac.sheffield.com1003.cafe.ingredients.Coffee.&lt;init&gt;(Coffee.java:10)
	at uk.ac.sheffield.com1003.cafe.ingredients.Coffee.&lt;init&gt;(Coffee.java:10)
	at uk.ac.sheffield.com1003.cafe.ingredients.Coffee.&lt;init&gt;(Coffee.java:10)
	at uk.ac.sheffield.com1003.cafe.ingredients.Coffee.&lt;init&gt;(Coffee.java:10)
	at uk.ac.sheffield.com1003.cafe.ingredients.Coffee.&lt;init&gt;(Coffee.java:10)
	at uk.ac.sheffield.com1003.cafe.ingredients.Coffee.&lt;init&gt;(Coffee.java:10)
	at uk.ac.sheffield.com1003.cafe.ingredients.Coffee.&lt;init&gt;(Coffee.java:10)
	at uk.ac.sheffield.com1003.cafe.ingredients.Coffee.&lt;init&gt;(Coffee.java:10)
	at uk.ac.sheffield.com1003.cafe.ingredients.Coffee.&lt;init&gt;(Coffee.java:10)
	at uk.ac.sheffield.com1003.cafe.ingredients.Coffee.&lt;init&gt;(Coffee.java:10)
	at uk.ac.sheffield.com1003.cafe.ingredients.Coffee.&lt;init&gt;(Coffee.java:10)
	at uk.ac.sheffield.com1003.cafe.ingredients.Coffee.&lt;init&gt;(Coffee.java:10)
	at uk.ac.sheffield.com1003.cafe.ingredients.Coffee.&lt;init&gt;(Coffee.java:10)
	at uk.ac.sheffield.com1003.cafe.ingredients.Coffee.&lt;init&gt;(Coffee.java:10)
	at uk.ac.sheffield.com1003.cafe.ingredients.Coffee.&lt;init&gt;(Coffee.java:10)
	at uk.ac.sheffield.com1003.cafe.ingredients.Coffee.&lt;init&gt;(Coffee.java:10)
	at uk.ac.sheffield.com1003.cafe.ingredients.Coffee.&lt;init&gt;(Coffee.java:10)
	at uk.ac.sheffield.com1003.cafe.ingredients.Coffee.&lt;init&gt;(Coffee.java:10)
	at uk.ac.sheffield.com1003.cafe.ingredients.Coffee.&lt;init&gt;(Coffee.java:10)
	at uk.ac.sheffield.com1003.cafe.ingredients.Coffee.&lt;init&gt;(Coffee.java:10)
	at uk.ac.sheffield.com1003.cafe.ingredients.Coffee.&lt;init&gt;(Coffee.java:10)
	at uk.ac.sheffield.com1003.cafe.ingredients.Coffee.&lt;init&gt;(Coffee.java:10)
	at uk.ac.sheffield.com1003.cafe.ingredients.Coffee.&lt;init&gt;(Coffee.java:10)
	at uk.ac.sheffield.com1003.cafe.ingredients.Coffee.&lt;init&gt;(Coffee.java:10)
	at uk.ac.sheffield.com1003.cafe.ingredients.Coffee.&lt;init&gt;(Coffee.java:10)
	at uk.ac.sheffield.com1003.cafe.ingredients.Coffee.&lt;init&gt;(Coffee.java:10)
	at uk.ac.sheffield.com1003.cafe.ingredients.Coffee.&lt;init&gt;(Coffee.java:10)
	at uk.ac.sheffield.com1003.cafe.ingredients.Coffee.&lt;init&gt;(Coffee.java:10)
	at uk.ac.sheffield.com1003.cafe.ingredients.Coffee.&lt;init&gt;(Coffee.java:10)
	at uk.ac.sheffield.com1003.cafe.ingredients.Coffee.&lt;init&gt;(Coffee.java:10)
	at uk.ac.sheffield.com1003.cafe.ingredients.Coffee.&lt;init&gt;(Coffee.java:10)
	at uk.ac.sheffield.com1003.cafe.ingredients.Coffee.&lt;init&gt;(Coffee.java:10)
	at uk.ac.sheffield.com1003.cafe.ingredients.Coffee.&lt;init&gt;(Coffee.java:10)
	at uk.ac.sheffield.com1003.cafe.ingredients.Coffee.&lt;init&gt;(Coffee.java:10)
	at uk.ac.sheffield.com1003.cafe.ingredients.Coffee.&lt;init&gt;(Coffee.java:10)
	at uk.ac.sheffield.com1003.cafe.ingredients.Coffee.&lt;init&gt;(Coffee.java:10)
	at uk.ac.sheffield.com1003.cafe.ingredients.Coffee.&lt;init&gt;(Coffee.java:10)
	at uk.ac.sheffield.com1003.cafe.ingredients.Coffee.&lt;init&gt;(Coffee.java:10)
	at uk.ac.sheffield.com1003.cafe.ingredients.Coffee.&lt;init&gt;(Coffee.java:10)
	at uk.ac.sheffield.com1003.cafe.ingredients.Coffee.&lt;init&gt;(Coffee.java:10)
	at uk.ac.sheffield.com1003.cafe.ingredients.Coffee.&lt;init&gt;(Coffee.java:10)
	at uk.ac.sheffield.com1003.cafe.ingredients.Coffee.&lt;init&gt;(Coffee.java:10)
	at uk.ac.sheffield.com1003.cafe.ingredients.Coffee.&lt;init&gt;(Coffee.java:10)
	at uk.ac.sheffield.com1003.cafe.ingredients.Coffee.&lt;init&gt;(Coffee.java:10)
	at uk.ac.sheffield.com1003.cafe.ingredients.Coffee.&lt;init&gt;(Coffee.java:10)
	at uk.ac.sheffield.com1003.cafe.ingredients.Coffee.&lt;init&gt;(Coffee.java:10)
	at uk.ac.sheffield.com1003.cafe.ingredients.Coffee.&lt;init&gt;(Coffee.java:10)
	at uk.ac.sheffield.com1003.cafe.ingredients.Coffee.&lt;init&gt;(Coffee.java:10)
	at uk.ac.sheffield.com1003.cafe.ingredients.Coffee.&lt;init&gt;(Coffee.java:10)
	at uk.ac.sheffield.com1003.cafe.ingredients.Coffee.&lt;init&gt;(Coffee.java:10)
	at uk.ac.sheffield.com1003.cafe.ingredients.Coffee.&lt;init&gt;(Coffee.java:10)
	at uk.ac.sheffield.com1003.cafe.ingredients.Coffee.&lt;init&gt;(Coffee.java:10)
	at uk.ac.sheffield.com1003.cafe.ingredients.Coffee.&lt;init&gt;(Coffee.java:10)
	at uk.ac.sheffield.com1003.cafe.ingredients.Coffee.&lt;init&gt;(Coffee.java:10)
	at uk.ac.sheffield.com1003.cafe.ingredients.Coffee.&lt;init&gt;(Coffee.java:10)
	at uk.ac.sheffield.com1003.cafe.ingredients.Coffee.&lt;init&gt;(Coffee.java:10)
	at uk.ac.sheffield.com1003.cafe.ingredients.Coffee.&lt;init&gt;(Coffee.java:10)
	at uk.ac.sheffield.com1003.cafe.ingredients.Coffee.&lt;init&gt;(Coffee.java:10)
	at uk.ac.sheffield.com1003.cafe.ingredients.Coffee.&lt;init&gt;(Coffee.java:10)
	at uk.ac.sheffield.com1003.cafe.ingredients.Coffee.&lt;init&gt;(Coffee.java:10)
	at uk.ac.sheffield.com1003.cafe.ingredients.Coffee.&lt;init&gt;(Coffee.java:10)
	at uk.ac.sheffield.com1003.cafe.ingredients.Coffee.&lt;init&gt;(Coffee.java:10)
	at uk.ac.sheffield.com1003.cafe.ingredients.Coffee.&lt;init&gt;(Coffee.java:10)
	at uk.ac.sheffield.com1003.cafe.ingredients.Coffee.&lt;init&gt;(Coffee.java:10)
	at uk.ac.sheffield.com1003.cafe.ingredients.Coffee.&lt;init&gt;(Coffee.java:10)
	at uk.ac.sheffield.com1003.cafe.ingredients.Coffee.&lt;init&gt;(Coffee.java:10)
	at uk.ac.sheffield.com1003.cafe.ingredients.Coffee.&lt;init&gt;(Coffee.java:10)
	at uk.ac.sheffield.com1003.cafe.ingredients.Coffee.&lt;init&gt;(Coffee.java:10)
	at uk.ac.sheffield.com1003.cafe.ingredients.Coffee.&lt;init&gt;(Coffee.java:10)
	at uk.ac.sheffield.com1003.cafe.ingredients.Coffee.&lt;init&gt;(Coffee.java:10)
	at uk.ac.sheffield.com1003.cafe.ingredients.Coffee.&lt;init&gt;(Coffee.java:10)
	at uk.ac.sheffield.com1003.cafe.ingredients.Coffee.&lt;init&gt;(Coffee.java:10)
	at uk.ac.sheffield.com1003.cafe.ingredients.Coffee.&lt;init&gt;(Coffee.java:10)
	at uk.ac.sheffield.com1003.cafe.ingredients.Coffee.&lt;init&gt;(Coffee.java:10)
	at uk.ac.sheffield.com1003.cafe.ingredients.Coffee.&lt;init&gt;(Coffee.java:10)
	at uk.ac.sheffield.com1003.cafe.ingredients.Coffee.&lt;init&gt;(Coffee.java:10)
	at uk.ac.sheffield.com1003.cafe.ingredients.Coffee.&lt;init&gt;(Coffee.java:10)
	at uk.ac.sheffield.com1003.cafe.ingredients.Coffee.&lt;init&gt;(Coffee.java:10)
	at uk.ac.sheffield.com1003.cafe.ingredients.Coffee.&lt;init&gt;(Coffee.java:10)
	at uk.ac.sheffield.com1003.cafe.ingredients.Coffee.&lt;init&gt;(Coffee.java:10)
	at uk.ac.sheffield.com1003.cafe.ingredients.Coffee.&lt;init&gt;(Coffee.java:10)
	at uk.ac.sheffield.com1003.cafe.ingredients.Coffee.&lt;init&gt;(Coffee.java:10)
	at uk.ac.sheffield.com1003.cafe.ingredients.Coffee.&lt;init&gt;(Coffee.java:10)
	at uk.ac.sheffield.com1003.cafe.ingredients.Coffee.&lt;init&gt;(Coffee.java:10)
	at uk.ac.sheffield.com1003.cafe.ingredients.Coffee.&lt;init&gt;(Coffee.java:10)
	at uk.ac.sheffield.com1003.cafe.ingredients.Coffee.&lt;init&gt;(Coffee.java:10)
	at uk.ac.sheffield.com1003.cafe.ingredients.Coffee.&lt;init&gt;(Coffee.java:10)
	at uk.ac.sheffield.com1003.cafe.ingredients.Coffee.&lt;init&gt;(Coffee.java:10)
	at uk.ac.sheffield.com1003.cafe.ingredients.Coffee.&lt;init&gt;(Coffee.java:10)
	at uk.ac.sheffield.com1003.cafe.ingredients.Coffee.&lt;init&gt;(Coffee.java:10)
	at uk.ac.sheffield.com1003.cafe.ingredients.Coffee.&lt;init&gt;(Coffee.java:10)
	at uk.ac.sheffield.com1003.cafe.ingredients.Coffee.&lt;init&gt;(Coffee.java:10)
	at uk.ac.sheffield.com1003.cafe.ingredients.Coffee.&lt;init&gt;(Coffee.java:10)
	at uk.ac.sheffield.com1003.cafe.ingredients.Coffee.&lt;init&gt;(Coffee.java:10)
	at uk.ac.sheffield.com1003.cafe.ingredients.Coffee.&lt;init&gt;(Coffee.java:10)
	at uk.ac.sheffield.com1003.cafe.ingredients.Coffee.&lt;init&gt;(Coffee.java:10)
	at uk.ac.sheffield.com1003.cafe.ingredients.Coffee.&lt;init&gt;(Coffee.java:10)
	at uk.ac.sheffield.com1003.cafe.ingredients.Coffee.&lt;init&gt;(Coffee.java:10)
	at uk.ac.sheffield.com1003.cafe.ingredients.Coffee.&lt;init&gt;(Coffee.java:10)
	at uk.ac.sheffield.com1003.cafe.ingredients.Coffee.&lt;init&gt;(Coffee.java:10)
	at uk.ac.sheffield.com1003.cafe.ingredients.Coffee.&lt;init&gt;(Coffee.java:10)
	at uk.ac.sheffield.com1003.cafe.ingredients.Coffee.&lt;init&gt;(Coffee.java:10)
	at uk.ac.sheffield.com1003.cafe.ingredients.Coffee.&lt;init&gt;(Coffee.java:10)
	at uk.ac.sheffield.com1003.cafe.ingredients.Coffee.&lt;init&gt;(Coffee.java:10)
	at uk.ac.sheffield.com1003.cafe.ingredients.Coffee.&lt;init&gt;(Coffee.java:10)
	at uk.ac.sheffield.com1003.cafe.ingredients.Coffee.&lt;init&gt;(Coffee.java:10)
	at uk.ac.sheffield.com1003.cafe.ingredients.Coffee.&lt;init&gt;(Coffee.java:10)
	at uk.ac.sheffield.com1003.cafe.ingredients.Coffee.&lt;init&gt;(Coffee.java:10)
	at uk.ac.sheffield.com1003.cafe.ingredients.Coffee.&lt;init&gt;(Coffee.java:10)
	at uk.ac.sheffield.com1003.cafe.ingredients.Coffee.&lt;init&gt;(Coffee.java:10)
	at uk.ac.sheffield.com1003.cafe.ingredients.Coffee.&lt;init&gt;(Coffee.java:10)
	at uk.ac.sheffield.com1003.cafe.ingredients.Coffee.&lt;init&gt;(Coffee.java:10)
	at uk.ac.sheffield.com1003.cafe.ingredients.Coffee.&lt;init&gt;(Coffee.java:10)
	at uk.ac.sheffield.com1003.cafe.ingredients.Coffee.&lt;init&gt;(Coffee.java:10)
	at uk.ac.sheffield.com1003.cafe.ingredients.Coffee.&lt;init&gt;(Coffee.java:10)
	at uk.ac.sheffield.com1003.cafe.ingredients.Coffee.&lt;init&gt;(Coffee.java:10)
	at uk.ac.sheffield.com1003.cafe.ingredients.Coffee.&lt;init&gt;(Coffee.java:10)
	at uk.ac.sheffield.com1003.cafe.ingredients.Coffee.&lt;init&gt;(Coffee.java:10)
	at uk.ac.sheffield.com1003.cafe.ingredients.Coffee.&lt;init&gt;(Coffee.java:10)
	at uk.ac.sheffield.com1003.cafe.ingredients.Coffee.&lt;init&gt;(Coffee.java:10)
	at uk.ac.sheffield.com1003.cafe.ingredients.Coffee.&lt;init&gt;(Coffee.java:10)
	at uk.ac.sheffield.com1003.cafe.ingredients.Coffee.&lt;init&gt;(Coffee.java:10)
	at uk.ac.sheffield.com1003.cafe.ingredients.Coffee.&lt;init&gt;(Coffee.java:10)
	at uk.ac.sheffield.com1003.cafe.ingredients.Coffee.&lt;init&gt;(Coffee.java:10)
	at uk.ac.sheffield.com1003.cafe.ingredients.Coffee.&lt;init&gt;(Coffee.java:10)
	at uk.ac.sheffield.com1003.cafe.ingredients.Coffee.&lt;init&gt;(Coffee.java:10)
	at uk.ac.sheffield.com1003.cafe.ingredients.Coffee.&lt;init&gt;(Coffee.java:10)
	at uk.ac.sheffield.com1003.cafe.ingredients.Coffee.&lt;init&gt;(Coffee.java:10)
	at uk.ac.sheffield.com1003.cafe.ingredients.Coffee.&lt;init&gt;(Coffee.java:10)
	at uk.ac.sheffield.com1003.cafe.ingredients.Coffee.&lt;init&gt;(Coffee.java:10)
	at uk.ac.sheffield.com1003.cafe.ingredients.Coffee.&lt;init&gt;(Coffee.java:10)
	at uk.ac.sheffield.com1003.cafe.ingredients.Coffee.&lt;init&gt;(Coffee.java:10)
	at uk.ac.sheffield.com1003.cafe.ingredients.Coffee.&lt;init&gt;(Coffee.java:10)
	at uk.ac.sheffield.com1003.cafe.ingredients.Coffee.&lt;init&gt;(Coffee.java:10)
	at uk.ac.sheffield.com1003.cafe.ingredients.Coffee.&lt;init&gt;(Coffee.java:10)
	at uk.ac.sheffield.com1003.cafe.ingredients.Coffee.&lt;init&gt;(Coffee.java:10)
	at uk.ac.sheffield.com1003.cafe.ingredients.Coffee.&lt;init&gt;(Coffee.java:10)
	at uk.ac.sheffield.com1003.cafe.ingredients.Coffee.&lt;init&gt;(Coffee.java:10)
	at uk.ac.sheffield.com1003.cafe.ingredients.Coffee.&lt;init&gt;(Coffee.java:10)
	at uk.ac.sheffield.com1003.cafe.ingredients.Coffee.&lt;init&gt;(Coffee.java:10)
	at uk.ac.sheffield.com1003.cafe.ingredients.Coffee.&lt;init&gt;(Coffee.java:10)
	at uk.ac.sheffield.com1003.cafe.ingredients.Coffee.&lt;init&gt;(Coffee.java:10)
	at uk.ac.sheffield.com1003.cafe.ingredients.Coffee.&lt;init&gt;(Coffee.java:10)
	at uk.ac.sheffield.com1003.cafe.ingredients.Coffee.&lt;init&gt;(Coffee.java:10)
	at uk.ac.sheffield.com1003.cafe.ingredients.Coffee.&lt;init&gt;(Coffee.java:10)
	at uk.ac.sheffield.com1003.cafe.ingredients.Coffee.&lt;init&gt;(Coffee.java:10)
	at uk.ac.sheffield.com1003.cafe.ingredients.Coffee.&lt;init&gt;(Coffee.java:10)
	at uk.ac.sheffield.com1003.cafe.ingredients.Coffee.&lt;init&gt;(Coffee.java:10)
	at uk.ac.sheffield.com1003.cafe.ingredients.Coffee.&lt;init&gt;(Coffee.java:10)
	at uk.ac.sheffield.com1003.cafe.ingredients.Coffee.&lt;init&gt;(Coffee.java:10)
	at uk.ac.sheffield.com1003.cafe.ingredients.Coffee.&lt;init&gt;(Coffee.java:10)
	at uk.ac.sheffield.com1003.cafe.ingredients.Coffee.&lt;init&gt;(Coffee.java:10)
	at uk.ac.sheffield.com1003.cafe.ingredients.Coffee.&lt;init&gt;(Coffee.java:10)
	at uk.ac.sheffield.com1003.cafe.ingredients.Coffee.&lt;init&gt;(Coffee.java:10)
	at uk.ac.sheffield.com1003.cafe.ingredients.Coffee.&lt;init&gt;(Coffee.java:10)
	at uk.ac.sheffield.com1003.cafe.ingredients.Coffee.&lt;init&gt;(Coffee.java:10)
	at uk.ac.sheffield.com1003.cafe.ingredients.Coffee.&lt;init&gt;(Coffee.java:10)
	at uk.ac.sheffield.com1003.cafe.ingredients.Coffee.&lt;init&gt;(Coffee.java:10)
	at uk.ac.sheffield.com1003.cafe.ingredients.Coffee.&lt;init&gt;(Coffee.java:10)
	at uk.ac.sheffield.com1003.cafe.ingredients.Coffee.&lt;init&gt;(Coffee.java:10)
	at uk.ac.sheffield.com1003.cafe.ingredients.Coffee.&lt;init&gt;(Coffee.java:10)
	at uk.ac.sheffield.com1003.cafe.ingredients.Coffee.&lt;init&gt;(Coffee.java:10)
	at uk.ac.sheffield.com1003.cafe.ingredients.Coffee.&lt;init&gt;(Coffee.java:10)
	at uk.ac.sheffield.com1003.cafe.ingredients.Coffee.&lt;init&gt;(Coffee.java:10)
	at uk.ac.sheffield.com1003.cafe.ingredients.Coffee.&lt;init&gt;(Coffee.java:10)
	at uk.ac.sheffield.com1003.cafe.ingredients.Coffee.&lt;init&gt;(Coffee.java:10)
	at uk.ac.sheffield.com1003.cafe.ingredients.Coffee.&lt;init&gt;(Coffee.java:10)
	at uk.ac.sheffield.com1003.cafe.ingredients.Coffee.&lt;init&gt;(Coffee.java:10)
	at uk.ac.sheffield.com1003.cafe.ingredients.Coffee.&lt;init&gt;(Coffee.java:10)
	at uk.ac.sheffield.com1003.cafe.ingredients.Coffee.&lt;init&gt;(Coffee.java:10)
	at uk.ac.sheffield.com1003.cafe.ingredients.Coffee.&lt;init&gt;(Coffee.java:10)
	at uk.ac.sheffield.com1003.cafe.ingredients.Coffee.&lt;init&gt;(Coffee.java:10)
	at uk.ac.sheffield.com1003.cafe.ingredients.Coffee.&lt;init&gt;(Coffee.java:10)
	at uk.ac.sheffield.com1003.cafe.ingredients.Coffee.&lt;init&gt;(Coffee.java:10)
	at uk.ac.sheffield.com1003.cafe.ingredients.Coffee.&lt;init&gt;(Coffee.java:10)
	at uk.ac.sheffield.com1003.cafe.ingredients.Coffee.&lt;init&gt;(Coffee.java:10)
	at uk.ac.sheffield.com1003.cafe.ingredients.Coffee.&lt;init&gt;(Coffee.java:10)
	at uk.ac.sheffield.com1003.cafe.ingredients.Coffee.&lt;init&gt;(Coffee.java:10)
	at uk.ac.sheffield.com1003.cafe.ingredients.Coffee.&lt;init&gt;(Coffee.java:10)
	at uk.ac.sheffield.com1003.cafe.ingredients.Coffee.&lt;init&gt;(Coffee.java:10)
	at uk.ac.sheffield.com1003.cafe.ingredients.Coffee.&lt;init&gt;(Coffee.java:10)
	at uk.ac.sheffield.com1003.cafe.ingredients.Coffee.&lt;init&gt;(Coffee.java:10)
	at uk.ac.sheffield.com1003.cafe.ingredients.Coffee.&lt;init&gt;(Coffee.java:10)
	at uk.ac.sheffield.com1003.cafe.ingredients.Coffee.&lt;init&gt;(Coffee.java:10)
	at uk.ac.sheffield.com1003.cafe.ingredients.Coffee.&lt;init&gt;(Coffee.java:10)
	at uk.ac.sheffield.com1003.cafe.ingredients.Coffee.&lt;init&gt;(Coffee.java:10)
	at uk.ac.sheffield.com1003.cafe.ingredients.Coffee.&lt;init&gt;(Coffee.java:10)
	at uk.ac.sheffield.com1003.cafe.ingredients.Coffee.&lt;init&gt;(Coffee.java:10)
	at uk.ac.sheffield.com1003.cafe.ingredients.Coffee.&lt;init&gt;(Coffee.java:10)
	at uk.ac.sheffield.com1003.cafe.ingredients.Coffee.&lt;init&gt;(Coffee.java:10)
	at uk.ac.sheffield.com1003.cafe.ingredients.Coffee.&lt;init&gt;(Coffee.java:10)
	at uk.ac.sheffield.com1003.cafe.ingredients.Coffee.&lt;init&gt;(Coffee.java:10)
	at uk.ac.sheffield.com1003.cafe.ingredients.Coffee.&lt;init&gt;(Coffee.java:10)
	at uk.ac.sheffield.com1003.cafe.ingredients.Coffee.&lt;init&gt;(Coffee.java:10)
	at uk.ac.sheffield.com1003.cafe.ingredients.Coffee.&lt;init&gt;(Coffee.java:10)
	at uk.ac.sheffield.com1003.cafe.ingredients.Coffee.&lt;init&gt;(Coffee.java:10)
	at uk.ac.sheffield.com1003.cafe.ingredients.Coffee.&lt;init&gt;(Coffee.java:10)
	at uk.ac.sheffield.com1003.cafe.ingredients.Coffee.&lt;init&gt;(Coffee.java:10)
	at uk.ac.sheffield.com1003.cafe.ingredients.Coffee.&lt;init&gt;(Coffee.java:10)
	at uk.ac.sheffield.com1003.cafe.ingredients.Coffee.&lt;init&gt;(Coffee.java:10)
	at uk.ac.sheffield.com1003.cafe.ingredients.Coffee.&lt;init&gt;(Coffee.java:10)
	at uk.ac.sheffield.com1003.cafe.ingredients.Coffee.&lt;init&gt;(Coffee.java:10)
	at uk.ac.sheffield.com1003.cafe.ingredients.Coffee.&lt;init&gt;(Coffee.java:10)
	at uk.ac.sheffield.com1003.cafe.ingredients.Coffee.&lt;init&gt;(Coffee.java:10)
	at uk.ac.sheffield.com1003.cafe.ingredients.Coffee.&lt;init&gt;(Coffee.java:10)
	at uk.ac.sheffield.com1003.cafe.ingredients.Coffee.&lt;init&gt;(Coffee.java:10)
	at uk.ac.sheffield.com1003.cafe.ingredients.Coffee.&lt;init&gt;(Coffee.java:10)
	at uk.ac.sheffield.com1003.cafe.ingredients.Coffee.&lt;init&gt;(Coffee.java:10)
	at uk.ac.sheffield.com1003.cafe.ingredients.Coffee.&lt;init&gt;(Coffee.java:10)
	at uk.ac.sheffield.com1003.cafe.ingredients.Coffee.&lt;init&gt;(Coffee.java:10)
	at uk.ac.sheffield.com1003.cafe.ingredients.Coffee.&lt;init&gt;(Coffee.java:10)
	at uk.ac.sheffield.com1003.cafe.ingredients.Coffee.&lt;init&gt;(Coffee.java:10)
	at uk.ac.sheffield.com1003.cafe.ingredients.Coffee.&lt;init&gt;(Coffee.java:10)
	at uk.ac.sheffield.com1003.cafe.ingredients.Coffee.&lt;init&gt;(Coffee.java:10)
	at uk.ac.sheffield.com1003.cafe.ingredients.Coffee.&lt;init&gt;(Coffee.java:10)
	at uk.ac.sheffield.com1003.cafe.ingredients.Coffee.&lt;init&gt;(Coffee.java:10)
	at uk.ac.sheffield.com1003.cafe.ingredients.Coffee.&lt;init&gt;(Coffee.java:10)
	at uk.ac.sheffield.com1003.cafe.ingredients.Coffee.&lt;init&gt;(Coffee.java:10)
	at uk.ac.sheffield.com1003.cafe.ingredients.Coffee.&lt;init&gt;(Coffee.java:10)
	at uk.ac.sheffield.com1003.cafe.ingredients.Coffee.&lt;init&gt;(Coffee.java:10)
	at uk.ac.sheffield.com1003.cafe.ingredients.Coffee.&lt;init&gt;(Coffee.java:10)
	at uk.ac.sheffield.com1003.cafe.ingredients.Coffee.&lt;init&gt;(Coffee.java:10)
	at uk.ac.sheffield.com1003.cafe.ingredients.Coffee.&lt;init&gt;(Coffee.java:10)
	at uk.ac.sheffield.com1003.cafe.ingredients.Coffee.&lt;init&gt;(Coffee.java:10)
	at uk.ac.sheffield.com1003.cafe.ingredients.Coffee.&lt;init&gt;(Coffee.java:10)
	at uk.ac.sheffield.com1003.cafe.ingredients.Coffee.&lt;init&gt;(Coffee.java:10)
	at uk.ac.sheffield.com1003.cafe.ingredients.Coffee.&lt;init&gt;(Coffee.java:10)
	at uk.ac.sheffield.com1003.cafe.ingredients.Coffee.&lt;init&gt;(Coffee.java:10)
	at uk.ac.sheffield.com1003.cafe.ingredients.Coffee.&lt;init&gt;(Coffee.java:10)
	at uk.ac.sheffield.com1003.cafe.ingredients.Coffee.&lt;init&gt;(Coffee.java:10)
	at uk.ac.sheffield.com1003.cafe.ingredients.Coffee.&lt;init&gt;(Coffee.java:10)
	at uk.ac.sheffield.com1003.cafe.ingredients.Coffee.&lt;init&gt;(Coffee.java:10)
	at uk.ac.sheffield.com1003.cafe.ingredients.Coffee.&lt;init&gt;(Coffee.java:10)
	at uk.ac.sheffield.com1003.cafe.ingredients.Coffee.&lt;init&gt;(Coffee.java:10)
	at uk.ac.sheffield.com1003.cafe.ingredients.Coffee.&lt;init&gt;(Coffee.java:10)
	at uk.ac.sheffield.com1003.cafe.ingredients.Coffee.&lt;init&gt;(Coffee.java:10)
	at uk.ac.sheffield.com1003.cafe.ingredients.Coffee.&lt;init&gt;(Coffee.java:10)
	at uk.ac.sheffield.com1003.cafe.ingredients.Coffee.&lt;init&gt;(Coffee.java:10)
	at uk.ac.sheffield.com1003.cafe.ingredients.Coffee.&lt;init&gt;(Coffee.java:10)
	at uk.ac.sheffield.com1003.cafe.ingredients.Coffee.&lt;init&gt;(Coffee.java:10)
	at uk.ac.sheffield.com1003.cafe.ingredients.Coffee.&lt;init&gt;(Coffee.java:10)
	at uk.ac.sheffield.com1003.cafe.ingredients.Coffee.&lt;init&gt;(Coffee.java:10)
	at uk.ac.sheffield.com1003.cafe.ingredients.Coffee.&lt;init&gt;(Coffee.java:10)
	at uk.ac.sheffield.com1003.cafe.ingredients.Coffee.&lt;init&gt;(Coffee.java:10)
	at uk.ac.sheffield.com1003.cafe.ingredients.Coffee.&lt;init&gt;(Coffee.java:10)
	at uk.ac.sheffield.com1003.cafe.ingredients.Coffee.&lt;init&gt;(Coffee.java:10)
	at uk.ac.sheffield.com1003.cafe.ingredients.Coffee.&lt;init&gt;(Coffee.java:10)
	at uk.ac.sheffield.com1003.cafe.ingredients.Coffee.&lt;init&gt;(Coffee.java:10)
	at uk.ac.sheffield.com1003.cafe.ingredients.Coffee.&lt;init&gt;(Coffee.java:10)
	at uk.ac.sheffield.com1003.cafe.ingredients.Coffee.&lt;init&gt;(Coffee.java:10)
	at uk.ac.sheffield.com1003.cafe.ingredients.Coffee.&lt;init&gt;(Coffee.java:10)
	at uk.ac.sheffield.com1003.cafe.ingredients.Coffee.&lt;init&gt;(Coffee.java:10)
	at uk.ac.sheffield.com1003.cafe.ingredients.Coffee.&lt;init&gt;(Coffee.java:10)
	at uk.ac.sheffield.com1003.cafe.ingredients.Coffee.&lt;init&gt;(Coffee.java:10)
	at uk.ac.sheffield.com1003.cafe.ingredients.Coffee.&lt;init&gt;(Coffee.java:10)
	at uk.ac.sheffield.com1003.cafe.ingredients.Coffee.&lt;init&gt;(Coffee.java:10)
	at uk.ac.sheffield.com1003.cafe.ingredients.Coffee.&lt;init&gt;(Coffee.java:10)
	at uk.ac.sheffield.com1003.cafe.ingredients.Coffee.&lt;init&gt;(Coffee.java:10)
	at uk.ac.sheffield.com1003.cafe.ingredients.Coffee.&lt;init&gt;(Coffee.java:10)
	at uk.ac.sheffield.com1003.cafe.ingredients.Coffee.&lt;init&gt;(Coffee.java:10)
	at uk.ac.sheffield.com1003.cafe.ingredients.Coffee.&lt;init&gt;(Coffee.java:10)
	at uk.ac.sheffield.com1003.cafe.ingredients.Coffee.&lt;init&gt;(Coffee.java:10)
	at uk.ac.sheffield.com1003.cafe.ingredients.Coffee.&lt;init&gt;(Coffee.java:10)
	at uk.ac.sheffield.com1003.cafe.ingredients.Coffee.&lt;init&gt;(Coffee.java:10)
	at uk.ac.sheffield.com1003.cafe.ingredients.Coffee.&lt;init&gt;(Coffee.java:10)
	at uk.ac.sheffield.com1003.cafe.ingredients.Coffee.&lt;init&gt;(Coffee.java:10)
	at uk.ac.sheffield.com1003.cafe.ingredients.Coffee.&lt;init&gt;(Coffee.java:10)
	at uk.ac.sheffield.com1003.cafe.ingredients.Coffee.&lt;init&gt;(Coffee.java:10)
	at uk.ac.sheffield.com1003.cafe.ingredients.Coffee.&lt;init&gt;(Coffee.java:10)
	at uk.ac.sheffield.com1003.cafe.ingredients.Coffee.&lt;init&gt;(Coffee.java:10)
	at uk.ac.sheffield.com1003.cafe.ingredients.Coffee.&lt;init&gt;(Coffee.java:10)
	at uk.ac.sheffield.com1003.cafe.ingredients.Coffee.&lt;init&gt;(Coffee.java:10)
	at uk.ac.sheffield.com1003.cafe.ingredients.Coffee.&lt;init&gt;(Coffee.java:10)
	at uk.ac.sheffield.com1003.cafe.ingredients.Coffee.&lt;init&gt;(Coffee.java:10)
	at uk.ac.sheffield.com1003.cafe.ingredients.Coffee.&lt;init&gt;(Coffee.java:10)
	at uk.ac.sheffield.com1003.cafe.ingredients.Coffee.&lt;init&gt;(Coffee.java:10)
	at uk.ac.sheffield.com1003.cafe.ingredients.Coffee.&lt;init&gt;(Coffee.java:10)
	at uk.ac.sheffield.com1003.cafe.ingredients.Coffee.&lt;init&gt;(Coffee.java:10)
	at uk.ac.sheffield.com1003.cafe.ingredients.Coffee.&lt;init&gt;(Coffee.java:10)
	at uk.ac.sheffield.com1003.cafe.ingredients.Coffee.&lt;init&gt;(Coffee.java:10)
	at uk.ac.sheffield.com1003.cafe.ingredients.Coffee.&lt;init&gt;(Coffee.java:10)
	at uk.ac.sheffield.com1003.cafe.ingredients.Coffee.&lt;init&gt;(Coffee.java:10)
	at uk.ac.sheffield.com1003.cafe.ingredients.Coffee.&lt;init&gt;(Coffee.java:10)
	at uk.ac.sheffield.com1003.cafe.ingredients.Coffee.&lt;init&gt;(Coffee.java:10)
	at uk.ac.sheffield.com1003.cafe.ingredients.Coffee.&lt;init&gt;(Coffee.java:10)
	at uk.ac.sheffield.com1003.cafe.ingredients.Coffee.&lt;init&gt;(Coffee.java:10)
	at uk.ac.sheffield.com1003.cafe.ingredients.Coffee.&lt;init&gt;(Coffee.java:10)
	at uk.ac.sheffield.com1003.cafe.ingredients.Coffee.&lt;init&gt;(Coffee.java:10)
	at uk.ac.sheffield.com1003.cafe.ingredients.Coffee.&lt;init&gt;(Coffee.java:10)
	at uk.ac.sheffield.com1003.cafe.ingredients.Coffee.&lt;init&gt;(Coffee.java:10)
	at uk.ac.sheffield.com1003.cafe.ingredients.Coffee.&lt;init&gt;(Coffee.java:10)
	at uk.ac.sheffield.com1003.cafe.ingredients.Coffee.&lt;init&gt;(Coffee.java:10)
	at uk.ac.sheffield.com1003.cafe.ingredients.Coffee.&lt;init&gt;(Coffee.java:10)
	at uk.ac.sheffield.com1003.cafe.ingredients.Coffee.&lt;init&gt;(Coffee.java:10)
	at uk.ac.sheffield.com1003.cafe.ingredients.Coffee.&lt;init&gt;(Coffee.java:10)
	at uk.ac.sheffield.com1003.cafe.ingredients.Coffee.&lt;init&gt;(Coffee.java:10)
	at uk.ac.sheffield.com1003.cafe.ingredients.Coffee.&lt;init&gt;(Coffee.java:10)
	at uk.ac.sheffield.com1003.cafe.ingredients.Coffee.&lt;init&gt;(Coffee.java:10)
	at uk.ac.sheffield.com1003.cafe.ingredients.Coffee.&lt;init&gt;(Coffee.java:10)
	at uk.ac.sheffield.com1003.cafe.ingredients.Coffee.&lt;init&gt;(Coffee.java:10)
	at uk.ac.sheffield.com1003.cafe.ingredients.Coffee.&lt;init&gt;(Coffee.java:10)
	at uk.ac.sheffield.com1003.cafe.ingredients.Coffee.&lt;init&gt;(Coffee.java:10)
	at uk.ac.sheffield.com1003.cafe.ingredients.Coffee.&lt;init&gt;(Coffee.java:10)
	at uk.ac.sheffield.com1003.cafe.ingredients.Coffee.&lt;init&gt;(Coffee.java:10)
	at uk.ac.sheffield.com1003.cafe.ingredients.Coffee.&lt;init&gt;(Coffee.java:10)
	at uk.ac.sheffield.com1003.cafe.ingredients.Coffee.&lt;init&gt;(Coffee.java:10)
	at uk.ac.sheffield.com1003.cafe.ingredients.Coffee.&lt;init&gt;(Coffee.java:10)
	at uk.ac.sheffield.com1003.cafe.ingredients.Coffee.&lt;init&gt;(Coffee.java:10)
	at uk.ac.sheffield.com1003.cafe.ingredients.Coffee.&lt;init&gt;(Coffee.java:10)
	at uk.ac.sheffield.com1003.cafe.ingredients.Coffee.&lt;init&gt;(Coffee.java:10)
	at uk.ac.sheffield.com1003.cafe.ingredients.Coffee.&lt;init&gt;(Coffee.java:10)
	at uk.ac.sheffield.com1003.cafe.ingredients.Coffee.&lt;init&gt;(Coffee.java:10)
	at uk.ac.sheffield.com1003.cafe.ingredients.Coffee.&lt;init&gt;(Coffee.java:10)
	at uk.ac.sheffield.com1003.cafe.ingredients.Coffee.&lt;init&gt;(Coffee.java:10)
	at uk.ac.sheffield.com1003.cafe.ingredients.Coffee.&lt;init&gt;(Coffee.java:10)
	at uk.ac.sheffield.com1003.cafe.ingredients.Coffee.&lt;init&gt;(Coffee.java:10)
	at uk.ac.sheffield.com1003.cafe.ingredients.Coffee.&lt;init&gt;(Coffee.java:10)
	at uk.ac.sheffield.com1003.cafe.ingredients.Coffee.&lt;init&gt;(Coffee.java:10)
	at uk.ac.sheffield.com1003.cafe.ingredients.Coffee.&lt;init&gt;(Coffee.java:10)
	at uk.ac.sheffield.com1003.cafe.ingredients.Coffee.&lt;init&gt;(Coffee.java:10)
	at uk.ac.sheffield.com1003.cafe.ingredients.Coffee.&lt;init&gt;(Coffee.java:10)
	at uk.ac.sheffield.com1003.cafe.ingredients.Coffee.&lt;init&gt;(Coffee.java:10)
	at uk.ac.sheffield.com1003.cafe.ingredients.Coffee.&lt;init&gt;(Coffee.java:10)
	at uk.ac.sheffield.com1003.cafe.ingredients.Coffee.&lt;init&gt;(Coffee.java:10)
	at uk.ac.sheffield.com1003.cafe.ingredients.Coffee.&lt;init&gt;(Coffee.java:10)
	at uk.ac.sheffield.com1003.cafe.ingredients.Coffee.&lt;init&gt;(Coffee.java:10)
	at uk.ac.sheffield.com1003.cafe.ingredients.Coffee.&lt;init&gt;(Coffee.java:10)
	at uk.ac.sheffield.com1003.cafe.ingredients.Coffee.&lt;init&gt;(Coffee.java:10)
	at uk.ac.sheffield.com1003.cafe.ingredients.Coffee.&lt;init&gt;(Coffee.java:10)
	at uk.ac.sheffield.com1003.cafe.ingredients.Coffee.&lt;init&gt;(Coffee.java:10)
	at uk.ac.sheffield.com1003.cafe.ingredients.Coffee.&lt;init&gt;(Coffee.java:10)
	at uk.ac.sheffield.com1003.cafe.ingredients.Coffee.&lt;init&gt;(Coffee.java:10)
	at uk.ac.sheffield.com1003.cafe.ingredients.Coffee.&lt;init&gt;(Coffee.java:10)
	at uk.ac.sheffield.com1003.cafe.ingredients.Coffee.&lt;init&gt;(Coffee.java:10)
	at uk.ac.sheffield.com1003.cafe.ingredients.Coffee.&lt;init&gt;(Coffee.java:10)
	at uk.ac.sheffield.com1003.cafe.ingredients.Coffee.&lt;init&gt;(Coffee.java:10)
	at uk.ac.sheffield.com1003.cafe.ingredients.Coffee.&lt;init&gt;(Coffee.java:10)
	at uk.ac.sheffield.com1003.cafe.ingredients.Coffee.&lt;init&gt;(Coffee.java:10)
	at uk.ac.sheffield.com1003.cafe.ingredients.Coffee.&lt;init&gt;(Coffee.java:10)
	at uk.ac.sheffield.com1003.cafe.ingredients.Coffee.&lt;init&gt;(Coffee.java:10)
	at uk.ac.sheffield.com1003.cafe.ingredients.Coffee.&lt;init&gt;(Coffee.java:10)
	at uk.ac.sheffield.com1003.cafe.ingredients.Coffee.&lt;init&gt;(Coffee.java:10)
	at uk.ac.sheffield.com1003.cafe.ingredients.Coffee.&lt;init&gt;(Coffee.java:10)
	at uk.ac.sheffield.com1003.cafe.ingredients.Coffee.&lt;init&gt;(Coffee.java:10)
	at uk.ac.sheffield.com1003.cafe.ingredients.Coffee.&lt;init&gt;(Coffee.java:10)
	at uk.ac.sheffield.com1003.cafe.ingredients.Coffee.&lt;init&gt;(Coffee.java:10)
	at uk.ac.sheffield.com1003.cafe.ingredients.Coffee.&lt;init&gt;(Coffee.java:10)
	at uk.ac.sheffield.com1003.cafe.ingredients.Coffee.&lt;init&gt;(Coffee.java:10)
	at uk.ac.sheffield.com1003.cafe.ingredients.Coffee.&lt;init&gt;(Coffee.java:10)
	at uk.ac.sheffield.com1003.cafe.ingredients.Coffee.&lt;init&gt;(Coffee.java:10)
	at uk.ac.sheffield.com1003.cafe.ingredients.Coffee.&lt;init&gt;(Coffee.java:10)
	at uk.ac.sheffield.com1003.cafe.ingredients.Coffee.&lt;init&gt;(Coffee.java:10)
	at uk.ac.sheffield.com1003.cafe.ingredients.Coffee.&lt;init&gt;(Coffee.java:10)
	at uk.ac.sheffield.com1003.cafe.ingredients.Coffee.&lt;init&gt;(Coffee.java:10)
	at uk.ac.sheffield.com1003.cafe.ingredients.Coffee.&lt;init&gt;(Coffee.java:10)
	at uk.ac.sheffield.com1003.cafe.ingredients.Coffee.&lt;init&gt;(Coffee.java:10)
	at uk.ac.sheffield.com1003.cafe.ingredients.Coffee.&lt;init&gt;(Coffee.java:10)
	at uk.ac.sheffield.com1003.cafe.ingredients.Coffee.&lt;init&gt;(Coffee.java:10)
	at uk.ac.sheffield.com1003.cafe.ingredients.Coffee.&lt;init&gt;(Coffee.java:10)
	at uk.ac.sheffield.com1003.cafe.ingredients.Coffee.&lt;init&gt;(Coffee.java:10)
	at uk.ac.sheffield.com1003.cafe.ingredients.Coffee.&lt;init&gt;(Coffee.java:10)
	at uk.ac.sheffield.com1003.cafe.ingredients.Coffee.&lt;init&gt;(Coffee.java:10)
	at uk.ac.sheffield.com1003.cafe.ingredients.Coffee.&lt;init&gt;(Coffee.java:10)
	at uk.ac.sheffield.com1003.cafe.ingredients.Coffee.&lt;init&gt;(Coffee.java:10)
	at uk.ac.sheffield.com1003.cafe.ingredients.Coffee.&lt;init&gt;(Coffee.java:10)
	at uk.ac.sheffield.com1003.cafe.ingredients.Coffee.&lt;init&gt;(Coffee.java:10)
	at uk.ac.sheffield.com1003.cafe.ingredients.Coffee.&lt;init&gt;(Coffee.java:10)
	at uk.ac.sheffield.com1003.cafe.ingredients.Coffee.&lt;init&gt;(Coffee.java:10)
	at uk.ac.sheffield.com1003.cafe.ingredients.Coffee.&lt;init&gt;(Coffee.java:10)
	at uk.ac.sheffield.com1003.cafe.ingredients.Coffee.&lt;init&gt;(Coffee.java:10)
	at uk.ac.sheffield.com1003.cafe.ingredients.Coffee.&lt;init&gt;(Coffee.java:10)
	at uk.ac.sheffield.com1003.cafe.ingredients.Coffee.&lt;init&gt;(Coffee.java:10)
	at uk.ac.sheffield.com1003.cafe.ingredients.Coffee.&lt;init&gt;(Coffee.java:10)
	at uk.ac.sheffield.com1003.cafe.ingredients.Coffee.&lt;init&gt;(Coffee.java:10)
	at uk.ac.sheffield.com1003.cafe.ingredients.Coffee.&lt;init&gt;(Coffee.java:10)
	at uk.ac.sheffield.com1003.cafe.ingredients.Coffee.&lt;init&gt;(Coffee.java:10)
	at uk.ac.sheffield.com1003.cafe.ingredients.Coffee.&lt;init&gt;(Coffee.java:10)
	at uk.ac.sheffield.com1003.cafe.ingredients.Coffee.&lt;init&gt;(Coffee.java:10)
	at uk.ac.sheffield.com1003.cafe.ingredients.Coffee.&lt;init&gt;(Coffee.java:10)
	at uk.ac.sheffield.com1003.cafe.ingredients.Coffee.&lt;init&gt;(Coffee.java:10)
	at uk.ac.sheffield.com1003.cafe.ingredients.Coffee.&lt;init&gt;(Coffee.java:10)
	at uk.ac.sheffield.com1003.cafe.ingredients.Coffee.&lt;init&gt;(Coffee.java:10)
	at uk.ac.sheffield.com1003.cafe.ingredients.Coffee.&lt;init&gt;(Coffee.java:10)
	at uk.ac.sheffield.com1003.cafe.ingredients.Coffee.&lt;init&gt;(Coffee.java:10)
	at uk.ac.sheffield.com1003.cafe.ingredients.Coffee.&lt;init&gt;(Coffee.java:10)
	at uk.ac.sheffield.com1003.cafe.ingredients.Coffee.&lt;init&gt;(Coffee.java:10)
	at uk.ac.sheffield.com1003.cafe.ingredients.Coffee.&lt;init&gt;(Coffee.java:10)
	at uk.ac.sheffield.com1003.cafe.ingredients.Coffee.&lt;init&gt;(Coffee.java:10)
	at uk.ac.sheffield.com1003.cafe.ingredients.Coffee.&lt;init&gt;(Coffee.java:10)
	at uk.ac.sheffield.com1003.cafe.ingredients.Coffee.&lt;init&gt;(Coffee.java:10)
	at uk.ac.sheffield.com1003.cafe.ingredients.Coffee.&lt;init&gt;(Coffee.java:10)
	at uk.ac.sheffield.com1003.cafe.ingredients.Coffee.&lt;init&gt;(Coffee.java:10)
	at uk.ac.sheffield.com1003.cafe.ingredients.Coffee.&lt;init&gt;(Coffee.java:10)
	at uk.ac.sheffield.com1003.cafe.ingredients.Coffee.&lt;init&gt;(Coffee.java:10)
	at uk.ac.sheffield.com1003.cafe.ingredients.Coffee.&lt;init&gt;(Coffee.java:10)
	at uk.ac.sheffield.com1003.cafe.ingredients.Coffee.&lt;init&gt;(Coffee.java:10)
	at uk.ac.sheffield.com1003.cafe.ingredients.Coffee.&lt;init&gt;(Coffee.java:10)
	at uk.ac.sheffield.com1003.cafe.ingredients.Coffee.&lt;init&gt;(Coffee.java:10)
	at uk.ac.sheffield.com1003.cafe.ingredients.Coffee.&lt;init&gt;(Coffee.java:10)
	at uk.ac.sheffield.com1003.cafe.ingredients.Coffee.&lt;init&gt;(Coffee.java:10)
	at uk.ac.sheffield.com1003.cafe.ingredients.Coffee.&lt;init&gt;(Coffee.java:10)
	at uk.ac.sheffield.com1003.cafe.ingredients.Coffee.&lt;init&gt;(Coffee.java:10)
	at uk.ac.sheffield.com1003.cafe.ingredients.Coffee.&lt;init&gt;(Coffee.java:10)
	at uk.ac.sheffield.com1003.cafe.ingredients.Coffee.&lt;init&gt;(Coffee.java:10)
	at uk.ac.sheffield.com1003.cafe.ingredients.Coffee.&lt;init&gt;(Coffee.java:10)
	at uk.ac.sheffield.com1003.cafe.ingredients.Coffee.&lt;init&gt;(Coffee.java:10)
	at uk.ac.sheffield.com1003.cafe.ingredients.Coffee.&lt;init&gt;(Coffee.java:10)
	at uk.ac.sheffield.com1003.cafe.ingredients.Coffee.&lt;init&gt;(Coffee.java:10)
	at uk.ac.sheffield.com1003.cafe.ingredients.Coffee.&lt;init&gt;(Coffee.java:10)
	at uk.ac.sheffield.com1003.cafe.ingredients.Coffee.&lt;init&gt;(Coffee.java:10)
	at uk.ac.sheffield.com1003.cafe.ingredients.Coffee.&lt;init&gt;(Coffee.java:10)
	at uk.ac.sheffield.com1003.cafe.ingredients.Coffee.&lt;init&gt;(Coffee.java:10)
	at uk.ac.sheffield.com1003.cafe.ingredients.Coffee.&lt;init&gt;(Coffee.java:10)
	at uk.ac.sheffield.com1003.cafe.ingredients.Coffee.&lt;init&gt;(Coffee.java:10)
	at uk.ac.sheffield.com1003.cafe.ingredients.Coffee.&lt;init&gt;(Coffee.java:10)
	at uk.ac.sheffield.com1003.cafe.ingredients.Coffee.&lt;init&gt;(Coffee.java:10)
	at uk.ac.sheffield.com1003.cafe.ingredients.Coffee.&lt;init&gt;(Coffee.java:10)
	at uk.ac.sheffield.com1003.cafe.ingredients.Coffee.&lt;init&gt;(Coffee.java:10)
	at uk.ac.sheffield.com1003.cafe.ingredients.Coffee.&lt;init&gt;(Coffee.java:10)
	at uk.ac.sheffield.com1003.cafe.ingredients.Coffee.&lt;init&gt;(Coffee.java:10)
	at uk.ac.sheffield.com1003.cafe.ingredients.Coffee.&lt;init&gt;(Coffee.java:10)
	at uk.ac.sheffield.com1003.cafe.ingredients.Coffee.&lt;init&gt;(Coffee.java:10)
	at uk.ac.sheffield.com1003.cafe.ingredients.Coffee.&lt;init&gt;(Coffee.java:10)
	at uk.ac.sheffield.com1003.cafe.ingredients.Coffee.&lt;init&gt;(Coffee.java:10)
	at uk.ac.sheffield.com1003.cafe.ingredients.Coffee.&lt;init&gt;(Coffee.java:10)
	at uk.ac.sheffield.com1003.cafe.ingredients.Coffee.&lt;init&gt;(Coffee.java:10)
	at uk.ac.sheffield.com1003.cafe.ingredients.Coffee.&lt;init&gt;(Coffee.java:10)
	at uk.ac.sheffield.com1003.cafe.ingredients.Coffee.&lt;init&gt;(Coffee.java:10)
	at uk.ac.sheffield.com1003.cafe.ingredients.Coffee.&lt;init&gt;(Coffee.java:10)
	at uk.ac.sheffield.com1003.cafe.ingredients.Coffee.&lt;init&gt;(Coffee.java:10)
	at uk.ac.sheffield.com1003.cafe.ingredients.Coffee.&lt;init&gt;(Coffee.java:10)
	at uk.ac.sheffield.com1003.cafe.ingredients.Coffee.&lt;init&gt;(Coffee.java:10)
	at uk.ac.sheffield.com1003.cafe.ingredients.Coffee.&lt;init&gt;(Coffee.java:10)
	at uk.ac.sheffield.com1003.cafe.ingredients.Coffee.&lt;init&gt;(Coffee.java:10)
	at uk.ac.sheffield.com1003.cafe.ingredients.Coffee.&lt;init&gt;(Coffee.java:10)
	at uk.ac.sheffield.com1003.cafe.ingredients.Coffee.&lt;init&gt;(Coffee.java:10)
	at uk.ac.sheffield.com1003.cafe.ingredients.Coffee.&lt;init&gt;(Coffee.java:10)
	at uk.ac.sheffield.com1003.cafe.ingredients.Coffee.&lt;init&gt;(Coffee.java:10)
	at uk.ac.sheffield.com1003.cafe.ingredients.Coffee.&lt;init&gt;(Coffee.java:10)
	at uk.ac.sheffield.com1003.cafe.ingredients.Coffee.&lt;init&gt;(Coffee.java:10)
	at uk.ac.sheffield.com1003.cafe.ingredients.Coffee.&lt;init&gt;(Coffee.java:10)
	at uk.ac.sheffield.com1003.cafe.ingredients.Coffee.&lt;init&gt;(Coffee.java:10)
	at uk.ac.sheffield.com1003.cafe.ingredients.Coffee.&lt;init&gt;(Coffee.java:10)
	at uk.ac.sheffield.com1003.cafe.ingredients.Coffee.&lt;init&gt;(Coffee.java:10)
	at uk.ac.sheffield.com1003.cafe.ingredients.Coffee.&lt;init&gt;(Coffee.java:10)
	at uk.ac.sheffield.com1003.cafe.ingredients.Coffee.&lt;init&gt;(Coffee.java:10)
	at uk.ac.sheffield.com1003.cafe.ingredients.Coffee.&lt;init&gt;(Coffee.java:10)
	at uk.ac.sheffield.com1003.cafe.ingredients.Coffee.&lt;init&gt;(Coffee.java:10)
	at uk.ac.sheffield.com1003.cafe.ingredients.Coffee.&lt;init&gt;(Coffee.java:10)
	at uk.ac.sheffield.com1003.cafe.ingredients.Coffee.&lt;init&gt;(Coffee.java:10)
	at uk.ac.sheffield.com1003.cafe.ingredients.Coffee.&lt;init&gt;(Coffee.java:10)
	at uk.ac.sheffield.com1003.cafe.ingredients.Coffee.&lt;init&gt;(Coffee.java:10)
	at uk.ac.sheffield.com1003.cafe.ingredients.Coffee.&lt;init&gt;(Coffee.java:10)
	at uk.ac.sheffield.com1003.cafe.ingredients.Coffee.&lt;init&gt;(Coffee.java:10)
	at uk.ac.sheffield.com1003.cafe.ingredients.Coffee.&lt;init&gt;(Coffee.java:10)
	at uk.ac.sheffield.com1003.cafe.ingredients.Coffee.&lt;init&gt;(Coffee.java:10)
	at uk.ac.sheffield.com1003.cafe.ingredients.Coffee.&lt;init&gt;(Coffee.java:10)
	at uk.ac.sheffield.com1003.cafe.ingredients.Coffee.&lt;init&gt;(Coffee.java:10)
	at uk.ac.sheffield.com1003.cafe.ingredients.Coffee.&lt;init&gt;(Coffee.java:10)
	at uk.ac.sheffield.com1003.cafe.ingredients.Coffee.&lt;init&gt;(Coffee.java:10)
	at uk.ac.sheffield.com1003.cafe.ingredients.Coffee.&lt;init&gt;(Coffee.java:10)
	at uk.ac.sheffield.com1003.cafe.ingredients.Coffee.&lt;init&gt;(Coffee.java:10)
	at uk.ac.sheffield.com1003.cafe.ingredients.Coffee.&lt;init&gt;(Coffee.java:10)
	at uk.ac.sheffield.com1003.cafe.ingredients.Coffee.&lt;init&gt;(Coffee.java:10)
	at uk.ac.sheffield.com1003.cafe.ingredients.Coffee.&lt;init&gt;(Coffee.java:10)
	at uk.ac.sheffield.com1003.cafe.ingredients.Coffee.&lt;init&gt;(Coffee.java:10)
	at uk.ac.sheffield.com1003.cafe.ingredients.Coffee.&lt;init&gt;(Coffee.java:10)
	at uk.ac.sheffield.com1003.cafe.ingredients.Coffee.&lt;init&gt;(Coffee.java:10)
	at uk.ac.sheffield.com1003.cafe.ingredients.Coffee.&lt;init&gt;(Coffee.java:10)
	at uk.ac.sheffield.com1003.cafe.ingredients.Coffee.&lt;init&gt;(Coffee.java:10)
	at uk.ac.sheffield.com1003.cafe.ingredients.Coffee.&lt;init&gt;(Coffee.java:10)
	at uk.ac.sheffield.com1003.cafe.ingredients.Coffee.&lt;init&gt;(Coffee.java:10)
	at uk.ac.sheffield.com1003.cafe.ingredients.Coffee.&lt;init&gt;(Coffee.java:10)
	at uk.ac.sheffield.com1003.cafe.ingredients.Coffee.&lt;init&gt;(Coffee.java:10)
	at uk.ac.sheffield.com1003.cafe.ingredients.Coffee.&lt;init&gt;(Coffee.java:10)
	at uk.ac.sheffield.com1003.cafe.ingredients.Coffee.&lt;init&gt;(Coffee.java:10)
	at uk.ac.sheffield.com1003.cafe.ingredients.Coffee.&lt;init&gt;(Coffee.java:10)
	at uk.ac.sheffield.com1003.cafe.ingredients.Coffee.&lt;init&gt;(Coffee.java:10)
	at uk.ac.sheffield.com1003.cafe.ingredients.Coffee.&lt;init&gt;(Coffee.java:10)
	at uk.ac.sheffield.com1003.cafe.ingredients.Coffee.&lt;init&gt;(Coffee.java:10)
	at uk.ac.sheffield.com1003.cafe.ingredients.Coffee.&lt;init&gt;(Coffee.java:10)
	at uk.ac.sheffield.com1003.cafe.ingredients.Coffee.&lt;init&gt;(Coffee.java:10)
	at uk.ac.sheffield.com1003.cafe.ingredients.Coffee.&lt;init&gt;(Coffee.java:10)
	at uk.ac.sheffield.com1003.cafe.ingredients.Coffee.&lt;init&gt;(Coffee.java:10)
	at uk.ac.sheffield.com1003.cafe.ingredients.Coffee.&lt;init&gt;(Coffee.java:10)
	at uk.ac.sheffield.com1003.cafe.ingredients.Coffee.&lt;init&gt;(Coffee.java:10)
	at uk.ac.sheffield.com1003.cafe.ingredients.Coffee.&lt;init&gt;(Coffee.java:10)
	at uk.ac.sheffield.com1003.cafe.ingredients.Coffee.&lt;init&gt;(Coffee.java:10)
	at uk.ac.sheffield.com1003.cafe.ingredients.Coffee.&lt;init&gt;(Coffee.java:10)
	at uk.ac.sheffield.com1003.cafe.ingredients.Coffee.&lt;init&gt;(Coffee.java:10)
	at uk.ac.sheffield.com1003.cafe.ingredients.Coffee.&lt;init&gt;(Coffee.java:10)
	at uk.ac.sheffield.com1003.cafe.ingredients.Coffee.&lt;init&gt;(Coffee.java:10)
	at uk.ac.sheffield.com1003.cafe.ingredients.Coffee.&lt;init&gt;(Coffee.java:10)
	at uk.ac.sheffield.com1003.cafe.ingredients.Coffee.&lt;init&gt;(Coffee.java:10)
	at uk.ac.sheffield.com1003.cafe.ingredients.Coffee.&lt;init&gt;(Coffee.java:10)
	at uk.ac.sheffield.com1003.cafe.ingredients.Coffee.&lt;init&gt;(Coffee.java:10)
	at uk.ac.sheffield.com1003.cafe.ingredients.Coffee.&lt;init&gt;(Coffee.java:10)
	at uk.ac.sheffield.com1003.cafe.ingredients.Coffee.&lt;init&gt;(Coffee.java:10)
	at uk.ac.sheffield.com1003.cafe.ingredients.Coffee.&lt;init&gt;(Coffee.java:10)
	at uk.ac.sheffield.com1003.cafe.ingredients.Coffee.&lt;init&gt;(Coffee.java:10)
	at uk.ac.sheffield.com1003.cafe.ingredients.Coffee.&lt;init&gt;(Coffee.java:10)
	at uk.ac.sheffield.com1003.cafe.ingredients.Coffee.&lt;init&gt;(Coffee.java:10)
	at uk.ac.sheffield.com1003.cafe.ingredients.Coffee.&lt;init&gt;(Coffee.java:10)
	at uk.ac.sheffield.com1003.cafe.ingredients.Coffee.&lt;init&gt;(Coffee.java:10)
	at uk.ac.sheffield.com1003.cafe.ingredients.Coffee.&lt;init&gt;(Coffee.java:10)
	at uk.ac.sheffield.com1003.cafe.ingredients.Coffee.&lt;init&gt;(Coffee.java:10)
	at uk.ac.sheffield.com1003.cafe.ingredients.Coffee.&lt;init&gt;(Coffee.java:10)
	at uk.ac.sheffield.com1003.cafe.ingredients.Coffee.&lt;init&gt;(Coffee.java:10)
	at uk.ac.sheffield.com1003.cafe.ingredients.Coffee.&lt;init&gt;(Coffee.java:10)
	at uk.ac.sheffield.com1003.cafe.ingredients.Coffee.&lt;init&gt;(Coffee.java:10)
	at uk.ac.sheffield.com1003.cafe.ingredients.Coffee.&lt;init&gt;(Coffee.java:10)
	at uk.ac.sheffield.com1003.cafe.ingredients.Coffee.&lt;init&gt;(Coffee.java:10)
	at uk.ac.sheffield.com1003.cafe.ingredients.Coffee.&lt;init&gt;(Coffee.java:10)
	at uk.ac.sheffield.com1003.cafe.ingredients.Coffee.&lt;init&gt;(Coffee.java:10)
	at uk.ac.sheffield.com1003.cafe.ingredients.Coffee.&lt;init&gt;(Coffee.java:10)
	at uk.ac.sheffield.com1003.cafe.ingredients.Coffee.&lt;init&gt;(Coffee.java:10)
	at uk.ac.sheffield.com1003.cafe.ingredients.Coffee.&lt;init&gt;(Coffee.java:10)
	at uk.ac.sheffield.com1003.cafe.ingredients.Coffee.&lt;init&gt;(Coffee.java:10)
	at uk.ac.sheffield.com1003.cafe.ingredients.Coffee.&lt;init&gt;(Coffee.java:10)
	at uk.ac.sheffield.com1003.cafe.ingredients.Coffee.&lt;init&gt;(Coffee.java:10)
	at uk.ac.sheffield.com1003.cafe.ingredients.Coffee.&lt;init&gt;(Coffee.java:10)
	at uk.ac.sheffield.com1003.cafe.ingredients.Coffee.&lt;init&gt;(Coffee.java:10)
	at uk.ac.sheffield.com1003.cafe.ingredients.Coffee.&lt;init&gt;(Coffee.java:10)
	at uk.ac.sheffield.com1003.cafe.ingredients.Coffee.&lt;init&gt;(Coffee.java:10)
	at uk.ac.sheffield.com1003.cafe.ingredients.Coffee.&lt;init&gt;(Coffee.java:10)
	at uk.ac.sheffield.com1003.cafe.ingredients.Coffee.&lt;init&gt;(Coffee.java:10)
	at uk.ac.sheffield.com1003.cafe.ingredients.Coffee.&lt;init&gt;(Coffee.java:10)
	at uk.ac.sheffield.com1003.cafe.ingredients.Coffee.&lt;init&gt;(Coffee.java:10)
	at uk.ac.sheffield.com1003.cafe.ingredients.Coffee.&lt;init&gt;(Coffee.java:10)
	at uk.ac.sheffield.com1003.cafe.ingredients.Coffee.&lt;init&gt;(Coffee.java:10)
	at uk.ac.sheffield.com1003.cafe.ingredients.Coffee.&lt;init&gt;(Coffee.java:10)
	at uk.ac.sheffield.com1003.cafe.ingredients.Coffee.&lt;init&gt;(Coffee.java:10)
	at uk.ac.sheffield.com1003.cafe.ingredients.Coffee.&lt;init&gt;(Coffee.java:10)
	at uk.ac.sheffield.com1003.cafe.ingredients.Coffee.&lt;init&gt;(Coffee.java:10)
	at uk.ac.sheffield.com1003.cafe.ingredients.Coffee.&lt;init&gt;(Coffee.java:10)
	at uk.ac.sheffield.com1003.cafe.ingredients.Coffee.&lt;init&gt;(Coffee.java:10)
	at uk.ac.sheffield.com1003.cafe.ingredients.Coffee.&lt;init&gt;(Coffee.java:10)
	at uk.ac.sheffield.com1003.cafe.ingredients.Coffee.&lt;init&gt;(Coffee.java:10)
	at uk.ac.sheffield.com1003.cafe.ingredients.Coffee.&lt;init&gt;(Coffee.java:10)
	at uk.ac.sheffield.com1003.cafe.ingredients.Coffee.&lt;init&gt;(Coffee.java:10)
	at uk.ac.sheffield.com1003.cafe.ingredients.Coffee.&lt;init&gt;(Coffee.java:10)
	at uk.ac.sheffield.com1003.cafe.ingredients.Coffee.&lt;init&gt;(Coffee.java:10)
	at uk.ac.sheffield.com1003.cafe.ingredients.Coffee.&lt;init&gt;(Coffee.java:10)
	at uk.ac.sheffield.com1003.cafe.ingredients.Coffee.&lt;init&gt;(Coffee.java:10)
	at uk.ac.sheffield.com1003.cafe.ingredients.Coffee.&lt;init&gt;(Coffee.java:10)
	at uk.ac.sheffield.com1003.cafe.ingredients.Coffee.&lt;init&gt;(Coffee.java:10)
	at uk.ac.sheffield.com1003.cafe.ingredients.Coffee.&lt;init&gt;(Coffee.java:10)
	at uk.ac.sheffield.com1003.cafe.ingredients.Coffee.&lt;init&gt;(Coffee.java:10)
	at uk.ac.sheffield.com1003.cafe.ingredients.Coffee.&lt;init&gt;(Coffee.java:10)
	at uk.ac.sheffield.com1003.cafe.ingredients.Coffee.&lt;init&gt;(Coffee.java:10)
	at uk.ac.sheffield.com1003.cafe.ingredients.Coffee.&lt;init&gt;(Coffee.java:10)
	at uk.ac.sheffield.com1003.cafe.ingredients.Coffee.&lt;init&gt;(Coffee.java:10)
	at uk.ac.sheffield.com1003.cafe.ingredients.Coffee.&lt;init&gt;(Coffee.java:10)
	at uk.ac.sheffield.com1003.cafe.ingredients.Coffee.&lt;init&gt;(Coffee.java:10)
	at uk.ac.sheffield.com1003.cafe.ingredients.Coffee.&lt;init&gt;(Coffee.java:10)
	at uk.ac.sheffield.com1003.cafe.ingredients.Coffee.&lt;init&gt;(Coffee.java:10)
	at uk.ac.sheffield.com1003.cafe.ingredients.Coffee.&lt;init&gt;(Coffee.java:10)
	at uk.ac.sheffield.com1003.cafe.ingredients.Coffee.&lt;init&gt;(Coffee.java:10)
	at uk.ac.sheffield.com1003.cafe.ingredients.Coffee.&lt;init&gt;(Coffee.java:10)
	at uk.ac.sheffield.com1003.cafe.ingredients.Coffee.&lt;init&gt;(Coffee.java:10)
	at uk.ac.sheffield.com1003.cafe.ingredients.Coffee.&lt;init&gt;(Coffee.java:10)
	at uk.ac.sheffield.com1003.cafe.ingredients.Coffee.&lt;init&gt;(Coffee.java:10)
	at uk.ac.sheffield.com1003.cafe.ingredients.Coffee.&lt;init&gt;(Coffee.java:10)
	at uk.ac.sheffield.com1003.cafe.ingredients.Coffee.&lt;init&gt;(Coffee.java:10)
	at uk.ac.sheffield.com1003.cafe.ingredients.Coffee.&lt;init&gt;(Coffee.java:10)
	at uk.ac.sheffield.com1003.cafe.ingredients.Coffee.&lt;init&gt;(Coffee.java:10)
	at uk.ac.sheffield.com1003.cafe.ingredients.Coffee.&lt;init&gt;(Coffee.java:10)
	at uk.ac.sheffield.com1003.cafe.ingredients.Coffee.&lt;init&gt;(Coffee.java:10)
	at uk.ac.sheffield.com1003.cafe.ingredients.Coffee.&lt;init&gt;(Coffee.java:10)
	at uk.ac.sheffield.com1003.cafe.ingredients.Coffee.&lt;init&gt;(Coffee.java:10)
	at uk.ac.sheffield.com1003.cafe.ingredients.Coffee.&lt;init&gt;(Coffee.java:10)
	at uk.ac.sheffield.com1003.cafe.ingredients.Coffee.&lt;init&gt;(Coffee.java:10)
	at uk.ac.sheffield.com1003.cafe.ingredients.Coffee.&lt;init&gt;(Coffee.java:10)
	at uk.ac.sheffield.com1003.cafe.ingredients.Coffee.&lt;init&gt;(Coffee.java:10)
	at uk.ac.sheffield.com1003.cafe.ingredients.Coffee.&lt;init&gt;(Coffee.java:10)
	at uk.ac.sheffield.com1003.cafe.ingredients.Coffee.&lt;init&gt;(Coffee.java:10)
	at uk.ac.sheffield.com1003.cafe.ingredients.Coffee.&lt;init&gt;(Coffee.java:10)
	at uk.ac.sheffield.com1003.cafe.ingredients.Coffee.&lt;init&gt;(Coffee.java:10)
	at uk.ac.sheffield.com1003.cafe.ingredients.Coffee.&lt;init&gt;(Coffee.java:10)
	at uk.ac.sheffield.com1003.cafe.ingredients.Coffee.&lt;init&gt;(Coffee.java:10)
	at uk.ac.sheffield.com1003.cafe.ingredients.Coffee.&lt;init&gt;(Coffee.java:10)
	at uk.ac.sheffield.com1003.cafe.ingredients.Coffee.&lt;init&gt;(Coffee.java:10)
	at uk.ac.sheffield.com1003.cafe.ingredients.Coffee.&lt;init&gt;(Coffee.java:10)
	at uk.ac.sheffield.com1003.cafe.ingredients.Coffee.&lt;init&gt;(Coffee.java:10)
	at uk.ac.sheffield.com1003.cafe.ingredients.Coffee.&lt;init&gt;(Coffee.java:10)
	at uk.ac.sheffield.com1003.cafe.ingredients.Coffee.&lt;init&gt;(Coffee.java:10)
	at uk.ac.sheffield.com1003.cafe.ingredients.Coffee.&lt;init&gt;(Coffee.java:10)
	at uk.ac.sheffield.com1003.cafe.ingredients.Coffee.&lt;init&gt;(Coffee.java:10)
	at uk.ac.sheffield.com1003.cafe.ingredients.Coffee.&lt;init&gt;(Coffee.java:10)
	at uk.ac.sheffield.com1003.cafe.ingredients.Coffee.&lt;init&gt;(Coffee.java:10)
	at uk.ac.sheffield.com1003.cafe.ingredients.Coffee.&lt;init&gt;(Coffee.java:10)
	at uk.ac.sheffield.com1003.cafe.ingredients.Coffee.&lt;init&gt;(Coffee.java:10)
	at uk.ac.sheffield.com1003.cafe.ingredients.Coffee.&lt;init&gt;(Coffee.java:10)
	at uk.ac.sheffield.com1003.cafe.ingredients.Coffee.&lt;init&gt;(Coffee.java:10)
	at uk.ac.sheffield.com1003.cafe.ingredients.Coffee.&lt;init&gt;(Coffee.java:10)
	at uk.ac.sheffield.com1003.cafe.ingredients.Coffee.&lt;init&gt;(Coffee.java:10)
	at uk.ac.sheffield.com1003.cafe.ingredients.Coffee.&lt;init&gt;(Coffee.java:10)
	at uk.ac.sheffield.com1003.cafe.ingredients.Coffee.&lt;init&gt;(Coffee.java:10)
	at uk.ac.sheffield.com1003.cafe.ingredients.Coffee.&lt;init&gt;(Coffee.java:10)
	at uk.ac.sheffield.com1003.cafe.ingredients.Coffee.&lt;init&gt;(Coffee.java:10)
	at uk.ac.sheffield.com1003.cafe.ingredients.Coffee.&lt;init&gt;(Coffee.java:10)
	at uk.ac.sheffield.com1003.cafe.ingredients.Coffee.&lt;init&gt;(Coffee.java:10)
	at uk.ac.sheffield.com1003.cafe.ingredients.Coffee.&lt;init&gt;(Coffee.java:10)
	at uk.ac.sheffield.com1003.cafe.ingredients.Coffee.&lt;init&gt;(Coffee.java:10)
	at uk.ac.sheffield.com1003.cafe.ingredients.Coffee.&lt;init&gt;(Coffee.java:10)
	at uk.ac.sheffield.com1003.cafe.ingredients.Coffee.&lt;init&gt;(Coffee.java:10)
	at uk.ac.sheffield.com1003.cafe.ingredients.Coffee.&lt;init&gt;(Coffee.java:10)
	at uk.ac.sheffield.com1003.cafe.ingredients.Coffee.&lt;init&gt;(Coffee.java:10)
	at uk.ac.sheffield.com1003.cafe.ingredients.Coffee.&lt;init&gt;(Coffee.java:10)
	at uk.ac.sheffield.com1003.cafe.ingredients.Coffee.&lt;init&gt;(Coffee.java:10)
	at uk.ac.sheffield.com1003.cafe.ingredients.Coffee.&lt;init&gt;(Coffee.java:10)
</failure>
  </testcase>
  <testcase name="testRecipeMultipleIngredientsDifferentMilkAmount" classname="uk.ac.sheffield.com1003.cafe.TestCafeTask5" time="0.004">
    <failure message="java.lang.StackOverflowError" type="java.lang.StackOverflowError">java.lang.StackOverflowError
	at uk.ac.sheffield.com1003.cafe.ingredients.Coffee.&lt;init&gt;(Coffee.java:10)
	at uk.ac.sheffield.com1003.cafe.ingredients.Coffee.&lt;init&gt;(Coffee.java:10)
	at uk.ac.sheffield.com1003.cafe.ingredients.Coffee.&lt;init&gt;(Coffee.java:10)
	at uk.ac.sheffield.com1003.cafe.ingredients.Coffee.&lt;init&gt;(Coffee.java:10)
	at uk.ac.sheffield.com1003.cafe.ingredients.Coffee.&lt;init&gt;(Coffee.java:10)
	at uk.ac.sheffield.com1003.cafe.ingredients.Coffee.&lt;init&gt;(Coffee.java:10)
	at uk.ac.sheffield.com1003.cafe.ingredients.Coffee.&lt;init&gt;(Coffee.java:10)
	at uk.ac.sheffield.com1003.cafe.ingredients.Coffee.&lt;init&gt;(Coffee.java:10)
	at uk.ac.sheffield.com1003.cafe.ingredients.Coffee.&lt;init&gt;(Coffee.java:10)
	at uk.ac.sheffield.com1003.cafe.ingredients.Coffee.&lt;init&gt;(Coffee.java:10)
	at uk.ac.sheffield.com1003.cafe.ingredients.Coffee.&lt;init&gt;(Coffee.java:10)
	at uk.ac.sheffield.com1003.cafe.ingredients.Coffee.&lt;init&gt;(Coffee.java:10)
	at uk.ac.sheffield.com1003.cafe.ingredients.Coffee.&lt;init&gt;(Coffee.java:10)
	at uk.ac.sheffield.com1003.cafe.ingredients.Coffee.&lt;init&gt;(Coffee.java:10)
	at uk.ac.sheffield.com1003.cafe.ingredients.Coffee.&lt;init&gt;(Coffee.java:10)
	at uk.ac.sheffield.com1003.cafe.ingredients.Coffee.&lt;init&gt;(Coffee.java:10)
	at uk.ac.sheffield.com1003.cafe.ingredients.Coffee.&lt;init&gt;(Coffee.java:10)
	at uk.ac.sheffield.com1003.cafe.ingredients.Coffee.&lt;init&gt;(Coffee.java:10)
	at uk.ac.sheffield.com1003.cafe.ingredients.Coffee.&lt;init&gt;(Coffee.java:10)
	at uk.ac.sheffield.com1003.cafe.ingredients.Coffee.&lt;init&gt;(Coffee.java:10)
	at uk.ac.sheffield.com1003.cafe.ingredients.Coffee.&lt;init&gt;(Coffee.java:10)
	at uk.ac.sheffield.com1003.cafe.ingredients.Coffee.&lt;init&gt;(Coffee.java:10)
	at uk.ac.sheffield.com1003.cafe.ingredients.Coffee.&lt;init&gt;(Coffee.java:10)
	at uk.ac.sheffield.com1003.cafe.ingredients.Coffee.&lt;init&gt;(Coffee.java:10)
	at uk.ac.sheffield.com1003.cafe.ingredients.Coffee.&lt;init&gt;(Coffee.java:10)
	at uk.ac.sheffield.com1003.cafe.ingredients.Coffee.&lt;init&gt;(Coffee.java:10)
	at uk.ac.sheffield.com1003.cafe.ingredients.Coffee.&lt;init&gt;(Coffee.java:10)
	at uk.ac.sheffield.com1003.cafe.ingredients.Coffee.&lt;init&gt;(Coffee.java:10)
	at uk.ac.sheffield.com1003.cafe.ingredients.Coffee.&lt;init&gt;(Coffee.java:10)
	at uk.ac.sheffield.com1003.cafe.ingredients.Coffee.&lt;init&gt;(Coffee.java:10)
	at uk.ac.sheffield.com1003.cafe.ingredients.Coffee.&lt;init&gt;(Coffee.java:10)
	at uk.ac.sheffield.com1003.cafe.ingredients.Coffee.&lt;init&gt;(Coffee.java:10)
	at uk.ac.sheffield.com1003.cafe.ingredients.Coffee.&lt;init&gt;(Coffee.java:10)
	at uk.ac.sheffield.com1003.cafe.ingredients.Coffee.&lt;init&gt;(Coffee.java:10)
	at uk.ac.sheffield.com1003.cafe.ingredients.Coffee.&lt;init&gt;(Coffee.java:10)
	at uk.ac.sheffield.com1003.cafe.ingredients.Coffee.&lt;init&gt;(Coffee.java:10)
	at uk.ac.sheffield.com1003.cafe.ingredients.Coffee.&lt;init&gt;(Coffee.java:10)
	at uk.ac.sheffield.com1003.cafe.ingredients.Coffee.&lt;init&gt;(Coffee.java:10)
	at uk.ac.sheffield.com1003.cafe.ingredients.Coffee.&lt;init&gt;(Coffee.java:10)
	at uk.ac.sheffield.com1003.cafe.ingredients.Coffee.&lt;init&gt;(Coffee.java:10)
	at uk.ac.sheffield.com1003.cafe.ingredients.Coffee.&lt;init&gt;(Coffee.java:10)
	at uk.ac.sheffield.com1003.cafe.ingredients.Coffee.&lt;init&gt;(Coffee.java:10)
	at uk.ac.sheffield.com1003.cafe.ingredients.Coffee.&lt;init&gt;(Coffee.java:10)
	at uk.ac.sheffield.com1003.cafe.ingredients.Coffee.&lt;init&gt;(Coffee.java:10)
	at uk.ac.sheffield.com1003.cafe.ingredients.Coffee.&lt;init&gt;(Coffee.java:10)
	at uk.ac.sheffield.com1003.cafe.ingredients.Coffee.&lt;init&gt;(Coffee.java:10)
	at uk.ac.sheffield.com1003.cafe.ingredients.Coffee.&lt;init&gt;(Coffee.java:10)
	at uk.ac.sheffield.com1003.cafe.ingredients.Coffee.&lt;init&gt;(Coffee.java:10)
	at uk.ac.sheffield.com1003.cafe.ingredients.Coffee.&lt;init&gt;(Coffee.java:10)
	at uk.ac.sheffield.com1003.cafe.ingredients.Coffee.&lt;init&gt;(Coffee.java:10)
	at uk.ac.sheffield.com1003.cafe.ingredients.Coffee.&lt;init&gt;(Coffee.java:10)
	at uk.ac.sheffield.com1003.cafe.ingredients.Coffee.&lt;init&gt;(Coffee.java:10)
	at uk.ac.sheffield.com1003.cafe.ingredients.Coffee.&lt;init&gt;(Coffee.java:10)
	at uk.ac.sheffield.com1003.cafe.ingredients.Coffee.&lt;init&gt;(Coffee.java:10)
	at uk.ac.sheffield.com1003.cafe.ingredients.Coffee.&lt;init&gt;(Coffee.java:10)
	at uk.ac.sheffield.com1003.cafe.ingredients.Coffee.&lt;init&gt;(Coffee.java:10)
	at uk.ac.sheffield.com1003.cafe.ingredients.Coffee.&lt;init&gt;(Coffee.java:10)
	at uk.ac.sheffield.com1003.cafe.ingredients.Coffee.&lt;init&gt;(Coffee.java:10)
	at uk.ac.sheffield.com1003.cafe.ingredients.Coffee.&lt;init&gt;(Coffee.java:10)
	at uk.ac.sheffield.com1003.cafe.ingredients.Coffee.&lt;init&gt;(Coffee.java:10)
	at uk.ac.sheffield.com1003.cafe.ingredients.Coffee.&lt;init&gt;(Coffee.java:10)
	at uk.ac.sheffield.com1003.cafe.ingredients.Coffee.&lt;init&gt;(Coffee.java:10)
	at uk.ac.sheffield.com1003.cafe.ingredients.Coffee.&lt;init&gt;(Coffee.java:10)
	at uk.ac.sheffield.com1003.cafe.ingredients.Coffee.&lt;init&gt;(Coffee.java:10)
	at uk.ac.sheffield.com1003.cafe.ingredients.Coffee.&lt;init&gt;(Coffee.java:10)
	at uk.ac.sheffield.com1003.cafe.ingredients.Coffee.&lt;init&gt;(Coffee.java:10)
	at uk.ac.sheffield.com1003.cafe.ingredients.Coffee.&lt;init&gt;(Coffee.java:10)
	at uk.ac.sheffield.com1003.cafe.ingredients.Coffee.&lt;init&gt;(Coffee.java:10)
	at uk.ac.sheffield.com1003.cafe.ingredients.Coffee.&lt;init&gt;(Coffee.java:10)
	at uk.ac.sheffield.com1003.cafe.ingredients.Coffee.&lt;init&gt;(Coffee.java:10)
	at uk.ac.sheffield.com1003.cafe.ingredients.Coffee.&lt;init&gt;(Coffee.java:10)
	at uk.ac.sheffield.com1003.cafe.ingredients.Coffee.&lt;init&gt;(Coffee.java:10)
	at uk.ac.sheffield.com1003.cafe.ingredients.Coffee.&lt;init&gt;(Coffee.java:10)
	at uk.ac.sheffield.com1003.cafe.ingredients.Coffee.&lt;init&gt;(Coffee.java:10)
	at uk.ac.sheffield.com1003.cafe.ingredients.Coffee.&lt;init&gt;(Coffee.java:10)
	at uk.ac.sheffield.com1003.cafe.ingredients.Coffee.&lt;init&gt;(Coffee.java:10)
	at uk.ac.sheffield.com1003.cafe.ingredients.Coffee.&lt;init&gt;(Coffee.java:10)
	at uk.ac.sheffield.com1003.cafe.ingredients.Coffee.&lt;init&gt;(Coffee.java:10)
	at uk.ac.sheffield.com1003.cafe.ingredients.Coffee.&lt;init&gt;(Coffee.java:10)
	at uk.ac.sheffield.com1003.cafe.ingredients.Coffee.&lt;init&gt;(Coffee.java:10)
	at uk.ac.sheffield.com1003.cafe.ingredients.Coffee.&lt;init&gt;(Coffee.java:10)
	at uk.ac.sheffield.com1003.cafe.ingredients.Coffee.&lt;init&gt;(Coffee.java:10)
	at uk.ac.sheffield.com1003.cafe.ingredients.Coffee.&lt;init&gt;(Coffee.java:10)
	at uk.ac.sheffield.com1003.cafe.ingredients.Coffee.&lt;init&gt;(Coffee.java:10)
	at uk.ac.sheffield.com1003.cafe.ingredients.Coffee.&lt;init&gt;(Coffee.java:10)
	at uk.ac.sheffield.com1003.cafe.ingredients.Coffee.&lt;init&gt;(Coffee.java:10)
	at uk.ac.sheffield.com1003.cafe.ingredients.Coffee.&lt;init&gt;(Coffee.java:10)
	at uk.ac.sheffield.com1003.cafe.ingredients.Coffee.&lt;init&gt;(Coffee.java:10)
	at uk.ac.sheffield.com1003.cafe.ingredients.Coffee.&lt;init&gt;(Coffee.java:10)
	at uk.ac.sheffield.com1003.cafe.ingredients.Coffee.&lt;init&gt;(Coffee.java:10)
	at uk.ac.sheffield.com1003.cafe.ingredients.Coffee.&lt;init&gt;(Coffee.java:10)
	at uk.ac.sheffield.com1003.cafe.ingredients.Coffee.&lt;init&gt;(Coffee.java:10)
	at uk.ac.sheffield.com1003.cafe.ingredients.Coffee.&lt;init&gt;(Coffee.java:10)
	at uk.ac.sheffield.com1003.cafe.ingredients.Coffee.&lt;init&gt;(Coffee.java:10)
	at uk.ac.sheffield.com1003.cafe.ingredients.Coffee.&lt;init&gt;(Coffee.java:10)
	at uk.ac.sheffield.com1003.cafe.ingredients.Coffee.&lt;init&gt;(Coffee.java:10)
	at uk.ac.sheffield.com1003.cafe.ingredients.Coffee.&lt;init&gt;(Coffee.java:10)
	at uk.ac.sheffield.com1003.cafe.ingredients.Coffee.&lt;init&gt;(Coffee.java:10)
	at uk.ac.sheffield.com1003.cafe.ingredients.Coffee.&lt;init&gt;(Coffee.java:10)
	at uk.ac.sheffield.com1003.cafe.ingredients.Coffee.&lt;init&gt;(Coffee.java:10)
	at uk.ac.sheffield.com1003.cafe.ingredients.Coffee.&lt;init&gt;(Coffee.java:10)
	at uk.ac.sheffield.com1003.cafe.ingredients.Coffee.&lt;init&gt;(Coffee.java:10)
	at uk.ac.sheffield.com1003.cafe.ingredients.Coffee.&lt;init&gt;(Coffee.java:10)
	at uk.ac.sheffield.com1003.cafe.ingredients.Coffee.&lt;init&gt;(Coffee.java:10)
	at uk.ac.sheffield.com1003.cafe.ingredients.Coffee.&lt;init&gt;(Coffee.java:10)
	at uk.ac.sheffield.com1003.cafe.ingredients.Coffee.&lt;init&gt;(Coffee.java:10)
	at uk.ac.sheffield.com1003.cafe.ingredients.Coffee.&lt;init&gt;(Coffee.java:10)
	at uk.ac.sheffield.com1003.cafe.ingredients.Coffee.&lt;init&gt;(Coffee.java:10)
	at uk.ac.sheffield.com1003.cafe.ingredients.Coffee.&lt;init&gt;(Coffee.java:10)
	at uk.ac.sheffield.com1003.cafe.ingredients.Coffee.&lt;init&gt;(Coffee.java:10)
	at uk.ac.sheffield.com1003.cafe.ingredients.Coffee.&lt;init&gt;(Coffee.java:10)
	at uk.ac.sheffield.com1003.cafe.ingredients.Coffee.&lt;init&gt;(Coffee.java:10)
	at uk.ac.sheffield.com1003.cafe.ingredients.Coffee.&lt;init&gt;(Coffee.java:10)
	at uk.ac.sheffield.com1003.cafe.ingredients.Coffee.&lt;init&gt;(Coffee.java:10)
	at uk.ac.sheffield.com1003.cafe.ingredients.Coffee.&lt;init&gt;(Coffee.java:10)
	at uk.ac.sheffield.com1003.cafe.ingredients.Coffee.&lt;init&gt;(Coffee.java:10)
	at uk.ac.sheffield.com1003.cafe.ingredients.Coffee.&lt;init&gt;(Coffee.java:10)
	at uk.ac.sheffield.com1003.cafe.ingredients.Coffee.&lt;init&gt;(Coffee.java:10)
	at uk.ac.sheffield.com1003.cafe.ingredients.Coffee.&lt;init&gt;(Coffee.java:10)
	at uk.ac.sheffield.com1003.cafe.ingredients.Coffee.&lt;init&gt;(Coffee.java:10)
	at uk.ac.sheffield.com1003.cafe.ingredients.Coffee.&lt;init&gt;(Coffee.java:10)
	at uk.ac.sheffield.com1003.cafe.ingredients.Coffee.&lt;init&gt;(Coffee.java:10)
	at uk.ac.sheffield.com1003.cafe.ingredients.Coffee.&lt;init&gt;(Coffee.java:10)
	at uk.ac.sheffield.com1003.cafe.ingredients.Coffee.&lt;init&gt;(Coffee.java:10)
	at uk.ac.sheffield.com1003.cafe.ingredients.Coffee.&lt;init&gt;(Coffee.java:10)
	at uk.ac.sheffield.com1003.cafe.ingredients.Coffee.&lt;init&gt;(Coffee.java:10)
	at uk.ac.sheffield.com1003.cafe.ingredients.Coffee.&lt;init&gt;(Coffee.java:10)
	at uk.ac.sheffield.com1003.cafe.ingredients.Coffee.&lt;init&gt;(Coffee.java:10)
	at uk.ac.sheffield.com1003.cafe.ingredients.Coffee.&lt;init&gt;(Coffee.java:10)
	at uk.ac.sheffield.com1003.cafe.ingredients.Coffee.&lt;init&gt;(Coffee.java:10)
	at uk.ac.sheffield.com1003.cafe.ingredients.Coffee.&lt;init&gt;(Coffee.java:10)
	at uk.ac.sheffield.com1003.cafe.ingredients.Coffee.&lt;init&gt;(Coffee.java:10)
	at uk.ac.sheffield.com1003.cafe.ingredients.Coffee.&lt;init&gt;(Coffee.java:10)
	at uk.ac.sheffield.com1003.cafe.ingredients.Coffee.&lt;init&gt;(Coffee.java:10)
	at uk.ac.sheffield.com1003.cafe.ingredients.Coffee.&lt;init&gt;(Coffee.java:10)
	at uk.ac.sheffield.com1003.cafe.ingredients.Coffee.&lt;init&gt;(Coffee.java:10)
	at uk.ac.sheffield.com1003.cafe.ingredients.Coffee.&lt;init&gt;(Coffee.java:10)
	at uk.ac.sheffield.com1003.cafe.ingredients.Coffee.&lt;init&gt;(Coffee.java:10)
	at uk.ac.sheffield.com1003.cafe.ingredients.Coffee.&lt;init&gt;(Coffee.java:10)
	at uk.ac.sheffield.com1003.cafe.ingredients.Coffee.&lt;init&gt;(Coffee.java:10)
	at uk.ac.sheffield.com1003.cafe.ingredients.Coffee.&lt;init&gt;(Coffee.java:10)
	at uk.ac.sheffield.com1003.cafe.ingredients.Coffee.&lt;init&gt;(Coffee.java:10)
	at uk.ac.sheffield.com1003.cafe.ingredients.Coffee.&lt;init&gt;(Coffee.java:10)
	at uk.ac.sheffield.com1003.cafe.ingredients.Coffee.&lt;init&gt;(Coffee.java:10)
	at uk.ac.sheffield.com1003.cafe.ingredients.Coffee.&lt;init&gt;(Coffee.java:10)
	at uk.ac.sheffield.com1003.cafe.ingredients.Coffee.&lt;init&gt;(Coffee.java:10)
	at uk.ac.sheffield.com1003.cafe.ingredients.Coffee.&lt;init&gt;(Coffee.java:10)
	at uk.ac.sheffield.com1003.cafe.ingredients.Coffee.&lt;init&gt;(Coffee.java:10)
	at uk.ac.sheffield.com1003.cafe.ingredients.Coffee.&lt;init&gt;(Coffee.java:10)
	at uk.ac.sheffield.com1003.cafe.ingredients.Coffee.&lt;init&gt;(Coffee.java:10)
	at uk.ac.sheffield.com1003.cafe.ingredients.Coffee.&lt;init&gt;(Coffee.java:10)
	at uk.ac.sheffield.com1003.cafe.ingredients.Coffee.&lt;init&gt;(Coffee.java:10)
	at uk.ac.sheffield.com1003.cafe.ingredients.Coffee.&lt;init&gt;(Coffee.java:10)
	at uk.ac.sheffield.com1003.cafe.ingredients.Coffee.&lt;init&gt;(Coffee.java:10)
	at uk.ac.sheffield.com1003.cafe.ingredients.Coffee.&lt;init&gt;(Coffee.java:10)
	at uk.ac.sheffield.com1003.cafe.ingredients.Coffee.&lt;init&gt;(Coffee.java:10)
	at uk.ac.sheffield.com1003.cafe.ingredients.Coffee.&lt;init&gt;(Coffee.java:10)
	at uk.ac.sheffield.com1003.cafe.ingredients.Coffee.&lt;init&gt;(Coffee.java:10)
	at uk.ac.sheffield.com1003.cafe.ingredients.Coffee.&lt;init&gt;(Coffee.java:10)
	at uk.ac.sheffield.com1003.cafe.ingredients.Coffee.&lt;init&gt;(Coffee.java:10)
	at uk.ac.sheffield.com1003.cafe.ingredients.Coffee.&lt;init&gt;(Coffee.java:10)
	at uk.ac.sheffield.com1003.cafe.ingredients.Coffee.&lt;init&gt;(Coffee.java:10)
	at uk.ac.sheffield.com1003.cafe.ingredients.Coffee.&lt;init&gt;(Coffee.java:10)
	at uk.ac.sheffield.com1003.cafe.ingredients.Coffee.&lt;init&gt;(Coffee.java:10)
	at uk.ac.sheffield.com1003.cafe.ingredients.Coffee.&lt;init&gt;(Coffee.java:10)
	at uk.ac.sheffield.com1003.cafe.ingredients.Coffee.&lt;init&gt;(Coffee.java:10)
	at uk.ac.sheffield.com1003.cafe.ingredients.Coffee.&lt;init&gt;(Coffee.java:10)
	at uk.ac.sheffield.com1003.cafe.ingredients.Coffee.&lt;init&gt;(Coffee.java:10)
	at uk.ac.sheffield.com1003.cafe.ingredients.Coffee.&lt;init&gt;(Coffee.java:10)
	at uk.ac.sheffield.com1003.cafe.ingredients.Coffee.&lt;init&gt;(Coffee.java:10)
	at uk.ac.sheffield.com1003.cafe.ingredients.Coffee.&lt;init&gt;(Coffee.java:10)
	at uk.ac.sheffield.com1003.cafe.ingredients.Coffee.&lt;init&gt;(Coffee.java:10)
	at uk.ac.sheffield.com1003.cafe.ingredients.Coffee.&lt;init&gt;(Coffee.java:10)
	at uk.ac.sheffield.com1003.cafe.ingredients.Coffee.&lt;init&gt;(Coffee.java:10)
	at uk.ac.sheffield.com1003.cafe.ingredients.Coffee.&lt;init&gt;(Coffee.java:10)
	at uk.ac.sheffield.com1003.cafe.ingredients.Coffee.&lt;init&gt;(Coffee.java:10)
	at uk.ac.sheffield.com1003.cafe.ingredients.Coffee.&lt;init&gt;(Coffee.java:10)
	at uk.ac.sheffield.com1003.cafe.ingredients.Coffee.&lt;init&gt;(Coffee.java:10)
	at uk.ac.sheffield.com1003.cafe.ingredients.Coffee.&lt;init&gt;(Coffee.java:10)
	at uk.ac.sheffield.com1003.cafe.ingredients.Coffee.&lt;init&gt;(Coffee.java:10)
	at uk.ac.sheffield.com1003.cafe.ingredients.Coffee.&lt;init&gt;(Coffee.java:10)
	at uk.ac.sheffield.com1003.cafe.ingredients.Coffee.&lt;init&gt;(Coffee.java:10)
	at uk.ac.sheffield.com1003.cafe.ingredients.Coffee.&lt;init&gt;(Coffee.java:10)
	at uk.ac.sheffield.com1003.cafe.ingredients.Coffee.&lt;init&gt;(Coffee.java:10)
	at uk.ac.sheffield.com1003.cafe.ingredients.Coffee.&lt;init&gt;(Coffee.java:10)
	at uk.ac.sheffield.com1003.cafe.ingredients.Coffee.&lt;init&gt;(Coffee.java:10)
	at uk.ac.sheffield.com1003.cafe.ingredients.Coffee.&lt;init&gt;(Coffee.java:10)
	at uk.ac.sheffield.com1003.cafe.ingredients.Coffee.&lt;init&gt;(Coffee.java:10)
	at uk.ac.sheffield.com1003.cafe.ingredients.Coffee.&lt;init&gt;(Coffee.java:10)
	at uk.ac.sheffield.com1003.cafe.ingredients.Coffee.&lt;init&gt;(Coffee.java:10)
	at uk.ac.sheffield.com1003.cafe.ingredients.Coffee.&lt;init&gt;(Coffee.java:10)
	at uk.ac.sheffield.com1003.cafe.ingredients.Coffee.&lt;init&gt;(Coffee.java:10)
	at uk.ac.sheffield.com1003.cafe.ingredients.Coffee.&lt;init&gt;(Coffee.java:10)
	at uk.ac.sheffield.com1003.cafe.ingredients.Coffee.&lt;init&gt;(Coffee.java:10)
	at uk.ac.sheffield.com1003.cafe.ingredients.Coffee.&lt;init&gt;(Coffee.java:10)
	at uk.ac.sheffield.com1003.cafe.ingredients.Coffee.&lt;init&gt;(Coffee.java:10)
	at uk.ac.sheffield.com1003.cafe.ingredients.Coffee.&lt;init&gt;(Coffee.java:10)
	at uk.ac.sheffield.com1003.cafe.ingredients.Coffee.&lt;init&gt;(Coffee.java:10)
	at uk.ac.sheffield.com1003.cafe.ingredients.Coffee.&lt;init&gt;(Coffee.java:10)
	at uk.ac.sheffield.com1003.cafe.ingredients.Coffee.&lt;init&gt;(Coffee.java:10)
	at uk.ac.sheffield.com1003.cafe.ingredients.Coffee.&lt;init&gt;(Coffee.java:10)
	at uk.ac.sheffield.com1003.cafe.ingredients.Coffee.&lt;init&gt;(Coffee.java:10)
	at uk.ac.sheffield.com1003.cafe.ingredients.Coffee.&lt;init&gt;(Coffee.java:10)
	at uk.ac.sheffield.com1003.cafe.ingredients.Coffee.&lt;init&gt;(Coffee.java:10)
	at uk.ac.sheffield.com1003.cafe.ingredients.Coffee.&lt;init&gt;(Coffee.java:10)
	at uk.ac.sheffield.com1003.cafe.ingredients.Coffee.&lt;init&gt;(Coffee.java:10)
	at uk.ac.sheffield.com1003.cafe.ingredients.Coffee.&lt;init&gt;(Coffee.java:10)
	at uk.ac.sheffield.com1003.cafe.ingredients.Coffee.&lt;init&gt;(Coffee.java:10)
	at uk.ac.sheffield.com1003.cafe.ingredients.Coffee.&lt;init&gt;(Coffee.java:10)
	at uk.ac.sheffield.com1003.cafe.ingredients.Coffee.&lt;init&gt;(Coffee.java:10)
	at uk.ac.sheffield.com1003.cafe.ingredients.Coffee.&lt;init&gt;(Coffee.java:10)
	at uk.ac.sheffield.com1003.cafe.ingredients.Coffee.&lt;init&gt;(Coffee.java:10)
	at uk.ac.sheffield.com1003.cafe.ingredients.Coffee.&lt;init&gt;(Coffee.java:10)
	at uk.ac.sheffield.com1003.cafe.ingredients.Coffee.&lt;init&gt;(Coffee.java:10)
	at uk.ac.sheffield.com1003.cafe.ingredients.Coffee.&lt;init&gt;(Coffee.java:10)
	at uk.ac.sheffield.com1003.cafe.ingredients.Coffee.&lt;init&gt;(Coffee.java:10)
	at uk.ac.sheffield.com1003.cafe.ingredients.Coffee.&lt;init&gt;(Coffee.java:10)
	at uk.ac.sheffield.com1003.cafe.ingredients.Coffee.&lt;init&gt;(Coffee.java:10)
	at uk.ac.sheffield.com1003.cafe.ingredients.Coffee.&lt;init&gt;(Coffee.java:10)
	at uk.ac.sheffield.com1003.cafe.ingredients.Coffee.&lt;init&gt;(Coffee.java:10)
	at uk.ac.sheffield.com1003.cafe.ingredients.Coffee.&lt;init&gt;(Coffee.java:10)
	at uk.ac.sheffield.com1003.cafe.ingredients.Coffee.&lt;init&gt;(Coffee.java:10)
	at uk.ac.sheffield.com1003.cafe.ingredients.Coffee.&lt;init&gt;(Coffee.java:10)
	at uk.ac.sheffield.com1003.cafe.ingredients.Coffee.&lt;init&gt;(Coffee.java:10)
	at uk.ac.sheffield.com1003.cafe.ingredients.Coffee.&lt;init&gt;(Coffee.java:10)
	at uk.ac.sheffield.com1003.cafe.ingredients.Coffee.&lt;init&gt;(Coffee.java:10)
	at uk.ac.sheffield.com1003.cafe.ingredients.Coffee.&lt;init&gt;(Coffee.java:10)
	at uk.ac.sheffield.com1003.cafe.ingredients.Coffee.&lt;init&gt;(Coffee.java:10)
	at uk.ac.sheffield.com1003.cafe.ingredients.Coffee.&lt;init&gt;(Coffee.java:10)
	at uk.ac.sheffield.com1003.cafe.ingredients.Coffee.&lt;init&gt;(Coffee.java:10)
	at uk.ac.sheffield.com1003.cafe.ingredients.Coffee.&lt;init&gt;(Coffee.java:10)
	at uk.ac.sheffield.com1003.cafe.ingredients.Coffee.&lt;init&gt;(Coffee.java:10)
	at uk.ac.sheffield.com1003.cafe.ingredients.Coffee.&lt;init&gt;(Coffee.java:10)
	at uk.ac.sheffield.com1003.cafe.ingredients.Coffee.&lt;init&gt;(Coffee.java:10)
	at uk.ac.sheffield.com1003.cafe.ingredients.Coffee.&lt;init&gt;(Coffee.java:10)
	at uk.ac.sheffield.com1003.cafe.ingredients.Coffee.&lt;init&gt;(Coffee.java:10)
	at uk.ac.sheffield.com1003.cafe.ingredients.Coffee.&lt;init&gt;(Coffee.java:10)
	at uk.ac.sheffield.com1003.cafe.ingredients.Coffee.&lt;init&gt;(Coffee.java:10)
	at uk.ac.sheffield.com1003.cafe.ingredients.Coffee.&lt;init&gt;(Coffee.java:10)
	at uk.ac.sheffield.com1003.cafe.ingredients.Coffee.&lt;init&gt;(Coffee.java:10)
	at uk.ac.sheffield.com1003.cafe.ingredients.Coffee.&lt;init&gt;(Coffee.java:10)
	at uk.ac.sheffield.com1003.cafe.ingredients.Coffee.&lt;init&gt;(Coffee.java:10)
	at uk.ac.sheffield.com1003.cafe.ingredients.Coffee.&lt;init&gt;(Coffee.java:10)
	at uk.ac.sheffield.com1003.cafe.ingredients.Coffee.&lt;init&gt;(Coffee.java:10)
	at uk.ac.sheffield.com1003.cafe.ingredients.Coffee.&lt;init&gt;(Coffee.java:10)
	at uk.ac.sheffield.com1003.cafe.ingredients.Coffee.&lt;init&gt;(Coffee.java:10)
	at uk.ac.sheffield.com1003.cafe.ingredients.Coffee.&lt;init&gt;(Coffee.java:10)
	at uk.ac.sheffield.com1003.cafe.ingredients.Coffee.&lt;init&gt;(Coffee.java:10)
	at uk.ac.sheffield.com1003.cafe.ingredients.Coffee.&lt;init&gt;(Coffee.java:10)
	at uk.ac.sheffield.com1003.cafe.ingredients.Coffee.&lt;init&gt;(Coffee.java:10)
	at uk.ac.sheffield.com1003.cafe.ingredients.Coffee.&lt;init&gt;(Coffee.java:10)
	at uk.ac.sheffield.com1003.cafe.ingredients.Coffee.&lt;init&gt;(Coffee.java:10)
	at uk.ac.sheffield.com1003.cafe.ingredients.Coffee.&lt;init&gt;(Coffee.java:10)
	at uk.ac.sheffield.com1003.cafe.ingredients.Coffee.&lt;init&gt;(Coffee.java:10)
	at uk.ac.sheffield.com1003.cafe.ingredients.Coffee.&lt;init&gt;(Coffee.java:10)
	at uk.ac.sheffield.com1003.cafe.ingredients.Coffee.&lt;init&gt;(Coffee.java:10)
	at uk.ac.sheffield.com1003.cafe.ingredients.Coffee.&lt;init&gt;(Coffee.java:10)
	at uk.ac.sheffield.com1003.cafe.ingredients.Coffee.&lt;init&gt;(Coffee.java:10)
	at uk.ac.sheffield.com1003.cafe.ingredients.Coffee.&lt;init&gt;(Coffee.java:10)
	at uk.ac.sheffield.com1003.cafe.ingredients.Coffee.&lt;init&gt;(Coffee.java:10)
	at uk.ac.sheffield.com1003.cafe.ingredients.Coffee.&lt;init&gt;(Coffee.java:10)
	at uk.ac.sheffield.com1003.cafe.ingredients.Coffee.&lt;init&gt;(Coffee.java:10)
	at uk.ac.sheffield.com1003.cafe.ingredients.Coffee.&lt;init&gt;(Coffee.java:10)
	at uk.ac.sheffield.com1003.cafe.ingredients.Coffee.&lt;init&gt;(Coffee.java:10)
	at uk.ac.sheffield.com1003.cafe.ingredients.Coffee.&lt;init&gt;(Coffee.java:10)
	at uk.ac.sheffield.com1003.cafe.ingredients.Coffee.&lt;init&gt;(Coffee.java:10)
	at uk.ac.sheffield.com1003.cafe.ingredients.Coffee.&lt;init&gt;(Coffee.java:10)
	at uk.ac.sheffield.com1003.cafe.ingredients.Coffee.&lt;init&gt;(Coffee.java:10)
	at uk.ac.sheffield.com1003.cafe.ingredients.Coffee.&lt;init&gt;(Coffee.java:10)
	at uk.ac.sheffield.com1003.cafe.ingredients.Coffee.&lt;init&gt;(Coffee.java:10)
	at uk.ac.sheffield.com1003.cafe.ingredients.Coffee.&lt;init&gt;(Coffee.java:10)
	at uk.ac.sheffield.com1003.cafe.ingredients.Coffee.&lt;init&gt;(Coffee.java:10)
	at uk.ac.sheffield.com1003.cafe.ingredients.Coffee.&lt;init&gt;(Coffee.java:10)
	at uk.ac.sheffield.com1003.cafe.ingredients.Coffee.&lt;init&gt;(Coffee.java:10)
	at uk.ac.sheffield.com1003.cafe.ingredients.Coffee.&lt;init&gt;(Coffee.java:10)
	at uk.ac.sheffield.com1003.cafe.ingredients.Coffee.&lt;init&gt;(Coffee.java:10)
	at uk.ac.sheffield.com1003.cafe.ingredients.Coffee.&lt;init&gt;(Coffee.java:10)
	at uk.ac.sheffield.com1003.cafe.ingredients.Coffee.&lt;init&gt;(Coffee.java:10)
	at uk.ac.sheffield.com1003.cafe.ingredients.Coffee.&lt;init&gt;(Coffee.java:10)
	at uk.ac.sheffield.com1003.cafe.ingredients.Coffee.&lt;init&gt;(Coffee.java:10)
	at uk.ac.sheffield.com1003.cafe.ingredients.Coffee.&lt;init&gt;(Coffee.java:10)
	at uk.ac.sheffield.com1003.cafe.ingredients.Coffee.&lt;init&gt;(Coffee.java:10)
	at uk.ac.sheffield.com1003.cafe.ingredients.Coffee.&lt;init&gt;(Coffee.java:10)
	at uk.ac.sheffield.com1003.cafe.ingredients.Coffee.&lt;init&gt;(Coffee.java:10)
	at uk.ac.sheffield.com1003.cafe.ingredients.Coffee.&lt;init&gt;(Coffee.java:10)
	at uk.ac.sheffield.com1003.cafe.ingredients.Coffee.&lt;init&gt;(Coffee.java:10)
	at uk.ac.sheffield.com1003.cafe.ingredients.Coffee.&lt;init&gt;(Coffee.java:10)
	at uk.ac.sheffield.com1003.cafe.ingredients.Coffee.&lt;init&gt;(Coffee.java:10)
	at uk.ac.sheffield.com1003.cafe.ingredients.Coffee.&lt;init&gt;(Coffee.java:10)
	at uk.ac.sheffield.com1003.cafe.ingredients.Coffee.&lt;init&gt;(Coffee.java:10)
	at uk.ac.sheffield.com1003.cafe.ingredients.Coffee.&lt;init&gt;(Coffee.java:10)
	at uk.ac.sheffield.com1003.cafe.ingredients.Coffee.&lt;init&gt;(Coffee.java:10)
	at uk.ac.sheffield.com1003.cafe.ingredients.Coffee.&lt;init&gt;(Coffee.java:10)
	at uk.ac.sheffield.com1003.cafe.ingredients.Coffee.&lt;init&gt;(Coffee.java:10)
	at uk.ac.sheffield.com1003.cafe.ingredients.Coffee.&lt;init&gt;(Coffee.java:10)
	at uk.ac.sheffield.com1003.cafe.ingredients.Coffee.&lt;init&gt;(Coffee.java:10)
	at uk.ac.sheffield.com1003.cafe.ingredients.Coffee.&lt;init&gt;(Coffee.java:10)
	at uk.ac.sheffield.com1003.cafe.ingredients.Coffee.&lt;init&gt;(Coffee.java:10)
	at uk.ac.sheffield.com1003.cafe.ingredients.Coffee.&lt;init&gt;(Coffee.java:10)
	at uk.ac.sheffield.com1003.cafe.ingredients.Coffee.&lt;init&gt;(Coffee.java:10)
	at uk.ac.sheffield.com1003.cafe.ingredients.Coffee.&lt;init&gt;(Coffee.java:10)
	at uk.ac.sheffield.com1003.cafe.ingredients.Coffee.&lt;init&gt;(Coffee.java:10)
	at uk.ac.sheffield.com1003.cafe.ingredients.Coffee.&lt;init&gt;(Coffee.java:10)
	at uk.ac.sheffield.com1003.cafe.ingredients.Coffee.&lt;init&gt;(Coffee.java:10)
	at uk.ac.sheffield.com1003.cafe.ingredients.Coffee.&lt;init&gt;(Coffee.java:10)
	at uk.ac.sheffield.com1003.cafe.ingredients.Coffee.&lt;init&gt;(Coffee.java:10)
	at uk.ac.sheffield.com1003.cafe.ingredients.Coffee.&lt;init&gt;(Coffee.java:10)
	at uk.ac.sheffield.com1003.cafe.ingredients.Coffee.&lt;init&gt;(Coffee.java:10)
	at uk.ac.sheffield.com1003.cafe.ingredients.Coffee.&lt;init&gt;(Coffee.java:10)
	at uk.ac.sheffield.com1003.cafe.ingredients.Coffee.&lt;init&gt;(Coffee.java:10)
	at uk.ac.sheffield.com1003.cafe.ingredients.Coffee.&lt;init&gt;(Coffee.java:10)
	at uk.ac.sheffield.com1003.cafe.ingredients.Coffee.&lt;init&gt;(Coffee.java:10)
	at uk.ac.sheffield.com1003.cafe.ingredients.Coffee.&lt;init&gt;(Coffee.java:10)
	at uk.ac.sheffield.com1003.cafe.ingredients.Coffee.&lt;init&gt;(Coffee.java:10)
	at uk.ac.sheffield.com1003.cafe.ingredients.Coffee.&lt;init&gt;(Coffee.java:10)
	at uk.ac.sheffield.com1003.cafe.ingredients.Coffee.&lt;init&gt;(Coffee.java:10)
	at uk.ac.sheffield.com1003.cafe.ingredients.Coffee.&lt;init&gt;(Coffee.java:10)
	at uk.ac.sheffield.com1003.cafe.ingredients.Coffee.&lt;init&gt;(Coffee.java:10)
	at uk.ac.sheffield.com1003.cafe.ingredients.Coffee.&lt;init&gt;(Coffee.java:10)
	at uk.ac.sheffield.com1003.cafe.ingredients.Coffee.&lt;init&gt;(Coffee.java:10)
	at uk.ac.sheffield.com1003.cafe.ingredients.Coffee.&lt;init&gt;(Coffee.java:10)
	at uk.ac.sheffield.com1003.cafe.ingredients.Coffee.&lt;init&gt;(Coffee.java:10)
	at uk.ac.sheffield.com1003.cafe.ingredients.Coffee.&lt;init&gt;(Coffee.java:10)
	at uk.ac.sheffield.com1003.cafe.ingredients.Coffee.&lt;init&gt;(Coffee.java:10)
	at uk.ac.sheffield.com1003.cafe.ingredients.Coffee.&lt;init&gt;(Coffee.java:10)
	at uk.ac.sheffield.com1003.cafe.ingredients.Coffee.&lt;init&gt;(Coffee.java:10)
	at uk.ac.sheffield.com1003.cafe.ingredients.Coffee.&lt;init&gt;(Coffee.java:10)
	at uk.ac.sheffield.com1003.cafe.ingredients.Coffee.&lt;init&gt;(Coffee.java:10)
	at uk.ac.sheffield.com1003.cafe.ingredients.Coffee.&lt;init&gt;(Coffee.java:10)
	at uk.ac.sheffield.com1003.cafe.ingredients.Coffee.&lt;init&gt;(Coffee.java:10)
	at uk.ac.sheffield.com1003.cafe.ingredients.Coffee.&lt;init&gt;(Coffee.java:10)
	at uk.ac.sheffield.com1003.cafe.ingredients.Coffee.&lt;init&gt;(Coffee.java:10)
	at uk.ac.sheffield.com1003.cafe.ingredients.Coffee.&lt;init&gt;(Coffee.java:10)
	at uk.ac.sheffield.com1003.cafe.ingredients.Coffee.&lt;init&gt;(Coffee.java:10)
	at uk.ac.sheffield.com1003.cafe.ingredients.Coffee.&lt;init&gt;(Coffee.java:10)
	at uk.ac.sheffield.com1003.cafe.ingredients.Coffee.&lt;init&gt;(Coffee.java:10)
	at uk.ac.sheffield.com1003.cafe.ingredients.Coffee.&lt;init&gt;(Coffee.java:10)
	at uk.ac.sheffield.com1003.cafe.ingredients.Coffee.&lt;init&gt;(Coffee.java:10)
	at uk.ac.sheffield.com1003.cafe.ingredients.Coffee.&lt;init&gt;(Coffee.java:10)
	at uk.ac.sheffield.com1003.cafe.ingredients.Coffee.&lt;init&gt;(Coffee.java:10)
	at uk.ac.sheffield.com1003.cafe.ingredients.Coffee.&lt;init&gt;(Coffee.java:10)
	at uk.ac.sheffield.com1003.cafe.ingredients.Coffee.&lt;init&gt;(Coffee.java:10)
	at uk.ac.sheffield.com1003.cafe.ingredients.Coffee.&lt;init&gt;(Coffee.java:10)
	at uk.ac.sheffield.com1003.cafe.ingredients.Coffee.&lt;init&gt;(Coffee.java:10)
	at uk.ac.sheffield.com1003.cafe.ingredients.Coffee.&lt;init&gt;(Coffee.java:10)
	at uk.ac.sheffield.com1003.cafe.ingredients.Coffee.&lt;init&gt;(Coffee.java:10)
	at uk.ac.sheffield.com1003.cafe.ingredients.Coffee.&lt;init&gt;(Coffee.java:10)
	at uk.ac.sheffield.com1003.cafe.ingredients.Coffee.&lt;init&gt;(Coffee.java:10)
	at uk.ac.sheffield.com1003.cafe.ingredients.Coffee.&lt;init&gt;(Coffee.java:10)
	at uk.ac.sheffield.com1003.cafe.ingredients.Coffee.&lt;init&gt;(Coffee.java:10)
	at uk.ac.sheffield.com1003.cafe.ingredients.Coffee.&lt;init&gt;(Coffee.java:10)
	at uk.ac.sheffield.com1003.cafe.ingredients.Coffee.&lt;init&gt;(Coffee.java:10)
	at uk.ac.sheffield.com1003.cafe.ingredients.Coffee.&lt;init&gt;(Coffee.java:10)
	at uk.ac.sheffield.com1003.cafe.ingredients.Coffee.&lt;init&gt;(Coffee.java:10)
	at uk.ac.sheffield.com1003.cafe.ingredients.Coffee.&lt;init&gt;(Coffee.java:10)
	at uk.ac.sheffield.com1003.cafe.ingredients.Coffee.&lt;init&gt;(Coffee.java:10)
	at uk.ac.sheffield.com1003.cafe.ingredients.Coffee.&lt;init&gt;(Coffee.java:10)
	at uk.ac.sheffield.com1003.cafe.ingredients.Coffee.&lt;init&gt;(Coffee.java:10)
	at uk.ac.sheffield.com1003.cafe.ingredients.Coffee.&lt;init&gt;(Coffee.java:10)
	at uk.ac.sheffield.com1003.cafe.ingredients.Coffee.&lt;init&gt;(Coffee.java:10)
	at uk.ac.sheffield.com1003.cafe.ingredients.Coffee.&lt;init&gt;(Coffee.java:10)
	at uk.ac.sheffield.com1003.cafe.ingredients.Coffee.&lt;init&gt;(Coffee.java:10)
	at uk.ac.sheffield.com1003.cafe.ingredients.Coffee.&lt;init&gt;(Coffee.java:10)
	at uk.ac.sheffield.com1003.cafe.ingredients.Coffee.&lt;init&gt;(Coffee.java:10)
	at uk.ac.sheffield.com1003.cafe.ingredients.Coffee.&lt;init&gt;(Coffee.java:10)
	at uk.ac.sheffield.com1003.cafe.ingredients.Coffee.&lt;init&gt;(Coffee.java:10)
	at uk.ac.sheffield.com1003.cafe.ingredients.Coffee.&lt;init&gt;(Coffee.java:10)
	at uk.ac.sheffield.com1003.cafe.ingredients.Coffee.&lt;init&gt;(Coffee.java:10)
	at uk.ac.sheffield.com1003.cafe.ingredients.Coffee.&lt;init&gt;(Coffee.java:10)
	at uk.ac.sheffield.com1003.cafe.ingredients.Coffee.&lt;init&gt;(Coffee.java:10)
	at uk.ac.sheffield.com1003.cafe.ingredients.Coffee.&lt;init&gt;(Coffee.java:10)
	at uk.ac.sheffield.com1003.cafe.ingredients.Coffee.&lt;init&gt;(Coffee.java:10)
	at uk.ac.sheffield.com1003.cafe.ingredients.Coffee.&lt;init&gt;(Coffee.java:10)
	at uk.ac.sheffield.com1003.cafe.ingredients.Coffee.&lt;init&gt;(Coffee.java:10)
	at uk.ac.sheffield.com1003.cafe.ingredients.Coffee.&lt;init&gt;(Coffee.java:10)
	at uk.ac.sheffield.com1003.cafe.ingredients.Coffee.&lt;init&gt;(Coffee.java:10)
	at uk.ac.sheffield.com1003.cafe.ingredients.Coffee.&lt;init&gt;(Coffee.java:10)
	at uk.ac.sheffield.com1003.cafe.ingredients.Coffee.&lt;init&gt;(Coffee.java:10)
	at uk.ac.sheffield.com1003.cafe.ingredients.Coffee.&lt;init&gt;(Coffee.java:10)
	at uk.ac.sheffield.com1003.cafe.ingredients.Coffee.&lt;init&gt;(Coffee.java:10)
	at uk.ac.sheffield.com1003.cafe.ingredients.Coffee.&lt;init&gt;(Coffee.java:10)
	at uk.ac.sheffield.com1003.cafe.ingredients.Coffee.&lt;init&gt;(Coffee.java:10)
	at uk.ac.sheffield.com1003.cafe.ingredients.Coffee.&lt;init&gt;(Coffee.java:10)
	at uk.ac.sheffield.com1003.cafe.ingredients.Coffee.&lt;init&gt;(Coffee.java:10)
	at uk.ac.sheffield.com1003.cafe.ingredients.Coffee.&lt;init&gt;(Coffee.java:10)
	at uk.ac.sheffield.com1003.cafe.ingredients.Coffee.&lt;init&gt;(Coffee.java:10)
	at uk.ac.sheffield.com1003.cafe.ingredients.Coffee.&lt;init&gt;(Coffee.java:10)
	at uk.ac.sheffield.com1003.cafe.ingredients.Coffee.&lt;init&gt;(Coffee.java:10)
	at uk.ac.sheffield.com1003.cafe.ingredients.Coffee.&lt;init&gt;(Coffee.java:10)
	at uk.ac.sheffield.com1003.cafe.ingredients.Coffee.&lt;init&gt;(Coffee.java:10)
	at uk.ac.sheffield.com1003.cafe.ingredients.Coffee.&lt;init&gt;(Coffee.java:10)
	at uk.ac.sheffield.com1003.cafe.ingredients.Coffee.&lt;init&gt;(Coffee.java:10)
	at uk.ac.sheffield.com1003.cafe.ingredients.Coffee.&lt;init&gt;(Coffee.java:10)
	at uk.ac.sheffield.com1003.cafe.ingredients.Coffee.&lt;init&gt;(Coffee.java:10)
	at uk.ac.sheffield.com1003.cafe.ingredients.Coffee.&lt;init&gt;(Coffee.java:10)
	at uk.ac.sheffield.com1003.cafe.ingredients.Coffee.&lt;init&gt;(Coffee.java:10)
	at uk.ac.sheffield.com1003.cafe.ingredients.Coffee.&lt;init&gt;(Coffee.java:10)
	at uk.ac.sheffield.com1003.cafe.ingredients.Coffee.&lt;init&gt;(Coffee.java:10)
	at uk.ac.sheffield.com1003.cafe.ingredients.Coffee.&lt;init&gt;(Coffee.java:10)
	at uk.ac.sheffield.com1003.cafe.ingredients.Coffee.&lt;init&gt;(Coffee.java:10)
	at uk.ac.sheffield.com1003.cafe.ingredients.Coffee.&lt;init&gt;(Coffee.java:10)
	at uk.ac.sheffield.com1003.cafe.ingredients.Coffee.&lt;init&gt;(Coffee.java:10)
	at uk.ac.sheffield.com1003.cafe.ingredients.Coffee.&lt;init&gt;(Coffee.java:10)
	at uk.ac.sheffield.com1003.cafe.ingredients.Coffee.&lt;init&gt;(Coffee.java:10)
	at uk.ac.sheffield.com1003.cafe.ingredients.Coffee.&lt;init&gt;(Coffee.java:10)
	at uk.ac.sheffield.com1003.cafe.ingredients.Coffee.&lt;init&gt;(Coffee.java:10)
	at uk.ac.sheffield.com1003.cafe.ingredients.Coffee.&lt;init&gt;(Coffee.java:10)
	at uk.ac.sheffield.com1003.cafe.ingredients.Coffee.&lt;init&gt;(Coffee.java:10)
	at uk.ac.sheffield.com1003.cafe.ingredients.Coffee.&lt;init&gt;(Coffee.java:10)
	at uk.ac.sheffield.com1003.cafe.ingredients.Coffee.&lt;init&gt;(Coffee.java:10)
	at uk.ac.sheffield.com1003.cafe.ingredients.Coffee.&lt;init&gt;(Coffee.java:10)
	at uk.ac.sheffield.com1003.cafe.ingredients.Coffee.&lt;init&gt;(Coffee.java:10)
	at uk.ac.sheffield.com1003.cafe.ingredients.Coffee.&lt;init&gt;(Coffee.java:10)
	at uk.ac.sheffield.com1003.cafe.ingredients.Coffee.&lt;init&gt;(Coffee.java:10)
	at uk.ac.sheffield.com1003.cafe.ingredients.Coffee.&lt;init&gt;(Coffee.java:10)
	at uk.ac.sheffield.com1003.cafe.ingredients.Coffee.&lt;init&gt;(Coffee.java:10)
	at uk.ac.sheffield.com1003.cafe.ingredients.Coffee.&lt;init&gt;(Coffee.java:10)
	at uk.ac.sheffield.com1003.cafe.ingredients.Coffee.&lt;init&gt;(Coffee.java:10)
	at uk.ac.sheffield.com1003.cafe.ingredients.Coffee.&lt;init&gt;(Coffee.java:10)
	at uk.ac.sheffield.com1003.cafe.ingredients.Coffee.&lt;init&gt;(Coffee.java:10)
	at uk.ac.sheffield.com1003.cafe.ingredients.Coffee.&lt;init&gt;(Coffee.java:10)
	at uk.ac.sheffield.com1003.cafe.ingredients.Coffee.&lt;init&gt;(Coffee.java:10)
	at uk.ac.sheffield.com1003.cafe.ingredients.Coffee.&lt;init&gt;(Coffee.java:10)
	at uk.ac.sheffield.com1003.cafe.ingredients.Coffee.&lt;init&gt;(Coffee.java:10)
	at uk.ac.sheffield.com1003.cafe.ingredients.Coffee.&lt;init&gt;(Coffee.java:10)
	at uk.ac.sheffield.com1003.cafe.ingredients.Coffee.&lt;init&gt;(Coffee.java:10)
	at uk.ac.sheffield.com1003.cafe.ingredients.Coffee.&lt;init&gt;(Coffee.java:10)
	at uk.ac.sheffield.com1003.cafe.ingredients.Coffee.&lt;init&gt;(Coffee.java:10)
	at uk.ac.sheffield.com1003.cafe.ingredients.Coffee.&lt;init&gt;(Coffee.java:10)
	at uk.ac.sheffield.com1003.cafe.ingredients.Coffee.&lt;init&gt;(Coffee.java:10)
	at uk.ac.sheffield.com1003.cafe.ingredients.Coffee.&lt;init&gt;(Coffee.java:10)
	at uk.ac.sheffield.com1003.cafe.ingredients.Coffee.&lt;init&gt;(Coffee.java:10)
	at uk.ac.sheffield.com1003.cafe.ingredients.Coffee.&lt;init&gt;(Coffee.java:10)
	at uk.ac.sheffield.com1003.cafe.ingredients.Coffee.&lt;init&gt;(Coffee.java:10)
	at uk.ac.sheffield.com1003.cafe.ingredients.Coffee.&lt;init&gt;(Coffee.java:10)
	at uk.ac.sheffield.com1003.cafe.ingredients.Coffee.&lt;init&gt;(Coffee.java:10)
	at uk.ac.sheffield.com1003.cafe.ingredients.Coffee.&lt;init&gt;(Coffee.java:10)
	at uk.ac.sheffield.com1003.cafe.ingredients.Coffee.&lt;init&gt;(Coffee.java:10)
	at uk.ac.sheffield.com1003.cafe.ingredients.Coffee.&lt;init&gt;(Coffee.java:10)
	at uk.ac.sheffield.com1003.cafe.ingredients.Coffee.&lt;init&gt;(Coffee.java:10)
	at uk.ac.sheffield.com1003.cafe.ingredients.Coffee.&lt;init&gt;(Coffee.java:10)
	at uk.ac.sheffield.com1003.cafe.ingredients.Coffee.&lt;init&gt;(Coffee.java:10)
	at uk.ac.sheffield.com1003.cafe.ingredients.Coffee.&lt;init&gt;(Coffee.java:10)
	at uk.ac.sheffield.com1003.cafe.ingredients.Coffee.&lt;init&gt;(Coffee.java:10)
	at uk.ac.sheffield.com1003.cafe.ingredients.Coffee.&lt;init&gt;(Coffee.java:10)
	at uk.ac.sheffield.com1003.cafe.ingredients.Coffee.&lt;init&gt;(Coffee.java:10)
	at uk.ac.sheffield.com1003.cafe.ingredients.Coffee.&lt;init&gt;(Coffee.java:10)
	at uk.ac.sheffield.com1003.cafe.ingredients.Coffee.&lt;init&gt;(Coffee.java:10)
	at uk.ac.sheffield.com1003.cafe.ingredients.Coffee.&lt;init&gt;(Coffee.java:10)
	at uk.ac.sheffield.com1003.cafe.ingredients.Coffee.&lt;init&gt;(Coffee.java:10)
	at uk.ac.sheffield.com1003.cafe.ingredients.Coffee.&lt;init&gt;(Coffee.java:10)
	at uk.ac.sheffield.com1003.cafe.ingredients.Coffee.&lt;init&gt;(Coffee.java:10)
	at uk.ac.sheffield.com1003.cafe.ingredients.Coffee.&lt;init&gt;(Coffee.java:10)
	at uk.ac.sheffield.com1003.cafe.ingredients.Coffee.&lt;init&gt;(Coffee.java:10)
	at uk.ac.sheffield.com1003.cafe.ingredients.Coffee.&lt;init&gt;(Coffee.java:10)
	at uk.ac.sheffield.com1003.cafe.ingredients.Coffee.&lt;init&gt;(Coffee.java:10)
	at uk.ac.sheffield.com1003.cafe.ingredients.Coffee.&lt;init&gt;(Coffee.java:10)
	at uk.ac.sheffield.com1003.cafe.ingredients.Coffee.&lt;init&gt;(Coffee.java:10)
	at uk.ac.sheffield.com1003.cafe.ingredients.Coffee.&lt;init&gt;(Coffee.java:10)
	at uk.ac.sheffield.com1003.cafe.ingredients.Coffee.&lt;init&gt;(Coffee.java:10)
	at uk.ac.sheffield.com1003.cafe.ingredients.Coffee.&lt;init&gt;(Coffee.java:10)
	at uk.ac.sheffield.com1003.cafe.ingredients.Coffee.&lt;init&gt;(Coffee.java:10)
	at uk.ac.sheffield.com1003.cafe.ingredients.Coffee.&lt;init&gt;(Coffee.java:10)
	at uk.ac.sheffield.com1003.cafe.ingredients.Coffee.&lt;init&gt;(Coffee.java:10)
	at uk.ac.sheffield.com1003.cafe.ingredients.Coffee.&lt;init&gt;(Coffee.java:10)
	at uk.ac.sheffield.com1003.cafe.ingredients.Coffee.&lt;init&gt;(Coffee.java:10)
	at uk.ac.sheffield.com1003.cafe.ingredients.Coffee.&lt;init&gt;(Coffee.java:10)
	at uk.ac.sheffield.com1003.cafe.ingredients.Coffee.&lt;init&gt;(Coffee.java:10)
	at uk.ac.sheffield.com1003.cafe.ingredients.Coffee.&lt;init&gt;(Coffee.java:10)
	at uk.ac.sheffield.com1003.cafe.ingredients.Coffee.&lt;init&gt;(Coffee.java:10)
	at uk.ac.sheffield.com1003.cafe.ingredients.Coffee.&lt;init&gt;(Coffee.java:10)
	at uk.ac.sheffield.com1003.cafe.ingredients.Coffee.&lt;init&gt;(Coffee.java:10)
	at uk.ac.sheffield.com1003.cafe.ingredients.Coffee.&lt;init&gt;(Coffee.java:10)
	at uk.ac.sheffield.com1003.cafe.ingredients.Coffee.&lt;init&gt;(Coffee.java:10)
	at uk.ac.sheffield.com1003.cafe.ingredients.Coffee.&lt;init&gt;(Coffee.java:10)
	at uk.ac.sheffield.com1003.cafe.ingredients.Coffee.&lt;init&gt;(Coffee.java:10)
	at uk.ac.sheffield.com1003.cafe.ingredients.Coffee.&lt;init&gt;(Coffee.java:10)
	at uk.ac.sheffield.com1003.cafe.ingredients.Coffee.&lt;init&gt;(Coffee.java:10)
	at uk.ac.sheffield.com1003.cafe.ingredients.Coffee.&lt;init&gt;(Coffee.java:10)
	at uk.ac.sheffield.com1003.cafe.ingredients.Coffee.&lt;init&gt;(Coffee.java:10)
	at uk.ac.sheffield.com1003.cafe.ingredients.Coffee.&lt;init&gt;(Coffee.java:10)
	at uk.ac.sheffield.com1003.cafe.ingredients.Coffee.&lt;init&gt;(Coffee.java:10)
	at uk.ac.sheffield.com1003.cafe.ingredients.Coffee.&lt;init&gt;(Coffee.java:10)
	at uk.ac.sheffield.com1003.cafe.ingredients.Coffee.&lt;init&gt;(Coffee.java:10)
	at uk.ac.sheffield.com1003.cafe.ingredients.Coffee.&lt;init&gt;(Coffee.java:10)
	at uk.ac.sheffield.com1003.cafe.ingredients.Coffee.&lt;init&gt;(Coffee.java:10)
	at uk.ac.sheffield.com1003.cafe.ingredients.Coffee.&lt;init&gt;(Coffee.java:10)
	at uk.ac.sheffield.com1003.cafe.ingredients.Coffee.&lt;init&gt;(Coffee.java:10)
	at uk.ac.sheffield.com1003.cafe.ingredients.Coffee.&lt;init&gt;(Coffee.java:10)
	at uk.ac.sheffield.com1003.cafe.ingredients.Coffee.&lt;init&gt;(Coffee.java:10)
	at uk.ac.sheffield.com1003.cafe.ingredients.Coffee.&lt;init&gt;(Coffee.java:10)
	at uk.ac.sheffield.com1003.cafe.ingredients.Coffee.&lt;init&gt;(Coffee.java:10)
	at uk.ac.sheffield.com1003.cafe.ingredients.Coffee.&lt;init&gt;(Coffee.java:10)
	at uk.ac.sheffield.com1003.cafe.ingredients.Coffee.&lt;init&gt;(Coffee.java:10)
	at uk.ac.sheffield.com1003.cafe.ingredients.Coffee.&lt;init&gt;(Coffee.java:10)
	at uk.ac.sheffield.com1003.cafe.ingredients.Coffee.&lt;init&gt;(Coffee.java:10)
	at uk.ac.sheffield.com1003.cafe.ingredients.Coffee.&lt;init&gt;(Coffee.java:10)
	at uk.ac.sheffield.com1003.cafe.ingredients.Coffee.&lt;init&gt;(Coffee.java:10)
	at uk.ac.sheffield.com1003.cafe.ingredients.Coffee.&lt;init&gt;(Coffee.java:10)
	at uk.ac.sheffield.com1003.cafe.ingredients.Coffee.&lt;init&gt;(Coffee.java:10)
	at uk.ac.sheffield.com1003.cafe.ingredients.Coffee.&lt;init&gt;(Coffee.java:10)
	at uk.ac.sheffield.com1003.cafe.ingredients.Coffee.&lt;init&gt;(Coffee.java:10)
	at uk.ac.sheffield.com1003.cafe.ingredients.Coffee.&lt;init&gt;(Coffee.java:10)
	at uk.ac.sheffield.com1003.cafe.ingredients.Coffee.&lt;init&gt;(Coffee.java:10)
	at uk.ac.sheffield.com1003.cafe.ingredients.Coffee.&lt;init&gt;(Coffee.java:10)
	at uk.ac.sheffield.com1003.cafe.ingredients.Coffee.&lt;init&gt;(Coffee.java:10)
	at uk.ac.sheffield.com1003.cafe.ingredients.Coffee.&lt;init&gt;(Coffee.java:10)
	at uk.ac.sheffield.com1003.cafe.ingredients.Coffee.&lt;init&gt;(Coffee.java:10)
	at uk.ac.sheffield.com1003.cafe.ingredients.Coffee.&lt;init&gt;(Coffee.java:10)
	at uk.ac.sheffield.com1003.cafe.ingredients.Coffee.&lt;init&gt;(Coffee.java:10)
	at uk.ac.sheffield.com1003.cafe.ingredients.Coffee.&lt;init&gt;(Coffee.java:10)
	at uk.ac.sheffield.com1003.cafe.ingredients.Coffee.&lt;init&gt;(Coffee.java:10)
	at uk.ac.sheffield.com1003.cafe.ingredients.Coffee.&lt;init&gt;(Coffee.java:10)
	at uk.ac.sheffield.com1003.cafe.ingredients.Coffee.&lt;init&gt;(Coffee.java:10)
	at uk.ac.sheffield.com1003.cafe.ingredients.Coffee.&lt;init&gt;(Coffee.java:10)
	at uk.ac.sheffield.com1003.cafe.ingredients.Coffee.&lt;init&gt;(Coffee.java:10)
	at uk.ac.sheffield.com1003.cafe.ingredients.Coffee.&lt;init&gt;(Coffee.java:10)
	at uk.ac.sheffield.com1003.cafe.ingredients.Coffee.&lt;init&gt;(Coffee.java:10)
	at uk.ac.sheffield.com1003.cafe.ingredients.Coffee.&lt;init&gt;(Coffee.java:10)
	at uk.ac.sheffield.com1003.cafe.ingredients.Coffee.&lt;init&gt;(Coffee.java:10)
	at uk.ac.sheffield.com1003.cafe.ingredients.Coffee.&lt;init&gt;(Coffee.java:10)
	at uk.ac.sheffield.com1003.cafe.ingredients.Coffee.&lt;init&gt;(Coffee.java:10)
	at uk.ac.sheffield.com1003.cafe.ingredients.Coffee.&lt;init&gt;(Coffee.java:10)
	at uk.ac.sheffield.com1003.cafe.ingredients.Coffee.&lt;init&gt;(Coffee.java:10)
	at uk.ac.sheffield.com1003.cafe.ingredients.Coffee.&lt;init&gt;(Coffee.java:10)
	at uk.ac.sheffield.com1003.cafe.ingredients.Coffee.&lt;init&gt;(Coffee.java:10)
	at uk.ac.sheffield.com1003.cafe.ingredients.Coffee.&lt;init&gt;(Coffee.java:10)
	at uk.ac.sheffield.com1003.cafe.ingredients.Coffee.&lt;init&gt;(Coffee.java:10)
	at uk.ac.sheffield.com1003.cafe.ingredients.Coffee.&lt;init&gt;(Coffee.java:10)
	at uk.ac.sheffield.com1003.cafe.ingredients.Coffee.&lt;init&gt;(Coffee.java:10)
	at uk.ac.sheffield.com1003.cafe.ingredients.Coffee.&lt;init&gt;(Coffee.java:10)
	at uk.ac.sheffield.com1003.cafe.ingredients.Coffee.&lt;init&gt;(Coffee.java:10)
	at uk.ac.sheffield.com1003.cafe.ingredients.Coffee.&lt;init&gt;(Coffee.java:10)
	at uk.ac.sheffield.com1003.cafe.ingredients.Coffee.&lt;init&gt;(Coffee.java:10)
	at uk.ac.sheffield.com1003.cafe.ingredients.Coffee.&lt;init&gt;(Coffee.java:10)
	at uk.ac.sheffield.com1003.cafe.ingredients.Coffee.&lt;init&gt;(Coffee.java:10)
	at uk.ac.sheffield.com1003.cafe.ingredients.Coffee.&lt;init&gt;(Coffee.java:10)
	at uk.ac.sheffield.com1003.cafe.ingredients.Coffee.&lt;init&gt;(Coffee.java:10)
	at uk.ac.sheffield.com1003.cafe.ingredients.Coffee.&lt;init&gt;(Coffee.java:10)
	at uk.ac.sheffield.com1003.cafe.ingredients.Coffee.&lt;init&gt;(Coffee.java:10)
	at uk.ac.sheffield.com1003.cafe.ingredients.Coffee.&lt;init&gt;(Coffee.java:10)
	at uk.ac.sheffield.com1003.cafe.ingredients.Coffee.&lt;init&gt;(Coffee.java:10)
	at uk.ac.sheffield.com1003.cafe.ingredients.Coffee.&lt;init&gt;(Coffee.java:10)
	at uk.ac.sheffield.com1003.cafe.ingredients.Coffee.&lt;init&gt;(Coffee.java:10)
	at uk.ac.sheffield.com1003.cafe.ingredients.Coffee.&lt;init&gt;(Coffee.java:10)
	at uk.ac.sheffield.com1003.cafe.ingredients.Coffee.&lt;init&gt;(Coffee.java:10)
	at uk.ac.sheffield.com1003.cafe.ingredients.Coffee.&lt;init&gt;(Coffee.java:10)
	at uk.ac.sheffield.com1003.cafe.ingredients.Coffee.&lt;init&gt;(Coffee.java:10)
	at uk.ac.sheffield.com1003.cafe.ingredients.Coffee.&lt;init&gt;(Coffee.java:10)
	at uk.ac.sheffield.com1003.cafe.ingredients.Coffee.&lt;init&gt;(Coffee.java:10)
	at uk.ac.sheffield.com1003.cafe.ingredients.Coffee.&lt;init&gt;(Coffee.java:10)
	at uk.ac.sheffield.com1003.cafe.ingredients.Coffee.&lt;init&gt;(Coffee.java:10)
	at uk.ac.sheffield.com1003.cafe.ingredients.Coffee.&lt;init&gt;(Coffee.java:10)
	at uk.ac.sheffield.com1003.cafe.ingredients.Coffee.&lt;init&gt;(Coffee.java:10)
	at uk.ac.sheffield.com1003.cafe.ingredients.Coffee.&lt;init&gt;(Coffee.java:10)
	at uk.ac.sheffield.com1003.cafe.ingredients.Coffee.&lt;init&gt;(Coffee.java:10)
	at uk.ac.sheffield.com1003.cafe.ingredients.Coffee.&lt;init&gt;(Coffee.java:10)
	at uk.ac.sheffield.com1003.cafe.ingredients.Coffee.&lt;init&gt;(Coffee.java:10)
	at uk.ac.sheffield.com1003.cafe.ingredients.Coffee.&lt;init&gt;(Coffee.java:10)
	at uk.ac.sheffield.com1003.cafe.ingredients.Coffee.&lt;init&gt;(Coffee.java:10)
	at uk.ac.sheffield.com1003.cafe.ingredients.Coffee.&lt;init&gt;(Coffee.java:10)
	at uk.ac.sheffield.com1003.cafe.ingredients.Coffee.&lt;init&gt;(Coffee.java:10)
	at uk.ac.sheffield.com1003.cafe.ingredients.Coffee.&lt;init&gt;(Coffee.java:10)
	at uk.ac.sheffield.com1003.cafe.ingredients.Coffee.&lt;init&gt;(Coffee.java:10)
	at uk.ac.sheffield.com1003.cafe.ingredients.Coffee.&lt;init&gt;(Coffee.java:10)
	at uk.ac.sheffield.com1003.cafe.ingredients.Coffee.&lt;init&gt;(Coffee.java:10)
	at uk.ac.sheffield.com1003.cafe.ingredients.Coffee.&lt;init&gt;(Coffee.java:10)
	at uk.ac.sheffield.com1003.cafe.ingredients.Coffee.&lt;init&gt;(Coffee.java:10)
	at uk.ac.sheffield.com1003.cafe.ingredients.Coffee.&lt;init&gt;(Coffee.java:10)
	at uk.ac.sheffield.com1003.cafe.ingredients.Coffee.&lt;init&gt;(Coffee.java:10)
	at uk.ac.sheffield.com1003.cafe.ingredients.Coffee.&lt;init&gt;(Coffee.java:10)
	at uk.ac.sheffield.com1003.cafe.ingredients.Coffee.&lt;init&gt;(Coffee.java:10)
	at uk.ac.sheffield.com1003.cafe.ingredients.Coffee.&lt;init&gt;(Coffee.java:10)
	at uk.ac.sheffield.com1003.cafe.ingredients.Coffee.&lt;init&gt;(Coffee.java:10)
	at uk.ac.sheffield.com1003.cafe.ingredients.Coffee.&lt;init&gt;(Coffee.java:10)
	at uk.ac.sheffield.com1003.cafe.ingredients.Coffee.&lt;init&gt;(Coffee.java:10)
	at uk.ac.sheffield.com1003.cafe.ingredients.Coffee.&lt;init&gt;(Coffee.java:10)
	at uk.ac.sheffield.com1003.cafe.ingredients.Coffee.&lt;init&gt;(Coffee.java:10)
	at uk.ac.sheffield.com1003.cafe.ingredients.Coffee.&lt;init&gt;(Coffee.java:10)
	at uk.ac.sheffield.com1003.cafe.ingredients.Coffee.&lt;init&gt;(Coffee.java:10)
	at uk.ac.sheffield.com1003.cafe.ingredients.Coffee.&lt;init&gt;(Coffee.java:10)
	at uk.ac.sheffield.com1003.cafe.ingredients.Coffee.&lt;init&gt;(Coffee.java:10)
	at uk.ac.sheffield.com1003.cafe.ingredients.Coffee.&lt;init&gt;(Coffee.java:10)
	at uk.ac.sheffield.com1003.cafe.ingredients.Coffee.&lt;init&gt;(Coffee.java:10)
	at uk.ac.sheffield.com1003.cafe.ingredients.Coffee.&lt;init&gt;(Coffee.java:10)
	at uk.ac.sheffield.com1003.cafe.ingredients.Coffee.&lt;init&gt;(Coffee.java:10)
	at uk.ac.sheffield.com1003.cafe.ingredients.Coffee.&lt;init&gt;(Coffee.java:10)
	at uk.ac.sheffield.com1003.cafe.ingredients.Coffee.&lt;init&gt;(Coffee.java:10)
	at uk.ac.sheffield.com1003.cafe.ingredients.Coffee.&lt;init&gt;(Coffee.java:10)
	at uk.ac.sheffield.com1003.cafe.ingredients.Coffee.&lt;init&gt;(Coffee.java:10)
	at uk.ac.sheffield.com1003.cafe.ingredients.Coffee.&lt;init&gt;(Coffee.java:10)
	at uk.ac.sheffield.com1003.cafe.ingredients.Coffee.&lt;init&gt;(Coffee.java:10)
	at uk.ac.sheffield.com1003.cafe.ingredients.Coffee.&lt;init&gt;(Coffee.java:10)
	at uk.ac.sheffield.com1003.cafe.ingredients.Coffee.&lt;init&gt;(Coffee.java:10)
	at uk.ac.sheffield.com1003.cafe.ingredients.Coffee.&lt;init&gt;(Coffee.java:10)
	at uk.ac.sheffield.com1003.cafe.ingredients.Coffee.&lt;init&gt;(Coffee.java:10)
	at uk.ac.sheffield.com1003.cafe.ingredients.Coffee.&lt;init&gt;(Coffee.java:10)
	at uk.ac.sheffield.com1003.cafe.ingredients.Coffee.&lt;init&gt;(Coffee.java:10)
	at uk.ac.sheffield.com1003.cafe.ingredients.Coffee.&lt;init&gt;(Coffee.java:10)
	at uk.ac.sheffield.com1003.cafe.ingredients.Coffee.&lt;init&gt;(Coffee.java:10)
	at uk.ac.sheffield.com1003.cafe.ingredients.Coffee.&lt;init&gt;(Coffee.java:10)
	at uk.ac.sheffield.com1003.cafe.ingredients.Coffee.&lt;init&gt;(Coffee.java:10)
	at uk.ac.sheffield.com1003.cafe.ingredients.Coffee.&lt;init&gt;(Coffee.java:10)
	at uk.ac.sheffield.com1003.cafe.ingredients.Coffee.&lt;init&gt;(Coffee.java:10)
	at uk.ac.sheffield.com1003.cafe.ingredients.Coffee.&lt;init&gt;(Coffee.java:10)
	at uk.ac.sheffield.com1003.cafe.ingredients.Coffee.&lt;init&gt;(Coffee.java:10)
	at uk.ac.sheffield.com1003.cafe.ingredients.Coffee.&lt;init&gt;(Coffee.java:10)
	at uk.ac.sheffield.com1003.cafe.ingredients.Coffee.&lt;init&gt;(Coffee.java:10)
	at uk.ac.sheffield.com1003.cafe.ingredients.Coffee.&lt;init&gt;(Coffee.java:10)
	at uk.ac.sheffield.com1003.cafe.ingredients.Coffee.&lt;init&gt;(Coffee.java:10)
	at uk.ac.sheffield.com1003.cafe.ingredients.Coffee.&lt;init&gt;(Coffee.java:10)
	at uk.ac.sheffield.com1003.cafe.ingredients.Coffee.&lt;init&gt;(Coffee.java:10)
	at uk.ac.sheffield.com1003.cafe.ingredients.Coffee.&lt;init&gt;(Coffee.java:10)
	at uk.ac.sheffield.com1003.cafe.ingredients.Coffee.&lt;init&gt;(Coffee.java:10)
	at uk.ac.sheffield.com1003.cafe.ingredients.Coffee.&lt;init&gt;(Coffee.java:10)
	at uk.ac.sheffield.com1003.cafe.ingredients.Coffee.&lt;init&gt;(Coffee.java:10)
	at uk.ac.sheffield.com1003.cafe.ingredients.Coffee.&lt;init&gt;(Coffee.java:10)
	at uk.ac.sheffield.com1003.cafe.ingredients.Coffee.&lt;init&gt;(Coffee.java:10)
	at uk.ac.sheffield.com1003.cafe.ingredients.Coffee.&lt;init&gt;(Coffee.java:10)
	at uk.ac.sheffield.com1003.cafe.ingredients.Coffee.&lt;init&gt;(Coffee.java:10)
	at uk.ac.sheffield.com1003.cafe.ingredients.Coffee.&lt;init&gt;(Coffee.java:10)
	at uk.ac.sheffield.com1003.cafe.ingredients.Coffee.&lt;init&gt;(Coffee.java:10)
	at uk.ac.sheffield.com1003.cafe.ingredients.Coffee.&lt;init&gt;(Coffee.java:10)
	at uk.ac.sheffield.com1003.cafe.ingredients.Coffee.&lt;init&gt;(Coffee.java:10)
	at uk.ac.sheffield.com1003.cafe.ingredients.Coffee.&lt;init&gt;(Coffee.java:10)
	at uk.ac.sheffield.com1003.cafe.ingredients.Coffee.&lt;init&gt;(Coffee.java:10)
	at uk.ac.sheffield.com1003.cafe.ingredients.Coffee.&lt;init&gt;(Coffee.java:10)
	at uk.ac.sheffield.com1003.cafe.ingredients.Coffee.&lt;init&gt;(Coffee.java:10)
	at uk.ac.sheffield.com1003.cafe.ingredients.Coffee.&lt;init&gt;(Coffee.java:10)
	at uk.ac.sheffield.com1003.cafe.ingredients.Coffee.&lt;init&gt;(Coffee.java:10)
	at uk.ac.sheffield.com1003.cafe.ingredients.Coffee.&lt;init&gt;(Coffee.java:10)
	at uk.ac.sheffield.com1003.cafe.ingredients.Coffee.&lt;init&gt;(Coffee.java:10)
	at uk.ac.sheffield.com1003.cafe.ingredients.Coffee.&lt;init&gt;(Coffee.java:10)
	at uk.ac.sheffield.com1003.cafe.ingredients.Coffee.&lt;init&gt;(Coffee.java:10)
	at uk.ac.sheffield.com1003.cafe.ingredients.Coffee.&lt;init&gt;(Coffee.java:10)
	at uk.ac.sheffield.com1003.cafe.ingredients.Coffee.&lt;init&gt;(Coffee.java:10)
	at uk.ac.sheffield.com1003.cafe.ingredients.Coffee.&lt;init&gt;(Coffee.java:10)
	at uk.ac.sheffield.com1003.cafe.ingredients.Coffee.&lt;init&gt;(Coffee.java:10)
	at uk.ac.sheffield.com1003.cafe.ingredients.Coffee.&lt;init&gt;(Coffee.java:10)
	at uk.ac.sheffield.com1003.cafe.ingredients.Coffee.&lt;init&gt;(Coffee.java:10)
	at uk.ac.sheffield.com1003.cafe.ingredients.Coffee.&lt;init&gt;(Coffee.java:10)
	at uk.ac.sheffield.com1003.cafe.ingredients.Coffee.&lt;init&gt;(Coffee.java:10)
	at uk.ac.sheffield.com1003.cafe.ingredients.Coffee.&lt;init&gt;(Coffee.java:10)
	at uk.ac.sheffield.com1003.cafe.ingredients.Coffee.&lt;init&gt;(Coffee.java:10)
	at uk.ac.sheffield.com1003.cafe.ingredients.Coffee.&lt;init&gt;(Coffee.java:10)
	at uk.ac.sheffield.com1003.cafe.ingredients.Coffee.&lt;init&gt;(Coffee.java:10)
	at uk.ac.sheffield.com1003.cafe.ingredients.Coffee.&lt;init&gt;(Coffee.java:10)
	at uk.ac.sheffield.com1003.cafe.ingredients.Coffee.&lt;init&gt;(Coffee.java:10)
	at uk.ac.sheffield.com1003.cafe.ingredients.Coffee.&lt;init&gt;(Coffee.java:10)
	at uk.ac.sheffield.com1003.cafe.ingredients.Coffee.&lt;init&gt;(Coffee.java:10)
	at uk.ac.sheffield.com1003.cafe.ingredients.Coffee.&lt;init&gt;(Coffee.java:10)
	at uk.ac.sheffield.com1003.cafe.ingredients.Coffee.&lt;init&gt;(Coffee.java:10)
	at uk.ac.sheffield.com1003.cafe.ingredients.Coffee.&lt;init&gt;(Coffee.java:10)
	at uk.ac.sheffield.com1003.cafe.ingredients.Coffee.&lt;init&gt;(Coffee.java:10)
	at uk.ac.sheffield.com1003.cafe.ingredients.Coffee.&lt;init&gt;(Coffee.java:10)
	at uk.ac.sheffield.com1003.cafe.ingredients.Coffee.&lt;init&gt;(Coffee.java:10)
	at uk.ac.sheffield.com1003.cafe.ingredients.Coffee.&lt;init&gt;(Coffee.java:10)
	at uk.ac.sheffield.com1003.cafe.ingredients.Coffee.&lt;init&gt;(Coffee.java:10)
	at uk.ac.sheffield.com1003.cafe.ingredients.Coffee.&lt;init&gt;(Coffee.java:10)
	at uk.ac.sheffield.com1003.cafe.ingredients.Coffee.&lt;init&gt;(Coffee.java:10)
	at uk.ac.sheffield.com1003.cafe.ingredients.Coffee.&lt;init&gt;(Coffee.java:10)
	at uk.ac.sheffield.com1003.cafe.ingredients.Coffee.&lt;init&gt;(Coffee.java:10)
	at uk.ac.sheffield.com1003.cafe.ingredients.Coffee.&lt;init&gt;(Coffee.java:10)
	at uk.ac.sheffield.com1003.cafe.ingredients.Coffee.&lt;init&gt;(Coffee.java:10)
	at uk.ac.sheffield.com1003.cafe.ingredients.Coffee.&lt;init&gt;(Coffee.java:10)
	at uk.ac.sheffield.com1003.cafe.ingredients.Coffee.&lt;init&gt;(Coffee.java:10)
	at uk.ac.sheffield.com1003.cafe.ingredients.Coffee.&lt;init&gt;(Coffee.java:10)
	at uk.ac.sheffield.com1003.cafe.ingredients.Coffee.&lt;init&gt;(Coffee.java:10)
	at uk.ac.sheffield.com1003.cafe.ingredients.Coffee.&lt;init&gt;(Coffee.java:10)
	at uk.ac.sheffield.com1003.cafe.ingredients.Coffee.&lt;init&gt;(Coffee.java:10)
	at uk.ac.sheffield.com1003.cafe.ingredients.Coffee.&lt;init&gt;(Coffee.java:10)
	at uk.ac.sheffield.com1003.cafe.ingredients.Coffee.&lt;init&gt;(Coffee.java:10)
	at uk.ac.sheffield.com1003.cafe.ingredients.Coffee.&lt;init&gt;(Coffee.java:10)
	at uk.ac.sheffield.com1003.cafe.ingredients.Coffee.&lt;init&gt;(Coffee.java:10)
	at uk.ac.sheffield.com1003.cafe.ingredients.Coffee.&lt;init&gt;(Coffee.java:10)
	at uk.ac.sheffield.com1003.cafe.ingredients.Coffee.&lt;init&gt;(Coffee.java:10)
	at uk.ac.sheffield.com1003.cafe.ingredients.Coffee.&lt;init&gt;(Coffee.java:10)
	at uk.ac.sheffield.com1003.cafe.ingredients.Coffee.&lt;init&gt;(Coffee.java:10)
	at uk.ac.sheffield.com1003.cafe.ingredients.Coffee.&lt;init&gt;(Coffee.java:10)
	at uk.ac.sheffield.com1003.cafe.ingredients.Coffee.&lt;init&gt;(Coffee.java:10)
	at uk.ac.sheffield.com1003.cafe.ingredients.Coffee.&lt;init&gt;(Coffee.java:10)
	at uk.ac.sheffield.com1003.cafe.ingredients.Coffee.&lt;init&gt;(Coffee.java:10)
	at uk.ac.sheffield.com1003.cafe.ingredients.Coffee.&lt;init&gt;(Coffee.java:10)
	at uk.ac.sheffield.com1003.cafe.ingredients.Coffee.&lt;init&gt;(Coffee.java:10)
	at uk.ac.sheffield.com1003.cafe.ingredients.Coffee.&lt;init&gt;(Coffee.java:10)
	at uk.ac.sheffield.com1003.cafe.ingredients.Coffee.&lt;init&gt;(Coffee.java:10)
	at uk.ac.sheffield.com1003.cafe.ingredients.Coffee.&lt;init&gt;(Coffee.java:10)
	at uk.ac.sheffield.com1003.cafe.ingredients.Coffee.&lt;init&gt;(Coffee.java:10)
	at uk.ac.sheffield.com1003.cafe.ingredients.Coffee.&lt;init&gt;(Coffee.java:10)
	at uk.ac.sheffield.com1003.cafe.ingredients.Coffee.&lt;init&gt;(Coffee.java:10)
	at uk.ac.sheffield.com1003.cafe.ingredients.Coffee.&lt;init&gt;(Coffee.java:10)
	at uk.ac.sheffield.com1003.cafe.ingredients.Coffee.&lt;init&gt;(Coffee.java:10)
	at uk.ac.sheffield.com1003.cafe.ingredients.Coffee.&lt;init&gt;(Coffee.java:10)
	at uk.ac.sheffield.com1003.cafe.ingredients.Coffee.&lt;init&gt;(Coffee.java:10)
	at uk.ac.sheffield.com1003.cafe.ingredients.Coffee.&lt;init&gt;(Coffee.java:10)
	at uk.ac.sheffield.com1003.cafe.ingredients.Coffee.&lt;init&gt;(Coffee.java:10)
	at uk.ac.sheffield.com1003.cafe.ingredients.Coffee.&lt;init&gt;(Coffee.java:10)
	at uk.ac.sheffield.com1003.cafe.ingredients.Coffee.&lt;init&gt;(Coffee.java:10)
	at uk.ac.sheffield.com1003.cafe.ingredients.Coffee.&lt;init&gt;(Coffee.java:10)
	at uk.ac.sheffield.com1003.cafe.ingredients.Coffee.&lt;init&gt;(Coffee.java:10)
	at uk.ac.sheffield.com1003.cafe.ingredients.Coffee.&lt;init&gt;(Coffee.java:10)
	at uk.ac.sheffield.com1003.cafe.ingredients.Coffee.&lt;init&gt;(Coffee.java:10)
	at uk.ac.sheffield.com1003.cafe.ingredients.Coffee.&lt;init&gt;(Coffee.java:10)
	at uk.ac.sheffield.com1003.cafe.ingredients.Coffee.&lt;init&gt;(Coffee.java:10)
	at uk.ac.sheffield.com1003.cafe.ingredients.Coffee.&lt;init&gt;(Coffee.java:10)
	at uk.ac.sheffield.com1003.cafe.ingredients.Coffee.&lt;init&gt;(Coffee.java:10)
	at uk.ac.sheffield.com1003.cafe.ingredients.Coffee.&lt;init&gt;(Coffee.java:10)
	at uk.ac.sheffield.com1003.cafe.ingredients.Coffee.&lt;init&gt;(Coffee.java:10)
	at uk.ac.sheffield.com1003.cafe.ingredients.Coffee.&lt;init&gt;(Coffee.java:10)
	at uk.ac.sheffield.com1003.cafe.ingredients.Coffee.&lt;init&gt;(Coffee.java:10)
	at uk.ac.sheffield.com1003.cafe.ingredients.Coffee.&lt;init&gt;(Coffee.java:10)
	at uk.ac.sheffield.com1003.cafe.ingredients.Coffee.&lt;init&gt;(Coffee.java:10)
	at uk.ac.sheffield.com1003.cafe.ingredients.Coffee.&lt;init&gt;(Coffee.java:10)
	at uk.ac.sheffield.com1003.cafe.ingredients.Coffee.&lt;init&gt;(Coffee.java:10)
	at uk.ac.sheffield.com1003.cafe.ingredients.Coffee.&lt;init&gt;(Coffee.java:10)
	at uk.ac.sheffield.com1003.cafe.ingredients.Coffee.&lt;init&gt;(Coffee.java:10)
	at uk.ac.sheffield.com1003.cafe.ingredients.Coffee.&lt;init&gt;(Coffee.java:10)
	at uk.ac.sheffield.com1003.cafe.ingredients.Coffee.&lt;init&gt;(Coffee.java:10)
	at uk.ac.sheffield.com1003.cafe.ingredients.Coffee.&lt;init&gt;(Coffee.java:10)
	at uk.ac.sheffield.com1003.cafe.ingredients.Coffee.&lt;init&gt;(Coffee.java:10)
	at uk.ac.sheffield.com1003.cafe.ingredients.Coffee.&lt;init&gt;(Coffee.java:10)
	at uk.ac.sheffield.com1003.cafe.ingredients.Coffee.&lt;init&gt;(Coffee.java:10)
	at uk.ac.sheffield.com1003.cafe.ingredients.Coffee.&lt;init&gt;(Coffee.java:10)
	at uk.ac.sheffield.com1003.cafe.ingredients.Coffee.&lt;init&gt;(Coffee.java:10)
	at uk.ac.sheffield.com1003.cafe.ingredients.Coffee.&lt;init&gt;(Coffee.java:10)
	at uk.ac.sheffield.com1003.cafe.ingredients.Coffee.&lt;init&gt;(Coffee.java:10)
	at uk.ac.sheffield.com1003.cafe.ingredients.Coffee.&lt;init&gt;(Coffee.java:10)
	at uk.ac.sheffield.com1003.cafe.ingredients.Coffee.&lt;init&gt;(Coffee.java:10)
	at uk.ac.sheffield.com1003.cafe.ingredients.Coffee.&lt;init&gt;(Coffee.java:10)
	at uk.ac.sheffield.com1003.cafe.ingredients.Coffee.&lt;init&gt;(Coffee.java:10)
	at uk.ac.sheffield.com1003.cafe.ingredients.Coffee.&lt;init&gt;(Coffee.java:10)
	at uk.ac.sheffield.com1003.cafe.ingredients.Coffee.&lt;init&gt;(Coffee.java:10)
	at uk.ac.sheffield.com1003.cafe.ingredients.Coffee.&lt;init&gt;(Coffee.java:10)
	at uk.ac.sheffield.com1003.cafe.ingredients.Coffee.&lt;init&gt;(Coffee.java:10)
	at uk.ac.sheffield.com1003.cafe.ingredients.Coffee.&lt;init&gt;(Coffee.java:10)
	at uk.ac.sheffield.com1003.cafe.ingredients.Coffee.&lt;init&gt;(Coffee.java:10)
	at uk.ac.sheffield.com1003.cafe.ingredients.Coffee.&lt;init&gt;(Coffee.java:10)
	at uk.ac.sheffield.com1003.cafe.ingredients.Coffee.&lt;init&gt;(Coffee.java:10)
	at uk.ac.sheffield.com1003.cafe.ingredients.Coffee.&lt;init&gt;(Coffee.java:10)
	at uk.ac.sheffield.com1003.cafe.ingredients.Coffee.&lt;init&gt;(Coffee.java:10)
	at uk.ac.sheffield.com1003.cafe.ingredients.Coffee.&lt;init&gt;(Coffee.java:10)
	at uk.ac.sheffield.com1003.cafe.ingredients.Coffee.&lt;init&gt;(Coffee.java:10)
	at uk.ac.sheffield.com1003.cafe.ingredients.Coffee.&lt;init&gt;(Coffee.java:10)
	at uk.ac.sheffield.com1003.cafe.ingredients.Coffee.&lt;init&gt;(Coffee.java:10)
	at uk.ac.sheffield.com1003.cafe.ingredients.Coffee.&lt;init&gt;(Coffee.java:10)
	at uk.ac.sheffield.com1003.cafe.ingredients.Coffee.&lt;init&gt;(Coffee.java:10)
	at uk.ac.sheffield.com1003.cafe.ingredients.Coffee.&lt;init&gt;(Coffee.java:10)
	at uk.ac.sheffield.com1003.cafe.ingredients.Coffee.&lt;init&gt;(Coffee.java:10)
	at uk.ac.sheffield.com1003.cafe.ingredients.Coffee.&lt;init&gt;(Coffee.java:10)
	at uk.ac.sheffield.com1003.cafe.ingredients.Coffee.&lt;init&gt;(Coffee.java:10)
	at uk.ac.sheffield.com1003.cafe.ingredients.Coffee.&lt;init&gt;(Coffee.java:10)
	at uk.ac.sheffield.com1003.cafe.ingredients.Coffee.&lt;init&gt;(Coffee.java:10)
	at uk.ac.sheffield.com1003.cafe.ingredients.Coffee.&lt;init&gt;(Coffee.java:10)
	at uk.ac.sheffield.com1003.cafe.ingredients.Coffee.&lt;init&gt;(Coffee.java:10)
	at uk.ac.sheffield.com1003.cafe.ingredients.Coffee.&lt;init&gt;(Coffee.java:10)
	at uk.ac.sheffield.com1003.cafe.ingredients.Coffee.&lt;init&gt;(Coffee.java:10)
	at uk.ac.sheffield.com1003.cafe.ingredients.Coffee.&lt;init&gt;(Coffee.java:10)
	at uk.ac.sheffield.com1003.cafe.ingredients.Coffee.&lt;init&gt;(Coffee.java:10)
	at uk.ac.sheffield.com1003.cafe.ingredients.Coffee.&lt;init&gt;(Coffee.java:10)
	at uk.ac.sheffield.com1003.cafe.ingredients.Coffee.&lt;init&gt;(Coffee.java:10)
	at uk.ac.sheffield.com1003.cafe.ingredients.Coffee.&lt;init&gt;(Coffee.java:10)
	at uk.ac.sheffield.com1003.cafe.ingredients.Coffee.&lt;init&gt;(Coffee.java:10)
	at uk.ac.sheffield.com1003.cafe.ingredients.Coffee.&lt;init&gt;(Coffee.java:10)
	at uk.ac.sheffield.com1003.cafe.ingredients.Coffee.&lt;init&gt;(Coffee.java:10)
	at uk.ac.sheffield.com1003.cafe.ingredients.Coffee.&lt;init&gt;(Coffee.java:10)
	at uk.ac.sheffield.com1003.cafe.ingredients.Coffee.&lt;init&gt;(Coffee.java:10)
	at uk.ac.sheffield.com1003.cafe.ingredients.Coffee.&lt;init&gt;(Coffee.java:10)
	at uk.ac.sheffield.com1003.cafe.ingredients.Coffee.&lt;init&gt;(Coffee.java:10)
	at uk.ac.sheffield.com1003.cafe.ingredients.Coffee.&lt;init&gt;(Coffee.java:10)
	at uk.ac.sheffield.com1003.cafe.ingredients.Coffee.&lt;init&gt;(Coffee.java:10)
	at uk.ac.sheffield.com1003.cafe.ingredients.Coffee.&lt;init&gt;(Coffee.java:10)
	at uk.ac.sheffield.com1003.cafe.ingredients.Coffee.&lt;init&gt;(Coffee.java:10)
	at uk.ac.sheffield.com1003.cafe.ingredients.Coffee.&lt;init&gt;(Coffee.java:10)
	at uk.ac.sheffield.com1003.cafe.ingredients.Coffee.&lt;init&gt;(Coffee.java:10)
	at uk.ac.sheffield.com1003.cafe.ingredients.Coffee.&lt;init&gt;(Coffee.java:10)
	at uk.ac.sheffield.com1003.cafe.ingredients.Coffee.&lt;init&gt;(Coffee.java:10)
	at uk.ac.sheffield.com1003.cafe.ingredients.Coffee.&lt;init&gt;(Coffee.java:10)
	at uk.ac.sheffield.com1003.cafe.ingredients.Coffee.&lt;init&gt;(Coffee.java:10)
	at uk.ac.sheffield.com1003.cafe.ingredients.Coffee.&lt;init&gt;(Coffee.java:10)
	at uk.ac.sheffield.com1003.cafe.ingredients.Coffee.&lt;init&gt;(Coffee.java:10)
	at uk.ac.sheffield.com1003.cafe.ingredients.Coffee.&lt;init&gt;(Coffee.java:10)
	at uk.ac.sheffield.com1003.cafe.ingredients.Coffee.&lt;init&gt;(Coffee.java:10)
	at uk.ac.sheffield.com1003.cafe.ingredients.Coffee.&lt;init&gt;(Coffee.java:10)
	at uk.ac.sheffield.com1003.cafe.ingredients.Coffee.&lt;init&gt;(Coffee.java:10)
	at uk.ac.sheffield.com1003.cafe.ingredients.Coffee.&lt;init&gt;(Coffee.java:10)
	at uk.ac.sheffield.com1003.cafe.ingredients.Coffee.&lt;init&gt;(Coffee.java:10)
	at uk.ac.sheffield.com1003.cafe.ingredients.Coffee.&lt;init&gt;(Coffee.java:10)
	at uk.ac.sheffield.com1003.cafe.ingredients.Coffee.&lt;init&gt;(Coffee.java:10)
	at uk.ac.sheffield.com1003.cafe.ingredients.Coffee.&lt;init&gt;(Coffee.java:10)
	at uk.ac.sheffield.com1003.cafe.ingredients.Coffee.&lt;init&gt;(Coffee.java:10)
	at uk.ac.sheffield.com1003.cafe.ingredients.Coffee.&lt;init&gt;(Coffee.java:10)
	at uk.ac.sheffield.com1003.cafe.ingredients.Coffee.&lt;init&gt;(Coffee.java:10)
	at uk.ac.sheffield.com1003.cafe.ingredients.Coffee.&lt;init&gt;(Coffee.java:10)
	at uk.ac.sheffield.com1003.cafe.ingredients.Coffee.&lt;init&gt;(Coffee.java:10)
	at uk.ac.sheffield.com1003.cafe.ingredients.Coffee.&lt;init&gt;(Coffee.java:10)
	at uk.ac.sheffield.com1003.cafe.ingredients.Coffee.&lt;init&gt;(Coffee.java:10)
	at uk.ac.sheffield.com1003.cafe.ingredients.Coffee.&lt;init&gt;(Coffee.java:10)
	at uk.ac.sheffield.com1003.cafe.ingredients.Coffee.&lt;init&gt;(Coffee.java:10)
	at uk.ac.sheffield.com1003.cafe.ingredients.Coffee.&lt;init&gt;(Coffee.java:10)
	at uk.ac.sheffield.com1003.cafe.ingredients.Coffee.&lt;init&gt;(Coffee.java:10)
	at uk.ac.sheffield.com1003.cafe.ingredients.Coffee.&lt;init&gt;(Coffee.java:10)
	at uk.ac.sheffield.com1003.cafe.ingredients.Coffee.&lt;init&gt;(Coffee.java:10)
	at uk.ac.sheffield.com1003.cafe.ingredients.Coffee.&lt;init&gt;(Coffee.java:10)
	at uk.ac.sheffield.com1003.cafe.ingredients.Coffee.&lt;init&gt;(Coffee.java:10)
	at uk.ac.sheffield.com1003.cafe.ingredients.Coffee.&lt;init&gt;(Coffee.java:10)
	at uk.ac.sheffield.com1003.cafe.ingredients.Coffee.&lt;init&gt;(Coffee.java:10)
	at uk.ac.sheffield.com1003.cafe.ingredients.Coffee.&lt;init&gt;(Coffee.java:10)
	at uk.ac.sheffield.com1003.cafe.ingredients.Coffee.&lt;init&gt;(Coffee.java:10)
	at uk.ac.sheffield.com1003.cafe.ingredients.Coffee.&lt;init&gt;(Coffee.java:10)
	at uk.ac.sheffield.com1003.cafe.ingredients.Coffee.&lt;init&gt;(Coffee.java:10)
	at uk.ac.sheffield.com1003.cafe.ingredients.Coffee.&lt;init&gt;(Coffee.java:10)
	at uk.ac.sheffield.com1003.cafe.ingredients.Coffee.&lt;init&gt;(Coffee.java:10)
	at uk.ac.sheffield.com1003.cafe.ingredients.Coffee.&lt;init&gt;(Coffee.java:10)
	at uk.ac.sheffield.com1003.cafe.ingredients.Coffee.&lt;init&gt;(Coffee.java:10)
	at uk.ac.sheffield.com1003.cafe.ingredients.Coffee.&lt;init&gt;(Coffee.java:10)
	at uk.ac.sheffield.com1003.cafe.ingredients.Coffee.&lt;init&gt;(Coffee.java:10)
	at uk.ac.sheffield.com1003.cafe.ingredients.Coffee.&lt;init&gt;(Coffee.java:10)
	at uk.ac.sheffield.com1003.cafe.ingredients.Coffee.&lt;init&gt;(Coffee.java:10)
	at uk.ac.sheffield.com1003.cafe.ingredients.Coffee.&lt;init&gt;(Coffee.java:10)
	at uk.ac.sheffield.com1003.cafe.ingredients.Coffee.&lt;init&gt;(Coffee.java:10)
	at uk.ac.sheffield.com1003.cafe.ingredients.Coffee.&lt;init&gt;(Coffee.java:10)
	at uk.ac.sheffield.com1003.cafe.ingredients.Coffee.&lt;init&gt;(Coffee.java:10)
	at uk.ac.sheffield.com1003.cafe.ingredients.Coffee.&lt;init&gt;(Coffee.java:10)
	at uk.ac.sheffield.com1003.cafe.ingredients.Coffee.&lt;init&gt;(Coffee.java:10)
	at uk.ac.sheffield.com1003.cafe.ingredients.Coffee.&lt;init&gt;(Coffee.java:10)
	at uk.ac.sheffield.com1003.cafe.ingredients.Coffee.&lt;init&gt;(Coffee.java:10)
	at uk.ac.sheffield.com1003.cafe.ingredients.Coffee.&lt;init&gt;(Coffee.java:10)
	at uk.ac.sheffield.com1003.cafe.ingredients.Coffee.&lt;init&gt;(Coffee.java:10)
	at uk.ac.sheffield.com1003.cafe.ingredients.Coffee.&lt;init&gt;(Coffee.java:10)
	at uk.ac.sheffield.com1003.cafe.ingredients.Coffee.&lt;init&gt;(Coffee.java:10)
	at uk.ac.sheffield.com1003.cafe.ingredients.Coffee.&lt;init&gt;(Coffee.java:10)
	at uk.ac.sheffield.com1003.cafe.ingredients.Coffee.&lt;init&gt;(Coffee.java:10)
	at uk.ac.sheffield.com1003.cafe.ingredients.Coffee.&lt;init&gt;(Coffee.java:10)
	at uk.ac.sheffield.com1003.cafe.ingredients.Coffee.&lt;init&gt;(Coffee.java:10)
	at uk.ac.sheffield.com1003.cafe.ingredients.Coffee.&lt;init&gt;(Coffee.java:10)
	at uk.ac.sheffield.com1003.cafe.ingredients.Coffee.&lt;init&gt;(Coffee.java:10)
	at uk.ac.sheffield.com1003.cafe.ingredients.Coffee.&lt;init&gt;(Coffee.java:10)
	at uk.ac.sheffield.com1003.cafe.ingredients.Coffee.&lt;init&gt;(Coffee.java:10)
	at uk.ac.sheffield.com1003.cafe.ingredients.Coffee.&lt;init&gt;(Coffee.java:10)
	at uk.ac.sheffield.com1003.cafe.ingredients.Coffee.&lt;init&gt;(Coffee.java:10)
	at uk.ac.sheffield.com1003.cafe.ingredients.Coffee.&lt;init&gt;(Coffee.java:10)
	at uk.ac.sheffield.com1003.cafe.ingredients.Coffee.&lt;init&gt;(Coffee.java:10)
	at uk.ac.sheffield.com1003.cafe.ingredients.Coffee.&lt;init&gt;(Coffee.java:10)
	at uk.ac.sheffield.com1003.cafe.ingredients.Coffee.&lt;init&gt;(Coffee.java:10)
	at uk.ac.sheffield.com1003.cafe.ingredients.Coffee.&lt;init&gt;(Coffee.java:10)
	at uk.ac.sheffield.com1003.cafe.ingredients.Coffee.&lt;init&gt;(Coffee.java:10)
	at uk.ac.sheffield.com1003.cafe.ingredients.Coffee.&lt;init&gt;(Coffee.java:10)
	at uk.ac.sheffield.com1003.cafe.ingredients.Coffee.&lt;init&gt;(Coffee.java:10)
	at uk.ac.sheffield.com1003.cafe.ingredients.Coffee.&lt;init&gt;(Coffee.java:10)
	at uk.ac.sheffield.com1003.cafe.ingredients.Coffee.&lt;init&gt;(Coffee.java:10)
	at uk.ac.sheffield.com1003.cafe.ingredients.Coffee.&lt;init&gt;(Coffee.java:10)
	at uk.ac.sheffield.com1003.cafe.ingredients.Coffee.&lt;init&gt;(Coffee.java:10)
	at uk.ac.sheffield.com1003.cafe.ingredients.Coffee.&lt;init&gt;(Coffee.java:10)
	at uk.ac.sheffield.com1003.cafe.ingredients.Coffee.&lt;init&gt;(Coffee.java:10)
	at uk.ac.sheffield.com1003.cafe.ingredients.Coffee.&lt;init&gt;(Coffee.java:10)
	at uk.ac.sheffield.com1003.cafe.ingredients.Coffee.&lt;init&gt;(Coffee.java:10)
	at uk.ac.sheffield.com1003.cafe.ingredients.Coffee.&lt;init&gt;(Coffee.java:10)
	at uk.ac.sheffield.com1003.cafe.ingredients.Coffee.&lt;init&gt;(Coffee.java:10)
	at uk.ac.sheffield.com1003.cafe.ingredients.Coffee.&lt;init&gt;(Coffee.java:10)
	at uk.ac.sheffield.com1003.cafe.ingredients.Coffee.&lt;init&gt;(Coffee.java:10)
	at uk.ac.sheffield.com1003.cafe.ingredients.Coffee.&lt;init&gt;(Coffee.java:10)
	at uk.ac.sheffield.com1003.cafe.ingredients.Coffee.&lt;init&gt;(Coffee.java:10)
	at uk.ac.sheffield.com1003.cafe.ingredients.Coffee.&lt;init&gt;(Coffee.java:10)
	at uk.ac.sheffield.com1003.cafe.ingredients.Coffee.&lt;init&gt;(Coffee.java:10)
	at uk.ac.sheffield.com1003.cafe.ingredients.Coffee.&lt;init&gt;(Coffee.java:10)
	at uk.ac.sheffield.com1003.cafe.ingredients.Coffee.&lt;init&gt;(Coffee.java:10)
	at uk.ac.sheffield.com1003.cafe.ingredients.Coffee.&lt;init&gt;(Coffee.java:10)
	at uk.ac.sheffield.com1003.cafe.ingredients.Coffee.&lt;init&gt;(Coffee.java:10)
	at uk.ac.sheffield.com1003.cafe.ingredients.Coffee.&lt;init&gt;(Coffee.java:10)
	at uk.ac.sheffield.com1003.cafe.ingredients.Coffee.&lt;init&gt;(Coffee.java:10)
	at uk.ac.sheffield.com1003.cafe.ingredients.Coffee.&lt;init&gt;(Coffee.java:10)
	at uk.ac.sheffield.com1003.cafe.ingredients.Coffee.&lt;init&gt;(Coffee.java:10)
	at uk.ac.sheffield.com1003.cafe.ingredients.Coffee.&lt;init&gt;(Coffee.java:10)
	at uk.ac.sheffield.com1003.cafe.ingredients.Coffee.&lt;init&gt;(Coffee.java:10)
	at uk.ac.sheffield.com1003.cafe.ingredients.Coffee.&lt;init&gt;(Coffee.java:10)
	at uk.ac.sheffield.com1003.cafe.ingredients.Coffee.&lt;init&gt;(Coffee.java:10)
	at uk.ac.sheffield.com1003.cafe.ingredients.Coffee.&lt;init&gt;(Coffee.java:10)
	at uk.ac.sheffield.com1003.cafe.ingredients.Coffee.&lt;init&gt;(Coffee.java:10)
	at uk.ac.sheffield.com1003.cafe.ingredients.Coffee.&lt;init&gt;(Coffee.java:10)
	at uk.ac.sheffield.com1003.cafe.ingredients.Coffee.&lt;init&gt;(Coffee.java:10)
	at uk.ac.sheffield.com1003.cafe.ingredients.Coffee.&lt;init&gt;(Coffee.java:10)
	at uk.ac.sheffield.com1003.cafe.ingredients.Coffee.&lt;init&gt;(Coffee.java:10)
	at uk.ac.sheffield.com1003.cafe.ingredients.Coffee.&lt;init&gt;(Coffee.java:10)
	at uk.ac.sheffield.com1003.cafe.ingredients.Coffee.&lt;init&gt;(Coffee.java:10)
	at uk.ac.sheffield.com1003.cafe.ingredients.Coffee.&lt;init&gt;(Coffee.java:10)
	at uk.ac.sheffield.com1003.cafe.ingredients.Coffee.&lt;init&gt;(Coffee.java:10)
	at uk.ac.sheffield.com1003.cafe.ingredients.Coffee.&lt;init&gt;(Coffee.java:10)
	at uk.ac.sheffield.com1003.cafe.ingredients.Coffee.&lt;init&gt;(Coffee.java:10)
	at uk.ac.sheffield.com1003.cafe.ingredients.Coffee.&lt;init&gt;(Coffee.java:10)
	at uk.ac.sheffield.com1003.cafe.ingredients.Coffee.&lt;init&gt;(Coffee.java:10)
	at uk.ac.sheffield.com1003.cafe.ingredients.Coffee.&lt;init&gt;(Coffee.java:10)
	at uk.ac.sheffield.com1003.cafe.ingredients.Coffee.&lt;init&gt;(Coffee.java:10)
	at uk.ac.sheffield.com1003.cafe.ingredients.Coffee.&lt;init&gt;(Coffee.java:10)
	at uk.ac.sheffield.com1003.cafe.ingredients.Coffee.&lt;init&gt;(Coffee.java:10)
	at uk.ac.sheffield.com1003.cafe.ingredients.Coffee.&lt;init&gt;(Coffee.java:10)
	at uk.ac.sheffield.com1003.cafe.ingredients.Coffee.&lt;init&gt;(Coffee.java:10)
	at uk.ac.sheffield.com1003.cafe.ingredients.Coffee.&lt;init&gt;(Coffee.java:10)
	at uk.ac.sheffield.com1003.cafe.ingredients.Coffee.&lt;init&gt;(Coffee.java:10)
	at uk.ac.sheffield.com1003.cafe.ingredients.Coffee.&lt;init&gt;(Coffee.java:10)
	at uk.ac.sheffield.com1003.cafe.ingredients.Coffee.&lt;init&gt;(Coffee.java:10)
	at uk.ac.sheffield.com1003.cafe.ingredients.Coffee.&lt;init&gt;(Coffee.java:10)
	at uk.ac.sheffield.com1003.cafe.ingredients.Coffee.&lt;init&gt;(Coffee.java:10)
	at uk.ac.sheffield.com1003.cafe.ingredients.Coffee.&lt;init&gt;(Coffee.java:10)
	at uk.ac.sheffield.com1003.cafe.ingredients.Coffee.&lt;init&gt;(Coffee.java:10)
	at uk.ac.sheffield.com1003.cafe.ingredients.Coffee.&lt;init&gt;(Coffee.java:10)
	at uk.ac.sheffield.com1003.cafe.ingredients.Coffee.&lt;init&gt;(Coffee.java:10)
	at uk.ac.sheffield.com1003.cafe.ingredients.Coffee.&lt;init&gt;(Coffee.java:10)
	at uk.ac.sheffield.com1003.cafe.ingredients.Coffee.&lt;init&gt;(Coffee.java:10)
	at uk.ac.sheffield.com1003.cafe.ingredients.Coffee.&lt;init&gt;(Coffee.java:10)
	at uk.ac.sheffield.com1003.cafe.ingredients.Coffee.&lt;init&gt;(Coffee.java:10)
	at uk.ac.sheffield.com1003.cafe.ingredients.Coffee.&lt;init&gt;(Coffee.java:10)
	at uk.ac.sheffield.com1003.cafe.ingredients.Coffee.&lt;init&gt;(Coffee.java:10)
	at uk.ac.sheffield.com1003.cafe.ingredients.Coffee.&lt;init&gt;(Coffee.java:10)
	at uk.ac.sheffield.com1003.cafe.ingredients.Coffee.&lt;init&gt;(Coffee.java:10)
	at uk.ac.sheffield.com1003.cafe.ingredients.Coffee.&lt;init&gt;(Coffee.java:10)
	at uk.ac.sheffield.com1003.cafe.ingredients.Coffee.&lt;init&gt;(Coffee.java:10)
	at uk.ac.sheffield.com1003.cafe.ingredients.Coffee.&lt;init&gt;(Coffee.java:10)
	at uk.ac.sheffield.com1003.cafe.ingredients.Coffee.&lt;init&gt;(Coffee.java:10)
	at uk.ac.sheffield.com1003.cafe.ingredients.Coffee.&lt;init&gt;(Coffee.java:10)
	at uk.ac.sheffield.com1003.cafe.ingredients.Coffee.&lt;init&gt;(Coffee.java:10)
	at uk.ac.sheffield.com1003.cafe.ingredients.Coffee.&lt;init&gt;(Coffee.java:10)
	at uk.ac.sheffield.com1003.cafe.ingredients.Coffee.&lt;init&gt;(Coffee.java:10)
	at uk.ac.sheffield.com1003.cafe.ingredients.Coffee.&lt;init&gt;(Coffee.java:10)
	at uk.ac.sheffield.com1003.cafe.ingredients.Coffee.&lt;init&gt;(Coffee.java:10)
	at uk.ac.sheffield.com1003.cafe.ingredients.Coffee.&lt;init&gt;(Coffee.java:10)
	at uk.ac.sheffield.com1003.cafe.ingredients.Coffee.&lt;init&gt;(Coffee.java:10)
	at uk.ac.sheffield.com1003.cafe.ingredients.Coffee.&lt;init&gt;(Coffee.java:10)
	at uk.ac.sheffield.com1003.cafe.ingredients.Coffee.&lt;init&gt;(Coffee.java:10)
	at uk.ac.sheffield.com1003.cafe.ingredients.Coffee.&lt;init&gt;(Coffee.java:10)
	at uk.ac.sheffield.com1003.cafe.ingredients.Coffee.&lt;init&gt;(Coffee.java:10)
	at uk.ac.sheffield.com1003.cafe.ingredients.Coffee.&lt;init&gt;(Coffee.java:10)
	at uk.ac.sheffield.com1003.cafe.ingredients.Coffee.&lt;init&gt;(Coffee.java:10)
	at uk.ac.sheffield.com1003.cafe.ingredients.Coffee.&lt;init&gt;(Coffee.java:10)
	at uk.ac.sheffield.com1003.cafe.ingredients.Coffee.&lt;init&gt;(Coffee.java:10)
	at uk.ac.sheffield.com1003.cafe.ingredients.Coffee.&lt;init&gt;(Coffee.java:10)
	at uk.ac.sheffield.com1003.cafe.ingredients.Coffee.&lt;init&gt;(Coffee.java:10)
	at uk.ac.sheffield.com1003.cafe.ingredients.Coffee.&lt;init&gt;(Coffee.java:10)
	at uk.ac.sheffield.com1003.cafe.ingredients.Coffee.&lt;init&gt;(Coffee.java:10)
	at uk.ac.sheffield.com1003.cafe.ingredients.Coffee.&lt;init&gt;(Coffee.java:10)
	at uk.ac.sheffield.com1003.cafe.ingredients.Coffee.&lt;init&gt;(Coffee.java:10)
	at uk.ac.sheffield.com1003.cafe.ingredients.Coffee.&lt;init&gt;(Coffee.java:10)
	at uk.ac.sheffield.com1003.cafe.ingredients.Coffee.&lt;init&gt;(Coffee.java:10)
	at uk.ac.sheffield.com1003.cafe.ingredients.Coffee.&lt;init&gt;(Coffee.java:10)
	at uk.ac.sheffield.com1003.cafe.ingredients.Coffee.&lt;init&gt;(Coffee.java:10)
	at uk.ac.sheffield.com1003.cafe.ingredients.Coffee.&lt;init&gt;(Coffee.java:10)
	at uk.ac.sheffield.com1003.cafe.ingredients.Coffee.&lt;init&gt;(Coffee.java:10)
	at uk.ac.sheffield.com1003.cafe.ingredients.Coffee.&lt;init&gt;(Coffee.java:10)
	at uk.ac.sheffield.com1003.cafe.ingredients.Coffee.&lt;init&gt;(Coffee.java:10)
	at uk.ac.sheffield.com1003.cafe.ingredients.Coffee.&lt;init&gt;(Coffee.java:10)
	at uk.ac.sheffield.com1003.cafe.ingredients.Coffee.&lt;init&gt;(Coffee.java:10)
	at uk.ac.sheffield.com1003.cafe.ingredients.Coffee.&lt;init&gt;(Coffee.java:10)
	at uk.ac.sheffield.com1003.cafe.ingredients.Coffee.&lt;init&gt;(Coffee.java:10)
	at uk.ac.sheffield.com1003.cafe.ingredients.Coffee.&lt;init&gt;(Coffee.java:10)
	at uk.ac.sheffield.com1003.cafe.ingredients.Coffee.&lt;init&gt;(Coffee.java:10)
	at uk.ac.sheffield.com1003.cafe.ingredients.Coffee.&lt;init&gt;(Coffee.java:10)
	at uk.ac.sheffield.com1003.cafe.ingredients.Coffee.&lt;init&gt;(Coffee.java:10)
	at uk.ac.sheffield.com1003.cafe.ingredients.Coffee.&lt;init&gt;(Coffee.java:10)
	at uk.ac.sheffield.com1003.cafe.ingredients.Coffee.&lt;init&gt;(Coffee.java:10)
	at uk.ac.sheffield.com1003.cafe.ingredients.Coffee.&lt;init&gt;(Coffee.java:10)
	at uk.ac.sheffield.com1003.cafe.ingredients.Coffee.&lt;init&gt;(Coffee.java:10)
	at uk.ac.sheffield.com1003.cafe.ingredients.Coffee.&lt;init&gt;(Coffee.java:10)
	at uk.ac.sheffield.com1003.cafe.ingredients.Coffee.&lt;init&gt;(Coffee.java:10)
	at uk.ac.sheffield.com1003.cafe.ingredients.Coffee.&lt;init&gt;(Coffee.java:10)
	at uk.ac.sheffield.com1003.cafe.ingredients.Coffee.&lt;init&gt;(Coffee.java:10)
	at uk.ac.sheffield.com1003.cafe.ingredients.Coffee.&lt;init&gt;(Coffee.java:10)
	at uk.ac.sheffield.com1003.cafe.ingredients.Coffee.&lt;init&gt;(Coffee.java:10)
	at uk.ac.sheffield.com1003.cafe.ingredients.Coffee.&lt;init&gt;(Coffee.java:10)
	at uk.ac.sheffield.com1003.cafe.ingredients.Coffee.&lt;init&gt;(Coffee.java:10)
	at uk.ac.sheffield.com1003.cafe.ingredients.Coffee.&lt;init&gt;(Coffee.java:10)
	at uk.ac.sheffield.com1003.cafe.ingredients.Coffee.&lt;init&gt;(Coffee.java:10)
	at uk.ac.sheffield.com1003.cafe.ingredients.Coffee.&lt;init&gt;(Coffee.java:10)
	at uk.ac.sheffield.com1003.cafe.ingredients.Coffee.&lt;init&gt;(Coffee.java:10)
	at uk.ac.sheffield.com1003.cafe.ingredients.Coffee.&lt;init&gt;(Coffee.java:10)
	at uk.ac.sheffield.com1003.cafe.ingredients.Coffee.&lt;init&gt;(Coffee.java:10)
	at uk.ac.sheffield.com1003.cafe.ingredients.Coffee.&lt;init&gt;(Coffee.java:10)
	at uk.ac.sheffield.com1003.cafe.ingredients.Coffee.&lt;init&gt;(Coffee.java:10)
	at uk.ac.sheffield.com1003.cafe.ingredients.Coffee.&lt;init&gt;(Coffee.java:10)
	at uk.ac.sheffield.com1003.cafe.ingredients.Coffee.&lt;init&gt;(Coffee.java:10)
	at uk.ac.sheffield.com1003.cafe.ingredients.Coffee.&lt;init&gt;(Coffee.java:10)
	at uk.ac.sheffield.com1003.cafe.ingredients.Coffee.&lt;init&gt;(Coffee.java:10)
	at uk.ac.sheffield.com1003.cafe.ingredients.Coffee.&lt;init&gt;(Coffee.java:10)
	at uk.ac.sheffield.com1003.cafe.ingredients.Coffee.&lt;init&gt;(Coffee.java:10)
	at uk.ac.sheffield.com1003.cafe.ingredients.Coffee.&lt;init&gt;(Coffee.java:10)
	at uk.ac.sheffield.com1003.cafe.ingredients.Coffee.&lt;init&gt;(Coffee.java:10)
	at uk.ac.sheffield.com1003.cafe.ingredients.Coffee.&lt;init&gt;(Coffee.java:10)
	at uk.ac.sheffield.com1003.cafe.ingredients.Coffee.&lt;init&gt;(Coffee.java:10)
	at uk.ac.sheffield.com1003.cafe.ingredients.Coffee.&lt;init&gt;(Coffee.java:10)
	at uk.ac.sheffield.com1003.cafe.ingredients.Coffee.&lt;init&gt;(Coffee.java:10)
	at uk.ac.sheffield.com1003.cafe.ingredients.Coffee.&lt;init&gt;(Coffee.java:10)
	at uk.ac.sheffield.com1003.cafe.ingredients.Coffee.&lt;init&gt;(Coffee.java:10)
	at uk.ac.sheffield.com1003.cafe.ingredients.Coffee.&lt;init&gt;(Coffee.java:10)
	at uk.ac.sheffield.com1003.cafe.ingredients.Coffee.&lt;init&gt;(Coffee.java:10)
	at uk.ac.sheffield.com1003.cafe.ingredients.Coffee.&lt;init&gt;(Coffee.java:10)
	at uk.ac.sheffield.com1003.cafe.ingredients.Coffee.&lt;init&gt;(Coffee.java:10)
	at uk.ac.sheffield.com1003.cafe.ingredients.Coffee.&lt;init&gt;(Coffee.java:10)
	at uk.ac.sheffield.com1003.cafe.ingredients.Coffee.&lt;init&gt;(Coffee.java:10)
	at uk.ac.sheffield.com1003.cafe.ingredients.Coffee.&lt;init&gt;(Coffee.java:10)
	at uk.ac.sheffield.com1003.cafe.ingredients.Coffee.&lt;init&gt;(Coffee.java:10)
	at uk.ac.sheffield.com1003.cafe.ingredients.Coffee.&lt;init&gt;(Coffee.java:10)
	at uk.ac.sheffield.com1003.cafe.ingredients.Coffee.&lt;init&gt;(Coffee.java:10)
	at uk.ac.sheffield.com1003.cafe.ingredients.Coffee.&lt;init&gt;(Coffee.java:10)
	at uk.ac.sheffield.com1003.cafe.ingredients.Coffee.&lt;init&gt;(Coffee.java:10)
	at uk.ac.sheffield.com1003.cafe.ingredients.Coffee.&lt;init&gt;(Coffee.java:10)
	at uk.ac.sheffield.com1003.cafe.ingredients.Coffee.&lt;init&gt;(Coffee.java:10)
	at uk.ac.sheffield.com1003.cafe.ingredients.Coffee.&lt;init&gt;(Coffee.java:10)
	at uk.ac.sheffield.com1003.cafe.ingredients.Coffee.&lt;init&gt;(Coffee.java:10)
	at uk.ac.sheffield.com1003.cafe.ingredients.Coffee.&lt;init&gt;(Coffee.java:10)
	at uk.ac.sheffield.com1003.cafe.ingredients.Coffee.&lt;init&gt;(Coffee.java:10)
	at uk.ac.sheffield.com1003.cafe.ingredients.Coffee.&lt;init&gt;(Coffee.java:10)
	at uk.ac.sheffield.com1003.cafe.ingredients.Coffee.&lt;init&gt;(Coffee.java:10)
	at uk.ac.sheffield.com1003.cafe.ingredients.Coffee.&lt;init&gt;(Coffee.java:10)
	at uk.ac.sheffield.com1003.cafe.ingredients.Coffee.&lt;init&gt;(Coffee.java:10)
	at uk.ac.sheffield.com1003.cafe.ingredients.Coffee.&lt;init&gt;(Coffee.java:10)
	at uk.ac.sheffield.com1003.cafe.ingredients.Coffee.&lt;init&gt;(Coffee.java:10)
	at uk.ac.sheffield.com1003.cafe.ingredients.Coffee.&lt;init&gt;(Coffee.java:10)
	at uk.ac.sheffield.com1003.cafe.ingredients.Coffee.&lt;init&gt;(Coffee.java:10)
	at uk.ac.sheffield.com1003.cafe.ingredients.Coffee.&lt;init&gt;(Coffee.java:10)
	at uk.ac.sheffield.com1003.cafe.ingredients.Coffee.&lt;init&gt;(Coffee.java:10)
	at uk.ac.sheffield.com1003.cafe.ingredients.Coffee.&lt;init&gt;(Coffee.java:10)
	at uk.ac.sheffield.com1003.cafe.ingredients.Coffee.&lt;init&gt;(Coffee.java:10)
	at uk.ac.sheffield.com1003.cafe.ingredients.Coffee.&lt;init&gt;(Coffee.java:10)
	at uk.ac.sheffield.com1003.cafe.ingredients.Coffee.&lt;init&gt;(Coffee.java:10)
	at uk.ac.sheffield.com1003.cafe.ingredients.Coffee.&lt;init&gt;(Coffee.java:10)
	at uk.ac.sheffield.com1003.cafe.ingredients.Coffee.&lt;init&gt;(Coffee.java:10)
</failure>
  </testcase>
  <testcase name="testRecipeMultipleIngredientsDifferentAmmounts" classname="uk.ac.sheffield.com1003.cafe.TestCafeTask5" time="0.004">
    <failure message="java.lang.StackOverflowError" type="java.lang.StackOverflowError">java.lang.StackOverflowError
	at uk.ac.sheffield.com1003.cafe.ingredients.Coffee.&lt;init&gt;(Coffee.java:10)
	at uk.ac.sheffield.com1003.cafe.ingredients.Coffee.&lt;init&gt;(Coffee.java:10)
	at uk.ac.sheffield.com1003.cafe.ingredients.Coffee.&lt;init&gt;(Coffee.java:10)
	at uk.ac.sheffield.com1003.cafe.ingredients.Coffee.&lt;init&gt;(Coffee.java:10)
	at uk.ac.sheffield.com1003.cafe.ingredients.Coffee.&lt;init&gt;(Coffee.java:10)
	at uk.ac.sheffield.com1003.cafe.ingredients.Coffee.&lt;init&gt;(Coffee.java:10)
	at uk.ac.sheffield.com1003.cafe.ingredients.Coffee.&lt;init&gt;(Coffee.java:10)
	at uk.ac.sheffield.com1003.cafe.ingredients.Coffee.&lt;init&gt;(Coffee.java:10)
	at uk.ac.sheffield.com1003.cafe.ingredients.Coffee.&lt;init&gt;(Coffee.java:10)
	at uk.ac.sheffield.com1003.cafe.ingredients.Coffee.&lt;init&gt;(Coffee.java:10)
	at uk.ac.sheffield.com1003.cafe.ingredients.Coffee.&lt;init&gt;(Coffee.java:10)
	at uk.ac.sheffield.com1003.cafe.ingredients.Coffee.&lt;init&gt;(Coffee.java:10)
	at uk.ac.sheffield.com1003.cafe.ingredients.Coffee.&lt;init&gt;(Coffee.java:10)
	at uk.ac.sheffield.com1003.cafe.ingredients.Coffee.&lt;init&gt;(Coffee.java:10)
	at uk.ac.sheffield.com1003.cafe.ingredients.Coffee.&lt;init&gt;(Coffee.java:10)
	at uk.ac.sheffield.com1003.cafe.ingredients.Coffee.&lt;init&gt;(Coffee.java:10)
	at uk.ac.sheffield.com1003.cafe.ingredients.Coffee.&lt;init&gt;(Coffee.java:10)
	at uk.ac.sheffield.com1003.cafe.ingredients.Coffee.&lt;init&gt;(Coffee.java:10)
	at uk.ac.sheffield.com1003.cafe.ingredients.Coffee.&lt;init&gt;(Coffee.java:10)
	at uk.ac.sheffield.com1003.cafe.ingredients.Coffee.&lt;init&gt;(Coffee.java:10)
	at uk.ac.sheffield.com1003.cafe.ingredients.Coffee.&lt;init&gt;(Coffee.java:10)
	at uk.ac.sheffield.com1003.cafe.ingredients.Coffee.&lt;init&gt;(Coffee.java:10)
	at uk.ac.sheffield.com1003.cafe.ingredients.Coffee.&lt;init&gt;(Coffee.java:10)
	at uk.ac.sheffield.com1003.cafe.ingredients.Coffee.&lt;init&gt;(Coffee.java:10)
	at uk.ac.sheffield.com1003.cafe.ingredients.Coffee.&lt;init&gt;(Coffee.java:10)
	at uk.ac.sheffield.com1003.cafe.ingredients.Coffee.&lt;init&gt;(Coffee.java:10)
	at uk.ac.sheffield.com1003.cafe.ingredients.Coffee.&lt;init&gt;(Coffee.java:10)
	at uk.ac.sheffield.com1003.cafe.ingredients.Coffee.&lt;init&gt;(Coffee.java:10)
	at uk.ac.sheffield.com1003.cafe.ingredients.Coffee.&lt;init&gt;(Coffee.java:10)
	at uk.ac.sheffield.com1003.cafe.ingredients.Coffee.&lt;init&gt;(Coffee.java:10)
	at uk.ac.sheffield.com1003.cafe.ingredients.Coffee.&lt;init&gt;(Coffee.java:10)
	at uk.ac.sheffield.com1003.cafe.ingredients.Coffee.&lt;init&gt;(Coffee.java:10)
	at uk.ac.sheffield.com1003.cafe.ingredients.Coffee.&lt;init&gt;(Coffee.java:10)
	at uk.ac.sheffield.com1003.cafe.ingredients.Coffee.&lt;init&gt;(Coffee.java:10)
	at uk.ac.sheffield.com1003.cafe.ingredients.Coffee.&lt;init&gt;(Coffee.java:10)
	at uk.ac.sheffield.com1003.cafe.ingredients.Coffee.&lt;init&gt;(Coffee.java:10)
	at uk.ac.sheffield.com1003.cafe.ingredients.Coffee.&lt;init&gt;(Coffee.java:10)
	at uk.ac.sheffield.com1003.cafe.ingredients.Coffee.&lt;init&gt;(Coffee.java:10)
	at uk.ac.sheffield.com1003.cafe.ingredients.Coffee.&lt;init&gt;(Coffee.java:10)
	at uk.ac.sheffield.com1003.cafe.ingredients.Coffee.&lt;init&gt;(Coffee.java:10)
	at uk.ac.sheffield.com1003.cafe.ingredients.Coffee.&lt;init&gt;(Coffee.java:10)
	at uk.ac.sheffield.com1003.cafe.ingredients.Coffee.&lt;init&gt;(Coffee.java:10)
	at uk.ac.sheffield.com1003.cafe.ingredients.Coffee.&lt;init&gt;(Coffee.java:10)
	at uk.ac.sheffield.com1003.cafe.ingredients.Coffee.&lt;init&gt;(Coffee.java:10)
	at uk.ac.sheffield.com1003.cafe.ingredients.Coffee.&lt;init&gt;(Coffee.java:10)
	at uk.ac.sheffield.com1003.cafe.ingredients.Coffee.&lt;init&gt;(Coffee.java:10)
	at uk.ac.sheffield.com1003.cafe.ingredients.Coffee.&lt;init&gt;(Coffee.java:10)
	at uk.ac.sheffield.com1003.cafe.ingredients.Coffee.&lt;init&gt;(Coffee.java:10)
	at uk.ac.sheffield.com1003.cafe.ingredients.Coffee.&lt;init&gt;(Coffee.java:10)
	at uk.ac.sheffield.com1003.cafe.ingredients.Coffee.&lt;init&gt;(Coffee.java:10)
	at uk.ac.sheffield.com1003.cafe.ingredients.Coffee.&lt;init&gt;(Coffee.java:10)
	at uk.ac.sheffield.com1003.cafe.ingredients.Coffee.&lt;init&gt;(Coffee.java:10)
	at uk.ac.sheffield.com1003.cafe.ingredients.Coffee.&lt;init&gt;(Coffee.java:10)
	at uk.ac.sheffield.com1003.cafe.ingredients.Coffee.&lt;init&gt;(Coffee.java:10)
	at uk.ac.sheffield.com1003.cafe.ingredients.Coffee.&lt;init&gt;(Coffee.java:10)
	at uk.ac.sheffield.com1003.cafe.ingredients.Coffee.&lt;init&gt;(Coffee.java:10)
	at uk.ac.sheffield.com1003.cafe.ingredients.Coffee.&lt;init&gt;(Coffee.java:10)
	at uk.ac.sheffield.com1003.cafe.ingredients.Coffee.&lt;init&gt;(Coffee.java:10)
	at uk.ac.sheffield.com1003.cafe.ingredients.Coffee.&lt;init&gt;(Coffee.java:10)
	at uk.ac.sheffield.com1003.cafe.ingredients.Coffee.&lt;init&gt;(Coffee.java:10)
	at uk.ac.sheffield.com1003.cafe.ingredients.Coffee.&lt;init&gt;(Coffee.java:10)
	at uk.ac.sheffield.com1003.cafe.ingredients.Coffee.&lt;init&gt;(Coffee.java:10)
	at uk.ac.sheffield.com1003.cafe.ingredients.Coffee.&lt;init&gt;(Coffee.java:10)
	at uk.ac.sheffield.com1003.cafe.ingredients.Coffee.&lt;init&gt;(Coffee.java:10)
	at uk.ac.sheffield.com1003.cafe.ingredients.Coffee.&lt;init&gt;(Coffee.java:10)
	at uk.ac.sheffield.com1003.cafe.ingredients.Coffee.&lt;init&gt;(Coffee.java:10)
	at uk.ac.sheffield.com1003.cafe.ingredients.Coffee.&lt;init&gt;(Coffee.java:10)
	at uk.ac.sheffield.com1003.cafe.ingredients.Coffee.&lt;init&gt;(Coffee.java:10)
	at uk.ac.sheffield.com1003.cafe.ingredients.Coffee.&lt;init&gt;(Coffee.java:10)
	at uk.ac.sheffield.com1003.cafe.ingredients.Coffee.&lt;init&gt;(Coffee.java:10)
	at uk.ac.sheffield.com1003.cafe.ingredients.Coffee.&lt;init&gt;(Coffee.java:10)
	at uk.ac.sheffield.com1003.cafe.ingredients.Coffee.&lt;init&gt;(Coffee.java:10)
	at uk.ac.sheffield.com1003.cafe.ingredients.Coffee.&lt;init&gt;(Coffee.java:10)
	at uk.ac.sheffield.com1003.cafe.ingredients.Coffee.&lt;init&gt;(Coffee.java:10)
	at uk.ac.sheffield.com1003.cafe.ingredients.Coffee.&lt;init&gt;(Coffee.java:10)
	at uk.ac.sheffield.com1003.cafe.ingredients.Coffee.&lt;init&gt;(Coffee.java:10)
	at uk.ac.sheffield.com1003.cafe.ingredients.Coffee.&lt;init&gt;(Coffee.java:10)
	at uk.ac.sheffield.com1003.cafe.ingredients.Coffee.&lt;init&gt;(Coffee.java:10)
	at uk.ac.sheffield.com1003.cafe.ingredients.Coffee.&lt;init&gt;(Coffee.java:10)
	at uk.ac.sheffield.com1003.cafe.ingredients.Coffee.&lt;init&gt;(Coffee.java:10)
	at uk.ac.sheffield.com1003.cafe.ingredients.Coffee.&lt;init&gt;(Coffee.java:10)
	at uk.ac.sheffield.com1003.cafe.ingredients.Coffee.&lt;init&gt;(Coffee.java:10)
	at uk.ac.sheffield.com1003.cafe.ingredients.Coffee.&lt;init&gt;(Coffee.java:10)
	at uk.ac.sheffield.com1003.cafe.ingredients.Coffee.&lt;init&gt;(Coffee.java:10)
	at uk.ac.sheffield.com1003.cafe.ingredients.Coffee.&lt;init&gt;(Coffee.java:10)
	at uk.ac.sheffield.com1003.cafe.ingredients.Coffee.&lt;init&gt;(Coffee.java:10)
	at uk.ac.sheffield.com1003.cafe.ingredients.Coffee.&lt;init&gt;(Coffee.java:10)
	at uk.ac.sheffield.com1003.cafe.ingredients.Coffee.&lt;init&gt;(Coffee.java:10)
	at uk.ac.sheffield.com1003.cafe.ingredients.Coffee.&lt;init&gt;(Coffee.java:10)
	at uk.ac.sheffield.com1003.cafe.ingredients.Coffee.&lt;init&gt;(Coffee.java:10)
	at uk.ac.sheffield.com1003.cafe.ingredients.Coffee.&lt;init&gt;(Coffee.java:10)
	at uk.ac.sheffield.com1003.cafe.ingredients.Coffee.&lt;init&gt;(Coffee.java:10)
	at uk.ac.sheffield.com1003.cafe.ingredients.Coffee.&lt;init&gt;(Coffee.java:10)
	at uk.ac.sheffield.com1003.cafe.ingredients.Coffee.&lt;init&gt;(Coffee.java:10)
	at uk.ac.sheffield.com1003.cafe.ingredients.Coffee.&lt;init&gt;(Coffee.java:10)
	at uk.ac.sheffield.com1003.cafe.ingredients.Coffee.&lt;init&gt;(Coffee.java:10)
	at uk.ac.sheffield.com1003.cafe.ingredients.Coffee.&lt;init&gt;(Coffee.java:10)
	at uk.ac.sheffield.com1003.cafe.ingredients.Coffee.&lt;init&gt;(Coffee.java:10)
	at uk.ac.sheffield.com1003.cafe.ingredients.Coffee.&lt;init&gt;(Coffee.java:10)
	at uk.ac.sheffield.com1003.cafe.ingredients.Coffee.&lt;init&gt;(Coffee.java:10)
	at uk.ac.sheffield.com1003.cafe.ingredients.Coffee.&lt;init&gt;(Coffee.java:10)
	at uk.ac.sheffield.com1003.cafe.ingredients.Coffee.&lt;init&gt;(Coffee.java:10)
	at uk.ac.sheffield.com1003.cafe.ingredients.Coffee.&lt;init&gt;(Coffee.java:10)
	at uk.ac.sheffield.com1003.cafe.ingredients.Coffee.&lt;init&gt;(Coffee.java:10)
	at uk.ac.sheffield.com1003.cafe.ingredients.Coffee.&lt;init&gt;(Coffee.java:10)
	at uk.ac.sheffield.com1003.cafe.ingredients.Coffee.&lt;init&gt;(Coffee.java:10)
	at uk.ac.sheffield.com1003.cafe.ingredients.Coffee.&lt;init&gt;(Coffee.java:10)
	at uk.ac.sheffield.com1003.cafe.ingredients.Coffee.&lt;init&gt;(Coffee.java:10)
	at uk.ac.sheffield.com1003.cafe.ingredients.Coffee.&lt;init&gt;(Coffee.java:10)
	at uk.ac.sheffield.com1003.cafe.ingredients.Coffee.&lt;init&gt;(Coffee.java:10)
	at uk.ac.sheffield.com1003.cafe.ingredients.Coffee.&lt;init&gt;(Coffee.java:10)
	at uk.ac.sheffield.com1003.cafe.ingredients.Coffee.&lt;init&gt;(Coffee.java:10)
	at uk.ac.sheffield.com1003.cafe.ingredients.Coffee.&lt;init&gt;(Coffee.java:10)
	at uk.ac.sheffield.com1003.cafe.ingredients.Coffee.&lt;init&gt;(Coffee.java:10)
	at uk.ac.sheffield.com1003.cafe.ingredients.Coffee.&lt;init&gt;(Coffee.java:10)
	at uk.ac.sheffield.com1003.cafe.ingredients.Coffee.&lt;init&gt;(Coffee.java:10)
	at uk.ac.sheffield.com1003.cafe.ingredients.Coffee.&lt;init&gt;(Coffee.java:10)
	at uk.ac.sheffield.com1003.cafe.ingredients.Coffee.&lt;init&gt;(Coffee.java:10)
	at uk.ac.sheffield.com1003.cafe.ingredients.Coffee.&lt;init&gt;(Coffee.java:10)
	at uk.ac.sheffield.com1003.cafe.ingredients.Coffee.&lt;init&gt;(Coffee.java:10)
	at uk.ac.sheffield.com1003.cafe.ingredients.Coffee.&lt;init&gt;(Coffee.java:10)
	at uk.ac.sheffield.com1003.cafe.ingredients.Coffee.&lt;init&gt;(Coffee.java:10)
	at uk.ac.sheffield.com1003.cafe.ingredients.Coffee.&lt;init&gt;(Coffee.java:10)
	at uk.ac.sheffield.com1003.cafe.ingredients.Coffee.&lt;init&gt;(Coffee.java:10)
	at uk.ac.sheffield.com1003.cafe.ingredients.Coffee.&lt;init&gt;(Coffee.java:10)
	at uk.ac.sheffield.com1003.cafe.ingredients.Coffee.&lt;init&gt;(Coffee.java:10)
	at uk.ac.sheffield.com1003.cafe.ingredients.Coffee.&lt;init&gt;(Coffee.java:10)
	at uk.ac.sheffield.com1003.cafe.ingredients.Coffee.&lt;init&gt;(Coffee.java:10)
	at uk.ac.sheffield.com1003.cafe.ingredients.Coffee.&lt;init&gt;(Coffee.java:10)
	at uk.ac.sheffield.com1003.cafe.ingredients.Coffee.&lt;init&gt;(Coffee.java:10)
	at uk.ac.sheffield.com1003.cafe.ingredients.Coffee.&lt;init&gt;(Coffee.java:10)
	at uk.ac.sheffield.com1003.cafe.ingredients.Coffee.&lt;init&gt;(Coffee.java:10)
	at uk.ac.sheffield.com1003.cafe.ingredients.Coffee.&lt;init&gt;(Coffee.java:10)
	at uk.ac.sheffield.com1003.cafe.ingredients.Coffee.&lt;init&gt;(Coffee.java:10)
	at uk.ac.sheffield.com1003.cafe.ingredients.Coffee.&lt;init&gt;(Coffee.java:10)
	at uk.ac.sheffield.com1003.cafe.ingredients.Coffee.&lt;init&gt;(Coffee.java:10)
	at uk.ac.sheffield.com1003.cafe.ingredients.Coffee.&lt;init&gt;(Coffee.java:10)
	at uk.ac.sheffield.com1003.cafe.ingredients.Coffee.&lt;init&gt;(Coffee.java:10)
	at uk.ac.sheffield.com1003.cafe.ingredients.Coffee.&lt;init&gt;(Coffee.java:10)
	at uk.ac.sheffield.com1003.cafe.ingredients.Coffee.&lt;init&gt;(Coffee.java:10)
	at uk.ac.sheffield.com1003.cafe.ingredients.Coffee.&lt;init&gt;(Coffee.java:10)
	at uk.ac.sheffield.com1003.cafe.ingredients.Coffee.&lt;init&gt;(Coffee.java:10)
	at uk.ac.sheffield.com1003.cafe.ingredients.Coffee.&lt;init&gt;(Coffee.java:10)
	at uk.ac.sheffield.com1003.cafe.ingredients.Coffee.&lt;init&gt;(Coffee.java:10)
	at uk.ac.sheffield.com1003.cafe.ingredients.Coffee.&lt;init&gt;(Coffee.java:10)
	at uk.ac.sheffield.com1003.cafe.ingredients.Coffee.&lt;init&gt;(Coffee.java:10)
	at uk.ac.sheffield.com1003.cafe.ingredients.Coffee.&lt;init&gt;(Coffee.java:10)
	at uk.ac.sheffield.com1003.cafe.ingredients.Coffee.&lt;init&gt;(Coffee.java:10)
	at uk.ac.sheffield.com1003.cafe.ingredients.Coffee.&lt;init&gt;(Coffee.java:10)
	at uk.ac.sheffield.com1003.cafe.ingredients.Coffee.&lt;init&gt;(Coffee.java:10)
	at uk.ac.sheffield.com1003.cafe.ingredients.Coffee.&lt;init&gt;(Coffee.java:10)
	at uk.ac.sheffield.com1003.cafe.ingredients.Coffee.&lt;init&gt;(Coffee.java:10)
	at uk.ac.sheffield.com1003.cafe.ingredients.Coffee.&lt;init&gt;(Coffee.java:10)
	at uk.ac.sheffield.com1003.cafe.ingredients.Coffee.&lt;init&gt;(Coffee.java:10)
	at uk.ac.sheffield.com1003.cafe.ingredients.Coffee.&lt;init&gt;(Coffee.java:10)
	at uk.ac.sheffield.com1003.cafe.ingredients.Coffee.&lt;init&gt;(Coffee.java:10)
	at uk.ac.sheffield.com1003.cafe.ingredients.Coffee.&lt;init&gt;(Coffee.java:10)
	at uk.ac.sheffield.com1003.cafe.ingredients.Coffee.&lt;init&gt;(Coffee.java:10)
	at uk.ac.sheffield.com1003.cafe.ingredients.Coffee.&lt;init&gt;(Coffee.java:10)
	at uk.ac.sheffield.com1003.cafe.ingredients.Coffee.&lt;init&gt;(Coffee.java:10)
	at uk.ac.sheffield.com1003.cafe.ingredients.Coffee.&lt;init&gt;(Coffee.java:10)
	at uk.ac.sheffield.com1003.cafe.ingredients.Coffee.&lt;init&gt;(Coffee.java:10)
	at uk.ac.sheffield.com1003.cafe.ingredients.Coffee.&lt;init&gt;(Coffee.java:10)
	at uk.ac.sheffield.com1003.cafe.ingredients.Coffee.&lt;init&gt;(Coffee.java:10)
	at uk.ac.sheffield.com1003.cafe.ingredients.Coffee.&lt;init&gt;(Coffee.java:10)
	at uk.ac.sheffield.com1003.cafe.ingredients.Coffee.&lt;init&gt;(Coffee.java:10)
	at uk.ac.sheffield.com1003.cafe.ingredients.Coffee.&lt;init&gt;(Coffee.java:10)
	at uk.ac.sheffield.com1003.cafe.ingredients.Coffee.&lt;init&gt;(Coffee.java:10)
	at uk.ac.sheffield.com1003.cafe.ingredients.Coffee.&lt;init&gt;(Coffee.java:10)
	at uk.ac.sheffield.com1003.cafe.ingredients.Coffee.&lt;init&gt;(Coffee.java:10)
	at uk.ac.sheffield.com1003.cafe.ingredients.Coffee.&lt;init&gt;(Coffee.java:10)
	at uk.ac.sheffield.com1003.cafe.ingredients.Coffee.&lt;init&gt;(Coffee.java:10)
	at uk.ac.sheffield.com1003.cafe.ingredients.Coffee.&lt;init&gt;(Coffee.java:10)
	at uk.ac.sheffield.com1003.cafe.ingredients.Coffee.&lt;init&gt;(Coffee.java:10)
	at uk.ac.sheffield.com1003.cafe.ingredients.Coffee.&lt;init&gt;(Coffee.java:10)
	at uk.ac.sheffield.com1003.cafe.ingredients.Coffee.&lt;init&gt;(Coffee.java:10)
	at uk.ac.sheffield.com1003.cafe.ingredients.Coffee.&lt;init&gt;(Coffee.java:10)
	at uk.ac.sheffield.com1003.cafe.ingredients.Coffee.&lt;init&gt;(Coffee.java:10)
	at uk.ac.sheffield.com1003.cafe.ingredients.Coffee.&lt;init&gt;(Coffee.java:10)
	at uk.ac.sheffield.com1003.cafe.ingredients.Coffee.&lt;init&gt;(Coffee.java:10)
	at uk.ac.sheffield.com1003.cafe.ingredients.Coffee.&lt;init&gt;(Coffee.java:10)
	at uk.ac.sheffield.com1003.cafe.ingredients.Coffee.&lt;init&gt;(Coffee.java:10)
	at uk.ac.sheffield.com1003.cafe.ingredients.Coffee.&lt;init&gt;(Coffee.java:10)
	at uk.ac.sheffield.com1003.cafe.ingredients.Coffee.&lt;init&gt;(Coffee.java:10)
	at uk.ac.sheffield.com1003.cafe.ingredients.Coffee.&lt;init&gt;(Coffee.java:10)
	at uk.ac.sheffield.com1003.cafe.ingredients.Coffee.&lt;init&gt;(Coffee.java:10)
	at uk.ac.sheffield.com1003.cafe.ingredients.Coffee.&lt;init&gt;(Coffee.java:10)
	at uk.ac.sheffield.com1003.cafe.ingredients.Coffee.&lt;init&gt;(Coffee.java:10)
	at uk.ac.sheffield.com1003.cafe.ingredients.Coffee.&lt;init&gt;(Coffee.java:10)
	at uk.ac.sheffield.com1003.cafe.ingredients.Coffee.&lt;init&gt;(Coffee.java:10)
	at uk.ac.sheffield.com1003.cafe.ingredients.Coffee.&lt;init&gt;(Coffee.java:10)
	at uk.ac.sheffield.com1003.cafe.ingredients.Coffee.&lt;init&gt;(Coffee.java:10)
	at uk.ac.sheffield.com1003.cafe.ingredients.Coffee.&lt;init&gt;(Coffee.java:10)
	at uk.ac.sheffield.com1003.cafe.ingredients.Coffee.&lt;init&gt;(Coffee.java:10)
	at uk.ac.sheffield.com1003.cafe.ingredients.Coffee.&lt;init&gt;(Coffee.java:10)
	at uk.ac.sheffield.com1003.cafe.ingredients.Coffee.&lt;init&gt;(Coffee.java:10)
	at uk.ac.sheffield.com1003.cafe.ingredients.Coffee.&lt;init&gt;(Coffee.java:10)
	at uk.ac.sheffield.com1003.cafe.ingredients.Coffee.&lt;init&gt;(Coffee.java:10)
	at uk.ac.sheffield.com1003.cafe.ingredients.Coffee.&lt;init&gt;(Coffee.java:10)
	at uk.ac.sheffield.com1003.cafe.ingredients.Coffee.&lt;init&gt;(Coffee.java:10)
	at uk.ac.sheffield.com1003.cafe.ingredients.Coffee.&lt;init&gt;(Coffee.java:10)
	at uk.ac.sheffield.com1003.cafe.ingredients.Coffee.&lt;init&gt;(Coffee.java:10)
	at uk.ac.sheffield.com1003.cafe.ingredients.Coffee.&lt;init&gt;(Coffee.java:10)
	at uk.ac.sheffield.com1003.cafe.ingredients.Coffee.&lt;init&gt;(Coffee.java:10)
	at uk.ac.sheffield.com1003.cafe.ingredients.Coffee.&lt;init&gt;(Coffee.java:10)
	at uk.ac.sheffield.com1003.cafe.ingredients.Coffee.&lt;init&gt;(Coffee.java:10)
	at uk.ac.sheffield.com1003.cafe.ingredients.Coffee.&lt;init&gt;(Coffee.java:10)
	at uk.ac.sheffield.com1003.cafe.ingredients.Coffee.&lt;init&gt;(Coffee.java:10)
	at uk.ac.sheffield.com1003.cafe.ingredients.Coffee.&lt;init&gt;(Coffee.java:10)
	at uk.ac.sheffield.com1003.cafe.ingredients.Coffee.&lt;init&gt;(Coffee.java:10)
	at uk.ac.sheffield.com1003.cafe.ingredients.Coffee.&lt;init&gt;(Coffee.java:10)
	at uk.ac.sheffield.com1003.cafe.ingredients.Coffee.&lt;init&gt;(Coffee.java:10)
	at uk.ac.sheffield.com1003.cafe.ingredients.Coffee.&lt;init&gt;(Coffee.java:10)
	at uk.ac.sheffield.com1003.cafe.ingredients.Coffee.&lt;init&gt;(Coffee.java:10)
	at uk.ac.sheffield.com1003.cafe.ingredients.Coffee.&lt;init&gt;(Coffee.java:10)
	at uk.ac.sheffield.com1003.cafe.ingredients.Coffee.&lt;init&gt;(Coffee.java:10)
	at uk.ac.sheffield.com1003.cafe.ingredients.Coffee.&lt;init&gt;(Coffee.java:10)
	at uk.ac.sheffield.com1003.cafe.ingredients.Coffee.&lt;init&gt;(Coffee.java:10)
	at uk.ac.sheffield.com1003.cafe.ingredients.Coffee.&lt;init&gt;(Coffee.java:10)
	at uk.ac.sheffield.com1003.cafe.ingredients.Coffee.&lt;init&gt;(Coffee.java:10)
	at uk.ac.sheffield.com1003.cafe.ingredients.Coffee.&lt;init&gt;(Coffee.java:10)
	at uk.ac.sheffield.com1003.cafe.ingredients.Coffee.&lt;init&gt;(Coffee.java:10)
	at uk.ac.sheffield.com1003.cafe.ingredients.Coffee.&lt;init&gt;(Coffee.java:10)
	at uk.ac.sheffield.com1003.cafe.ingredients.Coffee.&lt;init&gt;(Coffee.java:10)
	at uk.ac.sheffield.com1003.cafe.ingredients.Coffee.&lt;init&gt;(Coffee.java:10)
	at uk.ac.sheffield.com1003.cafe.ingredients.Coffee.&lt;init&gt;(Coffee.java:10)
	at uk.ac.sheffield.com1003.cafe.ingredients.Coffee.&lt;init&gt;(Coffee.java:10)
	at uk.ac.sheffield.com1003.cafe.ingredients.Coffee.&lt;init&gt;(Coffee.java:10)
	at uk.ac.sheffield.com1003.cafe.ingredients.Coffee.&lt;init&gt;(Coffee.java:10)
	at uk.ac.sheffield.com1003.cafe.ingredients.Coffee.&lt;init&gt;(Coffee.java:10)
	at uk.ac.sheffield.com1003.cafe.ingredients.Coffee.&lt;init&gt;(Coffee.java:10)
	at uk.ac.sheffield.com1003.cafe.ingredients.Coffee.&lt;init&gt;(Coffee.java:10)
	at uk.ac.sheffield.com1003.cafe.ingredients.Coffee.&lt;init&gt;(Coffee.java:10)
	at uk.ac.sheffield.com1003.cafe.ingredients.Coffee.&lt;init&gt;(Coffee.java:10)
	at uk.ac.sheffield.com1003.cafe.ingredients.Coffee.&lt;init&gt;(Coffee.java:10)
	at uk.ac.sheffield.com1003.cafe.ingredients.Coffee.&lt;init&gt;(Coffee.java:10)
	at uk.ac.sheffield.com1003.cafe.ingredients.Coffee.&lt;init&gt;(Coffee.java:10)
	at uk.ac.sheffield.com1003.cafe.ingredients.Coffee.&lt;init&gt;(Coffee.java:10)
	at uk.ac.sheffield.com1003.cafe.ingredients.Coffee.&lt;init&gt;(Coffee.java:10)
	at uk.ac.sheffield.com1003.cafe.ingredients.Coffee.&lt;init&gt;(Coffee.java:10)
	at uk.ac.sheffield.com1003.cafe.ingredients.Coffee.&lt;init&gt;(Coffee.java:10)
	at uk.ac.sheffield.com1003.cafe.ingredients.Coffee.&lt;init&gt;(Coffee.java:10)
	at uk.ac.sheffield.com1003.cafe.ingredients.Coffee.&lt;init&gt;(Coffee.java:10)
	at uk.ac.sheffield.com1003.cafe.ingredients.Coffee.&lt;init&gt;(Coffee.java:10)
	at uk.ac.sheffield.com1003.cafe.ingredients.Coffee.&lt;init&gt;(Coffee.java:10)
	at uk.ac.sheffield.com1003.cafe.ingredients.Coffee.&lt;init&gt;(Coffee.java:10)
	at uk.ac.sheffield.com1003.cafe.ingredients.Coffee.&lt;init&gt;(Coffee.java:10)
	at uk.ac.sheffield.com1003.cafe.ingredients.Coffee.&lt;init&gt;(Coffee.java:10)
	at uk.ac.sheffield.com1003.cafe.ingredients.Coffee.&lt;init&gt;(Coffee.java:10)
	at uk.ac.sheffield.com1003.cafe.ingredients.Coffee.&lt;init&gt;(Coffee.java:10)
	at uk.ac.sheffield.com1003.cafe.ingredients.Coffee.&lt;init&gt;(Coffee.java:10)
	at uk.ac.sheffield.com1003.cafe.ingredients.Coffee.&lt;init&gt;(Coffee.java:10)
	at uk.ac.sheffield.com1003.cafe.ingredients.Coffee.&lt;init&gt;(Coffee.java:10)
	at uk.ac.sheffield.com1003.cafe.ingredients.Coffee.&lt;init&gt;(Coffee.java:10)
	at uk.ac.sheffield.com1003.cafe.ingredients.Coffee.&lt;init&gt;(Coffee.java:10)
	at uk.ac.sheffield.com1003.cafe.ingredients.Coffee.&lt;init&gt;(Coffee.java:10)
	at uk.ac.sheffield.com1003.cafe.ingredients.Coffee.&lt;init&gt;(Coffee.java:10)
	at uk.ac.sheffield.com1003.cafe.ingredients.Coffee.&lt;init&gt;(Coffee.java:10)
	at uk.ac.sheffield.com1003.cafe.ingredients.Coffee.&lt;init&gt;(Coffee.java:10)
	at uk.ac.sheffield.com1003.cafe.ingredients.Coffee.&lt;init&gt;(Coffee.java:10)
	at uk.ac.sheffield.com1003.cafe.ingredients.Coffee.&lt;init&gt;(Coffee.java:10)
	at uk.ac.sheffield.com1003.cafe.ingredients.Coffee.&lt;init&gt;(Coffee.java:10)
	at uk.ac.sheffield.com1003.cafe.ingredients.Coffee.&lt;init&gt;(Coffee.java:10)
	at uk.ac.sheffield.com1003.cafe.ingredients.Coffee.&lt;init&gt;(Coffee.java:10)
	at uk.ac.sheffield.com1003.cafe.ingredients.Coffee.&lt;init&gt;(Coffee.java:10)
	at uk.ac.sheffield.com1003.cafe.ingredients.Coffee.&lt;init&gt;(Coffee.java:10)
	at uk.ac.sheffield.com1003.cafe.ingredients.Coffee.&lt;init&gt;(Coffee.java:10)
	at uk.ac.sheffield.com1003.cafe.ingredients.Coffee.&lt;init&gt;(Coffee.java:10)
	at uk.ac.sheffield.com1003.cafe.ingredients.Coffee.&lt;init&gt;(Coffee.java:10)
	at uk.ac.sheffield.com1003.cafe.ingredients.Coffee.&lt;init&gt;(Coffee.java:10)
	at uk.ac.sheffield.com1003.cafe.ingredients.Coffee.&lt;init&gt;(Coffee.java:10)
	at uk.ac.sheffield.com1003.cafe.ingredients.Coffee.&lt;init&gt;(Coffee.java:10)
	at uk.ac.sheffield.com1003.cafe.ingredients.Coffee.&lt;init&gt;(Coffee.java:10)
	at uk.ac.sheffield.com1003.cafe.ingredients.Coffee.&lt;init&gt;(Coffee.java:10)
	at uk.ac.sheffield.com1003.cafe.ingredients.Coffee.&lt;init&gt;(Coffee.java:10)
	at uk.ac.sheffield.com1003.cafe.ingredients.Coffee.&lt;init&gt;(Coffee.java:10)
	at uk.ac.sheffield.com1003.cafe.ingredients.Coffee.&lt;init&gt;(Coffee.java:10)
	at uk.ac.sheffield.com1003.cafe.ingredients.Coffee.&lt;init&gt;(Coffee.java:10)
	at uk.ac.sheffield.com1003.cafe.ingredients.Coffee.&lt;init&gt;(Coffee.java:10)
	at uk.ac.sheffield.com1003.cafe.ingredients.Coffee.&lt;init&gt;(Coffee.java:10)
	at uk.ac.sheffield.com1003.cafe.ingredients.Coffee.&lt;init&gt;(Coffee.java:10)
	at uk.ac.sheffield.com1003.cafe.ingredients.Coffee.&lt;init&gt;(Coffee.java:10)
	at uk.ac.sheffield.com1003.cafe.ingredients.Coffee.&lt;init&gt;(Coffee.java:10)
	at uk.ac.sheffield.com1003.cafe.ingredients.Coffee.&lt;init&gt;(Coffee.java:10)
	at uk.ac.sheffield.com1003.cafe.ingredients.Coffee.&lt;init&gt;(Coffee.java:10)
	at uk.ac.sheffield.com1003.cafe.ingredients.Coffee.&lt;init&gt;(Coffee.java:10)
	at uk.ac.sheffield.com1003.cafe.ingredients.Coffee.&lt;init&gt;(Coffee.java:10)
	at uk.ac.sheffield.com1003.cafe.ingredients.Coffee.&lt;init&gt;(Coffee.java:10)
	at uk.ac.sheffield.com1003.cafe.ingredients.Coffee.&lt;init&gt;(Coffee.java:10)
	at uk.ac.sheffield.com1003.cafe.ingredients.Coffee.&lt;init&gt;(Coffee.java:10)
	at uk.ac.sheffield.com1003.cafe.ingredients.Coffee.&lt;init&gt;(Coffee.java:10)
	at uk.ac.sheffield.com1003.cafe.ingredients.Coffee.&lt;init&gt;(Coffee.java:10)
	at uk.ac.sheffield.com1003.cafe.ingredients.Coffee.&lt;init&gt;(Coffee.java:10)
	at uk.ac.sheffield.com1003.cafe.ingredients.Coffee.&lt;init&gt;(Coffee.java:10)
	at uk.ac.sheffield.com1003.cafe.ingredients.Coffee.&lt;init&gt;(Coffee.java:10)
	at uk.ac.sheffield.com1003.cafe.ingredients.Coffee.&lt;init&gt;(Coffee.java:10)
	at uk.ac.sheffield.com1003.cafe.ingredients.Coffee.&lt;init&gt;(Coffee.java:10)
	at uk.ac.sheffield.com1003.cafe.ingredients.Coffee.&lt;init&gt;(Coffee.java:10)
	at uk.ac.sheffield.com1003.cafe.ingredients.Coffee.&lt;init&gt;(Coffee.java:10)
	at uk.ac.sheffield.com1003.cafe.ingredients.Coffee.&lt;init&gt;(Coffee.java:10)
	at uk.ac.sheffield.com1003.cafe.ingredients.Coffee.&lt;init&gt;(Coffee.java:10)
	at uk.ac.sheffield.com1003.cafe.ingredients.Coffee.&lt;init&gt;(Coffee.java:10)
	at uk.ac.sheffield.com1003.cafe.ingredients.Coffee.&lt;init&gt;(Coffee.java:10)
	at uk.ac.sheffield.com1003.cafe.ingredients.Coffee.&lt;init&gt;(Coffee.java:10)
	at uk.ac.sheffield.com1003.cafe.ingredients.Coffee.&lt;init&gt;(Coffee.java:10)
	at uk.ac.sheffield.com1003.cafe.ingredients.Coffee.&lt;init&gt;(Coffee.java:10)
	at uk.ac.sheffield.com1003.cafe.ingredients.Coffee.&lt;init&gt;(Coffee.java:10)
	at uk.ac.sheffield.com1003.cafe.ingredients.Coffee.&lt;init&gt;(Coffee.java:10)
	at uk.ac.sheffield.com1003.cafe.ingredients.Coffee.&lt;init&gt;(Coffee.java:10)
	at uk.ac.sheffield.com1003.cafe.ingredients.Coffee.&lt;init&gt;(Coffee.java:10)
	at uk.ac.sheffield.com1003.cafe.ingredients.Coffee.&lt;init&gt;(Coffee.java:10)
	at uk.ac.sheffield.com1003.cafe.ingredients.Coffee.&lt;init&gt;(Coffee.java:10)
	at uk.ac.sheffield.com1003.cafe.ingredients.Coffee.&lt;init&gt;(Coffee.java:10)
	at uk.ac.sheffield.com1003.cafe.ingredients.Coffee.&lt;init&gt;(Coffee.java:10)
	at uk.ac.sheffield.com1003.cafe.ingredients.Coffee.&lt;init&gt;(Coffee.java:10)
	at uk.ac.sheffield.com1003.cafe.ingredients.Coffee.&lt;init&gt;(Coffee.java:10)
	at uk.ac.sheffield.com1003.cafe.ingredients.Coffee.&lt;init&gt;(Coffee.java:10)
	at uk.ac.sheffield.com1003.cafe.ingredients.Coffee.&lt;init&gt;(Coffee.java:10)
	at uk.ac.sheffield.com1003.cafe.ingredients.Coffee.&lt;init&gt;(Coffee.java:10)
	at uk.ac.sheffield.com1003.cafe.ingredients.Coffee.&lt;init&gt;(Coffee.java:10)
	at uk.ac.sheffield.com1003.cafe.ingredients.Coffee.&lt;init&gt;(Coffee.java:10)
	at uk.ac.sheffield.com1003.cafe.ingredients.Coffee.&lt;init&gt;(Coffee.java:10)
	at uk.ac.sheffield.com1003.cafe.ingredients.Coffee.&lt;init&gt;(Coffee.java:10)
	at uk.ac.sheffield.com1003.cafe.ingredients.Coffee.&lt;init&gt;(Coffee.java:10)
	at uk.ac.sheffield.com1003.cafe.ingredients.Coffee.&lt;init&gt;(Coffee.java:10)
	at uk.ac.sheffield.com1003.cafe.ingredients.Coffee.&lt;init&gt;(Coffee.java:10)
	at uk.ac.sheffield.com1003.cafe.ingredients.Coffee.&lt;init&gt;(Coffee.java:10)
	at uk.ac.sheffield.com1003.cafe.ingredients.Coffee.&lt;init&gt;(Coffee.java:10)
	at uk.ac.sheffield.com1003.cafe.ingredients.Coffee.&lt;init&gt;(Coffee.java:10)
	at uk.ac.sheffield.com1003.cafe.ingredients.Coffee.&lt;init&gt;(Coffee.java:10)
	at uk.ac.sheffield.com1003.cafe.ingredients.Coffee.&lt;init&gt;(Coffee.java:10)
	at uk.ac.sheffield.com1003.cafe.ingredients.Coffee.&lt;init&gt;(Coffee.java:10)
	at uk.ac.sheffield.com1003.cafe.ingredients.Coffee.&lt;init&gt;(Coffee.java:10)
	at uk.ac.sheffield.com1003.cafe.ingredients.Coffee.&lt;init&gt;(Coffee.java:10)
	at uk.ac.sheffield.com1003.cafe.ingredients.Coffee.&lt;init&gt;(Coffee.java:10)
	at uk.ac.sheffield.com1003.cafe.ingredients.Coffee.&lt;init&gt;(Coffee.java:10)
	at uk.ac.sheffield.com1003.cafe.ingredients.Coffee.&lt;init&gt;(Coffee.java:10)
	at uk.ac.sheffield.com1003.cafe.ingredients.Coffee.&lt;init&gt;(Coffee.java:10)
	at uk.ac.sheffield.com1003.cafe.ingredients.Coffee.&lt;init&gt;(Coffee.java:10)
	at uk.ac.sheffield.com1003.cafe.ingredients.Coffee.&lt;init&gt;(Coffee.java:10)
	at uk.ac.sheffield.com1003.cafe.ingredients.Coffee.&lt;init&gt;(Coffee.java:10)
	at uk.ac.sheffield.com1003.cafe.ingredients.Coffee.&lt;init&gt;(Coffee.java:10)
	at uk.ac.sheffield.com1003.cafe.ingredients.Coffee.&lt;init&gt;(Coffee.java:10)
	at uk.ac.sheffield.com1003.cafe.ingredients.Coffee.&lt;init&gt;(Coffee.java:10)
	at uk.ac.sheffield.com1003.cafe.ingredients.Coffee.&lt;init&gt;(Coffee.java:10)
	at uk.ac.sheffield.com1003.cafe.ingredients.Coffee.&lt;init&gt;(Coffee.java:10)
	at uk.ac.sheffield.com1003.cafe.ingredients.Coffee.&lt;init&gt;(Coffee.java:10)
	at uk.ac.sheffield.com1003.cafe.ingredients.Coffee.&lt;init&gt;(Coffee.java:10)
	at uk.ac.sheffield.com1003.cafe.ingredients.Coffee.&lt;init&gt;(Coffee.java:10)
	at uk.ac.sheffield.com1003.cafe.ingredients.Coffee.&lt;init&gt;(Coffee.java:10)
	at uk.ac.sheffield.com1003.cafe.ingredients.Coffee.&lt;init&gt;(Coffee.java:10)
	at uk.ac.sheffield.com1003.cafe.ingredients.Coffee.&lt;init&gt;(Coffee.java:10)
	at uk.ac.sheffield.com1003.cafe.ingredients.Coffee.&lt;init&gt;(Coffee.java:10)
	at uk.ac.sheffield.com1003.cafe.ingredients.Coffee.&lt;init&gt;(Coffee.java:10)
	at uk.ac.sheffield.com1003.cafe.ingredients.Coffee.&lt;init&gt;(Coffee.java:10)
	at uk.ac.sheffield.com1003.cafe.ingredients.Coffee.&lt;init&gt;(Coffee.java:10)
	at uk.ac.sheffield.com1003.cafe.ingredients.Coffee.&lt;init&gt;(Coffee.java:10)
	at uk.ac.sheffield.com1003.cafe.ingredients.Coffee.&lt;init&gt;(Coffee.java:10)
	at uk.ac.sheffield.com1003.cafe.ingredients.Coffee.&lt;init&gt;(Coffee.java:10)
	at uk.ac.sheffield.com1003.cafe.ingredients.Coffee.&lt;init&gt;(Coffee.java:10)
	at uk.ac.sheffield.com1003.cafe.ingredients.Coffee.&lt;init&gt;(Coffee.java:10)
	at uk.ac.sheffield.com1003.cafe.ingredients.Coffee.&lt;init&gt;(Coffee.java:10)
	at uk.ac.sheffield.com1003.cafe.ingredients.Coffee.&lt;init&gt;(Coffee.java:10)
	at uk.ac.sheffield.com1003.cafe.ingredients.Coffee.&lt;init&gt;(Coffee.java:10)
	at uk.ac.sheffield.com1003.cafe.ingredients.Coffee.&lt;init&gt;(Coffee.java:10)
	at uk.ac.sheffield.com1003.cafe.ingredients.Coffee.&lt;init&gt;(Coffee.java:10)
	at uk.ac.sheffield.com1003.cafe.ingredients.Coffee.&lt;init&gt;(Coffee.java:10)
	at uk.ac.sheffield.com1003.cafe.ingredients.Coffee.&lt;init&gt;(Coffee.java:10)
	at uk.ac.sheffield.com1003.cafe.ingredients.Coffee.&lt;init&gt;(Coffee.java:10)
	at uk.ac.sheffield.com1003.cafe.ingredients.Coffee.&lt;init&gt;(Coffee.java:10)
	at uk.ac.sheffield.com1003.cafe.ingredients.Coffee.&lt;init&gt;(Coffee.java:10)
	at uk.ac.sheffield.com1003.cafe.ingredients.Coffee.&lt;init&gt;(Coffee.java:10)
	at uk.ac.sheffield.com1003.cafe.ingredients.Coffee.&lt;init&gt;(Coffee.java:10)
	at uk.ac.sheffield.com1003.cafe.ingredients.Coffee.&lt;init&gt;(Coffee.java:10)
	at uk.ac.sheffield.com1003.cafe.ingredients.Coffee.&lt;init&gt;(Coffee.java:10)
	at uk.ac.sheffield.com1003.cafe.ingredients.Coffee.&lt;init&gt;(Coffee.java:10)
	at uk.ac.sheffield.com1003.cafe.ingredients.Coffee.&lt;init&gt;(Coffee.java:10)
	at uk.ac.sheffield.com1003.cafe.ingredients.Coffee.&lt;init&gt;(Coffee.java:10)
	at uk.ac.sheffield.com1003.cafe.ingredients.Coffee.&lt;init&gt;(Coffee.java:10)
	at uk.ac.sheffield.com1003.cafe.ingredients.Coffee.&lt;init&gt;(Coffee.java:10)
	at uk.ac.sheffield.com1003.cafe.ingredients.Coffee.&lt;init&gt;(Coffee.java:10)
	at uk.ac.sheffield.com1003.cafe.ingredients.Coffee.&lt;init&gt;(Coffee.java:10)
	at uk.ac.sheffield.com1003.cafe.ingredients.Coffee.&lt;init&gt;(Coffee.java:10)
	at uk.ac.sheffield.com1003.cafe.ingredients.Coffee.&lt;init&gt;(Coffee.java:10)
	at uk.ac.sheffield.com1003.cafe.ingredients.Coffee.&lt;init&gt;(Coffee.java:10)
	at uk.ac.sheffield.com1003.cafe.ingredients.Coffee.&lt;init&gt;(Coffee.java:10)
	at uk.ac.sheffield.com1003.cafe.ingredients.Coffee.&lt;init&gt;(Coffee.java:10)
	at uk.ac.sheffield.com1003.cafe.ingredients.Coffee.&lt;init&gt;(Coffee.java:10)
	at uk.ac.sheffield.com1003.cafe.ingredients.Coffee.&lt;init&gt;(Coffee.java:10)
	at uk.ac.sheffield.com1003.cafe.ingredients.Coffee.&lt;init&gt;(Coffee.java:10)
	at uk.ac.sheffield.com1003.cafe.ingredients.Coffee.&lt;init&gt;(Coffee.java:10)
	at uk.ac.sheffield.com1003.cafe.ingredients.Coffee.&lt;init&gt;(Coffee.java:10)
	at uk.ac.sheffield.com1003.cafe.ingredients.Coffee.&lt;init&gt;(Coffee.java:10)
	at uk.ac.sheffield.com1003.cafe.ingredients.Coffee.&lt;init&gt;(Coffee.java:10)
	at uk.ac.sheffield.com1003.cafe.ingredients.Coffee.&lt;init&gt;(Coffee.java:10)
	at uk.ac.sheffield.com1003.cafe.ingredients.Coffee.&lt;init&gt;(Coffee.java:10)
	at uk.ac.sheffield.com1003.cafe.ingredients.Coffee.&lt;init&gt;(Coffee.java:10)
	at uk.ac.sheffield.com1003.cafe.ingredients.Coffee.&lt;init&gt;(Coffee.java:10)
	at uk.ac.sheffield.com1003.cafe.ingredients.Coffee.&lt;init&gt;(Coffee.java:10)
	at uk.ac.sheffield.com1003.cafe.ingredients.Coffee.&lt;init&gt;(Coffee.java:10)
	at uk.ac.sheffield.com1003.cafe.ingredients.Coffee.&lt;init&gt;(Coffee.java:10)
	at uk.ac.sheffield.com1003.cafe.ingredients.Coffee.&lt;init&gt;(Coffee.java:10)
	at uk.ac.sheffield.com1003.cafe.ingredients.Coffee.&lt;init&gt;(Coffee.java:10)
	at uk.ac.sheffield.com1003.cafe.ingredients.Coffee.&lt;init&gt;(Coffee.java:10)
	at uk.ac.sheffield.com1003.cafe.ingredients.Coffee.&lt;init&gt;(Coffee.java:10)
	at uk.ac.sheffield.com1003.cafe.ingredients.Coffee.&lt;init&gt;(Coffee.java:10)
	at uk.ac.sheffield.com1003.cafe.ingredients.Coffee.&lt;init&gt;(Coffee.java:10)
	at uk.ac.sheffield.com1003.cafe.ingredients.Coffee.&lt;init&gt;(Coffee.java:10)
	at uk.ac.sheffield.com1003.cafe.ingredients.Coffee.&lt;init&gt;(Coffee.java:10)
	at uk.ac.sheffield.com1003.cafe.ingredients.Coffee.&lt;init&gt;(Coffee.java:10)
	at uk.ac.sheffield.com1003.cafe.ingredients.Coffee.&lt;init&gt;(Coffee.java:10)
	at uk.ac.sheffield.com1003.cafe.ingredients.Coffee.&lt;init&gt;(Coffee.java:10)
	at uk.ac.sheffield.com1003.cafe.ingredients.Coffee.&lt;init&gt;(Coffee.java:10)
	at uk.ac.sheffield.com1003.cafe.ingredients.Coffee.&lt;init&gt;(Coffee.java:10)
	at uk.ac.sheffield.com1003.cafe.ingredients.Coffee.&lt;init&gt;(Coffee.java:10)
	at uk.ac.sheffield.com1003.cafe.ingredients.Coffee.&lt;init&gt;(Coffee.java:10)
	at uk.ac.sheffield.com1003.cafe.ingredients.Coffee.&lt;init&gt;(Coffee.java:10)
	at uk.ac.sheffield.com1003.cafe.ingredients.Coffee.&lt;init&gt;(Coffee.java:10)
	at uk.ac.sheffield.com1003.cafe.ingredients.Coffee.&lt;init&gt;(Coffee.java:10)
	at uk.ac.sheffield.com1003.cafe.ingredients.Coffee.&lt;init&gt;(Coffee.java:10)
	at uk.ac.sheffield.com1003.cafe.ingredients.Coffee.&lt;init&gt;(Coffee.java:10)
	at uk.ac.sheffield.com1003.cafe.ingredients.Coffee.&lt;init&gt;(Coffee.java:10)
	at uk.ac.sheffield.com1003.cafe.ingredients.Coffee.&lt;init&gt;(Coffee.java:10)
	at uk.ac.sheffield.com1003.cafe.ingredients.Coffee.&lt;init&gt;(Coffee.java:10)
	at uk.ac.sheffield.com1003.cafe.ingredients.Coffee.&lt;init&gt;(Coffee.java:10)
	at uk.ac.sheffield.com1003.cafe.ingredients.Coffee.&lt;init&gt;(Coffee.java:10)
	at uk.ac.sheffield.com1003.cafe.ingredients.Coffee.&lt;init&gt;(Coffee.java:10)
	at uk.ac.sheffield.com1003.cafe.ingredients.Coffee.&lt;init&gt;(Coffee.java:10)
	at uk.ac.sheffield.com1003.cafe.ingredients.Coffee.&lt;init&gt;(Coffee.java:10)
	at uk.ac.sheffield.com1003.cafe.ingredients.Coffee.&lt;init&gt;(Coffee.java:10)
	at uk.ac.sheffield.com1003.cafe.ingredients.Coffee.&lt;init&gt;(Coffee.java:10)
	at uk.ac.sheffield.com1003.cafe.ingredients.Coffee.&lt;init&gt;(Coffee.java:10)
	at uk.ac.sheffield.com1003.cafe.ingredients.Coffee.&lt;init&gt;(Coffee.java:10)
	at uk.ac.sheffield.com1003.cafe.ingredients.Coffee.&lt;init&gt;(Coffee.java:10)
	at uk.ac.sheffield.com1003.cafe.ingredients.Coffee.&lt;init&gt;(Coffee.java:10)
	at uk.ac.sheffield.com1003.cafe.ingredients.Coffee.&lt;init&gt;(Coffee.java:10)
	at uk.ac.sheffield.com1003.cafe.ingredients.Coffee.&lt;init&gt;(Coffee.java:10)
	at uk.ac.sheffield.com1003.cafe.ingredients.Coffee.&lt;init&gt;(Coffee.java:10)
	at uk.ac.sheffield.com1003.cafe.ingredients.Coffee.&lt;init&gt;(Coffee.java:10)
	at uk.ac.sheffield.com1003.cafe.ingredients.Coffee.&lt;init&gt;(Coffee.java:10)
	at uk.ac.sheffield.com1003.cafe.ingredients.Coffee.&lt;init&gt;(Coffee.java:10)
	at uk.ac.sheffield.com1003.cafe.ingredients.Coffee.&lt;init&gt;(Coffee.java:10)
	at uk.ac.sheffield.com1003.cafe.ingredients.Coffee.&lt;init&gt;(Coffee.java:10)
	at uk.ac.sheffield.com1003.cafe.ingredients.Coffee.&lt;init&gt;(Coffee.java:10)
	at uk.ac.sheffield.com1003.cafe.ingredients.Coffee.&lt;init&gt;(Coffee.java:10)
	at uk.ac.sheffield.com1003.cafe.ingredients.Coffee.&lt;init&gt;(Coffee.java:10)
	at uk.ac.sheffield.com1003.cafe.ingredients.Coffee.&lt;init&gt;(Coffee.java:10)
	at uk.ac.sheffield.com1003.cafe.ingredients.Coffee.&lt;init&gt;(Coffee.java:10)
	at uk.ac.sheffield.com1003.cafe.ingredients.Coffee.&lt;init&gt;(Coffee.java:10)
	at uk.ac.sheffield.com1003.cafe.ingredients.Coffee.&lt;init&gt;(Coffee.java:10)
	at uk.ac.sheffield.com1003.cafe.ingredients.Coffee.&lt;init&gt;(Coffee.java:10)
	at uk.ac.sheffield.com1003.cafe.ingredients.Coffee.&lt;init&gt;(Coffee.java:10)
	at uk.ac.sheffield.com1003.cafe.ingredients.Coffee.&lt;init&gt;(Coffee.java:10)
	at uk.ac.sheffield.com1003.cafe.ingredients.Coffee.&lt;init&gt;(Coffee.java:10)
	at uk.ac.sheffield.com1003.cafe.ingredients.Coffee.&lt;init&gt;(Coffee.java:10)
	at uk.ac.sheffield.com1003.cafe.ingredients.Coffee.&lt;init&gt;(Coffee.java:10)
	at uk.ac.sheffield.com1003.cafe.ingredients.Coffee.&lt;init&gt;(Coffee.java:10)
	at uk.ac.sheffield.com1003.cafe.ingredients.Coffee.&lt;init&gt;(Coffee.java:10)
	at uk.ac.sheffield.com1003.cafe.ingredients.Coffee.&lt;init&gt;(Coffee.java:10)
	at uk.ac.sheffield.com1003.cafe.ingredients.Coffee.&lt;init&gt;(Coffee.java:10)
	at uk.ac.sheffield.com1003.cafe.ingredients.Coffee.&lt;init&gt;(Coffee.java:10)
	at uk.ac.sheffield.com1003.cafe.ingredients.Coffee.&lt;init&gt;(Coffee.java:10)
	at uk.ac.sheffield.com1003.cafe.ingredients.Coffee.&lt;init&gt;(Coffee.java:10)
	at uk.ac.sheffield.com1003.cafe.ingredients.Coffee.&lt;init&gt;(Coffee.java:10)
	at uk.ac.sheffield.com1003.cafe.ingredients.Coffee.&lt;init&gt;(Coffee.java:10)
	at uk.ac.sheffield.com1003.cafe.ingredients.Coffee.&lt;init&gt;(Coffee.java:10)
	at uk.ac.sheffield.com1003.cafe.ingredients.Coffee.&lt;init&gt;(Coffee.java:10)
	at uk.ac.sheffield.com1003.cafe.ingredients.Coffee.&lt;init&gt;(Coffee.java:10)
	at uk.ac.sheffield.com1003.cafe.ingredients.Coffee.&lt;init&gt;(Coffee.java:10)
	at uk.ac.sheffield.com1003.cafe.ingredients.Coffee.&lt;init&gt;(Coffee.java:10)
	at uk.ac.sheffield.com1003.cafe.ingredients.Coffee.&lt;init&gt;(Coffee.java:10)
	at uk.ac.sheffield.com1003.cafe.ingredients.Coffee.&lt;init&gt;(Coffee.java:10)
	at uk.ac.sheffield.com1003.cafe.ingredients.Coffee.&lt;init&gt;(Coffee.java:10)
	at uk.ac.sheffield.com1003.cafe.ingredients.Coffee.&lt;init&gt;(Coffee.java:10)
	at uk.ac.sheffield.com1003.cafe.ingredients.Coffee.&lt;init&gt;(Coffee.java:10)
	at uk.ac.sheffield.com1003.cafe.ingredients.Coffee.&lt;init&gt;(Coffee.java:10)
	at uk.ac.sheffield.com1003.cafe.ingredients.Coffee.&lt;init&gt;(Coffee.java:10)
	at uk.ac.sheffield.com1003.cafe.ingredients.Coffee.&lt;init&gt;(Coffee.java:10)
	at uk.ac.sheffield.com1003.cafe.ingredients.Coffee.&lt;init&gt;(Coffee.java:10)
	at uk.ac.sheffield.com1003.cafe.ingredients.Coffee.&lt;init&gt;(Coffee.java:10)
	at uk.ac.sheffield.com1003.cafe.ingredients.Coffee.&lt;init&gt;(Coffee.java:10)
	at uk.ac.sheffield.com1003.cafe.ingredients.Coffee.&lt;init&gt;(Coffee.java:10)
	at uk.ac.sheffield.com1003.cafe.ingredients.Coffee.&lt;init&gt;(Coffee.java:10)
	at uk.ac.sheffield.com1003.cafe.ingredients.Coffee.&lt;init&gt;(Coffee.java:10)
	at uk.ac.sheffield.com1003.cafe.ingredients.Coffee.&lt;init&gt;(Coffee.java:10)
	at uk.ac.sheffield.com1003.cafe.ingredients.Coffee.&lt;init&gt;(Coffee.java:10)
	at uk.ac.sheffield.com1003.cafe.ingredients.Coffee.&lt;init&gt;(Coffee.java:10)
	at uk.ac.sheffield.com1003.cafe.ingredients.Coffee.&lt;init&gt;(Coffee.java:10)
	at uk.ac.sheffield.com1003.cafe.ingredients.Coffee.&lt;init&gt;(Coffee.java:10)
	at uk.ac.sheffield.com1003.cafe.ingredients.Coffee.&lt;init&gt;(Coffee.java:10)
	at uk.ac.sheffield.com1003.cafe.ingredients.Coffee.&lt;init&gt;(Coffee.java:10)
	at uk.ac.sheffield.com1003.cafe.ingredients.Coffee.&lt;init&gt;(Coffee.java:10)
	at uk.ac.sheffield.com1003.cafe.ingredients.Coffee.&lt;init&gt;(Coffee.java:10)
	at uk.ac.sheffield.com1003.cafe.ingredients.Coffee.&lt;init&gt;(Coffee.java:10)
	at uk.ac.sheffield.com1003.cafe.ingredients.Coffee.&lt;init&gt;(Coffee.java:10)
	at uk.ac.sheffield.com1003.cafe.ingredients.Coffee.&lt;init&gt;(Coffee.java:10)
	at uk.ac.sheffield.com1003.cafe.ingredients.Coffee.&lt;init&gt;(Coffee.java:10)
	at uk.ac.sheffield.com1003.cafe.ingredients.Coffee.&lt;init&gt;(Coffee.java:10)
	at uk.ac.sheffield.com1003.cafe.ingredients.Coffee.&lt;init&gt;(Coffee.java:10)
	at uk.ac.sheffield.com1003.cafe.ingredients.Coffee.&lt;init&gt;(Coffee.java:10)
	at uk.ac.sheffield.com1003.cafe.ingredients.Coffee.&lt;init&gt;(Coffee.java:10)
	at uk.ac.sheffield.com1003.cafe.ingredients.Coffee.&lt;init&gt;(Coffee.java:10)
	at uk.ac.sheffield.com1003.cafe.ingredients.Coffee.&lt;init&gt;(Coffee.java:10)
	at uk.ac.sheffield.com1003.cafe.ingredients.Coffee.&lt;init&gt;(Coffee.java:10)
	at uk.ac.sheffield.com1003.cafe.ingredients.Coffee.&lt;init&gt;(Coffee.java:10)
	at uk.ac.sheffield.com1003.cafe.ingredients.Coffee.&lt;init&gt;(Coffee.java:10)
	at uk.ac.sheffield.com1003.cafe.ingredients.Coffee.&lt;init&gt;(Coffee.java:10)
	at uk.ac.sheffield.com1003.cafe.ingredients.Coffee.&lt;init&gt;(Coffee.java:10)
	at uk.ac.sheffield.com1003.cafe.ingredients.Coffee.&lt;init&gt;(Coffee.java:10)
	at uk.ac.sheffield.com1003.cafe.ingredients.Coffee.&lt;init&gt;(Coffee.java:10)
	at uk.ac.sheffield.com1003.cafe.ingredients.Coffee.&lt;init&gt;(Coffee.java:10)
	at uk.ac.sheffield.com1003.cafe.ingredients.Coffee.&lt;init&gt;(Coffee.java:10)
	at uk.ac.sheffield.com1003.cafe.ingredients.Coffee.&lt;init&gt;(Coffee.java:10)
	at uk.ac.sheffield.com1003.cafe.ingredients.Coffee.&lt;init&gt;(Coffee.java:10)
	at uk.ac.sheffield.com1003.cafe.ingredients.Coffee.&lt;init&gt;(Coffee.java:10)
	at uk.ac.sheffield.com1003.cafe.ingredients.Coffee.&lt;init&gt;(Coffee.java:10)
	at uk.ac.sheffield.com1003.cafe.ingredients.Coffee.&lt;init&gt;(Coffee.java:10)
	at uk.ac.sheffield.com1003.cafe.ingredients.Coffee.&lt;init&gt;(Coffee.java:10)
	at uk.ac.sheffield.com1003.cafe.ingredients.Coffee.&lt;init&gt;(Coffee.java:10)
	at uk.ac.sheffield.com1003.cafe.ingredients.Coffee.&lt;init&gt;(Coffee.java:10)
	at uk.ac.sheffield.com1003.cafe.ingredients.Coffee.&lt;init&gt;(Coffee.java:10)
	at uk.ac.sheffield.com1003.cafe.ingredients.Coffee.&lt;init&gt;(Coffee.java:10)
	at uk.ac.sheffield.com1003.cafe.ingredients.Coffee.&lt;init&gt;(Coffee.java:10)
	at uk.ac.sheffield.com1003.cafe.ingredients.Coffee.&lt;init&gt;(Coffee.java:10)
	at uk.ac.sheffield.com1003.cafe.ingredients.Coffee.&lt;init&gt;(Coffee.java:10)
	at uk.ac.sheffield.com1003.cafe.ingredients.Coffee.&lt;init&gt;(Coffee.java:10)
	at uk.ac.sheffield.com1003.cafe.ingredients.Coffee.&lt;init&gt;(Coffee.java:10)
	at uk.ac.sheffield.com1003.cafe.ingredients.Coffee.&lt;init&gt;(Coffee.java:10)
	at uk.ac.sheffield.com1003.cafe.ingredients.Coffee.&lt;init&gt;(Coffee.java:10)
	at uk.ac.sheffield.com1003.cafe.ingredients.Coffee.&lt;init&gt;(Coffee.java:10)
	at uk.ac.sheffield.com1003.cafe.ingredients.Coffee.&lt;init&gt;(Coffee.java:10)
	at uk.ac.sheffield.com1003.cafe.ingredients.Coffee.&lt;init&gt;(Coffee.java:10)
	at uk.ac.sheffield.com1003.cafe.ingredients.Coffee.&lt;init&gt;(Coffee.java:10)
	at uk.ac.sheffield.com1003.cafe.ingredients.Coffee.&lt;init&gt;(Coffee.java:10)
	at uk.ac.sheffield.com1003.cafe.ingredients.Coffee.&lt;init&gt;(Coffee.java:10)
	at uk.ac.sheffield.com1003.cafe.ingredients.Coffee.&lt;init&gt;(Coffee.java:10)
	at uk.ac.sheffield.com1003.cafe.ingredients.Coffee.&lt;init&gt;(Coffee.java:10)
	at uk.ac.sheffield.com1003.cafe.ingredients.Coffee.&lt;init&gt;(Coffee.java:10)
	at uk.ac.sheffield.com1003.cafe.ingredients.Coffee.&lt;init&gt;(Coffee.java:10)
	at uk.ac.sheffield.com1003.cafe.ingredients.Coffee.&lt;init&gt;(Coffee.java:10)
	at uk.ac.sheffield.com1003.cafe.ingredients.Coffee.&lt;init&gt;(Coffee.java:10)
	at uk.ac.sheffield.com1003.cafe.ingredients.Coffee.&lt;init&gt;(Coffee.java:10)
	at uk.ac.sheffield.com1003.cafe.ingredients.Coffee.&lt;init&gt;(Coffee.java:10)
	at uk.ac.sheffield.com1003.cafe.ingredients.Coffee.&lt;init&gt;(Coffee.java:10)
	at uk.ac.sheffield.com1003.cafe.ingredients.Coffee.&lt;init&gt;(Coffee.java:10)
	at uk.ac.sheffield.com1003.cafe.ingredients.Coffee.&lt;init&gt;(Coffee.java:10)
	at uk.ac.sheffield.com1003.cafe.ingredients.Coffee.&lt;init&gt;(Coffee.java:10)
	at uk.ac.sheffield.com1003.cafe.ingredients.Coffee.&lt;init&gt;(Coffee.java:10)
	at uk.ac.sheffield.com1003.cafe.ingredients.Coffee.&lt;init&gt;(Coffee.java:10)
	at uk.ac.sheffield.com1003.cafe.ingredients.Coffee.&lt;init&gt;(Coffee.java:10)
	at uk.ac.sheffield.com1003.cafe.ingredients.Coffee.&lt;init&gt;(Coffee.java:10)
	at uk.ac.sheffield.com1003.cafe.ingredients.Coffee.&lt;init&gt;(Coffee.java:10)
	at uk.ac.sheffield.com1003.cafe.ingredients.Coffee.&lt;init&gt;(Coffee.java:10)
	at uk.ac.sheffield.com1003.cafe.ingredients.Coffee.&lt;init&gt;(Coffee.java:10)
	at uk.ac.sheffield.com1003.cafe.ingredients.Coffee.&lt;init&gt;(Coffee.java:10)
	at uk.ac.sheffield.com1003.cafe.ingredients.Coffee.&lt;init&gt;(Coffee.java:10)
	at uk.ac.sheffield.com1003.cafe.ingredients.Coffee.&lt;init&gt;(Coffee.java:10)
	at uk.ac.sheffield.com1003.cafe.ingredients.Coffee.&lt;init&gt;(Coffee.java:10)
	at uk.ac.sheffield.com1003.cafe.ingredients.Coffee.&lt;init&gt;(Coffee.java:10)
	at uk.ac.sheffield.com1003.cafe.ingredients.Coffee.&lt;init&gt;(Coffee.java:10)
	at uk.ac.sheffield.com1003.cafe.ingredients.Coffee.&lt;init&gt;(Coffee.java:10)
	at uk.ac.sheffield.com1003.cafe.ingredients.Coffee.&lt;init&gt;(Coffee.java:10)
	at uk.ac.sheffield.com1003.cafe.ingredients.Coffee.&lt;init&gt;(Coffee.java:10)
	at uk.ac.sheffield.com1003.cafe.ingredients.Coffee.&lt;init&gt;(Coffee.java:10)
	at uk.ac.sheffield.com1003.cafe.ingredients.Coffee.&lt;init&gt;(Coffee.java:10)
	at uk.ac.sheffield.com1003.cafe.ingredients.Coffee.&lt;init&gt;(Coffee.java:10)
	at uk.ac.sheffield.com1003.cafe.ingredients.Coffee.&lt;init&gt;(Coffee.java:10)
	at uk.ac.sheffield.com1003.cafe.ingredients.Coffee.&lt;init&gt;(Coffee.java:10)
	at uk.ac.sheffield.com1003.cafe.ingredients.Coffee.&lt;init&gt;(Coffee.java:10)
	at uk.ac.sheffield.com1003.cafe.ingredients.Coffee.&lt;init&gt;(Coffee.java:10)
	at uk.ac.sheffield.com1003.cafe.ingredients.Coffee.&lt;init&gt;(Coffee.java:10)
	at uk.ac.sheffield.com1003.cafe.ingredients.Coffee.&lt;init&gt;(Coffee.java:10)
	at uk.ac.sheffield.com1003.cafe.ingredients.Coffee.&lt;init&gt;(Coffee.java:10)
	at uk.ac.sheffield.com1003.cafe.ingredients.Coffee.&lt;init&gt;(Coffee.java:10)
	at uk.ac.sheffield.com1003.cafe.ingredients.Coffee.&lt;init&gt;(Coffee.java:10)
	at uk.ac.sheffield.com1003.cafe.ingredients.Coffee.&lt;init&gt;(Coffee.java:10)
	at uk.ac.sheffield.com1003.cafe.ingredients.Coffee.&lt;init&gt;(Coffee.java:10)
	at uk.ac.sheffield.com1003.cafe.ingredients.Coffee.&lt;init&gt;(Coffee.java:10)
	at uk.ac.sheffield.com1003.cafe.ingredients.Coffee.&lt;init&gt;(Coffee.java:10)
	at uk.ac.sheffield.com1003.cafe.ingredients.Coffee.&lt;init&gt;(Coffee.java:10)
	at uk.ac.sheffield.com1003.cafe.ingredients.Coffee.&lt;init&gt;(Coffee.java:10)
	at uk.ac.sheffield.com1003.cafe.ingredients.Coffee.&lt;init&gt;(Coffee.java:10)
	at uk.ac.sheffield.com1003.cafe.ingredients.Coffee.&lt;init&gt;(Coffee.java:10)
	at uk.ac.sheffield.com1003.cafe.ingredients.Coffee.&lt;init&gt;(Coffee.java:10)
	at uk.ac.sheffield.com1003.cafe.ingredients.Coffee.&lt;init&gt;(Coffee.java:10)
	at uk.ac.sheffield.com1003.cafe.ingredients.Coffee.&lt;init&gt;(Coffee.java:10)
	at uk.ac.sheffield.com1003.cafe.ingredients.Coffee.&lt;init&gt;(Coffee.java:10)
	at uk.ac.sheffield.com1003.cafe.ingredients.Coffee.&lt;init&gt;(Coffee.java:10)
	at uk.ac.sheffield.com1003.cafe.ingredients.Coffee.&lt;init&gt;(Coffee.java:10)
	at uk.ac.sheffield.com1003.cafe.ingredients.Coffee.&lt;init&gt;(Coffee.java:10)
	at uk.ac.sheffield.com1003.cafe.ingredients.Coffee.&lt;init&gt;(Coffee.java:10)
	at uk.ac.sheffield.com1003.cafe.ingredients.Coffee.&lt;init&gt;(Coffee.java:10)
	at uk.ac.sheffield.com1003.cafe.ingredients.Coffee.&lt;init&gt;(Coffee.java:10)
	at uk.ac.sheffield.com1003.cafe.ingredients.Coffee.&lt;init&gt;(Coffee.java:10)
	at uk.ac.sheffield.com1003.cafe.ingredients.Coffee.&lt;init&gt;(Coffee.java:10)
	at uk.ac.sheffield.com1003.cafe.ingredients.Coffee.&lt;init&gt;(Coffee.java:10)
	at uk.ac.sheffield.com1003.cafe.ingredients.Coffee.&lt;init&gt;(Coffee.java:10)
	at uk.ac.sheffield.com1003.cafe.ingredients.Coffee.&lt;init&gt;(Coffee.java:10)
	at uk.ac.sheffield.com1003.cafe.ingredients.Coffee.&lt;init&gt;(Coffee.java:10)
	at uk.ac.sheffield.com1003.cafe.ingredients.Coffee.&lt;init&gt;(Coffee.java:10)
	at uk.ac.sheffield.com1003.cafe.ingredients.Coffee.&lt;init&gt;(Coffee.java:10)
	at uk.ac.sheffield.com1003.cafe.ingredients.Coffee.&lt;init&gt;(Coffee.java:10)
	at uk.ac.sheffield.com1003.cafe.ingredients.Coffee.&lt;init&gt;(Coffee.java:10)
	at uk.ac.sheffield.com1003.cafe.ingredients.Coffee.&lt;init&gt;(Coffee.java:10)
	at uk.ac.sheffield.com1003.cafe.ingredients.Coffee.&lt;init&gt;(Coffee.java:10)
	at uk.ac.sheffield.com1003.cafe.ingredients.Coffee.&lt;init&gt;(Coffee.java:10)
	at uk.ac.sheffield.com1003.cafe.ingredients.Coffee.&lt;init&gt;(Coffee.java:10)
	at uk.ac.sheffield.com1003.cafe.ingredients.Coffee.&lt;init&gt;(Coffee.java:10)
	at uk.ac.sheffield.com1003.cafe.ingredients.Coffee.&lt;init&gt;(Coffee.java:10)
	at uk.ac.sheffield.com1003.cafe.ingredients.Coffee.&lt;init&gt;(Coffee.java:10)
	at uk.ac.sheffield.com1003.cafe.ingredients.Coffee.&lt;init&gt;(Coffee.java:10)
	at uk.ac.sheffield.com1003.cafe.ingredients.Coffee.&lt;init&gt;(Coffee.java:10)
	at uk.ac.sheffield.com1003.cafe.ingredients.Coffee.&lt;init&gt;(Coffee.java:10)
	at uk.ac.sheffield.com1003.cafe.ingredients.Coffee.&lt;init&gt;(Coffee.java:10)
	at uk.ac.sheffield.com1003.cafe.ingredients.Coffee.&lt;init&gt;(Coffee.java:10)
	at uk.ac.sheffield.com1003.cafe.ingredients.Coffee.&lt;init&gt;(Coffee.java:10)
	at uk.ac.sheffield.com1003.cafe.ingredients.Coffee.&lt;init&gt;(Coffee.java:10)
	at uk.ac.sheffield.com1003.cafe.ingredients.Coffee.&lt;init&gt;(Coffee.java:10)
	at uk.ac.sheffield.com1003.cafe.ingredients.Coffee.&lt;init&gt;(Coffee.java:10)
	at uk.ac.sheffield.com1003.cafe.ingredients.Coffee.&lt;init&gt;(Coffee.java:10)
	at uk.ac.sheffield.com1003.cafe.ingredients.Coffee.&lt;init&gt;(Coffee.java:10)
	at uk.ac.sheffield.com1003.cafe.ingredients.Coffee.&lt;init&gt;(Coffee.java:10)
	at uk.ac.sheffield.com1003.cafe.ingredients.Coffee.&lt;init&gt;(Coffee.java:10)
	at uk.ac.sheffield.com1003.cafe.ingredients.Coffee.&lt;init&gt;(Coffee.java:10)
	at uk.ac.sheffield.com1003.cafe.ingredients.Coffee.&lt;init&gt;(Coffee.java:10)
	at uk.ac.sheffield.com1003.cafe.ingredients.Coffee.&lt;init&gt;(Coffee.java:10)
	at uk.ac.sheffield.com1003.cafe.ingredients.Coffee.&lt;init&gt;(Coffee.java:10)
	at uk.ac.sheffield.com1003.cafe.ingredients.Coffee.&lt;init&gt;(Coffee.java:10)
	at uk.ac.sheffield.com1003.cafe.ingredients.Coffee.&lt;init&gt;(Coffee.java:10)
	at uk.ac.sheffield.com1003.cafe.ingredients.Coffee.&lt;init&gt;(Coffee.java:10)
	at uk.ac.sheffield.com1003.cafe.ingredients.Coffee.&lt;init&gt;(Coffee.java:10)
	at uk.ac.sheffield.com1003.cafe.ingredients.Coffee.&lt;init&gt;(Coffee.java:10)
	at uk.ac.sheffield.com1003.cafe.ingredients.Coffee.&lt;init&gt;(Coffee.java:10)
	at uk.ac.sheffield.com1003.cafe.ingredients.Coffee.&lt;init&gt;(Coffee.java:10)
	at uk.ac.sheffield.com1003.cafe.ingredients.Coffee.&lt;init&gt;(Coffee.java:10)
	at uk.ac.sheffield.com1003.cafe.ingredients.Coffee.&lt;init&gt;(Coffee.java:10)
	at uk.ac.sheffield.com1003.cafe.ingredients.Coffee.&lt;init&gt;(Coffee.java:10)
	at uk.ac.sheffield.com1003.cafe.ingredients.Coffee.&lt;init&gt;(Coffee.java:10)
	at uk.ac.sheffield.com1003.cafe.ingredients.Coffee.&lt;init&gt;(Coffee.java:10)
	at uk.ac.sheffield.com1003.cafe.ingredients.Coffee.&lt;init&gt;(Coffee.java:10)
	at uk.ac.sheffield.com1003.cafe.ingredients.Coffee.&lt;init&gt;(Coffee.java:10)
	at uk.ac.sheffield.com1003.cafe.ingredients.Coffee.&lt;init&gt;(Coffee.java:10)
	at uk.ac.sheffield.com1003.cafe.ingredients.Coffee.&lt;init&gt;(Coffee.java:10)
	at uk.ac.sheffield.com1003.cafe.ingredients.Coffee.&lt;init&gt;(Coffee.java:10)
	at uk.ac.sheffield.com1003.cafe.ingredients.Coffee.&lt;init&gt;(Coffee.java:10)
	at uk.ac.sheffield.com1003.cafe.ingredients.Coffee.&lt;init&gt;(Coffee.java:10)
	at uk.ac.sheffield.com1003.cafe.ingredients.Coffee.&lt;init&gt;(Coffee.java:10)
	at uk.ac.sheffield.com1003.cafe.ingredients.Coffee.&lt;init&gt;(Coffee.java:10)
	at uk.ac.sheffield.com1003.cafe.ingredients.Coffee.&lt;init&gt;(Coffee.java:10)
	at uk.ac.sheffield.com1003.cafe.ingredients.Coffee.&lt;init&gt;(Coffee.java:10)
	at uk.ac.sheffield.com1003.cafe.ingredients.Coffee.&lt;init&gt;(Coffee.java:10)
	at uk.ac.sheffield.com1003.cafe.ingredients.Coffee.&lt;init&gt;(Coffee.java:10)
	at uk.ac.sheffield.com1003.cafe.ingredients.Coffee.&lt;init&gt;(Coffee.java:10)
	at uk.ac.sheffield.com1003.cafe.ingredients.Coffee.&lt;init&gt;(Coffee.java:10)
	at uk.ac.sheffield.com1003.cafe.ingredients.Coffee.&lt;init&gt;(Coffee.java:10)
	at uk.ac.sheffield.com1003.cafe.ingredients.Coffee.&lt;init&gt;(Coffee.java:10)
	at uk.ac.sheffield.com1003.cafe.ingredients.Coffee.&lt;init&gt;(Coffee.java:10)
	at uk.ac.sheffield.com1003.cafe.ingredients.Coffee.&lt;init&gt;(Coffee.java:10)
	at uk.ac.sheffield.com1003.cafe.ingredients.Coffee.&lt;init&gt;(Coffee.java:10)
	at uk.ac.sheffield.com1003.cafe.ingredients.Coffee.&lt;init&gt;(Coffee.java:10)
	at uk.ac.sheffield.com1003.cafe.ingredients.Coffee.&lt;init&gt;(Coffee.java:10)
	at uk.ac.sheffield.com1003.cafe.ingredients.Coffee.&lt;init&gt;(Coffee.java:10)
	at uk.ac.sheffield.com1003.cafe.ingredients.Coffee.&lt;init&gt;(Coffee.java:10)
	at uk.ac.sheffield.com1003.cafe.ingredients.Coffee.&lt;init&gt;(Coffee.java:10)
	at uk.ac.sheffield.com1003.cafe.ingredients.Coffee.&lt;init&gt;(Coffee.java:10)
	at uk.ac.sheffield.com1003.cafe.ingredients.Coffee.&lt;init&gt;(Coffee.java:10)
	at uk.ac.sheffield.com1003.cafe.ingredients.Coffee.&lt;init&gt;(Coffee.java:10)
	at uk.ac.sheffield.com1003.cafe.ingredients.Coffee.&lt;init&gt;(Coffee.java:10)
	at uk.ac.sheffield.com1003.cafe.ingredients.Coffee.&lt;init&gt;(Coffee.java:10)
	at uk.ac.sheffield.com1003.cafe.ingredients.Coffee.&lt;init&gt;(Coffee.java:10)
	at uk.ac.sheffield.com1003.cafe.ingredients.Coffee.&lt;init&gt;(Coffee.java:10)
	at uk.ac.sheffield.com1003.cafe.ingredients.Coffee.&lt;init&gt;(Coffee.java:10)
	at uk.ac.sheffield.com1003.cafe.ingredients.Coffee.&lt;init&gt;(Coffee.java:10)
	at uk.ac.sheffield.com1003.cafe.ingredients.Coffee.&lt;init&gt;(Coffee.java:10)
	at uk.ac.sheffield.com1003.cafe.ingredients.Coffee.&lt;init&gt;(Coffee.java:10)
	at uk.ac.sheffield.com1003.cafe.ingredients.Coffee.&lt;init&gt;(Coffee.java:10)
	at uk.ac.sheffield.com1003.cafe.ingredients.Coffee.&lt;init&gt;(Coffee.java:10)
	at uk.ac.sheffield.com1003.cafe.ingredients.Coffee.&lt;init&gt;(Coffee.java:10)
	at uk.ac.sheffield.com1003.cafe.ingredients.Coffee.&lt;init&gt;(Coffee.java:10)
	at uk.ac.sheffield.com1003.cafe.ingredients.Coffee.&lt;init&gt;(Coffee.java:10)
	at uk.ac.sheffield.com1003.cafe.ingredients.Coffee.&lt;init&gt;(Coffee.java:10)
	at uk.ac.sheffield.com1003.cafe.ingredients.Coffee.&lt;init&gt;(Coffee.java:10)
	at uk.ac.sheffield.com1003.cafe.ingredients.Coffee.&lt;init&gt;(Coffee.java:10)
	at uk.ac.sheffield.com1003.cafe.ingredients.Coffee.&lt;init&gt;(Coffee.java:10)
	at uk.ac.sheffield.com1003.cafe.ingredients.Coffee.&lt;init&gt;(Coffee.java:10)
	at uk.ac.sheffield.com1003.cafe.ingredients.Coffee.&lt;init&gt;(Coffee.java:10)
	at uk.ac.sheffield.com1003.cafe.ingredients.Coffee.&lt;init&gt;(Coffee.java:10)
	at uk.ac.sheffield.com1003.cafe.ingredients.Coffee.&lt;init&gt;(Coffee.java:10)
	at uk.ac.sheffield.com1003.cafe.ingredients.Coffee.&lt;init&gt;(Coffee.java:10)
	at uk.ac.sheffield.com1003.cafe.ingredients.Coffee.&lt;init&gt;(Coffee.java:10)
	at uk.ac.sheffield.com1003.cafe.ingredients.Coffee.&lt;init&gt;(Coffee.java:10)
	at uk.ac.sheffield.com1003.cafe.ingredients.Coffee.&lt;init&gt;(Coffee.java:10)
	at uk.ac.sheffield.com1003.cafe.ingredients.Coffee.&lt;init&gt;(Coffee.java:10)
	at uk.ac.sheffield.com1003.cafe.ingredients.Coffee.&lt;init&gt;(Coffee.java:10)
	at uk.ac.sheffield.com1003.cafe.ingredients.Coffee.&lt;init&gt;(Coffee.java:10)
	at uk.ac.sheffield.com1003.cafe.ingredients.Coffee.&lt;init&gt;(Coffee.java:10)
	at uk.ac.sheffield.com1003.cafe.ingredients.Coffee.&lt;init&gt;(Coffee.java:10)
	at uk.ac.sheffield.com1003.cafe.ingredients.Coffee.&lt;init&gt;(Coffee.java:10)
	at uk.ac.sheffield.com1003.cafe.ingredients.Coffee.&lt;init&gt;(Coffee.java:10)
	at uk.ac.sheffield.com1003.cafe.ingredients.Coffee.&lt;init&gt;(Coffee.java:10)
	at uk.ac.sheffield.com1003.cafe.ingredients.Coffee.&lt;init&gt;(Coffee.java:10)
	at uk.ac.sheffield.com1003.cafe.ingredients.Coffee.&lt;init&gt;(Coffee.java:10)
	at uk.ac.sheffield.com1003.cafe.ingredients.Coffee.&lt;init&gt;(Coffee.java:10)
	at uk.ac.sheffield.com1003.cafe.ingredients.Coffee.&lt;init&gt;(Coffee.java:10)
	at uk.ac.sheffield.com1003.cafe.ingredients.Coffee.&lt;init&gt;(Coffee.java:10)
	at uk.ac.sheffield.com1003.cafe.ingredients.Coffee.&lt;init&gt;(Coffee.java:10)
	at uk.ac.sheffield.com1003.cafe.ingredients.Coffee.&lt;init&gt;(Coffee.java:10)
	at uk.ac.sheffield.com1003.cafe.ingredients.Coffee.&lt;init&gt;(Coffee.java:10)
	at uk.ac.sheffield.com1003.cafe.ingredients.Coffee.&lt;init&gt;(Coffee.java:10)
	at uk.ac.sheffield.com1003.cafe.ingredients.Coffee.&lt;init&gt;(Coffee.java:10)
	at uk.ac.sheffield.com1003.cafe.ingredients.Coffee.&lt;init&gt;(Coffee.java:10)
	at uk.ac.sheffield.com1003.cafe.ingredients.Coffee.&lt;init&gt;(Coffee.java:10)
	at uk.ac.sheffield.com1003.cafe.ingredients.Coffee.&lt;init&gt;(Coffee.java:10)
	at uk.ac.sheffield.com1003.cafe.ingredients.Coffee.&lt;init&gt;(Coffee.java:10)
	at uk.ac.sheffield.com1003.cafe.ingredients.Coffee.&lt;init&gt;(Coffee.java:10)
	at uk.ac.sheffield.com1003.cafe.ingredients.Coffee.&lt;init&gt;(Coffee.java:10)
	at uk.ac.sheffield.com1003.cafe.ingredients.Coffee.&lt;init&gt;(Coffee.java:10)
	at uk.ac.sheffield.com1003.cafe.ingredients.Coffee.&lt;init&gt;(Coffee.java:10)
	at uk.ac.sheffield.com1003.cafe.ingredients.Coffee.&lt;init&gt;(Coffee.java:10)
	at uk.ac.sheffield.com1003.cafe.ingredients.Coffee.&lt;init&gt;(Coffee.java:10)
	at uk.ac.sheffield.com1003.cafe.ingredients.Coffee.&lt;init&gt;(Coffee.java:10)
	at uk.ac.sheffield.com1003.cafe.ingredients.Coffee.&lt;init&gt;(Coffee.java:10)
	at uk.ac.sheffield.com1003.cafe.ingredients.Coffee.&lt;init&gt;(Coffee.java:10)
	at uk.ac.sheffield.com1003.cafe.ingredients.Coffee.&lt;init&gt;(Coffee.java:10)
	at uk.ac.sheffield.com1003.cafe.ingredients.Coffee.&lt;init&gt;(Coffee.java:10)
	at uk.ac.sheffield.com1003.cafe.ingredients.Coffee.&lt;init&gt;(Coffee.java:10)
	at uk.ac.sheffield.com1003.cafe.ingredients.Coffee.&lt;init&gt;(Coffee.java:10)
	at uk.ac.sheffield.com1003.cafe.ingredients.Coffee.&lt;init&gt;(Coffee.java:10)
	at uk.ac.sheffield.com1003.cafe.ingredients.Coffee.&lt;init&gt;(Coffee.java:10)
	at uk.ac.sheffield.com1003.cafe.ingredients.Coffee.&lt;init&gt;(Coffee.java:10)
	at uk.ac.sheffield.com1003.cafe.ingredients.Coffee.&lt;init&gt;(Coffee.java:10)
	at uk.ac.sheffield.com1003.cafe.ingredients.Coffee.&lt;init&gt;(Coffee.java:10)
	at uk.ac.sheffield.com1003.cafe.ingredients.Coffee.&lt;init&gt;(Coffee.java:10)
	at uk.ac.sheffield.com1003.cafe.ingredients.Coffee.&lt;init&gt;(Coffee.java:10)
	at uk.ac.sheffield.com1003.cafe.ingredients.Coffee.&lt;init&gt;(Coffee.java:10)
	at uk.ac.sheffield.com1003.cafe.ingredients.Coffee.&lt;init&gt;(Coffee.java:10)
	at uk.ac.sheffield.com1003.cafe.ingredients.Coffee.&lt;init&gt;(Coffee.java:10)
	at uk.ac.sheffield.com1003.cafe.ingredients.Coffee.&lt;init&gt;(Coffee.java:10)
	at uk.ac.sheffield.com1003.cafe.ingredients.Coffee.&lt;init&gt;(Coffee.java:10)
	at uk.ac.sheffield.com1003.cafe.ingredients.Coffee.&lt;init&gt;(Coffee.java:10)
	at uk.ac.sheffield.com1003.cafe.ingredients.Coffee.&lt;init&gt;(Coffee.java:10)
	at uk.ac.sheffield.com1003.cafe.ingredients.Coffee.&lt;init&gt;(Coffee.java:10)
	at uk.ac.sheffield.com1003.cafe.ingredients.Coffee.&lt;init&gt;(Coffee.java:10)
	at uk.ac.sheffield.com1003.cafe.ingredients.Coffee.&lt;init&gt;(Coffee.java:10)
	at uk.ac.sheffield.com1003.cafe.ingredients.Coffee.&lt;init&gt;(Coffee.java:10)
	at uk.ac.sheffield.com1003.cafe.ingredients.Coffee.&lt;init&gt;(Coffee.java:10)
	at uk.ac.sheffield.com1003.cafe.ingredients.Coffee.&lt;init&gt;(Coffee.java:10)
	at uk.ac.sheffield.com1003.cafe.ingredients.Coffee.&lt;init&gt;(Coffee.java:10)
	at uk.ac.sheffield.com1003.cafe.ingredients.Coffee.&lt;init&gt;(Coffee.java:10)
	at uk.ac.sheffield.com1003.cafe.ingredients.Coffee.&lt;init&gt;(Coffee.java:10)
	at uk.ac.sheffield.com1003.cafe.ingredients.Coffee.&lt;init&gt;(Coffee.java:10)
	at uk.ac.sheffield.com1003.cafe.ingredients.Coffee.&lt;init&gt;(Coffee.java:10)
	at uk.ac.sheffield.com1003.cafe.ingredients.Coffee.&lt;init&gt;(Coffee.java:10)
	at uk.ac.sheffield.com1003.cafe.ingredients.Coffee.&lt;init&gt;(Coffee.java:10)
	at uk.ac.sheffield.com1003.cafe.ingredients.Coffee.&lt;init&gt;(Coffee.java:10)
	at uk.ac.sheffield.com1003.cafe.ingredients.Coffee.&lt;init&gt;(Coffee.java:10)
	at uk.ac.sheffield.com1003.cafe.ingredients.Coffee.&lt;init&gt;(Coffee.java:10)
	at uk.ac.sheffield.com1003.cafe.ingredients.Coffee.&lt;init&gt;(Coffee.java:10)
	at uk.ac.sheffield.com1003.cafe.ingredients.Coffee.&lt;init&gt;(Coffee.java:10)
	at uk.ac.sheffield.com1003.cafe.ingredients.Coffee.&lt;init&gt;(Coffee.java:10)
	at uk.ac.sheffield.com1003.cafe.ingredients.Coffee.&lt;init&gt;(Coffee.java:10)
	at uk.ac.sheffield.com1003.cafe.ingredients.Coffee.&lt;init&gt;(Coffee.java:10)
	at uk.ac.sheffield.com1003.cafe.ingredients.Coffee.&lt;init&gt;(Coffee.java:10)
	at uk.ac.sheffield.com1003.cafe.ingredients.Coffee.&lt;init&gt;(Coffee.java:10)
	at uk.ac.sheffield.com1003.cafe.ingredients.Coffee.&lt;init&gt;(Coffee.java:10)
	at uk.ac.sheffield.com1003.cafe.ingredients.Coffee.&lt;init&gt;(Coffee.java:10)
	at uk.ac.sheffield.com1003.cafe.ingredients.Coffee.&lt;init&gt;(Coffee.java:10)
	at uk.ac.sheffield.com1003.cafe.ingredients.Coffee.&lt;init&gt;(Coffee.java:10)
	at uk.ac.sheffield.com1003.cafe.ingredients.Coffee.&lt;init&gt;(Coffee.java:10)
	at uk.ac.sheffield.com1003.cafe.ingredients.Coffee.&lt;init&gt;(Coffee.java:10)
	at uk.ac.sheffield.com1003.cafe.ingredients.Coffee.&lt;init&gt;(Coffee.java:10)
	at uk.ac.sheffield.com1003.cafe.ingredients.Coffee.&lt;init&gt;(Coffee.java:10)
	at uk.ac.sheffield.com1003.cafe.ingredients.Coffee.&lt;init&gt;(Coffee.java:10)
	at uk.ac.sheffield.com1003.cafe.ingredients.Coffee.&lt;init&gt;(Coffee.java:10)
	at uk.ac.sheffield.com1003.cafe.ingredients.Coffee.&lt;init&gt;(Coffee.java:10)
	at uk.ac.sheffield.com1003.cafe.ingredients.Coffee.&lt;init&gt;(Coffee.java:10)
	at uk.ac.sheffield.com1003.cafe.ingredients.Coffee.&lt;init&gt;(Coffee.java:10)
	at uk.ac.sheffield.com1003.cafe.ingredients.Coffee.&lt;init&gt;(Coffee.java:10)
	at uk.ac.sheffield.com1003.cafe.ingredients.Coffee.&lt;init&gt;(Coffee.java:10)
	at uk.ac.sheffield.com1003.cafe.ingredients.Coffee.&lt;init&gt;(Coffee.java:10)
	at uk.ac.sheffield.com1003.cafe.ingredients.Coffee.&lt;init&gt;(Coffee.java:10)
	at uk.ac.sheffield.com1003.cafe.ingredients.Coffee.&lt;init&gt;(Coffee.java:10)
	at uk.ac.sheffield.com1003.cafe.ingredients.Coffee.&lt;init&gt;(Coffee.java:10)
	at uk.ac.sheffield.com1003.cafe.ingredients.Coffee.&lt;init&gt;(Coffee.java:10)
	at uk.ac.sheffield.com1003.cafe.ingredients.Coffee.&lt;init&gt;(Coffee.java:10)
	at uk.ac.sheffield.com1003.cafe.ingredients.Coffee.&lt;init&gt;(Coffee.java:10)
	at uk.ac.sheffield.com1003.cafe.ingredients.Coffee.&lt;init&gt;(Coffee.java:10)
	at uk.ac.sheffield.com1003.cafe.ingredients.Coffee.&lt;init&gt;(Coffee.java:10)
	at uk.ac.sheffield.com1003.cafe.ingredients.Coffee.&lt;init&gt;(Coffee.java:10)
	at uk.ac.sheffield.com1003.cafe.ingredients.Coffee.&lt;init&gt;(Coffee.java:10)
	at uk.ac.sheffield.com1003.cafe.ingredients.Coffee.&lt;init&gt;(Coffee.java:10)
	at uk.ac.sheffield.com1003.cafe.ingredients.Coffee.&lt;init&gt;(Coffee.java:10)
	at uk.ac.sheffield.com1003.cafe.ingredients.Coffee.&lt;init&gt;(Coffee.java:10)
	at uk.ac.sheffield.com1003.cafe.ingredients.Coffee.&lt;init&gt;(Coffee.java:10)
	at uk.ac.sheffield.com1003.cafe.ingredients.Coffee.&lt;init&gt;(Coffee.java:10)
	at uk.ac.sheffield.com1003.cafe.ingredients.Coffee.&lt;init&gt;(Coffee.java:10)
	at uk.ac.sheffield.com1003.cafe.ingredients.Coffee.&lt;init&gt;(Coffee.java:10)
	at uk.ac.sheffield.com1003.cafe.ingredients.Coffee.&lt;init&gt;(Coffee.java:10)
	at uk.ac.sheffield.com1003.cafe.ingredients.Coffee.&lt;init&gt;(Coffee.java:10)
	at uk.ac.sheffield.com1003.cafe.ingredients.Coffee.&lt;init&gt;(Coffee.java:10)
	at uk.ac.sheffield.com1003.cafe.ingredients.Coffee.&lt;init&gt;(Coffee.java:10)
	at uk.ac.sheffield.com1003.cafe.ingredients.Coffee.&lt;init&gt;(Coffee.java:10)
	at uk.ac.sheffield.com1003.cafe.ingredients.Coffee.&lt;init&gt;(Coffee.java:10)
	at uk.ac.sheffield.com1003.cafe.ingredients.Coffee.&lt;init&gt;(Coffee.java:10)
	at uk.ac.sheffield.com1003.cafe.ingredients.Coffee.&lt;init&gt;(Coffee.java:10)
	at uk.ac.sheffield.com1003.cafe.ingredients.Coffee.&lt;init&gt;(Coffee.java:10)
	at uk.ac.sheffield.com1003.cafe.ingredients.Coffee.&lt;init&gt;(Coffee.java:10)
	at uk.ac.sheffield.com1003.cafe.ingredients.Coffee.&lt;init&gt;(Coffee.java:10)
	at uk.ac.sheffield.com1003.cafe.ingredients.Coffee.&lt;init&gt;(Coffee.java:10)
	at uk.ac.sheffield.com1003.cafe.ingredients.Coffee.&lt;init&gt;(Coffee.java:10)
	at uk.ac.sheffield.com1003.cafe.ingredients.Coffee.&lt;init&gt;(Coffee.java:10)
	at uk.ac.sheffield.com1003.cafe.ingredients.Coffee.&lt;init&gt;(Coffee.java:10)
	at uk.ac.sheffield.com1003.cafe.ingredients.Coffee.&lt;init&gt;(Coffee.java:10)
	at uk.ac.sheffield.com1003.cafe.ingredients.Coffee.&lt;init&gt;(Coffee.java:10)
	at uk.ac.sheffield.com1003.cafe.ingredients.Coffee.&lt;init&gt;(Coffee.java:10)
	at uk.ac.sheffield.com1003.cafe.ingredients.Coffee.&lt;init&gt;(Coffee.java:10)
	at uk.ac.sheffield.com1003.cafe.ingredients.Coffee.&lt;init&gt;(Coffee.java:10)
	at uk.ac.sheffield.com1003.cafe.ingredients.Coffee.&lt;init&gt;(Coffee.java:10)
	at uk.ac.sheffield.com1003.cafe.ingredients.Coffee.&lt;init&gt;(Coffee.java:10)
	at uk.ac.sheffield.com1003.cafe.ingredients.Coffee.&lt;init&gt;(Coffee.java:10)
	at uk.ac.sheffield.com1003.cafe.ingredients.Coffee.&lt;init&gt;(Coffee.java:10)
	at uk.ac.sheffield.com1003.cafe.ingredients.Coffee.&lt;init&gt;(Coffee.java:10)
	at uk.ac.sheffield.com1003.cafe.ingredients.Coffee.&lt;init&gt;(Coffee.java:10)
	at uk.ac.sheffield.com1003.cafe.ingredients.Coffee.&lt;init&gt;(Coffee.java:10)
	at uk.ac.sheffield.com1003.cafe.ingredients.Coffee.&lt;init&gt;(Coffee.java:10)
	at uk.ac.sheffield.com1003.cafe.ingredients.Coffee.&lt;init&gt;(Coffee.java:10)
	at uk.ac.sheffield.com1003.cafe.ingredients.Coffee.&lt;init&gt;(Coffee.java:10)
	at uk.ac.sheffield.com1003.cafe.ingredients.Coffee.&lt;init&gt;(Coffee.java:10)
	at uk.ac.sheffield.com1003.cafe.ingredients.Coffee.&lt;init&gt;(Coffee.java:10)
	at uk.ac.sheffield.com1003.cafe.ingredients.Coffee.&lt;init&gt;(Coffee.java:10)
	at uk.ac.sheffield.com1003.cafe.ingredients.Coffee.&lt;init&gt;(Coffee.java:10)
	at uk.ac.sheffield.com1003.cafe.ingredients.Coffee.&lt;init&gt;(Coffee.java:10)
	at uk.ac.sheffield.com1003.cafe.ingredients.Coffee.&lt;init&gt;(Coffee.java:10)
	at uk.ac.sheffield.com1003.cafe.ingredients.Coffee.&lt;init&gt;(Coffee.java:10)
	at uk.ac.sheffield.com1003.cafe.ingredients.Coffee.&lt;init&gt;(Coffee.java:10)
	at uk.ac.sheffield.com1003.cafe.ingredients.Coffee.&lt;init&gt;(Coffee.java:10)
	at uk.ac.sheffield.com1003.cafe.ingredients.Coffee.&lt;init&gt;(Coffee.java:10)
	at uk.ac.sheffield.com1003.cafe.ingredients.Coffee.&lt;init&gt;(Coffee.java:10)
	at uk.ac.sheffield.com1003.cafe.ingredients.Coffee.&lt;init&gt;(Coffee.java:10)
	at uk.ac.sheffield.com1003.cafe.ingredients.Coffee.&lt;init&gt;(Coffee.java:10)
	at uk.ac.sheffield.com1003.cafe.ingredients.Coffee.&lt;init&gt;(Coffee.java:10)
	at uk.ac.sheffield.com1003.cafe.ingredients.Coffee.&lt;init&gt;(Coffee.java:10)
	at uk.ac.sheffield.com1003.cafe.ingredients.Coffee.&lt;init&gt;(Coffee.java:10)
	at uk.ac.sheffield.com1003.cafe.ingredients.Coffee.&lt;init&gt;(Coffee.java:10)
	at uk.ac.sheffield.com1003.cafe.ingredients.Coffee.&lt;init&gt;(Coffee.java:10)
	at uk.ac.sheffield.com1003.cafe.ingredients.Coffee.&lt;init&gt;(Coffee.java:10)
	at uk.ac.sheffield.com1003.cafe.ingredients.Coffee.&lt;init&gt;(Coffee.java:10)
	at uk.ac.sheffield.com1003.cafe.ingredients.Coffee.&lt;init&gt;(Coffee.java:10)
	at uk.ac.sheffield.com1003.cafe.ingredients.Coffee.&lt;init&gt;(Coffee.java:10)
	at uk.ac.sheffield.com1003.cafe.ingredients.Coffee.&lt;init&gt;(Coffee.java:10)
	at uk.ac.sheffield.com1003.cafe.ingredients.Coffee.&lt;init&gt;(Coffee.java:10)
	at uk.ac.sheffield.com1003.cafe.ingredients.Coffee.&lt;init&gt;(Coffee.java:10)
	at uk.ac.sheffield.com1003.cafe.ingredients.Coffee.&lt;init&gt;(Coffee.java:10)
	at uk.ac.sheffield.com1003.cafe.ingredients.Coffee.&lt;init&gt;(Coffee.java:10)
	at uk.ac.sheffield.com1003.cafe.ingredients.Coffee.&lt;init&gt;(Coffee.java:10)
	at uk.ac.sheffield.com1003.cafe.ingredients.Coffee.&lt;init&gt;(Coffee.java:10)
	at uk.ac.sheffield.com1003.cafe.ingredients.Coffee.&lt;init&gt;(Coffee.java:10)
	at uk.ac.sheffield.com1003.cafe.ingredients.Coffee.&lt;init&gt;(Coffee.java:10)
	at uk.ac.sheffield.com1003.cafe.ingredients.Coffee.&lt;init&gt;(Coffee.java:10)
	at uk.ac.sheffield.com1003.cafe.ingredients.Coffee.&lt;init&gt;(Coffee.java:10)
	at uk.ac.sheffield.com1003.cafe.ingredients.Coffee.&lt;init&gt;(Coffee.java:10)
	at uk.ac.sheffield.com1003.cafe.ingredients.Coffee.&lt;init&gt;(Coffee.java:10)
	at uk.ac.sheffield.com1003.cafe.ingredients.Coffee.&lt;init&gt;(Coffee.java:10)
	at uk.ac.sheffield.com1003.cafe.ingredients.Coffee.&lt;init&gt;(Coffee.java:10)
	at uk.ac.sheffield.com1003.cafe.ingredients.Coffee.&lt;init&gt;(Coffee.java:10)
	at uk.ac.sheffield.com1003.cafe.ingredients.Coffee.&lt;init&gt;(Coffee.java:10)
	at uk.ac.sheffield.com1003.cafe.ingredients.Coffee.&lt;init&gt;(Coffee.java:10)
	at uk.ac.sheffield.com1003.cafe.ingredients.Coffee.&lt;init&gt;(Coffee.java:10)
	at uk.ac.sheffield.com1003.cafe.ingredients.Coffee.&lt;init&gt;(Coffee.java:10)
	at uk.ac.sheffield.com1003.cafe.ingredients.Coffee.&lt;init&gt;(Coffee.java:10)
	at uk.ac.sheffield.com1003.cafe.ingredients.Coffee.&lt;init&gt;(Coffee.java:10)
	at uk.ac.sheffield.com1003.cafe.ingredients.Coffee.&lt;init&gt;(Coffee.java:10)
	at uk.ac.sheffield.com1003.cafe.ingredients.Coffee.&lt;init&gt;(Coffee.java:10)
	at uk.ac.sheffield.com1003.cafe.ingredients.Coffee.&lt;init&gt;(Coffee.java:10)
	at uk.ac.sheffield.com1003.cafe.ingredients.Coffee.&lt;init&gt;(Coffee.java:10)
	at uk.ac.sheffield.com1003.cafe.ingredients.Coffee.&lt;init&gt;(Coffee.java:10)
	at uk.ac.sheffield.com1003.cafe.ingredients.Coffee.&lt;init&gt;(Coffee.java:10)
	at uk.ac.sheffield.com1003.cafe.ingredients.Coffee.&lt;init&gt;(Coffee.java:10)
	at uk.ac.sheffield.com1003.cafe.ingredients.Coffee.&lt;init&gt;(Coffee.java:10)
	at uk.ac.sheffield.com1003.cafe.ingredients.Coffee.&lt;init&gt;(Coffee.java:10)
	at uk.ac.sheffield.com1003.cafe.ingredients.Coffee.&lt;init&gt;(Coffee.java:10)
	at uk.ac.sheffield.com1003.cafe.ingredients.Coffee.&lt;init&gt;(Coffee.java:10)
	at uk.ac.sheffield.com1003.cafe.ingredients.Coffee.&lt;init&gt;(Coffee.java:10)
	at uk.ac.sheffield.com1003.cafe.ingredients.Coffee.&lt;init&gt;(Coffee.java:10)
	at uk.ac.sheffield.com1003.cafe.ingredients.Coffee.&lt;init&gt;(Coffee.java:10)
	at uk.ac.sheffield.com1003.cafe.ingredients.Coffee.&lt;init&gt;(Coffee.java:10)
	at uk.ac.sheffield.com1003.cafe.ingredients.Coffee.&lt;init&gt;(Coffee.java:10)
	at uk.ac.sheffield.com1003.cafe.ingredients.Coffee.&lt;init&gt;(Coffee.java:10)
	at uk.ac.sheffield.com1003.cafe.ingredients.Coffee.&lt;init&gt;(Coffee.java:10)
	at uk.ac.sheffield.com1003.cafe.ingredients.Coffee.&lt;init&gt;(Coffee.java:10)
	at uk.ac.sheffield.com1003.cafe.ingredients.Coffee.&lt;init&gt;(Coffee.java:10)
	at uk.ac.sheffield.com1003.cafe.ingredients.Coffee.&lt;init&gt;(Coffee.java:10)
	at uk.ac.sheffield.com1003.cafe.ingredients.Coffee.&lt;init&gt;(Coffee.java:10)
	at uk.ac.sheffield.com1003.cafe.ingredients.Coffee.&lt;init&gt;(Coffee.java:10)
	at uk.ac.sheffield.com1003.cafe.ingredients.Coffee.&lt;init&gt;(Coffee.java:10)
	at uk.ac.sheffield.com1003.cafe.ingredients.Coffee.&lt;init&gt;(Coffee.java:10)
	at uk.ac.sheffield.com1003.cafe.ingredients.Coffee.&lt;init&gt;(Coffee.java:10)
	at uk.ac.sheffield.com1003.cafe.ingredients.Coffee.&lt;init&gt;(Coffee.java:10)
	at uk.ac.sheffield.com1003.cafe.ingredients.Coffee.&lt;init&gt;(Coffee.java:10)
	at uk.ac.sheffield.com1003.cafe.ingredients.Coffee.&lt;init&gt;(Coffee.java:10)
	at uk.ac.sheffield.com1003.cafe.ingredients.Coffee.&lt;init&gt;(Coffee.java:10)
	at uk.ac.sheffield.com1003.cafe.ingredients.Coffee.&lt;init&gt;(Coffee.java:10)
	at uk.ac.sheffield.com1003.cafe.ingredients.Coffee.&lt;init&gt;(Coffee.java:10)
	at uk.ac.sheffield.com1003.cafe.ingredients.Coffee.&lt;init&gt;(Coffee.java:10)
	at uk.ac.sheffield.com1003.cafe.ingredients.Coffee.&lt;init&gt;(Coffee.java:10)
	at uk.ac.sheffield.com1003.cafe.ingredients.Coffee.&lt;init&gt;(Coffee.java:10)
	at uk.ac.sheffield.com1003.cafe.ingredients.Coffee.&lt;init&gt;(Coffee.java:10)
	at uk.ac.sheffield.com1003.cafe.ingredients.Coffee.&lt;init&gt;(Coffee.java:10)
	at uk.ac.sheffield.com1003.cafe.ingredients.Coffee.&lt;init&gt;(Coffee.java:10)
	at uk.ac.sheffield.com1003.cafe.ingredients.Coffee.&lt;init&gt;(Coffee.java:10)
	at uk.ac.sheffield.com1003.cafe.ingredients.Coffee.&lt;init&gt;(Coffee.java:10)
	at uk.ac.sheffield.com1003.cafe.ingredients.Coffee.&lt;init&gt;(Coffee.java:10)
	at uk.ac.sheffield.com1003.cafe.ingredients.Coffee.&lt;init&gt;(Coffee.java:10)
	at uk.ac.sheffield.com1003.cafe.ingredients.Coffee.&lt;init&gt;(Coffee.java:10)
	at uk.ac.sheffield.com1003.cafe.ingredients.Coffee.&lt;init&gt;(Coffee.java:10)
	at uk.ac.sheffield.com1003.cafe.ingredients.Coffee.&lt;init&gt;(Coffee.java:10)
	at uk.ac.sheffield.com1003.cafe.ingredients.Coffee.&lt;init&gt;(Coffee.java:10)
	at uk.ac.sheffield.com1003.cafe.ingredients.Coffee.&lt;init&gt;(Coffee.java:10)
	at uk.ac.sheffield.com1003.cafe.ingredients.Coffee.&lt;init&gt;(Coffee.java:10)
	at uk.ac.sheffield.com1003.cafe.ingredients.Coffee.&lt;init&gt;(Coffee.java:10)
	at uk.ac.sheffield.com1003.cafe.ingredients.Coffee.&lt;init&gt;(Coffee.java:10)
	at uk.ac.sheffield.com1003.cafe.ingredients.Coffee.&lt;init&gt;(Coffee.java:10)
	at uk.ac.sheffield.com1003.cafe.ingredients.Coffee.&lt;init&gt;(Coffee.java:10)
	at uk.ac.sheffield.com1003.cafe.ingredients.Coffee.&lt;init&gt;(Coffee.java:10)
	at uk.ac.sheffield.com1003.cafe.ingredients.Coffee.&lt;init&gt;(Coffee.java:10)
	at uk.ac.sheffield.com1003.cafe.ingredients.Coffee.&lt;init&gt;(Coffee.java:10)
	at uk.ac.sheffield.com1003.cafe.ingredients.Coffee.&lt;init&gt;(Coffee.java:10)
	at uk.ac.sheffield.com1003.cafe.ingredients.Coffee.&lt;init&gt;(Coffee.java:10)
	at uk.ac.sheffield.com1003.cafe.ingredients.Coffee.&lt;init&gt;(Coffee.java:10)
	at uk.ac.sheffield.com1003.cafe.ingredients.Coffee.&lt;init&gt;(Coffee.java:10)
	at uk.ac.sheffield.com1003.cafe.ingredients.Coffee.&lt;init&gt;(Coffee.java:10)
	at uk.ac.sheffield.com1003.cafe.ingredients.Coffee.&lt;init&gt;(Coffee.java:10)
	at uk.ac.sheffield.com1003.cafe.ingredients.Coffee.&lt;init&gt;(Coffee.java:10)
	at uk.ac.sheffield.com1003.cafe.ingredients.Coffee.&lt;init&gt;(Coffee.java:10)
	at uk.ac.sheffield.com1003.cafe.ingredients.Coffee.&lt;init&gt;(Coffee.java:10)
	at uk.ac.sheffield.com1003.cafe.ingredients.Coffee.&lt;init&gt;(Coffee.java:10)
	at uk.ac.sheffield.com1003.cafe.ingredients.Coffee.&lt;init&gt;(Coffee.java:10)
	at uk.ac.sheffield.com1003.cafe.ingredients.Coffee.&lt;init&gt;(Coffee.java:10)
	at uk.ac.sheffield.com1003.cafe.ingredients.Coffee.&lt;init&gt;(Coffee.java:10)
	at uk.ac.sheffield.com1003.cafe.ingredients.Coffee.&lt;init&gt;(Coffee.java:10)
	at uk.ac.sheffield.com1003.cafe.ingredients.Coffee.&lt;init&gt;(Coffee.java:10)
	at uk.ac.sheffield.com1003.cafe.ingredients.Coffee.&lt;init&gt;(Coffee.java:10)
	at uk.ac.sheffield.com1003.cafe.ingredients.Coffee.&lt;init&gt;(Coffee.java:10)
	at uk.ac.sheffield.com1003.cafe.ingredients.Coffee.&lt;init&gt;(Coffee.java:10)
	at uk.ac.sheffield.com1003.cafe.ingredients.Coffee.&lt;init&gt;(Coffee.java:10)
	at uk.ac.sheffield.com1003.cafe.ingredients.Coffee.&lt;init&gt;(Coffee.java:10)
	at uk.ac.sheffield.com1003.cafe.ingredients.Coffee.&lt;init&gt;(Coffee.java:10)
	at uk.ac.sheffield.com1003.cafe.ingredients.Coffee.&lt;init&gt;(Coffee.java:10)
	at uk.ac.sheffield.com1003.cafe.ingredients.Coffee.&lt;init&gt;(Coffee.java:10)
	at uk.ac.sheffield.com1003.cafe.ingredients.Coffee.&lt;init&gt;(Coffee.java:10)
	at uk.ac.sheffield.com1003.cafe.ingredients.Coffee.&lt;init&gt;(Coffee.java:10)
	at uk.ac.sheffield.com1003.cafe.ingredients.Coffee.&lt;init&gt;(Coffee.java:10)
	at uk.ac.sheffield.com1003.cafe.ingredients.Coffee.&lt;init&gt;(Coffee.java:10)
	at uk.ac.sheffield.com1003.cafe.ingredients.Coffee.&lt;init&gt;(Coffee.java:10)
	at uk.ac.sheffield.com1003.cafe.ingredients.Coffee.&lt;init&gt;(Coffee.java:10)
	at uk.ac.sheffield.com1003.cafe.ingredients.Coffee.&lt;init&gt;(Coffee.java:10)
	at uk.ac.sheffield.com1003.cafe.ingredients.Coffee.&lt;init&gt;(Coffee.java:10)
	at uk.ac.sheffield.com1003.cafe.ingredients.Coffee.&lt;init&gt;(Coffee.java:10)
	at uk.ac.sheffield.com1003.cafe.ingredients.Coffee.&lt;init&gt;(Coffee.java:10)
	at uk.ac.sheffield.com1003.cafe.ingredients.Coffee.&lt;init&gt;(Coffee.java:10)
	at uk.ac.sheffield.com1003.cafe.ingredients.Coffee.&lt;init&gt;(Coffee.java:10)
	at uk.ac.sheffield.com1003.cafe.ingredients.Coffee.&lt;init&gt;(Coffee.java:10)
	at uk.ac.sheffield.com1003.cafe.ingredients.Coffee.&lt;init&gt;(Coffee.java:10)
	at uk.ac.sheffield.com1003.cafe.ingredients.Coffee.&lt;init&gt;(Coffee.java:10)
	at uk.ac.sheffield.com1003.cafe.ingredients.Coffee.&lt;init&gt;(Coffee.java:10)
	at uk.ac.sheffield.com1003.cafe.ingredients.Coffee.&lt;init&gt;(Coffee.java:10)
	at uk.ac.sheffield.com1003.cafe.ingredients.Coffee.&lt;init&gt;(Coffee.java:10)
	at uk.ac.sheffield.com1003.cafe.ingredients.Coffee.&lt;init&gt;(Coffee.java:10)
	at uk.ac.sheffield.com1003.cafe.ingredients.Coffee.&lt;init&gt;(Coffee.java:10)
	at uk.ac.sheffield.com1003.cafe.ingredients.Coffee.&lt;init&gt;(Coffee.java:10)
	at uk.ac.sheffield.com1003.cafe.ingredients.Coffee.&lt;init&gt;(Coffee.java:10)
	at uk.ac.sheffield.com1003.cafe.ingredients.Coffee.&lt;init&gt;(Coffee.java:10)
	at uk.ac.sheffield.com1003.cafe.ingredients.Coffee.&lt;init&gt;(Coffee.java:10)
	at uk.ac.sheffield.com1003.cafe.ingredients.Coffee.&lt;init&gt;(Coffee.java:10)
	at uk.ac.sheffield.com1003.cafe.ingredients.Coffee.&lt;init&gt;(Coffee.java:10)
	at uk.ac.sheffield.com1003.cafe.ingredients.Coffee.&lt;init&gt;(Coffee.java:10)
	at uk.ac.sheffield.com1003.cafe.ingredients.Coffee.&lt;init&gt;(Coffee.java:10)
	at uk.ac.sheffield.com1003.cafe.ingredients.Coffee.&lt;init&gt;(Coffee.java:10)
	at uk.ac.sheffield.com1003.cafe.ingredients.Coffee.&lt;init&gt;(Coffee.java:10)
	at uk.ac.sheffield.com1003.cafe.ingredients.Coffee.&lt;init&gt;(Coffee.java:10)
	at uk.ac.sheffield.com1003.cafe.ingredients.Coffee.&lt;init&gt;(Coffee.java:10)
	at uk.ac.sheffield.com1003.cafe.ingredients.Coffee.&lt;init&gt;(Coffee.java:10)
	at uk.ac.sheffield.com1003.cafe.ingredients.Coffee.&lt;init&gt;(Coffee.java:10)
	at uk.ac.sheffield.com1003.cafe.ingredients.Coffee.&lt;init&gt;(Coffee.java:10)
	at uk.ac.sheffield.com1003.cafe.ingredients.Coffee.&lt;init&gt;(Coffee.java:10)
	at uk.ac.sheffield.com1003.cafe.ingredients.Coffee.&lt;init&gt;(Coffee.java:10)
	at uk.ac.sheffield.com1003.cafe.ingredients.Coffee.&lt;init&gt;(Coffee.java:10)
	at uk.ac.sheffield.com1003.cafe.ingredients.Coffee.&lt;init&gt;(Coffee.java:10)
	at uk.ac.sheffield.com1003.cafe.ingredients.Coffee.&lt;init&gt;(Coffee.java:10)
	at uk.ac.sheffield.com1003.cafe.ingredients.Coffee.&lt;init&gt;(Coffee.java:10)
	at uk.ac.sheffield.com1003.cafe.ingredients.Coffee.&lt;init&gt;(Coffee.java:10)
	at uk.ac.sheffield.com1003.cafe.ingredients.Coffee.&lt;init&gt;(Coffee.java:10)
	at uk.ac.sheffield.com1003.cafe.ingredients.Coffee.&lt;init&gt;(Coffee.java:10)
	at uk.ac.sheffield.com1003.cafe.ingredients.Coffee.&lt;init&gt;(Coffee.java:10)
	at uk.ac.sheffield.com1003.cafe.ingredients.Coffee.&lt;init&gt;(Coffee.java:10)
	at uk.ac.sheffield.com1003.cafe.ingredients.Coffee.&lt;init&gt;(Coffee.java:10)
	at uk.ac.sheffield.com1003.cafe.ingredients.Coffee.&lt;init&gt;(Coffee.java:10)
	at uk.ac.sheffield.com1003.cafe.ingredients.Coffee.&lt;init&gt;(Coffee.java:10)
	at uk.ac.sheffield.com1003.cafe.ingredients.Coffee.&lt;init&gt;(Coffee.java:10)
	at uk.ac.sheffield.com1003.cafe.ingredients.Coffee.&lt;init&gt;(Coffee.java:10)
	at uk.ac.sheffield.com1003.cafe.ingredients.Coffee.&lt;init&gt;(Coffee.java:10)
	at uk.ac.sheffield.com1003.cafe.ingredients.Coffee.&lt;init&gt;(Coffee.java:10)
	at uk.ac.sheffield.com1003.cafe.ingredients.Coffee.&lt;init&gt;(Coffee.java:10)
	at uk.ac.sheffield.com1003.cafe.ingredients.Coffee.&lt;init&gt;(Coffee.java:10)
	at uk.ac.sheffield.com1003.cafe.ingredients.Coffee.&lt;init&gt;(Coffee.java:10)
	at uk.ac.sheffield.com1003.cafe.ingredients.Coffee.&lt;init&gt;(Coffee.java:10)
	at uk.ac.sheffield.com1003.cafe.ingredients.Coffee.&lt;init&gt;(Coffee.java:10)
	at uk.ac.sheffield.com1003.cafe.ingredients.Coffee.&lt;init&gt;(Coffee.java:10)
	at uk.ac.sheffield.com1003.cafe.ingredients.Coffee.&lt;init&gt;(Coffee.java:10)
	at uk.ac.sheffield.com1003.cafe.ingredients.Coffee.&lt;init&gt;(Coffee.java:10)
	at uk.ac.sheffield.com1003.cafe.ingredients.Coffee.&lt;init&gt;(Coffee.java:10)
	at uk.ac.sheffield.com1003.cafe.ingredients.Coffee.&lt;init&gt;(Coffee.java:10)
	at uk.ac.sheffield.com1003.cafe.ingredients.Coffee.&lt;init&gt;(Coffee.java:10)
	at uk.ac.sheffield.com1003.cafe.ingredients.Coffee.&lt;init&gt;(Coffee.java:10)
	at uk.ac.sheffield.com1003.cafe.ingredients.Coffee.&lt;init&gt;(Coffee.java:10)
	at uk.ac.sheffield.com1003.cafe.ingredients.Coffee.&lt;init&gt;(Coffee.java:10)
	at uk.ac.sheffield.com1003.cafe.ingredients.Coffee.&lt;init&gt;(Coffee.java:10)
	at uk.ac.sheffield.com1003.cafe.ingredients.Coffee.&lt;init&gt;(Coffee.java:10)
	at uk.ac.sheffield.com1003.cafe.ingredients.Coffee.&lt;init&gt;(Coffee.java:10)
	at uk.ac.sheffield.com1003.cafe.ingredients.Coffee.&lt;init&gt;(Coffee.java:10)
	at uk.ac.sheffield.com1003.cafe.ingredients.Coffee.&lt;init&gt;(Coffee.java:10)
	at uk.ac.sheffield.com1003.cafe.ingredients.Coffee.&lt;init&gt;(Coffee.java:10)
	at uk.ac.sheffield.com1003.cafe.ingredients.Coffee.&lt;init&gt;(Coffee.java:10)
	at uk.ac.sheffield.com1003.cafe.ingredients.Coffee.&lt;init&gt;(Coffee.java:10)
</failure>
  </testcase>
  <testcase name="testRecipeEqualsNull" classname="uk.ac.sheffield.com1003.cafe.TestCafeTask5" time="0.004">
    <failure message="java.lang.StackOverflowError" type="java.lang.StackOverflowError">java.lang.StackOverflowError
	at uk.ac.sheffield.com1003.cafe.ingredients.Coffee.&lt;init&gt;(Coffee.java:10)
	at uk.ac.sheffield.com1003.cafe.ingredients.Coffee.&lt;init&gt;(Coffee.java:10)
	at uk.ac.sheffield.com1003.cafe.ingredients.Coffee.&lt;init&gt;(Coffee.java:10)
	at uk.ac.sheffield.com1003.cafe.ingredients.Coffee.&lt;init&gt;(Coffee.java:10)
	at uk.ac.sheffield.com1003.cafe.ingredients.Coffee.&lt;init&gt;(Coffee.java:10)
	at uk.ac.sheffield.com1003.cafe.ingredients.Coffee.&lt;init&gt;(Coffee.java:10)
	at uk.ac.sheffield.com1003.cafe.ingredients.Coffee.&lt;init&gt;(Coffee.java:10)
	at uk.ac.sheffield.com1003.cafe.ingredients.Coffee.&lt;init&gt;(Coffee.java:10)
	at uk.ac.sheffield.com1003.cafe.ingredients.Coffee.&lt;init&gt;(Coffee.java:10)
	at uk.ac.sheffield.com1003.cafe.ingredients.Coffee.&lt;init&gt;(Coffee.java:10)
	at uk.ac.sheffield.com1003.cafe.ingredients.Coffee.&lt;init&gt;(Coffee.java:10)
	at uk.ac.sheffield.com1003.cafe.ingredients.Coffee.&lt;init&gt;(Coffee.java:10)
	at uk.ac.sheffield.com1003.cafe.ingredients.Coffee.&lt;init&gt;(Coffee.java:10)
	at uk.ac.sheffield.com1003.cafe.ingredients.Coffee.&lt;init&gt;(Coffee.java:10)
	at uk.ac.sheffield.com1003.cafe.ingredients.Coffee.&lt;init&gt;(Coffee.java:10)
	at uk.ac.sheffield.com1003.cafe.ingredients.Coffee.&lt;init&gt;(Coffee.java:10)
	at uk.ac.sheffield.com1003.cafe.ingredients.Coffee.&lt;init&gt;(Coffee.java:10)
	at uk.ac.sheffield.com1003.cafe.ingredients.Coffee.&lt;init&gt;(Coffee.java:10)
	at uk.ac.sheffield.com1003.cafe.ingredients.Coffee.&lt;init&gt;(Coffee.java:10)
	at uk.ac.sheffield.com1003.cafe.ingredients.Coffee.&lt;init&gt;(Coffee.java:10)
	at uk.ac.sheffield.com1003.cafe.ingredients.Coffee.&lt;init&gt;(Coffee.java:10)
	at uk.ac.sheffield.com1003.cafe.ingredients.Coffee.&lt;init&gt;(Coffee.java:10)
	at uk.ac.sheffield.com1003.cafe.ingredients.Coffee.&lt;init&gt;(Coffee.java:10)
	at uk.ac.sheffield.com1003.cafe.ingredients.Coffee.&lt;init&gt;(Coffee.java:10)
	at uk.ac.sheffield.com1003.cafe.ingredients.Coffee.&lt;init&gt;(Coffee.java:10)
	at uk.ac.sheffield.com1003.cafe.ingredients.Coffee.&lt;init&gt;(Coffee.java:10)
	at uk.ac.sheffield.com1003.cafe.ingredients.Coffee.&lt;init&gt;(Coffee.java:10)
	at uk.ac.sheffield.com1003.cafe.ingredients.Coffee.&lt;init&gt;(Coffee.java:10)
	at uk.ac.sheffield.com1003.cafe.ingredients.Coffee.&lt;init&gt;(Coffee.java:10)
	at uk.ac.sheffield.com1003.cafe.ingredients.Coffee.&lt;init&gt;(Coffee.java:10)
	at uk.ac.sheffield.com1003.cafe.ingredients.Coffee.&lt;init&gt;(Coffee.java:10)
	at uk.ac.sheffield.com1003.cafe.ingredients.Coffee.&lt;init&gt;(Coffee.java:10)
	at uk.ac.sheffield.com1003.cafe.ingredients.Coffee.&lt;init&gt;(Coffee.java:10)
	at uk.ac.sheffield.com1003.cafe.ingredients.Coffee.&lt;init&gt;(Coffee.java:10)
	at uk.ac.sheffield.com1003.cafe.ingredients.Coffee.&lt;init&gt;(Coffee.java:10)
	at uk.ac.sheffield.com1003.cafe.ingredients.Coffee.&lt;init&gt;(Coffee.java:10)
	at uk.ac.sheffield.com1003.cafe.ingredients.Coffee.&lt;init&gt;(Coffee.java:10)
	at uk.ac.sheffield.com1003.cafe.ingredients.Coffee.&lt;init&gt;(Coffee.java:10)
	at uk.ac.sheffield.com1003.cafe.ingredients.Coffee.&lt;init&gt;(Coffee.java:10)
	at uk.ac.sheffield.com1003.cafe.ingredients.Coffee.&lt;init&gt;(Coffee.java:10)
	at uk.ac.sheffield.com1003.cafe.ingredients.Coffee.&lt;init&gt;(Coffee.java:10)
	at uk.ac.sheffield.com1003.cafe.ingredients.Coffee.&lt;init&gt;(Coffee.java:10)
	at uk.ac.sheffield.com1003.cafe.ingredients.Coffee.&lt;init&gt;(Coffee.java:10)
	at uk.ac.sheffield.com1003.cafe.ingredients.Coffee.&lt;init&gt;(Coffee.java:10)
	at uk.ac.sheffield.com1003.cafe.ingredients.Coffee.&lt;init&gt;(Coffee.java:10)
	at uk.ac.sheffield.com1003.cafe.ingredients.Coffee.&lt;init&gt;(Coffee.java:10)
	at uk.ac.sheffield.com1003.cafe.ingredients.Coffee.&lt;init&gt;(Coffee.java:10)
	at uk.ac.sheffield.com1003.cafe.ingredients.Coffee.&lt;init&gt;(Coffee.java:10)
	at uk.ac.sheffield.com1003.cafe.ingredients.Coffee.&lt;init&gt;(Coffee.java:10)
	at uk.ac.sheffield.com1003.cafe.ingredients.Coffee.&lt;init&gt;(Coffee.java:10)
	at uk.ac.sheffield.com1003.cafe.ingredients.Coffee.&lt;init&gt;(Coffee.java:10)
	at uk.ac.sheffield.com1003.cafe.ingredients.Coffee.&lt;init&gt;(Coffee.java:10)
	at uk.ac.sheffield.com1003.cafe.ingredients.Coffee.&lt;init&gt;(Coffee.java:10)
	at uk.ac.sheffield.com1003.cafe.ingredients.Coffee.&lt;init&gt;(Coffee.java:10)
	at uk.ac.sheffield.com1003.cafe.ingredients.Coffee.&lt;init&gt;(Coffee.java:10)
	at uk.ac.sheffield.com1003.cafe.ingredients.Coffee.&lt;init&gt;(Coffee.java:10)
	at uk.ac.sheffield.com1003.cafe.ingredients.Coffee.&lt;init&gt;(Coffee.java:10)
	at uk.ac.sheffield.com1003.cafe.ingredients.Coffee.&lt;init&gt;(Coffee.java:10)
	at uk.ac.sheffield.com1003.cafe.ingredients.Coffee.&lt;init&gt;(Coffee.java:10)
	at uk.ac.sheffield.com1003.cafe.ingredients.Coffee.&lt;init&gt;(Coffee.java:10)
	at uk.ac.sheffield.com1003.cafe.ingredients.Coffee.&lt;init&gt;(Coffee.java:10)
	at uk.ac.sheffield.com1003.cafe.ingredients.Coffee.&lt;init&gt;(Coffee.java:10)
	at uk.ac.sheffield.com1003.cafe.ingredients.Coffee.&lt;init&gt;(Coffee.java:10)
	at uk.ac.sheffield.com1003.cafe.ingredients.Coffee.&lt;init&gt;(Coffee.java:10)
	at uk.ac.sheffield.com1003.cafe.ingredients.Coffee.&lt;init&gt;(Coffee.java:10)
	at uk.ac.sheffield.com1003.cafe.ingredients.Coffee.&lt;init&gt;(Coffee.java:10)
	at uk.ac.sheffield.com1003.cafe.ingredients.Coffee.&lt;init&gt;(Coffee.java:10)
	at uk.ac.sheffield.com1003.cafe.ingredients.Coffee.&lt;init&gt;(Coffee.java:10)
	at uk.ac.sheffield.com1003.cafe.ingredients.Coffee.&lt;init&gt;(Coffee.java:10)
	at uk.ac.sheffield.com1003.cafe.ingredients.Coffee.&lt;init&gt;(Coffee.java:10)
	at uk.ac.sheffield.com1003.cafe.ingredients.Coffee.&lt;init&gt;(Coffee.java:10)
	at uk.ac.sheffield.com1003.cafe.ingredients.Coffee.&lt;init&gt;(Coffee.java:10)
	at uk.ac.sheffield.com1003.cafe.ingredients.Coffee.&lt;init&gt;(Coffee.java:10)
	at uk.ac.sheffield.com1003.cafe.ingredients.Coffee.&lt;init&gt;(Coffee.java:10)
	at uk.ac.sheffield.com1003.cafe.ingredients.Coffee.&lt;init&gt;(Coffee.java:10)
	at uk.ac.sheffield.com1003.cafe.ingredients.Coffee.&lt;init&gt;(Coffee.java:10)
	at uk.ac.sheffield.com1003.cafe.ingredients.Coffee.&lt;init&gt;(Coffee.java:10)
	at uk.ac.sheffield.com1003.cafe.ingredients.Coffee.&lt;init&gt;(Coffee.java:10)
	at uk.ac.sheffield.com1003.cafe.ingredients.Coffee.&lt;init&gt;(Coffee.java:10)
	at uk.ac.sheffield.com1003.cafe.ingredients.Coffee.&lt;init&gt;(Coffee.java:10)
	at uk.ac.sheffield.com1003.cafe.ingredients.Coffee.&lt;init&gt;(Coffee.java:10)
	at uk.ac.sheffield.com1003.cafe.ingredients.Coffee.&lt;init&gt;(Coffee.java:10)
	at uk.ac.sheffield.com1003.cafe.ingredients.Coffee.&lt;init&gt;(Coffee.java:10)
	at uk.ac.sheffield.com1003.cafe.ingredients.Coffee.&lt;init&gt;(Coffee.java:10)
	at uk.ac.sheffield.com1003.cafe.ingredients.Coffee.&lt;init&gt;(Coffee.java:10)
	at uk.ac.sheffield.com1003.cafe.ingredients.Coffee.&lt;init&gt;(Coffee.java:10)
	at uk.ac.sheffield.com1003.cafe.ingredients.Coffee.&lt;init&gt;(Coffee.java:10)
	at uk.ac.sheffield.com1003.cafe.ingredients.Coffee.&lt;init&gt;(Coffee.java:10)
	at uk.ac.sheffield.com1003.cafe.ingredients.Coffee.&lt;init&gt;(Coffee.java:10)
	at uk.ac.sheffield.com1003.cafe.ingredients.Coffee.&lt;init&gt;(Coffee.java:10)
	at uk.ac.sheffield.com1003.cafe.ingredients.Coffee.&lt;init&gt;(Coffee.java:10)
	at uk.ac.sheffield.com1003.cafe.ingredients.Coffee.&lt;init&gt;(Coffee.java:10)
	at uk.ac.sheffield.com1003.cafe.ingredients.Coffee.&lt;init&gt;(Coffee.java:10)
	at uk.ac.sheffield.com1003.cafe.ingredients.Coffee.&lt;init&gt;(Coffee.java:10)
	at uk.ac.sheffield.com1003.cafe.ingredients.Coffee.&lt;init&gt;(Coffee.java:10)
	at uk.ac.sheffield.com1003.cafe.ingredients.Coffee.&lt;init&gt;(Coffee.java:10)
	at uk.ac.sheffield.com1003.cafe.ingredients.Coffee.&lt;init&gt;(Coffee.java:10)
	at uk.ac.sheffield.com1003.cafe.ingredients.Coffee.&lt;init&gt;(Coffee.java:10)
	at uk.ac.sheffield.com1003.cafe.ingredients.Coffee.&lt;init&gt;(Coffee.java:10)
	at uk.ac.sheffield.com1003.cafe.ingredients.Coffee.&lt;init&gt;(Coffee.java:10)
	at uk.ac.sheffield.com1003.cafe.ingredients.Coffee.&lt;init&gt;(Coffee.java:10)
	at uk.ac.sheffield.com1003.cafe.ingredients.Coffee.&lt;init&gt;(Coffee.java:10)
	at uk.ac.sheffield.com1003.cafe.ingredients.Coffee.&lt;init&gt;(Coffee.java:10)
	at uk.ac.sheffield.com1003.cafe.ingredients.Coffee.&lt;init&gt;(Coffee.java:10)
	at uk.ac.sheffield.com1003.cafe.ingredients.Coffee.&lt;init&gt;(Coffee.java:10)
	at uk.ac.sheffield.com1003.cafe.ingredients.Coffee.&lt;init&gt;(Coffee.java:10)
	at uk.ac.sheffield.com1003.cafe.ingredients.Coffee.&lt;init&gt;(Coffee.java:10)
	at uk.ac.sheffield.com1003.cafe.ingredients.Coffee.&lt;init&gt;(Coffee.java:10)
	at uk.ac.sheffield.com1003.cafe.ingredients.Coffee.&lt;init&gt;(Coffee.java:10)
	at uk.ac.sheffield.com1003.cafe.ingredients.Coffee.&lt;init&gt;(Coffee.java:10)
	at uk.ac.sheffield.com1003.cafe.ingredients.Coffee.&lt;init&gt;(Coffee.java:10)
	at uk.ac.sheffield.com1003.cafe.ingredients.Coffee.&lt;init&gt;(Coffee.java:10)
	at uk.ac.sheffield.com1003.cafe.ingredients.Coffee.&lt;init&gt;(Coffee.java:10)
	at uk.ac.sheffield.com1003.cafe.ingredients.Coffee.&lt;init&gt;(Coffee.java:10)
	at uk.ac.sheffield.com1003.cafe.ingredients.Coffee.&lt;init&gt;(Coffee.java:10)
	at uk.ac.sheffield.com1003.cafe.ingredients.Coffee.&lt;init&gt;(Coffee.java:10)
	at uk.ac.sheffield.com1003.cafe.ingredients.Coffee.&lt;init&gt;(Coffee.java:10)
	at uk.ac.sheffield.com1003.cafe.ingredients.Coffee.&lt;init&gt;(Coffee.java:10)
	at uk.ac.sheffield.com1003.cafe.ingredients.Coffee.&lt;init&gt;(Coffee.java:10)
	at uk.ac.sheffield.com1003.cafe.ingredients.Coffee.&lt;init&gt;(Coffee.java:10)
	at uk.ac.sheffield.com1003.cafe.ingredients.Coffee.&lt;init&gt;(Coffee.java:10)
	at uk.ac.sheffield.com1003.cafe.ingredients.Coffee.&lt;init&gt;(Coffee.java:10)
	at uk.ac.sheffield.com1003.cafe.ingredients.Coffee.&lt;init&gt;(Coffee.java:10)
	at uk.ac.sheffield.com1003.cafe.ingredients.Coffee.&lt;init&gt;(Coffee.java:10)
	at uk.ac.sheffield.com1003.cafe.ingredients.Coffee.&lt;init&gt;(Coffee.java:10)
	at uk.ac.sheffield.com1003.cafe.ingredients.Coffee.&lt;init&gt;(Coffee.java:10)
	at uk.ac.sheffield.com1003.cafe.ingredients.Coffee.&lt;init&gt;(Coffee.java:10)
	at uk.ac.sheffield.com1003.cafe.ingredients.Coffee.&lt;init&gt;(Coffee.java:10)
	at uk.ac.sheffield.com1003.cafe.ingredients.Coffee.&lt;init&gt;(Coffee.java:10)
	at uk.ac.sheffield.com1003.cafe.ingredients.Coffee.&lt;init&gt;(Coffee.java:10)
	at uk.ac.sheffield.com1003.cafe.ingredients.Coffee.&lt;init&gt;(Coffee.java:10)
	at uk.ac.sheffield.com1003.cafe.ingredients.Coffee.&lt;init&gt;(Coffee.java:10)
	at uk.ac.sheffield.com1003.cafe.ingredients.Coffee.&lt;init&gt;(Coffee.java:10)
	at uk.ac.sheffield.com1003.cafe.ingredients.Coffee.&lt;init&gt;(Coffee.java:10)
	at uk.ac.sheffield.com1003.cafe.ingredients.Coffee.&lt;init&gt;(Coffee.java:10)
	at uk.ac.sheffield.com1003.cafe.ingredients.Coffee.&lt;init&gt;(Coffee.java:10)
	at uk.ac.sheffield.com1003.cafe.ingredients.Coffee.&lt;init&gt;(Coffee.java:10)
	at uk.ac.sheffield.com1003.cafe.ingredients.Coffee.&lt;init&gt;(Coffee.java:10)
	at uk.ac.sheffield.com1003.cafe.ingredients.Coffee.&lt;init&gt;(Coffee.java:10)
	at uk.ac.sheffield.com1003.cafe.ingredients.Coffee.&lt;init&gt;(Coffee.java:10)
	at uk.ac.sheffield.com1003.cafe.ingredients.Coffee.&lt;init&gt;(Coffee.java:10)
	at uk.ac.sheffield.com1003.cafe.ingredients.Coffee.&lt;init&gt;(Coffee.java:10)
	at uk.ac.sheffield.com1003.cafe.ingredients.Coffee.&lt;init&gt;(Coffee.java:10)
	at uk.ac.sheffield.com1003.cafe.ingredients.Coffee.&lt;init&gt;(Coffee.java:10)
	at uk.ac.sheffield.com1003.cafe.ingredients.Coffee.&lt;init&gt;(Coffee.java:10)
	at uk.ac.sheffield.com1003.cafe.ingredients.Coffee.&lt;init&gt;(Coffee.java:10)
	at uk.ac.sheffield.com1003.cafe.ingredients.Coffee.&lt;init&gt;(Coffee.java:10)
	at uk.ac.sheffield.com1003.cafe.ingredients.Coffee.&lt;init&gt;(Coffee.java:10)
	at uk.ac.sheffield.com1003.cafe.ingredients.Coffee.&lt;init&gt;(Coffee.java:10)
	at uk.ac.sheffield.com1003.cafe.ingredients.Coffee.&lt;init&gt;(Coffee.java:10)
	at uk.ac.sheffield.com1003.cafe.ingredients.Coffee.&lt;init&gt;(Coffee.java:10)
	at uk.ac.sheffield.com1003.cafe.ingredients.Coffee.&lt;init&gt;(Coffee.java:10)
	at uk.ac.sheffield.com1003.cafe.ingredients.Coffee.&lt;init&gt;(Coffee.java:10)
	at uk.ac.sheffield.com1003.cafe.ingredients.Coffee.&lt;init&gt;(Coffee.java:10)
	at uk.ac.sheffield.com1003.cafe.ingredients.Coffee.&lt;init&gt;(Coffee.java:10)
	at uk.ac.sheffield.com1003.cafe.ingredients.Coffee.&lt;init&gt;(Coffee.java:10)
	at uk.ac.sheffield.com1003.cafe.ingredients.Coffee.&lt;init&gt;(Coffee.java:10)
	at uk.ac.sheffield.com1003.cafe.ingredients.Coffee.&lt;init&gt;(Coffee.java:10)
	at uk.ac.sheffield.com1003.cafe.ingredients.Coffee.&lt;init&gt;(Coffee.java:10)
	at uk.ac.sheffield.com1003.cafe.ingredients.Coffee.&lt;init&gt;(Coffee.java:10)
	at uk.ac.sheffield.com1003.cafe.ingredients.Coffee.&lt;init&gt;(Coffee.java:10)
	at uk.ac.sheffield.com1003.cafe.ingredients.Coffee.&lt;init&gt;(Coffee.java:10)
	at uk.ac.sheffield.com1003.cafe.ingredients.Coffee.&lt;init&gt;(Coffee.java:10)
	at uk.ac.sheffield.com1003.cafe.ingredients.Coffee.&lt;init&gt;(Coffee.java:10)
	at uk.ac.sheffield.com1003.cafe.ingredients.Coffee.&lt;init&gt;(Coffee.java:10)
	at uk.ac.sheffield.com1003.cafe.ingredients.Coffee.&lt;init&gt;(Coffee.java:10)
	at uk.ac.sheffield.com1003.cafe.ingredients.Coffee.&lt;init&gt;(Coffee.java:10)
	at uk.ac.sheffield.com1003.cafe.ingredients.Coffee.&lt;init&gt;(Coffee.java:10)
	at uk.ac.sheffield.com1003.cafe.ingredients.Coffee.&lt;init&gt;(Coffee.java:10)
	at uk.ac.sheffield.com1003.cafe.ingredients.Coffee.&lt;init&gt;(Coffee.java:10)
	at uk.ac.sheffield.com1003.cafe.ingredients.Coffee.&lt;init&gt;(Coffee.java:10)
	at uk.ac.sheffield.com1003.cafe.ingredients.Coffee.&lt;init&gt;(Coffee.java:10)
	at uk.ac.sheffield.com1003.cafe.ingredients.Coffee.&lt;init&gt;(Coffee.java:10)
	at uk.ac.sheffield.com1003.cafe.ingredients.Coffee.&lt;init&gt;(Coffee.java:10)
	at uk.ac.sheffield.com1003.cafe.ingredients.Coffee.&lt;init&gt;(Coffee.java:10)
	at uk.ac.sheffield.com1003.cafe.ingredients.Coffee.&lt;init&gt;(Coffee.java:10)
	at uk.ac.sheffield.com1003.cafe.ingredients.Coffee.&lt;init&gt;(Coffee.java:10)
	at uk.ac.sheffield.com1003.cafe.ingredients.Coffee.&lt;init&gt;(Coffee.java:10)
	at uk.ac.sheffield.com1003.cafe.ingredients.Coffee.&lt;init&gt;(Coffee.java:10)
	at uk.ac.sheffield.com1003.cafe.ingredients.Coffee.&lt;init&gt;(Coffee.java:10)
	at uk.ac.sheffield.com1003.cafe.ingredients.Coffee.&lt;init&gt;(Coffee.java:10)
	at uk.ac.sheffield.com1003.cafe.ingredients.Coffee.&lt;init&gt;(Coffee.java:10)
	at uk.ac.sheffield.com1003.cafe.ingredients.Coffee.&lt;init&gt;(Coffee.java:10)
	at uk.ac.sheffield.com1003.cafe.ingredients.Coffee.&lt;init&gt;(Coffee.java:10)
	at uk.ac.sheffield.com1003.cafe.ingredients.Coffee.&lt;init&gt;(Coffee.java:10)
	at uk.ac.sheffield.com1003.cafe.ingredients.Coffee.&lt;init&gt;(Coffee.java:10)
	at uk.ac.sheffield.com1003.cafe.ingredients.Coffee.&lt;init&gt;(Coffee.java:10)
	at uk.ac.sheffield.com1003.cafe.ingredients.Coffee.&lt;init&gt;(Coffee.java:10)
	at uk.ac.sheffield.com1003.cafe.ingredients.Coffee.&lt;init&gt;(Coffee.java:10)
	at uk.ac.sheffield.com1003.cafe.ingredients.Coffee.&lt;init&gt;(Coffee.java:10)
	at uk.ac.sheffield.com1003.cafe.ingredients.Coffee.&lt;init&gt;(Coffee.java:10)
	at uk.ac.sheffield.com1003.cafe.ingredients.Coffee.&lt;init&gt;(Coffee.java:10)
	at uk.ac.sheffield.com1003.cafe.ingredients.Coffee.&lt;init&gt;(Coffee.java:10)
	at uk.ac.sheffield.com1003.cafe.ingredients.Coffee.&lt;init&gt;(Coffee.java:10)
	at uk.ac.sheffield.com1003.cafe.ingredients.Coffee.&lt;init&gt;(Coffee.java:10)
	at uk.ac.sheffield.com1003.cafe.ingredients.Coffee.&lt;init&gt;(Coffee.java:10)
	at uk.ac.sheffield.com1003.cafe.ingredients.Coffee.&lt;init&gt;(Coffee.java:10)
	at uk.ac.sheffield.com1003.cafe.ingredients.Coffee.&lt;init&gt;(Coffee.java:10)
	at uk.ac.sheffield.com1003.cafe.ingredients.Coffee.&lt;init&gt;(Coffee.java:10)
	at uk.ac.sheffield.com1003.cafe.ingredients.Coffee.&lt;init&gt;(Coffee.java:10)
	at uk.ac.sheffield.com1003.cafe.ingredients.Coffee.&lt;init&gt;(Coffee.java:10)
	at uk.ac.sheffield.com1003.cafe.ingredients.Coffee.&lt;init&gt;(Coffee.java:10)
	at uk.ac.sheffield.com1003.cafe.ingredients.Coffee.&lt;init&gt;(Coffee.java:10)
	at uk.ac.sheffield.com1003.cafe.ingredients.Coffee.&lt;init&gt;(Coffee.java:10)
	at uk.ac.sheffield.com1003.cafe.ingredients.Coffee.&lt;init&gt;(Coffee.java:10)
	at uk.ac.sheffield.com1003.cafe.ingredients.Coffee.&lt;init&gt;(Coffee.java:10)
	at uk.ac.sheffield.com1003.cafe.ingredients.Coffee.&lt;init&gt;(Coffee.java:10)
	at uk.ac.sheffield.com1003.cafe.ingredients.Coffee.&lt;init&gt;(Coffee.java:10)
	at uk.ac.sheffield.com1003.cafe.ingredients.Coffee.&lt;init&gt;(Coffee.java:10)
	at uk.ac.sheffield.com1003.cafe.ingredients.Coffee.&lt;init&gt;(Coffee.java:10)
	at uk.ac.sheffield.com1003.cafe.ingredients.Coffee.&lt;init&gt;(Coffee.java:10)
	at uk.ac.sheffield.com1003.cafe.ingredients.Coffee.&lt;init&gt;(Coffee.java:10)
	at uk.ac.sheffield.com1003.cafe.ingredients.Coffee.&lt;init&gt;(Coffee.java:10)
	at uk.ac.sheffield.com1003.cafe.ingredients.Coffee.&lt;init&gt;(Coffee.java:10)
	at uk.ac.sheffield.com1003.cafe.ingredients.Coffee.&lt;init&gt;(Coffee.java:10)
	at uk.ac.sheffield.com1003.cafe.ingredients.Coffee.&lt;init&gt;(Coffee.java:10)
	at uk.ac.sheffield.com1003.cafe.ingredients.Coffee.&lt;init&gt;(Coffee.java:10)
	at uk.ac.sheffield.com1003.cafe.ingredients.Coffee.&lt;init&gt;(Coffee.java:10)
	at uk.ac.sheffield.com1003.cafe.ingredients.Coffee.&lt;init&gt;(Coffee.java:10)
	at uk.ac.sheffield.com1003.cafe.ingredients.Coffee.&lt;init&gt;(Coffee.java:10)
	at uk.ac.sheffield.com1003.cafe.ingredients.Coffee.&lt;init&gt;(Coffee.java:10)
	at uk.ac.sheffield.com1003.cafe.ingredients.Coffee.&lt;init&gt;(Coffee.java:10)
	at uk.ac.sheffield.com1003.cafe.ingredients.Coffee.&lt;init&gt;(Coffee.java:10)
	at uk.ac.sheffield.com1003.cafe.ingredients.Coffee.&lt;init&gt;(Coffee.java:10)
	at uk.ac.sheffield.com1003.cafe.ingredients.Coffee.&lt;init&gt;(Coffee.java:10)
	at uk.ac.sheffield.com1003.cafe.ingredients.Coffee.&lt;init&gt;(Coffee.java:10)
	at uk.ac.sheffield.com1003.cafe.ingredients.Coffee.&lt;init&gt;(Coffee.java:10)
	at uk.ac.sheffield.com1003.cafe.ingredients.Coffee.&lt;init&gt;(Coffee.java:10)
	at uk.ac.sheffield.com1003.cafe.ingredients.Coffee.&lt;init&gt;(Coffee.java:10)
	at uk.ac.sheffield.com1003.cafe.ingredients.Coffee.&lt;init&gt;(Coffee.java:10)
	at uk.ac.sheffield.com1003.cafe.ingredients.Coffee.&lt;init&gt;(Coffee.java:10)
	at uk.ac.sheffield.com1003.cafe.ingredients.Coffee.&lt;init&gt;(Coffee.java:10)
	at uk.ac.sheffield.com1003.cafe.ingredients.Coffee.&lt;init&gt;(Coffee.java:10)
	at uk.ac.sheffield.com1003.cafe.ingredients.Coffee.&lt;init&gt;(Coffee.java:10)
	at uk.ac.sheffield.com1003.cafe.ingredients.Coffee.&lt;init&gt;(Coffee.java:10)
	at uk.ac.sheffield.com1003.cafe.ingredients.Coffee.&lt;init&gt;(Coffee.java:10)
	at uk.ac.sheffield.com1003.cafe.ingredients.Coffee.&lt;init&gt;(Coffee.java:10)
	at uk.ac.sheffield.com1003.cafe.ingredients.Coffee.&lt;init&gt;(Coffee.java:10)
	at uk.ac.sheffield.com1003.cafe.ingredients.Coffee.&lt;init&gt;(Coffee.java:10)
	at uk.ac.sheffield.com1003.cafe.ingredients.Coffee.&lt;init&gt;(Coffee.java:10)
	at uk.ac.sheffield.com1003.cafe.ingredients.Coffee.&lt;init&gt;(Coffee.java:10)
	at uk.ac.sheffield.com1003.cafe.ingredients.Coffee.&lt;init&gt;(Coffee.java:10)
	at uk.ac.sheffield.com1003.cafe.ingredients.Coffee.&lt;init&gt;(Coffee.java:10)
	at uk.ac.sheffield.com1003.cafe.ingredients.Coffee.&lt;init&gt;(Coffee.java:10)
	at uk.ac.sheffield.com1003.cafe.ingredients.Coffee.&lt;init&gt;(Coffee.java:10)
	at uk.ac.sheffield.com1003.cafe.ingredients.Coffee.&lt;init&gt;(Coffee.java:10)
	at uk.ac.sheffield.com1003.cafe.ingredients.Coffee.&lt;init&gt;(Coffee.java:10)
	at uk.ac.sheffield.com1003.cafe.ingredients.Coffee.&lt;init&gt;(Coffee.java:10)
	at uk.ac.sheffield.com1003.cafe.ingredients.Coffee.&lt;init&gt;(Coffee.java:10)
	at uk.ac.sheffield.com1003.cafe.ingredients.Coffee.&lt;init&gt;(Coffee.java:10)
	at uk.ac.sheffield.com1003.cafe.ingredients.Coffee.&lt;init&gt;(Coffee.java:10)
	at uk.ac.sheffield.com1003.cafe.ingredients.Coffee.&lt;init&gt;(Coffee.java:10)
	at uk.ac.sheffield.com1003.cafe.ingredients.Coffee.&lt;init&gt;(Coffee.java:10)
	at uk.ac.sheffield.com1003.cafe.ingredients.Coffee.&lt;init&gt;(Coffee.java:10)
	at uk.ac.sheffield.com1003.cafe.ingredients.Coffee.&lt;init&gt;(Coffee.java:10)
	at uk.ac.sheffield.com1003.cafe.ingredients.Coffee.&lt;init&gt;(Coffee.java:10)
	at uk.ac.sheffield.com1003.cafe.ingredients.Coffee.&lt;init&gt;(Coffee.java:10)
	at uk.ac.sheffield.com1003.cafe.ingredients.Coffee.&lt;init&gt;(Coffee.java:10)
	at uk.ac.sheffield.com1003.cafe.ingredients.Coffee.&lt;init&gt;(Coffee.java:10)
	at uk.ac.sheffield.com1003.cafe.ingredients.Coffee.&lt;init&gt;(Coffee.java:10)
	at uk.ac.sheffield.com1003.cafe.ingredients.Coffee.&lt;init&gt;(Coffee.java:10)
	at uk.ac.sheffield.com1003.cafe.ingredients.Coffee.&lt;init&gt;(Coffee.java:10)
	at uk.ac.sheffield.com1003.cafe.ingredients.Coffee.&lt;init&gt;(Coffee.java:10)
	at uk.ac.sheffield.com1003.cafe.ingredients.Coffee.&lt;init&gt;(Coffee.java:10)
	at uk.ac.sheffield.com1003.cafe.ingredients.Coffee.&lt;init&gt;(Coffee.java:10)
	at uk.ac.sheffield.com1003.cafe.ingredients.Coffee.&lt;init&gt;(Coffee.java:10)
	at uk.ac.sheffield.com1003.cafe.ingredients.Coffee.&lt;init&gt;(Coffee.java:10)
	at uk.ac.sheffield.com1003.cafe.ingredients.Coffee.&lt;init&gt;(Coffee.java:10)
	at uk.ac.sheffield.com1003.cafe.ingredients.Coffee.&lt;init&gt;(Coffee.java:10)
	at uk.ac.sheffield.com1003.cafe.ingredients.Coffee.&lt;init&gt;(Coffee.java:10)
	at uk.ac.sheffield.com1003.cafe.ingredients.Coffee.&lt;init&gt;(Coffee.java:10)
	at uk.ac.sheffield.com1003.cafe.ingredients.Coffee.&lt;init&gt;(Coffee.java:10)
	at uk.ac.sheffield.com1003.cafe.ingredients.Coffee.&lt;init&gt;(Coffee.java:10)
	at uk.ac.sheffield.com1003.cafe.ingredients.Coffee.&lt;init&gt;(Coffee.java:10)
	at uk.ac.sheffield.com1003.cafe.ingredients.Coffee.&lt;init&gt;(Coffee.java:10)
	at uk.ac.sheffield.com1003.cafe.ingredients.Coffee.&lt;init&gt;(Coffee.java:10)
	at uk.ac.sheffield.com1003.cafe.ingredients.Coffee.&lt;init&gt;(Coffee.java:10)
	at uk.ac.sheffield.com1003.cafe.ingredients.Coffee.&lt;init&gt;(Coffee.java:10)
	at uk.ac.sheffield.com1003.cafe.ingredients.Coffee.&lt;init&gt;(Coffee.java:10)
	at uk.ac.sheffield.com1003.cafe.ingredients.Coffee.&lt;init&gt;(Coffee.java:10)
	at uk.ac.sheffield.com1003.cafe.ingredients.Coffee.&lt;init&gt;(Coffee.java:10)
	at uk.ac.sheffield.com1003.cafe.ingredients.Coffee.&lt;init&gt;(Coffee.java:10)
	at uk.ac.sheffield.com1003.cafe.ingredients.Coffee.&lt;init&gt;(Coffee.java:10)
	at uk.ac.sheffield.com1003.cafe.ingredients.Coffee.&lt;init&gt;(Coffee.java:10)
	at uk.ac.sheffield.com1003.cafe.ingredients.Coffee.&lt;init&gt;(Coffee.java:10)
	at uk.ac.sheffield.com1003.cafe.ingredients.Coffee.&lt;init&gt;(Coffee.java:10)
	at uk.ac.sheffield.com1003.cafe.ingredients.Coffee.&lt;init&gt;(Coffee.java:10)
	at uk.ac.sheffield.com1003.cafe.ingredients.Coffee.&lt;init&gt;(Coffee.java:10)
	at uk.ac.sheffield.com1003.cafe.ingredients.Coffee.&lt;init&gt;(Coffee.java:10)
	at uk.ac.sheffield.com1003.cafe.ingredients.Coffee.&lt;init&gt;(Coffee.java:10)
	at uk.ac.sheffield.com1003.cafe.ingredients.Coffee.&lt;init&gt;(Coffee.java:10)
	at uk.ac.sheffield.com1003.cafe.ingredients.Coffee.&lt;init&gt;(Coffee.java:10)
	at uk.ac.sheffield.com1003.cafe.ingredients.Coffee.&lt;init&gt;(Coffee.java:10)
	at uk.ac.sheffield.com1003.cafe.ingredients.Coffee.&lt;init&gt;(Coffee.java:10)
	at uk.ac.sheffield.com1003.cafe.ingredients.Coffee.&lt;init&gt;(Coffee.java:10)
	at uk.ac.sheffield.com1003.cafe.ingredients.Coffee.&lt;init&gt;(Coffee.java:10)
	at uk.ac.sheffield.com1003.cafe.ingredients.Coffee.&lt;init&gt;(Coffee.java:10)
	at uk.ac.sheffield.com1003.cafe.ingredients.Coffee.&lt;init&gt;(Coffee.java:10)
	at uk.ac.sheffield.com1003.cafe.ingredients.Coffee.&lt;init&gt;(Coffee.java:10)
	at uk.ac.sheffield.com1003.cafe.ingredients.Coffee.&lt;init&gt;(Coffee.java:10)
	at uk.ac.sheffield.com1003.cafe.ingredients.Coffee.&lt;init&gt;(Coffee.java:10)
	at uk.ac.sheffield.com1003.cafe.ingredients.Coffee.&lt;init&gt;(Coffee.java:10)
	at uk.ac.sheffield.com1003.cafe.ingredients.Coffee.&lt;init&gt;(Coffee.java:10)
	at uk.ac.sheffield.com1003.cafe.ingredients.Coffee.&lt;init&gt;(Coffee.java:10)
	at uk.ac.sheffield.com1003.cafe.ingredients.Coffee.&lt;init&gt;(Coffee.java:10)
	at uk.ac.sheffield.com1003.cafe.ingredients.Coffee.&lt;init&gt;(Coffee.java:10)
	at uk.ac.sheffield.com1003.cafe.ingredients.Coffee.&lt;init&gt;(Coffee.java:10)
	at uk.ac.sheffield.com1003.cafe.ingredients.Coffee.&lt;init&gt;(Coffee.java:10)
	at uk.ac.sheffield.com1003.cafe.ingredients.Coffee.&lt;init&gt;(Coffee.java:10)
	at uk.ac.sheffield.com1003.cafe.ingredients.Coffee.&lt;init&gt;(Coffee.java:10)
	at uk.ac.sheffield.com1003.cafe.ingredients.Coffee.&lt;init&gt;(Coffee.java:10)
	at uk.ac.sheffield.com1003.cafe.ingredients.Coffee.&lt;init&gt;(Coffee.java:10)
	at uk.ac.sheffield.com1003.cafe.ingredients.Coffee.&lt;init&gt;(Coffee.java:10)
	at uk.ac.sheffield.com1003.cafe.ingredients.Coffee.&lt;init&gt;(Coffee.java:10)
	at uk.ac.sheffield.com1003.cafe.ingredients.Coffee.&lt;init&gt;(Coffee.java:10)
	at uk.ac.sheffield.com1003.cafe.ingredients.Coffee.&lt;init&gt;(Coffee.java:10)
	at uk.ac.sheffield.com1003.cafe.ingredients.Coffee.&lt;init&gt;(Coffee.java:10)
	at uk.ac.sheffield.com1003.cafe.ingredients.Coffee.&lt;init&gt;(Coffee.java:10)
	at uk.ac.sheffield.com1003.cafe.ingredients.Coffee.&lt;init&gt;(Coffee.java:10)
	at uk.ac.sheffield.com1003.cafe.ingredients.Coffee.&lt;init&gt;(Coffee.java:10)
	at uk.ac.sheffield.com1003.cafe.ingredients.Coffee.&lt;init&gt;(Coffee.java:10)
	at uk.ac.sheffield.com1003.cafe.ingredients.Coffee.&lt;init&gt;(Coffee.java:10)
	at uk.ac.sheffield.com1003.cafe.ingredients.Coffee.&lt;init&gt;(Coffee.java:10)
	at uk.ac.sheffield.com1003.cafe.ingredients.Coffee.&lt;init&gt;(Coffee.java:10)
	at uk.ac.sheffield.com1003.cafe.ingredients.Coffee.&lt;init&gt;(Coffee.java:10)
	at uk.ac.sheffield.com1003.cafe.ingredients.Coffee.&lt;init&gt;(Coffee.java:10)
	at uk.ac.sheffield.com1003.cafe.ingredients.Coffee.&lt;init&gt;(Coffee.java:10)
	at uk.ac.sheffield.com1003.cafe.ingredients.Coffee.&lt;init&gt;(Coffee.java:10)
	at uk.ac.sheffield.com1003.cafe.ingredients.Coffee.&lt;init&gt;(Coffee.java:10)
	at uk.ac.sheffield.com1003.cafe.ingredients.Coffee.&lt;init&gt;(Coffee.java:10)
	at uk.ac.sheffield.com1003.cafe.ingredients.Coffee.&lt;init&gt;(Coffee.java:10)
	at uk.ac.sheffield.com1003.cafe.ingredients.Coffee.&lt;init&gt;(Coffee.java:10)
	at uk.ac.sheffield.com1003.cafe.ingredients.Coffee.&lt;init&gt;(Coffee.java:10)
	at uk.ac.sheffield.com1003.cafe.ingredients.Coffee.&lt;init&gt;(Coffee.java:10)
	at uk.ac.sheffield.com1003.cafe.ingredients.Coffee.&lt;init&gt;(Coffee.java:10)
	at uk.ac.sheffield.com1003.cafe.ingredients.Coffee.&lt;init&gt;(Coffee.java:10)
	at uk.ac.sheffield.com1003.cafe.ingredients.Coffee.&lt;init&gt;(Coffee.java:10)
	at uk.ac.sheffield.com1003.cafe.ingredients.Coffee.&lt;init&gt;(Coffee.java:10)
	at uk.ac.sheffield.com1003.cafe.ingredients.Coffee.&lt;init&gt;(Coffee.java:10)
	at uk.ac.sheffield.com1003.cafe.ingredients.Coffee.&lt;init&gt;(Coffee.java:10)
	at uk.ac.sheffield.com1003.cafe.ingredients.Coffee.&lt;init&gt;(Coffee.java:10)
	at uk.ac.sheffield.com1003.cafe.ingredients.Coffee.&lt;init&gt;(Coffee.java:10)
	at uk.ac.sheffield.com1003.cafe.ingredients.Coffee.&lt;init&gt;(Coffee.java:10)
	at uk.ac.sheffield.com1003.cafe.ingredients.Coffee.&lt;init&gt;(Coffee.java:10)
	at uk.ac.sheffield.com1003.cafe.ingredients.Coffee.&lt;init&gt;(Coffee.java:10)
	at uk.ac.sheffield.com1003.cafe.ingredients.Coffee.&lt;init&gt;(Coffee.java:10)
	at uk.ac.sheffield.com1003.cafe.ingredients.Coffee.&lt;init&gt;(Coffee.java:10)
	at uk.ac.sheffield.com1003.cafe.ingredients.Coffee.&lt;init&gt;(Coffee.java:10)
	at uk.ac.sheffield.com1003.cafe.ingredients.Coffee.&lt;init&gt;(Coffee.java:10)
	at uk.ac.sheffield.com1003.cafe.ingredients.Coffee.&lt;init&gt;(Coffee.java:10)
	at uk.ac.sheffield.com1003.cafe.ingredients.Coffee.&lt;init&gt;(Coffee.java:10)
	at uk.ac.sheffield.com1003.cafe.ingredients.Coffee.&lt;init&gt;(Coffee.java:10)
	at uk.ac.sheffield.com1003.cafe.ingredients.Coffee.&lt;init&gt;(Coffee.java:10)
	at uk.ac.sheffield.com1003.cafe.ingredients.Coffee.&lt;init&gt;(Coffee.java:10)
	at uk.ac.sheffield.com1003.cafe.ingredients.Coffee.&lt;init&gt;(Coffee.java:10)
	at uk.ac.sheffield.com1003.cafe.ingredients.Coffee.&lt;init&gt;(Coffee.java:10)
	at uk.ac.sheffield.com1003.cafe.ingredients.Coffee.&lt;init&gt;(Coffee.java:10)
	at uk.ac.sheffield.com1003.cafe.ingredients.Coffee.&lt;init&gt;(Coffee.java:10)
	at uk.ac.sheffield.com1003.cafe.ingredients.Coffee.&lt;init&gt;(Coffee.java:10)
	at uk.ac.sheffield.com1003.cafe.ingredients.Coffee.&lt;init&gt;(Coffee.java:10)
	at uk.ac.sheffield.com1003.cafe.ingredients.Coffee.&lt;init&gt;(Coffee.java:10)
	at uk.ac.sheffield.com1003.cafe.ingredients.Coffee.&lt;init&gt;(Coffee.java:10)
	at uk.ac.sheffield.com1003.cafe.ingredients.Coffee.&lt;init&gt;(Coffee.java:10)
	at uk.ac.sheffield.com1003.cafe.ingredients.Coffee.&lt;init&gt;(Coffee.java:10)
	at uk.ac.sheffield.com1003.cafe.ingredients.Coffee.&lt;init&gt;(Coffee.java:10)
	at uk.ac.sheffield.com1003.cafe.ingredients.Coffee.&lt;init&gt;(Coffee.java:10)
	at uk.ac.sheffield.com1003.cafe.ingredients.Coffee.&lt;init&gt;(Coffee.java:10)
	at uk.ac.sheffield.com1003.cafe.ingredients.Coffee.&lt;init&gt;(Coffee.java:10)
	at uk.ac.sheffield.com1003.cafe.ingredients.Coffee.&lt;init&gt;(Coffee.java:10)
	at uk.ac.sheffield.com1003.cafe.ingredients.Coffee.&lt;init&gt;(Coffee.java:10)
	at uk.ac.sheffield.com1003.cafe.ingredients.Coffee.&lt;init&gt;(Coffee.java:10)
	at uk.ac.sheffield.com1003.cafe.ingredients.Coffee.&lt;init&gt;(Coffee.java:10)
	at uk.ac.sheffield.com1003.cafe.ingredients.Coffee.&lt;init&gt;(Coffee.java:10)
	at uk.ac.sheffield.com1003.cafe.ingredients.Coffee.&lt;init&gt;(Coffee.java:10)
	at uk.ac.sheffield.com1003.cafe.ingredients.Coffee.&lt;init&gt;(Coffee.java:10)
	at uk.ac.sheffield.com1003.cafe.ingredients.Coffee.&lt;init&gt;(Coffee.java:10)
	at uk.ac.sheffield.com1003.cafe.ingredients.Coffee.&lt;init&gt;(Coffee.java:10)
	at uk.ac.sheffield.com1003.cafe.ingredients.Coffee.&lt;init&gt;(Coffee.java:10)
	at uk.ac.sheffield.com1003.cafe.ingredients.Coffee.&lt;init&gt;(Coffee.java:10)
	at uk.ac.sheffield.com1003.cafe.ingredients.Coffee.&lt;init&gt;(Coffee.java:10)
	at uk.ac.sheffield.com1003.cafe.ingredients.Coffee.&lt;init&gt;(Coffee.java:10)
	at uk.ac.sheffield.com1003.cafe.ingredients.Coffee.&lt;init&gt;(Coffee.java:10)
	at uk.ac.sheffield.com1003.cafe.ingredients.Coffee.&lt;init&gt;(Coffee.java:10)
	at uk.ac.sheffield.com1003.cafe.ingredients.Coffee.&lt;init&gt;(Coffee.java:10)
	at uk.ac.sheffield.com1003.cafe.ingredients.Coffee.&lt;init&gt;(Coffee.java:10)
	at uk.ac.sheffield.com1003.cafe.ingredients.Coffee.&lt;init&gt;(Coffee.java:10)
	at uk.ac.sheffield.com1003.cafe.ingredients.Coffee.&lt;init&gt;(Coffee.java:10)
	at uk.ac.sheffield.com1003.cafe.ingredients.Coffee.&lt;init&gt;(Coffee.java:10)
	at uk.ac.sheffield.com1003.cafe.ingredients.Coffee.&lt;init&gt;(Coffee.java:10)
	at uk.ac.sheffield.com1003.cafe.ingredients.Coffee.&lt;init&gt;(Coffee.java:10)
	at uk.ac.sheffield.com1003.cafe.ingredients.Coffee.&lt;init&gt;(Coffee.java:10)
	at uk.ac.sheffield.com1003.cafe.ingredients.Coffee.&lt;init&gt;(Coffee.java:10)
	at uk.ac.sheffield.com1003.cafe.ingredients.Coffee.&lt;init&gt;(Coffee.java:10)
	at uk.ac.sheffield.com1003.cafe.ingredients.Coffee.&lt;init&gt;(Coffee.java:10)
	at uk.ac.sheffield.com1003.cafe.ingredients.Coffee.&lt;init&gt;(Coffee.java:10)
	at uk.ac.sheffield.com1003.cafe.ingredients.Coffee.&lt;init&gt;(Coffee.java:10)
	at uk.ac.sheffield.com1003.cafe.ingredients.Coffee.&lt;init&gt;(Coffee.java:10)
	at uk.ac.sheffield.com1003.cafe.ingredients.Coffee.&lt;init&gt;(Coffee.java:10)
	at uk.ac.sheffield.com1003.cafe.ingredients.Coffee.&lt;init&gt;(Coffee.java:10)
	at uk.ac.sheffield.com1003.cafe.ingredients.Coffee.&lt;init&gt;(Coffee.java:10)
	at uk.ac.sheffield.com1003.cafe.ingredients.Coffee.&lt;init&gt;(Coffee.java:10)
	at uk.ac.sheffield.com1003.cafe.ingredients.Coffee.&lt;init&gt;(Coffee.java:10)
	at uk.ac.sheffield.com1003.cafe.ingredients.Coffee.&lt;init&gt;(Coffee.java:10)
	at uk.ac.sheffield.com1003.cafe.ingredients.Coffee.&lt;init&gt;(Coffee.java:10)
	at uk.ac.sheffield.com1003.cafe.ingredients.Coffee.&lt;init&gt;(Coffee.java:10)
	at uk.ac.sheffield.com1003.cafe.ingredients.Coffee.&lt;init&gt;(Coffee.java:10)
	at uk.ac.sheffield.com1003.cafe.ingredients.Coffee.&lt;init&gt;(Coffee.java:10)
	at uk.ac.sheffield.com1003.cafe.ingredients.Coffee.&lt;init&gt;(Coffee.java:10)
	at uk.ac.sheffield.com1003.cafe.ingredients.Coffee.&lt;init&gt;(Coffee.java:10)
	at uk.ac.sheffield.com1003.cafe.ingredients.Coffee.&lt;init&gt;(Coffee.java:10)
	at uk.ac.sheffield.com1003.cafe.ingredients.Coffee.&lt;init&gt;(Coffee.java:10)
	at uk.ac.sheffield.com1003.cafe.ingredients.Coffee.&lt;init&gt;(Coffee.java:10)
	at uk.ac.sheffield.com1003.cafe.ingredients.Coffee.&lt;init&gt;(Coffee.java:10)
	at uk.ac.sheffield.com1003.cafe.ingredients.Coffee.&lt;init&gt;(Coffee.java:10)
	at uk.ac.sheffield.com1003.cafe.ingredients.Coffee.&lt;init&gt;(Coffee.java:10)
	at uk.ac.sheffield.com1003.cafe.ingredients.Coffee.&lt;init&gt;(Coffee.java:10)
	at uk.ac.sheffield.com1003.cafe.ingredients.Coffee.&lt;init&gt;(Coffee.java:10)
	at uk.ac.sheffield.com1003.cafe.ingredients.Coffee.&lt;init&gt;(Coffee.java:10)
	at uk.ac.sheffield.com1003.cafe.ingredients.Coffee.&lt;init&gt;(Coffee.java:10)
	at uk.ac.sheffield.com1003.cafe.ingredients.Coffee.&lt;init&gt;(Coffee.java:10)
	at uk.ac.sheffield.com1003.cafe.ingredients.Coffee.&lt;init&gt;(Coffee.java:10)
	at uk.ac.sheffield.com1003.cafe.ingredients.Coffee.&lt;init&gt;(Coffee.java:10)
	at uk.ac.sheffield.com1003.cafe.ingredients.Coffee.&lt;init&gt;(Coffee.java:10)
	at uk.ac.sheffield.com1003.cafe.ingredients.Coffee.&lt;init&gt;(Coffee.java:10)
	at uk.ac.sheffield.com1003.cafe.ingredients.Coffee.&lt;init&gt;(Coffee.java:10)
	at uk.ac.sheffield.com1003.cafe.ingredients.Coffee.&lt;init&gt;(Coffee.java:10)
	at uk.ac.sheffield.com1003.cafe.ingredients.Coffee.&lt;init&gt;(Coffee.java:10)
	at uk.ac.sheffield.com1003.cafe.ingredients.Coffee.&lt;init&gt;(Coffee.java:10)
	at uk.ac.sheffield.com1003.cafe.ingredients.Coffee.&lt;init&gt;(Coffee.java:10)
	at uk.ac.sheffield.com1003.cafe.ingredients.Coffee.&lt;init&gt;(Coffee.java:10)
	at uk.ac.sheffield.com1003.cafe.ingredients.Coffee.&lt;init&gt;(Coffee.java:10)
	at uk.ac.sheffield.com1003.cafe.ingredients.Coffee.&lt;init&gt;(Coffee.java:10)
	at uk.ac.sheffield.com1003.cafe.ingredients.Coffee.&lt;init&gt;(Coffee.java:10)
	at uk.ac.sheffield.com1003.cafe.ingredients.Coffee.&lt;init&gt;(Coffee.java:10)
	at uk.ac.sheffield.com1003.cafe.ingredients.Coffee.&lt;init&gt;(Coffee.java:10)
	at uk.ac.sheffield.com1003.cafe.ingredients.Coffee.&lt;init&gt;(Coffee.java:10)
	at uk.ac.sheffield.com1003.cafe.ingredients.Coffee.&lt;init&gt;(Coffee.java:10)
	at uk.ac.sheffield.com1003.cafe.ingredients.Coffee.&lt;init&gt;(Coffee.java:10)
	at uk.ac.sheffield.com1003.cafe.ingredients.Coffee.&lt;init&gt;(Coffee.java:10)
	at uk.ac.sheffield.com1003.cafe.ingredients.Coffee.&lt;init&gt;(Coffee.java:10)
	at uk.ac.sheffield.com1003.cafe.ingredients.Coffee.&lt;init&gt;(Coffee.java:10)
	at uk.ac.sheffield.com1003.cafe.ingredients.Coffee.&lt;init&gt;(Coffee.java:10)
	at uk.ac.sheffield.com1003.cafe.ingredients.Coffee.&lt;init&gt;(Coffee.java:10)
	at uk.ac.sheffield.com1003.cafe.ingredients.Coffee.&lt;init&gt;(Coffee.java:10)
	at uk.ac.sheffield.com1003.cafe.ingredients.Coffee.&lt;init&gt;(Coffee.java:10)
	at uk.ac.sheffield.com1003.cafe.ingredients.Coffee.&lt;init&gt;(Coffee.java:10)
	at uk.ac.sheffield.com1003.cafe.ingredients.Coffee.&lt;init&gt;(Coffee.java:10)
	at uk.ac.sheffield.com1003.cafe.ingredients.Coffee.&lt;init&gt;(Coffee.java:10)
	at uk.ac.sheffield.com1003.cafe.ingredients.Coffee.&lt;init&gt;(Coffee.java:10)
	at uk.ac.sheffield.com1003.cafe.ingredients.Coffee.&lt;init&gt;(Coffee.java:10)
	at uk.ac.sheffield.com1003.cafe.ingredients.Coffee.&lt;init&gt;(Coffee.java:10)
	at uk.ac.sheffield.com1003.cafe.ingredients.Coffee.&lt;init&gt;(Coffee.java:10)
	at uk.ac.sheffield.com1003.cafe.ingredients.Coffee.&lt;init&gt;(Coffee.java:10)
	at uk.ac.sheffield.com1003.cafe.ingredients.Coffee.&lt;init&gt;(Coffee.java:10)
	at uk.ac.sheffield.com1003.cafe.ingredients.Coffee.&lt;init&gt;(Coffee.java:10)
	at uk.ac.sheffield.com1003.cafe.ingredients.Coffee.&lt;init&gt;(Coffee.java:10)
	at uk.ac.sheffield.com1003.cafe.ingredients.Coffee.&lt;init&gt;(Coffee.java:10)
	at uk.ac.sheffield.com1003.cafe.ingredients.Coffee.&lt;init&gt;(Coffee.java:10)
	at uk.ac.sheffield.com1003.cafe.ingredients.Coffee.&lt;init&gt;(Coffee.java:10)
	at uk.ac.sheffield.com1003.cafe.ingredients.Coffee.&lt;init&gt;(Coffee.java:10)
	at uk.ac.sheffield.com1003.cafe.ingredients.Coffee.&lt;init&gt;(Coffee.java:10)
	at uk.ac.sheffield.com1003.cafe.ingredients.Coffee.&lt;init&gt;(Coffee.java:10)
	at uk.ac.sheffield.com1003.cafe.ingredients.Coffee.&lt;init&gt;(Coffee.java:10)
	at uk.ac.sheffield.com1003.cafe.ingredients.Coffee.&lt;init&gt;(Coffee.java:10)
	at uk.ac.sheffield.com1003.cafe.ingredients.Coffee.&lt;init&gt;(Coffee.java:10)
	at uk.ac.sheffield.com1003.cafe.ingredients.Coffee.&lt;init&gt;(Coffee.java:10)
	at uk.ac.sheffield.com1003.cafe.ingredients.Coffee.&lt;init&gt;(Coffee.java:10)
	at uk.ac.sheffield.com1003.cafe.ingredients.Coffee.&lt;init&gt;(Coffee.java:10)
	at uk.ac.sheffield.com1003.cafe.ingredients.Coffee.&lt;init&gt;(Coffee.java:10)
	at uk.ac.sheffield.com1003.cafe.ingredients.Coffee.&lt;init&gt;(Coffee.java:10)
	at uk.ac.sheffield.com1003.cafe.ingredients.Coffee.&lt;init&gt;(Coffee.java:10)
	at uk.ac.sheffield.com1003.cafe.ingredients.Coffee.&lt;init&gt;(Coffee.java:10)
	at uk.ac.sheffield.com1003.cafe.ingredients.Coffee.&lt;init&gt;(Coffee.java:10)
	at uk.ac.sheffield.com1003.cafe.ingredients.Coffee.&lt;init&gt;(Coffee.java:10)
	at uk.ac.sheffield.com1003.cafe.ingredients.Coffee.&lt;init&gt;(Coffee.java:10)
	at uk.ac.sheffield.com1003.cafe.ingredients.Coffee.&lt;init&gt;(Coffee.java:10)
	at uk.ac.sheffield.com1003.cafe.ingredients.Coffee.&lt;init&gt;(Coffee.java:10)
	at uk.ac.sheffield.com1003.cafe.ingredients.Coffee.&lt;init&gt;(Coffee.java:10)
	at uk.ac.sheffield.com1003.cafe.ingredients.Coffee.&lt;init&gt;(Coffee.java:10)
	at uk.ac.sheffield.com1003.cafe.ingredients.Coffee.&lt;init&gt;(Coffee.java:10)
	at uk.ac.sheffield.com1003.cafe.ingredients.Coffee.&lt;init&gt;(Coffee.java:10)
	at uk.ac.sheffield.com1003.cafe.ingredients.Coffee.&lt;init&gt;(Coffee.java:10)
	at uk.ac.sheffield.com1003.cafe.ingredients.Coffee.&lt;init&gt;(Coffee.java:10)
	at uk.ac.sheffield.com1003.cafe.ingredients.Coffee.&lt;init&gt;(Coffee.java:10)
	at uk.ac.sheffield.com1003.cafe.ingredients.Coffee.&lt;init&gt;(Coffee.java:10)
	at uk.ac.sheffield.com1003.cafe.ingredients.Coffee.&lt;init&gt;(Coffee.java:10)
	at uk.ac.sheffield.com1003.cafe.ingredients.Coffee.&lt;init&gt;(Coffee.java:10)
	at uk.ac.sheffield.com1003.cafe.ingredients.Coffee.&lt;init&gt;(Coffee.java:10)
	at uk.ac.sheffield.com1003.cafe.ingredients.Coffee.&lt;init&gt;(Coffee.java:10)
	at uk.ac.sheffield.com1003.cafe.ingredients.Coffee.&lt;init&gt;(Coffee.java:10)
	at uk.ac.sheffield.com1003.cafe.ingredients.Coffee.&lt;init&gt;(Coffee.java:10)
	at uk.ac.sheffield.com1003.cafe.ingredients.Coffee.&lt;init&gt;(Coffee.java:10)
	at uk.ac.sheffield.com1003.cafe.ingredients.Coffee.&lt;init&gt;(Coffee.java:10)
	at uk.ac.sheffield.com1003.cafe.ingredients.Coffee.&lt;init&gt;(Coffee.java:10)
	at uk.ac.sheffield.com1003.cafe.ingredients.Coffee.&lt;init&gt;(Coffee.java:10)
	at uk.ac.sheffield.com1003.cafe.ingredients.Coffee.&lt;init&gt;(Coffee.java:10)
	at uk.ac.sheffield.com1003.cafe.ingredients.Coffee.&lt;init&gt;(Coffee.java:10)
	at uk.ac.sheffield.com1003.cafe.ingredients.Coffee.&lt;init&gt;(Coffee.java:10)
	at uk.ac.sheffield.com1003.cafe.ingredients.Coffee.&lt;init&gt;(Coffee.java:10)
	at uk.ac.sheffield.com1003.cafe.ingredients.Coffee.&lt;init&gt;(Coffee.java:10)
	at uk.ac.sheffield.com1003.cafe.ingredients.Coffee.&lt;init&gt;(Coffee.java:10)
	at uk.ac.sheffield.com1003.cafe.ingredients.Coffee.&lt;init&gt;(Coffee.java:10)
	at uk.ac.sheffield.com1003.cafe.ingredients.Coffee.&lt;init&gt;(Coffee.java:10)
	at uk.ac.sheffield.com1003.cafe.ingredients.Coffee.&lt;init&gt;(Coffee.java:10)
	at uk.ac.sheffield.com1003.cafe.ingredients.Coffee.&lt;init&gt;(Coffee.java:10)
	at uk.ac.sheffield.com1003.cafe.ingredients.Coffee.&lt;init&gt;(Coffee.java:10)
	at uk.ac.sheffield.com1003.cafe.ingredients.Coffee.&lt;init&gt;(Coffee.java:10)
	at uk.ac.sheffield.com1003.cafe.ingredients.Coffee.&lt;init&gt;(Coffee.java:10)
	at uk.ac.sheffield.com1003.cafe.ingredients.Coffee.&lt;init&gt;(Coffee.java:10)
	at uk.ac.sheffield.com1003.cafe.ingredients.Coffee.&lt;init&gt;(Coffee.java:10)
	at uk.ac.sheffield.com1003.cafe.ingredients.Coffee.&lt;init&gt;(Coffee.java:10)
	at uk.ac.sheffield.com1003.cafe.ingredients.Coffee.&lt;init&gt;(Coffee.java:10)
	at uk.ac.sheffield.com1003.cafe.ingredients.Coffee.&lt;init&gt;(Coffee.java:10)
	at uk.ac.sheffield.com1003.cafe.ingredients.Coffee.&lt;init&gt;(Coffee.java:10)
	at uk.ac.sheffield.com1003.cafe.ingredients.Coffee.&lt;init&gt;(Coffee.java:10)
	at uk.ac.sheffield.com1003.cafe.ingredients.Coffee.&lt;init&gt;(Coffee.java:10)
	at uk.ac.sheffield.com1003.cafe.ingredients.Coffee.&lt;init&gt;(Coffee.java:10)
	at uk.ac.sheffield.com1003.cafe.ingredients.Coffee.&lt;init&gt;(Coffee.java:10)
	at uk.ac.sheffield.com1003.cafe.ingredients.Coffee.&lt;init&gt;(Coffee.java:10)
	at uk.ac.sheffield.com1003.cafe.ingredients.Coffee.&lt;init&gt;(Coffee.java:10)
	at uk.ac.sheffield.com1003.cafe.ingredients.Coffee.&lt;init&gt;(Coffee.java:10)
	at uk.ac.sheffield.com1003.cafe.ingredients.Coffee.&lt;init&gt;(Coffee.java:10)
	at uk.ac.sheffield.com1003.cafe.ingredients.Coffee.&lt;init&gt;(Coffee.java:10)
	at uk.ac.sheffield.com1003.cafe.ingredients.Coffee.&lt;init&gt;(Coffee.java:10)
	at uk.ac.sheffield.com1003.cafe.ingredients.Coffee.&lt;init&gt;(Coffee.java:10)
	at uk.ac.sheffield.com1003.cafe.ingredients.Coffee.&lt;init&gt;(Coffee.java:10)
	at uk.ac.sheffield.com1003.cafe.ingredients.Coffee.&lt;init&gt;(Coffee.java:10)
	at uk.ac.sheffield.com1003.cafe.ingredients.Coffee.&lt;init&gt;(Coffee.java:10)
	at uk.ac.sheffield.com1003.cafe.ingredients.Coffee.&lt;init&gt;(Coffee.java:10)
	at uk.ac.sheffield.com1003.cafe.ingredients.Coffee.&lt;init&gt;(Coffee.java:10)
	at uk.ac.sheffield.com1003.cafe.ingredients.Coffee.&lt;init&gt;(Coffee.java:10)
	at uk.ac.sheffield.com1003.cafe.ingredients.Coffee.&lt;init&gt;(Coffee.java:10)
	at uk.ac.sheffield.com1003.cafe.ingredients.Coffee.&lt;init&gt;(Coffee.java:10)
	at uk.ac.sheffield.com1003.cafe.ingredients.Coffee.&lt;init&gt;(Coffee.java:10)
	at uk.ac.sheffield.com1003.cafe.ingredients.Coffee.&lt;init&gt;(Coffee.java:10)
	at uk.ac.sheffield.com1003.cafe.ingredients.Coffee.&lt;init&gt;(Coffee.java:10)
	at uk.ac.sheffield.com1003.cafe.ingredients.Coffee.&lt;init&gt;(Coffee.java:10)
	at uk.ac.sheffield.com1003.cafe.ingredients.Coffee.&lt;init&gt;(Coffee.java:10)
	at uk.ac.sheffield.com1003.cafe.ingredients.Coffee.&lt;init&gt;(Coffee.java:10)
	at uk.ac.sheffield.com1003.cafe.ingredients.Coffee.&lt;init&gt;(Coffee.java:10)
	at uk.ac.sheffield.com1003.cafe.ingredients.Coffee.&lt;init&gt;(Coffee.java:10)
	at uk.ac.sheffield.com1003.cafe.ingredients.Coffee.&lt;init&gt;(Coffee.java:10)
	at uk.ac.sheffield.com1003.cafe.ingredients.Coffee.&lt;init&gt;(Coffee.java:10)
	at uk.ac.sheffield.com1003.cafe.ingredients.Coffee.&lt;init&gt;(Coffee.java:10)
	at uk.ac.sheffield.com1003.cafe.ingredients.Coffee.&lt;init&gt;(Coffee.java:10)
	at uk.ac.sheffield.com1003.cafe.ingredients.Coffee.&lt;init&gt;(Coffee.java:10)
	at uk.ac.sheffield.com1003.cafe.ingredients.Coffee.&lt;init&gt;(Coffee.java:10)
	at uk.ac.sheffield.com1003.cafe.ingredients.Coffee.&lt;init&gt;(Coffee.java:10)
	at uk.ac.sheffield.com1003.cafe.ingredients.Coffee.&lt;init&gt;(Coffee.java:10)
	at uk.ac.sheffield.com1003.cafe.ingredients.Coffee.&lt;init&gt;(Coffee.java:10)
	at uk.ac.sheffield.com1003.cafe.ingredients.Coffee.&lt;init&gt;(Coffee.java:10)
	at uk.ac.sheffield.com1003.cafe.ingredients.Coffee.&lt;init&gt;(Coffee.java:10)
	at uk.ac.sheffield.com1003.cafe.ingredients.Coffee.&lt;init&gt;(Coffee.java:10)
	at uk.ac.sheffield.com1003.cafe.ingredients.Coffee.&lt;init&gt;(Coffee.java:10)
	at uk.ac.sheffield.com1003.cafe.ingredients.Coffee.&lt;init&gt;(Coffee.java:10)
	at uk.ac.sheffield.com1003.cafe.ingredients.Coffee.&lt;init&gt;(Coffee.java:10)
	at uk.ac.sheffield.com1003.cafe.ingredients.Coffee.&lt;init&gt;(Coffee.java:10)
	at uk.ac.sheffield.com1003.cafe.ingredients.Coffee.&lt;init&gt;(Coffee.java:10)
	at uk.ac.sheffield.com1003.cafe.ingredients.Coffee.&lt;init&gt;(Coffee.java:10)
	at uk.ac.sheffield.com1003.cafe.ingredients.Coffee.&lt;init&gt;(Coffee.java:10)
	at uk.ac.sheffield.com1003.cafe.ingredients.Coffee.&lt;init&gt;(Coffee.java:10)
	at uk.ac.sheffield.com1003.cafe.ingredients.Coffee.&lt;init&gt;(Coffee.java:10)
	at uk.ac.sheffield.com1003.cafe.ingredients.Coffee.&lt;init&gt;(Coffee.java:10)
	at uk.ac.sheffield.com1003.cafe.ingredients.Coffee.&lt;init&gt;(Coffee.java:10)
	at uk.ac.sheffield.com1003.cafe.ingredients.Coffee.&lt;init&gt;(Coffee.java:10)
	at uk.ac.sheffield.com1003.cafe.ingredients.Coffee.&lt;init&gt;(Coffee.java:10)
	at uk.ac.sheffield.com1003.cafe.ingredients.Coffee.&lt;init&gt;(Coffee.java:10)
	at uk.ac.sheffield.com1003.cafe.ingredients.Coffee.&lt;init&gt;(Coffee.java:10)
	at uk.ac.sheffield.com1003.cafe.ingredients.Coffee.&lt;init&gt;(Coffee.java:10)
	at uk.ac.sheffield.com1003.cafe.ingredients.Coffee.&lt;init&gt;(Coffee.java:10)
	at uk.ac.sheffield.com1003.cafe.ingredients.Coffee.&lt;init&gt;(Coffee.java:10)
	at uk.ac.sheffield.com1003.cafe.ingredients.Coffee.&lt;init&gt;(Coffee.java:10)
	at uk.ac.sheffield.com1003.cafe.ingredients.Coffee.&lt;init&gt;(Coffee.java:10)
	at uk.ac.sheffield.com1003.cafe.ingredients.Coffee.&lt;init&gt;(Coffee.java:10)
	at uk.ac.sheffield.com1003.cafe.ingredients.Coffee.&lt;init&gt;(Coffee.java:10)
	at uk.ac.sheffield.com1003.cafe.ingredients.Coffee.&lt;init&gt;(Coffee.java:10)
	at uk.ac.sheffield.com1003.cafe.ingredients.Coffee.&lt;init&gt;(Coffee.java:10)
	at uk.ac.sheffield.com1003.cafe.ingredients.Coffee.&lt;init&gt;(Coffee.java:10)
	at uk.ac.sheffield.com1003.cafe.ingredients.Coffee.&lt;init&gt;(Coffee.java:10)
	at uk.ac.sheffield.com1003.cafe.ingredients.Coffee.&lt;init&gt;(Coffee.java:10)
	at uk.ac.sheffield.com1003.cafe.ingredients.Coffee.&lt;init&gt;(Coffee.java:10)
	at uk.ac.sheffield.com1003.cafe.ingredients.Coffee.&lt;init&gt;(Coffee.java:10)
	at uk.ac.sheffield.com1003.cafe.ingredients.Coffee.&lt;init&gt;(Coffee.java:10)
	at uk.ac.sheffield.com1003.cafe.ingredients.Coffee.&lt;init&gt;(Coffee.java:10)
	at uk.ac.sheffield.com1003.cafe.ingredients.Coffee.&lt;init&gt;(Coffee.java:10)
	at uk.ac.sheffield.com1003.cafe.ingredients.Coffee.&lt;init&gt;(Coffee.java:10)
	at uk.ac.sheffield.com1003.cafe.ingredients.Coffee.&lt;init&gt;(Coffee.java:10)
	at uk.ac.sheffield.com1003.cafe.ingredients.Coffee.&lt;init&gt;(Coffee.java:10)
	at uk.ac.sheffield.com1003.cafe.ingredients.Coffee.&lt;init&gt;(Coffee.java:10)
	at uk.ac.sheffield.com1003.cafe.ingredients.Coffee.&lt;init&gt;(Coffee.java:10)
	at uk.ac.sheffield.com1003.cafe.ingredients.Coffee.&lt;init&gt;(Coffee.java:10)
	at uk.ac.sheffield.com1003.cafe.ingredients.Coffee.&lt;init&gt;(Coffee.java:10)
	at uk.ac.sheffield.com1003.cafe.ingredients.Coffee.&lt;init&gt;(Coffee.java:10)
	at uk.ac.sheffield.com1003.cafe.ingredients.Coffee.&lt;init&gt;(Coffee.java:10)
	at uk.ac.sheffield.com1003.cafe.ingredients.Coffee.&lt;init&gt;(Coffee.java:10)
	at uk.ac.sheffield.com1003.cafe.ingredients.Coffee.&lt;init&gt;(Coffee.java:10)
	at uk.ac.sheffield.com1003.cafe.ingredients.Coffee.&lt;init&gt;(Coffee.java:10)
	at uk.ac.sheffield.com1003.cafe.ingredients.Coffee.&lt;init&gt;(Coffee.java:10)
	at uk.ac.sheffield.com1003.cafe.ingredients.Coffee.&lt;init&gt;(Coffee.java:10)
	at uk.ac.sheffield.com1003.cafe.ingredients.Coffee.&lt;init&gt;(Coffee.java:10)
	at uk.ac.sheffield.com1003.cafe.ingredients.Coffee.&lt;init&gt;(Coffee.java:10)
	at uk.ac.sheffield.com1003.cafe.ingredients.Coffee.&lt;init&gt;(Coffee.java:10)
	at uk.ac.sheffield.com1003.cafe.ingredients.Coffee.&lt;init&gt;(Coffee.java:10)
	at uk.ac.sheffield.com1003.cafe.ingredients.Coffee.&lt;init&gt;(Coffee.java:10)
	at uk.ac.sheffield.com1003.cafe.ingredients.Coffee.&lt;init&gt;(Coffee.java:10)
	at uk.ac.sheffield.com1003.cafe.ingredients.Coffee.&lt;init&gt;(Coffee.java:10)
	at uk.ac.sheffield.com1003.cafe.ingredients.Coffee.&lt;init&gt;(Coffee.java:10)
	at uk.ac.sheffield.com1003.cafe.ingredients.Coffee.&lt;init&gt;(Coffee.java:10)
	at uk.ac.sheffield.com1003.cafe.ingredients.Coffee.&lt;init&gt;(Coffee.java:10)
	at uk.ac.sheffield.com1003.cafe.ingredients.Coffee.&lt;init&gt;(Coffee.java:10)
	at uk.ac.sheffield.com1003.cafe.ingredients.Coffee.&lt;init&gt;(Coffee.java:10)
	at uk.ac.sheffield.com1003.cafe.ingredients.Coffee.&lt;init&gt;(Coffee.java:10)
	at uk.ac.sheffield.com1003.cafe.ingredients.Coffee.&lt;init&gt;(Coffee.java:10)
	at uk.ac.sheffield.com1003.cafe.ingredients.Coffee.&lt;init&gt;(Coffee.java:10)
	at uk.ac.sheffield.com1003.cafe.ingredients.Coffee.&lt;init&gt;(Coffee.java:10)
	at uk.ac.sheffield.com1003.cafe.ingredients.Coffee.&lt;init&gt;(Coffee.java:10)
	at uk.ac.sheffield.com1003.cafe.ingredients.Coffee.&lt;init&gt;(Coffee.java:10)
	at uk.ac.sheffield.com1003.cafe.ingredients.Coffee.&lt;init&gt;(Coffee.java:10)
	at uk.ac.sheffield.com1003.cafe.ingredients.Coffee.&lt;init&gt;(Coffee.java:10)
	at uk.ac.sheffield.com1003.cafe.ingredients.Coffee.&lt;init&gt;(Coffee.java:10)
	at uk.ac.sheffield.com1003.cafe.ingredients.Coffee.&lt;init&gt;(Coffee.java:10)
	at uk.ac.sheffield.com1003.cafe.ingredients.Coffee.&lt;init&gt;(Coffee.java:10)
	at uk.ac.sheffield.com1003.cafe.ingredients.Coffee.&lt;init&gt;(Coffee.java:10)
	at uk.ac.sheffield.com1003.cafe.ingredients.Coffee.&lt;init&gt;(Coffee.java:10)
	at uk.ac.sheffield.com1003.cafe.ingredients.Coffee.&lt;init&gt;(Coffee.java:10)
	at uk.ac.sheffield.com1003.cafe.ingredients.Coffee.&lt;init&gt;(Coffee.java:10)
	at uk.ac.sheffield.com1003.cafe.ingredients.Coffee.&lt;init&gt;(Coffee.java:10)
	at uk.ac.sheffield.com1003.cafe.ingredients.Coffee.&lt;init&gt;(Coffee.java:10)
	at uk.ac.sheffield.com1003.cafe.ingredients.Coffee.&lt;init&gt;(Coffee.java:10)
	at uk.ac.sheffield.com1003.cafe.ingredients.Coffee.&lt;init&gt;(Coffee.java:10)
	at uk.ac.sheffield.com1003.cafe.ingredients.Coffee.&lt;init&gt;(Coffee.java:10)
	at uk.ac.sheffield.com1003.cafe.ingredients.Coffee.&lt;init&gt;(Coffee.java:10)
	at uk.ac.sheffield.com1003.cafe.ingredients.Coffee.&lt;init&gt;(Coffee.java:10)
	at uk.ac.sheffield.com1003.cafe.ingredients.Coffee.&lt;init&gt;(Coffee.java:10)
	at uk.ac.sheffield.com1003.cafe.ingredients.Coffee.&lt;init&gt;(Coffee.java:10)
	at uk.ac.sheffield.com1003.cafe.ingredients.Coffee.&lt;init&gt;(Coffee.java:10)
	at uk.ac.sheffield.com1003.cafe.ingredients.Coffee.&lt;init&gt;(Coffee.java:10)
	at uk.ac.sheffield.com1003.cafe.ingredients.Coffee.&lt;init&gt;(Coffee.java:10)
	at uk.ac.sheffield.com1003.cafe.ingredients.Coffee.&lt;init&gt;(Coffee.java:10)
	at uk.ac.sheffield.com1003.cafe.ingredients.Coffee.&lt;init&gt;(Coffee.java:10)
	at uk.ac.sheffield.com1003.cafe.ingredients.Coffee.&lt;init&gt;(Coffee.java:10)
	at uk.ac.sheffield.com1003.cafe.ingredients.Coffee.&lt;init&gt;(Coffee.java:10)
	at uk.ac.sheffield.com1003.cafe.ingredients.Coffee.&lt;init&gt;(Coffee.java:10)
	at uk.ac.sheffield.com1003.cafe.ingredients.Coffee.&lt;init&gt;(Coffee.java:10)
	at uk.ac.sheffield.com1003.cafe.ingredients.Coffee.&lt;init&gt;(Coffee.java:10)
	at uk.ac.sheffield.com1003.cafe.ingredients.Coffee.&lt;init&gt;(Coffee.java:10)
	at uk.ac.sheffield.com1003.cafe.ingredients.Coffee.&lt;init&gt;(Coffee.java:10)
	at uk.ac.sheffield.com1003.cafe.ingredients.Coffee.&lt;init&gt;(Coffee.java:10)
	at uk.ac.sheffield.com1003.cafe.ingredients.Coffee.&lt;init&gt;(Coffee.java:10)
	at uk.ac.sheffield.com1003.cafe.ingredients.Coffee.&lt;init&gt;(Coffee.java:10)
	at uk.ac.sheffield.com1003.cafe.ingredients.Coffee.&lt;init&gt;(Coffee.java:10)
	at uk.ac.sheffield.com1003.cafe.ingredients.Coffee.&lt;init&gt;(Coffee.java:10)
	at uk.ac.sheffield.com1003.cafe.ingredients.Coffee.&lt;init&gt;(Coffee.java:10)
	at uk.ac.sheffield.com1003.cafe.ingredients.Coffee.&lt;init&gt;(Coffee.java:10)
	at uk.ac.sheffield.com1003.cafe.ingredients.Coffee.&lt;init&gt;(Coffee.java:10)
	at uk.ac.sheffield.com1003.cafe.ingredients.Coffee.&lt;init&gt;(Coffee.java:10)
	at uk.ac.sheffield.com1003.cafe.ingredients.Coffee.&lt;init&gt;(Coffee.java:10)
	at uk.ac.sheffield.com1003.cafe.ingredients.Coffee.&lt;init&gt;(Coffee.java:10)
	at uk.ac.sheffield.com1003.cafe.ingredients.Coffee.&lt;init&gt;(Coffee.java:10)
	at uk.ac.sheffield.com1003.cafe.ingredients.Coffee.&lt;init&gt;(Coffee.java:10)
	at uk.ac.sheffield.com1003.cafe.ingredients.Coffee.&lt;init&gt;(Coffee.java:10)
	at uk.ac.sheffield.com1003.cafe.ingredients.Coffee.&lt;init&gt;(Coffee.java:10)
	at uk.ac.sheffield.com1003.cafe.ingredients.Coffee.&lt;init&gt;(Coffee.java:10)
	at uk.ac.sheffield.com1003.cafe.ingredients.Coffee.&lt;init&gt;(Coffee.java:10)
	at uk.ac.sheffield.com1003.cafe.ingredients.Coffee.&lt;init&gt;(Coffee.java:10)
	at uk.ac.sheffield.com1003.cafe.ingredients.Coffee.&lt;init&gt;(Coffee.java:10)
	at uk.ac.sheffield.com1003.cafe.ingredients.Coffee.&lt;init&gt;(Coffee.java:10)
	at uk.ac.sheffield.com1003.cafe.ingredients.Coffee.&lt;init&gt;(Coffee.java:10)
	at uk.ac.sheffield.com1003.cafe.ingredients.Coffee.&lt;init&gt;(Coffee.java:10)
	at uk.ac.sheffield.com1003.cafe.ingredients.Coffee.&lt;init&gt;(Coffee.java:10)
	at uk.ac.sheffield.com1003.cafe.ingredients.Coffee.&lt;init&gt;(Coffee.java:10)
	at uk.ac.sheffield.com1003.cafe.ingredients.Coffee.&lt;init&gt;(Coffee.java:10)
	at uk.ac.sheffield.com1003.cafe.ingredients.Coffee.&lt;init&gt;(Coffee.java:10)
	at uk.ac.sheffield.com1003.cafe.ingredients.Coffee.&lt;init&gt;(Coffee.java:10)
	at uk.ac.sheffield.com1003.cafe.ingredients.Coffee.&lt;init&gt;(Coffee.java:10)
	at uk.ac.sheffield.com1003.cafe.ingredients.Coffee.&lt;init&gt;(Coffee.java:10)
	at uk.ac.sheffield.com1003.cafe.ingredients.Coffee.&lt;init&gt;(Coffee.java:10)
	at uk.ac.sheffield.com1003.cafe.ingredients.Coffee.&lt;init&gt;(Coffee.java:10)
	at uk.ac.sheffield.com1003.cafe.ingredients.Coffee.&lt;init&gt;(Coffee.java:10)
	at uk.ac.sheffield.com1003.cafe.ingredients.Coffee.&lt;init&gt;(Coffee.java:10)
	at uk.ac.sheffield.com1003.cafe.ingredients.Coffee.&lt;init&gt;(Coffee.java:10)
	at uk.ac.sheffield.com1003.cafe.ingredients.Coffee.&lt;init&gt;(Coffee.java:10)
	at uk.ac.sheffield.com1003.cafe.ingredients.Coffee.&lt;init&gt;(Coffee.java:10)
	at uk.ac.sheffield.com1003.cafe.ingredients.Coffee.&lt;init&gt;(Coffee.java:10)
	at uk.ac.sheffield.com1003.cafe.ingredients.Coffee.&lt;init&gt;(Coffee.java:10)
	at uk.ac.sheffield.com1003.cafe.ingredients.Coffee.&lt;init&gt;(Coffee.java:10)
	at uk.ac.sheffield.com1003.cafe.ingredients.Coffee.&lt;init&gt;(Coffee.java:10)
	at uk.ac.sheffield.com1003.cafe.ingredients.Coffee.&lt;init&gt;(Coffee.java:10)
	at uk.ac.sheffield.com1003.cafe.ingredients.Coffee.&lt;init&gt;(Coffee.java:10)
	at uk.ac.sheffield.com1003.cafe.ingredients.Coffee.&lt;init&gt;(Coffee.java:10)
	at uk.ac.sheffield.com1003.cafe.ingredients.Coffee.&lt;init&gt;(Coffee.java:10)
	at uk.ac.sheffield.com1003.cafe.ingredients.Coffee.&lt;init&gt;(Coffee.java:10)
	at uk.ac.sheffield.com1003.cafe.ingredients.Coffee.&lt;init&gt;(Coffee.java:10)
	at uk.ac.sheffield.com1003.cafe.ingredients.Coffee.&lt;init&gt;(Coffee.java:10)
	at uk.ac.sheffield.com1003.cafe.ingredients.Coffee.&lt;init&gt;(Coffee.java:10)
	at uk.ac.sheffield.com1003.cafe.ingredients.Coffee.&lt;init&gt;(Coffee.java:10)
	at uk.ac.sheffield.com1003.cafe.ingredients.Coffee.&lt;init&gt;(Coffee.java:10)
	at uk.ac.sheffield.com1003.cafe.ingredients.Coffee.&lt;init&gt;(Coffee.java:10)
	at uk.ac.sheffield.com1003.cafe.ingredients.Coffee.&lt;init&gt;(Coffee.java:10)
	at uk.ac.sheffield.com1003.cafe.ingredients.Coffee.&lt;init&gt;(Coffee.java:10)
	at uk.ac.sheffield.com1003.cafe.ingredients.Coffee.&lt;init&gt;(Coffee.java:10)
	at uk.ac.sheffield.com1003.cafe.ingredients.Coffee.&lt;init&gt;(Coffee.java:10)
	at uk.ac.sheffield.com1003.cafe.ingredients.Coffee.&lt;init&gt;(Coffee.java:10)
	at uk.ac.sheffield.com1003.cafe.ingredients.Coffee.&lt;init&gt;(Coffee.java:10)
	at uk.ac.sheffield.com1003.cafe.ingredients.Coffee.&lt;init&gt;(Coffee.java:10)
	at uk.ac.sheffield.com1003.cafe.ingredients.Coffee.&lt;init&gt;(Coffee.java:10)
	at uk.ac.sheffield.com1003.cafe.ingredients.Coffee.&lt;init&gt;(Coffee.java:10)
	at uk.ac.sheffield.com1003.cafe.ingredients.Coffee.&lt;init&gt;(Coffee.java:10)
	at uk.ac.sheffield.com1003.cafe.ingredients.Coffee.&lt;init&gt;(Coffee.java:10)
	at uk.ac.sheffield.com1003.cafe.ingredients.Coffee.&lt;init&gt;(Coffee.java:10)
	at uk.ac.sheffield.com1003.cafe.ingredients.Coffee.&lt;init&gt;(Coffee.java:10)
	at uk.ac.sheffield.com1003.cafe.ingredients.Coffee.&lt;init&gt;(Coffee.java:10)
	at uk.ac.sheffield.com1003.cafe.ingredients.Coffee.&lt;init&gt;(Coffee.java:10)
	at uk.ac.sheffield.com1003.cafe.ingredients.Coffee.&lt;init&gt;(Coffee.java:10)
	at uk.ac.sheffield.com1003.cafe.ingredients.Coffee.&lt;init&gt;(Coffee.java:10)
	at uk.ac.sheffield.com1003.cafe.ingredients.Coffee.&lt;init&gt;(Coffee.java:10)
	at uk.ac.sheffield.com1003.cafe.ingredients.Coffee.&lt;init&gt;(Coffee.java:10)
	at uk.ac.sheffield.com1003.cafe.ingredients.Coffee.&lt;init&gt;(Coffee.java:10)
	at uk.ac.sheffield.com1003.cafe.ingredients.Coffee.&lt;init&gt;(Coffee.java:10)
	at uk.ac.sheffield.com1003.cafe.ingredients.Coffee.&lt;init&gt;(Coffee.java:10)
	at uk.ac.sheffield.com1003.cafe.ingredients.Coffee.&lt;init&gt;(Coffee.java:10)
	at uk.ac.sheffield.com1003.cafe.ingredients.Coffee.&lt;init&gt;(Coffee.java:10)
	at uk.ac.sheffield.com1003.cafe.ingredients.Coffee.&lt;init&gt;(Coffee.java:10)
	at uk.ac.sheffield.com1003.cafe.ingredients.Coffee.&lt;init&gt;(Coffee.java:10)
	at uk.ac.sheffield.com1003.cafe.ingredients.Coffee.&lt;init&gt;(Coffee.java:10)
	at uk.ac.sheffield.com1003.cafe.ingredients.Coffee.&lt;init&gt;(Coffee.java:10)
	at uk.ac.sheffield.com1003.cafe.ingredients.Coffee.&lt;init&gt;(Coffee.java:10)
	at uk.ac.sheffield.com1003.cafe.ingredients.Coffee.&lt;init&gt;(Coffee.java:10)
	at uk.ac.sheffield.com1003.cafe.ingredients.Coffee.&lt;init&gt;(Coffee.java:10)
	at uk.ac.sheffield.com1003.cafe.ingredients.Coffee.&lt;init&gt;(Coffee.java:10)
	at uk.ac.sheffield.com1003.cafe.ingredients.Coffee.&lt;init&gt;(Coffee.java:10)
	at uk.ac.sheffield.com1003.cafe.ingredients.Coffee.&lt;init&gt;(Coffee.java:10)
	at uk.ac.sheffield.com1003.cafe.ingredients.Coffee.&lt;init&gt;(Coffee.java:10)
	at uk.ac.sheffield.com1003.cafe.ingredients.Coffee.&lt;init&gt;(Coffee.java:10)
	at uk.ac.sheffield.com1003.cafe.ingredients.Coffee.&lt;init&gt;(Coffee.java:10)
	at uk.ac.sheffield.com1003.cafe.ingredients.Coffee.&lt;init&gt;(Coffee.java:10)
	at uk.ac.sheffield.com1003.cafe.ingredients.Coffee.&lt;init&gt;(Coffee.java:10)
	at uk.ac.sheffield.com1003.cafe.ingredients.Coffee.&lt;init&gt;(Coffee.java:10)
	at uk.ac.sheffield.com1003.cafe.ingredients.Coffee.&lt;init&gt;(Coffee.java:10)
	at uk.ac.sheffield.com1003.cafe.ingredients.Coffee.&lt;init&gt;(Coffee.java:10)
	at uk.ac.sheffield.com1003.cafe.ingredients.Coffee.&lt;init&gt;(Coffee.java:10)
	at uk.ac.sheffield.com1003.cafe.ingredients.Coffee.&lt;init&gt;(Coffee.java:10)
	at uk.ac.sheffield.com1003.cafe.ingredients.Coffee.&lt;init&gt;(Coffee.java:10)
	at uk.ac.sheffield.com1003.cafe.ingredients.Coffee.&lt;init&gt;(Coffee.java:10)
	at uk.ac.sheffield.com1003.cafe.ingredients.Coffee.&lt;init&gt;(Coffee.java:10)
	at uk.ac.sheffield.com1003.cafe.ingredients.Coffee.&lt;init&gt;(Coffee.java:10)
	at uk.ac.sheffield.com1003.cafe.ingredients.Coffee.&lt;init&gt;(Coffee.java:10)
	at uk.ac.sheffield.com1003.cafe.ingredients.Coffee.&lt;init&gt;(Coffee.java:10)
	at uk.ac.sheffield.com1003.cafe.ingredients.Coffee.&lt;init&gt;(Coffee.java:10)
	at uk.ac.sheffield.com1003.cafe.ingredients.Coffee.&lt;init&gt;(Coffee.java:10)
	at uk.ac.sheffield.com1003.cafe.ingredients.Coffee.&lt;init&gt;(Coffee.java:10)
	at uk.ac.sheffield.com1003.cafe.ingredients.Coffee.&lt;init&gt;(Coffee.java:10)
	at uk.ac.sheffield.com1003.cafe.ingredients.Coffee.&lt;init&gt;(Coffee.java:10)
	at uk.ac.sheffield.com1003.cafe.ingredients.Coffee.&lt;init&gt;(Coffee.java:10)
	at uk.ac.sheffield.com1003.cafe.ingredients.Coffee.&lt;init&gt;(Coffee.java:10)
	at uk.ac.sheffield.com1003.cafe.ingredients.Coffee.&lt;init&gt;(Coffee.java:10)
	at uk.ac.sheffield.com1003.cafe.ingredients.Coffee.&lt;init&gt;(Coffee.java:10)
	at uk.ac.sheffield.com1003.cafe.ingredients.Coffee.&lt;init&gt;(Coffee.java:10)
	at uk.ac.sheffield.com1003.cafe.ingredients.Coffee.&lt;init&gt;(Coffee.java:10)
	at uk.ac.sheffield.com1003.cafe.ingredients.Coffee.&lt;init&gt;(Coffee.java:10)
	at uk.ac.sheffield.com1003.cafe.ingredients.Coffee.&lt;init&gt;(Coffee.java:10)
	at uk.ac.sheffield.com1003.cafe.ingredients.Coffee.&lt;init&gt;(Coffee.java:10)
	at uk.ac.sheffield.com1003.cafe.ingredients.Coffee.&lt;init&gt;(Coffee.java:10)
	at uk.ac.sheffield.com1003.cafe.ingredients.Coffee.&lt;init&gt;(Coffee.java:10)
	at uk.ac.sheffield.com1003.cafe.ingredients.Coffee.&lt;init&gt;(Coffee.java:10)
	at uk.ac.sheffield.com1003.cafe.ingredients.Coffee.&lt;init&gt;(Coffee.java:10)
	at uk.ac.sheffield.com1003.cafe.ingredients.Coffee.&lt;init&gt;(Coffee.java:10)
	at uk.ac.sheffield.com1003.cafe.ingredients.Coffee.&lt;init&gt;(Coffee.java:10)
	at uk.ac.sheffield.com1003.cafe.ingredients.Coffee.&lt;init&gt;(Coffee.java:10)
	at uk.ac.sheffield.com1003.cafe.ingredients.Coffee.&lt;init&gt;(Coffee.java:10)
	at uk.ac.sheffield.com1003.cafe.ingredients.Coffee.&lt;init&gt;(Coffee.java:10)
	at uk.ac.sheffield.com1003.cafe.ingredients.Coffee.&lt;init&gt;(Coffee.java:10)
	at uk.ac.sheffield.com1003.cafe.ingredients.Coffee.&lt;init&gt;(Coffee.java:10)
	at uk.ac.sheffield.com1003.cafe.ingredients.Coffee.&lt;init&gt;(Coffee.java:10)
	at uk.ac.sheffield.com1003.cafe.ingredients.Coffee.&lt;init&gt;(Coffee.java:10)
	at uk.ac.sheffield.com1003.cafe.ingredients.Coffee.&lt;init&gt;(Coffee.java:10)
	at uk.ac.sheffield.com1003.cafe.ingredients.Coffee.&lt;init&gt;(Coffee.java:10)
	at uk.ac.sheffield.com1003.cafe.ingredients.Coffee.&lt;init&gt;(Coffee.java:10)
	at uk.ac.sheffield.com1003.cafe.ingredients.Coffee.&lt;init&gt;(Coffee.java:10)
	at uk.ac.sheffield.com1003.cafe.ingredients.Coffee.&lt;init&gt;(Coffee.java:10)
	at uk.ac.sheffield.com1003.cafe.ingredients.Coffee.&lt;init&gt;(Coffee.java:10)
	at uk.ac.sheffield.com1003.cafe.ingredients.Coffee.&lt;init&gt;(Coffee.java:10)
	at uk.ac.sheffield.com1003.cafe.ingredients.Coffee.&lt;init&gt;(Coffee.java:10)
	at uk.ac.sheffield.com1003.cafe.ingredients.Coffee.&lt;init&gt;(Coffee.java:10)
	at uk.ac.sheffield.com1003.cafe.ingredients.Coffee.&lt;init&gt;(Coffee.java:10)
	at uk.ac.sheffield.com1003.cafe.ingredients.Coffee.&lt;init&gt;(Coffee.java:10)
	at uk.ac.sheffield.com1003.cafe.ingredients.Coffee.&lt;init&gt;(Coffee.java:10)
	at uk.ac.sheffield.com1003.cafe.ingredients.Coffee.&lt;init&gt;(Coffee.java:10)
	at uk.ac.sheffield.com1003.cafe.ingredients.Coffee.&lt;init&gt;(Coffee.java:10)
	at uk.ac.sheffield.com1003.cafe.ingredients.Coffee.&lt;init&gt;(Coffee.java:10)
	at uk.ac.sheffield.com1003.cafe.ingredients.Coffee.&lt;init&gt;(Coffee.java:10)
	at uk.ac.sheffield.com1003.cafe.ingredients.Coffee.&lt;init&gt;(Coffee.java:10)
	at uk.ac.sheffield.com1003.cafe.ingredients.Coffee.&lt;init&gt;(Coffee.java:10)
	at uk.ac.sheffield.com1003.cafe.ingredients.Coffee.&lt;init&gt;(Coffee.java:10)
	at uk.ac.sheffield.com1003.cafe.ingredients.Coffee.&lt;init&gt;(Coffee.java:10)
	at uk.ac.sheffield.com1003.cafe.ingredients.Coffee.&lt;init&gt;(Coffee.java:10)
	at uk.ac.sheffield.com1003.cafe.ingredients.Coffee.&lt;init&gt;(Coffee.java:10)
	at uk.ac.sheffield.com1003.cafe.ingredients.Coffee.&lt;init&gt;(Coffee.java:10)
	at uk.ac.sheffield.com1003.cafe.ingredients.Coffee.&lt;init&gt;(Coffee.java:10)
	at uk.ac.sheffield.com1003.cafe.ingredients.Coffee.&lt;init&gt;(Coffee.java:10)
	at uk.ac.sheffield.com1003.cafe.ingredients.Coffee.&lt;init&gt;(Coffee.java:10)
	at uk.ac.sheffield.com1003.cafe.ingredients.Coffee.&lt;init&gt;(Coffee.java:10)
	at uk.ac.sheffield.com1003.cafe.ingredients.Coffee.&lt;init&gt;(Coffee.java:10)
	at uk.ac.sheffield.com1003.cafe.ingredients.Coffee.&lt;init&gt;(Coffee.java:10)
	at uk.ac.sheffield.com1003.cafe.ingredients.Coffee.&lt;init&gt;(Coffee.java:10)
	at uk.ac.sheffield.com1003.cafe.ingredients.Coffee.&lt;init&gt;(Coffee.java:10)
	at uk.ac.sheffield.com1003.cafe.ingredients.Coffee.&lt;init&gt;(Coffee.java:10)
	at uk.ac.sheffield.com1003.cafe.ingredients.Coffee.&lt;init&gt;(Coffee.java:10)
	at uk.ac.sheffield.com1003.cafe.ingredients.Coffee.&lt;init&gt;(Coffee.java:10)
	at uk.ac.sheffield.com1003.cafe.ingredients.Coffee.&lt;init&gt;(Coffee.java:10)
	at uk.ac.sheffield.com1003.cafe.ingredients.Coffee.&lt;init&gt;(Coffee.java:10)
	at uk.ac.sheffield.com1003.cafe.ingredients.Coffee.&lt;init&gt;(Coffee.java:10)
	at uk.ac.sheffield.com1003.cafe.ingredients.Coffee.&lt;init&gt;(Coffee.java:10)
	at uk.ac.sheffield.com1003.cafe.ingredients.Coffee.&lt;init&gt;(Coffee.java:10)
	at uk.ac.sheffield.com1003.cafe.ingredients.Coffee.&lt;init&gt;(Coffee.java:10)
	at uk.ac.sheffield.com1003.cafe.ingredients.Coffee.&lt;init&gt;(Coffee.java:10)
	at uk.ac.sheffield.com1003.cafe.ingredients.Coffee.&lt;init&gt;(Coffee.java:10)
	at uk.ac.sheffield.com1003.cafe.ingredients.Coffee.&lt;init&gt;(Coffee.java:10)
	at uk.ac.sheffield.com1003.cafe.ingredients.Coffee.&lt;init&gt;(Coffee.java:10)
	at uk.ac.sheffield.com1003.cafe.ingredients.Coffee.&lt;init&gt;(Coffee.java:10)
	at uk.ac.sheffield.com1003.cafe.ingredients.Coffee.&lt;init&gt;(Coffee.java:10)
	at uk.ac.sheffield.com1003.cafe.ingredients.Coffee.&lt;init&gt;(Coffee.java:10)
	at uk.ac.sheffield.com1003.cafe.ingredients.Coffee.&lt;init&gt;(Coffee.java:10)
	at uk.ac.sheffield.com1003.cafe.ingredients.Coffee.&lt;init&gt;(Coffee.java:10)
	at uk.ac.sheffield.com1003.cafe.ingredients.Coffee.&lt;init&gt;(Coffee.java:10)
	at uk.ac.sheffield.com1003.cafe.ingredients.Coffee.&lt;init&gt;(Coffee.java:10)
	at uk.ac.sheffield.com1003.cafe.ingredients.Coffee.&lt;init&gt;(Coffee.java:10)
	at uk.ac.sheffield.com1003.cafe.ingredients.Coffee.&lt;init&gt;(Coffee.java:10)
	at uk.ac.sheffield.com1003.cafe.ingredients.Coffee.&lt;init&gt;(Coffee.java:10)
	at uk.ac.sheffield.com1003.cafe.ingredients.Coffee.&lt;init&gt;(Coffee.java:10)
	at uk.ac.sheffield.com1003.cafe.ingredients.Coffee.&lt;init&gt;(Coffee.java:10)
	at uk.ac.sheffield.com1003.cafe.ingredients.Coffee.&lt;init&gt;(Coffee.java:10)
	at uk.ac.sheffield.com1003.cafe.ingredients.Coffee.&lt;init&gt;(Coffee.java:10)
	at uk.ac.sheffield.com1003.cafe.ingredients.Coffee.&lt;init&gt;(Coffee.java:10)
	at uk.ac.sheffield.com1003.cafe.ingredients.Coffee.&lt;init&gt;(Coffee.java:10)
	at uk.ac.sheffield.com1003.cafe.ingredients.Coffee.&lt;init&gt;(Coffee.java:10)
	at uk.ac.sheffield.com1003.cafe.ingredients.Coffee.&lt;init&gt;(Coffee.java:10)
	at uk.ac.sheffield.com1003.cafe.ingredients.Coffee.&lt;init&gt;(Coffee.java:10)
	at uk.ac.sheffield.com1003.cafe.ingredients.Coffee.&lt;init&gt;(Coffee.java:10)
	at uk.ac.sheffield.com1003.cafe.ingredients.Coffee.&lt;init&gt;(Coffee.java:10)
	at uk.ac.sheffield.com1003.cafe.ingredients.Coffee.&lt;init&gt;(Coffee.java:10)
	at uk.ac.sheffield.com1003.cafe.ingredients.Coffee.&lt;init&gt;(Coffee.java:10)
	at uk.ac.sheffield.com1003.cafe.ingredients.Coffee.&lt;init&gt;(Coffee.java:10)
	at uk.ac.sheffield.com1003.cafe.ingredients.Coffee.&lt;init&gt;(Coffee.java:10)
	at uk.ac.sheffield.com1003.cafe.ingredients.Coffee.&lt;init&gt;(Coffee.java:10)
	at uk.ac.sheffield.com1003.cafe.ingredients.Coffee.&lt;init&gt;(Coffee.java:10)
	at uk.ac.sheffield.com1003.cafe.ingredients.Coffee.&lt;init&gt;(Coffee.java:10)
	at uk.ac.sheffield.com1003.cafe.ingredients.Coffee.&lt;init&gt;(Coffee.java:10)
	at uk.ac.sheffield.com1003.cafe.ingredients.Coffee.&lt;init&gt;(Coffee.java:10)
	at uk.ac.sheffield.com1003.cafe.ingredients.Coffee.&lt;init&gt;(Coffee.java:10)
	at uk.ac.sheffield.com1003.cafe.ingredients.Coffee.&lt;init&gt;(Coffee.java:10)
	at uk.ac.sheffield.com1003.cafe.ingredients.Coffee.&lt;init&gt;(Coffee.java:10)
	at uk.ac.sheffield.com1003.cafe.ingredients.Coffee.&lt;init&gt;(Coffee.java:10)
	at uk.ac.sheffield.com1003.cafe.ingredients.Coffee.&lt;init&gt;(Coffee.java:10)
	at uk.ac.sheffield.com1003.cafe.ingredients.Coffee.&lt;init&gt;(Coffee.java:10)
	at uk.ac.sheffield.com1003.cafe.ingredients.Coffee.&lt;init&gt;(Coffee.java:10)
	at uk.ac.sheffield.com1003.cafe.ingredients.Coffee.&lt;init&gt;(Coffee.java:10)
	at uk.ac.sheffield.com1003.cafe.ingredients.Coffee.&lt;init&gt;(Coffee.java:10)
	at uk.ac.sheffield.com1003.cafe.ingredients.Coffee.&lt;init&gt;(Coffee.java:10)
	at uk.ac.sheffield.com1003.cafe.ingredients.Coffee.&lt;init&gt;(Coffee.java:10)
	at uk.ac.sheffield.com1003.cafe.ingredients.Coffee.&lt;init&gt;(Coffee.java:10)
	at uk.ac.sheffield.com1003.cafe.ingredients.Coffee.&lt;init&gt;(Coffee.java:10)
	at uk.ac.sheffield.com1003.cafe.ingredients.Coffee.&lt;init&gt;(Coffee.java:10)
	at uk.ac.sheffield.com1003.cafe.ingredients.Coffee.&lt;init&gt;(Coffee.java:10)
	at uk.ac.sheffield.com1003.cafe.ingredients.Coffee.&lt;init&gt;(Coffee.java:10)
	at uk.ac.sheffield.com1003.cafe.ingredients.Coffee.&lt;init&gt;(Coffee.java:10)
	at uk.ac.sheffield.com1003.cafe.ingredients.Coffee.&lt;init&gt;(Coffee.java:10)
	at uk.ac.sheffield.com1003.cafe.ingredients.Coffee.&lt;init&gt;(Coffee.java:10)
	at uk.ac.sheffield.com1003.cafe.ingredients.Coffee.&lt;init&gt;(Coffee.java:10)
	at uk.ac.sheffield.com1003.cafe.ingredients.Coffee.&lt;init&gt;(Coffee.java:10)
	at uk.ac.sheffield.com1003.cafe.ingredients.Coffee.&lt;init&gt;(Coffee.java:10)
	at uk.ac.sheffield.com1003.cafe.ingredients.Coffee.&lt;init&gt;(Coffee.java:10)
	at uk.ac.sheffield.com1003.cafe.ingredients.Coffee.&lt;init&gt;(Coffee.java:10)
	at uk.ac.sheffield.com1003.cafe.ingredients.Coffee.&lt;init&gt;(Coffee.java:10)
	at uk.ac.sheffield.com1003.cafe.ingredients.Coffee.&lt;init&gt;(Coffee.java:10)
	at uk.ac.sheffield.com1003.cafe.ingredients.Coffee.&lt;init&gt;(Coffee.java:10)
	at uk.ac.sheffield.com1003.cafe.ingredients.Coffee.&lt;init&gt;(Coffee.java:10)
	at uk.ac.sheffield.com1003.cafe.ingredients.Coffee.&lt;init&gt;(Coffee.java:10)
	at uk.ac.sheffield.com1003.cafe.ingredients.Coffee.&lt;init&gt;(Coffee.java:10)
	at uk.ac.sheffield.com1003.cafe.ingredients.Coffee.&lt;init&gt;(Coffee.java:10)
	at uk.ac.sheffield.com1003.cafe.ingredients.Coffee.&lt;init&gt;(Coffee.java:10)
	at uk.ac.sheffield.com1003.cafe.ingredients.Coffee.&lt;init&gt;(Coffee.java:10)
	at uk.ac.sheffield.com1003.cafe.ingredients.Coffee.&lt;init&gt;(Coffee.java:10)
	at uk.ac.sheffield.com1003.cafe.ingredients.Coffee.&lt;init&gt;(Coffee.java:10)
	at uk.ac.sheffield.com1003.cafe.ingredients.Coffee.&lt;init&gt;(Coffee.java:10)
	at uk.ac.sheffield.com1003.cafe.ingredients.Coffee.&lt;init&gt;(Coffee.java:10)
	at uk.ac.sheffield.com1003.cafe.ingredients.Coffee.&lt;init&gt;(Coffee.java:10)
	at uk.ac.sheffield.com1003.cafe.ingredients.Coffee.&lt;init&gt;(Coffee.java:10)
	at uk.ac.sheffield.com1003.cafe.ingredients.Coffee.&lt;init&gt;(Coffee.java:10)
	at uk.ac.sheffield.com1003.cafe.ingredients.Coffee.&lt;init&gt;(Coffee.java:10)
	at uk.ac.sheffield.com1003.cafe.ingredients.Coffee.&lt;init&gt;(Coffee.java:10)
	at uk.ac.sheffield.com1003.cafe.ingredients.Coffee.&lt;init&gt;(Coffee.java:10)
	at uk.ac.sheffield.com1003.cafe.ingredients.Coffee.&lt;init&gt;(Coffee.java:10)
	at uk.ac.sheffield.com1003.cafe.ingredients.Coffee.&lt;init&gt;(Coffee.java:10)
	at uk.ac.sheffield.com1003.cafe.ingredients.Coffee.&lt;init&gt;(Coffee.java:10)
	at uk.ac.sheffield.com1003.cafe.ingredients.Coffee.&lt;init&gt;(Coffee.java:10)
	at uk.ac.sheffield.com1003.cafe.ingredients.Coffee.&lt;init&gt;(Coffee.java:10)
	at uk.ac.sheffield.com1003.cafe.ingredients.Coffee.&lt;init&gt;(Coffee.java:10)
	at uk.ac.sheffield.com1003.cafe.ingredients.Coffee.&lt;init&gt;(Coffee.java:10)
	at uk.ac.sheffield.com1003.cafe.ingredients.Coffee.&lt;init&gt;(Coffee.java:10)
	at uk.ac.sheffield.com1003.cafe.ingredients.Coffee.&lt;init&gt;(Coffee.java:10)
	at uk.ac.sheffield.com1003.cafe.ingredients.Coffee.&lt;init&gt;(Coffee.java:10)
	at uk.ac.sheffield.com1003.cafe.ingredients.Coffee.&lt;init&gt;(Coffee.java:10)
	at uk.ac.sheffield.com1003.cafe.ingredients.Coffee.&lt;init&gt;(Coffee.java:10)
	at uk.ac.sheffield.com1003.cafe.ingredients.Coffee.&lt;init&gt;(Coffee.java:10)
	at uk.ac.sheffield.com1003.cafe.ingredients.Coffee.&lt;init&gt;(Coffee.java:10)
	at uk.ac.sheffield.com1003.cafe.ingredients.Coffee.&lt;init&gt;(Coffee.java:10)
	at uk.ac.sheffield.com1003.cafe.ingredients.Coffee.&lt;init&gt;(Coffee.java:10)
	at uk.ac.sheffield.com1003.cafe.ingredients.Coffee.&lt;init&gt;(Coffee.java:10)
	at uk.ac.sheffield.com1003.cafe.ingredients.Coffee.&lt;init&gt;(Coffee.java:10)
	at uk.ac.sheffield.com1003.cafe.ingredients.Coffee.&lt;init&gt;(Coffee.java:10)
	at uk.ac.sheffield.com1003.cafe.ingredients.Coffee.&lt;init&gt;(Coffee.java:10)
	at uk.ac.sheffield.com1003.cafe.ingredients.Coffee.&lt;init&gt;(Coffee.java:10)
	at uk.ac.sheffield.com1003.cafe.ingredients.Coffee.&lt;init&gt;(Coffee.java:10)
	at uk.ac.sheffield.com1003.cafe.ingredients.Coffee.&lt;init&gt;(Coffee.java:10)
	at uk.ac.sheffield.com1003.cafe.ingredients.Coffee.&lt;init&gt;(Coffee.java:10)
	at uk.ac.sheffield.com1003.cafe.ingredients.Coffee.&lt;init&gt;(Coffee.java:10)
	at uk.ac.sheffield.com1003.cafe.ingredients.Coffee.&lt;init&gt;(Coffee.java:10)
	at uk.ac.sheffield.com1003.cafe.ingredients.Coffee.&lt;init&gt;(Coffee.java:10)
	at uk.ac.sheffield.com1003.cafe.ingredients.Coffee.&lt;init&gt;(Coffee.java:10)
	at uk.ac.sheffield.com1003.cafe.ingredients.Coffee.&lt;init&gt;(Coffee.java:10)
	at uk.ac.sheffield.com1003.cafe.ingredients.Coffee.&lt;init&gt;(Coffee.java:10)
	at uk.ac.sheffield.com1003.cafe.ingredients.Coffee.&lt;init&gt;(Coffee.java:10)
	at uk.ac.sheffield.com1003.cafe.ingredients.Coffee.&lt;init&gt;(Coffee.java:10)
	at uk.ac.sheffield.com1003.cafe.ingredients.Coffee.&lt;init&gt;(Coffee.java:10)
	at uk.ac.sheffield.com1003.cafe.ingredients.Coffee.&lt;init&gt;(Coffee.java:10)
	at uk.ac.sheffield.com1003.cafe.ingredients.Coffee.&lt;init&gt;(Coffee.java:10)
	at uk.ac.sheffield.com1003.cafe.ingredients.Coffee.&lt;init&gt;(Coffee.java:10)
	at uk.ac.sheffield.com1003.cafe.ingredients.Coffee.&lt;init&gt;(Coffee.java:10)
	at uk.ac.sheffield.com1003.cafe.ingredients.Coffee.&lt;init&gt;(Coffee.java:10)
	at uk.ac.sheffield.com1003.cafe.ingredients.Coffee.&lt;init&gt;(Coffee.java:10)
	at uk.ac.sheffield.com1003.cafe.ingredients.Coffee.&lt;init&gt;(Coffee.java:10)
	at uk.ac.sheffield.com1003.cafe.ingredients.Coffee.&lt;init&gt;(Coffee.java:10)
	at uk.ac.sheffield.com1003.cafe.ingredients.Coffee.&lt;init&gt;(Coffee.java:10)
	at uk.ac.sheffield.com1003.cafe.ingredients.Coffee.&lt;init&gt;(Coffee.java:10)
	at uk.ac.sheffield.com1003.cafe.ingredients.Coffee.&lt;init&gt;(Coffee.java:10)
	at uk.ac.sheffield.com1003.cafe.ingredients.Coffee.&lt;init&gt;(Coffee.java:10)
	at uk.ac.sheffield.com1003.cafe.ingredients.Coffee.&lt;init&gt;(Coffee.java:10)
	at uk.ac.sheffield.com1003.cafe.ingredients.Coffee.&lt;init&gt;(Coffee.java:10)
	at uk.ac.sheffield.com1003.cafe.ingredients.Coffee.&lt;init&gt;(Coffee.java:10)
	at uk.ac.sheffield.com1003.cafe.ingredients.Coffee.&lt;init&gt;(Coffee.java:10)
	at uk.ac.sheffield.com1003.cafe.ingredients.Coffee.&lt;init&gt;(Coffee.java:10)
	at uk.ac.sheffield.com1003.cafe.ingredients.Coffee.&lt;init&gt;(Coffee.java:10)
	at uk.ac.sheffield.com1003.cafe.ingredients.Coffee.&lt;init&gt;(Coffee.java:10)
	at uk.ac.sheffield.com1003.cafe.ingredients.Coffee.&lt;init&gt;(Coffee.java:10)
	at uk.ac.sheffield.com1003.cafe.ingredients.Coffee.&lt;init&gt;(Coffee.java:10)
	at uk.ac.sheffield.com1003.cafe.ingredients.Coffee.&lt;init&gt;(Coffee.java:10)
	at uk.ac.sheffield.com1003.cafe.ingredients.Coffee.&lt;init&gt;(Coffee.java:10)
	at uk.ac.sheffield.com1003.cafe.ingredients.Coffee.&lt;init&gt;(Coffee.java:10)
	at uk.ac.sheffield.com1003.cafe.ingredients.Coffee.&lt;init&gt;(Coffee.java:10)
	at uk.ac.sheffield.com1003.cafe.ingredients.Coffee.&lt;init&gt;(Coffee.java:10)
	at uk.ac.sheffield.com1003.cafe.ingredients.Coffee.&lt;init&gt;(Coffee.java:10)
	at uk.ac.sheffield.com1003.cafe.ingredients.Coffee.&lt;init&gt;(Coffee.java:10)
	at uk.ac.sheffield.com1003.cafe.ingredients.Coffee.&lt;init&gt;(Coffee.java:10)
	at uk.ac.sheffield.com1003.cafe.ingredients.Coffee.&lt;init&gt;(Coffee.java:10)
	at uk.ac.sheffield.com1003.cafe.ingredients.Coffee.&lt;init&gt;(Coffee.java:10)
	at uk.ac.sheffield.com1003.cafe.ingredients.Coffee.&lt;init&gt;(Coffee.java:10)
	at uk.ac.sheffield.com1003.cafe.ingredients.Coffee.&lt;init&gt;(Coffee.java:10)
	at uk.ac.sheffield.com1003.cafe.ingredients.Coffee.&lt;init&gt;(Coffee.java:10)
	at uk.ac.sheffield.com1003.cafe.ingredients.Coffee.&lt;init&gt;(Coffee.java:10)
	at uk.ac.sheffield.com1003.cafe.ingredients.Coffee.&lt;init&gt;(Coffee.java:10)
	at uk.ac.sheffield.com1003.cafe.ingredients.Coffee.&lt;init&gt;(Coffee.java:10)
	at uk.ac.sheffield.com1003.cafe.ingredients.Coffee.&lt;init&gt;(Coffee.java:10)
	at uk.ac.sheffield.com1003.cafe.ingredients.Coffee.&lt;init&gt;(Coffee.java:10)
	at uk.ac.sheffield.com1003.cafe.ingredients.Coffee.&lt;init&gt;(Coffee.java:10)
	at uk.ac.sheffield.com1003.cafe.ingredients.Coffee.&lt;init&gt;(Coffee.java:10)
	at uk.ac.sheffield.com1003.cafe.ingredients.Coffee.&lt;init&gt;(Coffee.java:10)
	at uk.ac.sheffield.com1003.cafe.ingredients.Coffee.&lt;init&gt;(Coffee.java:10)
	at uk.ac.sheffield.com1003.cafe.ingredients.Coffee.&lt;init&gt;(Coffee.java:10)
	at uk.ac.sheffield.com1003.cafe.ingredients.Coffee.&lt;init&gt;(Coffee.java:10)
	at uk.ac.sheffield.com1003.cafe.ingredients.Coffee.&lt;init&gt;(Coffee.java:10)
	at uk.ac.sheffield.com1003.cafe.ingredients.Coffee.&lt;init&gt;(Coffee.java:10)
	at uk.ac.sheffield.com1003.cafe.ingredients.Coffee.&lt;init&gt;(Coffee.java:10)
	at uk.ac.sheffield.com1003.cafe.ingredients.Coffee.&lt;init&gt;(Coffee.java:10)
	at uk.ac.sheffield.com1003.cafe.ingredients.Coffee.&lt;init&gt;(Coffee.java:10)
	at uk.ac.sheffield.com1003.cafe.ingredients.Coffee.&lt;init&gt;(Coffee.java:10)
	at uk.ac.sheffield.com1003.cafe.ingredients.Coffee.&lt;init&gt;(Coffee.java:10)
	at uk.ac.sheffield.com1003.cafe.ingredients.Coffee.&lt;init&gt;(Coffee.java:10)
	at uk.ac.sheffield.com1003.cafe.ingredients.Coffee.&lt;init&gt;(Coffee.java:10)
	at uk.ac.sheffield.com1003.cafe.ingredients.Coffee.&lt;init&gt;(Coffee.java:10)
	at uk.ac.sheffield.com1003.cafe.ingredients.Coffee.&lt;init&gt;(Coffee.java:10)
	at uk.ac.sheffield.com1003.cafe.ingredients.Coffee.&lt;init&gt;(Coffee.java:10)
	at uk.ac.sheffield.com1003.cafe.ingredients.Coffee.&lt;init&gt;(Coffee.java:10)
	at uk.ac.sheffield.com1003.cafe.ingredients.Coffee.&lt;init&gt;(Coffee.java:10)
	at uk.ac.sheffield.com1003.cafe.ingredients.Coffee.&lt;init&gt;(Coffee.java:10)
	at uk.ac.sheffield.com1003.cafe.ingredients.Coffee.&lt;init&gt;(Coffee.java:10)
	at uk.ac.sheffield.com1003.cafe.ingredients.Coffee.&lt;init&gt;(Coffee.java:10)
	at uk.ac.sheffield.com1003.cafe.ingredients.Coffee.&lt;init&gt;(Coffee.java:10)
	at uk.ac.sheffield.com1003.cafe.ingredients.Coffee.&lt;init&gt;(Coffee.java:10)
	at uk.ac.sheffield.com1003.cafe.ingredients.Coffee.&lt;init&gt;(Coffee.java:10)
	at uk.ac.sheffield.com1003.cafe.ingredients.Coffee.&lt;init&gt;(Coffee.java:10)
	at uk.ac.sheffield.com1003.cafe.ingredients.Coffee.&lt;init&gt;(Coffee.java:10)
	at uk.ac.sheffield.com1003.cafe.ingredients.Coffee.&lt;init&gt;(Coffee.java:10)
	at uk.ac.sheffield.com1003.cafe.ingredients.Coffee.&lt;init&gt;(Coffee.java:10)
	at uk.ac.sheffield.com1003.cafe.ingredients.Coffee.&lt;init&gt;(Coffee.java:10)
	at uk.ac.sheffield.com1003.cafe.ingredients.Coffee.&lt;init&gt;(Coffee.java:10)
	at uk.ac.sheffield.com1003.cafe.ingredients.Coffee.&lt;init&gt;(Coffee.java:10)
	at uk.ac.sheffield.com1003.cafe.ingredients.Coffee.&lt;init&gt;(Coffee.java:10)
	at uk.ac.sheffield.com1003.cafe.ingredients.Coffee.&lt;init&gt;(Coffee.java:10)
	at uk.ac.sheffield.com1003.cafe.ingredients.Coffee.&lt;init&gt;(Coffee.java:10)
	at uk.ac.sheffield.com1003.cafe.ingredients.Coffee.&lt;init&gt;(Coffee.java:10)
	at uk.ac.sheffield.com1003.cafe.ingredients.Coffee.&lt;init&gt;(Coffee.java:10)
	at uk.ac.sheffield.com1003.cafe.ingredients.Coffee.&lt;init&gt;(Coffee.java:10)
	at uk.ac.sheffield.com1003.cafe.ingredients.Coffee.&lt;init&gt;(Coffee.java:10)
	at uk.ac.sheffield.com1003.cafe.ingredients.Coffee.&lt;init&gt;(Coffee.java:10)
	at uk.ac.sheffield.com1003.cafe.ingredients.Coffee.&lt;init&gt;(Coffee.java:10)
	at uk.ac.sheffield.com1003.cafe.ingredients.Coffee.&lt;init&gt;(Coffee.java:10)
	at uk.ac.sheffield.com1003.cafe.ingredients.Coffee.&lt;init&gt;(Coffee.java:10)
	at uk.ac.sheffield.com1003.cafe.ingredients.Coffee.&lt;init&gt;(Coffee.java:10)
	at uk.ac.sheffield.com1003.cafe.ingredients.Coffee.&lt;init&gt;(Coffee.java:10)
	at uk.ac.sheffield.com1003.cafe.ingredients.Coffee.&lt;init&gt;(Coffee.java:10)
	at uk.ac.sheffield.com1003.cafe.ingredients.Coffee.&lt;init&gt;(Coffee.java:10)
	at uk.ac.sheffield.com1003.cafe.ingredients.Coffee.&lt;init&gt;(Coffee.java:10)
	at uk.ac.sheffield.com1003.cafe.ingredients.Coffee.&lt;init&gt;(Coffee.java:10)
	at uk.ac.sheffield.com1003.cafe.ingredients.Coffee.&lt;init&gt;(Coffee.java:10)
	at uk.ac.sheffield.com1003.cafe.ingredients.Coffee.&lt;init&gt;(Coffee.java:10)
	at uk.ac.sheffield.com1003.cafe.ingredients.Coffee.&lt;init&gt;(Coffee.java:10)
	at uk.ac.sheffield.com1003.cafe.ingredients.Coffee.&lt;init&gt;(Coffee.java:10)
	at uk.ac.sheffield.com1003.cafe.ingredients.Coffee.&lt;init&gt;(Coffee.java:10)
	at uk.ac.sheffield.com1003.cafe.ingredients.Coffee.&lt;init&gt;(Coffee.java:10)
	at uk.ac.sheffield.com1003.cafe.ingredients.Coffee.&lt;init&gt;(Coffee.java:10)
	at uk.ac.sheffield.com1003.cafe.ingredients.Coffee.&lt;init&gt;(Coffee.java:10)
	at uk.ac.sheffield.com1003.cafe.ingredients.Coffee.&lt;init&gt;(Coffee.java:10)
	at uk.ac.sheffield.com1003.cafe.ingredients.Coffee.&lt;init&gt;(Coffee.java:10)
</failure>
  </testcase>
  <system-out><![CDATA[]]></system-out>
  <system-err><![CDATA[]]></system-err>
</testsuite>
