<?xml version="1.0" encoding="UTF-8"?>
<testsuite name="uk.ac.sheffield.com1003.cafe.TestCafeTask2" tests="4" skipped="0" failures="2" errors="0" timestamp="2024-03-18T21:55:52" hostname="Ruizhens-MacBook-Pro.local" time="0.01">
  <properties/>
  <testcase name="testPrintMenuExactFormat" classname="uk.ac.sheffield.com1003.cafe.TestCafeTask2" time="0.005">
    <failure message="java.lang.StackOverflowError" type="java.lang.StackOverflowError">java.lang.StackOverflowError
	at uk.ac.sheffield.com1003.cafe.ingredients.Coffee.&lt;init&gt;(Coffee.java:10)
	at uk.ac.sheffield.com1003.cafe.ingredients.Coffee.&lt;init&gt;(Coffee.java:10)
	at uk.ac.sheffield.com1003.cafe.ingredients.Coffee.&lt;init&gt;(Coffee.java:10)
	at uk.ac.sheffield.com1003.cafe.ingredients.Coffee.&lt;init&gt;(Coffee.java:10)
	at uk.ac.sheffield.com1003.cafe.ingredients.Coffee.&lt;init&gt;(Coffee.java:10)
	at uk.ac.sheffield.com1003.cafe.ingredients.Coffee.&lt;init&gt;(Coffee.java:10)
	at uk.ac.sheffield.com1003.cafe.ingredients.Coffee.&lt;init&gt;(Coffee.java:10)
	at uk.ac.sheffield.com1003.cafe.ingredients.Coffee.&lt;init&gt;(Coffee.java:10)
	at uk.ac.sheffield.com1003.cafe.ingredients.Coffee.&lt;init&gt;(Coffee.java:10)
	at uk.ac.sheffield.com1003.cafe.ingredients.Coffee.&lt;init&gt;(Coffee.java:10)
	at uk.ac.sheffield.com1003.cafe.ingredients.Coffee.&lt;init&gt;(Coffee.java:10)
	at uk.ac.sheffield.com1003.cafe.ingredients.Coffee.&lt;init&gt;(Coffee.java:10)
	at uk.ac.sheffield.com1003.cafe.ingredients.Coffee.&lt;init&gt;(Coffee.java:10)
	at uk.ac.sheffield.com1003.cafe.ingredients.Coffee.&lt;init&gt;(Coffee.java:10)
	at uk.ac.sheffield.com1003.cafe.ingredients.Coffee.&lt;init&gt;(Coffee.java:10)
	at uk.ac.sheffield.com1003.cafe.ingredients.Coffee.&lt;init&gt;(Coffee.java:10)
	at uk.ac.sheffield.com1003.cafe.ingredients.Coffee.&lt;init&gt;(Coffee.java:10)
	at uk.ac.sheffield.com1003.cafe.ingredients.Coffee.&lt;init&gt;(Coffee.java:10)
	at uk.ac.sheffield.com1003.cafe.ingredients.Coffee.&lt;init&gt;(Coffee.java:10)
	at uk.ac.sheffield.com1003.cafe.ingredients.Coffee.&lt;init&gt;(Coffee.java:10)
	at uk.ac.sheffield.com1003.cafe.ingredients.Coffee.&lt;init&gt;(Coffee.java:10)
	at uk.ac.sheffield.com1003.cafe.ingredients.Coffee.&lt;init&gt;(Coffee.java:10)
	at uk.ac.sheffield.com1003.cafe.ingredients.Coffee.&lt;init&gt;(Coffee.java:10)
	at uk.ac.sheffield.com1003.cafe.ingredients.Coffee.&lt;init&gt;(Coffee.java:10)
	at uk.ac.sheffield.com1003.cafe.ingredients.Coffee.&lt;init&gt;(Coffee.java:10)
	at uk.ac.sheffield.com1003.cafe.ingredients.Coffee.&lt;init&gt;(Coffee.java:10)
	at uk.ac.sheffield.com1003.cafe.ingredients.Coffee.&lt;init&gt;(Coffee.java:10)
	at uk.ac.sheffield.com1003.cafe.ingredients.Coffee.&lt;init&gt;(Coffee.java:10)
	at uk.ac.sheffield.com1003.cafe.ingredients.Coffee.&lt;init&gt;(Coffee.java:10)
	at uk.ac.sheffield.com1003.cafe.ingredients.Coffee.&lt;init&gt;(Coffee.java:10)
	at uk.ac.sheffield.com1003.cafe.ingredients.Coffee.&lt;init&gt;(Coffee.java:10)
	at uk.ac.sheffield.com1003.cafe.ingredients.Coffee.&lt;init&gt;(Coffee.java:10)
	at uk.ac.sheffield.com1003.cafe.ingredients.Coffee.&lt;init&gt;(Coffee.java:10)
	at uk.ac.sheffield.com1003.cafe.ingredients.Coffee.&lt;init&gt;(Coffee.java:10)
	at uk.ac.sheffield.com1003.cafe.ingredients.Coffee.&lt;init&gt;(Coffee.java:10)
	at uk.ac.sheffield.com1003.cafe.ingredients.Coffee.&lt;init&gt;(Coffee.java:10)
	at uk.ac.sheffield.com1003.cafe.ingredients.Coffee.&lt;init&gt;(Coffee.java:10)
	at uk.ac.sheffield.com1003.cafe.ingredients.Coffee.&lt;init&gt;(Coffee.java:10)
	at uk.ac.sheffield.com1003.cafe.ingredients.Coffee.&lt;init&gt;(Coffee.java:10)
	at uk.ac.sheffield.com1003.cafe.ingredients.Coffee.&lt;init&gt;(Coffee.java:10)
	at uk.ac.sheffield.com1003.cafe.ingredients.Coffee.&lt;init&gt;(Coffee.java:10)
	at uk.ac.sheffield.com1003.cafe.ingredients.Coffee.&lt;init&gt;(Coffee.java:10)
	at uk.ac.sheffield.com1003.cafe.ingredients.Coffee.&lt;init&gt;(Coffee.java:10)
	at uk.ac.sheffield.com1003.cafe.ingredients.Coffee.&lt;init&gt;(Coffee.java:10)
	at uk.ac.sheffield.com1003.cafe.ingredients.Coffee.&lt;init&gt;(Coffee.java:10)
	at uk.ac.sheffield.com1003.cafe.ingredients.Coffee.&lt;init&gt;(Coffee.java:10)
	at uk.ac.sheffield.com1003.cafe.ingredients.Coffee.&lt;init&gt;(Coffee.java:10)
	at uk.ac.sheffield.com1003.cafe.ingredients.Coffee.&lt;init&gt;(Coffee.java:10)
	at uk.ac.sheffield.com1003.cafe.ingredients.Coffee.&lt;init&gt;(Coffee.java:10)
	at uk.ac.sheffield.com1003.cafe.ingredients.Coffee.&lt;init&gt;(Coffee.java:10)
	at uk.ac.sheffield.com1003.cafe.ingredients.Coffee.&lt;init&gt;(Coffee.java:10)
	at uk.ac.sheffield.com1003.cafe.ingredients.Coffee.&lt;init&gt;(Coffee.java:10)
	at uk.ac.sheffield.com1003.cafe.ingredients.Coffee.&lt;init&gt;(Coffee.java:10)
	at uk.ac.sheffield.com1003.cafe.ingredients.Coffee.&lt;init&gt;(Coffee.java:10)
	at uk.ac.sheffield.com1003.cafe.ingredients.Coffee.&lt;init&gt;(Coffee.java:10)
	at uk.ac.sheffield.com1003.cafe.ingredients.Coffee.&lt;init&gt;(Coffee.java:10)
	at uk.ac.sheffield.com1003.cafe.ingredients.Coffee.&lt;init&gt;(Coffee.java:10)
	at uk.ac.sheffield.com1003.cafe.ingredients.Coffee.&lt;init&gt;(Coffee.java:10)
	at uk.ac.sheffield.com1003.cafe.ingredients.Coffee.&lt;init&gt;(Coffee.java:10)
	at uk.ac.sheffield.com1003.cafe.ingredients.Coffee.&lt;init&gt;(Coffee.java:10)
	at uk.ac.sheffield.com1003.cafe.ingredients.Coffee.&lt;init&gt;(Coffee.java:10)
	at uk.ac.sheffield.com1003.cafe.ingredients.Coffee.&lt;init&gt;(Coffee.java:10)
	at uk.ac.sheffield.com1003.cafe.ingredients.Coffee.&lt;init&gt;(Coffee.java:10)
	at uk.ac.sheffield.com1003.cafe.ingredients.Coffee.&lt;init&gt;(Coffee.java:10)
	at uk.ac.sheffield.com1003.cafe.ingredients.Coffee.&lt;init&gt;(Coffee.java:10)
	at uk.ac.sheffield.com1003.cafe.ingredients.Coffee.&lt;init&gt;(Coffee.java:10)
	at uk.ac.sheffield.com1003.cafe.ingredients.Coffee.&lt;init&gt;(Coffee.java:10)
	at uk.ac.sheffield.com1003.cafe.ingredients.Coffee.&lt;init&gt;(Coffee.java:10)
	at uk.ac.sheffield.com1003.cafe.ingredients.Coffee.&lt;init&gt;(Coffee.java:10)
	at uk.ac.sheffield.com1003.cafe.ingredients.Coffee.&lt;init&gt;(Coffee.java:10)
	at uk.ac.sheffield.com1003.cafe.ingredients.Coffee.&lt;init&gt;(Coffee.java:10)
	at uk.ac.sheffield.com1003.cafe.ingredients.Coffee.&lt;init&gt;(Coffee.java:10)
	at uk.ac.sheffield.com1003.cafe.ingredients.Coffee.&lt;init&gt;(Coffee.java:10)
	at uk.ac.sheffield.com1003.cafe.ingredients.Coffee.&lt;init&gt;(Coffee.java:10)
	at uk.ac.sheffield.com1003.cafe.ingredients.Coffee.&lt;init&gt;(Coffee.java:10)
	at uk.ac.sheffield.com1003.cafe.ingredients.Coffee.&lt;init&gt;(Coffee.java:10)
	at uk.ac.sheffield.com1003.cafe.ingredients.Coffee.&lt;init&gt;(Coffee.java:10)
	at uk.ac.sheffield.com1003.cafe.ingredients.Coffee.&lt;init&gt;(Coffee.java:10)
	at uk.ac.sheffield.com1003.cafe.ingredients.Coffee.&lt;init&gt;(Coffee.java:10)
	at uk.ac.sheffield.com1003.cafe.ingredients.Coffee.&lt;init&gt;(Coffee.java:10)
	at uk.ac.sheffield.com1003.cafe.ingredients.Coffee.&lt;init&gt;(Coffee.java:10)
	at uk.ac.sheffield.com1003.cafe.ingredients.Coffee.&lt;init&gt;(Coffee.java:10)
	at uk.ac.sheffield.com1003.cafe.ingredients.Coffee.&lt;init&gt;(Coffee.java:10)
	at uk.ac.sheffield.com1003.cafe.ingredients.Coffee.&lt;init&gt;(Coffee.java:10)
	at uk.ac.sheffield.com1003.cafe.ingredients.Coffee.&lt;init&gt;(Coffee.java:10)
	at uk.ac.sheffield.com1003.cafe.ingredients.Coffee.&lt;init&gt;(Coffee.java:10)
	at uk.ac.sheffield.com1003.cafe.ingredients.Coffee.&lt;init&gt;(Coffee.java:10)
	at uk.ac.sheffield.com1003.cafe.ingredients.Coffee.&lt;init&gt;(Coffee.java:10)
	at uk.ac.sheffield.com1003.cafe.ingredients.Coffee.&lt;init&gt;(Coffee.java:10)
	at uk.ac.sheffield.com1003.cafe.ingredients.Coffee.&lt;init&gt;(Coffee.java:10)
	at uk.ac.sheffield.com1003.cafe.ingredients.Coffee.&lt;init&gt;(Coffee.java:10)
	at uk.ac.sheffield.com1003.cafe.ingredients.Coffee.&lt;init&gt;(Coffee.java:10)
	at uk.ac.sheffield.com1003.cafe.ingredients.Coffee.&lt;init&gt;(Coffee.java:10)
	at uk.ac.sheffield.com1003.cafe.ingredients.Coffee.&lt;init&gt;(Coffee.java:10)
	at uk.ac.sheffield.com1003.cafe.ingredients.Coffee.&lt;init&gt;(Coffee.java:10)
	at uk.ac.sheffield.com1003.cafe.ingredients.Coffee.&lt;init&gt;(Coffee.java:10)
	at uk.ac.sheffield.com1003.cafe.ingredients.Coffee.&lt;init&gt;(Coffee.java:10)
	at uk.ac.sheffield.com1003.cafe.ingredients.Coffee.&lt;init&gt;(Coffee.java:10)
	at uk.ac.sheffield.com1003.cafe.ingredients.Coffee.&lt;init&gt;(Coffee.java:10)
	at uk.ac.sheffield.com1003.cafe.ingredients.Coffee.&lt;init&gt;(Coffee.java:10)
	at uk.ac.sheffield.com1003.cafe.ingredients.Coffee.&lt;init&gt;(Coffee.java:10)
	at uk.ac.sheffield.com1003.cafe.ingredients.Coffee.&lt;init&gt;(Coffee.java:10)
	at uk.ac.sheffield.com1003.cafe.ingredients.Coffee.&lt;init&gt;(Coffee.java:10)
	at uk.ac.sheffield.com1003.cafe.ingredients.Coffee.&lt;init&gt;(Coffee.java:10)
	at uk.ac.sheffield.com1003.cafe.ingredients.Coffee.&lt;init&gt;(Coffee.java:10)
	at uk.ac.sheffield.com1003.cafe.ingredients.Coffee.&lt;init&gt;(Coffee.java:10)
	at uk.ac.sheffield.com1003.cafe.ingredients.Coffee.&lt;init&gt;(Coffee.java:10)
	at uk.ac.sheffield.com1003.cafe.ingredients.Coffee.&lt;init&gt;(Coffee.java:10)
	at uk.ac.sheffield.com1003.cafe.ingredients.Coffee.&lt;init&gt;(Coffee.java:10)
	at uk.ac.sheffield.com1003.cafe.ingredients.Coffee.&lt;init&gt;(Coffee.java:10)
	at uk.ac.sheffield.com1003.cafe.ingredients.Coffee.&lt;init&gt;(Coffee.java:10)
	at uk.ac.sheffield.com1003.cafe.ingredients.Coffee.&lt;init&gt;(Coffee.java:10)
	at uk.ac.sheffield.com1003.cafe.ingredients.Coffee.&lt;init&gt;(Coffee.java:10)
	at uk.ac.sheffield.com1003.cafe.ingredients.Coffee.&lt;init&gt;(Coffee.java:10)
	at uk.ac.sheffield.com1003.cafe.ingredients.Coffee.&lt;init&gt;(Coffee.java:10)
	at uk.ac.sheffield.com1003.cafe.ingredients.Coffee.&lt;init&gt;(Coffee.java:10)
	at uk.ac.sheffield.com1003.cafe.ingredients.Coffee.&lt;init&gt;(Coffee.java:10)
	at uk.ac.sheffield.com1003.cafe.ingredients.Coffee.&lt;init&gt;(Coffee.java:10)
	at uk.ac.sheffield.com1003.cafe.ingredients.Coffee.&lt;init&gt;(Coffee.java:10)
	at uk.ac.sheffield.com1003.cafe.ingredients.Coffee.&lt;init&gt;(Coffee.java:10)
	at uk.ac.sheffield.com1003.cafe.ingredients.Coffee.&lt;init&gt;(Coffee.java:10)
	at uk.ac.sheffield.com1003.cafe.ingredients.Coffee.&lt;init&gt;(Coffee.java:10)
	at uk.ac.sheffield.com1003.cafe.ingredients.Coffee.&lt;init&gt;(Coffee.java:10)
	at uk.ac.sheffield.com1003.cafe.ingredients.Coffee.&lt;init&gt;(Coffee.java:10)
	at uk.ac.sheffield.com1003.cafe.ingredients.Coffee.&lt;init&gt;(Coffee.java:10)
	at uk.ac.sheffield.com1003.cafe.ingredients.Coffee.&lt;init&gt;(Coffee.java:10)
	at uk.ac.sheffield.com1003.cafe.ingredients.Coffee.&lt;init&gt;(Coffee.java:10)
	at uk.ac.sheffield.com1003.cafe.ingredients.Coffee.&lt;init&gt;(Coffee.java:10)
	at uk.ac.sheffield.com1003.cafe.ingredients.Coffee.&lt;init&gt;(Coffee.java:10)
	at uk.ac.sheffield.com1003.cafe.ingredients.Coffee.&lt;init&gt;(Coffee.java:10)
	at uk.ac.sheffield.com1003.cafe.ingredients.Coffee.&lt;init&gt;(Coffee.java:10)
	at uk.ac.sheffield.com1003.cafe.ingredients.Coffee.&lt;init&gt;(Coffee.java:10)
	at uk.ac.sheffield.com1003.cafe.ingredients.Coffee.&lt;init&gt;(Coffee.java:10)
	at uk.ac.sheffield.com1003.cafe.ingredients.Coffee.&lt;init&gt;(Coffee.java:10)
	at uk.ac.sheffield.com1003.cafe.ingredients.Coffee.&lt;init&gt;(Coffee.java:10)
	at uk.ac.sheffield.com1003.cafe.ingredients.Coffee.&lt;init&gt;(Coffee.java:10)
	at uk.ac.sheffield.com1003.cafe.ingredients.Coffee.&lt;init&gt;(Coffee.java:10)
	at uk.ac.sheffield.com1003.cafe.ingredients.Coffee.&lt;init&gt;(Coffee.java:10)
	at uk.ac.sheffield.com1003.cafe.ingredients.Coffee.&lt;init&gt;(Coffee.java:10)
	at uk.ac.sheffield.com1003.cafe.ingredients.Coffee.&lt;init&gt;(Coffee.java:10)
	at uk.ac.sheffield.com1003.cafe.ingredients.Coffee.&lt;init&gt;(Coffee.java:10)
	at uk.ac.sheffield.com1003.cafe.ingredients.Coffee.&lt;init&gt;(Coffee.java:10)
	at uk.ac.sheffield.com1003.cafe.ingredients.Coffee.&lt;init&gt;(Coffee.java:10)
	at uk.ac.sheffield.com1003.cafe.ingredients.Coffee.&lt;init&gt;(Coffee.java:10)
	at uk.ac.sheffield.com1003.cafe.ingredients.Coffee.&lt;init&gt;(Coffee.java:10)
	at uk.ac.sheffield.com1003.cafe.ingredients.Coffee.&lt;init&gt;(Coffee.java:10)
	at uk.ac.sheffield.com1003.cafe.ingredients.Coffee.&lt;init&gt;(Coffee.java:10)
	at uk.ac.sheffield.com1003.cafe.ingredients.Coffee.&lt;init&gt;(Coffee.java:10)
	at uk.ac.sheffield.com1003.cafe.ingredients.Coffee.&lt;init&gt;(Coffee.java:10)
	at uk.ac.sheffield.com1003.cafe.ingredients.Coffee.&lt;init&gt;(Coffee.java:10)
	at uk.ac.sheffield.com1003.cafe.ingredients.Coffee.&lt;init&gt;(Coffee.java:10)
	at uk.ac.sheffield.com1003.cafe.ingredients.Coffee.&lt;init&gt;(Coffee.java:10)
	at uk.ac.sheffield.com1003.cafe.ingredients.Coffee.&lt;init&gt;(Coffee.java:10)
	at uk.ac.sheffield.com1003.cafe.ingredients.Coffee.&lt;init&gt;(Coffee.java:10)
	at uk.ac.sheffield.com1003.cafe.ingredients.Coffee.&lt;init&gt;(Coffee.java:10)
	at uk.ac.sheffield.com1003.cafe.ingredients.Coffee.&lt;init&gt;(Coffee.java:10)
	at uk.ac.sheffield.com1003.cafe.ingredients.Coffee.&lt;init&gt;(Coffee.java:10)
	at uk.ac.sheffield.com1003.cafe.ingredients.Coffee.&lt;init&gt;(Coffee.java:10)
	at uk.ac.sheffield.com1003.cafe.ingredients.Coffee.&lt;init&gt;(Coffee.java:10)
	at uk.ac.sheffield.com1003.cafe.ingredients.Coffee.&lt;init&gt;(Coffee.java:10)
	at uk.ac.sheffield.com1003.cafe.ingredients.Coffee.&lt;init&gt;(Coffee.java:10)
	at uk.ac.sheffield.com1003.cafe.ingredients.Coffee.&lt;init&gt;(Coffee.java:10)
	at uk.ac.sheffield.com1003.cafe.ingredients.Coffee.&lt;init&gt;(Coffee.java:10)
	at uk.ac.sheffield.com1003.cafe.ingredients.Coffee.&lt;init&gt;(Coffee.java:10)
	at uk.ac.sheffield.com1003.cafe.ingredients.Coffee.&lt;init&gt;(Coffee.java:10)
	at uk.ac.sheffield.com1003.cafe.ingredients.Coffee.&lt;init&gt;(Coffee.java:10)
	at uk.ac.sheffield.com1003.cafe.ingredients.Coffee.&lt;init&gt;(Coffee.java:10)
	at uk.ac.sheffield.com1003.cafe.ingredients.Coffee.&lt;init&gt;(Coffee.java:10)
	at uk.ac.sheffield.com1003.cafe.ingredients.Coffee.&lt;init&gt;(Coffee.java:10)
	at uk.ac.sheffield.com1003.cafe.ingredients.Coffee.&lt;init&gt;(Coffee.java:10)
	at uk.ac.sheffield.com1003.cafe.ingredients.Coffee.&lt;init&gt;(Coffee.java:10)
	at uk.ac.sheffield.com1003.cafe.ingredients.Coffee.&lt;init&gt;(Coffee.java:10)
	at uk.ac.sheffield.com1003.cafe.ingredients.Coffee.&lt;init&gt;(Coffee.java:10)
	at uk.ac.sheffield.com1003.cafe.ingredients.Coffee.&lt;init&gt;(Coffee.java:10)
	at uk.ac.sheffield.com1003.cafe.ingredients.Coffee.&lt;init&gt;(Coffee.java:10)
	at uk.ac.sheffield.com1003.cafe.ingredients.Coffee.&lt;init&gt;(Coffee.java:10)
	at uk.ac.sheffield.com1003.cafe.ingredients.Coffee.&lt;init&gt;(Coffee.java:10)
	at uk.ac.sheffield.com1003.cafe.ingredients.Coffee.&lt;init&gt;(Coffee.java:10)
	at uk.ac.sheffield.com1003.cafe.ingredients.Coffee.&lt;init&gt;(Coffee.java:10)
	at uk.ac.sheffield.com1003.cafe.ingredients.Coffee.&lt;init&gt;(Coffee.java:10)
	at uk.ac.sheffield.com1003.cafe.ingredients.Coffee.&lt;init&gt;(Coffee.java:10)
	at uk.ac.sheffield.com1003.cafe.ingredients.Coffee.&lt;init&gt;(Coffee.java:10)
	at uk.ac.sheffield.com1003.cafe.ingredients.Coffee.&lt;init&gt;(Coffee.java:10)
	at uk.ac.sheffield.com1003.cafe.ingredients.Coffee.&lt;init&gt;(Coffee.java:10)
	at uk.ac.sheffield.com1003.cafe.ingredients.Coffee.&lt;init&gt;(Coffee.java:10)
	at uk.ac.sheffield.com1003.cafe.ingredients.Coffee.&lt;init&gt;(Coffee.java:10)
	at uk.ac.sheffield.com1003.cafe.ingredients.Coffee.&lt;init&gt;(Coffee.java:10)
	at uk.ac.sheffield.com1003.cafe.ingredients.Coffee.&lt;init&gt;(Coffee.java:10)
	at uk.ac.sheffield.com1003.cafe.ingredients.Coffee.&lt;init&gt;(Coffee.java:10)
	at uk.ac.sheffield.com1003.cafe.ingredients.Coffee.&lt;init&gt;(Coffee.java:10)
	at uk.ac.sheffield.com1003.cafe.ingredients.Coffee.&lt;init&gt;(Coffee.java:10)
	at uk.ac.sheffield.com1003.cafe.ingredients.Coffee.&lt;init&gt;(Coffee.java:10)
	at uk.ac.sheffield.com1003.cafe.ingredients.Coffee.&lt;init&gt;(Coffee.java:10)
	at uk.ac.sheffield.com1003.cafe.ingredients.Coffee.&lt;init&gt;(Coffee.java:10)
	at uk.ac.sheffield.com1003.cafe.ingredients.Coffee.&lt;init&gt;(Coffee.java:10)
	at uk.ac.sheffield.com1003.cafe.ingredients.Coffee.&lt;init&gt;(Coffee.java:10)
	at uk.ac.sheffield.com1003.cafe.ingredients.Coffee.&lt;init&gt;(Coffee.java:10)
	at uk.ac.sheffield.com1003.cafe.ingredients.Coffee.&lt;init&gt;(Coffee.java:10)
	at uk.ac.sheffield.com1003.cafe.ingredients.Coffee.&lt;init&gt;(Coffee.java:10)
	at uk.ac.sheffield.com1003.cafe.ingredients.Coffee.&lt;init&gt;(Coffee.java:10)
	at uk.ac.sheffield.com1003.cafe.ingredients.Coffee.&lt;init&gt;(Coffee.java:10)
	at uk.ac.sheffield.com1003.cafe.ingredients.Coffee.&lt;init&gt;(Coffee.java:10)
	at uk.ac.sheffield.com1003.cafe.ingredients.Coffee.&lt;init&gt;(Coffee.java:10)
	at uk.ac.sheffield.com1003.cafe.ingredients.Coffee.&lt;init&gt;(Coffee.java:10)
	at uk.ac.sheffield.com1003.cafe.ingredients.Coffee.&lt;init&gt;(Coffee.java:10)
	at uk.ac.sheffield.com1003.cafe.ingredients.Coffee.&lt;init&gt;(Coffee.java:10)
	at uk.ac.sheffield.com1003.cafe.ingredients.Coffee.&lt;init&gt;(Coffee.java:10)
	at uk.ac.sheffield.com1003.cafe.ingredients.Coffee.&lt;init&gt;(Coffee.java:10)
	at uk.ac.sheffield.com1003.cafe.ingredients.Coffee.&lt;init&gt;(Coffee.java:10)
	at uk.ac.sheffield.com1003.cafe.ingredients.Coffee.&lt;init&gt;(Coffee.java:10)
	at uk.ac.sheffield.com1003.cafe.ingredients.Coffee.&lt;init&gt;(Coffee.java:10)
	at uk.ac.sheffield.com1003.cafe.ingredients.Coffee.&lt;init&gt;(Coffee.java:10)
	at uk.ac.sheffield.com1003.cafe.ingredients.Coffee.&lt;init&gt;(Coffee.java:10)
	at uk.ac.sheffield.com1003.cafe.ingredients.Coffee.&lt;init&gt;(Coffee.java:10)
	at uk.ac.sheffield.com1003.cafe.ingredients.Coffee.&lt;init&gt;(Coffee.java:10)
	at uk.ac.sheffield.com1003.cafe.ingredients.Coffee.&lt;init&gt;(Coffee.java:10)
	at uk.ac.sheffield.com1003.cafe.ingredients.Coffee.&lt;init&gt;(Coffee.java:10)
	at uk.ac.sheffield.com1003.cafe.ingredients.Coffee.&lt;init&gt;(Coffee.java:10)
	at uk.ac.sheffield.com1003.cafe.ingredients.Coffee.&lt;init&gt;(Coffee.java:10)
	at uk.ac.sheffield.com1003.cafe.ingredients.Coffee.&lt;init&gt;(Coffee.java:10)
	at uk.ac.sheffield.com1003.cafe.ingredients.Coffee.&lt;init&gt;(Coffee.java:10)
	at uk.ac.sheffield.com1003.cafe.ingredients.Coffee.&lt;init&gt;(Coffee.java:10)
	at uk.ac.sheffield.com1003.cafe.ingredients.Coffee.&lt;init&gt;(Coffee.java:10)
	at uk.ac.sheffield.com1003.cafe.ingredients.Coffee.&lt;init&gt;(Coffee.java:10)
	at uk.ac.sheffield.com1003.cafe.ingredients.Coffee.&lt;init&gt;(Coffee.java:10)
	at uk.ac.sheffield.com1003.cafe.ingredients.Coffee.&lt;init&gt;(Coffee.java:10)
	at uk.ac.sheffield.com1003.cafe.ingredients.Coffee.&lt;init&gt;(Coffee.java:10)
	at uk.ac.sheffield.com1003.cafe.ingredients.Coffee.&lt;init&gt;(Coffee.java:10)
	at uk.ac.sheffield.com1003.cafe.ingredients.Coffee.&lt;init&gt;(Coffee.java:10)
	at uk.ac.sheffield.com1003.cafe.ingredients.Coffee.&lt;init&gt;(Coffee.java:10)
	at uk.ac.sheffield.com1003.cafe.ingredients.Coffee.&lt;init&gt;(Coffee.java:10)
	at uk.ac.sheffield.com1003.cafe.ingredients.Coffee.&lt;init&gt;(Coffee.java:10)
	at uk.ac.sheffield.com1003.cafe.ingredients.Coffee.&lt;init&gt;(Coffee.java:10)
	at uk.ac.sheffield.com1003.cafe.ingredients.Coffee.&lt;init&gt;(Coffee.java:10)
	at uk.ac.sheffield.com1003.cafe.ingredients.Coffee.&lt;init&gt;(Coffee.java:10)
	at uk.ac.sheffield.com1003.cafe.ingredients.Coffee.&lt;init&gt;(Coffee.java:10)
	at uk.ac.sheffield.com1003.cafe.ingredients.Coffee.&lt;init&gt;(Coffee.java:10)
	at uk.ac.sheffield.com1003.cafe.ingredients.Coffee.&lt;init&gt;(Coffee.java:10)
	at uk.ac.sheffield.com1003.cafe.ingredients.Coffee.&lt;init&gt;(Coffee.java:10)
	at uk.ac.sheffield.com1003.cafe.ingredients.Coffee.&lt;init&gt;(Coffee.java:10)
	at uk.ac.sheffield.com1003.cafe.ingredients.Coffee.&lt;init&gt;(Coffee.java:10)
	at uk.ac.sheffield.com1003.cafe.ingredients.Coffee.&lt;init&gt;(Coffee.java:10)
	at uk.ac.sheffield.com1003.cafe.ingredients.Coffee.&lt;init&gt;(Coffee.java:10)
	at uk.ac.sheffield.com1003.cafe.ingredients.Coffee.&lt;init&gt;(Coffee.java:10)
	at uk.ac.sheffield.com1003.cafe.ingredients.Coffee.&lt;init&gt;(Coffee.java:10)
	at uk.ac.sheffield.com1003.cafe.ingredients.Coffee.&lt;init&gt;(Coffee.java:10)
	at uk.ac.sheffield.com1003.cafe.ingredients.Coffee.&lt;init&gt;(Coffee.java:10)
	at uk.ac.sheffield.com1003.cafe.ingredients.Coffee.&lt;init&gt;(Coffee.java:10)
	at uk.ac.sheffield.com1003.cafe.ingredients.Coffee.&lt;init&gt;(Coffee.java:10)
	at uk.ac.sheffield.com1003.cafe.ingredients.Coffee.&lt;init&gt;(Coffee.java:10)
	at uk.ac.sheffield.com1003.cafe.ingredients.Coffee.&lt;init&gt;(Coffee.java:10)
	at uk.ac.sheffield.com1003.cafe.ingredients.Coffee.&lt;init&gt;(Coffee.java:10)
	at uk.ac.sheffield.com1003.cafe.ingredients.Coffee.&lt;init&gt;(Coffee.java:10)
	at uk.ac.sheffield.com1003.cafe.ingredients.Coffee.&lt;init&gt;(Coffee.java:10)
	at uk.ac.sheffield.com1003.cafe.ingredients.Coffee.&lt;init&gt;(Coffee.java:10)
	at uk.ac.sheffield.com1003.cafe.ingredients.Coffee.&lt;init&gt;(Coffee.java:10)
	at uk.ac.sheffield.com1003.cafe.ingredients.Coffee.&lt;init&gt;(Coffee.java:10)
	at uk.ac.sheffield.com1003.cafe.ingredients.Coffee.&lt;init&gt;(Coffee.java:10)
	at uk.ac.sheffield.com1003.cafe.ingredients.Coffee.&lt;init&gt;(Coffee.java:10)
	at uk.ac.sheffield.com1003.cafe.ingredients.Coffee.&lt;init&gt;(Coffee.java:10)
	at uk.ac.sheffield.com1003.cafe.ingredients.Coffee.&lt;init&gt;(Coffee.java:10)
	at uk.ac.sheffield.com1003.cafe.ingredients.Coffee.&lt;init&gt;(Coffee.java:10)
	at uk.ac.sheffield.com1003.cafe.ingredients.Coffee.&lt;init&gt;(Coffee.java:10)
	at uk.ac.sheffield.com1003.cafe.ingredients.Coffee.&lt;init&gt;(Coffee.java:10)
	at uk.ac.sheffield.com1003.cafe.ingredients.Coffee.&lt;init&gt;(Coffee.java:10)
	at uk.ac.sheffield.com1003.cafe.ingredients.Coffee.&lt;init&gt;(Coffee.java:10)
	at uk.ac.sheffield.com1003.cafe.ingredients.Coffee.&lt;init&gt;(Coffee.java:10)
	at uk.ac.sheffield.com1003.cafe.ingredients.Coffee.&lt;init&gt;(Coffee.java:10)
	at uk.ac.sheffield.com1003.cafe.ingredients.Coffee.&lt;init&gt;(Coffee.java:10)
	at uk.ac.sheffield.com1003.cafe.ingredients.Coffee.&lt;init&gt;(Coffee.java:10)
	at uk.ac.sheffield.com1003.cafe.ingredients.Coffee.&lt;init&gt;(Coffee.java:10)
	at uk.ac.sheffield.com1003.cafe.ingredients.Coffee.&lt;init&gt;(Coffee.java:10)
	at uk.ac.sheffield.com1003.cafe.ingredients.Coffee.&lt;init&gt;(Coffee.java:10)
	at uk.ac.sheffield.com1003.cafe.ingredients.Coffee.&lt;init&gt;(Coffee.java:10)
	at uk.ac.sheffield.com1003.cafe.ingredients.Coffee.&lt;init&gt;(Coffee.java:10)
	at uk.ac.sheffield.com1003.cafe.ingredients.Coffee.&lt;init&gt;(Coffee.java:10)
	at uk.ac.sheffield.com1003.cafe.ingredients.Coffee.&lt;init&gt;(Coffee.java:10)
	at uk.ac.sheffield.com1003.cafe.ingredients.Coffee.&lt;init&gt;(Coffee.java:10)
	at uk.ac.sheffield.com1003.cafe.ingredients.Coffee.&lt;init&gt;(Coffee.java:10)
	at uk.ac.sheffield.com1003.cafe.ingredients.Coffee.&lt;init&gt;(Coffee.java:10)
	at uk.ac.sheffield.com1003.cafe.ingredients.Coffee.&lt;init&gt;(Coffee.java:10)
	at uk.ac.sheffield.com1003.cafe.ingredients.Coffee.&lt;init&gt;(Coffee.java:10)
	at uk.ac.sheffield.com1003.cafe.ingredients.Coffee.&lt;init&gt;(Coffee.java:10)
	at uk.ac.sheffield.com1003.cafe.ingredients.Coffee.&lt;init&gt;(Coffee.java:10)
	at uk.ac.sheffield.com1003.cafe.ingredients.Coffee.&lt;init&gt;(Coffee.java:10)
	at uk.ac.sheffield.com1003.cafe.ingredients.Coffee.&lt;init&gt;(Coffee.java:10)
	at uk.ac.sheffield.com1003.cafe.ingredients.Coffee.&lt;init&gt;(Coffee.java:10)
	at uk.ac.sheffield.com1003.cafe.ingredients.Coffee.&lt;init&gt;(Coffee.java:10)
	at uk.ac.sheffield.com1003.cafe.ingredients.Coffee.&lt;init&gt;(Coffee.java:10)
	at uk.ac.sheffield.com1003.cafe.ingredients.Coffee.&lt;init&gt;(Coffee.java:10)
	at uk.ac.sheffield.com1003.cafe.ingredients.Coffee.&lt;init&gt;(Coffee.java:10)
	at uk.ac.sheffield.com1003.cafe.ingredients.Coffee.&lt;init&gt;(Coffee.java:10)
	at uk.ac.sheffield.com1003.cafe.ingredients.Coffee.&lt;init&gt;(Coffee.java:10)
	at uk.ac.sheffield.com1003.cafe.ingredients.Coffee.&lt;init&gt;(Coffee.java:10)
	at uk.ac.sheffield.com1003.cafe.ingredients.Coffee.&lt;init&gt;(Coffee.java:10)
	at uk.ac.sheffield.com1003.cafe.ingredients.Coffee.&lt;init&gt;(Coffee.java:10)
	at uk.ac.sheffield.com1003.cafe.ingredients.Coffee.&lt;init&gt;(Coffee.java:10)
	at uk.ac.sheffield.com1003.cafe.ingredients.Coffee.&lt;init&gt;(Coffee.java:10)
	at uk.ac.sheffield.com1003.cafe.ingredients.Coffee.&lt;init&gt;(Coffee.java:10)
	at uk.ac.sheffield.com1003.cafe.ingredients.Coffee.&lt;init&gt;(Coffee.java:10)
	at uk.ac.sheffield.com1003.cafe.ingredients.Coffee.&lt;init&gt;(Coffee.java:10)
	at uk.ac.sheffield.com1003.cafe.ingredients.Coffee.&lt;init&gt;(Coffee.java:10)
	at uk.ac.sheffield.com1003.cafe.ingredients.Coffee.&lt;init&gt;(Coffee.java:10)
	at uk.ac.sheffield.com1003.cafe.ingredients.Coffee.&lt;init&gt;(Coffee.java:10)
	at uk.ac.sheffield.com1003.cafe.ingredients.Coffee.&lt;init&gt;(Coffee.java:10)
	at uk.ac.sheffield.com1003.cafe.ingredients.Coffee.&lt;init&gt;(Coffee.java:10)
	at uk.ac.sheffield.com1003.cafe.ingredients.Coffee.&lt;init&gt;(Coffee.java:10)
	at uk.ac.sheffield.com1003.cafe.ingredients.Coffee.&lt;init&gt;(Coffee.java:10)
	at uk.ac.sheffield.com1003.cafe.ingredients.Coffee.&lt;init&gt;(Coffee.java:10)
	at uk.ac.sheffield.com1003.cafe.ingredients.Coffee.&lt;init&gt;(Coffee.java:10)
	at uk.ac.sheffield.com1003.cafe.ingredients.Coffee.&lt;init&gt;(Coffee.java:10)
	at uk.ac.sheffield.com1003.cafe.ingredients.Coffee.&lt;init&gt;(Coffee.java:10)
	at uk.ac.sheffield.com1003.cafe.ingredients.Coffee.&lt;init&gt;(Coffee.java:10)
	at uk.ac.sheffield.com1003.cafe.ingredients.Coffee.&lt;init&gt;(Coffee.java:10)
	at uk.ac.sheffield.com1003.cafe.ingredients.Coffee.&lt;init&gt;(Coffee.java:10)
	at uk.ac.sheffield.com1003.cafe.ingredients.Coffee.&lt;init&gt;(Coffee.java:10)
	at uk.ac.sheffield.com1003.cafe.ingredients.Coffee.&lt;init&gt;(Coffee.java:10)
	at uk.ac.sheffield.com1003.cafe.ingredients.Coffee.&lt;init&gt;(Coffee.java:10)
	at uk.ac.sheffield.com1003.cafe.ingredients.Coffee.&lt;init&gt;(Coffee.java:10)
	at uk.ac.sheffield.com1003.cafe.ingredients.Coffee.&lt;init&gt;(Coffee.java:10)
	at uk.ac.sheffield.com1003.cafe.ingredients.Coffee.&lt;init&gt;(Coffee.java:10)
	at uk.ac.sheffield.com1003.cafe.ingredients.Coffee.&lt;init&gt;(Coffee.java:10)
	at uk.ac.sheffield.com1003.cafe.ingredients.Coffee.&lt;init&gt;(Coffee.java:10)
	at uk.ac.sheffield.com1003.cafe.ingredients.Coffee.&lt;init&gt;(Coffee.java:10)
	at uk.ac.sheffield.com1003.cafe.ingredients.Coffee.&lt;init&gt;(Coffee.java:10)
	at uk.ac.sheffield.com1003.cafe.ingredients.Coffee.&lt;init&gt;(Coffee.java:10)
	at uk.ac.sheffield.com1003.cafe.ingredients.Coffee.&lt;init&gt;(Coffee.java:10)
	at uk.ac.sheffield.com1003.cafe.ingredients.Coffee.&lt;init&gt;(Coffee.java:10)
	at uk.ac.sheffield.com1003.cafe.ingredients.Coffee.&lt;init&gt;(Coffee.java:10)
	at uk.ac.sheffield.com1003.cafe.ingredients.Coffee.&lt;init&gt;(Coffee.java:10)
	at uk.ac.sheffield.com1003.cafe.ingredients.Coffee.&lt;init&gt;(Coffee.java:10)
	at uk.ac.sheffield.com1003.cafe.ingredients.Coffee.&lt;init&gt;(Coffee.java:10)
	at uk.ac.sheffield.com1003.cafe.ingredients.Coffee.&lt;init&gt;(Coffee.java:10)
	at uk.ac.sheffield.com1003.cafe.ingredients.Coffee.&lt;init&gt;(Coffee.java:10)
	at uk.ac.sheffield.com1003.cafe.ingredients.Coffee.&lt;init&gt;(Coffee.java:10)
	at uk.ac.sheffield.com1003.cafe.ingredients.Coffee.&lt;init&gt;(Coffee.java:10)
	at uk.ac.sheffield.com1003.cafe.ingredients.Coffee.&lt;init&gt;(Coffee.java:10)
	at uk.ac.sheffield.com1003.cafe.ingredients.Coffee.&lt;init&gt;(Coffee.java:10)
	at uk.ac.sheffield.com1003.cafe.ingredients.Coffee.&lt;init&gt;(Coffee.java:10)
	at uk.ac.sheffield.com1003.cafe.ingredients.Coffee.&lt;init&gt;(Coffee.java:10)
	at uk.ac.sheffield.com1003.cafe.ingredients.Coffee.&lt;init&gt;(Coffee.java:10)
	at uk.ac.sheffield.com1003.cafe.ingredients.Coffee.&lt;init&gt;(Coffee.java:10)
	at uk.ac.sheffield.com1003.cafe.ingredients.Coffee.&lt;init&gt;(Coffee.java:10)
	at uk.ac.sheffield.com1003.cafe.ingredients.Coffee.&lt;init&gt;(Coffee.java:10)
	at uk.ac.sheffield.com1003.cafe.ingredients.Coffee.&lt;init&gt;(Coffee.java:10)
	at uk.ac.sheffield.com1003.cafe.ingredients.Coffee.&lt;init&gt;(Coffee.java:10)
	at uk.ac.sheffield.com1003.cafe.ingredients.Coffee.&lt;init&gt;(Coffee.java:10)
	at uk.ac.sheffield.com1003.cafe.ingredients.Coffee.&lt;init&gt;(Coffee.java:10)
	at uk.ac.sheffield.com1003.cafe.ingredients.Coffee.&lt;init&gt;(Coffee.java:10)
	at uk.ac.sheffield.com1003.cafe.ingredients.Coffee.&lt;init&gt;(Coffee.java:10)
	at uk.ac.sheffield.com1003.cafe.ingredients.Coffee.&lt;init&gt;(Coffee.java:10)
	at uk.ac.sheffield.com1003.cafe.ingredients.Coffee.&lt;init&gt;(Coffee.java:10)
	at uk.ac.sheffield.com1003.cafe.ingredients.Coffee.&lt;init&gt;(Coffee.java:10)
	at uk.ac.sheffield.com1003.cafe.ingredients.Coffee.&lt;init&gt;(Coffee.java:10)
	at uk.ac.sheffield.com1003.cafe.ingredients.Coffee.&lt;init&gt;(Coffee.java:10)
	at uk.ac.sheffield.com1003.cafe.ingredients.Coffee.&lt;init&gt;(Coffee.java:10)
	at uk.ac.sheffield.com1003.cafe.ingredients.Coffee.&lt;init&gt;(Coffee.java:10)
	at uk.ac.sheffield.com1003.cafe.ingredients.Coffee.&lt;init&gt;(Coffee.java:10)
	at uk.ac.sheffield.com1003.cafe.ingredients.Coffee.&lt;init&gt;(Coffee.java:10)
	at uk.ac.sheffield.com1003.cafe.ingredients.Coffee.&lt;init&gt;(Coffee.java:10)
	at uk.ac.sheffield.com1003.cafe.ingredients.Coffee.&lt;init&gt;(Coffee.java:10)
	at uk.ac.sheffield.com1003.cafe.ingredients.Coffee.&lt;init&gt;(Coffee.java:10)
	at uk.ac.sheffield.com1003.cafe.ingredients.Coffee.&lt;init&gt;(Coffee.java:10)
	at uk.ac.sheffield.com1003.cafe.ingredients.Coffee.&lt;init&gt;(Coffee.java:10)
	at uk.ac.sheffield.com1003.cafe.ingredients.Coffee.&lt;init&gt;(Coffee.java:10)
	at uk.ac.sheffield.com1003.cafe.ingredients.Coffee.&lt;init&gt;(Coffee.java:10)
	at uk.ac.sheffield.com1003.cafe.ingredients.Coffee.&lt;init&gt;(Coffee.java:10)
	at uk.ac.sheffield.com1003.cafe.ingredients.Coffee.&lt;init&gt;(Coffee.java:10)
	at uk.ac.sheffield.com1003.cafe.ingredients.Coffee.&lt;init&gt;(Coffee.java:10)
	at uk.ac.sheffield.com1003.cafe.ingredients.Coffee.&lt;init&gt;(Coffee.java:10)
	at uk.ac.sheffield.com1003.cafe.ingredients.Coffee.&lt;init&gt;(Coffee.java:10)
	at uk.ac.sheffield.com1003.cafe.ingredients.Coffee.&lt;init&gt;(Coffee.java:10)
	at uk.ac.sheffield.com1003.cafe.ingredients.Coffee.&lt;init&gt;(Coffee.java:10)
	at uk.ac.sheffield.com1003.cafe.ingredients.Coffee.&lt;init&gt;(Coffee.java:10)
	at uk.ac.sheffield.com1003.cafe.ingredients.Coffee.&lt;init&gt;(Coffee.java:10)
	at uk.ac.sheffield.com1003.cafe.ingredients.Coffee.&lt;init&gt;(Coffee.java:10)
	at uk.ac.sheffield.com1003.cafe.ingredients.Coffee.&lt;init&gt;(Coffee.java:10)
	at uk.ac.sheffield.com1003.cafe.ingredients.Coffee.&lt;init&gt;(Coffee.java:10)
	at uk.ac.sheffield.com1003.cafe.ingredients.Coffee.&lt;init&gt;(Coffee.java:10)
	at uk.ac.sheffield.com1003.cafe.ingredients.Coffee.&lt;init&gt;(Coffee.java:10)
	at uk.ac.sheffield.com1003.cafe.ingredients.Coffee.&lt;init&gt;(Coffee.java:10)
	at uk.ac.sheffield.com1003.cafe.ingredients.Coffee.&lt;init&gt;(Coffee.java:10)
	at uk.ac.sheffield.com1003.cafe.ingredients.Coffee.&lt;init&gt;(Coffee.java:10)
	at uk.ac.sheffield.com1003.cafe.ingredients.Coffee.&lt;init&gt;(Coffee.java:10)
	at uk.ac.sheffield.com1003.cafe.ingredients.Coffee.&lt;init&gt;(Coffee.java:10)
	at uk.ac.sheffield.com1003.cafe.ingredients.Coffee.&lt;init&gt;(Coffee.java:10)
	at uk.ac.sheffield.com1003.cafe.ingredients.Coffee.&lt;init&gt;(Coffee.java:10)
	at uk.ac.sheffield.com1003.cafe.ingredients.Coffee.&lt;init&gt;(Coffee.java:10)
	at uk.ac.sheffield.com1003.cafe.ingredients.Coffee.&lt;init&gt;(Coffee.java:10)
	at uk.ac.sheffield.com1003.cafe.ingredients.Coffee.&lt;init&gt;(Coffee.java:10)
	at uk.ac.sheffield.com1003.cafe.ingredients.Coffee.&lt;init&gt;(Coffee.java:10)
	at uk.ac.sheffield.com1003.cafe.ingredients.Coffee.&lt;init&gt;(Coffee.java:10)
	at uk.ac.sheffield.com1003.cafe.ingredients.Coffee.&lt;init&gt;(Coffee.java:10)
	at uk.ac.sheffield.com1003.cafe.ingredients.Coffee.&lt;init&gt;(Coffee.java:10)
	at uk.ac.sheffield.com1003.cafe.ingredients.Coffee.&lt;init&gt;(Coffee.java:10)
	at uk.ac.sheffield.com1003.cafe.ingredients.Coffee.&lt;init&gt;(Coffee.java:10)
	at uk.ac.sheffield.com1003.cafe.ingredients.Coffee.&lt;init&gt;(Coffee.java:10)
	at uk.ac.sheffield.com1003.cafe.ingredients.Coffee.&lt;init&gt;(Coffee.java:10)
	at uk.ac.sheffield.com1003.cafe.ingredients.Coffee.&lt;init&gt;(Coffee.java:10)
	at uk.ac.sheffield.com1003.cafe.ingredients.Coffee.&lt;init&gt;(Coffee.java:10)
	at uk.ac.sheffield.com1003.cafe.ingredients.Coffee.&lt;init&gt;(Coffee.java:10)
	at uk.ac.sheffield.com1003.cafe.ingredients.Coffee.&lt;init&gt;(Coffee.java:10)
	at uk.ac.sheffield.com1003.cafe.ingredients.Coffee.&lt;init&gt;(Coffee.java:10)
	at uk.ac.sheffield.com1003.cafe.ingredients.Coffee.&lt;init&gt;(Coffee.java:10)
	at uk.ac.sheffield.com1003.cafe.ingredients.Coffee.&lt;init&gt;(Coffee.java:10)
	at uk.ac.sheffield.com1003.cafe.ingredients.Coffee.&lt;init&gt;(Coffee.java:10)
	at uk.ac.sheffield.com1003.cafe.ingredients.Coffee.&lt;init&gt;(Coffee.java:10)
	at uk.ac.sheffield.com1003.cafe.ingredients.Coffee.&lt;init&gt;(Coffee.java:10)
	at uk.ac.sheffield.com1003.cafe.ingredients.Coffee.&lt;init&gt;(Coffee.java:10)
	at uk.ac.sheffield.com1003.cafe.ingredients.Coffee.&lt;init&gt;(Coffee.java:10)
	at uk.ac.sheffield.com1003.cafe.ingredients.Coffee.&lt;init&gt;(Coffee.java:10)
	at uk.ac.sheffield.com1003.cafe.ingredients.Coffee.&lt;init&gt;(Coffee.java:10)
	at uk.ac.sheffield.com1003.cafe.ingredients.Coffee.&lt;init&gt;(Coffee.java:10)
	at uk.ac.sheffield.com1003.cafe.ingredients.Coffee.&lt;init&gt;(Coffee.java:10)
	at uk.ac.sheffield.com1003.cafe.ingredients.Coffee.&lt;init&gt;(Coffee.java:10)
	at uk.ac.sheffield.com1003.cafe.ingredients.Coffee.&lt;init&gt;(Coffee.java:10)
	at uk.ac.sheffield.com1003.cafe.ingredients.Coffee.&lt;init&gt;(Coffee.java:10)
	at uk.ac.sheffield.com1003.cafe.ingredients.Coffee.&lt;init&gt;(Coffee.java:10)
	at uk.ac.sheffield.com1003.cafe.ingredients.Coffee.&lt;init&gt;(Coffee.java:10)
	at uk.ac.sheffield.com1003.cafe.ingredients.Coffee.&lt;init&gt;(Coffee.java:10)
	at uk.ac.sheffield.com1003.cafe.ingredients.Coffee.&lt;init&gt;(Coffee.java:10)
	at uk.ac.sheffield.com1003.cafe.ingredients.Coffee.&lt;init&gt;(Coffee.java:10)
	at uk.ac.sheffield.com1003.cafe.ingredients.Coffee.&lt;init&gt;(Coffee.java:10)
	at uk.ac.sheffield.com1003.cafe.ingredients.Coffee.&lt;init&gt;(Coffee.java:10)
	at uk.ac.sheffield.com1003.cafe.ingredients.Coffee.&lt;init&gt;(Coffee.java:10)
	at uk.ac.sheffield.com1003.cafe.ingredients.Coffee.&lt;init&gt;(Coffee.java:10)
	at uk.ac.sheffield.com1003.cafe.ingredients.Coffee.&lt;init&gt;(Coffee.java:10)
	at uk.ac.sheffield.com1003.cafe.ingredients.Coffee.&lt;init&gt;(Coffee.java:10)
	at uk.ac.sheffield.com1003.cafe.ingredients.Coffee.&lt;init&gt;(Coffee.java:10)
	at uk.ac.sheffield.com1003.cafe.ingredients.Coffee.&lt;init&gt;(Coffee.java:10)
	at uk.ac.sheffield.com1003.cafe.ingredients.Coffee.&lt;init&gt;(Coffee.java:10)
	at uk.ac.sheffield.com1003.cafe.ingredients.Coffee.&lt;init&gt;(Coffee.java:10)
	at uk.ac.sheffield.com1003.cafe.ingredients.Coffee.&lt;init&gt;(Coffee.java:10)
	at uk.ac.sheffield.com1003.cafe.ingredients.Coffee.&lt;init&gt;(Coffee.java:10)
	at uk.ac.sheffield.com1003.cafe.ingredients.Coffee.&lt;init&gt;(Coffee.java:10)
	at uk.ac.sheffield.com1003.cafe.ingredients.Coffee.&lt;init&gt;(Coffee.java:10)
	at uk.ac.sheffield.com1003.cafe.ingredients.Coffee.&lt;init&gt;(Coffee.java:10)
	at uk.ac.sheffield.com1003.cafe.ingredients.Coffee.&lt;init&gt;(Coffee.java:10)
	at uk.ac.sheffield.com1003.cafe.ingredients.Coffee.&lt;init&gt;(Coffee.java:10)
	at uk.ac.sheffield.com1003.cafe.ingredients.Coffee.&lt;init&gt;(Coffee.java:10)
	at uk.ac.sheffield.com1003.cafe.ingredients.Coffee.&lt;init&gt;(Coffee.java:10)
	at uk.ac.sheffield.com1003.cafe.ingredients.Coffee.&lt;init&gt;(Coffee.java:10)
	at uk.ac.sheffield.com1003.cafe.ingredients.Coffee.&lt;init&gt;(Coffee.java:10)
	at uk.ac.sheffield.com1003.cafe.ingredients.Coffee.&lt;init&gt;(Coffee.java:10)
	at uk.ac.sheffield.com1003.cafe.ingredients.Coffee.&lt;init&gt;(Coffee.java:10)
	at uk.ac.sheffield.com1003.cafe.ingredients.Coffee.&lt;init&gt;(Coffee.java:10)
	at uk.ac.sheffield.com1003.cafe.ingredients.Coffee.&lt;init&gt;(Coffee.java:10)
	at uk.ac.sheffield.com1003.cafe.ingredients.Coffee.&lt;init&gt;(Coffee.java:10)
	at uk.ac.sheffield.com1003.cafe.ingredients.Coffee.&lt;init&gt;(Coffee.java:10)
	at uk.ac.sheffield.com1003.cafe.ingredients.Coffee.&lt;init&gt;(Coffee.java:10)
	at uk.ac.sheffield.com1003.cafe.ingredients.Coffee.&lt;init&gt;(Coffee.java:10)
	at uk.ac.sheffield.com1003.cafe.ingredients.Coffee.&lt;init&gt;(Coffee.java:10)
	at uk.ac.sheffield.com1003.cafe.ingredients.Coffee.&lt;init&gt;(Coffee.java:10)
	at uk.ac.sheffield.com1003.cafe.ingredients.Coffee.&lt;init&gt;(Coffee.java:10)
	at uk.ac.sheffield.com1003.cafe.ingredients.Coffee.&lt;init&gt;(Coffee.java:10)
	at uk.ac.sheffield.com1003.cafe.ingredients.Coffee.&lt;init&gt;(Coffee.java:10)
	at uk.ac.sheffield.com1003.cafe.ingredients.Coffee.&lt;init&gt;(Coffee.java:10)
	at uk.ac.sheffield.com1003.cafe.ingredients.Coffee.&lt;init&gt;(Coffee.java:10)
	at uk.ac.sheffield.com1003.cafe.ingredients.Coffee.&lt;init&gt;(Coffee.java:10)
	at uk.ac.sheffield.com1003.cafe.ingredients.Coffee.&lt;init&gt;(Coffee.java:10)
	at uk.ac.sheffield.com1003.cafe.ingredients.Coffee.&lt;init&gt;(Coffee.java:10)
	at uk.ac.sheffield.com1003.cafe.ingredients.Coffee.&lt;init&gt;(Coffee.java:10)
	at uk.ac.sheffield.com1003.cafe.ingredients.Coffee.&lt;init&gt;(Coffee.java:10)
	at uk.ac.sheffield.com1003.cafe.ingredients.Coffee.&lt;init&gt;(Coffee.java:10)
	at uk.ac.sheffield.com1003.cafe.ingredients.Coffee.&lt;init&gt;(Coffee.java:10)
	at uk.ac.sheffield.com1003.cafe.ingredients.Coffee.&lt;init&gt;(Coffee.java:10)
	at uk.ac.sheffield.com1003.cafe.ingredients.Coffee.&lt;init&gt;(Coffee.java:10)
	at uk.ac.sheffield.com1003.cafe.ingredients.Coffee.&lt;init&gt;(Coffee.java:10)
	at uk.ac.sheffield.com1003.cafe.ingredients.Coffee.&lt;init&gt;(Coffee.java:10)
	at uk.ac.sheffield.com1003.cafe.ingredients.Coffee.&lt;init&gt;(Coffee.java:10)
	at uk.ac.sheffield.com1003.cafe.ingredients.Coffee.&lt;init&gt;(Coffee.java:10)
	at uk.ac.sheffield.com1003.cafe.ingredients.Coffee.&lt;init&gt;(Coffee.java:10)
	at uk.ac.sheffield.com1003.cafe.ingredients.Coffee.&lt;init&gt;(Coffee.java:10)
	at uk.ac.sheffield.com1003.cafe.ingredients.Coffee.&lt;init&gt;(Coffee.java:10)
	at uk.ac.sheffield.com1003.cafe.ingredients.Coffee.&lt;init&gt;(Coffee.java:10)
	at uk.ac.sheffield.com1003.cafe.ingredients.Coffee.&lt;init&gt;(Coffee.java:10)
	at uk.ac.sheffield.com1003.cafe.ingredients.Coffee.&lt;init&gt;(Coffee.java:10)
	at uk.ac.sheffield.com1003.cafe.ingredients.Coffee.&lt;init&gt;(Coffee.java:10)
	at uk.ac.sheffield.com1003.cafe.ingredients.Coffee.&lt;init&gt;(Coffee.java:10)
	at uk.ac.sheffield.com1003.cafe.ingredients.Coffee.&lt;init&gt;(Coffee.java:10)
	at uk.ac.sheffield.com1003.cafe.ingredients.Coffee.&lt;init&gt;(Coffee.java:10)
	at uk.ac.sheffield.com1003.cafe.ingredients.Coffee.&lt;init&gt;(Coffee.java:10)
	at uk.ac.sheffield.com1003.cafe.ingredients.Coffee.&lt;init&gt;(Coffee.java:10)
	at uk.ac.sheffield.com1003.cafe.ingredients.Coffee.&lt;init&gt;(Coffee.java:10)
	at uk.ac.sheffield.com1003.cafe.ingredients.Coffee.&lt;init&gt;(Coffee.java:10)
	at uk.ac.sheffield.com1003.cafe.ingredients.Coffee.&lt;init&gt;(Coffee.java:10)
	at uk.ac.sheffield.com1003.cafe.ingredients.Coffee.&lt;init&gt;(Coffee.java:10)
	at uk.ac.sheffield.com1003.cafe.ingredients.Coffee.&lt;init&gt;(Coffee.java:10)
	at uk.ac.sheffield.com1003.cafe.ingredients.Coffee.&lt;init&gt;(Coffee.java:10)
	at uk.ac.sheffield.com1003.cafe.ingredients.Coffee.&lt;init&gt;(Coffee.java:10)
	at uk.ac.sheffield.com1003.cafe.ingredients.Coffee.&lt;init&gt;(Coffee.java:10)
	at uk.ac.sheffield.com1003.cafe.ingredients.Coffee.&lt;init&gt;(Coffee.java:10)
	at uk.ac.sheffield.com1003.cafe.ingredients.Coffee.&lt;init&gt;(Coffee.java:10)
	at uk.ac.sheffield.com1003.cafe.ingredients.Coffee.&lt;init&gt;(Coffee.java:10)
	at uk.ac.sheffield.com1003.cafe.ingredients.Coffee.&lt;init&gt;(Coffee.java:10)
	at uk.ac.sheffield.com1003.cafe.ingredients.Coffee.&lt;init&gt;(Coffee.java:10)
	at uk.ac.sheffield.com1003.cafe.ingredients.Coffee.&lt;init&gt;(Coffee.java:10)
	at uk.ac.sheffield.com1003.cafe.ingredients.Coffee.&lt;init&gt;(Coffee.java:10)
	at uk.ac.sheffield.com1003.cafe.ingredients.Coffee.&lt;init&gt;(Coffee.java:10)
	at uk.ac.sheffield.com1003.cafe.ingredients.Coffee.&lt;init&gt;(Coffee.java:10)
	at uk.ac.sheffield.com1003.cafe.ingredients.Coffee.&lt;init&gt;(Coffee.java:10)
	at uk.ac.sheffield.com1003.cafe.ingredients.Coffee.&lt;init&gt;(Coffee.java:10)
	at uk.ac.sheffield.com1003.cafe.ingredients.Coffee.&lt;init&gt;(Coffee.java:10)
	at uk.ac.sheffield.com1003.cafe.ingredients.Coffee.&lt;init&gt;(Coffee.java:10)
	at uk.ac.sheffield.com1003.cafe.ingredients.Coffee.&lt;init&gt;(Coffee.java:10)
	at uk.ac.sheffield.com1003.cafe.ingredients.Coffee.&lt;init&gt;(Coffee.java:10)
	at uk.ac.sheffield.com1003.cafe.ingredients.Coffee.&lt;init&gt;(Coffee.java:10)
	at uk.ac.sheffield.com1003.cafe.ingredients.Coffee.&lt;init&gt;(Coffee.java:10)
	at uk.ac.sheffield.com1003.cafe.ingredients.Coffee.&lt;init&gt;(Coffee.java:10)
	at uk.ac.sheffield.com1003.cafe.ingredients.Coffee.&lt;init&gt;(Coffee.java:10)
	at uk.ac.sheffield.com1003.cafe.ingredients.Coffee.&lt;init&gt;(Coffee.java:10)
	at uk.ac.sheffield.com1003.cafe.ingredients.Coffee.&lt;init&gt;(Coffee.java:10)
	at uk.ac.sheffield.com1003.cafe.ingredients.Coffee.&lt;init&gt;(Coffee.java:10)
	at uk.ac.sheffield.com1003.cafe.ingredients.Coffee.&lt;init&gt;(Coffee.java:10)
	at uk.ac.sheffield.com1003.cafe.ingredients.Coffee.&lt;init&gt;(Coffee.java:10)
	at uk.ac.sheffield.com1003.cafe.ingredients.Coffee.&lt;init&gt;(Coffee.java:10)
	at uk.ac.sheffield.com1003.cafe.ingredients.Coffee.&lt;init&gt;(Coffee.java:10)
	at uk.ac.sheffield.com1003.cafe.ingredients.Coffee.&lt;init&gt;(Coffee.java:10)
	at uk.ac.sheffield.com1003.cafe.ingredients.Coffee.&lt;init&gt;(Coffee.java:10)
	at uk.ac.sheffield.com1003.cafe.ingredients.Coffee.&lt;init&gt;(Coffee.java:10)
	at uk.ac.sheffield.com1003.cafe.ingredients.Coffee.&lt;init&gt;(Coffee.java:10)
	at uk.ac.sheffield.com1003.cafe.ingredients.Coffee.&lt;init&gt;(Coffee.java:10)
	at uk.ac.sheffield.com1003.cafe.ingredients.Coffee.&lt;init&gt;(Coffee.java:10)
	at uk.ac.sheffield.com1003.cafe.ingredients.Coffee.&lt;init&gt;(Coffee.java:10)
	at uk.ac.sheffield.com1003.cafe.ingredients.Coffee.&lt;init&gt;(Coffee.java:10)
	at uk.ac.sheffield.com1003.cafe.ingredients.Coffee.&lt;init&gt;(Coffee.java:10)
	at uk.ac.sheffield.com1003.cafe.ingredients.Coffee.&lt;init&gt;(Coffee.java:10)
	at uk.ac.sheffield.com1003.cafe.ingredients.Coffee.&lt;init&gt;(Coffee.java:10)
	at uk.ac.sheffield.com1003.cafe.ingredients.Coffee.&lt;init&gt;(Coffee.java:10)
	at uk.ac.sheffield.com1003.cafe.ingredients.Coffee.&lt;init&gt;(Coffee.java:10)
	at uk.ac.sheffield.com1003.cafe.ingredients.Coffee.&lt;init&gt;(Coffee.java:10)
	at uk.ac.sheffield.com1003.cafe.ingredients.Coffee.&lt;init&gt;(Coffee.java:10)
	at uk.ac.sheffield.com1003.cafe.ingredients.Coffee.&lt;init&gt;(Coffee.java:10)
	at uk.ac.sheffield.com1003.cafe.ingredients.Coffee.&lt;init&gt;(Coffee.java:10)
	at uk.ac.sheffield.com1003.cafe.ingredients.Coffee.&lt;init&gt;(Coffee.java:10)
	at uk.ac.sheffield.com1003.cafe.ingredients.Coffee.&lt;init&gt;(Coffee.java:10)
	at uk.ac.sheffield.com1003.cafe.ingredients.Coffee.&lt;init&gt;(Coffee.java:10)
	at uk.ac.sheffield.com1003.cafe.ingredients.Coffee.&lt;init&gt;(Coffee.java:10)
	at uk.ac.sheffield.com1003.cafe.ingredients.Coffee.&lt;init&gt;(Coffee.java:10)
	at uk.ac.sheffield.com1003.cafe.ingredients.Coffee.&lt;init&gt;(Coffee.java:10)
	at uk.ac.sheffield.com1003.cafe.ingredients.Coffee.&lt;init&gt;(Coffee.java:10)
	at uk.ac.sheffield.com1003.cafe.ingredients.Coffee.&lt;init&gt;(Coffee.java:10)
	at uk.ac.sheffield.com1003.cafe.ingredients.Coffee.&lt;init&gt;(Coffee.java:10)
	at uk.ac.sheffield.com1003.cafe.ingredients.Coffee.&lt;init&gt;(Coffee.java:10)
	at uk.ac.sheffield.com1003.cafe.ingredients.Coffee.&lt;init&gt;(Coffee.java:10)
	at uk.ac.sheffield.com1003.cafe.ingredients.Coffee.&lt;init&gt;(Coffee.java:10)
	at uk.ac.sheffield.com1003.cafe.ingredients.Coffee.&lt;init&gt;(Coffee.java:10)
	at uk.ac.sheffield.com1003.cafe.ingredients.Coffee.&lt;init&gt;(Coffee.java:10)
	at uk.ac.sheffield.com1003.cafe.ingredients.Coffee.&lt;init&gt;(Coffee.java:10)
	at uk.ac.sheffield.com1003.cafe.ingredients.Coffee.&lt;init&gt;(Coffee.java:10)
	at uk.ac.sheffield.com1003.cafe.ingredients.Coffee.&lt;init&gt;(Coffee.java:10)
	at uk.ac.sheffield.com1003.cafe.ingredients.Coffee.&lt;init&gt;(Coffee.java:10)
	at uk.ac.sheffield.com1003.cafe.ingredients.Coffee.&lt;init&gt;(Coffee.java:10)
	at uk.ac.sheffield.com1003.cafe.ingredients.Coffee.&lt;init&gt;(Coffee.java:10)
	at uk.ac.sheffield.com1003.cafe.ingredients.Coffee.&lt;init&gt;(Coffee.java:10)
	at uk.ac.sheffield.com1003.cafe.ingredients.Coffee.&lt;init&gt;(Coffee.java:10)
	at uk.ac.sheffield.com1003.cafe.ingredients.Coffee.&lt;init&gt;(Coffee.java:10)
	at uk.ac.sheffield.com1003.cafe.ingredients.Coffee.&lt;init&gt;(Coffee.java:10)
	at uk.ac.sheffield.com1003.cafe.ingredients.Coffee.&lt;init&gt;(Coffee.java:10)
	at uk.ac.sheffield.com1003.cafe.ingredients.Coffee.&lt;init&gt;(Coffee.java:10)
	at uk.ac.sheffield.com1003.cafe.ingredients.Coffee.&lt;init&gt;(Coffee.java:10)
	at uk.ac.sheffield.com1003.cafe.ingredients.Coffee.&lt;init&gt;(Coffee.java:10)
	at uk.ac.sheffield.com1003.cafe.ingredients.Coffee.&lt;init&gt;(Coffee.java:10)
	at uk.ac.sheffield.com1003.cafe.ingredients.Coffee.&lt;init&gt;(Coffee.java:10)
	at uk.ac.sheffield.com1003.cafe.ingredients.Coffee.&lt;init&gt;(Coffee.java:10)
	at uk.ac.sheffield.com1003.cafe.ingredients.Coffee.&lt;init&gt;(Coffee.java:10)
	at uk.ac.sheffield.com1003.cafe.ingredients.Coffee.&lt;init&gt;(Coffee.java:10)
	at uk.ac.sheffield.com1003.cafe.ingredients.Coffee.&lt;init&gt;(Coffee.java:10)
	at uk.ac.sheffield.com1003.cafe.ingredients.Coffee.&lt;init&gt;(Coffee.java:10)
	at uk.ac.sheffield.com1003.cafe.ingredients.Coffee.&lt;init&gt;(Coffee.java:10)
	at uk.ac.sheffield.com1003.cafe.ingredients.Coffee.&lt;init&gt;(Coffee.java:10)
	at uk.ac.sheffield.com1003.cafe.ingredients.Coffee.&lt;init&gt;(Coffee.java:10)
	at uk.ac.sheffield.com1003.cafe.ingredients.Coffee.&lt;init&gt;(Coffee.java:10)
	at uk.ac.sheffield.com1003.cafe.ingredients.Coffee.&lt;init&gt;(Coffee.java:10)
	at uk.ac.sheffield.com1003.cafe.ingredients.Coffee.&lt;init&gt;(Coffee.java:10)
	at uk.ac.sheffield.com1003.cafe.ingredients.Coffee.&lt;init&gt;(Coffee.java:10)
	at uk.ac.sheffield.com1003.cafe.ingredients.Coffee.&lt;init&gt;(Coffee.java:10)
	at uk.ac.sheffield.com1003.cafe.ingredients.Coffee.&lt;init&gt;(Coffee.java:10)
	at uk.ac.sheffield.com1003.cafe.ingredients.Coffee.&lt;init&gt;(Coffee.java:10)
	at uk.ac.sheffield.com1003.cafe.ingredients.Coffee.&lt;init&gt;(Coffee.java:10)
	at uk.ac.sheffield.com1003.cafe.ingredients.Coffee.&lt;init&gt;(Coffee.java:10)
	at uk.ac.sheffield.com1003.cafe.ingredients.Coffee.&lt;init&gt;(Coffee.java:10)
	at uk.ac.sheffield.com1003.cafe.ingredients.Coffee.&lt;init&gt;(Coffee.java:10)
	at uk.ac.sheffield.com1003.cafe.ingredients.Coffee.&lt;init&gt;(Coffee.java:10)
	at uk.ac.sheffield.com1003.cafe.ingredients.Coffee.&lt;init&gt;(Coffee.java:10)
	at uk.ac.sheffield.com1003.cafe.ingredients.Coffee.&lt;init&gt;(Coffee.java:10)
	at uk.ac.sheffield.com1003.cafe.ingredients.Coffee.&lt;init&gt;(Coffee.java:10)
	at uk.ac.sheffield.com1003.cafe.ingredients.Coffee.&lt;init&gt;(Coffee.java:10)
	at uk.ac.sheffield.com1003.cafe.ingredients.Coffee.&lt;init&gt;(Coffee.java:10)
	at uk.ac.sheffield.com1003.cafe.ingredients.Coffee.&lt;init&gt;(Coffee.java:10)
	at uk.ac.sheffield.com1003.cafe.ingredients.Coffee.&lt;init&gt;(Coffee.java:10)
	at uk.ac.sheffield.com1003.cafe.ingredients.Coffee.&lt;init&gt;(Coffee.java:10)
	at uk.ac.sheffield.com1003.cafe.ingredients.Coffee.&lt;init&gt;(Coffee.java:10)
	at uk.ac.sheffield.com1003.cafe.ingredients.Coffee.&lt;init&gt;(Coffee.java:10)
	at uk.ac.sheffield.com1003.cafe.ingredients.Coffee.&lt;init&gt;(Coffee.java:10)
	at uk.ac.sheffield.com1003.cafe.ingredients.Coffee.&lt;init&gt;(Coffee.java:10)
	at uk.ac.sheffield.com1003.cafe.ingredients.Coffee.&lt;init&gt;(Coffee.java:10)
	at uk.ac.sheffield.com1003.cafe.ingredients.Coffee.&lt;init&gt;(Coffee.java:10)
	at uk.ac.sheffield.com1003.cafe.ingredients.Coffee.&lt;init&gt;(Coffee.java:10)
	at uk.ac.sheffield.com1003.cafe.ingredients.Coffee.&lt;init&gt;(Coffee.java:10)
	at uk.ac.sheffield.com1003.cafe.ingredients.Coffee.&lt;init&gt;(Coffee.java:10)
	at uk.ac.sheffield.com1003.cafe.ingredients.Coffee.&lt;init&gt;(Coffee.java:10)
	at uk.ac.sheffield.com1003.cafe.ingredients.Coffee.&lt;init&gt;(Coffee.java:10)
	at uk.ac.sheffield.com1003.cafe.ingredients.Coffee.&lt;init&gt;(Coffee.java:10)
	at uk.ac.sheffield.com1003.cafe.ingredients.Coffee.&lt;init&gt;(Coffee.java:10)
	at uk.ac.sheffield.com1003.cafe.ingredients.Coffee.&lt;init&gt;(Coffee.java:10)
	at uk.ac.sheffield.com1003.cafe.ingredients.Coffee.&lt;init&gt;(Coffee.java:10)
	at uk.ac.sheffield.com1003.cafe.ingredients.Coffee.&lt;init&gt;(Coffee.java:10)
	at uk.ac.sheffield.com1003.cafe.ingredients.Coffee.&lt;init&gt;(Coffee.java:10)
	at uk.ac.sheffield.com1003.cafe.ingredients.Coffee.&lt;init&gt;(Coffee.java:10)
	at uk.ac.sheffield.com1003.cafe.ingredients.Coffee.&lt;init&gt;(Coffee.java:10)
	at uk.ac.sheffield.com1003.cafe.ingredients.Coffee.&lt;init&gt;(Coffee.java:10)
	at uk.ac.sheffield.com1003.cafe.ingredients.Coffee.&lt;init&gt;(Coffee.java:10)
	at uk.ac.sheffield.com1003.cafe.ingredients.Coffee.&lt;init&gt;(Coffee.java:10)
	at uk.ac.sheffield.com1003.cafe.ingredients.Coffee.&lt;init&gt;(Coffee.java:10)
	at uk.ac.sheffield.com1003.cafe.ingredients.Coffee.&lt;init&gt;(Coffee.java:10)
	at uk.ac.sheffield.com1003.cafe.ingredients.Coffee.&lt;init&gt;(Coffee.java:10)
	at uk.ac.sheffield.com1003.cafe.ingredients.Coffee.&lt;init&gt;(Coffee.java:10)
	at uk.ac.sheffield.com1003.cafe.ingredients.Coffee.&lt;init&gt;(Coffee.java:10)
	at uk.ac.sheffield.com1003.cafe.ingredients.Coffee.&lt;init&gt;(Coffee.java:10)
	at uk.ac.sheffield.com1003.cafe.ingredients.Coffee.&lt;init&gt;(Coffee.java:10)
	at uk.ac.sheffield.com1003.cafe.ingredients.Coffee.&lt;init&gt;(Coffee.java:10)
	at uk.ac.sheffield.com1003.cafe.ingredients.Coffee.&lt;init&gt;(Coffee.java:10)
	at uk.ac.sheffield.com1003.cafe.ingredients.Coffee.&lt;init&gt;(Coffee.java:10)
	at uk.ac.sheffield.com1003.cafe.ingredients.Coffee.&lt;init&gt;(Coffee.java:10)
	at uk.ac.sheffield.com1003.cafe.ingredients.Coffee.&lt;init&gt;(Coffee.java:10)
	at uk.ac.sheffield.com1003.cafe.ingredients.Coffee.&lt;init&gt;(Coffee.java:10)
	at uk.ac.sheffield.com1003.cafe.ingredients.Coffee.&lt;init&gt;(Coffee.java:10)
	at uk.ac.sheffield.com1003.cafe.ingredients.Coffee.&lt;init&gt;(Coffee.java:10)
	at uk.ac.sheffield.com1003.cafe.ingredients.Coffee.&lt;init&gt;(Coffee.java:10)
	at uk.ac.sheffield.com1003.cafe.ingredients.Coffee.&lt;init&gt;(Coffee.java:10)
	at uk.ac.sheffield.com1003.cafe.ingredients.Coffee.&lt;init&gt;(Coffee.java:10)
	at uk.ac.sheffield.com1003.cafe.ingredients.Coffee.&lt;init&gt;(Coffee.java:10)
	at uk.ac.sheffield.com1003.cafe.ingredients.Coffee.&lt;init&gt;(Coffee.java:10)
	at uk.ac.sheffield.com1003.cafe.ingredients.Coffee.&lt;init&gt;(Coffee.java:10)
	at uk.ac.sheffield.com1003.cafe.ingredients.Coffee.&lt;init&gt;(Coffee.java:10)
	at uk.ac.sheffield.com1003.cafe.ingredients.Coffee.&lt;init&gt;(Coffee.java:10)
	at uk.ac.sheffield.com1003.cafe.ingredients.Coffee.&lt;init&gt;(Coffee.java:10)
	at uk.ac.sheffield.com1003.cafe.ingredients.Coffee.&lt;init&gt;(Coffee.java:10)
	at uk.ac.sheffield.com1003.cafe.ingredients.Coffee.&lt;init&gt;(Coffee.java:10)
	at uk.ac.sheffield.com1003.cafe.ingredients.Coffee.&lt;init&gt;(Coffee.java:10)
	at uk.ac.sheffield.com1003.cafe.ingredients.Coffee.&lt;init&gt;(Coffee.java:10)
	at uk.ac.sheffield.com1003.cafe.ingredients.Coffee.&lt;init&gt;(Coffee.java:10)
	at uk.ac.sheffield.com1003.cafe.ingredients.Coffee.&lt;init&gt;(Coffee.java:10)
	at uk.ac.sheffield.com1003.cafe.ingredients.Coffee.&lt;init&gt;(Coffee.java:10)
	at uk.ac.sheffield.com1003.cafe.ingredients.Coffee.&lt;init&gt;(Coffee.java:10)
	at uk.ac.sheffield.com1003.cafe.ingredients.Coffee.&lt;init&gt;(Coffee.java:10)
	at uk.ac.sheffield.com1003.cafe.ingredients.Coffee.&lt;init&gt;(Coffee.java:10)
	at uk.ac.sheffield.com1003.cafe.ingredients.Coffee.&lt;init&gt;(Coffee.java:10)
	at uk.ac.sheffield.com1003.cafe.ingredients.Coffee.&lt;init&gt;(Coffee.java:10)
	at uk.ac.sheffield.com1003.cafe.ingredients.Coffee.&lt;init&gt;(Coffee.java:10)
	at uk.ac.sheffield.com1003.cafe.ingredients.Coffee.&lt;init&gt;(Coffee.java:10)
	at uk.ac.sheffield.com1003.cafe.ingredients.Coffee.&lt;init&gt;(Coffee.java:10)
	at uk.ac.sheffield.com1003.cafe.ingredients.Coffee.&lt;init&gt;(Coffee.java:10)
	at uk.ac.sheffield.com1003.cafe.ingredients.Coffee.&lt;init&gt;(Coffee.java:10)
	at uk.ac.sheffield.com1003.cafe.ingredients.Coffee.&lt;init&gt;(Coffee.java:10)
	at uk.ac.sheffield.com1003.cafe.ingredients.Coffee.&lt;init&gt;(Coffee.java:10)
	at uk.ac.sheffield.com1003.cafe.ingredients.Coffee.&lt;init&gt;(Coffee.java:10)
	at uk.ac.sheffield.com1003.cafe.ingredients.Coffee.&lt;init&gt;(Coffee.java:10)
	at uk.ac.sheffield.com1003.cafe.ingredients.Coffee.&lt;init&gt;(Coffee.java:10)
	at uk.ac.sheffield.com1003.cafe.ingredients.Coffee.&lt;init&gt;(Coffee.java:10)
	at uk.ac.sheffield.com1003.cafe.ingredients.Coffee.&lt;init&gt;(Coffee.java:10)
	at uk.ac.sheffield.com1003.cafe.ingredients.Coffee.&lt;init&gt;(Coffee.java:10)
	at uk.ac.sheffield.com1003.cafe.ingredients.Coffee.&lt;init&gt;(Coffee.java:10)
	at uk.ac.sheffield.com1003.cafe.ingredients.Coffee.&lt;init&gt;(Coffee.java:10)
	at uk.ac.sheffield.com1003.cafe.ingredients.Coffee.&lt;init&gt;(Coffee.java:10)
	at uk.ac.sheffield.com1003.cafe.ingredients.Coffee.&lt;init&gt;(Coffee.java:10)
	at uk.ac.sheffield.com1003.cafe.ingredients.Coffee.&lt;init&gt;(Coffee.java:10)
	at uk.ac.sheffield.com1003.cafe.ingredients.Coffee.&lt;init&gt;(Coffee.java:10)
	at uk.ac.sheffield.com1003.cafe.ingredients.Coffee.&lt;init&gt;(Coffee.java:10)
	at uk.ac.sheffield.com1003.cafe.ingredients.Coffee.&lt;init&gt;(Coffee.java:10)
	at uk.ac.sheffield.com1003.cafe.ingredients.Coffee.&lt;init&gt;(Coffee.java:10)
	at uk.ac.sheffield.com1003.cafe.ingredients.Coffee.&lt;init&gt;(Coffee.java:10)
	at uk.ac.sheffield.com1003.cafe.ingredients.Coffee.&lt;init&gt;(Coffee.java:10)
	at uk.ac.sheffield.com1003.cafe.ingredients.Coffee.&lt;init&gt;(Coffee.java:10)
	at uk.ac.sheffield.com1003.cafe.ingredients.Coffee.&lt;init&gt;(Coffee.java:10)
	at uk.ac.sheffield.com1003.cafe.ingredients.Coffee.&lt;init&gt;(Coffee.java:10)
	at uk.ac.sheffield.com1003.cafe.ingredients.Coffee.&lt;init&gt;(Coffee.java:10)
	at uk.ac.sheffield.com1003.cafe.ingredients.Coffee.&lt;init&gt;(Coffee.java:10)
	at uk.ac.sheffield.com1003.cafe.ingredients.Coffee.&lt;init&gt;(Coffee.java:10)
	at uk.ac.sheffield.com1003.cafe.ingredients.Coffee.&lt;init&gt;(Coffee.java:10)
	at uk.ac.sheffield.com1003.cafe.ingredients.Coffee.&lt;init&gt;(Coffee.java:10)
	at uk.ac.sheffield.com1003.cafe.ingredients.Coffee.&lt;init&gt;(Coffee.java:10)
	at uk.ac.sheffield.com1003.cafe.ingredients.Coffee.&lt;init&gt;(Coffee.java:10)
	at uk.ac.sheffield.com1003.cafe.ingredients.Coffee.&lt;init&gt;(Coffee.java:10)
	at uk.ac.sheffield.com1003.cafe.ingredients.Coffee.&lt;init&gt;(Coffee.java:10)
	at uk.ac.sheffield.com1003.cafe.ingredients.Coffee.&lt;init&gt;(Coffee.java:10)
	at uk.ac.sheffield.com1003.cafe.ingredients.Coffee.&lt;init&gt;(Coffee.java:10)
	at uk.ac.sheffield.com1003.cafe.ingredients.Coffee.&lt;init&gt;(Coffee.java:10)
	at uk.ac.sheffield.com1003.cafe.ingredients.Coffee.&lt;init&gt;(Coffee.java:10)
	at uk.ac.sheffield.com1003.cafe.ingredients.Coffee.&lt;init&gt;(Coffee.java:10)
	at uk.ac.sheffield.com1003.cafe.ingredients.Coffee.&lt;init&gt;(Coffee.java:10)
	at uk.ac.sheffield.com1003.cafe.ingredients.Coffee.&lt;init&gt;(Coffee.java:10)
	at uk.ac.sheffield.com1003.cafe.ingredients.Coffee.&lt;init&gt;(Coffee.java:10)
	at uk.ac.sheffield.com1003.cafe.ingredients.Coffee.&lt;init&gt;(Coffee.java:10)
	at uk.ac.sheffield.com1003.cafe.ingredients.Coffee.&lt;init&gt;(Coffee.java:10)
	at uk.ac.sheffield.com1003.cafe.ingredients.Coffee.&lt;init&gt;(Coffee.java:10)
	at uk.ac.sheffield.com1003.cafe.ingredients.Coffee.&lt;init&gt;(Coffee.java:10)
	at uk.ac.sheffield.com1003.cafe.ingredients.Coffee.&lt;init&gt;(Coffee.java:10)
	at uk.ac.sheffield.com1003.cafe.ingredients.Coffee.&lt;init&gt;(Coffee.java:10)
	at uk.ac.sheffield.com1003.cafe.ingredients.Coffee.&lt;init&gt;(Coffee.java:10)
	at uk.ac.sheffield.com1003.cafe.ingredients.Coffee.&lt;init&gt;(Coffee.java:10)
	at uk.ac.sheffield.com1003.cafe.ingredients.Coffee.&lt;init&gt;(Coffee.java:10)
	at uk.ac.sheffield.com1003.cafe.ingredients.Coffee.&lt;init&gt;(Coffee.java:10)
	at uk.ac.sheffield.com1003.cafe.ingredients.Coffee.&lt;init&gt;(Coffee.java:10)
	at uk.ac.sheffield.com1003.cafe.ingredients.Coffee.&lt;init&gt;(Coffee.java:10)
	at uk.ac.sheffield.com1003.cafe.ingredients.Coffee.&lt;init&gt;(Coffee.java:10)
	at uk.ac.sheffield.com1003.cafe.ingredients.Coffee.&lt;init&gt;(Coffee.java:10)
	at uk.ac.sheffield.com1003.cafe.ingredients.Coffee.&lt;init&gt;(Coffee.java:10)
	at uk.ac.sheffield.com1003.cafe.ingredients.Coffee.&lt;init&gt;(Coffee.java:10)
	at uk.ac.sheffield.com1003.cafe.ingredients.Coffee.&lt;init&gt;(Coffee.java:10)
	at uk.ac.sheffield.com1003.cafe.ingredients.Coffee.&lt;init&gt;(Coffee.java:10)
	at uk.ac.sheffield.com1003.cafe.ingredients.Coffee.&lt;init&gt;(Coffee.java:10)
	at uk.ac.sheffield.com1003.cafe.ingredients.Coffee.&lt;init&gt;(Coffee.java:10)
	at uk.ac.sheffield.com1003.cafe.ingredients.Coffee.&lt;init&gt;(Coffee.java:10)
	at uk.ac.sheffield.com1003.cafe.ingredients.Coffee.&lt;init&gt;(Coffee.java:10)
	at uk.ac.sheffield.com1003.cafe.ingredients.Coffee.&lt;init&gt;(Coffee.java:10)
	at uk.ac.sheffield.com1003.cafe.ingredients.Coffee.&lt;init&gt;(Coffee.java:10)
	at uk.ac.sheffield.com1003.cafe.ingredients.Coffee.&lt;init&gt;(Coffee.java:10)
	at uk.ac.sheffield.com1003.cafe.ingredients.Coffee.&lt;init&gt;(Coffee.java:10)
	at uk.ac.sheffield.com1003.cafe.ingredients.Coffee.&lt;init&gt;(Coffee.java:10)
	at uk.ac.sheffield.com1003.cafe.ingredients.Coffee.&lt;init&gt;(Coffee.java:10)
	at uk.ac.sheffield.com1003.cafe.ingredients.Coffee.&lt;init&gt;(Coffee.java:10)
	at uk.ac.sheffield.com1003.cafe.ingredients.Coffee.&lt;init&gt;(Coffee.java:10)
	at uk.ac.sheffield.com1003.cafe.ingredients.Coffee.&lt;init&gt;(Coffee.java:10)
	at uk.ac.sheffield.com1003.cafe.ingredients.Coffee.&lt;init&gt;(Coffee.java:10)
	at uk.ac.sheffield.com1003.cafe.ingredients.Coffee.&lt;init&gt;(Coffee.java:10)
	at uk.ac.sheffield.com1003.cafe.ingredients.Coffee.&lt;init&gt;(Coffee.java:10)
	at uk.ac.sheffield.com1003.cafe.ingredients.Coffee.&lt;init&gt;(Coffee.java:10)
	at uk.ac.sheffield.com1003.cafe.ingredients.Coffee.&lt;init&gt;(Coffee.java:10)
	at uk.ac.sheffield.com1003.cafe.ingredients.Coffee.&lt;init&gt;(Coffee.java:10)
	at uk.ac.sheffield.com1003.cafe.ingredients.Coffee.&lt;init&gt;(Coffee.java:10)
	at uk.ac.sheffield.com1003.cafe.ingredients.Coffee.&lt;init&gt;(Coffee.java:10)
	at uk.ac.sheffield.com1003.cafe.ingredients.Coffee.&lt;init&gt;(Coffee.java:10)
	at uk.ac.sheffield.com1003.cafe.ingredients.Coffee.&lt;init&gt;(Coffee.java:10)
	at uk.ac.sheffield.com1003.cafe.ingredients.Coffee.&lt;init&gt;(Coffee.java:10)
	at uk.ac.sheffield.com1003.cafe.ingredients.Coffee.&lt;init&gt;(Coffee.java:10)
	at uk.ac.sheffield.com1003.cafe.ingredients.Coffee.&lt;init&gt;(Coffee.java:10)
	at uk.ac.sheffield.com1003.cafe.ingredients.Coffee.&lt;init&gt;(Coffee.java:10)
	at uk.ac.sheffield.com1003.cafe.ingredients.Coffee.&lt;init&gt;(Coffee.java:10)
	at uk.ac.sheffield.com1003.cafe.ingredients.Coffee.&lt;init&gt;(Coffee.java:10)
	at uk.ac.sheffield.com1003.cafe.ingredients.Coffee.&lt;init&gt;(Coffee.java:10)
	at uk.ac.sheffield.com1003.cafe.ingredients.Coffee.&lt;init&gt;(Coffee.java:10)
	at uk.ac.sheffield.com1003.cafe.ingredients.Coffee.&lt;init&gt;(Coffee.java:10)
	at uk.ac.sheffield.com1003.cafe.ingredients.Coffee.&lt;init&gt;(Coffee.java:10)
	at uk.ac.sheffield.com1003.cafe.ingredients.Coffee.&lt;init&gt;(Coffee.java:10)
	at uk.ac.sheffield.com1003.cafe.ingredients.Coffee.&lt;init&gt;(Coffee.java:10)
	at uk.ac.sheffield.com1003.cafe.ingredients.Coffee.&lt;init&gt;(Coffee.java:10)
	at uk.ac.sheffield.com1003.cafe.ingredients.Coffee.&lt;init&gt;(Coffee.java:10)
	at uk.ac.sheffield.com1003.cafe.ingredients.Coffee.&lt;init&gt;(Coffee.java:10)
	at uk.ac.sheffield.com1003.cafe.ingredients.Coffee.&lt;init&gt;(Coffee.java:10)
	at uk.ac.sheffield.com1003.cafe.ingredients.Coffee.&lt;init&gt;(Coffee.java:10)
	at uk.ac.sheffield.com1003.cafe.ingredients.Coffee.&lt;init&gt;(Coffee.java:10)
	at uk.ac.sheffield.com1003.cafe.ingredients.Coffee.&lt;init&gt;(Coffee.java:10)
	at uk.ac.sheffield.com1003.cafe.ingredients.Coffee.&lt;init&gt;(Coffee.java:10)
	at uk.ac.sheffield.com1003.cafe.ingredients.Coffee.&lt;init&gt;(Coffee.java:10)
	at uk.ac.sheffield.com1003.cafe.ingredients.Coffee.&lt;init&gt;(Coffee.java:10)
	at uk.ac.sheffield.com1003.cafe.ingredients.Coffee.&lt;init&gt;(Coffee.java:10)
	at uk.ac.sheffield.com1003.cafe.ingredients.Coffee.&lt;init&gt;(Coffee.java:10)
	at uk.ac.sheffield.com1003.cafe.ingredients.Coffee.&lt;init&gt;(Coffee.java:10)
	at uk.ac.sheffield.com1003.cafe.ingredients.Coffee.&lt;init&gt;(Coffee.java:10)
	at uk.ac.sheffield.com1003.cafe.ingredients.Coffee.&lt;init&gt;(Coffee.java:10)
	at uk.ac.sheffield.com1003.cafe.ingredients.Coffee.&lt;init&gt;(Coffee.java:10)
	at uk.ac.sheffield.com1003.cafe.ingredients.Coffee.&lt;init&gt;(Coffee.java:10)
	at uk.ac.sheffield.com1003.cafe.ingredients.Coffee.&lt;init&gt;(Coffee.java:10)
	at uk.ac.sheffield.com1003.cafe.ingredients.Coffee.&lt;init&gt;(Coffee.java:10)
	at uk.ac.sheffield.com1003.cafe.ingredients.Coffee.&lt;init&gt;(Coffee.java:10)
	at uk.ac.sheffield.com1003.cafe.ingredients.Coffee.&lt;init&gt;(Coffee.java:10)
	at uk.ac.sheffield.com1003.cafe.ingredients.Coffee.&lt;init&gt;(Coffee.java:10)
	at uk.ac.sheffield.com1003.cafe.ingredients.Coffee.&lt;init&gt;(Coffee.java:10)
	at uk.ac.sheffield.com1003.cafe.ingredients.Coffee.&lt;init&gt;(Coffee.java:10)
	at uk.ac.sheffield.com1003.cafe.ingredients.Coffee.&lt;init&gt;(Coffee.java:10)
	at uk.ac.sheffield.com1003.cafe.ingredients.Coffee.&lt;init&gt;(Coffee.java:10)
	at uk.ac.sheffield.com1003.cafe.ingredients.Coffee.&lt;init&gt;(Coffee.java:10)
	at uk.ac.sheffield.com1003.cafe.ingredients.Coffee.&lt;init&gt;(Coffee.java:10)
	at uk.ac.sheffield.com1003.cafe.ingredients.Coffee.&lt;init&gt;(Coffee.java:10)
	at uk.ac.sheffield.com1003.cafe.ingredients.Coffee.&lt;init&gt;(Coffee.java:10)
	at uk.ac.sheffield.com1003.cafe.ingredients.Coffee.&lt;init&gt;(Coffee.java:10)
	at uk.ac.sheffield.com1003.cafe.ingredients.Coffee.&lt;init&gt;(Coffee.java:10)
	at uk.ac.sheffield.com1003.cafe.ingredients.Coffee.&lt;init&gt;(Coffee.java:10)
	at uk.ac.sheffield.com1003.cafe.ingredients.Coffee.&lt;init&gt;(Coffee.java:10)
	at uk.ac.sheffield.com1003.cafe.ingredients.Coffee.&lt;init&gt;(Coffee.java:10)
	at uk.ac.sheffield.com1003.cafe.ingredients.Coffee.&lt;init&gt;(Coffee.java:10)
	at uk.ac.sheffield.com1003.cafe.ingredients.Coffee.&lt;init&gt;(Coffee.java:10)
	at uk.ac.sheffield.com1003.cafe.ingredients.Coffee.&lt;init&gt;(Coffee.java:10)
	at uk.ac.sheffield.com1003.cafe.ingredients.Coffee.&lt;init&gt;(Coffee.java:10)
	at uk.ac.sheffield.com1003.cafe.ingredients.Coffee.&lt;init&gt;(Coffee.java:10)
	at uk.ac.sheffield.com1003.cafe.ingredients.Coffee.&lt;init&gt;(Coffee.java:10)
	at uk.ac.sheffield.com1003.cafe.ingredients.Coffee.&lt;init&gt;(Coffee.java:10)
	at uk.ac.sheffield.com1003.cafe.ingredients.Coffee.&lt;init&gt;(Coffee.java:10)
	at uk.ac.sheffield.com1003.cafe.ingredients.Coffee.&lt;init&gt;(Coffee.java:10)
	at uk.ac.sheffield.com1003.cafe.ingredients.Coffee.&lt;init&gt;(Coffee.java:10)
	at uk.ac.sheffield.com1003.cafe.ingredients.Coffee.&lt;init&gt;(Coffee.java:10)
	at uk.ac.sheffield.com1003.cafe.ingredients.Coffee.&lt;init&gt;(Coffee.java:10)
	at uk.ac.sheffield.com1003.cafe.ingredients.Coffee.&lt;init&gt;(Coffee.java:10)
	at uk.ac.sheffield.com1003.cafe.ingredients.Coffee.&lt;init&gt;(Coffee.java:10)
	at uk.ac.sheffield.com1003.cafe.ingredients.Coffee.&lt;init&gt;(Coffee.java:10)
	at uk.ac.sheffield.com1003.cafe.ingredients.Coffee.&lt;init&gt;(Coffee.java:10)
	at uk.ac.sheffield.com1003.cafe.ingredients.Coffee.&lt;init&gt;(Coffee.java:10)
	at uk.ac.sheffield.com1003.cafe.ingredients.Coffee.&lt;init&gt;(Coffee.java:10)
	at uk.ac.sheffield.com1003.cafe.ingredients.Coffee.&lt;init&gt;(Coffee.java:10)
	at uk.ac.sheffield.com1003.cafe.ingredients.Coffee.&lt;init&gt;(Coffee.java:10)
	at uk.ac.sheffield.com1003.cafe.ingredients.Coffee.&lt;init&gt;(Coffee.java:10)
	at uk.ac.sheffield.com1003.cafe.ingredients.Coffee.&lt;init&gt;(Coffee.java:10)
	at uk.ac.sheffield.com1003.cafe.ingredients.Coffee.&lt;init&gt;(Coffee.java:10)
	at uk.ac.sheffield.com1003.cafe.ingredients.Coffee.&lt;init&gt;(Coffee.java:10)
	at uk.ac.sheffield.com1003.cafe.ingredients.Coffee.&lt;init&gt;(Coffee.java:10)
	at uk.ac.sheffield.com1003.cafe.ingredients.Coffee.&lt;init&gt;(Coffee.java:10)
	at uk.ac.sheffield.com1003.cafe.ingredients.Coffee.&lt;init&gt;(Coffee.java:10)
	at uk.ac.sheffield.com1003.cafe.ingredients.Coffee.&lt;init&gt;(Coffee.java:10)
	at uk.ac.sheffield.com1003.cafe.ingredients.Coffee.&lt;init&gt;(Coffee.java:10)
	at uk.ac.sheffield.com1003.cafe.ingredients.Coffee.&lt;init&gt;(Coffee.java:10)
	at uk.ac.sheffield.com1003.cafe.ingredients.Coffee.&lt;init&gt;(Coffee.java:10)
	at uk.ac.sheffield.com1003.cafe.ingredients.Coffee.&lt;init&gt;(Coffee.java:10)
	at uk.ac.sheffield.com1003.cafe.ingredients.Coffee.&lt;init&gt;(Coffee.java:10)
	at uk.ac.sheffield.com1003.cafe.ingredients.Coffee.&lt;init&gt;(Coffee.java:10)
	at uk.ac.sheffield.com1003.cafe.ingredients.Coffee.&lt;init&gt;(Coffee.java:10)
	at uk.ac.sheffield.com1003.cafe.ingredients.Coffee.&lt;init&gt;(Coffee.java:10)
	at uk.ac.sheffield.com1003.cafe.ingredients.Coffee.&lt;init&gt;(Coffee.java:10)
	at uk.ac.sheffield.com1003.cafe.ingredients.Coffee.&lt;init&gt;(Coffee.java:10)
	at uk.ac.sheffield.com1003.cafe.ingredients.Coffee.&lt;init&gt;(Coffee.java:10)
	at uk.ac.sheffield.com1003.cafe.ingredients.Coffee.&lt;init&gt;(Coffee.java:10)
	at uk.ac.sheffield.com1003.cafe.ingredients.Coffee.&lt;init&gt;(Coffee.java:10)
	at uk.ac.sheffield.com1003.cafe.ingredients.Coffee.&lt;init&gt;(Coffee.java:10)
	at uk.ac.sheffield.com1003.cafe.ingredients.Coffee.&lt;init&gt;(Coffee.java:10)
	at uk.ac.sheffield.com1003.cafe.ingredients.Coffee.&lt;init&gt;(Coffee.java:10)
	at uk.ac.sheffield.com1003.cafe.ingredients.Coffee.&lt;init&gt;(Coffee.java:10)
	at uk.ac.sheffield.com1003.cafe.ingredients.Coffee.&lt;init&gt;(Coffee.java:10)
	at uk.ac.sheffield.com1003.cafe.ingredients.Coffee.&lt;init&gt;(Coffee.java:10)
	at uk.ac.sheffield.com1003.cafe.ingredients.Coffee.&lt;init&gt;(Coffee.java:10)
	at uk.ac.sheffield.com1003.cafe.ingredients.Coffee.&lt;init&gt;(Coffee.java:10)
	at uk.ac.sheffield.com1003.cafe.ingredients.Coffee.&lt;init&gt;(Coffee.java:10)
	at uk.ac.sheffield.com1003.cafe.ingredients.Coffee.&lt;init&gt;(Coffee.java:10)
	at uk.ac.sheffield.com1003.cafe.ingredients.Coffee.&lt;init&gt;(Coffee.java:10)
	at uk.ac.sheffield.com1003.cafe.ingredients.Coffee.&lt;init&gt;(Coffee.java:10)
	at uk.ac.sheffield.com1003.cafe.ingredients.Coffee.&lt;init&gt;(Coffee.java:10)
	at uk.ac.sheffield.com1003.cafe.ingredients.Coffee.&lt;init&gt;(Coffee.java:10)
	at uk.ac.sheffield.com1003.cafe.ingredients.Coffee.&lt;init&gt;(Coffee.java:10)
	at uk.ac.sheffield.com1003.cafe.ingredients.Coffee.&lt;init&gt;(Coffee.java:10)
	at uk.ac.sheffield.com1003.cafe.ingredients.Coffee.&lt;init&gt;(Coffee.java:10)
	at uk.ac.sheffield.com1003.cafe.ingredients.Coffee.&lt;init&gt;(Coffee.java:10)
	at uk.ac.sheffield.com1003.cafe.ingredients.Coffee.&lt;init&gt;(Coffee.java:10)
	at uk.ac.sheffield.com1003.cafe.ingredients.Coffee.&lt;init&gt;(Coffee.java:10)
	at uk.ac.sheffield.com1003.cafe.ingredients.Coffee.&lt;init&gt;(Coffee.java:10)
	at uk.ac.sheffield.com1003.cafe.ingredients.Coffee.&lt;init&gt;(Coffee.java:10)
	at uk.ac.sheffield.com1003.cafe.ingredients.Coffee.&lt;init&gt;(Coffee.java:10)
	at uk.ac.sheffield.com1003.cafe.ingredients.Coffee.&lt;init&gt;(Coffee.java:10)
	at uk.ac.sheffield.com1003.cafe.ingredients.Coffee.&lt;init&gt;(Coffee.java:10)
	at uk.ac.sheffield.com1003.cafe.ingredients.Coffee.&lt;init&gt;(Coffee.java:10)
	at uk.ac.sheffield.com1003.cafe.ingredients.Coffee.&lt;init&gt;(Coffee.java:10)
	at uk.ac.sheffield.com1003.cafe.ingredients.Coffee.&lt;init&gt;(Coffee.java:10)
	at uk.ac.sheffield.com1003.cafe.ingredients.Coffee.&lt;init&gt;(Coffee.java:10)
	at uk.ac.sheffield.com1003.cafe.ingredients.Coffee.&lt;init&gt;(Coffee.java:10)
	at uk.ac.sheffield.com1003.cafe.ingredients.Coffee.&lt;init&gt;(Coffee.java:10)
	at uk.ac.sheffield.com1003.cafe.ingredients.Coffee.&lt;init&gt;(Coffee.java:10)
	at uk.ac.sheffield.com1003.cafe.ingredients.Coffee.&lt;init&gt;(Coffee.java:10)
	at uk.ac.sheffield.com1003.cafe.ingredients.Coffee.&lt;init&gt;(Coffee.java:10)
	at uk.ac.sheffield.com1003.cafe.ingredients.Coffee.&lt;init&gt;(Coffee.java:10)
	at uk.ac.sheffield.com1003.cafe.ingredients.Coffee.&lt;init&gt;(Coffee.java:10)
	at uk.ac.sheffield.com1003.cafe.ingredients.Coffee.&lt;init&gt;(Coffee.java:10)
	at uk.ac.sheffield.com1003.cafe.ingredients.Coffee.&lt;init&gt;(Coffee.java:10)
	at uk.ac.sheffield.com1003.cafe.ingredients.Coffee.&lt;init&gt;(Coffee.java:10)
	at uk.ac.sheffield.com1003.cafe.ingredients.Coffee.&lt;init&gt;(Coffee.java:10)
	at uk.ac.sheffield.com1003.cafe.ingredients.Coffee.&lt;init&gt;(Coffee.java:10)
	at uk.ac.sheffield.com1003.cafe.ingredients.Coffee.&lt;init&gt;(Coffee.java:10)
	at uk.ac.sheffield.com1003.cafe.ingredients.Coffee.&lt;init&gt;(Coffee.java:10)
	at uk.ac.sheffield.com1003.cafe.ingredients.Coffee.&lt;init&gt;(Coffee.java:10)
	at uk.ac.sheffield.com1003.cafe.ingredients.Coffee.&lt;init&gt;(Coffee.java:10)
	at uk.ac.sheffield.com1003.cafe.ingredients.Coffee.&lt;init&gt;(Coffee.java:10)
	at uk.ac.sheffield.com1003.cafe.ingredients.Coffee.&lt;init&gt;(Coffee.java:10)
	at uk.ac.sheffield.com1003.cafe.ingredients.Coffee.&lt;init&gt;(Coffee.java:10)
	at uk.ac.sheffield.com1003.cafe.ingredients.Coffee.&lt;init&gt;(Coffee.java:10)
	at uk.ac.sheffield.com1003.cafe.ingredients.Coffee.&lt;init&gt;(Coffee.java:10)
	at uk.ac.sheffield.com1003.cafe.ingredients.Coffee.&lt;init&gt;(Coffee.java:10)
	at uk.ac.sheffield.com1003.cafe.ingredients.Coffee.&lt;init&gt;(Coffee.java:10)
	at uk.ac.sheffield.com1003.cafe.ingredients.Coffee.&lt;init&gt;(Coffee.java:10)
	at uk.ac.sheffield.com1003.cafe.ingredients.Coffee.&lt;init&gt;(Coffee.java:10)
	at uk.ac.sheffield.com1003.cafe.ingredients.Coffee.&lt;init&gt;(Coffee.java:10)
	at uk.ac.sheffield.com1003.cafe.ingredients.Coffee.&lt;init&gt;(Coffee.java:10)
	at uk.ac.sheffield.com1003.cafe.ingredients.Coffee.&lt;init&gt;(Coffee.java:10)
	at uk.ac.sheffield.com1003.cafe.ingredients.Coffee.&lt;init&gt;(Coffee.java:10)
	at uk.ac.sheffield.com1003.cafe.ingredients.Coffee.&lt;init&gt;(Coffee.java:10)
	at uk.ac.sheffield.com1003.cafe.ingredients.Coffee.&lt;init&gt;(Coffee.java:10)
	at uk.ac.sheffield.com1003.cafe.ingredients.Coffee.&lt;init&gt;(Coffee.java:10)
	at uk.ac.sheffield.com1003.cafe.ingredients.Coffee.&lt;init&gt;(Coffee.java:10)
	at uk.ac.sheffield.com1003.cafe.ingredients.Coffee.&lt;init&gt;(Coffee.java:10)
	at uk.ac.sheffield.com1003.cafe.ingredients.Coffee.&lt;init&gt;(Coffee.java:10)
	at uk.ac.sheffield.com1003.cafe.ingredients.Coffee.&lt;init&gt;(Coffee.java:10)
	at uk.ac.sheffield.com1003.cafe.ingredients.Coffee.&lt;init&gt;(Coffee.java:10)
	at uk.ac.sheffield.com1003.cafe.ingredients.Coffee.&lt;init&gt;(Coffee.java:10)
	at uk.ac.sheffield.com1003.cafe.ingredients.Coffee.&lt;init&gt;(Coffee.java:10)
	at uk.ac.sheffield.com1003.cafe.ingredients.Coffee.&lt;init&gt;(Coffee.java:10)
	at uk.ac.sheffield.com1003.cafe.ingredients.Coffee.&lt;init&gt;(Coffee.java:10)
	at uk.ac.sheffield.com1003.cafe.ingredients.Coffee.&lt;init&gt;(Coffee.java:10)
	at uk.ac.sheffield.com1003.cafe.ingredients.Coffee.&lt;init&gt;(Coffee.java:10)
	at uk.ac.sheffield.com1003.cafe.ingredients.Coffee.&lt;init&gt;(Coffee.java:10)
	at uk.ac.sheffield.com1003.cafe.ingredients.Coffee.&lt;init&gt;(Coffee.java:10)
	at uk.ac.sheffield.com1003.cafe.ingredients.Coffee.&lt;init&gt;(Coffee.java:10)
	at uk.ac.sheffield.com1003.cafe.ingredients.Coffee.&lt;init&gt;(Coffee.java:10)
	at uk.ac.sheffield.com1003.cafe.ingredients.Coffee.&lt;init&gt;(Coffee.java:10)
	at uk.ac.sheffield.com1003.cafe.ingredients.Coffee.&lt;init&gt;(Coffee.java:10)
	at uk.ac.sheffield.com1003.cafe.ingredients.Coffee.&lt;init&gt;(Coffee.java:10)
	at uk.ac.sheffield.com1003.cafe.ingredients.Coffee.&lt;init&gt;(Coffee.java:10)
	at uk.ac.sheffield.com1003.cafe.ingredients.Coffee.&lt;init&gt;(Coffee.java:10)
	at uk.ac.sheffield.com1003.cafe.ingredients.Coffee.&lt;init&gt;(Coffee.java:10)
	at uk.ac.sheffield.com1003.cafe.ingredients.Coffee.&lt;init&gt;(Coffee.java:10)
	at uk.ac.sheffield.com1003.cafe.ingredients.Coffee.&lt;init&gt;(Coffee.java:10)
	at uk.ac.sheffield.com1003.cafe.ingredients.Coffee.&lt;init&gt;(Coffee.java:10)
	at uk.ac.sheffield.com1003.cafe.ingredients.Coffee.&lt;init&gt;(Coffee.java:10)
	at uk.ac.sheffield.com1003.cafe.ingredients.Coffee.&lt;init&gt;(Coffee.java:10)
	at uk.ac.sheffield.com1003.cafe.ingredients.Coffee.&lt;init&gt;(Coffee.java:10)
	at uk.ac.sheffield.com1003.cafe.ingredients.Coffee.&lt;init&gt;(Coffee.java:10)
	at uk.ac.sheffield.com1003.cafe.ingredients.Coffee.&lt;init&gt;(Coffee.java:10)
	at uk.ac.sheffield.com1003.cafe.ingredients.Coffee.&lt;init&gt;(Coffee.java:10)
	at uk.ac.sheffield.com1003.cafe.ingredients.Coffee.&lt;init&gt;(Coffee.java:10)
	at uk.ac.sheffield.com1003.cafe.ingredients.Coffee.&lt;init&gt;(Coffee.java:10)
	at uk.ac.sheffield.com1003.cafe.ingredients.Coffee.&lt;init&gt;(Coffee.java:10)
	at uk.ac.sheffield.com1003.cafe.ingredients.Coffee.&lt;init&gt;(Coffee.java:10)
	at uk.ac.sheffield.com1003.cafe.ingredients.Coffee.&lt;init&gt;(Coffee.java:10)
	at uk.ac.sheffield.com1003.cafe.ingredients.Coffee.&lt;init&gt;(Coffee.java:10)
	at uk.ac.sheffield.com1003.cafe.ingredients.Coffee.&lt;init&gt;(Coffee.java:10)
	at uk.ac.sheffield.com1003.cafe.ingredients.Coffee.&lt;init&gt;(Coffee.java:10)
	at uk.ac.sheffield.com1003.cafe.ingredients.Coffee.&lt;init&gt;(Coffee.java:10)
	at uk.ac.sheffield.com1003.cafe.ingredients.Coffee.&lt;init&gt;(Coffee.java:10)
	at uk.ac.sheffield.com1003.cafe.ingredients.Coffee.&lt;init&gt;(Coffee.java:10)
	at uk.ac.sheffield.com1003.cafe.ingredients.Coffee.&lt;init&gt;(Coffee.java:10)
	at uk.ac.sheffield.com1003.cafe.ingredients.Coffee.&lt;init&gt;(Coffee.java:10)
	at uk.ac.sheffield.com1003.cafe.ingredients.Coffee.&lt;init&gt;(Coffee.java:10)
	at uk.ac.sheffield.com1003.cafe.ingredients.Coffee.&lt;init&gt;(Coffee.java:10)
	at uk.ac.sheffield.com1003.cafe.ingredients.Coffee.&lt;init&gt;(Coffee.java:10)
	at uk.ac.sheffield.com1003.cafe.ingredients.Coffee.&lt;init&gt;(Coffee.java:10)
	at uk.ac.sheffield.com1003.cafe.ingredients.Coffee.&lt;init&gt;(Coffee.java:10)
	at uk.ac.sheffield.com1003.cafe.ingredients.Coffee.&lt;init&gt;(Coffee.java:10)
	at uk.ac.sheffield.com1003.cafe.ingredients.Coffee.&lt;init&gt;(Coffee.java:10)
	at uk.ac.sheffield.com1003.cafe.ingredients.Coffee.&lt;init&gt;(Coffee.java:10)
	at uk.ac.sheffield.com1003.cafe.ingredients.Coffee.&lt;init&gt;(Coffee.java:10)
	at uk.ac.sheffield.com1003.cafe.ingredients.Coffee.&lt;init&gt;(Coffee.java:10)
	at uk.ac.sheffield.com1003.cafe.ingredients.Coffee.&lt;init&gt;(Coffee.java:10)
	at uk.ac.sheffield.com1003.cafe.ingredients.Coffee.&lt;init&gt;(Coffee.java:10)
	at uk.ac.sheffield.com1003.cafe.ingredients.Coffee.&lt;init&gt;(Coffee.java:10)
	at uk.ac.sheffield.com1003.cafe.ingredients.Coffee.&lt;init&gt;(Coffee.java:10)
	at uk.ac.sheffield.com1003.cafe.ingredients.Coffee.&lt;init&gt;(Coffee.java:10)
	at uk.ac.sheffield.com1003.cafe.ingredients.Coffee.&lt;init&gt;(Coffee.java:10)
	at uk.ac.sheffield.com1003.cafe.ingredients.Coffee.&lt;init&gt;(Coffee.java:10)
	at uk.ac.sheffield.com1003.cafe.ingredients.Coffee.&lt;init&gt;(Coffee.java:10)
	at uk.ac.sheffield.com1003.cafe.ingredients.Coffee.&lt;init&gt;(Coffee.java:10)
	at uk.ac.sheffield.com1003.cafe.ingredients.Coffee.&lt;init&gt;(Coffee.java:10)
	at uk.ac.sheffield.com1003.cafe.ingredients.Coffee.&lt;init&gt;(Coffee.java:10)
	at uk.ac.sheffield.com1003.cafe.ingredients.Coffee.&lt;init&gt;(Coffee.java:10)
	at uk.ac.sheffield.com1003.cafe.ingredients.Coffee.&lt;init&gt;(Coffee.java:10)
	at uk.ac.sheffield.com1003.cafe.ingredients.Coffee.&lt;init&gt;(Coffee.java:10)
	at uk.ac.sheffield.com1003.cafe.ingredients.Coffee.&lt;init&gt;(Coffee.java:10)
	at uk.ac.sheffield.com1003.cafe.ingredients.Coffee.&lt;init&gt;(Coffee.java:10)
	at uk.ac.sheffield.com1003.cafe.ingredients.Coffee.&lt;init&gt;(Coffee.java:10)
	at uk.ac.sheffield.com1003.cafe.ingredients.Coffee.&lt;init&gt;(Coffee.java:10)
	at uk.ac.sheffield.com1003.cafe.ingredients.Coffee.&lt;init&gt;(Coffee.java:10)
	at uk.ac.sheffield.com1003.cafe.ingredients.Coffee.&lt;init&gt;(Coffee.java:10)
	at uk.ac.sheffield.com1003.cafe.ingredients.Coffee.&lt;init&gt;(Coffee.java:10)
	at uk.ac.sheffield.com1003.cafe.ingredients.Coffee.&lt;init&gt;(Coffee.java:10)
	at uk.ac.sheffield.com1003.cafe.ingredients.Coffee.&lt;init&gt;(Coffee.java:10)
	at uk.ac.sheffield.com1003.cafe.ingredients.Coffee.&lt;init&gt;(Coffee.java:10)
	at uk.ac.sheffield.com1003.cafe.ingredients.Coffee.&lt;init&gt;(Coffee.java:10)
	at uk.ac.sheffield.com1003.cafe.ingredients.Coffee.&lt;init&gt;(Coffee.java:10)
	at uk.ac.sheffield.com1003.cafe.ingredients.Coffee.&lt;init&gt;(Coffee.java:10)
	at uk.ac.sheffield.com1003.cafe.ingredients.Coffee.&lt;init&gt;(Coffee.java:10)
	at uk.ac.sheffield.com1003.cafe.ingredients.Coffee.&lt;init&gt;(Coffee.java:10)
	at uk.ac.sheffield.com1003.cafe.ingredients.Coffee.&lt;init&gt;(Coffee.java:10)
	at uk.ac.sheffield.com1003.cafe.ingredients.Coffee.&lt;init&gt;(Coffee.java:10)
	at uk.ac.sheffield.com1003.cafe.ingredients.Coffee.&lt;init&gt;(Coffee.java:10)
	at uk.ac.sheffield.com1003.cafe.ingredients.Coffee.&lt;init&gt;(Coffee.java:10)
	at uk.ac.sheffield.com1003.cafe.ingredients.Coffee.&lt;init&gt;(Coffee.java:10)
	at uk.ac.sheffield.com1003.cafe.ingredients.Coffee.&lt;init&gt;(Coffee.java:10)
	at uk.ac.sheffield.com1003.cafe.ingredients.Coffee.&lt;init&gt;(Coffee.java:10)
	at uk.ac.sheffield.com1003.cafe.ingredients.Coffee.&lt;init&gt;(Coffee.java:10)
	at uk.ac.sheffield.com1003.cafe.ingredients.Coffee.&lt;init&gt;(Coffee.java:10)
	at uk.ac.sheffield.com1003.cafe.ingredients.Coffee.&lt;init&gt;(Coffee.java:10)
	at uk.ac.sheffield.com1003.cafe.ingredients.Coffee.&lt;init&gt;(Coffee.java:10)
	at uk.ac.sheffield.com1003.cafe.ingredients.Coffee.&lt;init&gt;(Coffee.java:10)
	at uk.ac.sheffield.com1003.cafe.ingredients.Coffee.&lt;init&gt;(Coffee.java:10)
	at uk.ac.sheffield.com1003.cafe.ingredients.Coffee.&lt;init&gt;(Coffee.java:10)
	at uk.ac.sheffield.com1003.cafe.ingredients.Coffee.&lt;init&gt;(Coffee.java:10)
	at uk.ac.sheffield.com1003.cafe.ingredients.Coffee.&lt;init&gt;(Coffee.java:10)
	at uk.ac.sheffield.com1003.cafe.ingredients.Coffee.&lt;init&gt;(Coffee.java:10)
	at uk.ac.sheffield.com1003.cafe.ingredients.Coffee.&lt;init&gt;(Coffee.java:10)
	at uk.ac.sheffield.com1003.cafe.ingredients.Coffee.&lt;init&gt;(Coffee.java:10)
	at uk.ac.sheffield.com1003.cafe.ingredients.Coffee.&lt;init&gt;(Coffee.java:10)
	at uk.ac.sheffield.com1003.cafe.ingredients.Coffee.&lt;init&gt;(Coffee.java:10)
	at uk.ac.sheffield.com1003.cafe.ingredients.Coffee.&lt;init&gt;(Coffee.java:10)
	at uk.ac.sheffield.com1003.cafe.ingredients.Coffee.&lt;init&gt;(Coffee.java:10)
	at uk.ac.sheffield.com1003.cafe.ingredients.Coffee.&lt;init&gt;(Coffee.java:10)
	at uk.ac.sheffield.com1003.cafe.ingredients.Coffee.&lt;init&gt;(Coffee.java:10)
	at uk.ac.sheffield.com1003.cafe.ingredients.Coffee.&lt;init&gt;(Coffee.java:10)
	at uk.ac.sheffield.com1003.cafe.ingredients.Coffee.&lt;init&gt;(Coffee.java:10)
	at uk.ac.sheffield.com1003.cafe.ingredients.Coffee.&lt;init&gt;(Coffee.java:10)
	at uk.ac.sheffield.com1003.cafe.ingredients.Coffee.&lt;init&gt;(Coffee.java:10)
	at uk.ac.sheffield.com1003.cafe.ingredients.Coffee.&lt;init&gt;(Coffee.java:10)
	at uk.ac.sheffield.com1003.cafe.ingredients.Coffee.&lt;init&gt;(Coffee.java:10)
	at uk.ac.sheffield.com1003.cafe.ingredients.Coffee.&lt;init&gt;(Coffee.java:10)
	at uk.ac.sheffield.com1003.cafe.ingredients.Coffee.&lt;init&gt;(Coffee.java:10)
	at uk.ac.sheffield.com1003.cafe.ingredients.Coffee.&lt;init&gt;(Coffee.java:10)
	at uk.ac.sheffield.com1003.cafe.ingredients.Coffee.&lt;init&gt;(Coffee.java:10)
	at uk.ac.sheffield.com1003.cafe.ingredients.Coffee.&lt;init&gt;(Coffee.java:10)
	at uk.ac.sheffield.com1003.cafe.ingredients.Coffee.&lt;init&gt;(Coffee.java:10)
	at uk.ac.sheffield.com1003.cafe.ingredients.Coffee.&lt;init&gt;(Coffee.java:10)
	at uk.ac.sheffield.com1003.cafe.ingredients.Coffee.&lt;init&gt;(Coffee.java:10)
	at uk.ac.sheffield.com1003.cafe.ingredients.Coffee.&lt;init&gt;(Coffee.java:10)
	at uk.ac.sheffield.com1003.cafe.ingredients.Coffee.&lt;init&gt;(Coffee.java:10)
	at uk.ac.sheffield.com1003.cafe.ingredients.Coffee.&lt;init&gt;(Coffee.java:10)
	at uk.ac.sheffield.com1003.cafe.ingredients.Coffee.&lt;init&gt;(Coffee.java:10)
	at uk.ac.sheffield.com1003.cafe.ingredients.Coffee.&lt;init&gt;(Coffee.java:10)
	at uk.ac.sheffield.com1003.cafe.ingredients.Coffee.&lt;init&gt;(Coffee.java:10)
	at uk.ac.sheffield.com1003.cafe.ingredients.Coffee.&lt;init&gt;(Coffee.java:10)
	at uk.ac.sheffield.com1003.cafe.ingredients.Coffee.&lt;init&gt;(Coffee.java:10)
	at uk.ac.sheffield.com1003.cafe.ingredients.Coffee.&lt;init&gt;(Coffee.java:10)
	at uk.ac.sheffield.com1003.cafe.ingredients.Coffee.&lt;init&gt;(Coffee.java:10)
	at uk.ac.sheffield.com1003.cafe.ingredients.Coffee.&lt;init&gt;(Coffee.java:10)
	at uk.ac.sheffield.com1003.cafe.ingredients.Coffee.&lt;init&gt;(Coffee.java:10)
	at uk.ac.sheffield.com1003.cafe.ingredients.Coffee.&lt;init&gt;(Coffee.java:10)
	at uk.ac.sheffield.com1003.cafe.ingredients.Coffee.&lt;init&gt;(Coffee.java:10)
	at uk.ac.sheffield.com1003.cafe.ingredients.Coffee.&lt;init&gt;(Coffee.java:10)
	at uk.ac.sheffield.com1003.cafe.ingredients.Coffee.&lt;init&gt;(Coffee.java:10)
	at uk.ac.sheffield.com1003.cafe.ingredients.Coffee.&lt;init&gt;(Coffee.java:10)
	at uk.ac.sheffield.com1003.cafe.ingredients.Coffee.&lt;init&gt;(Coffee.java:10)
	at uk.ac.sheffield.com1003.cafe.ingredients.Coffee.&lt;init&gt;(Coffee.java:10)
</failure>
  </testcase>
  <testcase name="testGreetingPartial" classname="uk.ac.sheffield.com1003.cafe.TestCafeTask2" time="0.0"/>
  <testcase name="testGreeting" classname="uk.ac.sheffield.com1003.cafe.TestCafeTask2" time="0.0"/>
  <testcase name="testPrintMenuIncorrectFormat" classname="uk.ac.sheffield.com1003.cafe.TestCafeTask2" time="0.004">
    <failure message="java.lang.StackOverflowError" type="java.lang.StackOverflowError">java.lang.StackOverflowError
	at uk.ac.sheffield.com1003.cafe.ingredients.Coffee.&lt;init&gt;(Coffee.java:10)
	at uk.ac.sheffield.com1003.cafe.ingredients.Coffee.&lt;init&gt;(Coffee.java:10)
	at uk.ac.sheffield.com1003.cafe.ingredients.Coffee.&lt;init&gt;(Coffee.java:10)
	at uk.ac.sheffield.com1003.cafe.ingredients.Coffee.&lt;init&gt;(Coffee.java:10)
	at uk.ac.sheffield.com1003.cafe.ingredients.Coffee.&lt;init&gt;(Coffee.java:10)
	at uk.ac.sheffield.com1003.cafe.ingredients.Coffee.&lt;init&gt;(Coffee.java:10)
	at uk.ac.sheffield.com1003.cafe.ingredients.Coffee.&lt;init&gt;(Coffee.java:10)
	at uk.ac.sheffield.com1003.cafe.ingredients.Coffee.&lt;init&gt;(Coffee.java:10)
	at uk.ac.sheffield.com1003.cafe.ingredients.Coffee.&lt;init&gt;(Coffee.java:10)
	at uk.ac.sheffield.com1003.cafe.ingredients.Coffee.&lt;init&gt;(Coffee.java:10)
	at uk.ac.sheffield.com1003.cafe.ingredients.Coffee.&lt;init&gt;(Coffee.java:10)
	at uk.ac.sheffield.com1003.cafe.ingredients.Coffee.&lt;init&gt;(Coffee.java:10)
	at uk.ac.sheffield.com1003.cafe.ingredients.Coffee.&lt;init&gt;(Coffee.java:10)
	at uk.ac.sheffield.com1003.cafe.ingredients.Coffee.&lt;init&gt;(Coffee.java:10)
	at uk.ac.sheffield.com1003.cafe.ingredients.Coffee.&lt;init&gt;(Coffee.java:10)
	at uk.ac.sheffield.com1003.cafe.ingredients.Coffee.&lt;init&gt;(Coffee.java:10)
	at uk.ac.sheffield.com1003.cafe.ingredients.Coffee.&lt;init&gt;(Coffee.java:10)
	at uk.ac.sheffield.com1003.cafe.ingredients.Coffee.&lt;init&gt;(Coffee.java:10)
	at uk.ac.sheffield.com1003.cafe.ingredients.Coffee.&lt;init&gt;(Coffee.java:10)
	at uk.ac.sheffield.com1003.cafe.ingredients.Coffee.&lt;init&gt;(Coffee.java:10)
	at uk.ac.sheffield.com1003.cafe.ingredients.Coffee.&lt;init&gt;(Coffee.java:10)
	at uk.ac.sheffield.com1003.cafe.ingredients.Coffee.&lt;init&gt;(Coffee.java:10)
	at uk.ac.sheffield.com1003.cafe.ingredients.Coffee.&lt;init&gt;(Coffee.java:10)
	at uk.ac.sheffield.com1003.cafe.ingredients.Coffee.&lt;init&gt;(Coffee.java:10)
	at uk.ac.sheffield.com1003.cafe.ingredients.Coffee.&lt;init&gt;(Coffee.java:10)
	at uk.ac.sheffield.com1003.cafe.ingredients.Coffee.&lt;init&gt;(Coffee.java:10)
	at uk.ac.sheffield.com1003.cafe.ingredients.Coffee.&lt;init&gt;(Coffee.java:10)
	at uk.ac.sheffield.com1003.cafe.ingredients.Coffee.&lt;init&gt;(Coffee.java:10)
	at uk.ac.sheffield.com1003.cafe.ingredients.Coffee.&lt;init&gt;(Coffee.java:10)
	at uk.ac.sheffield.com1003.cafe.ingredients.Coffee.&lt;init&gt;(Coffee.java:10)
	at uk.ac.sheffield.com1003.cafe.ingredients.Coffee.&lt;init&gt;(Coffee.java:10)
	at uk.ac.sheffield.com1003.cafe.ingredients.Coffee.&lt;init&gt;(Coffee.java:10)
	at uk.ac.sheffield.com1003.cafe.ingredients.Coffee.&lt;init&gt;(Coffee.java:10)
	at uk.ac.sheffield.com1003.cafe.ingredients.Coffee.&lt;init&gt;(Coffee.java:10)
	at uk.ac.sheffield.com1003.cafe.ingredients.Coffee.&lt;init&gt;(Coffee.java:10)
	at uk.ac.sheffield.com1003.cafe.ingredients.Coffee.&lt;init&gt;(Coffee.java:10)
	at uk.ac.sheffield.com1003.cafe.ingredients.Coffee.&lt;init&gt;(Coffee.java:10)
	at uk.ac.sheffield.com1003.cafe.ingredients.Coffee.&lt;init&gt;(Coffee.java:10)
	at uk.ac.sheffield.com1003.cafe.ingredients.Coffee.&lt;init&gt;(Coffee.java:10)
	at uk.ac.sheffield.com1003.cafe.ingredients.Coffee.&lt;init&gt;(Coffee.java:10)
	at uk.ac.sheffield.com1003.cafe.ingredients.Coffee.&lt;init&gt;(Coffee.java:10)
	at uk.ac.sheffield.com1003.cafe.ingredients.Coffee.&lt;init&gt;(Coffee.java:10)
	at uk.ac.sheffield.com1003.cafe.ingredients.Coffee.&lt;init&gt;(Coffee.java:10)
	at uk.ac.sheffield.com1003.cafe.ingredients.Coffee.&lt;init&gt;(Coffee.java:10)
	at uk.ac.sheffield.com1003.cafe.ingredients.Coffee.&lt;init&gt;(Coffee.java:10)
	at uk.ac.sheffield.com1003.cafe.ingredients.Coffee.&lt;init&gt;(Coffee.java:10)
	at uk.ac.sheffield.com1003.cafe.ingredients.Coffee.&lt;init&gt;(Coffee.java:10)
	at uk.ac.sheffield.com1003.cafe.ingredients.Coffee.&lt;init&gt;(Coffee.java:10)
	at uk.ac.sheffield.com1003.cafe.ingredients.Coffee.&lt;init&gt;(Coffee.java:10)
	at uk.ac.sheffield.com1003.cafe.ingredients.Coffee.&lt;init&gt;(Coffee.java:10)
	at uk.ac.sheffield.com1003.cafe.ingredients.Coffee.&lt;init&gt;(Coffee.java:10)
	at uk.ac.sheffield.com1003.cafe.ingredients.Coffee.&lt;init&gt;(Coffee.java:10)
	at uk.ac.sheffield.com1003.cafe.ingredients.Coffee.&lt;init&gt;(Coffee.java:10)
	at uk.ac.sheffield.com1003.cafe.ingredients.Coffee.&lt;init&gt;(Coffee.java:10)
	at uk.ac.sheffield.com1003.cafe.ingredients.Coffee.&lt;init&gt;(Coffee.java:10)
	at uk.ac.sheffield.com1003.cafe.ingredients.Coffee.&lt;init&gt;(Coffee.java:10)
	at uk.ac.sheffield.com1003.cafe.ingredients.Coffee.&lt;init&gt;(Coffee.java:10)
	at uk.ac.sheffield.com1003.cafe.ingredients.Coffee.&lt;init&gt;(Coffee.java:10)
	at uk.ac.sheffield.com1003.cafe.ingredients.Coffee.&lt;init&gt;(Coffee.java:10)
	at uk.ac.sheffield.com1003.cafe.ingredients.Coffee.&lt;init&gt;(Coffee.java:10)
	at uk.ac.sheffield.com1003.cafe.ingredients.Coffee.&lt;init&gt;(Coffee.java:10)
	at uk.ac.sheffield.com1003.cafe.ingredients.Coffee.&lt;init&gt;(Coffee.java:10)
	at uk.ac.sheffield.com1003.cafe.ingredients.Coffee.&lt;init&gt;(Coffee.java:10)
	at uk.ac.sheffield.com1003.cafe.ingredients.Coffee.&lt;init&gt;(Coffee.java:10)
	at uk.ac.sheffield.com1003.cafe.ingredients.Coffee.&lt;init&gt;(Coffee.java:10)
	at uk.ac.sheffield.com1003.cafe.ingredients.Coffee.&lt;init&gt;(Coffee.java:10)
	at uk.ac.sheffield.com1003.cafe.ingredients.Coffee.&lt;init&gt;(Coffee.java:10)
	at uk.ac.sheffield.com1003.cafe.ingredients.Coffee.&lt;init&gt;(Coffee.java:10)
	at uk.ac.sheffield.com1003.cafe.ingredients.Coffee.&lt;init&gt;(Coffee.java:10)
	at uk.ac.sheffield.com1003.cafe.ingredients.Coffee.&lt;init&gt;(Coffee.java:10)
	at uk.ac.sheffield.com1003.cafe.ingredients.Coffee.&lt;init&gt;(Coffee.java:10)
	at uk.ac.sheffield.com1003.cafe.ingredients.Coffee.&lt;init&gt;(Coffee.java:10)
	at uk.ac.sheffield.com1003.cafe.ingredients.Coffee.&lt;init&gt;(Coffee.java:10)
	at uk.ac.sheffield.com1003.cafe.ingredients.Coffee.&lt;init&gt;(Coffee.java:10)
	at uk.ac.sheffield.com1003.cafe.ingredients.Coffee.&lt;init&gt;(Coffee.java:10)
	at uk.ac.sheffield.com1003.cafe.ingredients.Coffee.&lt;init&gt;(Coffee.java:10)
	at uk.ac.sheffield.com1003.cafe.ingredients.Coffee.&lt;init&gt;(Coffee.java:10)
	at uk.ac.sheffield.com1003.cafe.ingredients.Coffee.&lt;init&gt;(Coffee.java:10)
	at uk.ac.sheffield.com1003.cafe.ingredients.Coffee.&lt;init&gt;(Coffee.java:10)
	at uk.ac.sheffield.com1003.cafe.ingredients.Coffee.&lt;init&gt;(Coffee.java:10)
	at uk.ac.sheffield.com1003.cafe.ingredients.Coffee.&lt;init&gt;(Coffee.java:10)
	at uk.ac.sheffield.com1003.cafe.ingredients.Coffee.&lt;init&gt;(Coffee.java:10)
	at uk.ac.sheffield.com1003.cafe.ingredients.Coffee.&lt;init&gt;(Coffee.java:10)
	at uk.ac.sheffield.com1003.cafe.ingredients.Coffee.&lt;init&gt;(Coffee.java:10)
	at uk.ac.sheffield.com1003.cafe.ingredients.Coffee.&lt;init&gt;(Coffee.java:10)
	at uk.ac.sheffield.com1003.cafe.ingredients.Coffee.&lt;init&gt;(Coffee.java:10)
	at uk.ac.sheffield.com1003.cafe.ingredients.Coffee.&lt;init&gt;(Coffee.java:10)
	at uk.ac.sheffield.com1003.cafe.ingredients.Coffee.&lt;init&gt;(Coffee.java:10)
	at uk.ac.sheffield.com1003.cafe.ingredients.Coffee.&lt;init&gt;(Coffee.java:10)
	at uk.ac.sheffield.com1003.cafe.ingredients.Coffee.&lt;init&gt;(Coffee.java:10)
	at uk.ac.sheffield.com1003.cafe.ingredients.Coffee.&lt;init&gt;(Coffee.java:10)
	at uk.ac.sheffield.com1003.cafe.ingredients.Coffee.&lt;init&gt;(Coffee.java:10)
	at uk.ac.sheffield.com1003.cafe.ingredients.Coffee.&lt;init&gt;(Coffee.java:10)
	at uk.ac.sheffield.com1003.cafe.ingredients.Coffee.&lt;init&gt;(Coffee.java:10)
	at uk.ac.sheffield.com1003.cafe.ingredients.Coffee.&lt;init&gt;(Coffee.java:10)
	at uk.ac.sheffield.com1003.cafe.ingredients.Coffee.&lt;init&gt;(Coffee.java:10)
	at uk.ac.sheffield.com1003.cafe.ingredients.Coffee.&lt;init&gt;(Coffee.java:10)
	at uk.ac.sheffield.com1003.cafe.ingredients.Coffee.&lt;init&gt;(Coffee.java:10)
	at uk.ac.sheffield.com1003.cafe.ingredients.Coffee.&lt;init&gt;(Coffee.java:10)
	at uk.ac.sheffield.com1003.cafe.ingredients.Coffee.&lt;init&gt;(Coffee.java:10)
	at uk.ac.sheffield.com1003.cafe.ingredients.Coffee.&lt;init&gt;(Coffee.java:10)
	at uk.ac.sheffield.com1003.cafe.ingredients.Coffee.&lt;init&gt;(Coffee.java:10)
	at uk.ac.sheffield.com1003.cafe.ingredients.Coffee.&lt;init&gt;(Coffee.java:10)
	at uk.ac.sheffield.com1003.cafe.ingredients.Coffee.&lt;init&gt;(Coffee.java:10)
	at uk.ac.sheffield.com1003.cafe.ingredients.Coffee.&lt;init&gt;(Coffee.java:10)
	at uk.ac.sheffield.com1003.cafe.ingredients.Coffee.&lt;init&gt;(Coffee.java:10)
	at uk.ac.sheffield.com1003.cafe.ingredients.Coffee.&lt;init&gt;(Coffee.java:10)
	at uk.ac.sheffield.com1003.cafe.ingredients.Coffee.&lt;init&gt;(Coffee.java:10)
	at uk.ac.sheffield.com1003.cafe.ingredients.Coffee.&lt;init&gt;(Coffee.java:10)
	at uk.ac.sheffield.com1003.cafe.ingredients.Coffee.&lt;init&gt;(Coffee.java:10)
	at uk.ac.sheffield.com1003.cafe.ingredients.Coffee.&lt;init&gt;(Coffee.java:10)
	at uk.ac.sheffield.com1003.cafe.ingredients.Coffee.&lt;init&gt;(Coffee.java:10)
	at uk.ac.sheffield.com1003.cafe.ingredients.Coffee.&lt;init&gt;(Coffee.java:10)
	at uk.ac.sheffield.com1003.cafe.ingredients.Coffee.&lt;init&gt;(Coffee.java:10)
	at uk.ac.sheffield.com1003.cafe.ingredients.Coffee.&lt;init&gt;(Coffee.java:10)
	at uk.ac.sheffield.com1003.cafe.ingredients.Coffee.&lt;init&gt;(Coffee.java:10)
	at uk.ac.sheffield.com1003.cafe.ingredients.Coffee.&lt;init&gt;(Coffee.java:10)
	at uk.ac.sheffield.com1003.cafe.ingredients.Coffee.&lt;init&gt;(Coffee.java:10)
	at uk.ac.sheffield.com1003.cafe.ingredients.Coffee.&lt;init&gt;(Coffee.java:10)
	at uk.ac.sheffield.com1003.cafe.ingredients.Coffee.&lt;init&gt;(Coffee.java:10)
	at uk.ac.sheffield.com1003.cafe.ingredients.Coffee.&lt;init&gt;(Coffee.java:10)
	at uk.ac.sheffield.com1003.cafe.ingredients.Coffee.&lt;init&gt;(Coffee.java:10)
	at uk.ac.sheffield.com1003.cafe.ingredients.Coffee.&lt;init&gt;(Coffee.java:10)
	at uk.ac.sheffield.com1003.cafe.ingredients.Coffee.&lt;init&gt;(Coffee.java:10)
	at uk.ac.sheffield.com1003.cafe.ingredients.Coffee.&lt;init&gt;(Coffee.java:10)
	at uk.ac.sheffield.com1003.cafe.ingredients.Coffee.&lt;init&gt;(Coffee.java:10)
	at uk.ac.sheffield.com1003.cafe.ingredients.Coffee.&lt;init&gt;(Coffee.java:10)
	at uk.ac.sheffield.com1003.cafe.ingredients.Coffee.&lt;init&gt;(Coffee.java:10)
	at uk.ac.sheffield.com1003.cafe.ingredients.Coffee.&lt;init&gt;(Coffee.java:10)
	at uk.ac.sheffield.com1003.cafe.ingredients.Coffee.&lt;init&gt;(Coffee.java:10)
	at uk.ac.sheffield.com1003.cafe.ingredients.Coffee.&lt;init&gt;(Coffee.java:10)
	at uk.ac.sheffield.com1003.cafe.ingredients.Coffee.&lt;init&gt;(Coffee.java:10)
	at uk.ac.sheffield.com1003.cafe.ingredients.Coffee.&lt;init&gt;(Coffee.java:10)
	at uk.ac.sheffield.com1003.cafe.ingredients.Coffee.&lt;init&gt;(Coffee.java:10)
	at uk.ac.sheffield.com1003.cafe.ingredients.Coffee.&lt;init&gt;(Coffee.java:10)
	at uk.ac.sheffield.com1003.cafe.ingredients.Coffee.&lt;init&gt;(Coffee.java:10)
	at uk.ac.sheffield.com1003.cafe.ingredients.Coffee.&lt;init&gt;(Coffee.java:10)
	at uk.ac.sheffield.com1003.cafe.ingredients.Coffee.&lt;init&gt;(Coffee.java:10)
	at uk.ac.sheffield.com1003.cafe.ingredients.Coffee.&lt;init&gt;(Coffee.java:10)
	at uk.ac.sheffield.com1003.cafe.ingredients.Coffee.&lt;init&gt;(Coffee.java:10)
	at uk.ac.sheffield.com1003.cafe.ingredients.Coffee.&lt;init&gt;(Coffee.java:10)
	at uk.ac.sheffield.com1003.cafe.ingredients.Coffee.&lt;init&gt;(Coffee.java:10)
	at uk.ac.sheffield.com1003.cafe.ingredients.Coffee.&lt;init&gt;(Coffee.java:10)
	at uk.ac.sheffield.com1003.cafe.ingredients.Coffee.&lt;init&gt;(Coffee.java:10)
	at uk.ac.sheffield.com1003.cafe.ingredients.Coffee.&lt;init&gt;(Coffee.java:10)
	at uk.ac.sheffield.com1003.cafe.ingredients.Coffee.&lt;init&gt;(Coffee.java:10)
	at uk.ac.sheffield.com1003.cafe.ingredients.Coffee.&lt;init&gt;(Coffee.java:10)
	at uk.ac.sheffield.com1003.cafe.ingredients.Coffee.&lt;init&gt;(Coffee.java:10)
	at uk.ac.sheffield.com1003.cafe.ingredients.Coffee.&lt;init&gt;(Coffee.java:10)
	at uk.ac.sheffield.com1003.cafe.ingredients.Coffee.&lt;init&gt;(Coffee.java:10)
	at uk.ac.sheffield.com1003.cafe.ingredients.Coffee.&lt;init&gt;(Coffee.java:10)
	at uk.ac.sheffield.com1003.cafe.ingredients.Coffee.&lt;init&gt;(Coffee.java:10)
	at uk.ac.sheffield.com1003.cafe.ingredients.Coffee.&lt;init&gt;(Coffee.java:10)
	at uk.ac.sheffield.com1003.cafe.ingredients.Coffee.&lt;init&gt;(Coffee.java:10)
	at uk.ac.sheffield.com1003.cafe.ingredients.Coffee.&lt;init&gt;(Coffee.java:10)
	at uk.ac.sheffield.com1003.cafe.ingredients.Coffee.&lt;init&gt;(Coffee.java:10)
	at uk.ac.sheffield.com1003.cafe.ingredients.Coffee.&lt;init&gt;(Coffee.java:10)
	at uk.ac.sheffield.com1003.cafe.ingredients.Coffee.&lt;init&gt;(Coffee.java:10)
	at uk.ac.sheffield.com1003.cafe.ingredients.Coffee.&lt;init&gt;(Coffee.java:10)
	at uk.ac.sheffield.com1003.cafe.ingredients.Coffee.&lt;init&gt;(Coffee.java:10)
	at uk.ac.sheffield.com1003.cafe.ingredients.Coffee.&lt;init&gt;(Coffee.java:10)
	at uk.ac.sheffield.com1003.cafe.ingredients.Coffee.&lt;init&gt;(Coffee.java:10)
	at uk.ac.sheffield.com1003.cafe.ingredients.Coffee.&lt;init&gt;(Coffee.java:10)
	at uk.ac.sheffield.com1003.cafe.ingredients.Coffee.&lt;init&gt;(Coffee.java:10)
	at uk.ac.sheffield.com1003.cafe.ingredients.Coffee.&lt;init&gt;(Coffee.java:10)
	at uk.ac.sheffield.com1003.cafe.ingredients.Coffee.&lt;init&gt;(Coffee.java:10)
	at uk.ac.sheffield.com1003.cafe.ingredients.Coffee.&lt;init&gt;(Coffee.java:10)
	at uk.ac.sheffield.com1003.cafe.ingredients.Coffee.&lt;init&gt;(Coffee.java:10)
	at uk.ac.sheffield.com1003.cafe.ingredients.Coffee.&lt;init&gt;(Coffee.java:10)
	at uk.ac.sheffield.com1003.cafe.ingredients.Coffee.&lt;init&gt;(Coffee.java:10)
	at uk.ac.sheffield.com1003.cafe.ingredients.Coffee.&lt;init&gt;(Coffee.java:10)
	at uk.ac.sheffield.com1003.cafe.ingredients.Coffee.&lt;init&gt;(Coffee.java:10)
	at uk.ac.sheffield.com1003.cafe.ingredients.Coffee.&lt;init&gt;(Coffee.java:10)
	at uk.ac.sheffield.com1003.cafe.ingredients.Coffee.&lt;init&gt;(Coffee.java:10)
	at uk.ac.sheffield.com1003.cafe.ingredients.Coffee.&lt;init&gt;(Coffee.java:10)
	at uk.ac.sheffield.com1003.cafe.ingredients.Coffee.&lt;init&gt;(Coffee.java:10)
	at uk.ac.sheffield.com1003.cafe.ingredients.Coffee.&lt;init&gt;(Coffee.java:10)
	at uk.ac.sheffield.com1003.cafe.ingredients.Coffee.&lt;init&gt;(Coffee.java:10)
	at uk.ac.sheffield.com1003.cafe.ingredients.Coffee.&lt;init&gt;(Coffee.java:10)
	at uk.ac.sheffield.com1003.cafe.ingredients.Coffee.&lt;init&gt;(Coffee.java:10)
	at uk.ac.sheffield.com1003.cafe.ingredients.Coffee.&lt;init&gt;(Coffee.java:10)
	at uk.ac.sheffield.com1003.cafe.ingredients.Coffee.&lt;init&gt;(Coffee.java:10)
	at uk.ac.sheffield.com1003.cafe.ingredients.Coffee.&lt;init&gt;(Coffee.java:10)
	at uk.ac.sheffield.com1003.cafe.ingredients.Coffee.&lt;init&gt;(Coffee.java:10)
	at uk.ac.sheffield.com1003.cafe.ingredients.Coffee.&lt;init&gt;(Coffee.java:10)
	at uk.ac.sheffield.com1003.cafe.ingredients.Coffee.&lt;init&gt;(Coffee.java:10)
	at uk.ac.sheffield.com1003.cafe.ingredients.Coffee.&lt;init&gt;(Coffee.java:10)
	at uk.ac.sheffield.com1003.cafe.ingredients.Coffee.&lt;init&gt;(Coffee.java:10)
	at uk.ac.sheffield.com1003.cafe.ingredients.Coffee.&lt;init&gt;(Coffee.java:10)
	at uk.ac.sheffield.com1003.cafe.ingredients.Coffee.&lt;init&gt;(Coffee.java:10)
	at uk.ac.sheffield.com1003.cafe.ingredients.Coffee.&lt;init&gt;(Coffee.java:10)
	at uk.ac.sheffield.com1003.cafe.ingredients.Coffee.&lt;init&gt;(Coffee.java:10)
	at uk.ac.sheffield.com1003.cafe.ingredients.Coffee.&lt;init&gt;(Coffee.java:10)
	at uk.ac.sheffield.com1003.cafe.ingredients.Coffee.&lt;init&gt;(Coffee.java:10)
	at uk.ac.sheffield.com1003.cafe.ingredients.Coffee.&lt;init&gt;(Coffee.java:10)
	at uk.ac.sheffield.com1003.cafe.ingredients.Coffee.&lt;init&gt;(Coffee.java:10)
	at uk.ac.sheffield.com1003.cafe.ingredients.Coffee.&lt;init&gt;(Coffee.java:10)
	at uk.ac.sheffield.com1003.cafe.ingredients.Coffee.&lt;init&gt;(Coffee.java:10)
	at uk.ac.sheffield.com1003.cafe.ingredients.Coffee.&lt;init&gt;(Coffee.java:10)
	at uk.ac.sheffield.com1003.cafe.ingredients.Coffee.&lt;init&gt;(Coffee.java:10)
	at uk.ac.sheffield.com1003.cafe.ingredients.Coffee.&lt;init&gt;(Coffee.java:10)
	at uk.ac.sheffield.com1003.cafe.ingredients.Coffee.&lt;init&gt;(Coffee.java:10)
	at uk.ac.sheffield.com1003.cafe.ingredients.Coffee.&lt;init&gt;(Coffee.java:10)
	at uk.ac.sheffield.com1003.cafe.ingredients.Coffee.&lt;init&gt;(Coffee.java:10)
	at uk.ac.sheffield.com1003.cafe.ingredients.Coffee.&lt;init&gt;(Coffee.java:10)
	at uk.ac.sheffield.com1003.cafe.ingredients.Coffee.&lt;init&gt;(Coffee.java:10)
	at uk.ac.sheffield.com1003.cafe.ingredients.Coffee.&lt;init&gt;(Coffee.java:10)
	at uk.ac.sheffield.com1003.cafe.ingredients.Coffee.&lt;init&gt;(Coffee.java:10)
	at uk.ac.sheffield.com1003.cafe.ingredients.Coffee.&lt;init&gt;(Coffee.java:10)
	at uk.ac.sheffield.com1003.cafe.ingredients.Coffee.&lt;init&gt;(Coffee.java:10)
	at uk.ac.sheffield.com1003.cafe.ingredients.Coffee.&lt;init&gt;(Coffee.java:10)
	at uk.ac.sheffield.com1003.cafe.ingredients.Coffee.&lt;init&gt;(Coffee.java:10)
	at uk.ac.sheffield.com1003.cafe.ingredients.Coffee.&lt;init&gt;(Coffee.java:10)
	at uk.ac.sheffield.com1003.cafe.ingredients.Coffee.&lt;init&gt;(Coffee.java:10)
	at uk.ac.sheffield.com1003.cafe.ingredients.Coffee.&lt;init&gt;(Coffee.java:10)
	at uk.ac.sheffield.com1003.cafe.ingredients.Coffee.&lt;init&gt;(Coffee.java:10)
	at uk.ac.sheffield.com1003.cafe.ingredients.Coffee.&lt;init&gt;(Coffee.java:10)
	at uk.ac.sheffield.com1003.cafe.ingredients.Coffee.&lt;init&gt;(Coffee.java:10)
	at uk.ac.sheffield.com1003.cafe.ingredients.Coffee.&lt;init&gt;(Coffee.java:10)
	at uk.ac.sheffield.com1003.cafe.ingredients.Coffee.&lt;init&gt;(Coffee.java:10)
	at uk.ac.sheffield.com1003.cafe.ingredients.Coffee.&lt;init&gt;(Coffee.java:10)
	at uk.ac.sheffield.com1003.cafe.ingredients.Coffee.&lt;init&gt;(Coffee.java:10)
	at uk.ac.sheffield.com1003.cafe.ingredients.Coffee.&lt;init&gt;(Coffee.java:10)
	at uk.ac.sheffield.com1003.cafe.ingredients.Coffee.&lt;init&gt;(Coffee.java:10)
	at uk.ac.sheffield.com1003.cafe.ingredients.Coffee.&lt;init&gt;(Coffee.java:10)
	at uk.ac.sheffield.com1003.cafe.ingredients.Coffee.&lt;init&gt;(Coffee.java:10)
	at uk.ac.sheffield.com1003.cafe.ingredients.Coffee.&lt;init&gt;(Coffee.java:10)
	at uk.ac.sheffield.com1003.cafe.ingredients.Coffee.&lt;init&gt;(Coffee.java:10)
	at uk.ac.sheffield.com1003.cafe.ingredients.Coffee.&lt;init&gt;(Coffee.java:10)
	at uk.ac.sheffield.com1003.cafe.ingredients.Coffee.&lt;init&gt;(Coffee.java:10)
	at uk.ac.sheffield.com1003.cafe.ingredients.Coffee.&lt;init&gt;(Coffee.java:10)
	at uk.ac.sheffield.com1003.cafe.ingredients.Coffee.&lt;init&gt;(Coffee.java:10)
	at uk.ac.sheffield.com1003.cafe.ingredients.Coffee.&lt;init&gt;(Coffee.java:10)
	at uk.ac.sheffield.com1003.cafe.ingredients.Coffee.&lt;init&gt;(Coffee.java:10)
	at uk.ac.sheffield.com1003.cafe.ingredients.Coffee.&lt;init&gt;(Coffee.java:10)
	at uk.ac.sheffield.com1003.cafe.ingredients.Coffee.&lt;init&gt;(Coffee.java:10)
	at uk.ac.sheffield.com1003.cafe.ingredients.Coffee.&lt;init&gt;(Coffee.java:10)
	at uk.ac.sheffield.com1003.cafe.ingredients.Coffee.&lt;init&gt;(Coffee.java:10)
	at uk.ac.sheffield.com1003.cafe.ingredients.Coffee.&lt;init&gt;(Coffee.java:10)
	at uk.ac.sheffield.com1003.cafe.ingredients.Coffee.&lt;init&gt;(Coffee.java:10)
	at uk.ac.sheffield.com1003.cafe.ingredients.Coffee.&lt;init&gt;(Coffee.java:10)
	at uk.ac.sheffield.com1003.cafe.ingredients.Coffee.&lt;init&gt;(Coffee.java:10)
	at uk.ac.sheffield.com1003.cafe.ingredients.Coffee.&lt;init&gt;(Coffee.java:10)
	at uk.ac.sheffield.com1003.cafe.ingredients.Coffee.&lt;init&gt;(Coffee.java:10)
	at uk.ac.sheffield.com1003.cafe.ingredients.Coffee.&lt;init&gt;(Coffee.java:10)
	at uk.ac.sheffield.com1003.cafe.ingredients.Coffee.&lt;init&gt;(Coffee.java:10)
	at uk.ac.sheffield.com1003.cafe.ingredients.Coffee.&lt;init&gt;(Coffee.java:10)
	at uk.ac.sheffield.com1003.cafe.ingredients.Coffee.&lt;init&gt;(Coffee.java:10)
	at uk.ac.sheffield.com1003.cafe.ingredients.Coffee.&lt;init&gt;(Coffee.java:10)
	at uk.ac.sheffield.com1003.cafe.ingredients.Coffee.&lt;init&gt;(Coffee.java:10)
	at uk.ac.sheffield.com1003.cafe.ingredients.Coffee.&lt;init&gt;(Coffee.java:10)
	at uk.ac.sheffield.com1003.cafe.ingredients.Coffee.&lt;init&gt;(Coffee.java:10)
	at uk.ac.sheffield.com1003.cafe.ingredients.Coffee.&lt;init&gt;(Coffee.java:10)
	at uk.ac.sheffield.com1003.cafe.ingredients.Coffee.&lt;init&gt;(Coffee.java:10)
	at uk.ac.sheffield.com1003.cafe.ingredients.Coffee.&lt;init&gt;(Coffee.java:10)
	at uk.ac.sheffield.com1003.cafe.ingredients.Coffee.&lt;init&gt;(Coffee.java:10)
	at uk.ac.sheffield.com1003.cafe.ingredients.Coffee.&lt;init&gt;(Coffee.java:10)
	at uk.ac.sheffield.com1003.cafe.ingredients.Coffee.&lt;init&gt;(Coffee.java:10)
	at uk.ac.sheffield.com1003.cafe.ingredients.Coffee.&lt;init&gt;(Coffee.java:10)
	at uk.ac.sheffield.com1003.cafe.ingredients.Coffee.&lt;init&gt;(Coffee.java:10)
	at uk.ac.sheffield.com1003.cafe.ingredients.Coffee.&lt;init&gt;(Coffee.java:10)
	at uk.ac.sheffield.com1003.cafe.ingredients.Coffee.&lt;init&gt;(Coffee.java:10)
	at uk.ac.sheffield.com1003.cafe.ingredients.Coffee.&lt;init&gt;(Coffee.java:10)
	at uk.ac.sheffield.com1003.cafe.ingredients.Coffee.&lt;init&gt;(Coffee.java:10)
	at uk.ac.sheffield.com1003.cafe.ingredients.Coffee.&lt;init&gt;(Coffee.java:10)
	at uk.ac.sheffield.com1003.cafe.ingredients.Coffee.&lt;init&gt;(Coffee.java:10)
	at uk.ac.sheffield.com1003.cafe.ingredients.Coffee.&lt;init&gt;(Coffee.java:10)
	at uk.ac.sheffield.com1003.cafe.ingredients.Coffee.&lt;init&gt;(Coffee.java:10)
	at uk.ac.sheffield.com1003.cafe.ingredients.Coffee.&lt;init&gt;(Coffee.java:10)
	at uk.ac.sheffield.com1003.cafe.ingredients.Coffee.&lt;init&gt;(Coffee.java:10)
	at uk.ac.sheffield.com1003.cafe.ingredients.Coffee.&lt;init&gt;(Coffee.java:10)
	at uk.ac.sheffield.com1003.cafe.ingredients.Coffee.&lt;init&gt;(Coffee.java:10)
	at uk.ac.sheffield.com1003.cafe.ingredients.Coffee.&lt;init&gt;(Coffee.java:10)
	at uk.ac.sheffield.com1003.cafe.ingredients.Coffee.&lt;init&gt;(Coffee.java:10)
	at uk.ac.sheffield.com1003.cafe.ingredients.Coffee.&lt;init&gt;(Coffee.java:10)
	at uk.ac.sheffield.com1003.cafe.ingredients.Coffee.&lt;init&gt;(Coffee.java:10)
	at uk.ac.sheffield.com1003.cafe.ingredients.Coffee.&lt;init&gt;(Coffee.java:10)
	at uk.ac.sheffield.com1003.cafe.ingredients.Coffee.&lt;init&gt;(Coffee.java:10)
	at uk.ac.sheffield.com1003.cafe.ingredients.Coffee.&lt;init&gt;(Coffee.java:10)
	at uk.ac.sheffield.com1003.cafe.ingredients.Coffee.&lt;init&gt;(Coffee.java:10)
	at uk.ac.sheffield.com1003.cafe.ingredients.Coffee.&lt;init&gt;(Coffee.java:10)
	at uk.ac.sheffield.com1003.cafe.ingredients.Coffee.&lt;init&gt;(Coffee.java:10)
	at uk.ac.sheffield.com1003.cafe.ingredients.Coffee.&lt;init&gt;(Coffee.java:10)
	at uk.ac.sheffield.com1003.cafe.ingredients.Coffee.&lt;init&gt;(Coffee.java:10)
	at uk.ac.sheffield.com1003.cafe.ingredients.Coffee.&lt;init&gt;(Coffee.java:10)
	at uk.ac.sheffield.com1003.cafe.ingredients.Coffee.&lt;init&gt;(Coffee.java:10)
	at uk.ac.sheffield.com1003.cafe.ingredients.Coffee.&lt;init&gt;(Coffee.java:10)
	at uk.ac.sheffield.com1003.cafe.ingredients.Coffee.&lt;init&gt;(Coffee.java:10)
	at uk.ac.sheffield.com1003.cafe.ingredients.Coffee.&lt;init&gt;(Coffee.java:10)
	at uk.ac.sheffield.com1003.cafe.ingredients.Coffee.&lt;init&gt;(Coffee.java:10)
	at uk.ac.sheffield.com1003.cafe.ingredients.Coffee.&lt;init&gt;(Coffee.java:10)
	at uk.ac.sheffield.com1003.cafe.ingredients.Coffee.&lt;init&gt;(Coffee.java:10)
	at uk.ac.sheffield.com1003.cafe.ingredients.Coffee.&lt;init&gt;(Coffee.java:10)
	at uk.ac.sheffield.com1003.cafe.ingredients.Coffee.&lt;init&gt;(Coffee.java:10)
	at uk.ac.sheffield.com1003.cafe.ingredients.Coffee.&lt;init&gt;(Coffee.java:10)
	at uk.ac.sheffield.com1003.cafe.ingredients.Coffee.&lt;init&gt;(Coffee.java:10)
	at uk.ac.sheffield.com1003.cafe.ingredients.Coffee.&lt;init&gt;(Coffee.java:10)
	at uk.ac.sheffield.com1003.cafe.ingredients.Coffee.&lt;init&gt;(Coffee.java:10)
	at uk.ac.sheffield.com1003.cafe.ingredients.Coffee.&lt;init&gt;(Coffee.java:10)
	at uk.ac.sheffield.com1003.cafe.ingredients.Coffee.&lt;init&gt;(Coffee.java:10)
	at uk.ac.sheffield.com1003.cafe.ingredients.Coffee.&lt;init&gt;(Coffee.java:10)
	at uk.ac.sheffield.com1003.cafe.ingredients.Coffee.&lt;init&gt;(Coffee.java:10)
	at uk.ac.sheffield.com1003.cafe.ingredients.Coffee.&lt;init&gt;(Coffee.java:10)
	at uk.ac.sheffield.com1003.cafe.ingredients.Coffee.&lt;init&gt;(Coffee.java:10)
	at uk.ac.sheffield.com1003.cafe.ingredients.Coffee.&lt;init&gt;(Coffee.java:10)
	at uk.ac.sheffield.com1003.cafe.ingredients.Coffee.&lt;init&gt;(Coffee.java:10)
	at uk.ac.sheffield.com1003.cafe.ingredients.Coffee.&lt;init&gt;(Coffee.java:10)
	at uk.ac.sheffield.com1003.cafe.ingredients.Coffee.&lt;init&gt;(Coffee.java:10)
	at uk.ac.sheffield.com1003.cafe.ingredients.Coffee.&lt;init&gt;(Coffee.java:10)
	at uk.ac.sheffield.com1003.cafe.ingredients.Coffee.&lt;init&gt;(Coffee.java:10)
	at uk.ac.sheffield.com1003.cafe.ingredients.Coffee.&lt;init&gt;(Coffee.java:10)
	at uk.ac.sheffield.com1003.cafe.ingredients.Coffee.&lt;init&gt;(Coffee.java:10)
	at uk.ac.sheffield.com1003.cafe.ingredients.Coffee.&lt;init&gt;(Coffee.java:10)
	at uk.ac.sheffield.com1003.cafe.ingredients.Coffee.&lt;init&gt;(Coffee.java:10)
	at uk.ac.sheffield.com1003.cafe.ingredients.Coffee.&lt;init&gt;(Coffee.java:10)
	at uk.ac.sheffield.com1003.cafe.ingredients.Coffee.&lt;init&gt;(Coffee.java:10)
	at uk.ac.sheffield.com1003.cafe.ingredients.Coffee.&lt;init&gt;(Coffee.java:10)
	at uk.ac.sheffield.com1003.cafe.ingredients.Coffee.&lt;init&gt;(Coffee.java:10)
	at uk.ac.sheffield.com1003.cafe.ingredients.Coffee.&lt;init&gt;(Coffee.java:10)
	at uk.ac.sheffield.com1003.cafe.ingredients.Coffee.&lt;init&gt;(Coffee.java:10)
	at uk.ac.sheffield.com1003.cafe.ingredients.Coffee.&lt;init&gt;(Coffee.java:10)
	at uk.ac.sheffield.com1003.cafe.ingredients.Coffee.&lt;init&gt;(Coffee.java:10)
	at uk.ac.sheffield.com1003.cafe.ingredients.Coffee.&lt;init&gt;(Coffee.java:10)
	at uk.ac.sheffield.com1003.cafe.ingredients.Coffee.&lt;init&gt;(Coffee.java:10)
	at uk.ac.sheffield.com1003.cafe.ingredients.Coffee.&lt;init&gt;(Coffee.java:10)
	at uk.ac.sheffield.com1003.cafe.ingredients.Coffee.&lt;init&gt;(Coffee.java:10)
	at uk.ac.sheffield.com1003.cafe.ingredients.Coffee.&lt;init&gt;(Coffee.java:10)
	at uk.ac.sheffield.com1003.cafe.ingredients.Coffee.&lt;init&gt;(Coffee.java:10)
	at uk.ac.sheffield.com1003.cafe.ingredients.Coffee.&lt;init&gt;(Coffee.java:10)
	at uk.ac.sheffield.com1003.cafe.ingredients.Coffee.&lt;init&gt;(Coffee.java:10)
	at uk.ac.sheffield.com1003.cafe.ingredients.Coffee.&lt;init&gt;(Coffee.java:10)
	at uk.ac.sheffield.com1003.cafe.ingredients.Coffee.&lt;init&gt;(Coffee.java:10)
	at uk.ac.sheffield.com1003.cafe.ingredients.Coffee.&lt;init&gt;(Coffee.java:10)
	at uk.ac.sheffield.com1003.cafe.ingredients.Coffee.&lt;init&gt;(Coffee.java:10)
	at uk.ac.sheffield.com1003.cafe.ingredients.Coffee.&lt;init&gt;(Coffee.java:10)
	at uk.ac.sheffield.com1003.cafe.ingredients.Coffee.&lt;init&gt;(Coffee.java:10)
	at uk.ac.sheffield.com1003.cafe.ingredients.Coffee.&lt;init&gt;(Coffee.java:10)
	at uk.ac.sheffield.com1003.cafe.ingredients.Coffee.&lt;init&gt;(Coffee.java:10)
	at uk.ac.sheffield.com1003.cafe.ingredients.Coffee.&lt;init&gt;(Coffee.java:10)
	at uk.ac.sheffield.com1003.cafe.ingredients.Coffee.&lt;init&gt;(Coffee.java:10)
	at uk.ac.sheffield.com1003.cafe.ingredients.Coffee.&lt;init&gt;(Coffee.java:10)
	at uk.ac.sheffield.com1003.cafe.ingredients.Coffee.&lt;init&gt;(Coffee.java:10)
	at uk.ac.sheffield.com1003.cafe.ingredients.Coffee.&lt;init&gt;(Coffee.java:10)
	at uk.ac.sheffield.com1003.cafe.ingredients.Coffee.&lt;init&gt;(Coffee.java:10)
	at uk.ac.sheffield.com1003.cafe.ingredients.Coffee.&lt;init&gt;(Coffee.java:10)
	at uk.ac.sheffield.com1003.cafe.ingredients.Coffee.&lt;init&gt;(Coffee.java:10)
	at uk.ac.sheffield.com1003.cafe.ingredients.Coffee.&lt;init&gt;(Coffee.java:10)
	at uk.ac.sheffield.com1003.cafe.ingredients.Coffee.&lt;init&gt;(Coffee.java:10)
	at uk.ac.sheffield.com1003.cafe.ingredients.Coffee.&lt;init&gt;(Coffee.java:10)
	at uk.ac.sheffield.com1003.cafe.ingredients.Coffee.&lt;init&gt;(Coffee.java:10)
	at uk.ac.sheffield.com1003.cafe.ingredients.Coffee.&lt;init&gt;(Coffee.java:10)
	at uk.ac.sheffield.com1003.cafe.ingredients.Coffee.&lt;init&gt;(Coffee.java:10)
	at uk.ac.sheffield.com1003.cafe.ingredients.Coffee.&lt;init&gt;(Coffee.java:10)
	at uk.ac.sheffield.com1003.cafe.ingredients.Coffee.&lt;init&gt;(Coffee.java:10)
	at uk.ac.sheffield.com1003.cafe.ingredients.Coffee.&lt;init&gt;(Coffee.java:10)
	at uk.ac.sheffield.com1003.cafe.ingredients.Coffee.&lt;init&gt;(Coffee.java:10)
	at uk.ac.sheffield.com1003.cafe.ingredients.Coffee.&lt;init&gt;(Coffee.java:10)
	at uk.ac.sheffield.com1003.cafe.ingredients.Coffee.&lt;init&gt;(Coffee.java:10)
	at uk.ac.sheffield.com1003.cafe.ingredients.Coffee.&lt;init&gt;(Coffee.java:10)
	at uk.ac.sheffield.com1003.cafe.ingredients.Coffee.&lt;init&gt;(Coffee.java:10)
	at uk.ac.sheffield.com1003.cafe.ingredients.Coffee.&lt;init&gt;(Coffee.java:10)
	at uk.ac.sheffield.com1003.cafe.ingredients.Coffee.&lt;init&gt;(Coffee.java:10)
	at uk.ac.sheffield.com1003.cafe.ingredients.Coffee.&lt;init&gt;(Coffee.java:10)
	at uk.ac.sheffield.com1003.cafe.ingredients.Coffee.&lt;init&gt;(Coffee.java:10)
	at uk.ac.sheffield.com1003.cafe.ingredients.Coffee.&lt;init&gt;(Coffee.java:10)
	at uk.ac.sheffield.com1003.cafe.ingredients.Coffee.&lt;init&gt;(Coffee.java:10)
	at uk.ac.sheffield.com1003.cafe.ingredients.Coffee.&lt;init&gt;(Coffee.java:10)
	at uk.ac.sheffield.com1003.cafe.ingredients.Coffee.&lt;init&gt;(Coffee.java:10)
	at uk.ac.sheffield.com1003.cafe.ingredients.Coffee.&lt;init&gt;(Coffee.java:10)
	at uk.ac.sheffield.com1003.cafe.ingredients.Coffee.&lt;init&gt;(Coffee.java:10)
	at uk.ac.sheffield.com1003.cafe.ingredients.Coffee.&lt;init&gt;(Coffee.java:10)
	at uk.ac.sheffield.com1003.cafe.ingredients.Coffee.&lt;init&gt;(Coffee.java:10)
	at uk.ac.sheffield.com1003.cafe.ingredients.Coffee.&lt;init&gt;(Coffee.java:10)
	at uk.ac.sheffield.com1003.cafe.ingredients.Coffee.&lt;init&gt;(Coffee.java:10)
	at uk.ac.sheffield.com1003.cafe.ingredients.Coffee.&lt;init&gt;(Coffee.java:10)
	at uk.ac.sheffield.com1003.cafe.ingredients.Coffee.&lt;init&gt;(Coffee.java:10)
	at uk.ac.sheffield.com1003.cafe.ingredients.Coffee.&lt;init&gt;(Coffee.java:10)
	at uk.ac.sheffield.com1003.cafe.ingredients.Coffee.&lt;init&gt;(Coffee.java:10)
	at uk.ac.sheffield.com1003.cafe.ingredients.Coffee.&lt;init&gt;(Coffee.java:10)
	at uk.ac.sheffield.com1003.cafe.ingredients.Coffee.&lt;init&gt;(Coffee.java:10)
	at uk.ac.sheffield.com1003.cafe.ingredients.Coffee.&lt;init&gt;(Coffee.java:10)
	at uk.ac.sheffield.com1003.cafe.ingredients.Coffee.&lt;init&gt;(Coffee.java:10)
	at uk.ac.sheffield.com1003.cafe.ingredients.Coffee.&lt;init&gt;(Coffee.java:10)
	at uk.ac.sheffield.com1003.cafe.ingredients.Coffee.&lt;init&gt;(Coffee.java:10)
	at uk.ac.sheffield.com1003.cafe.ingredients.Coffee.&lt;init&gt;(Coffee.java:10)
	at uk.ac.sheffield.com1003.cafe.ingredients.Coffee.&lt;init&gt;(Coffee.java:10)
	at uk.ac.sheffield.com1003.cafe.ingredients.Coffee.&lt;init&gt;(Coffee.java:10)
	at uk.ac.sheffield.com1003.cafe.ingredients.Coffee.&lt;init&gt;(Coffee.java:10)
	at uk.ac.sheffield.com1003.cafe.ingredients.Coffee.&lt;init&gt;(Coffee.java:10)
	at uk.ac.sheffield.com1003.cafe.ingredients.Coffee.&lt;init&gt;(Coffee.java:10)
	at uk.ac.sheffield.com1003.cafe.ingredients.Coffee.&lt;init&gt;(Coffee.java:10)
	at uk.ac.sheffield.com1003.cafe.ingredients.Coffee.&lt;init&gt;(Coffee.java:10)
	at uk.ac.sheffield.com1003.cafe.ingredients.Coffee.&lt;init&gt;(Coffee.java:10)
	at uk.ac.sheffield.com1003.cafe.ingredients.Coffee.&lt;init&gt;(Coffee.java:10)
	at uk.ac.sheffield.com1003.cafe.ingredients.Coffee.&lt;init&gt;(Coffee.java:10)
	at uk.ac.sheffield.com1003.cafe.ingredients.Coffee.&lt;init&gt;(Coffee.java:10)
	at uk.ac.sheffield.com1003.cafe.ingredients.Coffee.&lt;init&gt;(Coffee.java:10)
	at uk.ac.sheffield.com1003.cafe.ingredients.Coffee.&lt;init&gt;(Coffee.java:10)
	at uk.ac.sheffield.com1003.cafe.ingredients.Coffee.&lt;init&gt;(Coffee.java:10)
	at uk.ac.sheffield.com1003.cafe.ingredients.Coffee.&lt;init&gt;(Coffee.java:10)
	at uk.ac.sheffield.com1003.cafe.ingredients.Coffee.&lt;init&gt;(Coffee.java:10)
	at uk.ac.sheffield.com1003.cafe.ingredients.Coffee.&lt;init&gt;(Coffee.java:10)
	at uk.ac.sheffield.com1003.cafe.ingredients.Coffee.&lt;init&gt;(Coffee.java:10)
	at uk.ac.sheffield.com1003.cafe.ingredients.Coffee.&lt;init&gt;(Coffee.java:10)
	at uk.ac.sheffield.com1003.cafe.ingredients.Coffee.&lt;init&gt;(Coffee.java:10)
	at uk.ac.sheffield.com1003.cafe.ingredients.Coffee.&lt;init&gt;(Coffee.java:10)
	at uk.ac.sheffield.com1003.cafe.ingredients.Coffee.&lt;init&gt;(Coffee.java:10)
	at uk.ac.sheffield.com1003.cafe.ingredients.Coffee.&lt;init&gt;(Coffee.java:10)
	at uk.ac.sheffield.com1003.cafe.ingredients.Coffee.&lt;init&gt;(Coffee.java:10)
	at uk.ac.sheffield.com1003.cafe.ingredients.Coffee.&lt;init&gt;(Coffee.java:10)
	at uk.ac.sheffield.com1003.cafe.ingredients.Coffee.&lt;init&gt;(Coffee.java:10)
	at uk.ac.sheffield.com1003.cafe.ingredients.Coffee.&lt;init&gt;(Coffee.java:10)
	at uk.ac.sheffield.com1003.cafe.ingredients.Coffee.&lt;init&gt;(Coffee.java:10)
	at uk.ac.sheffield.com1003.cafe.ingredients.Coffee.&lt;init&gt;(Coffee.java:10)
	at uk.ac.sheffield.com1003.cafe.ingredients.Coffee.&lt;init&gt;(Coffee.java:10)
	at uk.ac.sheffield.com1003.cafe.ingredients.Coffee.&lt;init&gt;(Coffee.java:10)
	at uk.ac.sheffield.com1003.cafe.ingredients.Coffee.&lt;init&gt;(Coffee.java:10)
	at uk.ac.sheffield.com1003.cafe.ingredients.Coffee.&lt;init&gt;(Coffee.java:10)
	at uk.ac.sheffield.com1003.cafe.ingredients.Coffee.&lt;init&gt;(Coffee.java:10)
	at uk.ac.sheffield.com1003.cafe.ingredients.Coffee.&lt;init&gt;(Coffee.java:10)
	at uk.ac.sheffield.com1003.cafe.ingredients.Coffee.&lt;init&gt;(Coffee.java:10)
	at uk.ac.sheffield.com1003.cafe.ingredients.Coffee.&lt;init&gt;(Coffee.java:10)
	at uk.ac.sheffield.com1003.cafe.ingredients.Coffee.&lt;init&gt;(Coffee.java:10)
	at uk.ac.sheffield.com1003.cafe.ingredients.Coffee.&lt;init&gt;(Coffee.java:10)
	at uk.ac.sheffield.com1003.cafe.ingredients.Coffee.&lt;init&gt;(Coffee.java:10)
	at uk.ac.sheffield.com1003.cafe.ingredients.Coffee.&lt;init&gt;(Coffee.java:10)
	at uk.ac.sheffield.com1003.cafe.ingredients.Coffee.&lt;init&gt;(Coffee.java:10)
	at uk.ac.sheffield.com1003.cafe.ingredients.Coffee.&lt;init&gt;(Coffee.java:10)
	at uk.ac.sheffield.com1003.cafe.ingredients.Coffee.&lt;init&gt;(Coffee.java:10)
	at uk.ac.sheffield.com1003.cafe.ingredients.Coffee.&lt;init&gt;(Coffee.java:10)
	at uk.ac.sheffield.com1003.cafe.ingredients.Coffee.&lt;init&gt;(Coffee.java:10)
	at uk.ac.sheffield.com1003.cafe.ingredients.Coffee.&lt;init&gt;(Coffee.java:10)
	at uk.ac.sheffield.com1003.cafe.ingredients.Coffee.&lt;init&gt;(Coffee.java:10)
	at uk.ac.sheffield.com1003.cafe.ingredients.Coffee.&lt;init&gt;(Coffee.java:10)
	at uk.ac.sheffield.com1003.cafe.ingredients.Coffee.&lt;init&gt;(Coffee.java:10)
	at uk.ac.sheffield.com1003.cafe.ingredients.Coffee.&lt;init&gt;(Coffee.java:10)
	at uk.ac.sheffield.com1003.cafe.ingredients.Coffee.&lt;init&gt;(Coffee.java:10)
	at uk.ac.sheffield.com1003.cafe.ingredients.Coffee.&lt;init&gt;(Coffee.java:10)
	at uk.ac.sheffield.com1003.cafe.ingredients.Coffee.&lt;init&gt;(Coffee.java:10)
	at uk.ac.sheffield.com1003.cafe.ingredients.Coffee.&lt;init&gt;(Coffee.java:10)
	at uk.ac.sheffield.com1003.cafe.ingredients.Coffee.&lt;init&gt;(Coffee.java:10)
	at uk.ac.sheffield.com1003.cafe.ingredients.Coffee.&lt;init&gt;(Coffee.java:10)
	at uk.ac.sheffield.com1003.cafe.ingredients.Coffee.&lt;init&gt;(Coffee.java:10)
	at uk.ac.sheffield.com1003.cafe.ingredients.Coffee.&lt;init&gt;(Coffee.java:10)
	at uk.ac.sheffield.com1003.cafe.ingredients.Coffee.&lt;init&gt;(Coffee.java:10)
	at uk.ac.sheffield.com1003.cafe.ingredients.Coffee.&lt;init&gt;(Coffee.java:10)
	at uk.ac.sheffield.com1003.cafe.ingredients.Coffee.&lt;init&gt;(Coffee.java:10)
	at uk.ac.sheffield.com1003.cafe.ingredients.Coffee.&lt;init&gt;(Coffee.java:10)
	at uk.ac.sheffield.com1003.cafe.ingredients.Coffee.&lt;init&gt;(Coffee.java:10)
	at uk.ac.sheffield.com1003.cafe.ingredients.Coffee.&lt;init&gt;(Coffee.java:10)
	at uk.ac.sheffield.com1003.cafe.ingredients.Coffee.&lt;init&gt;(Coffee.java:10)
	at uk.ac.sheffield.com1003.cafe.ingredients.Coffee.&lt;init&gt;(Coffee.java:10)
	at uk.ac.sheffield.com1003.cafe.ingredients.Coffee.&lt;init&gt;(Coffee.java:10)
	at uk.ac.sheffield.com1003.cafe.ingredients.Coffee.&lt;init&gt;(Coffee.java:10)
	at uk.ac.sheffield.com1003.cafe.ingredients.Coffee.&lt;init&gt;(Coffee.java:10)
	at uk.ac.sheffield.com1003.cafe.ingredients.Coffee.&lt;init&gt;(Coffee.java:10)
	at uk.ac.sheffield.com1003.cafe.ingredients.Coffee.&lt;init&gt;(Coffee.java:10)
	at uk.ac.sheffield.com1003.cafe.ingredients.Coffee.&lt;init&gt;(Coffee.java:10)
	at uk.ac.sheffield.com1003.cafe.ingredients.Coffee.&lt;init&gt;(Coffee.java:10)
	at uk.ac.sheffield.com1003.cafe.ingredients.Coffee.&lt;init&gt;(Coffee.java:10)
	at uk.ac.sheffield.com1003.cafe.ingredients.Coffee.&lt;init&gt;(Coffee.java:10)
	at uk.ac.sheffield.com1003.cafe.ingredients.Coffee.&lt;init&gt;(Coffee.java:10)
	at uk.ac.sheffield.com1003.cafe.ingredients.Coffee.&lt;init&gt;(Coffee.java:10)
	at uk.ac.sheffield.com1003.cafe.ingredients.Coffee.&lt;init&gt;(Coffee.java:10)
	at uk.ac.sheffield.com1003.cafe.ingredients.Coffee.&lt;init&gt;(Coffee.java:10)
	at uk.ac.sheffield.com1003.cafe.ingredients.Coffee.&lt;init&gt;(Coffee.java:10)
	at uk.ac.sheffield.com1003.cafe.ingredients.Coffee.&lt;init&gt;(Coffee.java:10)
	at uk.ac.sheffield.com1003.cafe.ingredients.Coffee.&lt;init&gt;(Coffee.java:10)
	at uk.ac.sheffield.com1003.cafe.ingredients.Coffee.&lt;init&gt;(Coffee.java:10)
	at uk.ac.sheffield.com1003.cafe.ingredients.Coffee.&lt;init&gt;(Coffee.java:10)
	at uk.ac.sheffield.com1003.cafe.ingredients.Coffee.&lt;init&gt;(Coffee.java:10)
	at uk.ac.sheffield.com1003.cafe.ingredients.Coffee.&lt;init&gt;(Coffee.java:10)
	at uk.ac.sheffield.com1003.cafe.ingredients.Coffee.&lt;init&gt;(Coffee.java:10)
	at uk.ac.sheffield.com1003.cafe.ingredients.Coffee.&lt;init&gt;(Coffee.java:10)
	at uk.ac.sheffield.com1003.cafe.ingredients.Coffee.&lt;init&gt;(Coffee.java:10)
	at uk.ac.sheffield.com1003.cafe.ingredients.Coffee.&lt;init&gt;(Coffee.java:10)
	at uk.ac.sheffield.com1003.cafe.ingredients.Coffee.&lt;init&gt;(Coffee.java:10)
	at uk.ac.sheffield.com1003.cafe.ingredients.Coffee.&lt;init&gt;(Coffee.java:10)
	at uk.ac.sheffield.com1003.cafe.ingredients.Coffee.&lt;init&gt;(Coffee.java:10)
	at uk.ac.sheffield.com1003.cafe.ingredients.Coffee.&lt;init&gt;(Coffee.java:10)
	at uk.ac.sheffield.com1003.cafe.ingredients.Coffee.&lt;init&gt;(Coffee.java:10)
	at uk.ac.sheffield.com1003.cafe.ingredients.Coffee.&lt;init&gt;(Coffee.java:10)
	at uk.ac.sheffield.com1003.cafe.ingredients.Coffee.&lt;init&gt;(Coffee.java:10)
	at uk.ac.sheffield.com1003.cafe.ingredients.Coffee.&lt;init&gt;(Coffee.java:10)
	at uk.ac.sheffield.com1003.cafe.ingredients.Coffee.&lt;init&gt;(Coffee.java:10)
	at uk.ac.sheffield.com1003.cafe.ingredients.Coffee.&lt;init&gt;(Coffee.java:10)
	at uk.ac.sheffield.com1003.cafe.ingredients.Coffee.&lt;init&gt;(Coffee.java:10)
	at uk.ac.sheffield.com1003.cafe.ingredients.Coffee.&lt;init&gt;(Coffee.java:10)
	at uk.ac.sheffield.com1003.cafe.ingredients.Coffee.&lt;init&gt;(Coffee.java:10)
	at uk.ac.sheffield.com1003.cafe.ingredients.Coffee.&lt;init&gt;(Coffee.java:10)
	at uk.ac.sheffield.com1003.cafe.ingredients.Coffee.&lt;init&gt;(Coffee.java:10)
	at uk.ac.sheffield.com1003.cafe.ingredients.Coffee.&lt;init&gt;(Coffee.java:10)
	at uk.ac.sheffield.com1003.cafe.ingredients.Coffee.&lt;init&gt;(Coffee.java:10)
	at uk.ac.sheffield.com1003.cafe.ingredients.Coffee.&lt;init&gt;(Coffee.java:10)
	at uk.ac.sheffield.com1003.cafe.ingredients.Coffee.&lt;init&gt;(Coffee.java:10)
	at uk.ac.sheffield.com1003.cafe.ingredients.Coffee.&lt;init&gt;(Coffee.java:10)
	at uk.ac.sheffield.com1003.cafe.ingredients.Coffee.&lt;init&gt;(Coffee.java:10)
	at uk.ac.sheffield.com1003.cafe.ingredients.Coffee.&lt;init&gt;(Coffee.java:10)
	at uk.ac.sheffield.com1003.cafe.ingredients.Coffee.&lt;init&gt;(Coffee.java:10)
	at uk.ac.sheffield.com1003.cafe.ingredients.Coffee.&lt;init&gt;(Coffee.java:10)
	at uk.ac.sheffield.com1003.cafe.ingredients.Coffee.&lt;init&gt;(Coffee.java:10)
	at uk.ac.sheffield.com1003.cafe.ingredients.Coffee.&lt;init&gt;(Coffee.java:10)
	at uk.ac.sheffield.com1003.cafe.ingredients.Coffee.&lt;init&gt;(Coffee.java:10)
	at uk.ac.sheffield.com1003.cafe.ingredients.Coffee.&lt;init&gt;(Coffee.java:10)
	at uk.ac.sheffield.com1003.cafe.ingredients.Coffee.&lt;init&gt;(Coffee.java:10)
	at uk.ac.sheffield.com1003.cafe.ingredients.Coffee.&lt;init&gt;(Coffee.java:10)
	at uk.ac.sheffield.com1003.cafe.ingredients.Coffee.&lt;init&gt;(Coffee.java:10)
	at uk.ac.sheffield.com1003.cafe.ingredients.Coffee.&lt;init&gt;(Coffee.java:10)
	at uk.ac.sheffield.com1003.cafe.ingredients.Coffee.&lt;init&gt;(Coffee.java:10)
	at uk.ac.sheffield.com1003.cafe.ingredients.Coffee.&lt;init&gt;(Coffee.java:10)
	at uk.ac.sheffield.com1003.cafe.ingredients.Coffee.&lt;init&gt;(Coffee.java:10)
	at uk.ac.sheffield.com1003.cafe.ingredients.Coffee.&lt;init&gt;(Coffee.java:10)
	at uk.ac.sheffield.com1003.cafe.ingredients.Coffee.&lt;init&gt;(Coffee.java:10)
	at uk.ac.sheffield.com1003.cafe.ingredients.Coffee.&lt;init&gt;(Coffee.java:10)
	at uk.ac.sheffield.com1003.cafe.ingredients.Coffee.&lt;init&gt;(Coffee.java:10)
	at uk.ac.sheffield.com1003.cafe.ingredients.Coffee.&lt;init&gt;(Coffee.java:10)
	at uk.ac.sheffield.com1003.cafe.ingredients.Coffee.&lt;init&gt;(Coffee.java:10)
	at uk.ac.sheffield.com1003.cafe.ingredients.Coffee.&lt;init&gt;(Coffee.java:10)
	at uk.ac.sheffield.com1003.cafe.ingredients.Coffee.&lt;init&gt;(Coffee.java:10)
	at uk.ac.sheffield.com1003.cafe.ingredients.Coffee.&lt;init&gt;(Coffee.java:10)
	at uk.ac.sheffield.com1003.cafe.ingredients.Coffee.&lt;init&gt;(Coffee.java:10)
	at uk.ac.sheffield.com1003.cafe.ingredients.Coffee.&lt;init&gt;(Coffee.java:10)
	at uk.ac.sheffield.com1003.cafe.ingredients.Coffee.&lt;init&gt;(Coffee.java:10)
	at uk.ac.sheffield.com1003.cafe.ingredients.Coffee.&lt;init&gt;(Coffee.java:10)
	at uk.ac.sheffield.com1003.cafe.ingredients.Coffee.&lt;init&gt;(Coffee.java:10)
	at uk.ac.sheffield.com1003.cafe.ingredients.Coffee.&lt;init&gt;(Coffee.java:10)
	at uk.ac.sheffield.com1003.cafe.ingredients.Coffee.&lt;init&gt;(Coffee.java:10)
	at uk.ac.sheffield.com1003.cafe.ingredients.Coffee.&lt;init&gt;(Coffee.java:10)
	at uk.ac.sheffield.com1003.cafe.ingredients.Coffee.&lt;init&gt;(Coffee.java:10)
	at uk.ac.sheffield.com1003.cafe.ingredients.Coffee.&lt;init&gt;(Coffee.java:10)
	at uk.ac.sheffield.com1003.cafe.ingredients.Coffee.&lt;init&gt;(Coffee.java:10)
	at uk.ac.sheffield.com1003.cafe.ingredients.Coffee.&lt;init&gt;(Coffee.java:10)
	at uk.ac.sheffield.com1003.cafe.ingredients.Coffee.&lt;init&gt;(Coffee.java:10)
	at uk.ac.sheffield.com1003.cafe.ingredients.Coffee.&lt;init&gt;(Coffee.java:10)
	at uk.ac.sheffield.com1003.cafe.ingredients.Coffee.&lt;init&gt;(Coffee.java:10)
	at uk.ac.sheffield.com1003.cafe.ingredients.Coffee.&lt;init&gt;(Coffee.java:10)
	at uk.ac.sheffield.com1003.cafe.ingredients.Coffee.&lt;init&gt;(Coffee.java:10)
	at uk.ac.sheffield.com1003.cafe.ingredients.Coffee.&lt;init&gt;(Coffee.java:10)
	at uk.ac.sheffield.com1003.cafe.ingredients.Coffee.&lt;init&gt;(Coffee.java:10)
	at uk.ac.sheffield.com1003.cafe.ingredients.Coffee.&lt;init&gt;(Coffee.java:10)
	at uk.ac.sheffield.com1003.cafe.ingredients.Coffee.&lt;init&gt;(Coffee.java:10)
	at uk.ac.sheffield.com1003.cafe.ingredients.Coffee.&lt;init&gt;(Coffee.java:10)
	at uk.ac.sheffield.com1003.cafe.ingredients.Coffee.&lt;init&gt;(Coffee.java:10)
	at uk.ac.sheffield.com1003.cafe.ingredients.Coffee.&lt;init&gt;(Coffee.java:10)
	at uk.ac.sheffield.com1003.cafe.ingredients.Coffee.&lt;init&gt;(Coffee.java:10)
	at uk.ac.sheffield.com1003.cafe.ingredients.Coffee.&lt;init&gt;(Coffee.java:10)
	at uk.ac.sheffield.com1003.cafe.ingredients.Coffee.&lt;init&gt;(Coffee.java:10)
	at uk.ac.sheffield.com1003.cafe.ingredients.Coffee.&lt;init&gt;(Coffee.java:10)
	at uk.ac.sheffield.com1003.cafe.ingredients.Coffee.&lt;init&gt;(Coffee.java:10)
	at uk.ac.sheffield.com1003.cafe.ingredients.Coffee.&lt;init&gt;(Coffee.java:10)
	at uk.ac.sheffield.com1003.cafe.ingredients.Coffee.&lt;init&gt;(Coffee.java:10)
	at uk.ac.sheffield.com1003.cafe.ingredients.Coffee.&lt;init&gt;(Coffee.java:10)
	at uk.ac.sheffield.com1003.cafe.ingredients.Coffee.&lt;init&gt;(Coffee.java:10)
	at uk.ac.sheffield.com1003.cafe.ingredients.Coffee.&lt;init&gt;(Coffee.java:10)
	at uk.ac.sheffield.com1003.cafe.ingredients.Coffee.&lt;init&gt;(Coffee.java:10)
	at uk.ac.sheffield.com1003.cafe.ingredients.Coffee.&lt;init&gt;(Coffee.java:10)
	at uk.ac.sheffield.com1003.cafe.ingredients.Coffee.&lt;init&gt;(Coffee.java:10)
	at uk.ac.sheffield.com1003.cafe.ingredients.Coffee.&lt;init&gt;(Coffee.java:10)
	at uk.ac.sheffield.com1003.cafe.ingredients.Coffee.&lt;init&gt;(Coffee.java:10)
	at uk.ac.sheffield.com1003.cafe.ingredients.Coffee.&lt;init&gt;(Coffee.java:10)
	at uk.ac.sheffield.com1003.cafe.ingredients.Coffee.&lt;init&gt;(Coffee.java:10)
	at uk.ac.sheffield.com1003.cafe.ingredients.Coffee.&lt;init&gt;(Coffee.java:10)
	at uk.ac.sheffield.com1003.cafe.ingredients.Coffee.&lt;init&gt;(Coffee.java:10)
	at uk.ac.sheffield.com1003.cafe.ingredients.Coffee.&lt;init&gt;(Coffee.java:10)
	at uk.ac.sheffield.com1003.cafe.ingredients.Coffee.&lt;init&gt;(Coffee.java:10)
	at uk.ac.sheffield.com1003.cafe.ingredients.Coffee.&lt;init&gt;(Coffee.java:10)
	at uk.ac.sheffield.com1003.cafe.ingredients.Coffee.&lt;init&gt;(Coffee.java:10)
	at uk.ac.sheffield.com1003.cafe.ingredients.Coffee.&lt;init&gt;(Coffee.java:10)
	at uk.ac.sheffield.com1003.cafe.ingredients.Coffee.&lt;init&gt;(Coffee.java:10)
	at uk.ac.sheffield.com1003.cafe.ingredients.Coffee.&lt;init&gt;(Coffee.java:10)
	at uk.ac.sheffield.com1003.cafe.ingredients.Coffee.&lt;init&gt;(Coffee.java:10)
	at uk.ac.sheffield.com1003.cafe.ingredients.Coffee.&lt;init&gt;(Coffee.java:10)
	at uk.ac.sheffield.com1003.cafe.ingredients.Coffee.&lt;init&gt;(Coffee.java:10)
	at uk.ac.sheffield.com1003.cafe.ingredients.Coffee.&lt;init&gt;(Coffee.java:10)
	at uk.ac.sheffield.com1003.cafe.ingredients.Coffee.&lt;init&gt;(Coffee.java:10)
	at uk.ac.sheffield.com1003.cafe.ingredients.Coffee.&lt;init&gt;(Coffee.java:10)
	at uk.ac.sheffield.com1003.cafe.ingredients.Coffee.&lt;init&gt;(Coffee.java:10)
	at uk.ac.sheffield.com1003.cafe.ingredients.Coffee.&lt;init&gt;(Coffee.java:10)
	at uk.ac.sheffield.com1003.cafe.ingredients.Coffee.&lt;init&gt;(Coffee.java:10)
	at uk.ac.sheffield.com1003.cafe.ingredients.Coffee.&lt;init&gt;(Coffee.java:10)
	at uk.ac.sheffield.com1003.cafe.ingredients.Coffee.&lt;init&gt;(Coffee.java:10)
	at uk.ac.sheffield.com1003.cafe.ingredients.Coffee.&lt;init&gt;(Coffee.java:10)
	at uk.ac.sheffield.com1003.cafe.ingredients.Coffee.&lt;init&gt;(Coffee.java:10)
	at uk.ac.sheffield.com1003.cafe.ingredients.Coffee.&lt;init&gt;(Coffee.java:10)
	at uk.ac.sheffield.com1003.cafe.ingredients.Coffee.&lt;init&gt;(Coffee.java:10)
	at uk.ac.sheffield.com1003.cafe.ingredients.Coffee.&lt;init&gt;(Coffee.java:10)
	at uk.ac.sheffield.com1003.cafe.ingredients.Coffee.&lt;init&gt;(Coffee.java:10)
	at uk.ac.sheffield.com1003.cafe.ingredients.Coffee.&lt;init&gt;(Coffee.java:10)
	at uk.ac.sheffield.com1003.cafe.ingredients.Coffee.&lt;init&gt;(Coffee.java:10)
	at uk.ac.sheffield.com1003.cafe.ingredients.Coffee.&lt;init&gt;(Coffee.java:10)
	at uk.ac.sheffield.com1003.cafe.ingredients.Coffee.&lt;init&gt;(Coffee.java:10)
	at uk.ac.sheffield.com1003.cafe.ingredients.Coffee.&lt;init&gt;(Coffee.java:10)
	at uk.ac.sheffield.com1003.cafe.ingredients.Coffee.&lt;init&gt;(Coffee.java:10)
	at uk.ac.sheffield.com1003.cafe.ingredients.Coffee.&lt;init&gt;(Coffee.java:10)
	at uk.ac.sheffield.com1003.cafe.ingredients.Coffee.&lt;init&gt;(Coffee.java:10)
	at uk.ac.sheffield.com1003.cafe.ingredients.Coffee.&lt;init&gt;(Coffee.java:10)
	at uk.ac.sheffield.com1003.cafe.ingredients.Coffee.&lt;init&gt;(Coffee.java:10)
	at uk.ac.sheffield.com1003.cafe.ingredients.Coffee.&lt;init&gt;(Coffee.java:10)
	at uk.ac.sheffield.com1003.cafe.ingredients.Coffee.&lt;init&gt;(Coffee.java:10)
	at uk.ac.sheffield.com1003.cafe.ingredients.Coffee.&lt;init&gt;(Coffee.java:10)
	at uk.ac.sheffield.com1003.cafe.ingredients.Coffee.&lt;init&gt;(Coffee.java:10)
	at uk.ac.sheffield.com1003.cafe.ingredients.Coffee.&lt;init&gt;(Coffee.java:10)
	at uk.ac.sheffield.com1003.cafe.ingredients.Coffee.&lt;init&gt;(Coffee.java:10)
	at uk.ac.sheffield.com1003.cafe.ingredients.Coffee.&lt;init&gt;(Coffee.java:10)
	at uk.ac.sheffield.com1003.cafe.ingredients.Coffee.&lt;init&gt;(Coffee.java:10)
	at uk.ac.sheffield.com1003.cafe.ingredients.Coffee.&lt;init&gt;(Coffee.java:10)
	at uk.ac.sheffield.com1003.cafe.ingredients.Coffee.&lt;init&gt;(Coffee.java:10)
	at uk.ac.sheffield.com1003.cafe.ingredients.Coffee.&lt;init&gt;(Coffee.java:10)
	at uk.ac.sheffield.com1003.cafe.ingredients.Coffee.&lt;init&gt;(Coffee.java:10)
	at uk.ac.sheffield.com1003.cafe.ingredients.Coffee.&lt;init&gt;(Coffee.java:10)
	at uk.ac.sheffield.com1003.cafe.ingredients.Coffee.&lt;init&gt;(Coffee.java:10)
	at uk.ac.sheffield.com1003.cafe.ingredients.Coffee.&lt;init&gt;(Coffee.java:10)
	at uk.ac.sheffield.com1003.cafe.ingredients.Coffee.&lt;init&gt;(Coffee.java:10)
	at uk.ac.sheffield.com1003.cafe.ingredients.Coffee.&lt;init&gt;(Coffee.java:10)
	at uk.ac.sheffield.com1003.cafe.ingredients.Coffee.&lt;init&gt;(Coffee.java:10)
	at uk.ac.sheffield.com1003.cafe.ingredients.Coffee.&lt;init&gt;(Coffee.java:10)
	at uk.ac.sheffield.com1003.cafe.ingredients.Coffee.&lt;init&gt;(Coffee.java:10)
	at uk.ac.sheffield.com1003.cafe.ingredients.Coffee.&lt;init&gt;(Coffee.java:10)
	at uk.ac.sheffield.com1003.cafe.ingredients.Coffee.&lt;init&gt;(Coffee.java:10)
	at uk.ac.sheffield.com1003.cafe.ingredients.Coffee.&lt;init&gt;(Coffee.java:10)
	at uk.ac.sheffield.com1003.cafe.ingredients.Coffee.&lt;init&gt;(Coffee.java:10)
	at uk.ac.sheffield.com1003.cafe.ingredients.Coffee.&lt;init&gt;(Coffee.java:10)
	at uk.ac.sheffield.com1003.cafe.ingredients.Coffee.&lt;init&gt;(Coffee.java:10)
	at uk.ac.sheffield.com1003.cafe.ingredients.Coffee.&lt;init&gt;(Coffee.java:10)
	at uk.ac.sheffield.com1003.cafe.ingredients.Coffee.&lt;init&gt;(Coffee.java:10)
	at uk.ac.sheffield.com1003.cafe.ingredients.Coffee.&lt;init&gt;(Coffee.java:10)
	at uk.ac.sheffield.com1003.cafe.ingredients.Coffee.&lt;init&gt;(Coffee.java:10)
	at uk.ac.sheffield.com1003.cafe.ingredients.Coffee.&lt;init&gt;(Coffee.java:10)
	at uk.ac.sheffield.com1003.cafe.ingredients.Coffee.&lt;init&gt;(Coffee.java:10)
	at uk.ac.sheffield.com1003.cafe.ingredients.Coffee.&lt;init&gt;(Coffee.java:10)
	at uk.ac.sheffield.com1003.cafe.ingredients.Coffee.&lt;init&gt;(Coffee.java:10)
	at uk.ac.sheffield.com1003.cafe.ingredients.Coffee.&lt;init&gt;(Coffee.java:10)
	at uk.ac.sheffield.com1003.cafe.ingredients.Coffee.&lt;init&gt;(Coffee.java:10)
	at uk.ac.sheffield.com1003.cafe.ingredients.Coffee.&lt;init&gt;(Coffee.java:10)
	at uk.ac.sheffield.com1003.cafe.ingredients.Coffee.&lt;init&gt;(Coffee.java:10)
	at uk.ac.sheffield.com1003.cafe.ingredients.Coffee.&lt;init&gt;(Coffee.java:10)
	at uk.ac.sheffield.com1003.cafe.ingredients.Coffee.&lt;init&gt;(Coffee.java:10)
	at uk.ac.sheffield.com1003.cafe.ingredients.Coffee.&lt;init&gt;(Coffee.java:10)
	at uk.ac.sheffield.com1003.cafe.ingredients.Coffee.&lt;init&gt;(Coffee.java:10)
	at uk.ac.sheffield.com1003.cafe.ingredients.Coffee.&lt;init&gt;(Coffee.java:10)
	at uk.ac.sheffield.com1003.cafe.ingredients.Coffee.&lt;init&gt;(Coffee.java:10)
	at uk.ac.sheffield.com1003.cafe.ingredients.Coffee.&lt;init&gt;(Coffee.java:10)
	at uk.ac.sheffield.com1003.cafe.ingredients.Coffee.&lt;init&gt;(Coffee.java:10)
	at uk.ac.sheffield.com1003.cafe.ingredients.Coffee.&lt;init&gt;(Coffee.java:10)
	at uk.ac.sheffield.com1003.cafe.ingredients.Coffee.&lt;init&gt;(Coffee.java:10)
	at uk.ac.sheffield.com1003.cafe.ingredients.Coffee.&lt;init&gt;(Coffee.java:10)
	at uk.ac.sheffield.com1003.cafe.ingredients.Coffee.&lt;init&gt;(Coffee.java:10)
	at uk.ac.sheffield.com1003.cafe.ingredients.Coffee.&lt;init&gt;(Coffee.java:10)
	at uk.ac.sheffield.com1003.cafe.ingredients.Coffee.&lt;init&gt;(Coffee.java:10)
	at uk.ac.sheffield.com1003.cafe.ingredients.Coffee.&lt;init&gt;(Coffee.java:10)
	at uk.ac.sheffield.com1003.cafe.ingredients.Coffee.&lt;init&gt;(Coffee.java:10)
	at uk.ac.sheffield.com1003.cafe.ingredients.Coffee.&lt;init&gt;(Coffee.java:10)
	at uk.ac.sheffield.com1003.cafe.ingredients.Coffee.&lt;init&gt;(Coffee.java:10)
	at uk.ac.sheffield.com1003.cafe.ingredients.Coffee.&lt;init&gt;(Coffee.java:10)
	at uk.ac.sheffield.com1003.cafe.ingredients.Coffee.&lt;init&gt;(Coffee.java:10)
	at uk.ac.sheffield.com1003.cafe.ingredients.Coffee.&lt;init&gt;(Coffee.java:10)
	at uk.ac.sheffield.com1003.cafe.ingredients.Coffee.&lt;init&gt;(Coffee.java:10)
	at uk.ac.sheffield.com1003.cafe.ingredients.Coffee.&lt;init&gt;(Coffee.java:10)
	at uk.ac.sheffield.com1003.cafe.ingredients.Coffee.&lt;init&gt;(Coffee.java:10)
	at uk.ac.sheffield.com1003.cafe.ingredients.Coffee.&lt;init&gt;(Coffee.java:10)
	at uk.ac.sheffield.com1003.cafe.ingredients.Coffee.&lt;init&gt;(Coffee.java:10)
	at uk.ac.sheffield.com1003.cafe.ingredients.Coffee.&lt;init&gt;(Coffee.java:10)
	at uk.ac.sheffield.com1003.cafe.ingredients.Coffee.&lt;init&gt;(Coffee.java:10)
	at uk.ac.sheffield.com1003.cafe.ingredients.Coffee.&lt;init&gt;(Coffee.java:10)
	at uk.ac.sheffield.com1003.cafe.ingredients.Coffee.&lt;init&gt;(Coffee.java:10)
	at uk.ac.sheffield.com1003.cafe.ingredients.Coffee.&lt;init&gt;(Coffee.java:10)
	at uk.ac.sheffield.com1003.cafe.ingredients.Coffee.&lt;init&gt;(Coffee.java:10)
	at uk.ac.sheffield.com1003.cafe.ingredients.Coffee.&lt;init&gt;(Coffee.java:10)
	at uk.ac.sheffield.com1003.cafe.ingredients.Coffee.&lt;init&gt;(Coffee.java:10)
	at uk.ac.sheffield.com1003.cafe.ingredients.Coffee.&lt;init&gt;(Coffee.java:10)
	at uk.ac.sheffield.com1003.cafe.ingredients.Coffee.&lt;init&gt;(Coffee.java:10)
	at uk.ac.sheffield.com1003.cafe.ingredients.Coffee.&lt;init&gt;(Coffee.java:10)
	at uk.ac.sheffield.com1003.cafe.ingredients.Coffee.&lt;init&gt;(Coffee.java:10)
	at uk.ac.sheffield.com1003.cafe.ingredients.Coffee.&lt;init&gt;(Coffee.java:10)
	at uk.ac.sheffield.com1003.cafe.ingredients.Coffee.&lt;init&gt;(Coffee.java:10)
	at uk.ac.sheffield.com1003.cafe.ingredients.Coffee.&lt;init&gt;(Coffee.java:10)
	at uk.ac.sheffield.com1003.cafe.ingredients.Coffee.&lt;init&gt;(Coffee.java:10)
	at uk.ac.sheffield.com1003.cafe.ingredients.Coffee.&lt;init&gt;(Coffee.java:10)
	at uk.ac.sheffield.com1003.cafe.ingredients.Coffee.&lt;init&gt;(Coffee.java:10)
	at uk.ac.sheffield.com1003.cafe.ingredients.Coffee.&lt;init&gt;(Coffee.java:10)
	at uk.ac.sheffield.com1003.cafe.ingredients.Coffee.&lt;init&gt;(Coffee.java:10)
	at uk.ac.sheffield.com1003.cafe.ingredients.Coffee.&lt;init&gt;(Coffee.java:10)
	at uk.ac.sheffield.com1003.cafe.ingredients.Coffee.&lt;init&gt;(Coffee.java:10)
	at uk.ac.sheffield.com1003.cafe.ingredients.Coffee.&lt;init&gt;(Coffee.java:10)
	at uk.ac.sheffield.com1003.cafe.ingredients.Coffee.&lt;init&gt;(Coffee.java:10)
	at uk.ac.sheffield.com1003.cafe.ingredients.Coffee.&lt;init&gt;(Coffee.java:10)
	at uk.ac.sheffield.com1003.cafe.ingredients.Coffee.&lt;init&gt;(Coffee.java:10)
	at uk.ac.sheffield.com1003.cafe.ingredients.Coffee.&lt;init&gt;(Coffee.java:10)
	at uk.ac.sheffield.com1003.cafe.ingredients.Coffee.&lt;init&gt;(Coffee.java:10)
	at uk.ac.sheffield.com1003.cafe.ingredients.Coffee.&lt;init&gt;(Coffee.java:10)
	at uk.ac.sheffield.com1003.cafe.ingredients.Coffee.&lt;init&gt;(Coffee.java:10)
	at uk.ac.sheffield.com1003.cafe.ingredients.Coffee.&lt;init&gt;(Coffee.java:10)
	at uk.ac.sheffield.com1003.cafe.ingredients.Coffee.&lt;init&gt;(Coffee.java:10)
	at uk.ac.sheffield.com1003.cafe.ingredients.Coffee.&lt;init&gt;(Coffee.java:10)
	at uk.ac.sheffield.com1003.cafe.ingredients.Coffee.&lt;init&gt;(Coffee.java:10)
	at uk.ac.sheffield.com1003.cafe.ingredients.Coffee.&lt;init&gt;(Coffee.java:10)
	at uk.ac.sheffield.com1003.cafe.ingredients.Coffee.&lt;init&gt;(Coffee.java:10)
	at uk.ac.sheffield.com1003.cafe.ingredients.Coffee.&lt;init&gt;(Coffee.java:10)
	at uk.ac.sheffield.com1003.cafe.ingredients.Coffee.&lt;init&gt;(Coffee.java:10)
	at uk.ac.sheffield.com1003.cafe.ingredients.Coffee.&lt;init&gt;(Coffee.java:10)
	at uk.ac.sheffield.com1003.cafe.ingredients.Coffee.&lt;init&gt;(Coffee.java:10)
	at uk.ac.sheffield.com1003.cafe.ingredients.Coffee.&lt;init&gt;(Coffee.java:10)
	at uk.ac.sheffield.com1003.cafe.ingredients.Coffee.&lt;init&gt;(Coffee.java:10)
	at uk.ac.sheffield.com1003.cafe.ingredients.Coffee.&lt;init&gt;(Coffee.java:10)
	at uk.ac.sheffield.com1003.cafe.ingredients.Coffee.&lt;init&gt;(Coffee.java:10)
	at uk.ac.sheffield.com1003.cafe.ingredients.Coffee.&lt;init&gt;(Coffee.java:10)
	at uk.ac.sheffield.com1003.cafe.ingredients.Coffee.&lt;init&gt;(Coffee.java:10)
	at uk.ac.sheffield.com1003.cafe.ingredients.Coffee.&lt;init&gt;(Coffee.java:10)
	at uk.ac.sheffield.com1003.cafe.ingredients.Coffee.&lt;init&gt;(Coffee.java:10)
	at uk.ac.sheffield.com1003.cafe.ingredients.Coffee.&lt;init&gt;(Coffee.java:10)
	at uk.ac.sheffield.com1003.cafe.ingredients.Coffee.&lt;init&gt;(Coffee.java:10)
	at uk.ac.sheffield.com1003.cafe.ingredients.Coffee.&lt;init&gt;(Coffee.java:10)
	at uk.ac.sheffield.com1003.cafe.ingredients.Coffee.&lt;init&gt;(Coffee.java:10)
	at uk.ac.sheffield.com1003.cafe.ingredients.Coffee.&lt;init&gt;(Coffee.java:10)
	at uk.ac.sheffield.com1003.cafe.ingredients.Coffee.&lt;init&gt;(Coffee.java:10)
	at uk.ac.sheffield.com1003.cafe.ingredients.Coffee.&lt;init&gt;(Coffee.java:10)
	at uk.ac.sheffield.com1003.cafe.ingredients.Coffee.&lt;init&gt;(Coffee.java:10)
	at uk.ac.sheffield.com1003.cafe.ingredients.Coffee.&lt;init&gt;(Coffee.java:10)
	at uk.ac.sheffield.com1003.cafe.ingredients.Coffee.&lt;init&gt;(Coffee.java:10)
	at uk.ac.sheffield.com1003.cafe.ingredients.Coffee.&lt;init&gt;(Coffee.java:10)
	at uk.ac.sheffield.com1003.cafe.ingredients.Coffee.&lt;init&gt;(Coffee.java:10)
	at uk.ac.sheffield.com1003.cafe.ingredients.Coffee.&lt;init&gt;(Coffee.java:10)
	at uk.ac.sheffield.com1003.cafe.ingredients.Coffee.&lt;init&gt;(Coffee.java:10)
	at uk.ac.sheffield.com1003.cafe.ingredients.Coffee.&lt;init&gt;(Coffee.java:10)
	at uk.ac.sheffield.com1003.cafe.ingredients.Coffee.&lt;init&gt;(Coffee.java:10)
	at uk.ac.sheffield.com1003.cafe.ingredients.Coffee.&lt;init&gt;(Coffee.java:10)
	at uk.ac.sheffield.com1003.cafe.ingredients.Coffee.&lt;init&gt;(Coffee.java:10)
	at uk.ac.sheffield.com1003.cafe.ingredients.Coffee.&lt;init&gt;(Coffee.java:10)
	at uk.ac.sheffield.com1003.cafe.ingredients.Coffee.&lt;init&gt;(Coffee.java:10)
	at uk.ac.sheffield.com1003.cafe.ingredients.Coffee.&lt;init&gt;(Coffee.java:10)
	at uk.ac.sheffield.com1003.cafe.ingredients.Coffee.&lt;init&gt;(Coffee.java:10)
	at uk.ac.sheffield.com1003.cafe.ingredients.Coffee.&lt;init&gt;(Coffee.java:10)
	at uk.ac.sheffield.com1003.cafe.ingredients.Coffee.&lt;init&gt;(Coffee.java:10)
	at uk.ac.sheffield.com1003.cafe.ingredients.Coffee.&lt;init&gt;(Coffee.java:10)
	at uk.ac.sheffield.com1003.cafe.ingredients.Coffee.&lt;init&gt;(Coffee.java:10)
	at uk.ac.sheffield.com1003.cafe.ingredients.Coffee.&lt;init&gt;(Coffee.java:10)
	at uk.ac.sheffield.com1003.cafe.ingredients.Coffee.&lt;init&gt;(Coffee.java:10)
	at uk.ac.sheffield.com1003.cafe.ingredients.Coffee.&lt;init&gt;(Coffee.java:10)
	at uk.ac.sheffield.com1003.cafe.ingredients.Coffee.&lt;init&gt;(Coffee.java:10)
	at uk.ac.sheffield.com1003.cafe.ingredients.Coffee.&lt;init&gt;(Coffee.java:10)
	at uk.ac.sheffield.com1003.cafe.ingredients.Coffee.&lt;init&gt;(Coffee.java:10)
	at uk.ac.sheffield.com1003.cafe.ingredients.Coffee.&lt;init&gt;(Coffee.java:10)
	at uk.ac.sheffield.com1003.cafe.ingredients.Coffee.&lt;init&gt;(Coffee.java:10)
	at uk.ac.sheffield.com1003.cafe.ingredients.Coffee.&lt;init&gt;(Coffee.java:10)
	at uk.ac.sheffield.com1003.cafe.ingredients.Coffee.&lt;init&gt;(Coffee.java:10)
	at uk.ac.sheffield.com1003.cafe.ingredients.Coffee.&lt;init&gt;(Coffee.java:10)
	at uk.ac.sheffield.com1003.cafe.ingredients.Coffee.&lt;init&gt;(Coffee.java:10)
	at uk.ac.sheffield.com1003.cafe.ingredients.Coffee.&lt;init&gt;(Coffee.java:10)
	at uk.ac.sheffield.com1003.cafe.ingredients.Coffee.&lt;init&gt;(Coffee.java:10)
	at uk.ac.sheffield.com1003.cafe.ingredients.Coffee.&lt;init&gt;(Coffee.java:10)
	at uk.ac.sheffield.com1003.cafe.ingredients.Coffee.&lt;init&gt;(Coffee.java:10)
	at uk.ac.sheffield.com1003.cafe.ingredients.Coffee.&lt;init&gt;(Coffee.java:10)
	at uk.ac.sheffield.com1003.cafe.ingredients.Coffee.&lt;init&gt;(Coffee.java:10)
	at uk.ac.sheffield.com1003.cafe.ingredients.Coffee.&lt;init&gt;(Coffee.java:10)
	at uk.ac.sheffield.com1003.cafe.ingredients.Coffee.&lt;init&gt;(Coffee.java:10)
	at uk.ac.sheffield.com1003.cafe.ingredients.Coffee.&lt;init&gt;(Coffee.java:10)
	at uk.ac.sheffield.com1003.cafe.ingredients.Coffee.&lt;init&gt;(Coffee.java:10)
	at uk.ac.sheffield.com1003.cafe.ingredients.Coffee.&lt;init&gt;(Coffee.java:10)
	at uk.ac.sheffield.com1003.cafe.ingredients.Coffee.&lt;init&gt;(Coffee.java:10)
	at uk.ac.sheffield.com1003.cafe.ingredients.Coffee.&lt;init&gt;(Coffee.java:10)
	at uk.ac.sheffield.com1003.cafe.ingredients.Coffee.&lt;init&gt;(Coffee.java:10)
	at uk.ac.sheffield.com1003.cafe.ingredients.Coffee.&lt;init&gt;(Coffee.java:10)
	at uk.ac.sheffield.com1003.cafe.ingredients.Coffee.&lt;init&gt;(Coffee.java:10)
	at uk.ac.sheffield.com1003.cafe.ingredients.Coffee.&lt;init&gt;(Coffee.java:10)
	at uk.ac.sheffield.com1003.cafe.ingredients.Coffee.&lt;init&gt;(Coffee.java:10)
	at uk.ac.sheffield.com1003.cafe.ingredients.Coffee.&lt;init&gt;(Coffee.java:10)
	at uk.ac.sheffield.com1003.cafe.ingredients.Coffee.&lt;init&gt;(Coffee.java:10)
	at uk.ac.sheffield.com1003.cafe.ingredients.Coffee.&lt;init&gt;(Coffee.java:10)
	at uk.ac.sheffield.com1003.cafe.ingredients.Coffee.&lt;init&gt;(Coffee.java:10)
	at uk.ac.sheffield.com1003.cafe.ingredients.Coffee.&lt;init&gt;(Coffee.java:10)
	at uk.ac.sheffield.com1003.cafe.ingredients.Coffee.&lt;init&gt;(Coffee.java:10)
	at uk.ac.sheffield.com1003.cafe.ingredients.Coffee.&lt;init&gt;(Coffee.java:10)
	at uk.ac.sheffield.com1003.cafe.ingredients.Coffee.&lt;init&gt;(Coffee.java:10)
	at uk.ac.sheffield.com1003.cafe.ingredients.Coffee.&lt;init&gt;(Coffee.java:10)
	at uk.ac.sheffield.com1003.cafe.ingredients.Coffee.&lt;init&gt;(Coffee.java:10)
	at uk.ac.sheffield.com1003.cafe.ingredients.Coffee.&lt;init&gt;(Coffee.java:10)
	at uk.ac.sheffield.com1003.cafe.ingredients.Coffee.&lt;init&gt;(Coffee.java:10)
	at uk.ac.sheffield.com1003.cafe.ingredients.Coffee.&lt;init&gt;(Coffee.java:10)
	at uk.ac.sheffield.com1003.cafe.ingredients.Coffee.&lt;init&gt;(Coffee.java:10)
	at uk.ac.sheffield.com1003.cafe.ingredients.Coffee.&lt;init&gt;(Coffee.java:10)
	at uk.ac.sheffield.com1003.cafe.ingredients.Coffee.&lt;init&gt;(Coffee.java:10)
	at uk.ac.sheffield.com1003.cafe.ingredients.Coffee.&lt;init&gt;(Coffee.java:10)
	at uk.ac.sheffield.com1003.cafe.ingredients.Coffee.&lt;init&gt;(Coffee.java:10)
	at uk.ac.sheffield.com1003.cafe.ingredients.Coffee.&lt;init&gt;(Coffee.java:10)
	at uk.ac.sheffield.com1003.cafe.ingredients.Coffee.&lt;init&gt;(Coffee.java:10)
	at uk.ac.sheffield.com1003.cafe.ingredients.Coffee.&lt;init&gt;(Coffee.java:10)
	at uk.ac.sheffield.com1003.cafe.ingredients.Coffee.&lt;init&gt;(Coffee.java:10)
	at uk.ac.sheffield.com1003.cafe.ingredients.Coffee.&lt;init&gt;(Coffee.java:10)
	at uk.ac.sheffield.com1003.cafe.ingredients.Coffee.&lt;init&gt;(Coffee.java:10)
	at uk.ac.sheffield.com1003.cafe.ingredients.Coffee.&lt;init&gt;(Coffee.java:10)
	at uk.ac.sheffield.com1003.cafe.ingredients.Coffee.&lt;init&gt;(Coffee.java:10)
	at uk.ac.sheffield.com1003.cafe.ingredients.Coffee.&lt;init&gt;(Coffee.java:10)
	at uk.ac.sheffield.com1003.cafe.ingredients.Coffee.&lt;init&gt;(Coffee.java:10)
	at uk.ac.sheffield.com1003.cafe.ingredients.Coffee.&lt;init&gt;(Coffee.java:10)
	at uk.ac.sheffield.com1003.cafe.ingredients.Coffee.&lt;init&gt;(Coffee.java:10)
	at uk.ac.sheffield.com1003.cafe.ingredients.Coffee.&lt;init&gt;(Coffee.java:10)
	at uk.ac.sheffield.com1003.cafe.ingredients.Coffee.&lt;init&gt;(Coffee.java:10)
	at uk.ac.sheffield.com1003.cafe.ingredients.Coffee.&lt;init&gt;(Coffee.java:10)
	at uk.ac.sheffield.com1003.cafe.ingredients.Coffee.&lt;init&gt;(Coffee.java:10)
	at uk.ac.sheffield.com1003.cafe.ingredients.Coffee.&lt;init&gt;(Coffee.java:10)
	at uk.ac.sheffield.com1003.cafe.ingredients.Coffee.&lt;init&gt;(Coffee.java:10)
	at uk.ac.sheffield.com1003.cafe.ingredients.Coffee.&lt;init&gt;(Coffee.java:10)
	at uk.ac.sheffield.com1003.cafe.ingredients.Coffee.&lt;init&gt;(Coffee.java:10)
	at uk.ac.sheffield.com1003.cafe.ingredients.Coffee.&lt;init&gt;(Coffee.java:10)
	at uk.ac.sheffield.com1003.cafe.ingredients.Coffee.&lt;init&gt;(Coffee.java:10)
	at uk.ac.sheffield.com1003.cafe.ingredients.Coffee.&lt;init&gt;(Coffee.java:10)
	at uk.ac.sheffield.com1003.cafe.ingredients.Coffee.&lt;init&gt;(Coffee.java:10)
	at uk.ac.sheffield.com1003.cafe.ingredients.Coffee.&lt;init&gt;(Coffee.java:10)
	at uk.ac.sheffield.com1003.cafe.ingredients.Coffee.&lt;init&gt;(Coffee.java:10)
	at uk.ac.sheffield.com1003.cafe.ingredients.Coffee.&lt;init&gt;(Coffee.java:10)
	at uk.ac.sheffield.com1003.cafe.ingredients.Coffee.&lt;init&gt;(Coffee.java:10)
	at uk.ac.sheffield.com1003.cafe.ingredients.Coffee.&lt;init&gt;(Coffee.java:10)
	at uk.ac.sheffield.com1003.cafe.ingredients.Coffee.&lt;init&gt;(Coffee.java:10)
	at uk.ac.sheffield.com1003.cafe.ingredients.Coffee.&lt;init&gt;(Coffee.java:10)
	at uk.ac.sheffield.com1003.cafe.ingredients.Coffee.&lt;init&gt;(Coffee.java:10)
	at uk.ac.sheffield.com1003.cafe.ingredients.Coffee.&lt;init&gt;(Coffee.java:10)
	at uk.ac.sheffield.com1003.cafe.ingredients.Coffee.&lt;init&gt;(Coffee.java:10)
	at uk.ac.sheffield.com1003.cafe.ingredients.Coffee.&lt;init&gt;(Coffee.java:10)
	at uk.ac.sheffield.com1003.cafe.ingredients.Coffee.&lt;init&gt;(Coffee.java:10)
	at uk.ac.sheffield.com1003.cafe.ingredients.Coffee.&lt;init&gt;(Coffee.java:10)
	at uk.ac.sheffield.com1003.cafe.ingredients.Coffee.&lt;init&gt;(Coffee.java:10)
	at uk.ac.sheffield.com1003.cafe.ingredients.Coffee.&lt;init&gt;(Coffee.java:10)
	at uk.ac.sheffield.com1003.cafe.ingredients.Coffee.&lt;init&gt;(Coffee.java:10)
	at uk.ac.sheffield.com1003.cafe.ingredients.Coffee.&lt;init&gt;(Coffee.java:10)
	at uk.ac.sheffield.com1003.cafe.ingredients.Coffee.&lt;init&gt;(Coffee.java:10)
	at uk.ac.sheffield.com1003.cafe.ingredients.Coffee.&lt;init&gt;(Coffee.java:10)
	at uk.ac.sheffield.com1003.cafe.ingredients.Coffee.&lt;init&gt;(Coffee.java:10)
	at uk.ac.sheffield.com1003.cafe.ingredients.Coffee.&lt;init&gt;(Coffee.java:10)
	at uk.ac.sheffield.com1003.cafe.ingredients.Coffee.&lt;init&gt;(Coffee.java:10)
	at uk.ac.sheffield.com1003.cafe.ingredients.Coffee.&lt;init&gt;(Coffee.java:10)
	at uk.ac.sheffield.com1003.cafe.ingredients.Coffee.&lt;init&gt;(Coffee.java:10)
	at uk.ac.sheffield.com1003.cafe.ingredients.Coffee.&lt;init&gt;(Coffee.java:10)
	at uk.ac.sheffield.com1003.cafe.ingredients.Coffee.&lt;init&gt;(Coffee.java:10)
	at uk.ac.sheffield.com1003.cafe.ingredients.Coffee.&lt;init&gt;(Coffee.java:10)
	at uk.ac.sheffield.com1003.cafe.ingredients.Coffee.&lt;init&gt;(Coffee.java:10)
	at uk.ac.sheffield.com1003.cafe.ingredients.Coffee.&lt;init&gt;(Coffee.java:10)
	at uk.ac.sheffield.com1003.cafe.ingredients.Coffee.&lt;init&gt;(Coffee.java:10)
	at uk.ac.sheffield.com1003.cafe.ingredients.Coffee.&lt;init&gt;(Coffee.java:10)
	at uk.ac.sheffield.com1003.cafe.ingredients.Coffee.&lt;init&gt;(Coffee.java:10)
	at uk.ac.sheffield.com1003.cafe.ingredients.Coffee.&lt;init&gt;(Coffee.java:10)
	at uk.ac.sheffield.com1003.cafe.ingredients.Coffee.&lt;init&gt;(Coffee.java:10)
	at uk.ac.sheffield.com1003.cafe.ingredients.Coffee.&lt;init&gt;(Coffee.java:10)
	at uk.ac.sheffield.com1003.cafe.ingredients.Coffee.&lt;init&gt;(Coffee.java:10)
	at uk.ac.sheffield.com1003.cafe.ingredients.Coffee.&lt;init&gt;(Coffee.java:10)
	at uk.ac.sheffield.com1003.cafe.ingredients.Coffee.&lt;init&gt;(Coffee.java:10)
	at uk.ac.sheffield.com1003.cafe.ingredients.Coffee.&lt;init&gt;(Coffee.java:10)
	at uk.ac.sheffield.com1003.cafe.ingredients.Coffee.&lt;init&gt;(Coffee.java:10)
	at uk.ac.sheffield.com1003.cafe.ingredients.Coffee.&lt;init&gt;(Coffee.java:10)
	at uk.ac.sheffield.com1003.cafe.ingredients.Coffee.&lt;init&gt;(Coffee.java:10)
	at uk.ac.sheffield.com1003.cafe.ingredients.Coffee.&lt;init&gt;(Coffee.java:10)
	at uk.ac.sheffield.com1003.cafe.ingredients.Coffee.&lt;init&gt;(Coffee.java:10)
	at uk.ac.sheffield.com1003.cafe.ingredients.Coffee.&lt;init&gt;(Coffee.java:10)
	at uk.ac.sheffield.com1003.cafe.ingredients.Coffee.&lt;init&gt;(Coffee.java:10)
	at uk.ac.sheffield.com1003.cafe.ingredients.Coffee.&lt;init&gt;(Coffee.java:10)
	at uk.ac.sheffield.com1003.cafe.ingredients.Coffee.&lt;init&gt;(Coffee.java:10)
	at uk.ac.sheffield.com1003.cafe.ingredients.Coffee.&lt;init&gt;(Coffee.java:10)
	at uk.ac.sheffield.com1003.cafe.ingredients.Coffee.&lt;init&gt;(Coffee.java:10)
	at uk.ac.sheffield.com1003.cafe.ingredients.Coffee.&lt;init&gt;(Coffee.java:10)
	at uk.ac.sheffield.com1003.cafe.ingredients.Coffee.&lt;init&gt;(Coffee.java:10)
	at uk.ac.sheffield.com1003.cafe.ingredients.Coffee.&lt;init&gt;(Coffee.java:10)
	at uk.ac.sheffield.com1003.cafe.ingredients.Coffee.&lt;init&gt;(Coffee.java:10)
	at uk.ac.sheffield.com1003.cafe.ingredients.Coffee.&lt;init&gt;(Coffee.java:10)
	at uk.ac.sheffield.com1003.cafe.ingredients.Coffee.&lt;init&gt;(Coffee.java:10)
	at uk.ac.sheffield.com1003.cafe.ingredients.Coffee.&lt;init&gt;(Coffee.java:10)
	at uk.ac.sheffield.com1003.cafe.ingredients.Coffee.&lt;init&gt;(Coffee.java:10)
	at uk.ac.sheffield.com1003.cafe.ingredients.Coffee.&lt;init&gt;(Coffee.java:10)
	at uk.ac.sheffield.com1003.cafe.ingredients.Coffee.&lt;init&gt;(Coffee.java:10)
	at uk.ac.sheffield.com1003.cafe.ingredients.Coffee.&lt;init&gt;(Coffee.java:10)
	at uk.ac.sheffield.com1003.cafe.ingredients.Coffee.&lt;init&gt;(Coffee.java:10)
	at uk.ac.sheffield.com1003.cafe.ingredients.Coffee.&lt;init&gt;(Coffee.java:10)
	at uk.ac.sheffield.com1003.cafe.ingredients.Coffee.&lt;init&gt;(Coffee.java:10)
	at uk.ac.sheffield.com1003.cafe.ingredients.Coffee.&lt;init&gt;(Coffee.java:10)
	at uk.ac.sheffield.com1003.cafe.ingredients.Coffee.&lt;init&gt;(Coffee.java:10)
	at uk.ac.sheffield.com1003.cafe.ingredients.Coffee.&lt;init&gt;(Coffee.java:10)
	at uk.ac.sheffield.com1003.cafe.ingredients.Coffee.&lt;init&gt;(Coffee.java:10)
	at uk.ac.sheffield.com1003.cafe.ingredients.Coffee.&lt;init&gt;(Coffee.java:10)
	at uk.ac.sheffield.com1003.cafe.ingredients.Coffee.&lt;init&gt;(Coffee.java:10)
	at uk.ac.sheffield.com1003.cafe.ingredients.Coffee.&lt;init&gt;(Coffee.java:10)
	at uk.ac.sheffield.com1003.cafe.ingredients.Coffee.&lt;init&gt;(Coffee.java:10)
	at uk.ac.sheffield.com1003.cafe.ingredients.Coffee.&lt;init&gt;(Coffee.java:10)
	at uk.ac.sheffield.com1003.cafe.ingredients.Coffee.&lt;init&gt;(Coffee.java:10)
	at uk.ac.sheffield.com1003.cafe.ingredients.Coffee.&lt;init&gt;(Coffee.java:10)
	at uk.ac.sheffield.com1003.cafe.ingredients.Coffee.&lt;init&gt;(Coffee.java:10)
	at uk.ac.sheffield.com1003.cafe.ingredients.Coffee.&lt;init&gt;(Coffee.java:10)
	at uk.ac.sheffield.com1003.cafe.ingredients.Coffee.&lt;init&gt;(Coffee.java:10)
	at uk.ac.sheffield.com1003.cafe.ingredients.Coffee.&lt;init&gt;(Coffee.java:10)
	at uk.ac.sheffield.com1003.cafe.ingredients.Coffee.&lt;init&gt;(Coffee.java:10)
	at uk.ac.sheffield.com1003.cafe.ingredients.Coffee.&lt;init&gt;(Coffee.java:10)
	at uk.ac.sheffield.com1003.cafe.ingredients.Coffee.&lt;init&gt;(Coffee.java:10)
	at uk.ac.sheffield.com1003.cafe.ingredients.Coffee.&lt;init&gt;(Coffee.java:10)
	at uk.ac.sheffield.com1003.cafe.ingredients.Coffee.&lt;init&gt;(Coffee.java:10)
	at uk.ac.sheffield.com1003.cafe.ingredients.Coffee.&lt;init&gt;(Coffee.java:10)
	at uk.ac.sheffield.com1003.cafe.ingredients.Coffee.&lt;init&gt;(Coffee.java:10)
	at uk.ac.sheffield.com1003.cafe.ingredients.Coffee.&lt;init&gt;(Coffee.java:10)
	at uk.ac.sheffield.com1003.cafe.ingredients.Coffee.&lt;init&gt;(Coffee.java:10)
	at uk.ac.sheffield.com1003.cafe.ingredients.Coffee.&lt;init&gt;(Coffee.java:10)
	at uk.ac.sheffield.com1003.cafe.ingredients.Coffee.&lt;init&gt;(Coffee.java:10)
	at uk.ac.sheffield.com1003.cafe.ingredients.Coffee.&lt;init&gt;(Coffee.java:10)
	at uk.ac.sheffield.com1003.cafe.ingredients.Coffee.&lt;init&gt;(Coffee.java:10)
	at uk.ac.sheffield.com1003.cafe.ingredients.Coffee.&lt;init&gt;(Coffee.java:10)
	at uk.ac.sheffield.com1003.cafe.ingredients.Coffee.&lt;init&gt;(Coffee.java:10)
	at uk.ac.sheffield.com1003.cafe.ingredients.Coffee.&lt;init&gt;(Coffee.java:10)
	at uk.ac.sheffield.com1003.cafe.ingredients.Coffee.&lt;init&gt;(Coffee.java:10)
	at uk.ac.sheffield.com1003.cafe.ingredients.Coffee.&lt;init&gt;(Coffee.java:10)
	at uk.ac.sheffield.com1003.cafe.ingredients.Coffee.&lt;init&gt;(Coffee.java:10)
	at uk.ac.sheffield.com1003.cafe.ingredients.Coffee.&lt;init&gt;(Coffee.java:10)
	at uk.ac.sheffield.com1003.cafe.ingredients.Coffee.&lt;init&gt;(Coffee.java:10)
	at uk.ac.sheffield.com1003.cafe.ingredients.Coffee.&lt;init&gt;(Coffee.java:10)
	at uk.ac.sheffield.com1003.cafe.ingredients.Coffee.&lt;init&gt;(Coffee.java:10)
	at uk.ac.sheffield.com1003.cafe.ingredients.Coffee.&lt;init&gt;(Coffee.java:10)
	at uk.ac.sheffield.com1003.cafe.ingredients.Coffee.&lt;init&gt;(Coffee.java:10)
	at uk.ac.sheffield.com1003.cafe.ingredients.Coffee.&lt;init&gt;(Coffee.java:10)
	at uk.ac.sheffield.com1003.cafe.ingredients.Coffee.&lt;init&gt;(Coffee.java:10)
	at uk.ac.sheffield.com1003.cafe.ingredients.Coffee.&lt;init&gt;(Coffee.java:10)
	at uk.ac.sheffield.com1003.cafe.ingredients.Coffee.&lt;init&gt;(Coffee.java:10)
	at uk.ac.sheffield.com1003.cafe.ingredients.Coffee.&lt;init&gt;(Coffee.java:10)
	at uk.ac.sheffield.com1003.cafe.ingredients.Coffee.&lt;init&gt;(Coffee.java:10)
	at uk.ac.sheffield.com1003.cafe.ingredients.Coffee.&lt;init&gt;(Coffee.java:10)
	at uk.ac.sheffield.com1003.cafe.ingredients.Coffee.&lt;init&gt;(Coffee.java:10)
	at uk.ac.sheffield.com1003.cafe.ingredients.Coffee.&lt;init&gt;(Coffee.java:10)
	at uk.ac.sheffield.com1003.cafe.ingredients.Coffee.&lt;init&gt;(Coffee.java:10)
	at uk.ac.sheffield.com1003.cafe.ingredients.Coffee.&lt;init&gt;(Coffee.java:10)
	at uk.ac.sheffield.com1003.cafe.ingredients.Coffee.&lt;init&gt;(Coffee.java:10)
	at uk.ac.sheffield.com1003.cafe.ingredients.Coffee.&lt;init&gt;(Coffee.java:10)
	at uk.ac.sheffield.com1003.cafe.ingredients.Coffee.&lt;init&gt;(Coffee.java:10)
	at uk.ac.sheffield.com1003.cafe.ingredients.Coffee.&lt;init&gt;(Coffee.java:10)
	at uk.ac.sheffield.com1003.cafe.ingredients.Coffee.&lt;init&gt;(Coffee.java:10)
	at uk.ac.sheffield.com1003.cafe.ingredients.Coffee.&lt;init&gt;(Coffee.java:10)
	at uk.ac.sheffield.com1003.cafe.ingredients.Coffee.&lt;init&gt;(Coffee.java:10)
	at uk.ac.sheffield.com1003.cafe.ingredients.Coffee.&lt;init&gt;(Coffee.java:10)
	at uk.ac.sheffield.com1003.cafe.ingredients.Coffee.&lt;init&gt;(Coffee.java:10)
	at uk.ac.sheffield.com1003.cafe.ingredients.Coffee.&lt;init&gt;(Coffee.java:10)
	at uk.ac.sheffield.com1003.cafe.ingredients.Coffee.&lt;init&gt;(Coffee.java:10)
	at uk.ac.sheffield.com1003.cafe.ingredients.Coffee.&lt;init&gt;(Coffee.java:10)
	at uk.ac.sheffield.com1003.cafe.ingredients.Coffee.&lt;init&gt;(Coffee.java:10)
	at uk.ac.sheffield.com1003.cafe.ingredients.Coffee.&lt;init&gt;(Coffee.java:10)
	at uk.ac.sheffield.com1003.cafe.ingredients.Coffee.&lt;init&gt;(Coffee.java:10)
	at uk.ac.sheffield.com1003.cafe.ingredients.Coffee.&lt;init&gt;(Coffee.java:10)
	at uk.ac.sheffield.com1003.cafe.ingredients.Coffee.&lt;init&gt;(Coffee.java:10)
	at uk.ac.sheffield.com1003.cafe.ingredients.Coffee.&lt;init&gt;(Coffee.java:10)
	at uk.ac.sheffield.com1003.cafe.ingredients.Coffee.&lt;init&gt;(Coffee.java:10)
	at uk.ac.sheffield.com1003.cafe.ingredients.Coffee.&lt;init&gt;(Coffee.java:10)
	at uk.ac.sheffield.com1003.cafe.ingredients.Coffee.&lt;init&gt;(Coffee.java:10)
	at uk.ac.sheffield.com1003.cafe.ingredients.Coffee.&lt;init&gt;(Coffee.java:10)
	at uk.ac.sheffield.com1003.cafe.ingredients.Coffee.&lt;init&gt;(Coffee.java:10)
	at uk.ac.sheffield.com1003.cafe.ingredients.Coffee.&lt;init&gt;(Coffee.java:10)
	at uk.ac.sheffield.com1003.cafe.ingredients.Coffee.&lt;init&gt;(Coffee.java:10)
	at uk.ac.sheffield.com1003.cafe.ingredients.Coffee.&lt;init&gt;(Coffee.java:10)
	at uk.ac.sheffield.com1003.cafe.ingredients.Coffee.&lt;init&gt;(Coffee.java:10)
	at uk.ac.sheffield.com1003.cafe.ingredients.Coffee.&lt;init&gt;(Coffee.java:10)
	at uk.ac.sheffield.com1003.cafe.ingredients.Coffee.&lt;init&gt;(Coffee.java:10)
	at uk.ac.sheffield.com1003.cafe.ingredients.Coffee.&lt;init&gt;(Coffee.java:10)
	at uk.ac.sheffield.com1003.cafe.ingredients.Coffee.&lt;init&gt;(Coffee.java:10)
	at uk.ac.sheffield.com1003.cafe.ingredients.Coffee.&lt;init&gt;(Coffee.java:10)
	at uk.ac.sheffield.com1003.cafe.ingredients.Coffee.&lt;init&gt;(Coffee.java:10)
	at uk.ac.sheffield.com1003.cafe.ingredients.Coffee.&lt;init&gt;(Coffee.java:10)
	at uk.ac.sheffield.com1003.cafe.ingredients.Coffee.&lt;init&gt;(Coffee.java:10)
	at uk.ac.sheffield.com1003.cafe.ingredients.Coffee.&lt;init&gt;(Coffee.java:10)
	at uk.ac.sheffield.com1003.cafe.ingredients.Coffee.&lt;init&gt;(Coffee.java:10)
	at uk.ac.sheffield.com1003.cafe.ingredients.Coffee.&lt;init&gt;(Coffee.java:10)
	at uk.ac.sheffield.com1003.cafe.ingredients.Coffee.&lt;init&gt;(Coffee.java:10)
	at uk.ac.sheffield.com1003.cafe.ingredients.Coffee.&lt;init&gt;(Coffee.java:10)
	at uk.ac.sheffield.com1003.cafe.ingredients.Coffee.&lt;init&gt;(Coffee.java:10)
	at uk.ac.sheffield.com1003.cafe.ingredients.Coffee.&lt;init&gt;(Coffee.java:10)
	at uk.ac.sheffield.com1003.cafe.ingredients.Coffee.&lt;init&gt;(Coffee.java:10)
	at uk.ac.sheffield.com1003.cafe.ingredients.Coffee.&lt;init&gt;(Coffee.java:10)
	at uk.ac.sheffield.com1003.cafe.ingredients.Coffee.&lt;init&gt;(Coffee.java:10)
	at uk.ac.sheffield.com1003.cafe.ingredients.Coffee.&lt;init&gt;(Coffee.java:10)
	at uk.ac.sheffield.com1003.cafe.ingredients.Coffee.&lt;init&gt;(Coffee.java:10)
	at uk.ac.sheffield.com1003.cafe.ingredients.Coffee.&lt;init&gt;(Coffee.java:10)
	at uk.ac.sheffield.com1003.cafe.ingredients.Coffee.&lt;init&gt;(Coffee.java:10)
	at uk.ac.sheffield.com1003.cafe.ingredients.Coffee.&lt;init&gt;(Coffee.java:10)
	at uk.ac.sheffield.com1003.cafe.ingredients.Coffee.&lt;init&gt;(Coffee.java:10)
	at uk.ac.sheffield.com1003.cafe.ingredients.Coffee.&lt;init&gt;(Coffee.java:10)
	at uk.ac.sheffield.com1003.cafe.ingredients.Coffee.&lt;init&gt;(Coffee.java:10)
	at uk.ac.sheffield.com1003.cafe.ingredients.Coffee.&lt;init&gt;(Coffee.java:10)
	at uk.ac.sheffield.com1003.cafe.ingredients.Coffee.&lt;init&gt;(Coffee.java:10)
	at uk.ac.sheffield.com1003.cafe.ingredients.Coffee.&lt;init&gt;(Coffee.java:10)
	at uk.ac.sheffield.com1003.cafe.ingredients.Coffee.&lt;init&gt;(Coffee.java:10)
	at uk.ac.sheffield.com1003.cafe.ingredients.Coffee.&lt;init&gt;(Coffee.java:10)
	at uk.ac.sheffield.com1003.cafe.ingredients.Coffee.&lt;init&gt;(Coffee.java:10)
	at uk.ac.sheffield.com1003.cafe.ingredients.Coffee.&lt;init&gt;(Coffee.java:10)
	at uk.ac.sheffield.com1003.cafe.ingredients.Coffee.&lt;init&gt;(Coffee.java:10)
	at uk.ac.sheffield.com1003.cafe.ingredients.Coffee.&lt;init&gt;(Coffee.java:10)
	at uk.ac.sheffield.com1003.cafe.ingredients.Coffee.&lt;init&gt;(Coffee.java:10)
	at uk.ac.sheffield.com1003.cafe.ingredients.Coffee.&lt;init&gt;(Coffee.java:10)
	at uk.ac.sheffield.com1003.cafe.ingredients.Coffee.&lt;init&gt;(Coffee.java:10)
	at uk.ac.sheffield.com1003.cafe.ingredients.Coffee.&lt;init&gt;(Coffee.java:10)
	at uk.ac.sheffield.com1003.cafe.ingredients.Coffee.&lt;init&gt;(Coffee.java:10)
	at uk.ac.sheffield.com1003.cafe.ingredients.Coffee.&lt;init&gt;(Coffee.java:10)
	at uk.ac.sheffield.com1003.cafe.ingredients.Coffee.&lt;init&gt;(Coffee.java:10)
	at uk.ac.sheffield.com1003.cafe.ingredients.Coffee.&lt;init&gt;(Coffee.java:10)
	at uk.ac.sheffield.com1003.cafe.ingredients.Coffee.&lt;init&gt;(Coffee.java:10)
	at uk.ac.sheffield.com1003.cafe.ingredients.Coffee.&lt;init&gt;(Coffee.java:10)
	at uk.ac.sheffield.com1003.cafe.ingredients.Coffee.&lt;init&gt;(Coffee.java:10)
	at uk.ac.sheffield.com1003.cafe.ingredients.Coffee.&lt;init&gt;(Coffee.java:10)
	at uk.ac.sheffield.com1003.cafe.ingredients.Coffee.&lt;init&gt;(Coffee.java:10)
	at uk.ac.sheffield.com1003.cafe.ingredients.Coffee.&lt;init&gt;(Coffee.java:10)
	at uk.ac.sheffield.com1003.cafe.ingredients.Coffee.&lt;init&gt;(Coffee.java:10)
	at uk.ac.sheffield.com1003.cafe.ingredients.Coffee.&lt;init&gt;(Coffee.java:10)
	at uk.ac.sheffield.com1003.cafe.ingredients.Coffee.&lt;init&gt;(Coffee.java:10)
	at uk.ac.sheffield.com1003.cafe.ingredients.Coffee.&lt;init&gt;(Coffee.java:10)
	at uk.ac.sheffield.com1003.cafe.ingredients.Coffee.&lt;init&gt;(Coffee.java:10)
	at uk.ac.sheffield.com1003.cafe.ingredients.Coffee.&lt;init&gt;(Coffee.java:10)
	at uk.ac.sheffield.com1003.cafe.ingredients.Coffee.&lt;init&gt;(Coffee.java:10)
	at uk.ac.sheffield.com1003.cafe.ingredients.Coffee.&lt;init&gt;(Coffee.java:10)
	at uk.ac.sheffield.com1003.cafe.ingredients.Coffee.&lt;init&gt;(Coffee.java:10)
	at uk.ac.sheffield.com1003.cafe.ingredients.Coffee.&lt;init&gt;(Coffee.java:10)
	at uk.ac.sheffield.com1003.cafe.ingredients.Coffee.&lt;init&gt;(Coffee.java:10)
	at uk.ac.sheffield.com1003.cafe.ingredients.Coffee.&lt;init&gt;(Coffee.java:10)
	at uk.ac.sheffield.com1003.cafe.ingredients.Coffee.&lt;init&gt;(Coffee.java:10)
	at uk.ac.sheffield.com1003.cafe.ingredients.Coffee.&lt;init&gt;(Coffee.java:10)
	at uk.ac.sheffield.com1003.cafe.ingredients.Coffee.&lt;init&gt;(Coffee.java:10)
	at uk.ac.sheffield.com1003.cafe.ingredients.Coffee.&lt;init&gt;(Coffee.java:10)
	at uk.ac.sheffield.com1003.cafe.ingredients.Coffee.&lt;init&gt;(Coffee.java:10)
	at uk.ac.sheffield.com1003.cafe.ingredients.Coffee.&lt;init&gt;(Coffee.java:10)
	at uk.ac.sheffield.com1003.cafe.ingredients.Coffee.&lt;init&gt;(Coffee.java:10)
	at uk.ac.sheffield.com1003.cafe.ingredients.Coffee.&lt;init&gt;(Coffee.java:10)
	at uk.ac.sheffield.com1003.cafe.ingredients.Coffee.&lt;init&gt;(Coffee.java:10)
	at uk.ac.sheffield.com1003.cafe.ingredients.Coffee.&lt;init&gt;(Coffee.java:10)
	at uk.ac.sheffield.com1003.cafe.ingredients.Coffee.&lt;init&gt;(Coffee.java:10)
	at uk.ac.sheffield.com1003.cafe.ingredients.Coffee.&lt;init&gt;(Coffee.java:10)
	at uk.ac.sheffield.com1003.cafe.ingredients.Coffee.&lt;init&gt;(Coffee.java:10)
	at uk.ac.sheffield.com1003.cafe.ingredients.Coffee.&lt;init&gt;(Coffee.java:10)
</failure>
  </testcase>
  <system-out><![CDATA[]]></system-out>
  <system-err><![CDATA[]]></system-err>
</testsuite>
