<?xml version="1.0" encoding="UTF-8"?>
<testsuite name="uk.ac.sheffield.com1003.cafe.TestRemoveAllRecipes" tests="1" skipped="0" failures="1" errors="0" timestamp="2024-03-18T23:14:04" hostname="Ruizhens-MacBook-Pro.local" time="0.003">
  <properties/>
  <testcase name="testRemoveAllRecipes" classname="uk.ac.sheffield.com1003.cafe.TestRemoveAllRecipes" time="0.003">
    <failure message="java.lang.StackOverflowError" type="java.lang.StackOverflowError">java.lang.StackOverflowError
	at uk.ac.sheffield.com1003.cafe.Cafe.removeRecipe(Cafe.java:93)
	at uk.ac.sheffield.com1003.cafe.Cafe.removeRecipe(Cafe.java:93)
	at uk.ac.sheffield.com1003.cafe.Cafe.removeRecipe(Cafe.java:93)
	at uk.ac.sheffield.com1003.cafe.Cafe.removeRecipe(Cafe.java:93)
	at uk.ac.sheffield.com1003.cafe.Cafe.removeRecipe(Cafe.java:93)
	at uk.ac.sheffield.com1003.cafe.Cafe.removeRecipe(Cafe.java:93)
	at uk.ac.sheffield.com1003.cafe.Cafe.removeRecipe(Cafe.java:93)
	at uk.ac.sheffield.com1003.cafe.Cafe.removeRecipe(Cafe.java:93)
	at uk.ac.sheffield.com1003.cafe.Cafe.removeRecipe(Cafe.java:93)
	at uk.ac.sheffield.com1003.cafe.Cafe.removeRecipe(Cafe.java:93)
	at uk.ac.sheffield.com1003.cafe.Cafe.removeRecipe(Cafe.java:93)
	at uk.ac.sheffield.com1003.cafe.Cafe.removeRecipe(Cafe.java:93)
	at uk.ac.sheffield.com1003.cafe.Cafe.removeRecipe(Cafe.java:93)
	at uk.ac.sheffield.com1003.cafe.Cafe.removeRecipe(Cafe.java:93)
	at uk.ac.sheffield.com1003.cafe.Cafe.removeRecipe(Cafe.java:93)
	at uk.ac.sheffield.com1003.cafe.Cafe.removeRecipe(Cafe.java:93)
	at uk.ac.sheffield.com1003.cafe.Cafe.removeRecipe(Cafe.java:93)
	at uk.ac.sheffield.com1003.cafe.Cafe.removeRecipe(Cafe.java:93)
	at uk.ac.sheffield.com1003.cafe.Cafe.removeRecipe(Cafe.java:93)
	at uk.ac.sheffield.com1003.cafe.Cafe.removeRecipe(Cafe.java:93)
	at uk.ac.sheffield.com1003.cafe.Cafe.removeRecipe(Cafe.java:93)
	at uk.ac.sheffield.com1003.cafe.Cafe.removeRecipe(Cafe.java:93)
	at uk.ac.sheffield.com1003.cafe.Cafe.removeRecipe(Cafe.java:93)
	at uk.ac.sheffield.com1003.cafe.Cafe.removeRecipe(Cafe.java:93)
	at uk.ac.sheffield.com1003.cafe.Cafe.removeRecipe(Cafe.java:93)
	at uk.ac.sheffield.com1003.cafe.Cafe.removeRecipe(Cafe.java:93)
	at uk.ac.sheffield.com1003.cafe.Cafe.removeRecipe(Cafe.java:93)
	at uk.ac.sheffield.com1003.cafe.Cafe.removeRecipe(Cafe.java:93)
	at uk.ac.sheffield.com1003.cafe.Cafe.removeRecipe(Cafe.java:93)
	at uk.ac.sheffield.com1003.cafe.Cafe.removeRecipe(Cafe.java:93)
	at uk.ac.sheffield.com1003.cafe.Cafe.removeRecipe(Cafe.java:93)
	at uk.ac.sheffield.com1003.cafe.Cafe.removeRecipe(Cafe.java:93)
	at uk.ac.sheffield.com1003.cafe.Cafe.removeRecipe(Cafe.java:93)
	at uk.ac.sheffield.com1003.cafe.Cafe.removeRecipe(Cafe.java:93)
	at uk.ac.sheffield.com1003.cafe.Cafe.removeRecipe(Cafe.java:93)
	at uk.ac.sheffield.com1003.cafe.Cafe.removeRecipe(Cafe.java:93)
	at uk.ac.sheffield.com1003.cafe.Cafe.removeRecipe(Cafe.java:93)
	at uk.ac.sheffield.com1003.cafe.Cafe.removeRecipe(Cafe.java:93)
	at uk.ac.sheffield.com1003.cafe.Cafe.removeRecipe(Cafe.java:93)
	at uk.ac.sheffield.com1003.cafe.Cafe.removeRecipe(Cafe.java:93)
	at uk.ac.sheffield.com1003.cafe.Cafe.removeRecipe(Cafe.java:93)
	at uk.ac.sheffield.com1003.cafe.Cafe.removeRecipe(Cafe.java:93)
	at uk.ac.sheffield.com1003.cafe.Cafe.removeRecipe(Cafe.java:93)
	at uk.ac.sheffield.com1003.cafe.Cafe.removeRecipe(Cafe.java:93)
	at uk.ac.sheffield.com1003.cafe.Cafe.removeRecipe(Cafe.java:93)
	at uk.ac.sheffield.com1003.cafe.Cafe.removeRecipe(Cafe.java:93)
	at uk.ac.sheffield.com1003.cafe.Cafe.removeRecipe(Cafe.java:93)
	at uk.ac.sheffield.com1003.cafe.Cafe.removeRecipe(Cafe.java:93)
	at uk.ac.sheffield.com1003.cafe.Cafe.removeRecipe(Cafe.java:93)
	at uk.ac.sheffield.com1003.cafe.Cafe.removeRecipe(Cafe.java:93)
	at uk.ac.sheffield.com1003.cafe.Cafe.removeRecipe(Cafe.java:93)
	at uk.ac.sheffield.com1003.cafe.Cafe.removeRecipe(Cafe.java:93)
	at uk.ac.sheffield.com1003.cafe.Cafe.removeRecipe(Cafe.java:93)
	at uk.ac.sheffield.com1003.cafe.Cafe.removeRecipe(Cafe.java:93)
	at uk.ac.sheffield.com1003.cafe.Cafe.removeRecipe(Cafe.java:93)
	at uk.ac.sheffield.com1003.cafe.Cafe.removeRecipe(Cafe.java:93)
	at uk.ac.sheffield.com1003.cafe.Cafe.removeRecipe(Cafe.java:93)
	at uk.ac.sheffield.com1003.cafe.Cafe.removeRecipe(Cafe.java:93)
	at uk.ac.sheffield.com1003.cafe.Cafe.removeRecipe(Cafe.java:93)
	at uk.ac.sheffield.com1003.cafe.Cafe.removeRecipe(Cafe.java:93)
	at uk.ac.sheffield.com1003.cafe.Cafe.removeRecipe(Cafe.java:93)
	at uk.ac.sheffield.com1003.cafe.Cafe.removeRecipe(Cafe.java:93)
	at uk.ac.sheffield.com1003.cafe.Cafe.removeRecipe(Cafe.java:93)
	at uk.ac.sheffield.com1003.cafe.Cafe.removeRecipe(Cafe.java:93)
	at uk.ac.sheffield.com1003.cafe.Cafe.removeRecipe(Cafe.java:93)
	at uk.ac.sheffield.com1003.cafe.Cafe.removeRecipe(Cafe.java:93)
	at uk.ac.sheffield.com1003.cafe.Cafe.removeRecipe(Cafe.java:93)
	at uk.ac.sheffield.com1003.cafe.Cafe.removeRecipe(Cafe.java:93)
	at uk.ac.sheffield.com1003.cafe.Cafe.removeRecipe(Cafe.java:93)
	at uk.ac.sheffield.com1003.cafe.Cafe.removeRecipe(Cafe.java:93)
	at uk.ac.sheffield.com1003.cafe.Cafe.removeRecipe(Cafe.java:93)
	at uk.ac.sheffield.com1003.cafe.Cafe.removeRecipe(Cafe.java:93)
	at uk.ac.sheffield.com1003.cafe.Cafe.removeRecipe(Cafe.java:93)
	at uk.ac.sheffield.com1003.cafe.Cafe.removeRecipe(Cafe.java:93)
	at uk.ac.sheffield.com1003.cafe.Cafe.removeRecipe(Cafe.java:93)
	at uk.ac.sheffield.com1003.cafe.Cafe.removeRecipe(Cafe.java:93)
	at uk.ac.sheffield.com1003.cafe.Cafe.removeRecipe(Cafe.java:93)
	at uk.ac.sheffield.com1003.cafe.Cafe.removeRecipe(Cafe.java:93)
	at uk.ac.sheffield.com1003.cafe.Cafe.removeRecipe(Cafe.java:93)
	at uk.ac.sheffield.com1003.cafe.Cafe.removeRecipe(Cafe.java:93)
	at uk.ac.sheffield.com1003.cafe.Cafe.removeRecipe(Cafe.java:93)
	at uk.ac.sheffield.com1003.cafe.Cafe.removeRecipe(Cafe.java:93)
	at uk.ac.sheffield.com1003.cafe.Cafe.removeRecipe(Cafe.java:93)
	at uk.ac.sheffield.com1003.cafe.Cafe.removeRecipe(Cafe.java:93)
	at uk.ac.sheffield.com1003.cafe.Cafe.removeRecipe(Cafe.java:93)
	at uk.ac.sheffield.com1003.cafe.Cafe.removeRecipe(Cafe.java:93)
	at uk.ac.sheffield.com1003.cafe.Cafe.removeRecipe(Cafe.java:93)
	at uk.ac.sheffield.com1003.cafe.Cafe.removeRecipe(Cafe.java:93)
	at uk.ac.sheffield.com1003.cafe.Cafe.removeRecipe(Cafe.java:93)
	at uk.ac.sheffield.com1003.cafe.Cafe.removeRecipe(Cafe.java:93)
	at uk.ac.sheffield.com1003.cafe.Cafe.removeRecipe(Cafe.java:93)
	at uk.ac.sheffield.com1003.cafe.Cafe.removeRecipe(Cafe.java:93)
	at uk.ac.sheffield.com1003.cafe.Cafe.removeRecipe(Cafe.java:93)
	at uk.ac.sheffield.com1003.cafe.Cafe.removeRecipe(Cafe.java:93)
	at uk.ac.sheffield.com1003.cafe.Cafe.removeRecipe(Cafe.java:93)
	at uk.ac.sheffield.com1003.cafe.Cafe.removeRecipe(Cafe.java:93)
	at uk.ac.sheffield.com1003.cafe.Cafe.removeRecipe(Cafe.java:93)
	at uk.ac.sheffield.com1003.cafe.Cafe.removeRecipe(Cafe.java:93)
	at uk.ac.sheffield.com1003.cafe.Cafe.removeRecipe(Cafe.java:93)
	at uk.ac.sheffield.com1003.cafe.Cafe.removeRecipe(Cafe.java:93)
	at uk.ac.sheffield.com1003.cafe.Cafe.removeRecipe(Cafe.java:93)
	at uk.ac.sheffield.com1003.cafe.Cafe.removeRecipe(Cafe.java:93)
	at uk.ac.sheffield.com1003.cafe.Cafe.removeRecipe(Cafe.java:93)
	at uk.ac.sheffield.com1003.cafe.Cafe.removeRecipe(Cafe.java:93)
	at uk.ac.sheffield.com1003.cafe.Cafe.removeRecipe(Cafe.java:93)
	at uk.ac.sheffield.com1003.cafe.Cafe.removeRecipe(Cafe.java:93)
	at uk.ac.sheffield.com1003.cafe.Cafe.removeRecipe(Cafe.java:93)
	at uk.ac.sheffield.com1003.cafe.Cafe.removeRecipe(Cafe.java:93)
	at uk.ac.sheffield.com1003.cafe.Cafe.removeRecipe(Cafe.java:93)
	at uk.ac.sheffield.com1003.cafe.Cafe.removeRecipe(Cafe.java:93)
	at uk.ac.sheffield.com1003.cafe.Cafe.removeRecipe(Cafe.java:93)
	at uk.ac.sheffield.com1003.cafe.Cafe.removeRecipe(Cafe.java:93)
	at uk.ac.sheffield.com1003.cafe.Cafe.removeRecipe(Cafe.java:93)
	at uk.ac.sheffield.com1003.cafe.Cafe.removeRecipe(Cafe.java:93)
	at uk.ac.sheffield.com1003.cafe.Cafe.removeRecipe(Cafe.java:93)
	at uk.ac.sheffield.com1003.cafe.Cafe.removeRecipe(Cafe.java:93)
	at uk.ac.sheffield.com1003.cafe.Cafe.removeRecipe(Cafe.java:93)
	at uk.ac.sheffield.com1003.cafe.Cafe.removeRecipe(Cafe.java:93)
	at uk.ac.sheffield.com1003.cafe.Cafe.removeRecipe(Cafe.java:93)
	at uk.ac.sheffield.com1003.cafe.Cafe.removeRecipe(Cafe.java:93)
	at uk.ac.sheffield.com1003.cafe.Cafe.removeRecipe(Cafe.java:93)
	at uk.ac.sheffield.com1003.cafe.Cafe.removeRecipe(Cafe.java:93)
	at uk.ac.sheffield.com1003.cafe.Cafe.removeRecipe(Cafe.java:93)
	at uk.ac.sheffield.com1003.cafe.Cafe.removeRecipe(Cafe.java:93)
	at uk.ac.sheffield.com1003.cafe.Cafe.removeRecipe(Cafe.java:93)
	at uk.ac.sheffield.com1003.cafe.Cafe.removeRecipe(Cafe.java:93)
	at uk.ac.sheffield.com1003.cafe.Cafe.removeRecipe(Cafe.java:93)
	at uk.ac.sheffield.com1003.cafe.Cafe.removeRecipe(Cafe.java:93)
	at uk.ac.sheffield.com1003.cafe.Cafe.removeRecipe(Cafe.java:93)
	at uk.ac.sheffield.com1003.cafe.Cafe.removeRecipe(Cafe.java:93)
	at uk.ac.sheffield.com1003.cafe.Cafe.removeRecipe(Cafe.java:93)
	at uk.ac.sheffield.com1003.cafe.Cafe.removeRecipe(Cafe.java:93)
	at uk.ac.sheffield.com1003.cafe.Cafe.removeRecipe(Cafe.java:93)
	at uk.ac.sheffield.com1003.cafe.Cafe.removeRecipe(Cafe.java:93)
	at uk.ac.sheffield.com1003.cafe.Cafe.removeRecipe(Cafe.java:93)
	at uk.ac.sheffield.com1003.cafe.Cafe.removeRecipe(Cafe.java:93)
	at uk.ac.sheffield.com1003.cafe.Cafe.removeRecipe(Cafe.java:93)
	at uk.ac.sheffield.com1003.cafe.Cafe.removeRecipe(Cafe.java:93)
	at uk.ac.sheffield.com1003.cafe.Cafe.removeRecipe(Cafe.java:93)
	at uk.ac.sheffield.com1003.cafe.Cafe.removeRecipe(Cafe.java:93)
	at uk.ac.sheffield.com1003.cafe.Cafe.removeRecipe(Cafe.java:93)
	at uk.ac.sheffield.com1003.cafe.Cafe.removeRecipe(Cafe.java:93)
	at uk.ac.sheffield.com1003.cafe.Cafe.removeRecipe(Cafe.java:93)
	at uk.ac.sheffield.com1003.cafe.Cafe.removeRecipe(Cafe.java:93)
	at uk.ac.sheffield.com1003.cafe.Cafe.removeRecipe(Cafe.java:93)
	at uk.ac.sheffield.com1003.cafe.Cafe.removeRecipe(Cafe.java:93)
	at uk.ac.sheffield.com1003.cafe.Cafe.removeRecipe(Cafe.java:93)
	at uk.ac.sheffield.com1003.cafe.Cafe.removeRecipe(Cafe.java:93)
	at uk.ac.sheffield.com1003.cafe.Cafe.removeRecipe(Cafe.java:93)
	at uk.ac.sheffield.com1003.cafe.Cafe.removeRecipe(Cafe.java:93)
	at uk.ac.sheffield.com1003.cafe.Cafe.removeRecipe(Cafe.java:93)
	at uk.ac.sheffield.com1003.cafe.Cafe.removeRecipe(Cafe.java:93)
	at uk.ac.sheffield.com1003.cafe.Cafe.removeRecipe(Cafe.java:93)
	at uk.ac.sheffield.com1003.cafe.Cafe.removeRecipe(Cafe.java:93)
	at uk.ac.sheffield.com1003.cafe.Cafe.removeRecipe(Cafe.java:93)
	at uk.ac.sheffield.com1003.cafe.Cafe.removeRecipe(Cafe.java:93)
	at uk.ac.sheffield.com1003.cafe.Cafe.removeRecipe(Cafe.java:93)
	at uk.ac.sheffield.com1003.cafe.Cafe.removeRecipe(Cafe.java:93)
	at uk.ac.sheffield.com1003.cafe.Cafe.removeRecipe(Cafe.java:93)
	at uk.ac.sheffield.com1003.cafe.Cafe.removeRecipe(Cafe.java:93)
	at uk.ac.sheffield.com1003.cafe.Cafe.removeRecipe(Cafe.java:93)
	at uk.ac.sheffield.com1003.cafe.Cafe.removeRecipe(Cafe.java:93)
	at uk.ac.sheffield.com1003.cafe.Cafe.removeRecipe(Cafe.java:93)
	at uk.ac.sheffield.com1003.cafe.Cafe.removeRecipe(Cafe.java:93)
	at uk.ac.sheffield.com1003.cafe.Cafe.removeRecipe(Cafe.java:93)
	at uk.ac.sheffield.com1003.cafe.Cafe.removeRecipe(Cafe.java:93)
	at uk.ac.sheffield.com1003.cafe.Cafe.removeRecipe(Cafe.java:93)
	at uk.ac.sheffield.com1003.cafe.Cafe.removeRecipe(Cafe.java:93)
	at uk.ac.sheffield.com1003.cafe.Cafe.removeRecipe(Cafe.java:93)
	at uk.ac.sheffield.com1003.cafe.Cafe.removeRecipe(Cafe.java:93)
	at uk.ac.sheffield.com1003.cafe.Cafe.removeRecipe(Cafe.java:93)
	at uk.ac.sheffield.com1003.cafe.Cafe.removeRecipe(Cafe.java:93)
	at uk.ac.sheffield.com1003.cafe.Cafe.removeRecipe(Cafe.java:93)
	at uk.ac.sheffield.com1003.cafe.Cafe.removeRecipe(Cafe.java:93)
	at uk.ac.sheffield.com1003.cafe.Cafe.removeRecipe(Cafe.java:93)
	at uk.ac.sheffield.com1003.cafe.Cafe.removeRecipe(Cafe.java:93)
	at uk.ac.sheffield.com1003.cafe.Cafe.removeRecipe(Cafe.java:93)
	at uk.ac.sheffield.com1003.cafe.Cafe.removeRecipe(Cafe.java:93)
	at uk.ac.sheffield.com1003.cafe.Cafe.removeRecipe(Cafe.java:93)
	at uk.ac.sheffield.com1003.cafe.Cafe.removeRecipe(Cafe.java:93)
	at uk.ac.sheffield.com1003.cafe.Cafe.removeRecipe(Cafe.java:93)
	at uk.ac.sheffield.com1003.cafe.Cafe.removeRecipe(Cafe.java:93)
	at uk.ac.sheffield.com1003.cafe.Cafe.removeRecipe(Cafe.java:93)
	at uk.ac.sheffield.com1003.cafe.Cafe.removeRecipe(Cafe.java:93)
	at uk.ac.sheffield.com1003.cafe.Cafe.removeRecipe(Cafe.java:93)
	at uk.ac.sheffield.com1003.cafe.Cafe.removeRecipe(Cafe.java:93)
	at uk.ac.sheffield.com1003.cafe.Cafe.removeRecipe(Cafe.java:93)
	at uk.ac.sheffield.com1003.cafe.Cafe.removeRecipe(Cafe.java:93)
	at uk.ac.sheffield.com1003.cafe.Cafe.removeRecipe(Cafe.java:93)
	at uk.ac.sheffield.com1003.cafe.Cafe.removeRecipe(Cafe.java:93)
	at uk.ac.sheffield.com1003.cafe.Cafe.removeRecipe(Cafe.java:93)
	at uk.ac.sheffield.com1003.cafe.Cafe.removeRecipe(Cafe.java:93)
	at uk.ac.sheffield.com1003.cafe.Cafe.removeRecipe(Cafe.java:93)
	at uk.ac.sheffield.com1003.cafe.Cafe.removeRecipe(Cafe.java:93)
	at uk.ac.sheffield.com1003.cafe.Cafe.removeRecipe(Cafe.java:93)
	at uk.ac.sheffield.com1003.cafe.Cafe.removeRecipe(Cafe.java:93)
	at uk.ac.sheffield.com1003.cafe.Cafe.removeRecipe(Cafe.java:93)
	at uk.ac.sheffield.com1003.cafe.Cafe.removeRecipe(Cafe.java:93)
	at uk.ac.sheffield.com1003.cafe.Cafe.removeRecipe(Cafe.java:93)
	at uk.ac.sheffield.com1003.cafe.Cafe.removeRecipe(Cafe.java:93)
	at uk.ac.sheffield.com1003.cafe.Cafe.removeRecipe(Cafe.java:93)
	at uk.ac.sheffield.com1003.cafe.Cafe.removeRecipe(Cafe.java:93)
	at uk.ac.sheffield.com1003.cafe.Cafe.removeRecipe(Cafe.java:93)
	at uk.ac.sheffield.com1003.cafe.Cafe.removeRecipe(Cafe.java:93)
	at uk.ac.sheffield.com1003.cafe.Cafe.removeRecipe(Cafe.java:93)
	at uk.ac.sheffield.com1003.cafe.Cafe.removeRecipe(Cafe.java:93)
	at uk.ac.sheffield.com1003.cafe.Cafe.removeRecipe(Cafe.java:93)
	at uk.ac.sheffield.com1003.cafe.Cafe.removeRecipe(Cafe.java:93)
	at uk.ac.sheffield.com1003.cafe.Cafe.removeRecipe(Cafe.java:93)
	at uk.ac.sheffield.com1003.cafe.Cafe.removeRecipe(Cafe.java:93)
	at uk.ac.sheffield.com1003.cafe.Cafe.removeRecipe(Cafe.java:93)
	at uk.ac.sheffield.com1003.cafe.Cafe.removeRecipe(Cafe.java:93)
	at uk.ac.sheffield.com1003.cafe.Cafe.removeRecipe(Cafe.java:93)
	at uk.ac.sheffield.com1003.cafe.Cafe.removeRecipe(Cafe.java:93)
	at uk.ac.sheffield.com1003.cafe.Cafe.removeRecipe(Cafe.java:93)
	at uk.ac.sheffield.com1003.cafe.Cafe.removeRecipe(Cafe.java:93)
	at uk.ac.sheffield.com1003.cafe.Cafe.removeRecipe(Cafe.java:93)
	at uk.ac.sheffield.com1003.cafe.Cafe.removeRecipe(Cafe.java:93)
	at uk.ac.sheffield.com1003.cafe.Cafe.removeRecipe(Cafe.java:93)
	at uk.ac.sheffield.com1003.cafe.Cafe.removeRecipe(Cafe.java:93)
	at uk.ac.sheffield.com1003.cafe.Cafe.removeRecipe(Cafe.java:93)
	at uk.ac.sheffield.com1003.cafe.Cafe.removeRecipe(Cafe.java:93)
	at uk.ac.sheffield.com1003.cafe.Cafe.removeRecipe(Cafe.java:93)
	at uk.ac.sheffield.com1003.cafe.Cafe.removeRecipe(Cafe.java:93)
	at uk.ac.sheffield.com1003.cafe.Cafe.removeRecipe(Cafe.java:93)
	at uk.ac.sheffield.com1003.cafe.Cafe.removeRecipe(Cafe.java:93)
	at uk.ac.sheffield.com1003.cafe.Cafe.removeRecipe(Cafe.java:93)
	at uk.ac.sheffield.com1003.cafe.Cafe.removeRecipe(Cafe.java:93)
	at uk.ac.sheffield.com1003.cafe.Cafe.removeRecipe(Cafe.java:93)
	at uk.ac.sheffield.com1003.cafe.Cafe.removeRecipe(Cafe.java:93)
	at uk.ac.sheffield.com1003.cafe.Cafe.removeRecipe(Cafe.java:93)
	at uk.ac.sheffield.com1003.cafe.Cafe.removeRecipe(Cafe.java:93)
	at uk.ac.sheffield.com1003.cafe.Cafe.removeRecipe(Cafe.java:93)
	at uk.ac.sheffield.com1003.cafe.Cafe.removeRecipe(Cafe.java:93)
	at uk.ac.sheffield.com1003.cafe.Cafe.removeRecipe(Cafe.java:93)
	at uk.ac.sheffield.com1003.cafe.Cafe.removeRecipe(Cafe.java:93)
	at uk.ac.sheffield.com1003.cafe.Cafe.removeRecipe(Cafe.java:93)
	at uk.ac.sheffield.com1003.cafe.Cafe.removeRecipe(Cafe.java:93)
	at uk.ac.sheffield.com1003.cafe.Cafe.removeRecipe(Cafe.java:93)
	at uk.ac.sheffield.com1003.cafe.Cafe.removeRecipe(Cafe.java:93)
	at uk.ac.sheffield.com1003.cafe.Cafe.removeRecipe(Cafe.java:93)
	at uk.ac.sheffield.com1003.cafe.Cafe.removeRecipe(Cafe.java:93)
	at uk.ac.sheffield.com1003.cafe.Cafe.removeRecipe(Cafe.java:93)
	at uk.ac.sheffield.com1003.cafe.Cafe.removeRecipe(Cafe.java:93)
	at uk.ac.sheffield.com1003.cafe.Cafe.removeRecipe(Cafe.java:93)
	at uk.ac.sheffield.com1003.cafe.Cafe.removeRecipe(Cafe.java:93)
	at uk.ac.sheffield.com1003.cafe.Cafe.removeRecipe(Cafe.java:93)
	at uk.ac.sheffield.com1003.cafe.Cafe.removeRecipe(Cafe.java:93)
	at uk.ac.sheffield.com1003.cafe.Cafe.removeRecipe(Cafe.java:93)
	at uk.ac.sheffield.com1003.cafe.Cafe.removeRecipe(Cafe.java:93)
	at uk.ac.sheffield.com1003.cafe.Cafe.removeRecipe(Cafe.java:93)
	at uk.ac.sheffield.com1003.cafe.Cafe.removeRecipe(Cafe.java:93)
	at uk.ac.sheffield.com1003.cafe.Cafe.removeRecipe(Cafe.java:93)
	at uk.ac.sheffield.com1003.cafe.Cafe.removeRecipe(Cafe.java:93)
	at uk.ac.sheffield.com1003.cafe.Cafe.removeRecipe(Cafe.java:93)
	at uk.ac.sheffield.com1003.cafe.Cafe.removeRecipe(Cafe.java:93)
	at uk.ac.sheffield.com1003.cafe.Cafe.removeRecipe(Cafe.java:93)
	at uk.ac.sheffield.com1003.cafe.Cafe.removeRecipe(Cafe.java:93)
	at uk.ac.sheffield.com1003.cafe.Cafe.removeRecipe(Cafe.java:93)
	at uk.ac.sheffield.com1003.cafe.Cafe.removeRecipe(Cafe.java:93)
	at uk.ac.sheffield.com1003.cafe.Cafe.removeRecipe(Cafe.java:93)
	at uk.ac.sheffield.com1003.cafe.Cafe.removeRecipe(Cafe.java:93)
	at uk.ac.sheffield.com1003.cafe.Cafe.removeRecipe(Cafe.java:93)
	at uk.ac.sheffield.com1003.cafe.Cafe.removeRecipe(Cafe.java:93)
	at uk.ac.sheffield.com1003.cafe.Cafe.removeRecipe(Cafe.java:93)
	at uk.ac.sheffield.com1003.cafe.Cafe.removeRecipe(Cafe.java:93)
	at uk.ac.sheffield.com1003.cafe.Cafe.removeRecipe(Cafe.java:93)
	at uk.ac.sheffield.com1003.cafe.Cafe.removeRecipe(Cafe.java:93)
	at uk.ac.sheffield.com1003.cafe.Cafe.removeRecipe(Cafe.java:93)
	at uk.ac.sheffield.com1003.cafe.Cafe.removeRecipe(Cafe.java:93)
	at uk.ac.sheffield.com1003.cafe.Cafe.removeRecipe(Cafe.java:93)
	at uk.ac.sheffield.com1003.cafe.Cafe.removeRecipe(Cafe.java:93)
	at uk.ac.sheffield.com1003.cafe.Cafe.removeRecipe(Cafe.java:93)
	at uk.ac.sheffield.com1003.cafe.Cafe.removeRecipe(Cafe.java:93)
	at uk.ac.sheffield.com1003.cafe.Cafe.removeRecipe(Cafe.java:93)
	at uk.ac.sheffield.com1003.cafe.Cafe.removeRecipe(Cafe.java:93)
	at uk.ac.sheffield.com1003.cafe.Cafe.removeRecipe(Cafe.java:93)
	at uk.ac.sheffield.com1003.cafe.Cafe.removeRecipe(Cafe.java:93)
	at uk.ac.sheffield.com1003.cafe.Cafe.removeRecipe(Cafe.java:93)
	at uk.ac.sheffield.com1003.cafe.Cafe.removeRecipe(Cafe.java:93)
	at uk.ac.sheffield.com1003.cafe.Cafe.removeRecipe(Cafe.java:93)
	at uk.ac.sheffield.com1003.cafe.Cafe.removeRecipe(Cafe.java:93)
	at uk.ac.sheffield.com1003.cafe.Cafe.removeRecipe(Cafe.java:93)
	at uk.ac.sheffield.com1003.cafe.Cafe.removeRecipe(Cafe.java:93)
	at uk.ac.sheffield.com1003.cafe.Cafe.removeRecipe(Cafe.java:93)
	at uk.ac.sheffield.com1003.cafe.Cafe.removeRecipe(Cafe.java:93)
	at uk.ac.sheffield.com1003.cafe.Cafe.removeRecipe(Cafe.java:93)
	at uk.ac.sheffield.com1003.cafe.Cafe.removeRecipe(Cafe.java:93)
	at uk.ac.sheffield.com1003.cafe.Cafe.removeRecipe(Cafe.java:93)
	at uk.ac.sheffield.com1003.cafe.Cafe.removeRecipe(Cafe.java:93)
	at uk.ac.sheffield.com1003.cafe.Cafe.removeRecipe(Cafe.java:93)
	at uk.ac.sheffield.com1003.cafe.Cafe.removeRecipe(Cafe.java:93)
	at uk.ac.sheffield.com1003.cafe.Cafe.removeRecipe(Cafe.java:93)
	at uk.ac.sheffield.com1003.cafe.Cafe.removeRecipe(Cafe.java:93)
	at uk.ac.sheffield.com1003.cafe.Cafe.removeRecipe(Cafe.java:93)
	at uk.ac.sheffield.com1003.cafe.Cafe.removeRecipe(Cafe.java:93)
	at uk.ac.sheffield.com1003.cafe.Cafe.removeRecipe(Cafe.java:93)
	at uk.ac.sheffield.com1003.cafe.Cafe.removeRecipe(Cafe.java:93)
	at uk.ac.sheffield.com1003.cafe.Cafe.removeRecipe(Cafe.java:93)
	at uk.ac.sheffield.com1003.cafe.Cafe.removeRecipe(Cafe.java:93)
	at uk.ac.sheffield.com1003.cafe.Cafe.removeRecipe(Cafe.java:93)
	at uk.ac.sheffield.com1003.cafe.Cafe.removeRecipe(Cafe.java:93)
	at uk.ac.sheffield.com1003.cafe.Cafe.removeRecipe(Cafe.java:93)
	at uk.ac.sheffield.com1003.cafe.Cafe.removeRecipe(Cafe.java:93)
	at uk.ac.sheffield.com1003.cafe.Cafe.removeRecipe(Cafe.java:93)
	at uk.ac.sheffield.com1003.cafe.Cafe.removeRecipe(Cafe.java:93)
	at uk.ac.sheffield.com1003.cafe.Cafe.removeRecipe(Cafe.java:93)
	at uk.ac.sheffield.com1003.cafe.Cafe.removeRecipe(Cafe.java:93)
	at uk.ac.sheffield.com1003.cafe.Cafe.removeRecipe(Cafe.java:93)
	at uk.ac.sheffield.com1003.cafe.Cafe.removeRecipe(Cafe.java:93)
	at uk.ac.sheffield.com1003.cafe.Cafe.removeRecipe(Cafe.java:93)
	at uk.ac.sheffield.com1003.cafe.Cafe.removeRecipe(Cafe.java:93)
	at uk.ac.sheffield.com1003.cafe.Cafe.removeRecipe(Cafe.java:93)
	at uk.ac.sheffield.com1003.cafe.Cafe.removeRecipe(Cafe.java:93)
	at uk.ac.sheffield.com1003.cafe.Cafe.removeRecipe(Cafe.java:93)
	at uk.ac.sheffield.com1003.cafe.Cafe.removeRecipe(Cafe.java:93)
	at uk.ac.sheffield.com1003.cafe.Cafe.removeRecipe(Cafe.java:93)
	at uk.ac.sheffield.com1003.cafe.Cafe.removeRecipe(Cafe.java:93)
	at uk.ac.sheffield.com1003.cafe.Cafe.removeRecipe(Cafe.java:93)
	at uk.ac.sheffield.com1003.cafe.Cafe.removeRecipe(Cafe.java:93)
	at uk.ac.sheffield.com1003.cafe.Cafe.removeRecipe(Cafe.java:93)
	at uk.ac.sheffield.com1003.cafe.Cafe.removeRecipe(Cafe.java:93)
	at uk.ac.sheffield.com1003.cafe.Cafe.removeRecipe(Cafe.java:93)
	at uk.ac.sheffield.com1003.cafe.Cafe.removeRecipe(Cafe.java:93)
	at uk.ac.sheffield.com1003.cafe.Cafe.removeRecipe(Cafe.java:93)
	at uk.ac.sheffield.com1003.cafe.Cafe.removeRecipe(Cafe.java:93)
	at uk.ac.sheffield.com1003.cafe.Cafe.removeRecipe(Cafe.java:93)
	at uk.ac.sheffield.com1003.cafe.Cafe.removeRecipe(Cafe.java:93)
	at uk.ac.sheffield.com1003.cafe.Cafe.removeRecipe(Cafe.java:93)
	at uk.ac.sheffield.com1003.cafe.Cafe.removeRecipe(Cafe.java:93)
	at uk.ac.sheffield.com1003.cafe.Cafe.removeRecipe(Cafe.java:93)
	at uk.ac.sheffield.com1003.cafe.Cafe.removeRecipe(Cafe.java:93)
	at uk.ac.sheffield.com1003.cafe.Cafe.removeRecipe(Cafe.java:93)
	at uk.ac.sheffield.com1003.cafe.Cafe.removeRecipe(Cafe.java:93)
	at uk.ac.sheffield.com1003.cafe.Cafe.removeRecipe(Cafe.java:93)
	at uk.ac.sheffield.com1003.cafe.Cafe.removeRecipe(Cafe.java:93)
	at uk.ac.sheffield.com1003.cafe.Cafe.removeRecipe(Cafe.java:93)
	at uk.ac.sheffield.com1003.cafe.Cafe.removeRecipe(Cafe.java:93)
	at uk.ac.sheffield.com1003.cafe.Cafe.removeRecipe(Cafe.java:93)
	at uk.ac.sheffield.com1003.cafe.Cafe.removeRecipe(Cafe.java:93)
	at uk.ac.sheffield.com1003.cafe.Cafe.removeRecipe(Cafe.java:93)
	at uk.ac.sheffield.com1003.cafe.Cafe.removeRecipe(Cafe.java:93)
	at uk.ac.sheffield.com1003.cafe.Cafe.removeRecipe(Cafe.java:93)
	at uk.ac.sheffield.com1003.cafe.Cafe.removeRecipe(Cafe.java:93)
	at uk.ac.sheffield.com1003.cafe.Cafe.removeRecipe(Cafe.java:93)
	at uk.ac.sheffield.com1003.cafe.Cafe.removeRecipe(Cafe.java:93)
	at uk.ac.sheffield.com1003.cafe.Cafe.removeRecipe(Cafe.java:93)
	at uk.ac.sheffield.com1003.cafe.Cafe.removeRecipe(Cafe.java:93)
	at uk.ac.sheffield.com1003.cafe.Cafe.removeRecipe(Cafe.java:93)
	at uk.ac.sheffield.com1003.cafe.Cafe.removeRecipe(Cafe.java:93)
	at uk.ac.sheffield.com1003.cafe.Cafe.removeRecipe(Cafe.java:93)
	at uk.ac.sheffield.com1003.cafe.Cafe.removeRecipe(Cafe.java:93)
	at uk.ac.sheffield.com1003.cafe.Cafe.removeRecipe(Cafe.java:93)
	at uk.ac.sheffield.com1003.cafe.Cafe.removeRecipe(Cafe.java:93)
	at uk.ac.sheffield.com1003.cafe.Cafe.removeRecipe(Cafe.java:93)
	at uk.ac.sheffield.com1003.cafe.Cafe.removeRecipe(Cafe.java:93)
	at uk.ac.sheffield.com1003.cafe.Cafe.removeRecipe(Cafe.java:93)
	at uk.ac.sheffield.com1003.cafe.Cafe.removeRecipe(Cafe.java:93)
	at uk.ac.sheffield.com1003.cafe.Cafe.removeRecipe(Cafe.java:93)
	at uk.ac.sheffield.com1003.cafe.Cafe.removeRecipe(Cafe.java:93)
	at uk.ac.sheffield.com1003.cafe.Cafe.removeRecipe(Cafe.java:93)
	at uk.ac.sheffield.com1003.cafe.Cafe.removeRecipe(Cafe.java:93)
	at uk.ac.sheffield.com1003.cafe.Cafe.removeRecipe(Cafe.java:93)
	at uk.ac.sheffield.com1003.cafe.Cafe.removeRecipe(Cafe.java:93)
	at uk.ac.sheffield.com1003.cafe.Cafe.removeRecipe(Cafe.java:93)
	at uk.ac.sheffield.com1003.cafe.Cafe.removeRecipe(Cafe.java:93)
	at uk.ac.sheffield.com1003.cafe.Cafe.removeRecipe(Cafe.java:93)
	at uk.ac.sheffield.com1003.cafe.Cafe.removeRecipe(Cafe.java:93)
	at uk.ac.sheffield.com1003.cafe.Cafe.removeRecipe(Cafe.java:93)
	at uk.ac.sheffield.com1003.cafe.Cafe.removeRecipe(Cafe.java:93)
	at uk.ac.sheffield.com1003.cafe.Cafe.removeRecipe(Cafe.java:93)
	at uk.ac.sheffield.com1003.cafe.Cafe.removeRecipe(Cafe.java:93)
	at uk.ac.sheffield.com1003.cafe.Cafe.removeRecipe(Cafe.java:93)
	at uk.ac.sheffield.com1003.cafe.Cafe.removeRecipe(Cafe.java:93)
	at uk.ac.sheffield.com1003.cafe.Cafe.removeRecipe(Cafe.java:93)
	at uk.ac.sheffield.com1003.cafe.Cafe.removeRecipe(Cafe.java:93)
	at uk.ac.sheffield.com1003.cafe.Cafe.removeRecipe(Cafe.java:93)
	at uk.ac.sheffield.com1003.cafe.Cafe.removeRecipe(Cafe.java:93)
	at uk.ac.sheffield.com1003.cafe.Cafe.removeRecipe(Cafe.java:93)
	at uk.ac.sheffield.com1003.cafe.Cafe.removeRecipe(Cafe.java:93)
	at uk.ac.sheffield.com1003.cafe.Cafe.removeRecipe(Cafe.java:93)
	at uk.ac.sheffield.com1003.cafe.Cafe.removeRecipe(Cafe.java:93)
	at uk.ac.sheffield.com1003.cafe.Cafe.removeRecipe(Cafe.java:93)
	at uk.ac.sheffield.com1003.cafe.Cafe.removeRecipe(Cafe.java:93)
	at uk.ac.sheffield.com1003.cafe.Cafe.removeRecipe(Cafe.java:93)
	at uk.ac.sheffield.com1003.cafe.Cafe.removeRecipe(Cafe.java:93)
	at uk.ac.sheffield.com1003.cafe.Cafe.removeRecipe(Cafe.java:93)
	at uk.ac.sheffield.com1003.cafe.Cafe.removeRecipe(Cafe.java:93)
	at uk.ac.sheffield.com1003.cafe.Cafe.removeRecipe(Cafe.java:93)
	at uk.ac.sheffield.com1003.cafe.Cafe.removeRecipe(Cafe.java:93)
	at uk.ac.sheffield.com1003.cafe.Cafe.removeRecipe(Cafe.java:93)
	at uk.ac.sheffield.com1003.cafe.Cafe.removeRecipe(Cafe.java:93)
	at uk.ac.sheffield.com1003.cafe.Cafe.removeRecipe(Cafe.java:93)
	at uk.ac.sheffield.com1003.cafe.Cafe.removeRecipe(Cafe.java:93)
	at uk.ac.sheffield.com1003.cafe.Cafe.removeRecipe(Cafe.java:93)
	at uk.ac.sheffield.com1003.cafe.Cafe.removeRecipe(Cafe.java:93)
	at uk.ac.sheffield.com1003.cafe.Cafe.removeRecipe(Cafe.java:93)
	at uk.ac.sheffield.com1003.cafe.Cafe.removeRecipe(Cafe.java:93)
	at uk.ac.sheffield.com1003.cafe.Cafe.removeRecipe(Cafe.java:93)
	at uk.ac.sheffield.com1003.cafe.Cafe.removeRecipe(Cafe.java:93)
	at uk.ac.sheffield.com1003.cafe.Cafe.removeRecipe(Cafe.java:93)
	at uk.ac.sheffield.com1003.cafe.Cafe.removeRecipe(Cafe.java:93)
	at uk.ac.sheffield.com1003.cafe.Cafe.removeRecipe(Cafe.java:93)
	at uk.ac.sheffield.com1003.cafe.Cafe.removeRecipe(Cafe.java:93)
	at uk.ac.sheffield.com1003.cafe.Cafe.removeRecipe(Cafe.java:93)
	at uk.ac.sheffield.com1003.cafe.Cafe.removeRecipe(Cafe.java:93)
	at uk.ac.sheffield.com1003.cafe.Cafe.removeRecipe(Cafe.java:93)
	at uk.ac.sheffield.com1003.cafe.Cafe.removeRecipe(Cafe.java:93)
	at uk.ac.sheffield.com1003.cafe.Cafe.removeRecipe(Cafe.java:93)
	at uk.ac.sheffield.com1003.cafe.Cafe.removeRecipe(Cafe.java:93)
	at uk.ac.sheffield.com1003.cafe.Cafe.removeRecipe(Cafe.java:93)
	at uk.ac.sheffield.com1003.cafe.Cafe.removeRecipe(Cafe.java:93)
	at uk.ac.sheffield.com1003.cafe.Cafe.removeRecipe(Cafe.java:93)
	at uk.ac.sheffield.com1003.cafe.Cafe.removeRecipe(Cafe.java:93)
	at uk.ac.sheffield.com1003.cafe.Cafe.removeRecipe(Cafe.java:93)
	at uk.ac.sheffield.com1003.cafe.Cafe.removeRecipe(Cafe.java:93)
	at uk.ac.sheffield.com1003.cafe.Cafe.removeRecipe(Cafe.java:93)
	at uk.ac.sheffield.com1003.cafe.Cafe.removeRecipe(Cafe.java:93)
	at uk.ac.sheffield.com1003.cafe.Cafe.removeRecipe(Cafe.java:93)
	at uk.ac.sheffield.com1003.cafe.Cafe.removeRecipe(Cafe.java:93)
	at uk.ac.sheffield.com1003.cafe.Cafe.removeRecipe(Cafe.java:93)
	at uk.ac.sheffield.com1003.cafe.Cafe.removeRecipe(Cafe.java:93)
	at uk.ac.sheffield.com1003.cafe.Cafe.removeRecipe(Cafe.java:93)
	at uk.ac.sheffield.com1003.cafe.Cafe.removeRecipe(Cafe.java:93)
	at uk.ac.sheffield.com1003.cafe.Cafe.removeRecipe(Cafe.java:93)
	at uk.ac.sheffield.com1003.cafe.Cafe.removeRecipe(Cafe.java:93)
	at uk.ac.sheffield.com1003.cafe.Cafe.removeRecipe(Cafe.java:93)
	at uk.ac.sheffield.com1003.cafe.Cafe.removeRecipe(Cafe.java:93)
	at uk.ac.sheffield.com1003.cafe.Cafe.removeRecipe(Cafe.java:93)
	at uk.ac.sheffield.com1003.cafe.Cafe.removeRecipe(Cafe.java:93)
	at uk.ac.sheffield.com1003.cafe.Cafe.removeRecipe(Cafe.java:93)
	at uk.ac.sheffield.com1003.cafe.Cafe.removeRecipe(Cafe.java:93)
	at uk.ac.sheffield.com1003.cafe.Cafe.removeRecipe(Cafe.java:93)
	at uk.ac.sheffield.com1003.cafe.Cafe.removeRecipe(Cafe.java:93)
	at uk.ac.sheffield.com1003.cafe.Cafe.removeRecipe(Cafe.java:93)
	at uk.ac.sheffield.com1003.cafe.Cafe.removeRecipe(Cafe.java:93)
	at uk.ac.sheffield.com1003.cafe.Cafe.removeRecipe(Cafe.java:93)
	at uk.ac.sheffield.com1003.cafe.Cafe.removeRecipe(Cafe.java:93)
	at uk.ac.sheffield.com1003.cafe.Cafe.removeRecipe(Cafe.java:93)
	at uk.ac.sheffield.com1003.cafe.Cafe.removeRecipe(Cafe.java:93)
	at uk.ac.sheffield.com1003.cafe.Cafe.removeRecipe(Cafe.java:93)
	at uk.ac.sheffield.com1003.cafe.Cafe.removeRecipe(Cafe.java:93)
	at uk.ac.sheffield.com1003.cafe.Cafe.removeRecipe(Cafe.java:93)
	at uk.ac.sheffield.com1003.cafe.Cafe.removeRecipe(Cafe.java:93)
	at uk.ac.sheffield.com1003.cafe.Cafe.removeRecipe(Cafe.java:93)
	at uk.ac.sheffield.com1003.cafe.Cafe.removeRecipe(Cafe.java:93)
	at uk.ac.sheffield.com1003.cafe.Cafe.removeRecipe(Cafe.java:93)
	at uk.ac.sheffield.com1003.cafe.Cafe.removeRecipe(Cafe.java:93)
	at uk.ac.sheffield.com1003.cafe.Cafe.removeRecipe(Cafe.java:93)
	at uk.ac.sheffield.com1003.cafe.Cafe.removeRecipe(Cafe.java:93)
	at uk.ac.sheffield.com1003.cafe.Cafe.removeRecipe(Cafe.java:93)
	at uk.ac.sheffield.com1003.cafe.Cafe.removeRecipe(Cafe.java:93)
	at uk.ac.sheffield.com1003.cafe.Cafe.removeRecipe(Cafe.java:93)
	at uk.ac.sheffield.com1003.cafe.Cafe.removeRecipe(Cafe.java:93)
	at uk.ac.sheffield.com1003.cafe.Cafe.removeRecipe(Cafe.java:93)
	at uk.ac.sheffield.com1003.cafe.Cafe.removeRecipe(Cafe.java:93)
	at uk.ac.sheffield.com1003.cafe.Cafe.removeRecipe(Cafe.java:93)
	at uk.ac.sheffield.com1003.cafe.Cafe.removeRecipe(Cafe.java:93)
	at uk.ac.sheffield.com1003.cafe.Cafe.removeRecipe(Cafe.java:93)
	at uk.ac.sheffield.com1003.cafe.Cafe.removeRecipe(Cafe.java:93)
	at uk.ac.sheffield.com1003.cafe.Cafe.removeRecipe(Cafe.java:93)
	at uk.ac.sheffield.com1003.cafe.Cafe.removeRecipe(Cafe.java:93)
	at uk.ac.sheffield.com1003.cafe.Cafe.removeRecipe(Cafe.java:93)
	at uk.ac.sheffield.com1003.cafe.Cafe.removeRecipe(Cafe.java:93)
	at uk.ac.sheffield.com1003.cafe.Cafe.removeRecipe(Cafe.java:93)
	at uk.ac.sheffield.com1003.cafe.Cafe.removeRecipe(Cafe.java:93)
	at uk.ac.sheffield.com1003.cafe.Cafe.removeRecipe(Cafe.java:93)
	at uk.ac.sheffield.com1003.cafe.Cafe.removeRecipe(Cafe.java:93)
	at uk.ac.sheffield.com1003.cafe.Cafe.removeRecipe(Cafe.java:93)
	at uk.ac.sheffield.com1003.cafe.Cafe.removeRecipe(Cafe.java:93)
	at uk.ac.sheffield.com1003.cafe.Cafe.removeRecipe(Cafe.java:93)
	at uk.ac.sheffield.com1003.cafe.Cafe.removeRecipe(Cafe.java:93)
	at uk.ac.sheffield.com1003.cafe.Cafe.removeRecipe(Cafe.java:93)
	at uk.ac.sheffield.com1003.cafe.Cafe.removeRecipe(Cafe.java:93)
	at uk.ac.sheffield.com1003.cafe.Cafe.removeRecipe(Cafe.java:93)
	at uk.ac.sheffield.com1003.cafe.Cafe.removeRecipe(Cafe.java:93)
	at uk.ac.sheffield.com1003.cafe.Cafe.removeRecipe(Cafe.java:93)
	at uk.ac.sheffield.com1003.cafe.Cafe.removeRecipe(Cafe.java:93)
	at uk.ac.sheffield.com1003.cafe.Cafe.removeRecipe(Cafe.java:93)
	at uk.ac.sheffield.com1003.cafe.Cafe.removeRecipe(Cafe.java:93)
	at uk.ac.sheffield.com1003.cafe.Cafe.removeRecipe(Cafe.java:93)
	at uk.ac.sheffield.com1003.cafe.Cafe.removeRecipe(Cafe.java:93)
	at uk.ac.sheffield.com1003.cafe.Cafe.removeRecipe(Cafe.java:93)
	at uk.ac.sheffield.com1003.cafe.Cafe.removeRecipe(Cafe.java:93)
	at uk.ac.sheffield.com1003.cafe.Cafe.removeRecipe(Cafe.java:93)
	at uk.ac.sheffield.com1003.cafe.Cafe.removeRecipe(Cafe.java:93)
	at uk.ac.sheffield.com1003.cafe.Cafe.removeRecipe(Cafe.java:93)
	at uk.ac.sheffield.com1003.cafe.Cafe.removeRecipe(Cafe.java:93)
	at uk.ac.sheffield.com1003.cafe.Cafe.removeRecipe(Cafe.java:93)
	at uk.ac.sheffield.com1003.cafe.Cafe.removeRecipe(Cafe.java:93)
	at uk.ac.sheffield.com1003.cafe.Cafe.removeRecipe(Cafe.java:93)
	at uk.ac.sheffield.com1003.cafe.Cafe.removeRecipe(Cafe.java:93)
	at uk.ac.sheffield.com1003.cafe.Cafe.removeRecipe(Cafe.java:93)
	at uk.ac.sheffield.com1003.cafe.Cafe.removeRecipe(Cafe.java:93)
	at uk.ac.sheffield.com1003.cafe.Cafe.removeRecipe(Cafe.java:93)
	at uk.ac.sheffield.com1003.cafe.Cafe.removeRecipe(Cafe.java:93)
	at uk.ac.sheffield.com1003.cafe.Cafe.removeRecipe(Cafe.java:93)
	at uk.ac.sheffield.com1003.cafe.Cafe.removeRecipe(Cafe.java:93)
	at uk.ac.sheffield.com1003.cafe.Cafe.removeRecipe(Cafe.java:93)
	at uk.ac.sheffield.com1003.cafe.Cafe.removeRecipe(Cafe.java:93)
	at uk.ac.sheffield.com1003.cafe.Cafe.removeRecipe(Cafe.java:93)
	at uk.ac.sheffield.com1003.cafe.Cafe.removeRecipe(Cafe.java:93)
	at uk.ac.sheffield.com1003.cafe.Cafe.removeRecipe(Cafe.java:93)
	at uk.ac.sheffield.com1003.cafe.Cafe.removeRecipe(Cafe.java:93)
	at uk.ac.sheffield.com1003.cafe.Cafe.removeRecipe(Cafe.java:93)
	at uk.ac.sheffield.com1003.cafe.Cafe.removeRecipe(Cafe.java:93)
	at uk.ac.sheffield.com1003.cafe.Cafe.removeRecipe(Cafe.java:93)
	at uk.ac.sheffield.com1003.cafe.Cafe.removeRecipe(Cafe.java:93)
	at uk.ac.sheffield.com1003.cafe.Cafe.removeRecipe(Cafe.java:93)
	at uk.ac.sheffield.com1003.cafe.Cafe.removeRecipe(Cafe.java:93)
	at uk.ac.sheffield.com1003.cafe.Cafe.removeRecipe(Cafe.java:93)
	at uk.ac.sheffield.com1003.cafe.Cafe.removeRecipe(Cafe.java:93)
	at uk.ac.sheffield.com1003.cafe.Cafe.removeRecipe(Cafe.java:93)
	at uk.ac.sheffield.com1003.cafe.Cafe.removeRecipe(Cafe.java:93)
	at uk.ac.sheffield.com1003.cafe.Cafe.removeRecipe(Cafe.java:93)
	at uk.ac.sheffield.com1003.cafe.Cafe.removeRecipe(Cafe.java:93)
	at uk.ac.sheffield.com1003.cafe.Cafe.removeRecipe(Cafe.java:93)
	at uk.ac.sheffield.com1003.cafe.Cafe.removeRecipe(Cafe.java:93)
	at uk.ac.sheffield.com1003.cafe.Cafe.removeRecipe(Cafe.java:93)
	at uk.ac.sheffield.com1003.cafe.Cafe.removeRecipe(Cafe.java:93)
	at uk.ac.sheffield.com1003.cafe.Cafe.removeRecipe(Cafe.java:93)
	at uk.ac.sheffield.com1003.cafe.Cafe.removeRecipe(Cafe.java:93)
	at uk.ac.sheffield.com1003.cafe.Cafe.removeRecipe(Cafe.java:93)
	at uk.ac.sheffield.com1003.cafe.Cafe.removeRecipe(Cafe.java:93)
	at uk.ac.sheffield.com1003.cafe.Cafe.removeRecipe(Cafe.java:93)
	at uk.ac.sheffield.com1003.cafe.Cafe.removeRecipe(Cafe.java:93)
	at uk.ac.sheffield.com1003.cafe.Cafe.removeRecipe(Cafe.java:93)
	at uk.ac.sheffield.com1003.cafe.Cafe.removeRecipe(Cafe.java:93)
	at uk.ac.sheffield.com1003.cafe.Cafe.removeRecipe(Cafe.java:93)
	at uk.ac.sheffield.com1003.cafe.Cafe.removeRecipe(Cafe.java:93)
	at uk.ac.sheffield.com1003.cafe.Cafe.removeRecipe(Cafe.java:93)
	at uk.ac.sheffield.com1003.cafe.Cafe.removeRecipe(Cafe.java:93)
	at uk.ac.sheffield.com1003.cafe.Cafe.removeRecipe(Cafe.java:93)
	at uk.ac.sheffield.com1003.cafe.Cafe.removeRecipe(Cafe.java:93)
	at uk.ac.sheffield.com1003.cafe.Cafe.removeRecipe(Cafe.java:93)
	at uk.ac.sheffield.com1003.cafe.Cafe.removeRecipe(Cafe.java:93)
	at uk.ac.sheffield.com1003.cafe.Cafe.removeRecipe(Cafe.java:93)
	at uk.ac.sheffield.com1003.cafe.Cafe.removeRecipe(Cafe.java:93)
	at uk.ac.sheffield.com1003.cafe.Cafe.removeRecipe(Cafe.java:93)
	at uk.ac.sheffield.com1003.cafe.Cafe.removeRecipe(Cafe.java:93)
	at uk.ac.sheffield.com1003.cafe.Cafe.removeRecipe(Cafe.java:93)
	at uk.ac.sheffield.com1003.cafe.Cafe.removeRecipe(Cafe.java:93)
	at uk.ac.sheffield.com1003.cafe.Cafe.removeRecipe(Cafe.java:93)
	at uk.ac.sheffield.com1003.cafe.Cafe.removeRecipe(Cafe.java:93)
	at uk.ac.sheffield.com1003.cafe.Cafe.removeRecipe(Cafe.java:93)
	at uk.ac.sheffield.com1003.cafe.Cafe.removeRecipe(Cafe.java:93)
	at uk.ac.sheffield.com1003.cafe.Cafe.removeRecipe(Cafe.java:93)
	at uk.ac.sheffield.com1003.cafe.Cafe.removeRecipe(Cafe.java:93)
	at uk.ac.sheffield.com1003.cafe.Cafe.removeRecipe(Cafe.java:93)
	at uk.ac.sheffield.com1003.cafe.Cafe.removeRecipe(Cafe.java:93)
	at uk.ac.sheffield.com1003.cafe.Cafe.removeRecipe(Cafe.java:93)
	at uk.ac.sheffield.com1003.cafe.Cafe.removeRecipe(Cafe.java:93)
	at uk.ac.sheffield.com1003.cafe.Cafe.removeRecipe(Cafe.java:93)
	at uk.ac.sheffield.com1003.cafe.Cafe.removeRecipe(Cafe.java:93)
	at uk.ac.sheffield.com1003.cafe.Cafe.removeRecipe(Cafe.java:93)
	at uk.ac.sheffield.com1003.cafe.Cafe.removeRecipe(Cafe.java:93)
	at uk.ac.sheffield.com1003.cafe.Cafe.removeRecipe(Cafe.java:93)
	at uk.ac.sheffield.com1003.cafe.Cafe.removeRecipe(Cafe.java:93)
	at uk.ac.sheffield.com1003.cafe.Cafe.removeRecipe(Cafe.java:93)
	at uk.ac.sheffield.com1003.cafe.Cafe.removeRecipe(Cafe.java:93)
	at uk.ac.sheffield.com1003.cafe.Cafe.removeRecipe(Cafe.java:93)
	at uk.ac.sheffield.com1003.cafe.Cafe.removeRecipe(Cafe.java:93)
	at uk.ac.sheffield.com1003.cafe.Cafe.removeRecipe(Cafe.java:93)
	at uk.ac.sheffield.com1003.cafe.Cafe.removeRecipe(Cafe.java:93)
	at uk.ac.sheffield.com1003.cafe.Cafe.removeRecipe(Cafe.java:93)
	at uk.ac.sheffield.com1003.cafe.Cafe.removeRecipe(Cafe.java:93)
	at uk.ac.sheffield.com1003.cafe.Cafe.removeRecipe(Cafe.java:93)
	at uk.ac.sheffield.com1003.cafe.Cafe.removeRecipe(Cafe.java:93)
	at uk.ac.sheffield.com1003.cafe.Cafe.removeRecipe(Cafe.java:93)
	at uk.ac.sheffield.com1003.cafe.Cafe.removeRecipe(Cafe.java:93)
	at uk.ac.sheffield.com1003.cafe.Cafe.removeRecipe(Cafe.java:93)
	at uk.ac.sheffield.com1003.cafe.Cafe.removeRecipe(Cafe.java:93)
	at uk.ac.sheffield.com1003.cafe.Cafe.removeRecipe(Cafe.java:93)
	at uk.ac.sheffield.com1003.cafe.Cafe.removeRecipe(Cafe.java:93)
	at uk.ac.sheffield.com1003.cafe.Cafe.removeRecipe(Cafe.java:93)
	at uk.ac.sheffield.com1003.cafe.Cafe.removeRecipe(Cafe.java:93)
	at uk.ac.sheffield.com1003.cafe.Cafe.removeRecipe(Cafe.java:93)
	at uk.ac.sheffield.com1003.cafe.Cafe.removeRecipe(Cafe.java:93)
	at uk.ac.sheffield.com1003.cafe.Cafe.removeRecipe(Cafe.java:93)
	at uk.ac.sheffield.com1003.cafe.Cafe.removeRecipe(Cafe.java:93)
	at uk.ac.sheffield.com1003.cafe.Cafe.removeRecipe(Cafe.java:93)
	at uk.ac.sheffield.com1003.cafe.Cafe.removeRecipe(Cafe.java:93)
	at uk.ac.sheffield.com1003.cafe.Cafe.removeRecipe(Cafe.java:93)
	at uk.ac.sheffield.com1003.cafe.Cafe.removeRecipe(Cafe.java:93)
	at uk.ac.sheffield.com1003.cafe.Cafe.removeRecipe(Cafe.java:93)
	at uk.ac.sheffield.com1003.cafe.Cafe.removeRecipe(Cafe.java:93)
	at uk.ac.sheffield.com1003.cafe.Cafe.removeRecipe(Cafe.java:93)
	at uk.ac.sheffield.com1003.cafe.Cafe.removeRecipe(Cafe.java:93)
	at uk.ac.sheffield.com1003.cafe.Cafe.removeRecipe(Cafe.java:93)
	at uk.ac.sheffield.com1003.cafe.Cafe.removeRecipe(Cafe.java:93)
	at uk.ac.sheffield.com1003.cafe.Cafe.removeRecipe(Cafe.java:93)
	at uk.ac.sheffield.com1003.cafe.Cafe.removeRecipe(Cafe.java:93)
	at uk.ac.sheffield.com1003.cafe.Cafe.removeRecipe(Cafe.java:93)
	at uk.ac.sheffield.com1003.cafe.Cafe.removeRecipe(Cafe.java:93)
	at uk.ac.sheffield.com1003.cafe.Cafe.removeRecipe(Cafe.java:93)
	at uk.ac.sheffield.com1003.cafe.Cafe.removeRecipe(Cafe.java:93)
	at uk.ac.sheffield.com1003.cafe.Cafe.removeRecipe(Cafe.java:93)
	at uk.ac.sheffield.com1003.cafe.Cafe.removeRecipe(Cafe.java:93)
	at uk.ac.sheffield.com1003.cafe.Cafe.removeRecipe(Cafe.java:93)
	at uk.ac.sheffield.com1003.cafe.Cafe.removeRecipe(Cafe.java:93)
	at uk.ac.sheffield.com1003.cafe.Cafe.removeRecipe(Cafe.java:93)
	at uk.ac.sheffield.com1003.cafe.Cafe.removeRecipe(Cafe.java:93)
	at uk.ac.sheffield.com1003.cafe.Cafe.removeRecipe(Cafe.java:93)
	at uk.ac.sheffield.com1003.cafe.Cafe.removeRecipe(Cafe.java:93)
	at uk.ac.sheffield.com1003.cafe.Cafe.removeRecipe(Cafe.java:93)
	at uk.ac.sheffield.com1003.cafe.Cafe.removeRecipe(Cafe.java:93)
	at uk.ac.sheffield.com1003.cafe.Cafe.removeRecipe(Cafe.java:93)
	at uk.ac.sheffield.com1003.cafe.Cafe.removeRecipe(Cafe.java:93)
	at uk.ac.sheffield.com1003.cafe.Cafe.removeRecipe(Cafe.java:93)
	at uk.ac.sheffield.com1003.cafe.Cafe.removeRecipe(Cafe.java:93)
	at uk.ac.sheffield.com1003.cafe.Cafe.removeRecipe(Cafe.java:93)
	at uk.ac.sheffield.com1003.cafe.Cafe.removeRecipe(Cafe.java:93)
	at uk.ac.sheffield.com1003.cafe.Cafe.removeRecipe(Cafe.java:93)
	at uk.ac.sheffield.com1003.cafe.Cafe.removeRecipe(Cafe.java:93)
	at uk.ac.sheffield.com1003.cafe.Cafe.removeRecipe(Cafe.java:93)
	at uk.ac.sheffield.com1003.cafe.Cafe.removeRecipe(Cafe.java:93)
	at uk.ac.sheffield.com1003.cafe.Cafe.removeRecipe(Cafe.java:93)
	at uk.ac.sheffield.com1003.cafe.Cafe.removeRecipe(Cafe.java:93)
	at uk.ac.sheffield.com1003.cafe.Cafe.removeRecipe(Cafe.java:93)
	at uk.ac.sheffield.com1003.cafe.Cafe.removeRecipe(Cafe.java:93)
	at uk.ac.sheffield.com1003.cafe.Cafe.removeRecipe(Cafe.java:93)
	at uk.ac.sheffield.com1003.cafe.Cafe.removeRecipe(Cafe.java:93)
	at uk.ac.sheffield.com1003.cafe.Cafe.removeRecipe(Cafe.java:93)
	at uk.ac.sheffield.com1003.cafe.Cafe.removeRecipe(Cafe.java:93)
	at uk.ac.sheffield.com1003.cafe.Cafe.removeRecipe(Cafe.java:93)
	at uk.ac.sheffield.com1003.cafe.Cafe.removeRecipe(Cafe.java:93)
	at uk.ac.sheffield.com1003.cafe.Cafe.removeRecipe(Cafe.java:93)
	at uk.ac.sheffield.com1003.cafe.Cafe.removeRecipe(Cafe.java:93)
	at uk.ac.sheffield.com1003.cafe.Cafe.removeRecipe(Cafe.java:93)
	at uk.ac.sheffield.com1003.cafe.Cafe.removeRecipe(Cafe.java:93)
	at uk.ac.sheffield.com1003.cafe.Cafe.removeRecipe(Cafe.java:93)
	at uk.ac.sheffield.com1003.cafe.Cafe.removeRecipe(Cafe.java:93)
	at uk.ac.sheffield.com1003.cafe.Cafe.removeRecipe(Cafe.java:93)
	at uk.ac.sheffield.com1003.cafe.Cafe.removeRecipe(Cafe.java:93)
	at uk.ac.sheffield.com1003.cafe.Cafe.removeRecipe(Cafe.java:93)
	at uk.ac.sheffield.com1003.cafe.Cafe.removeRecipe(Cafe.java:93)
	at uk.ac.sheffield.com1003.cafe.Cafe.removeRecipe(Cafe.java:93)
	at uk.ac.sheffield.com1003.cafe.Cafe.removeRecipe(Cafe.java:93)
	at uk.ac.sheffield.com1003.cafe.Cafe.removeRecipe(Cafe.java:93)
	at uk.ac.sheffield.com1003.cafe.Cafe.removeRecipe(Cafe.java:93)
	at uk.ac.sheffield.com1003.cafe.Cafe.removeRecipe(Cafe.java:93)
	at uk.ac.sheffield.com1003.cafe.Cafe.removeRecipe(Cafe.java:93)
	at uk.ac.sheffield.com1003.cafe.Cafe.removeRecipe(Cafe.java:93)
	at uk.ac.sheffield.com1003.cafe.Cafe.removeRecipe(Cafe.java:93)
	at uk.ac.sheffield.com1003.cafe.Cafe.removeRecipe(Cafe.java:93)
	at uk.ac.sheffield.com1003.cafe.Cafe.removeRecipe(Cafe.java:93)
	at uk.ac.sheffield.com1003.cafe.Cafe.removeRecipe(Cafe.java:93)
	at uk.ac.sheffield.com1003.cafe.Cafe.removeRecipe(Cafe.java:93)
	at uk.ac.sheffield.com1003.cafe.Cafe.removeRecipe(Cafe.java:93)
	at uk.ac.sheffield.com1003.cafe.Cafe.removeRecipe(Cafe.java:93)
	at uk.ac.sheffield.com1003.cafe.Cafe.removeRecipe(Cafe.java:93)
	at uk.ac.sheffield.com1003.cafe.Cafe.removeRecipe(Cafe.java:93)
	at uk.ac.sheffield.com1003.cafe.Cafe.removeRecipe(Cafe.java:93)
	at uk.ac.sheffield.com1003.cafe.Cafe.removeRecipe(Cafe.java:93)
	at uk.ac.sheffield.com1003.cafe.Cafe.removeRecipe(Cafe.java:93)
	at uk.ac.sheffield.com1003.cafe.Cafe.removeRecipe(Cafe.java:93)
	at uk.ac.sheffield.com1003.cafe.Cafe.removeRecipe(Cafe.java:93)
	at uk.ac.sheffield.com1003.cafe.Cafe.removeRecipe(Cafe.java:93)
	at uk.ac.sheffield.com1003.cafe.Cafe.removeRecipe(Cafe.java:93)
	at uk.ac.sheffield.com1003.cafe.Cafe.removeRecipe(Cafe.java:93)
	at uk.ac.sheffield.com1003.cafe.Cafe.removeRecipe(Cafe.java:93)
	at uk.ac.sheffield.com1003.cafe.Cafe.removeRecipe(Cafe.java:93)
	at uk.ac.sheffield.com1003.cafe.Cafe.removeRecipe(Cafe.java:93)
	at uk.ac.sheffield.com1003.cafe.Cafe.removeRecipe(Cafe.java:93)
	at uk.ac.sheffield.com1003.cafe.Cafe.removeRecipe(Cafe.java:93)
	at uk.ac.sheffield.com1003.cafe.Cafe.removeRecipe(Cafe.java:93)
	at uk.ac.sheffield.com1003.cafe.Cafe.removeRecipe(Cafe.java:93)
	at uk.ac.sheffield.com1003.cafe.Cafe.removeRecipe(Cafe.java:93)
	at uk.ac.sheffield.com1003.cafe.Cafe.removeRecipe(Cafe.java:93)
	at uk.ac.sheffield.com1003.cafe.Cafe.removeRecipe(Cafe.java:93)
	at uk.ac.sheffield.com1003.cafe.Cafe.removeRecipe(Cafe.java:93)
	at uk.ac.sheffield.com1003.cafe.Cafe.removeRecipe(Cafe.java:93)
	at uk.ac.sheffield.com1003.cafe.Cafe.removeRecipe(Cafe.java:93)
	at uk.ac.sheffield.com1003.cafe.Cafe.removeRecipe(Cafe.java:93)
	at uk.ac.sheffield.com1003.cafe.Cafe.removeRecipe(Cafe.java:93)
	at uk.ac.sheffield.com1003.cafe.Cafe.removeRecipe(Cafe.java:93)
	at uk.ac.sheffield.com1003.cafe.Cafe.removeRecipe(Cafe.java:93)
	at uk.ac.sheffield.com1003.cafe.Cafe.removeRecipe(Cafe.java:93)
	at uk.ac.sheffield.com1003.cafe.Cafe.removeRecipe(Cafe.java:93)
	at uk.ac.sheffield.com1003.cafe.Cafe.removeRecipe(Cafe.java:93)
	at uk.ac.sheffield.com1003.cafe.Cafe.removeRecipe(Cafe.java:93)
	at uk.ac.sheffield.com1003.cafe.Cafe.removeRecipe(Cafe.java:93)
	at uk.ac.sheffield.com1003.cafe.Cafe.removeRecipe(Cafe.java:93)
	at uk.ac.sheffield.com1003.cafe.Cafe.removeRecipe(Cafe.java:93)
	at uk.ac.sheffield.com1003.cafe.Cafe.removeRecipe(Cafe.java:93)
	at uk.ac.sheffield.com1003.cafe.Cafe.removeRecipe(Cafe.java:93)
	at uk.ac.sheffield.com1003.cafe.Cafe.removeRecipe(Cafe.java:93)
	at uk.ac.sheffield.com1003.cafe.Cafe.removeRecipe(Cafe.java:93)
	at uk.ac.sheffield.com1003.cafe.Cafe.removeRecipe(Cafe.java:93)
	at uk.ac.sheffield.com1003.cafe.Cafe.removeRecipe(Cafe.java:93)
	at uk.ac.sheffield.com1003.cafe.Cafe.removeRecipe(Cafe.java:93)
	at uk.ac.sheffield.com1003.cafe.Cafe.removeRecipe(Cafe.java:93)
	at uk.ac.sheffield.com1003.cafe.Cafe.removeRecipe(Cafe.java:93)
	at uk.ac.sheffield.com1003.cafe.Cafe.removeRecipe(Cafe.java:93)
	at uk.ac.sheffield.com1003.cafe.Cafe.removeRecipe(Cafe.java:93)
	at uk.ac.sheffield.com1003.cafe.Cafe.removeRecipe(Cafe.java:93)
	at uk.ac.sheffield.com1003.cafe.Cafe.removeRecipe(Cafe.java:93)
	at uk.ac.sheffield.com1003.cafe.Cafe.removeRecipe(Cafe.java:93)
	at uk.ac.sheffield.com1003.cafe.Cafe.removeRecipe(Cafe.java:93)
	at uk.ac.sheffield.com1003.cafe.Cafe.removeRecipe(Cafe.java:93)
	at uk.ac.sheffield.com1003.cafe.Cafe.removeRecipe(Cafe.java:93)
	at uk.ac.sheffield.com1003.cafe.Cafe.removeRecipe(Cafe.java:93)
	at uk.ac.sheffield.com1003.cafe.Cafe.removeRecipe(Cafe.java:93)
	at uk.ac.sheffield.com1003.cafe.Cafe.removeRecipe(Cafe.java:93)
	at uk.ac.sheffield.com1003.cafe.Cafe.removeRecipe(Cafe.java:93)
	at uk.ac.sheffield.com1003.cafe.Cafe.removeRecipe(Cafe.java:93)
	at uk.ac.sheffield.com1003.cafe.Cafe.removeRecipe(Cafe.java:93)
	at uk.ac.sheffield.com1003.cafe.Cafe.removeRecipe(Cafe.java:93)
	at uk.ac.sheffield.com1003.cafe.Cafe.removeRecipe(Cafe.java:93)
	at uk.ac.sheffield.com1003.cafe.Cafe.removeRecipe(Cafe.java:93)
	at uk.ac.sheffield.com1003.cafe.Cafe.removeRecipe(Cafe.java:93)
	at uk.ac.sheffield.com1003.cafe.Cafe.removeRecipe(Cafe.java:93)
	at uk.ac.sheffield.com1003.cafe.Cafe.removeRecipe(Cafe.java:93)
	at uk.ac.sheffield.com1003.cafe.Cafe.removeRecipe(Cafe.java:93)
	at uk.ac.sheffield.com1003.cafe.Cafe.removeRecipe(Cafe.java:93)
	at uk.ac.sheffield.com1003.cafe.Cafe.removeRecipe(Cafe.java:93)
	at uk.ac.sheffield.com1003.cafe.Cafe.removeRecipe(Cafe.java:93)
	at uk.ac.sheffield.com1003.cafe.Cafe.removeRecipe(Cafe.java:93)
	at uk.ac.sheffield.com1003.cafe.Cafe.removeRecipe(Cafe.java:93)
	at uk.ac.sheffield.com1003.cafe.Cafe.removeRecipe(Cafe.java:93)
	at uk.ac.sheffield.com1003.cafe.Cafe.removeRecipe(Cafe.java:93)
	at uk.ac.sheffield.com1003.cafe.Cafe.removeRecipe(Cafe.java:93)
	at uk.ac.sheffield.com1003.cafe.Cafe.removeRecipe(Cafe.java:93)
	at uk.ac.sheffield.com1003.cafe.Cafe.removeRecipe(Cafe.java:93)
	at uk.ac.sheffield.com1003.cafe.Cafe.removeRecipe(Cafe.java:93)
	at uk.ac.sheffield.com1003.cafe.Cafe.removeRecipe(Cafe.java:93)
	at uk.ac.sheffield.com1003.cafe.Cafe.removeRecipe(Cafe.java:93)
	at uk.ac.sheffield.com1003.cafe.Cafe.removeRecipe(Cafe.java:93)
	at uk.ac.sheffield.com1003.cafe.Cafe.removeRecipe(Cafe.java:93)
	at uk.ac.sheffield.com1003.cafe.Cafe.removeRecipe(Cafe.java:93)
	at uk.ac.sheffield.com1003.cafe.Cafe.removeRecipe(Cafe.java:93)
	at uk.ac.sheffield.com1003.cafe.Cafe.removeRecipe(Cafe.java:93)
	at uk.ac.sheffield.com1003.cafe.Cafe.removeRecipe(Cafe.java:93)
	at uk.ac.sheffield.com1003.cafe.Cafe.removeRecipe(Cafe.java:93)
	at uk.ac.sheffield.com1003.cafe.Cafe.removeRecipe(Cafe.java:93)
	at uk.ac.sheffield.com1003.cafe.Cafe.removeRecipe(Cafe.java:93)
	at uk.ac.sheffield.com1003.cafe.Cafe.removeRecipe(Cafe.java:93)
	at uk.ac.sheffield.com1003.cafe.Cafe.removeRecipe(Cafe.java:93)
	at uk.ac.sheffield.com1003.cafe.Cafe.removeRecipe(Cafe.java:93)
	at uk.ac.sheffield.com1003.cafe.Cafe.removeRecipe(Cafe.java:93)
	at uk.ac.sheffield.com1003.cafe.Cafe.removeRecipe(Cafe.java:93)
	at uk.ac.sheffield.com1003.cafe.Cafe.removeRecipe(Cafe.java:93)
	at uk.ac.sheffield.com1003.cafe.Cafe.removeRecipe(Cafe.java:93)
	at uk.ac.sheffield.com1003.cafe.Cafe.removeRecipe(Cafe.java:93)
	at uk.ac.sheffield.com1003.cafe.Cafe.removeRecipe(Cafe.java:93)
	at uk.ac.sheffield.com1003.cafe.Cafe.removeRecipe(Cafe.java:93)
	at uk.ac.sheffield.com1003.cafe.Cafe.removeRecipe(Cafe.java:93)
	at uk.ac.sheffield.com1003.cafe.Cafe.removeRecipe(Cafe.java:93)
	at uk.ac.sheffield.com1003.cafe.Cafe.removeRecipe(Cafe.java:93)
	at uk.ac.sheffield.com1003.cafe.Cafe.removeRecipe(Cafe.java:93)
	at uk.ac.sheffield.com1003.cafe.Cafe.removeRecipe(Cafe.java:93)
	at uk.ac.sheffield.com1003.cafe.Cafe.removeRecipe(Cafe.java:93)
	at uk.ac.sheffield.com1003.cafe.Cafe.removeRecipe(Cafe.java:93)
	at uk.ac.sheffield.com1003.cafe.Cafe.removeRecipe(Cafe.java:93)
	at uk.ac.sheffield.com1003.cafe.Cafe.removeRecipe(Cafe.java:93)
	at uk.ac.sheffield.com1003.cafe.Cafe.removeRecipe(Cafe.java:93)
	at uk.ac.sheffield.com1003.cafe.Cafe.removeRecipe(Cafe.java:93)
	at uk.ac.sheffield.com1003.cafe.Cafe.removeRecipe(Cafe.java:93)
	at uk.ac.sheffield.com1003.cafe.Cafe.removeRecipe(Cafe.java:93)
	at uk.ac.sheffield.com1003.cafe.Cafe.removeRecipe(Cafe.java:93)
	at uk.ac.sheffield.com1003.cafe.Cafe.removeRecipe(Cafe.java:93)
	at uk.ac.sheffield.com1003.cafe.Cafe.removeRecipe(Cafe.java:93)
	at uk.ac.sheffield.com1003.cafe.Cafe.removeRecipe(Cafe.java:93)
	at uk.ac.sheffield.com1003.cafe.Cafe.removeRecipe(Cafe.java:93)
	at uk.ac.sheffield.com1003.cafe.Cafe.removeRecipe(Cafe.java:93)
	at uk.ac.sheffield.com1003.cafe.Cafe.removeRecipe(Cafe.java:93)
	at uk.ac.sheffield.com1003.cafe.Cafe.removeRecipe(Cafe.java:93)
	at uk.ac.sheffield.com1003.cafe.Cafe.removeRecipe(Cafe.java:93)
	at uk.ac.sheffield.com1003.cafe.Cafe.removeRecipe(Cafe.java:93)
	at uk.ac.sheffield.com1003.cafe.Cafe.removeRecipe(Cafe.java:93)
	at uk.ac.sheffield.com1003.cafe.Cafe.removeRecipe(Cafe.java:93)
	at uk.ac.sheffield.com1003.cafe.Cafe.removeRecipe(Cafe.java:93)
	at uk.ac.sheffield.com1003.cafe.Cafe.removeRecipe(Cafe.java:93)
	at uk.ac.sheffield.com1003.cafe.Cafe.removeRecipe(Cafe.java:93)
	at uk.ac.sheffield.com1003.cafe.Cafe.removeRecipe(Cafe.java:93)
	at uk.ac.sheffield.com1003.cafe.Cafe.removeRecipe(Cafe.java:93)
	at uk.ac.sheffield.com1003.cafe.Cafe.removeRecipe(Cafe.java:93)
	at uk.ac.sheffield.com1003.cafe.Cafe.removeRecipe(Cafe.java:93)
	at uk.ac.sheffield.com1003.cafe.Cafe.removeRecipe(Cafe.java:93)
	at uk.ac.sheffield.com1003.cafe.Cafe.removeRecipe(Cafe.java:93)
	at uk.ac.sheffield.com1003.cafe.Cafe.removeRecipe(Cafe.java:93)
	at uk.ac.sheffield.com1003.cafe.Cafe.removeRecipe(Cafe.java:93)
	at uk.ac.sheffield.com1003.cafe.Cafe.removeRecipe(Cafe.java:93)
	at uk.ac.sheffield.com1003.cafe.Cafe.removeRecipe(Cafe.java:93)
	at uk.ac.sheffield.com1003.cafe.Cafe.removeRecipe(Cafe.java:93)
	at uk.ac.sheffield.com1003.cafe.Cafe.removeRecipe(Cafe.java:93)
	at uk.ac.sheffield.com1003.cafe.Cafe.removeRecipe(Cafe.java:93)
	at uk.ac.sheffield.com1003.cafe.Cafe.removeRecipe(Cafe.java:93)
	at uk.ac.sheffield.com1003.cafe.Cafe.removeRecipe(Cafe.java:93)
	at uk.ac.sheffield.com1003.cafe.Cafe.removeRecipe(Cafe.java:93)
	at uk.ac.sheffield.com1003.cafe.Cafe.removeRecipe(Cafe.java:93)
	at uk.ac.sheffield.com1003.cafe.Cafe.removeRecipe(Cafe.java:93)
	at uk.ac.sheffield.com1003.cafe.Cafe.removeRecipe(Cafe.java:93)
	at uk.ac.sheffield.com1003.cafe.Cafe.removeRecipe(Cafe.java:93)
	at uk.ac.sheffield.com1003.cafe.Cafe.removeRecipe(Cafe.java:93)
	at uk.ac.sheffield.com1003.cafe.Cafe.removeRecipe(Cafe.java:93)
	at uk.ac.sheffield.com1003.cafe.Cafe.removeRecipe(Cafe.java:93)
	at uk.ac.sheffield.com1003.cafe.Cafe.removeRecipe(Cafe.java:93)
	at uk.ac.sheffield.com1003.cafe.Cafe.removeRecipe(Cafe.java:93)
	at uk.ac.sheffield.com1003.cafe.Cafe.removeRecipe(Cafe.java:93)
	at uk.ac.sheffield.com1003.cafe.Cafe.removeRecipe(Cafe.java:93)
	at uk.ac.sheffield.com1003.cafe.Cafe.removeRecipe(Cafe.java:93)
	at uk.ac.sheffield.com1003.cafe.Cafe.removeRecipe(Cafe.java:93)
	at uk.ac.sheffield.com1003.cafe.Cafe.removeRecipe(Cafe.java:93)
	at uk.ac.sheffield.com1003.cafe.Cafe.removeRecipe(Cafe.java:93)
	at uk.ac.sheffield.com1003.cafe.Cafe.removeRecipe(Cafe.java:93)
	at uk.ac.sheffield.com1003.cafe.Cafe.removeRecipe(Cafe.java:93)
	at uk.ac.sheffield.com1003.cafe.Cafe.removeRecipe(Cafe.java:93)
	at uk.ac.sheffield.com1003.cafe.Cafe.removeRecipe(Cafe.java:93)
	at uk.ac.sheffield.com1003.cafe.Cafe.removeRecipe(Cafe.java:93)
	at uk.ac.sheffield.com1003.cafe.Cafe.removeRecipe(Cafe.java:93)
	at uk.ac.sheffield.com1003.cafe.Cafe.removeRecipe(Cafe.java:93)
	at uk.ac.sheffield.com1003.cafe.Cafe.removeRecipe(Cafe.java:93)
	at uk.ac.sheffield.com1003.cafe.Cafe.removeRecipe(Cafe.java:93)
	at uk.ac.sheffield.com1003.cafe.Cafe.removeRecipe(Cafe.java:93)
	at uk.ac.sheffield.com1003.cafe.Cafe.removeRecipe(Cafe.java:93)
	at uk.ac.sheffield.com1003.cafe.Cafe.removeRecipe(Cafe.java:93)
	at uk.ac.sheffield.com1003.cafe.Cafe.removeRecipe(Cafe.java:93)
	at uk.ac.sheffield.com1003.cafe.Cafe.removeRecipe(Cafe.java:93)
	at uk.ac.sheffield.com1003.cafe.Cafe.removeRecipe(Cafe.java:93)
	at uk.ac.sheffield.com1003.cafe.Cafe.removeRecipe(Cafe.java:93)
	at uk.ac.sheffield.com1003.cafe.Cafe.removeRecipe(Cafe.java:93)
	at uk.ac.sheffield.com1003.cafe.Cafe.removeRecipe(Cafe.java:93)
	at uk.ac.sheffield.com1003.cafe.Cafe.removeRecipe(Cafe.java:93)
	at uk.ac.sheffield.com1003.cafe.Cafe.removeRecipe(Cafe.java:93)
	at uk.ac.sheffield.com1003.cafe.Cafe.removeRecipe(Cafe.java:93)
	at uk.ac.sheffield.com1003.cafe.Cafe.removeRecipe(Cafe.java:93)
	at uk.ac.sheffield.com1003.cafe.Cafe.removeRecipe(Cafe.java:93)
	at uk.ac.sheffield.com1003.cafe.Cafe.removeRecipe(Cafe.java:93)
	at uk.ac.sheffield.com1003.cafe.Cafe.removeRecipe(Cafe.java:93)
	at uk.ac.sheffield.com1003.cafe.Cafe.removeRecipe(Cafe.java:93)
	at uk.ac.sheffield.com1003.cafe.Cafe.removeRecipe(Cafe.java:93)
	at uk.ac.sheffield.com1003.cafe.Cafe.removeRecipe(Cafe.java:93)
	at uk.ac.sheffield.com1003.cafe.Cafe.removeRecipe(Cafe.java:93)
	at uk.ac.sheffield.com1003.cafe.Cafe.removeRecipe(Cafe.java:93)
	at uk.ac.sheffield.com1003.cafe.Cafe.removeRecipe(Cafe.java:93)
	at uk.ac.sheffield.com1003.cafe.Cafe.removeRecipe(Cafe.java:93)
	at uk.ac.sheffield.com1003.cafe.Cafe.removeRecipe(Cafe.java:93)
	at uk.ac.sheffield.com1003.cafe.Cafe.removeRecipe(Cafe.java:93)
	at uk.ac.sheffield.com1003.cafe.Cafe.removeRecipe(Cafe.java:93)
	at uk.ac.sheffield.com1003.cafe.Cafe.removeRecipe(Cafe.java:93)
	at uk.ac.sheffield.com1003.cafe.Cafe.removeRecipe(Cafe.java:93)
	at uk.ac.sheffield.com1003.cafe.Cafe.removeRecipe(Cafe.java:93)
	at uk.ac.sheffield.com1003.cafe.Cafe.removeRecipe(Cafe.java:93)
	at uk.ac.sheffield.com1003.cafe.Cafe.removeRecipe(Cafe.java:93)
	at uk.ac.sheffield.com1003.cafe.Cafe.removeRecipe(Cafe.java:93)
	at uk.ac.sheffield.com1003.cafe.Cafe.removeRecipe(Cafe.java:93)
	at uk.ac.sheffield.com1003.cafe.Cafe.removeRecipe(Cafe.java:93)
	at uk.ac.sheffield.com1003.cafe.Cafe.removeRecipe(Cafe.java:93)
	at uk.ac.sheffield.com1003.cafe.Cafe.removeRecipe(Cafe.java:93)
	at uk.ac.sheffield.com1003.cafe.Cafe.removeRecipe(Cafe.java:93)
	at uk.ac.sheffield.com1003.cafe.Cafe.removeRecipe(Cafe.java:93)
	at uk.ac.sheffield.com1003.cafe.Cafe.removeRecipe(Cafe.java:93)
	at uk.ac.sheffield.com1003.cafe.Cafe.removeRecipe(Cafe.java:93)
	at uk.ac.sheffield.com1003.cafe.Cafe.removeRecipe(Cafe.java:93)
	at uk.ac.sheffield.com1003.cafe.Cafe.removeRecipe(Cafe.java:93)
	at uk.ac.sheffield.com1003.cafe.Cafe.removeRecipe(Cafe.java:93)
	at uk.ac.sheffield.com1003.cafe.Cafe.removeRecipe(Cafe.java:93)
	at uk.ac.sheffield.com1003.cafe.Cafe.removeRecipe(Cafe.java:93)
	at uk.ac.sheffield.com1003.cafe.Cafe.removeRecipe(Cafe.java:93)
	at uk.ac.sheffield.com1003.cafe.Cafe.removeRecipe(Cafe.java:93)
	at uk.ac.sheffield.com1003.cafe.Cafe.removeRecipe(Cafe.java:93)
	at uk.ac.sheffield.com1003.cafe.Cafe.removeRecipe(Cafe.java:93)
	at uk.ac.sheffield.com1003.cafe.Cafe.removeRecipe(Cafe.java:93)
	at uk.ac.sheffield.com1003.cafe.Cafe.removeRecipe(Cafe.java:93)
	at uk.ac.sheffield.com1003.cafe.Cafe.removeRecipe(Cafe.java:93)
	at uk.ac.sheffield.com1003.cafe.Cafe.removeRecipe(Cafe.java:93)
	at uk.ac.sheffield.com1003.cafe.Cafe.removeRecipe(Cafe.java:93)
	at uk.ac.sheffield.com1003.cafe.Cafe.removeRecipe(Cafe.java:93)
	at uk.ac.sheffield.com1003.cafe.Cafe.removeRecipe(Cafe.java:93)
	at uk.ac.sheffield.com1003.cafe.Cafe.removeRecipe(Cafe.java:93)
	at uk.ac.sheffield.com1003.cafe.Cafe.removeRecipe(Cafe.java:93)
	at uk.ac.sheffield.com1003.cafe.Cafe.removeRecipe(Cafe.java:93)
	at uk.ac.sheffield.com1003.cafe.Cafe.removeRecipe(Cafe.java:93)
	at uk.ac.sheffield.com1003.cafe.Cafe.removeRecipe(Cafe.java:93)
	at uk.ac.sheffield.com1003.cafe.Cafe.removeRecipe(Cafe.java:93)
	at uk.ac.sheffield.com1003.cafe.Cafe.removeRecipe(Cafe.java:93)
	at uk.ac.sheffield.com1003.cafe.Cafe.removeRecipe(Cafe.java:93)
	at uk.ac.sheffield.com1003.cafe.Cafe.removeRecipe(Cafe.java:93)
	at uk.ac.sheffield.com1003.cafe.Cafe.removeRecipe(Cafe.java:93)
	at uk.ac.sheffield.com1003.cafe.Cafe.removeRecipe(Cafe.java:93)
	at uk.ac.sheffield.com1003.cafe.Cafe.removeRecipe(Cafe.java:93)
	at uk.ac.sheffield.com1003.cafe.Cafe.removeRecipe(Cafe.java:93)
	at uk.ac.sheffield.com1003.cafe.Cafe.removeRecipe(Cafe.java:93)
	at uk.ac.sheffield.com1003.cafe.Cafe.removeRecipe(Cafe.java:93)
	at uk.ac.sheffield.com1003.cafe.Cafe.removeRecipe(Cafe.java:93)
	at uk.ac.sheffield.com1003.cafe.Cafe.removeRecipe(Cafe.java:93)
	at uk.ac.sheffield.com1003.cafe.Cafe.removeRecipe(Cafe.java:93)
	at uk.ac.sheffield.com1003.cafe.Cafe.removeRecipe(Cafe.java:93)
	at uk.ac.sheffield.com1003.cafe.Cafe.removeRecipe(Cafe.java:93)
	at uk.ac.sheffield.com1003.cafe.Cafe.removeRecipe(Cafe.java:93)
	at uk.ac.sheffield.com1003.cafe.Cafe.removeRecipe(Cafe.java:93)
	at uk.ac.sheffield.com1003.cafe.Cafe.removeRecipe(Cafe.java:93)
	at uk.ac.sheffield.com1003.cafe.Cafe.removeRecipe(Cafe.java:93)
	at uk.ac.sheffield.com1003.cafe.Cafe.removeRecipe(Cafe.java:93)
	at uk.ac.sheffield.com1003.cafe.Cafe.removeRecipe(Cafe.java:93)
	at uk.ac.sheffield.com1003.cafe.Cafe.removeRecipe(Cafe.java:93)
	at uk.ac.sheffield.com1003.cafe.Cafe.removeRecipe(Cafe.java:93)
	at uk.ac.sheffield.com1003.cafe.Cafe.removeRecipe(Cafe.java:93)
	at uk.ac.sheffield.com1003.cafe.Cafe.removeRecipe(Cafe.java:93)
	at uk.ac.sheffield.com1003.cafe.Cafe.removeRecipe(Cafe.java:93)
	at uk.ac.sheffield.com1003.cafe.Cafe.removeRecipe(Cafe.java:93)
	at uk.ac.sheffield.com1003.cafe.Cafe.removeRecipe(Cafe.java:93)
	at uk.ac.sheffield.com1003.cafe.Cafe.removeRecipe(Cafe.java:93)
	at uk.ac.sheffield.com1003.cafe.Cafe.removeRecipe(Cafe.java:93)
	at uk.ac.sheffield.com1003.cafe.Cafe.removeRecipe(Cafe.java:93)
	at uk.ac.sheffield.com1003.cafe.Cafe.removeRecipe(Cafe.java:93)
	at uk.ac.sheffield.com1003.cafe.Cafe.removeRecipe(Cafe.java:93)
	at uk.ac.sheffield.com1003.cafe.Cafe.removeRecipe(Cafe.java:93)
	at uk.ac.sheffield.com1003.cafe.Cafe.removeRecipe(Cafe.java:93)
	at uk.ac.sheffield.com1003.cafe.Cafe.removeRecipe(Cafe.java:93)
	at uk.ac.sheffield.com1003.cafe.Cafe.removeRecipe(Cafe.java:93)
	at uk.ac.sheffield.com1003.cafe.Cafe.removeRecipe(Cafe.java:93)
	at uk.ac.sheffield.com1003.cafe.Cafe.removeRecipe(Cafe.java:93)
	at uk.ac.sheffield.com1003.cafe.Cafe.removeRecipe(Cafe.java:93)
	at uk.ac.sheffield.com1003.cafe.Cafe.removeRecipe(Cafe.java:93)
	at uk.ac.sheffield.com1003.cafe.Cafe.removeRecipe(Cafe.java:93)
	at uk.ac.sheffield.com1003.cafe.Cafe.removeRecipe(Cafe.java:93)
	at uk.ac.sheffield.com1003.cafe.Cafe.removeRecipe(Cafe.java:93)
	at uk.ac.sheffield.com1003.cafe.Cafe.removeRecipe(Cafe.java:93)
	at uk.ac.sheffield.com1003.cafe.Cafe.removeRecipe(Cafe.java:93)
	at uk.ac.sheffield.com1003.cafe.Cafe.removeRecipe(Cafe.java:93)
	at uk.ac.sheffield.com1003.cafe.Cafe.removeRecipe(Cafe.java:93)
	at uk.ac.sheffield.com1003.cafe.Cafe.removeRecipe(Cafe.java:93)
	at uk.ac.sheffield.com1003.cafe.Cafe.removeRecipe(Cafe.java:93)
	at uk.ac.sheffield.com1003.cafe.Cafe.removeRecipe(Cafe.java:93)
	at uk.ac.sheffield.com1003.cafe.Cafe.removeRecipe(Cafe.java:93)
	at uk.ac.sheffield.com1003.cafe.Cafe.removeRecipe(Cafe.java:93)
	at uk.ac.sheffield.com1003.cafe.Cafe.removeRecipe(Cafe.java:93)
	at uk.ac.sheffield.com1003.cafe.Cafe.removeRecipe(Cafe.java:93)
	at uk.ac.sheffield.com1003.cafe.Cafe.removeRecipe(Cafe.java:93)
	at uk.ac.sheffield.com1003.cafe.Cafe.removeRecipe(Cafe.java:93)
	at uk.ac.sheffield.com1003.cafe.Cafe.removeRecipe(Cafe.java:93)
	at uk.ac.sheffield.com1003.cafe.Cafe.removeRecipe(Cafe.java:93)
	at uk.ac.sheffield.com1003.cafe.Cafe.removeRecipe(Cafe.java:93)
	at uk.ac.sheffield.com1003.cafe.Cafe.removeRecipe(Cafe.java:93)
	at uk.ac.sheffield.com1003.cafe.Cafe.removeRecipe(Cafe.java:93)
	at uk.ac.sheffield.com1003.cafe.Cafe.removeRecipe(Cafe.java:93)
	at uk.ac.sheffield.com1003.cafe.Cafe.removeRecipe(Cafe.java:93)
	at uk.ac.sheffield.com1003.cafe.Cafe.removeRecipe(Cafe.java:93)
	at uk.ac.sheffield.com1003.cafe.Cafe.removeRecipe(Cafe.java:93)
	at uk.ac.sheffield.com1003.cafe.Cafe.removeRecipe(Cafe.java:93)
	at uk.ac.sheffield.com1003.cafe.Cafe.removeRecipe(Cafe.java:93)
	at uk.ac.sheffield.com1003.cafe.Cafe.removeRecipe(Cafe.java:93)
	at uk.ac.sheffield.com1003.cafe.Cafe.removeRecipe(Cafe.java:93)
	at uk.ac.sheffield.com1003.cafe.Cafe.removeRecipe(Cafe.java:93)
	at uk.ac.sheffield.com1003.cafe.Cafe.removeRecipe(Cafe.java:93)
	at uk.ac.sheffield.com1003.cafe.Cafe.removeRecipe(Cafe.java:93)
	at uk.ac.sheffield.com1003.cafe.Cafe.removeRecipe(Cafe.java:93)
	at uk.ac.sheffield.com1003.cafe.Cafe.removeRecipe(Cafe.java:93)
	at uk.ac.sheffield.com1003.cafe.Cafe.removeRecipe(Cafe.java:93)
	at uk.ac.sheffield.com1003.cafe.Cafe.removeRecipe(Cafe.java:93)
	at uk.ac.sheffield.com1003.cafe.Cafe.removeRecipe(Cafe.java:93)
	at uk.ac.sheffield.com1003.cafe.Cafe.removeRecipe(Cafe.java:93)
	at uk.ac.sheffield.com1003.cafe.Cafe.removeRecipe(Cafe.java:93)
	at uk.ac.sheffield.com1003.cafe.Cafe.removeRecipe(Cafe.java:93)
	at uk.ac.sheffield.com1003.cafe.Cafe.removeRecipe(Cafe.java:93)
	at uk.ac.sheffield.com1003.cafe.Cafe.removeRecipe(Cafe.java:93)
	at uk.ac.sheffield.com1003.cafe.Cafe.removeRecipe(Cafe.java:93)
	at uk.ac.sheffield.com1003.cafe.Cafe.removeRecipe(Cafe.java:93)
	at uk.ac.sheffield.com1003.cafe.Cafe.removeRecipe(Cafe.java:93)
	at uk.ac.sheffield.com1003.cafe.Cafe.removeRecipe(Cafe.java:93)
	at uk.ac.sheffield.com1003.cafe.Cafe.removeRecipe(Cafe.java:93)
	at uk.ac.sheffield.com1003.cafe.Cafe.removeRecipe(Cafe.java:93)
	at uk.ac.sheffield.com1003.cafe.Cafe.removeRecipe(Cafe.java:93)
	at uk.ac.sheffield.com1003.cafe.Cafe.removeRecipe(Cafe.java:93)
	at uk.ac.sheffield.com1003.cafe.Cafe.removeRecipe(Cafe.java:93)
	at uk.ac.sheffield.com1003.cafe.Cafe.removeRecipe(Cafe.java:93)
	at uk.ac.sheffield.com1003.cafe.Cafe.removeRecipe(Cafe.java:93)
	at uk.ac.sheffield.com1003.cafe.Cafe.removeRecipe(Cafe.java:93)
	at uk.ac.sheffield.com1003.cafe.Cafe.removeRecipe(Cafe.java:93)
	at uk.ac.sheffield.com1003.cafe.Cafe.removeRecipe(Cafe.java:93)
	at uk.ac.sheffield.com1003.cafe.Cafe.removeRecipe(Cafe.java:93)
	at uk.ac.sheffield.com1003.cafe.Cafe.removeRecipe(Cafe.java:93)
	at uk.ac.sheffield.com1003.cafe.Cafe.removeRecipe(Cafe.java:93)
	at uk.ac.sheffield.com1003.cafe.Cafe.removeRecipe(Cafe.java:93)
	at uk.ac.sheffield.com1003.cafe.Cafe.removeRecipe(Cafe.java:93)
	at uk.ac.sheffield.com1003.cafe.Cafe.removeRecipe(Cafe.java:93)
	at uk.ac.sheffield.com1003.cafe.Cafe.removeRecipe(Cafe.java:93)
	at uk.ac.sheffield.com1003.cafe.Cafe.removeRecipe(Cafe.java:93)
	at uk.ac.sheffield.com1003.cafe.Cafe.removeRecipe(Cafe.java:93)
	at uk.ac.sheffield.com1003.cafe.Cafe.removeRecipe(Cafe.java:93)
	at uk.ac.sheffield.com1003.cafe.Cafe.removeRecipe(Cafe.java:93)
	at uk.ac.sheffield.com1003.cafe.Cafe.removeRecipe(Cafe.java:93)
	at uk.ac.sheffield.com1003.cafe.Cafe.removeRecipe(Cafe.java:93)
	at uk.ac.sheffield.com1003.cafe.Cafe.removeRecipe(Cafe.java:93)
	at uk.ac.sheffield.com1003.cafe.Cafe.removeRecipe(Cafe.java:93)
	at uk.ac.sheffield.com1003.cafe.Cafe.removeRecipe(Cafe.java:93)
	at uk.ac.sheffield.com1003.cafe.Cafe.removeRecipe(Cafe.java:93)
	at uk.ac.sheffield.com1003.cafe.Cafe.removeRecipe(Cafe.java:93)
	at uk.ac.sheffield.com1003.cafe.Cafe.removeRecipe(Cafe.java:93)
	at uk.ac.sheffield.com1003.cafe.Cafe.removeRecipe(Cafe.java:93)
	at uk.ac.sheffield.com1003.cafe.Cafe.removeRecipe(Cafe.java:93)
	at uk.ac.sheffield.com1003.cafe.Cafe.removeRecipe(Cafe.java:93)
	at uk.ac.sheffield.com1003.cafe.Cafe.removeRecipe(Cafe.java:93)
	at uk.ac.sheffield.com1003.cafe.Cafe.removeRecipe(Cafe.java:93)
	at uk.ac.sheffield.com1003.cafe.Cafe.removeRecipe(Cafe.java:93)
	at uk.ac.sheffield.com1003.cafe.Cafe.removeRecipe(Cafe.java:93)
	at uk.ac.sheffield.com1003.cafe.Cafe.removeRecipe(Cafe.java:93)
	at uk.ac.sheffield.com1003.cafe.Cafe.removeRecipe(Cafe.java:93)
	at uk.ac.sheffield.com1003.cafe.Cafe.removeRecipe(Cafe.java:93)
	at uk.ac.sheffield.com1003.cafe.Cafe.removeRecipe(Cafe.java:93)
	at uk.ac.sheffield.com1003.cafe.Cafe.removeRecipe(Cafe.java:93)
	at uk.ac.sheffield.com1003.cafe.Cafe.removeRecipe(Cafe.java:93)
	at uk.ac.sheffield.com1003.cafe.Cafe.removeRecipe(Cafe.java:93)
	at uk.ac.sheffield.com1003.cafe.Cafe.removeRecipe(Cafe.java:93)
	at uk.ac.sheffield.com1003.cafe.Cafe.removeRecipe(Cafe.java:93)
	at uk.ac.sheffield.com1003.cafe.Cafe.removeRecipe(Cafe.java:93)
	at uk.ac.sheffield.com1003.cafe.Cafe.removeRecipe(Cafe.java:93)
	at uk.ac.sheffield.com1003.cafe.Cafe.removeRecipe(Cafe.java:93)
	at uk.ac.sheffield.com1003.cafe.Cafe.removeRecipe(Cafe.java:93)
	at uk.ac.sheffield.com1003.cafe.Cafe.removeRecipe(Cafe.java:93)
	at uk.ac.sheffield.com1003.cafe.Cafe.removeRecipe(Cafe.java:93)
	at uk.ac.sheffield.com1003.cafe.Cafe.removeRecipe(Cafe.java:93)
	at uk.ac.sheffield.com1003.cafe.Cafe.removeRecipe(Cafe.java:93)
	at uk.ac.sheffield.com1003.cafe.Cafe.removeRecipe(Cafe.java:93)
	at uk.ac.sheffield.com1003.cafe.Cafe.removeRecipe(Cafe.java:93)
	at uk.ac.sheffield.com1003.cafe.Cafe.removeRecipe(Cafe.java:93)
	at uk.ac.sheffield.com1003.cafe.Cafe.removeRecipe(Cafe.java:93)
	at uk.ac.sheffield.com1003.cafe.Cafe.removeRecipe(Cafe.java:93)
	at uk.ac.sheffield.com1003.cafe.Cafe.removeRecipe(Cafe.java:93)
	at uk.ac.sheffield.com1003.cafe.Cafe.removeRecipe(Cafe.java:93)
	at uk.ac.sheffield.com1003.cafe.Cafe.removeRecipe(Cafe.java:93)
	at uk.ac.sheffield.com1003.cafe.Cafe.removeRecipe(Cafe.java:93)
</failure>
  </testcase>
  <system-out><![CDATA[]]></system-out>
  <system-err><![CDATA[]]></system-err>
</testsuite>
