<?xml version="1.0" encoding="UTF-8"?>
<testsuite name="uk.ac.sheffield.com1003.cafe.TestCafeTask2" tests="4" skipped="0" failures="0" errors="0" timestamp="2024-03-18T22:46:17" hostname="Ruizhens-MacBook-Pro.local" time="0.002">
  <properties/>
  <testcase name="testPrintMenuExactFormat" classname="uk.ac.sheffield.com1003.cafe.TestCafeTask2" time="0.001"/>
  <testcase name="testGreetingPartial" classname="uk.ac.sheffield.com1003.cafe.TestCafeTask2" time="0.0"/>
  <testcase name="testGreeting" classname="uk.ac.sheffield.com1003.cafe.TestCafeTask2" time="0.0"/>
  <testcase name="testPrintMenuIncorrectFormat" classname="uk.ac.sheffield.com1003.cafe.TestCafeTask2" time="0.001"/>
  <system-out><![CDATA[]]></system-out>
  <system-err><![CDATA[]]></system-err>
</testsuite>
