<?xml version="1.0" encoding="UTF-8"?>
<testsuite name="uk.ac.sheffield.com1003.cafe.TestRecipeEqualsItself" tests="1" skipped="0" failures="0" errors="0" timestamp="2024-03-18T22:12:44" hostname="Ruizhens-MacBook-Pro.local" time="0.003">
  <properties/>
  <testcase name="testRecipeEqualsItself" classname="uk.ac.sheffield.com1003.cafe.TestRecipeEqualsItself" time="0.003"/>
  <system-out><![CDATA[]]></system-out>
  <system-err><![CDATA[]]></system-err>
</testsuite>
