<?xml version="1.0" encoding="UTF-8"?>
<testsuite name="uk.ac.sheffield.com1003.cafe.TestPlaceOrderForNonexistentRecipeThrowsCorrectException" tests="1" skipped="0" failures="0" errors="0" timestamp="2024-03-18T23:11:29" hostname="Ruizhens-MacBook-Pro.local" time="0.0">
  <properties/>
  <testcase name="placeOrderForNonexistentRecipeThrowsCorrectException" classname="uk.ac.sheffield.com1003.cafe.TestPlaceOrderForNonexistentRecipeThrowsCorrectException" time="0.0"/>
  <system-out><![CDATA[]]></system-out>
  <system-err><![CDATA[]]></system-err>
</testsuite>
